JobId=8670205 JobName=boosting.sbatch
   UserId=koner(565562) GroupId=domain users(100513) MCS_label=N/A
   Priority=24212523 Nice=0 Account=ewi-insy-ii-influence QOS=short
   JobState=RUNNING Reason=None Dependency=(null)
   Requeue=0 Restarts=0 BatchFlag=1 Reboot=0 ExitCode=0:0
   DerivedExitCode=0:0
   RunTime=00:00:07 TimeLimit=00:10:00 TimeMin=N/A
   SubmitTime=2023-09-11T17:30:39 EligibleTime=2023-09-11T17:30:39
   AccrueTime=2023-09-11T17:30:39
   StartTime=2023-09-11T17:30:43 EndTime=2023-09-11T17:40:43 Deadline=N/A
   SuspendTime=None SecsPreSuspend=0 LastSchedEval=2023-09-11T17:30:43 Scheduler=Backfill
   Partition=general AllocNode:Sid=login1:18562
   ReqNodeList=(null) ExcNodeList=(null)
   NodeList=grs[3-4]
   BatchHost=grs3
   NumNodes=2 NumCPUs=20 NumTasks=10 CPUs/Task=2 ReqB:S:C:T=0:0:*:*
   TRES=cpu=20,mem=5G,node=2,billing=10
   Socks/Node=* NtasksPerN:B:S:C=0:0:*:* CoreSpec=*
   JOB_GRES=(null)
     Nodes=grs3 CPU_IDs=16-31 Mem=4096 GRES=
     Nodes=grs4 CPU_IDs=6-9 Mem=1024 GRES=
   MinCPUsNode=2 MinMemoryCPU=256M MinTmpDiskNode=0
   Features=(null) DelayBoot=00:00:00
   OverSubscribe=OK Contiguous=0 Licenses=(null) Network=(null)
   Command=/winhome/koner/Desktop/MCTS-Time-Management/jobscripts/boosting.sbatch
   WorkDir=/winhome/koner/Desktop/MCTS-Time-Management/jobscripts
   StdErr=/winhome/koner/Desktop/MCTS-Time-Management/jobscripts/slurm-8670205.out
   StdIn=/dev/null
   StdOut=/winhome/koner/Desktop/MCTS-Time-Management/jobscripts/slurm-8670205.out
   Power=
   MailUser=koner MailType=END
   

srun: Warning: can't run 1 processes on 2 nodes, setting nnodes to 1
srun: Warning: can't run 1 processes on 2 nodes, setting nnodes to 1
srun: Warning: can't run 1 processes on 2 nodes, setting nnodes to 1
srun: Warning: can't run 1 processes on 2 nodes, setting nnodes to 1
srun: Warning: can't run 1 processes on 2 nodes, setting nnodes to 1
srun: Warning: can't run 1 processes on 2 nodes, setting nnodes to 1
srun: Warning: can't run 1 processes on 2 nodes, setting nnodes to 1
srun: Warning: can't run 1 processes on 2 nodes, setting nnodes to 1
srun: Warning: can't run 1 processes on 2 nodes, setting nnodes to 1
srun: Warning: can't run 1 processes on 2 nodes, setting nnodes to 1
started
current map:  ['SFFF', 'FFFH', 'HFFF', 'FFHG']
current map:  ['SFFH', 'FFFF', 'HFHF', 'FHFG']
current map:  ['SFHF', 'FFFF', 'HFHF', 'HFFG']
current map:  ['SFFF', 'HFHF', 'FHFF', 'HFHG']
current map:  ['SFHH', 'FFFH', 'HFFF', 'HFHG']
current map:  ['SFFF', 'HFFF', 'HHFF', 'FHHG']
current map:  ['SFFH', 'HFFF', 'FHHF', 'FHFG']
current map:  ['SFFF', 'FHHF', 'FFHF', 'FFFG']
current map:  ['SHHF', 'FFHH', 'HFFF', 'HFFG']
current map:  ['SFFF', 'FFFH', 'HHFF', 'HFHG']
current map:  ['SFFF', 'FHHF', 'HFHF', 'FFHG']
current map:  ['SHHH', 'FFFH', 'HHFF', 'HFHG']
current map:  ['SHFF', 'FFFF', 'HFFF', 'FFFG']
current map:  ['SFFF', 'HFFH', 'FHFF', 'HFHG']
current map:  ['SHFH', 'FFFF', 'HFFF', 'FHHG']
current map:  ['SFFF', 'HFFF', 'HFHF', 'HHFG']
current map:  ['SFFF', 'FHFF', 'FFFF', 'FFHG']
current map:  ['SFFF', 'FFFF', 'HHFF', 'FFFG']
current map:  ['SFFH', 'HHFF', 'FFHF', 'HHHG']
current map:  ['SFFH', 'FHFH', 'HFFH', 'HFFG']
current map:  ['SFFF', 'FFFF', 'FHFH', 'HFFG']
current map:  ['SFFF', 'FFFF', 'HFHF', 'HHFG']
current map:  ['SHFF', 'FFFH', 'HHFF', 'HHFG']
current map:  ['SFFH', 'HFFF', 'FFFH', 'HHFG']
current map:  ['SFHF', 'FFFF', 'FHFH', 'FHFG']
current map:  ['SHFF', 'FFFF', 'FFFF', 'HHHG']
current map:  ['SHHH', 'FHHH', 'FFFF', 'HHHG']
current map:  ['SFHH', 'HFFF', 'FFFF', 'HFFG']
current map:  ['SHHH', 'FFHH', 'FFFF', 'FFFG']
current map:  ['SFFH', 'HFFF', 'HFFF', 'FFHG']
current map:  ['SFFF', 'HHHF', 'FFFF', 'HHHG']
current map:  ['SFFH', 'HHFF', 'HHFF', 'HFFG']
current map:  ['SFFH', 'HHFF', 'HHFH', 'HFFG']
current map:  ['SFHH', 'HFHH', 'HFHH', 'HFFG']
current map:  ['SFFF', 'FFHF', 'FHFF', 'HFFG']
current map:  ['SFFF', 'FFHH', 'HFFF', 'HFHG']
current map:  ['SFFH', 'HHFH', 'HFFH', 'FFFG']
current map:  ['SFFF', 'FFFF', 'HFHF', 'FHFG']
current map:  ['SHHF', 'FHFH', 'FFFF', 'HFFG']
current map:  ['SFFH', 'FFHF', 'HFFF', 'HHHG']
current map:  ['SHFF', 'FFHF', 'FFFH', 'FHFG']
current map:  ['SFFF', 'FFFH', 'HFFF', 'FFFG']
current map:  ['SFFF', 'FHFF', 'HHFF', 'FHHG']
current map:  ['SFFF', 'HFFF', 'HFHF', 'HHFG']
current map:  ['SHHF', 'FFFF', 'FFFH', 'FFFG']
current map:  ['SHHH', 'FHFF', 'FFFF', 'HHHG']
current map:  ['SFFF', 'HHHF', 'FHFF', 'HFHG']
current map:  ['SFHH', 'FFFF', 'HFFH', 'HFFG']
current map:  ['SFFH', 'HHFF', 'FFHF', 'HFFG']
current map:  ['SFFF', 'FFFF', 'FHFF', 'FFHG']
current map:  ['SFHH', 'HFFH', 'HFHH', 'FFFG']
current map:  ['SFHF', 'FFFF', 'HFFF', 'HHHG']
current map:  ['SFFH', 'FFFH', 'HFFF', 'HFHG']
current map:  ['SFFF', 'HFFH', 'HHFF', 'HFFG']
current map:  ['SFFF', 'FHFF', 'FFFF', 'HHHG']
current map:  ['SFHH', 'HFHF', 'HFFH', 'FHFG']
current map:  ['SFHF', 'FFFF', 'FFFF', 'HHFG']
current map:  ['SFFF', 'HHHF', 'HHHF', 'FFHG']
current map:  ['SHFF', 'FFFH', 'FFFF', 'HFHG']
current map:  ['SHFF', 'FHHH', 'FFFH', 'HHFG']
current map:  ['SFHH', 'HFFF', 'HHFH', 'FHFG']
current map:  ['SFFF', 'FHHF', 'HFFF', 'HFFG']
current map:  ['SFFF', 'HFFF', 'HFFF', 'FHHG']
current map:  ['SHFF', 'FFFH', 'FHFH', 'HHFG']
current map:  ['SFFF', 'HFFF', 'HHHF', 'FFHG']
current map:  ['SFFH', 'HFFH', 'FHFH', 'FHFG']
current map:  ['SFFH', 'FFFF', 'FHFF', 'FHHG']
current map:  ['SHFF', 'FFHH', 'FHHF', 'FFFG']
current map:  ['SHFH', 'FFFH', 'HFFH', 'FFFG']
current map:  ['SFHF', 'HFFF', 'HHFF', 'FFFG']
current map:  ['SFFH', 'FFFF', 'HHFF', 'FFFG']
current map:  ['SFHH', 'HFHF', 'HFFF', 'FHFG']
current map:  ['SFFH', 'HFFH', 'HHFH', 'HHFG']
current map:  ['SFFH', 'HFFF', 'FFHF', 'HHFG']
current map:  ['SFFH', 'FFFF', 'FHFF', 'FFHG']
current map:  ['SHHF', 'FHHH', 'FFFF', 'FFFG']
current map:  ['SFHH', 'FFHH', 'HFHF', 'FFFG']
current map:  ['SHFH', 'FFFH', 'HHFH', 'FHFG']
current map:  ['SHFH', 'FFHH', 'FFFH', 'HHFG']
current map:  ['SFFF', 'FHHF', 'FHHF', 'FHFG']
current map:  ['SHFF', 'FFFF', 'HFFF', 'FFHG']
current map:  ['SFHF', 'HFFH', 'HHFH', 'HHFG']
current map:  ['SFFF', 'FHFF', 'HFHF', 'HFFG']
current map:  ['SHFF', 'FFHF', 'FFFH', 'HFFG']
current map:  ['SFFF', 'HHFF', 'HHHF', 'HHHG']
current map:  ['SHHH', 'FFHH', 'HFFF', 'FHHG']
current map:  ['SFFF', 'HFFH', 'HFFF', 'HFFG']
current map:  ['SFFH', 'FFHH', 'FFFH', 'FHFG']
current map:  ['SHHF', 'FFFF', 'FHHF', 'FFFG']
current map:  ['SFHF', 'FFFF', 'FFHF', 'FFFG']
current map:  ['SFFF', 'HHFH', 'FHFF', 'FHHG']
current map:  ['SFFF', 'FFFF', 'FHHF', 'HFFG']
current map:  ['SHHF', 'FHFF', 'FHFH', 'FFFG']
current map:  ['SFFF', 'FFFF', 'HHFF', 'FHHG']
current map:  ['SFHF', 'HFFH', 'HFFH', 'FFFG']
current map:  ['SFHF', 'HFFF', 'FFFF', 'FFFG']
current map:  ['SFFF', 'HHHF', 'HFHF', 'HHFG']
current map:  ['SFFF', 'FFHF', 'HFFH', 'HFFG']
current map:  ['SHHH', 'FFFF', 'FFHF', 'FHHG']
current map:  ['SFFF', 'FFFH', 'HHFH', 'FHFG']
started
current map:  ['SFHH', 'FFFF', 'HFFF', 'FHFG']
current map:  ['SFFF', 'FHHH', 'FFFF', 'FHHG']
current map:  ['SFFF', 'FHHF', 'FHFF', 'HHFG']
current map:  ['SFHF', 'FFFH', 'FFFF', 'HFFG']
current map:  ['SFFH', 'FFFH', 'HHFF', 'FFHG']
current map:  ['SHHH', 'FFHF', 'FFFF', 'HFHG']
current map:  ['SFFF', 'FFFF', 'FFHF', 'FHFG']
current map:  ['SFFF', 'HFHF', 'HFHF', 'HFHG']
current map:  ['SHHH', 'FFHH', 'HFFF', 'FHFG']
current map:  ['SFFH', 'FFFH', 'HHFH', 'FHFG']
current map:  ['SFFH', 'FHFF', 'FHHF', 'HFHG']
current map:  ['SHHH', 'FFHF', 'HFFF', 'FHFG']
current map:  ['SFFF', 'FFHH', 'FFHF', 'FFFG']
current map:  ['SFHH', 'FFFF', 'FFFH', 'FHFG']
current map:  ['SFFF', 'FFFH', 'HFFF', 'FFHG']
current map:  ['SHHH', 'FFFF', 'FFFF', 'HHFG']
current map:  ['SFFH', 'FHFF', 'FHHF', 'HFHG']
current map:  ['SFFF', 'HFFH', 'FFFH', 'FFFG']
current map:  ['SHHF', 'FHHH', 'FFFF', 'HHHG']
current map:  ['SFFF', 'HFHF', 'HHFF', 'FFHG']
current map:  ['SFFF', 'HHHF', 'HHHF', 'HFHG']
current map:  ['SFHF', 'HFFH', 'FHFH', 'HHFG']
current map:  ['SFFH', 'FHFH', 'FFFF', 'HHHG']
current map:  ['SFFH', 'FFFF', 'HFFF', 'HFHG']
current map:  ['SHHH', 'FHHH', 'FHHH', 'FFFG']
current map:  ['SFFF', 'FHHF', 'FFFF', 'HHFG']
current map:  ['SHFH', 'FFHH', 'FHFF', 'FFFG']
current map:  ['SFFF', 'FFFH', 'HHFF', 'FHFG']
current map:  ['SFFH', 'FHFH', 'HFFH', 'HFFG']
current map:  ['SFFF', 'HFHF', 'HFFH', 'FHFG']
current map:  ['SHFH', 'FHHF', 'FFFH', 'FFFG']
current map:  ['SFHH', 'HFFF', 'FFHF', 'FHHG']
current map:  ['SHHH', 'FFHH', 'HFHH', 'HFFG']
current map:  ['SFHF', 'HFHH', 'HFFH', 'HHFG']
current map:  ['SHFH', 'FFHF', 'FFFF', 'FHFG']
current map:  ['SFFF', 'HHFF', 'HFFF', 'HFFG']
current map:  ['SHFF', 'FHFF', 'FHFH', 'FFFG']
current map:  ['SFFH', 'HFFF', 'HHHF', 'HFFG']
current map:  ['SFFH', 'HFHH', 'FFFF', 'FFFG']
current map:  ['SFHH', 'HFFH', 'FHFH', 'FHFG']
current map:  ['SHHF', 'FHHH', 'FHFH', 'FFFG']
current map:  ['SHHH', 'FFFF', 'HHHF', 'HFFG']
current map:  ['SFFH', 'HFFF', 'FHHF', 'HHFG']
current map:  ['SFFF', 'FHHF', 'HFFF', 'FFHG']
current map:  ['SFHF', 'FFFF', 'HFFH', 'FFFG']
current map:  ['SHHF', 'FHFF', 'FHFF', 'FFFG']
current map:  ['SFFH', 'FHHF', 'FHFF', 'FFFG']
current map:  ['SFFF', 'FFHF', 'FHHF', 'FFFG']
current map:  ['SFFH', 'FFFH', 'FHFH', 'HFFG']
current map:  ['SHHH', 'FHHH', 'FFFF', 'FFFG']
current map:  ['SFHF', 'HFHH', 'FFFF', 'HFFG']
current map:  ['SHHH', 'FHHH', 'FFFF', 'HFHG']
current map:  ['SHFF', 'FFFF', 'HHFF', 'FFFG']
current map:  ['SFFH', 'HFFF', 'HHFF', 'HHFG']
current map:  ['SFFH', 'FFFH', 'FFFH', 'FFFG']
current map:  ['SFHH', 'FFHF', 'HFHF', 'FFFG']
current map:  ['SHHF', 'FFFF', 'HHHF', 'HHHG']
current map:  ['SHFF', 'FFFF', 'HFHH', 'FFFG']
current map:  ['SFFF', 'HHFF', 'FHFF', 'HHFG']
current map:  ['SFFF', 'FHFF', 'HHFH', 'HFFG']
current map:  ['SFFH', 'HFFF', 'HFFF', 'FHFG']
current map:  ['SFFF', 'HHHF', 'HFFF', 'FHFG']
current map:  ['SFFF', 'HFFH', 'FFFH', 'HHFG']
current map:  ['SFFF', 'FFFH', 'FHFF', 'HHHG']
current map:  ['SFHH', 'HFFH', 'FFFH', 'FHFG']
current map:  ['SFHH', 'HFFF', 'FHHF', 'HFFG']
current map:  ['SFFF', 'HFFF', 'HFFF', 'HFHG']
current map:  ['SHFF', 'FFFF', 'HFFH', 'HFFG']
current map:  ['SFFH', 'FFFF', 'FFFH', 'HHFG']
current map:  ['SHFH', 'FFHH', 'HFHF', 'HFFG']
current map:  ['SHHF', 'FFHF', 'FFFF', 'HFFG']
current map:  ['SFFF', 'HFFH', 'FFFF', 'HFFG']
current map:  ['SFFH', 'FFFH', 'HHFF', 'FFFG']
current map:  ['SHHF', 'FHFF', 'FHHH', 'FFFG']
current map:  ['SFFF', 'FHFF', 'HFHF', 'FFHG']
current map:  ['SFFH', 'HFHF', 'HFFF', 'HHFG']
current map:  ['SFFH', 'HHFF', 'HHHF', 'FFFG']
current map:  ['SHHH', 'FFFH', 'FFFH', 'HFFG']
current map:  ['SFFH', 'FHFF', 'HHFF', 'HHFG']
current map:  ['SFHH', 'FFHF', 'HFFF', 'FHFG']
current map:  ['SFHF', 'FFFF', 'HHHF', 'FHFG']
current map:  ['SHFH', 'FFFF', 'HHFH', 'FHFG']
current map:  ['SFFH', 'HFFF', 'FHHF', 'FHHG']
current map:  ['SFHH', 'FFHH', 'HFFH', 'HHFG']
current map:  ['SFFH', 'HFHF', 'HFHF', 'FFFG']
current map:  ['SFHF', 'FFFH', 'HHFF', 'HFFG']
current map:  ['SFHF', 'FFFH', 'HHFH', 'HHFG']
current map:  ['SFFF', 'FFHF', 'HFFF', 'FFFG']
current map:  ['SFHH', 'FHFF', 'FFHF', 'HFFG']
current map:  ['SFHH', 'HFFF', 'HFHF', 'HFFG']
current map:  ['SFFF', 'HHFF', 'FFFF', 'HHHG']
current map:  ['SFHF', 'FFFF', 'FHHF', 'HFFG']
current map:  ['SHHH', 'FHFH', 'FFFF', 'HHFG']
current map:  ['SFHH', 'FFFH', 'HFFF', 'HFFG']
current map:  ['SHFF', 'FFFF', 'FFHF', 'FHHG']
current map:  ['SHFH', 'FHFF', 'FFFF', 'HFHG']
current map:  ['SFHH', 'FHFH', 'FHHH', 'FFFG']
current map:  ['SFFF', 'FHFH', 'HFFF', 'HHHG']
current map:  ['SHHH', 'FFFF', 'FFFH', 'HHFG']
current map:  ['SHHF', 'FHFH', 'FFFF', 'HHFG']
started
current map:  ['SFFF', 'HFFH', 'FHFF', 'FFFG']
current map:  ['SFFH', 'FFHF', 'FFFF', 'HFFG']
current map:  ['SFFH', 'FHFF', 'FFFF', 'FFHG']
current map:  ['SHFF', 'FFFF', 'HHFF', 'HFFG']
current map:  ['SHFF', 'FFFF', 'FFFF', 'HFFG']
current map:  ['SFHH', 'HFFF', 'FFFF', 'HFHG']
current map:  ['SFFH', 'HFFF', 'FHFF', 'HFFG']
current map:  ['SFFF', 'HHFF', 'FHFF', 'FHHG']
current map:  ['SFFH', 'HFFH', 'FHFF', 'HHFG']
current map:  ['SHFF', 'FFHH', 'HFHH', 'HFFG']
current map:  ['SFFF', 'FHFH', 'HHFF', 'FFHG']
current map:  ['SFHF', 'HFHH', 'HFHH', 'HFFG']
current map:  ['SFFF', 'HHFF', 'HFFF', 'FHFG']
current map:  ['SFFF', 'HFHH', 'HFFH', 'FHFG']
current map:  ['SFFF', 'HFHF', 'HHFF', 'FFFG']
current map:  ['SFFF', 'FHFF', 'FFHF', 'HHHG']
current map:  ['SHHH', 'FFHH', 'FFFF', 'FHFG']
current map:  ['SHFH', 'FFHH', 'FFHF', 'FFFG']
current map:  ['SFHF', 'HFFH', 'FFHH', 'HFFG']
current map:  ['SFHH', 'HFHH', 'FFFH', 'FFFG']
current map:  ['SFFH', 'FHFF', 'HFHF', 'FHFG']
current map:  ['SHHH', 'FFHF', 'FFFH', 'FFFG']
current map:  ['SFFF', 'HFFF', 'HFFF', 'HHFG']
current map:  ['SFFF', 'FHFF', 'HHFF', 'FFFG']
current map:  ['SFFF', 'HHFH', 'FFFF', 'HHFG']
current map:  ['SFHH', 'HFFH', 'HFFH', 'FFFG']
current map:  ['SFHF', 'HFHF', 'HFFF', 'FHFG']
current map:  ['SFFF', 'HFHF', 'HFHF', 'FFHG']
current map:  ['SHFH', 'FFFF', 'FFFF', 'HHHG']
current map:  ['SFHF', 'FFFH', 'FFFH', 'HFFG']
current map:  ['SFHH', 'HFFF', 'HFHF', 'FHFG']
current map:  ['SHHF', 'FFFF', 'FFFF', 'HFHG']
current map:  ['SHHH', 'FFFF', 'HHFF', 'FFHG']
current map:  ['SHHF', 'FFFH', 'HFFF', 'HHHG']
current map:  ['SHHF', 'FFHF', 'HFFF', 'FHFG']
current map:  ['SFFF', 'HFHF', 'FFHF', 'HHFG']
current map:  ['SFFF', 'FFHF', 'FHFF', 'HFHG']
current map:  ['SHFF', 'FFFF', 'FFHF', 'FHHG']
current map:  ['SHFH', 'FHFH', 'FFFH', 'HFFG']
current map:  ['SFFH', 'FFFF', 'FHHF', 'FHHG']
current map:  ['SHHH', 'FFHH', 'FFFH', 'HFFG']
current map:  ['SHFH', 'FFHH', 'HFFF', 'FHHG']
current map:  ['SFFF', 'FFFH', 'FFFF', 'FHFG']
current map:  ['SFFH', 'FHFH', 'HFFH', 'HHFG']
current map:  ['SFHF', 'FFHF', 'FFFF', 'FHHG']
current map:  ['SFFF', 'FHFF', 'HFHF', 'HFFG']
current map:  ['SHHH', 'FFHH', 'FHHF', 'FFFG']
current map:  ['SFFH', 'FFFH', 'HFHH', 'FFFG']
current map:  ['SFFH', 'FHFF', 'FHHF', 'FFHG']
current map:  ['SFFH', 'HFFF', 'FHFF', 'HFFG']
current map:  ['SFHF', 'HFFF', 'HHFF', 'HFHG']
current map:  ['SHHH', 'FFFF', 'FHFH', 'HFFG']
current map:  ['SFHF', 'FHFF', 'FHFF', 'FFFG']
current map:  ['SHFF', 'FHFH', 'FFFF', 'FHFG']
current map:  ['SHFH', 'FHHH', 'FFFF', 'FFFG']
current map:  ['SFHH', 'FFHF', 'HFFF', 'HFHG']
current map:  ['SFFF', 'FFFF', 'HHHF', 'FFFG']
current map:  ['SFHF', 'HFFH', 'HHFH', 'FFFG']
current map:  ['SFFF', 'FFFH', 'FFHF', 'FFFG']
current map:  ['SFFF', 'FFFF', 'HHFH', 'FFFG']
current map:  ['SHHH', 'FHFF', 'FFFF', 'FHHG']
current map:  ['SFFF', 'FHHH', 'FFHF', 'FFFG']
current map:  ['SHHF', 'FFHH', 'HFHH', 'HFFG']
current map:  ['SFHF', 'HFFF', 'FHFF', 'HFHG']
current map:  ['SFHH', 'FFHH', 'FFFF', 'HFHG']
current map:  ['SFFH', 'HHFF', 'HFFH', 'FHFG']
current map:  ['SHHF', 'FFFF', 'FHHF', 'HHHG']
current map:  ['SFFH', 'FHHH', 'FFHF', 'FFFG']
current map:  ['SFFF', 'HFFF', 'FHFF', 'HHFG']
current map:  ['SFFF', 'HFHF', 'HHHF', 'FFHG']
current map:  ['SFHF', 'FFHH', 'HFHH', 'FFFG']
current map:  ['SFFF', 'HFFH', 'HHFF', 'HFFG']
current map:  ['SHHF', 'FFFH', 'HFFF', 'FHHG']
current map:  ['SFHF', 'HFFH', 'FFFH', 'HFFG']
current map:  ['SFHF', 'HFFF', 'FHFF', 'HHHG']
current map:  ['SHFF', 'FFFF', 'FFHF', 'HFHG']
current map:  ['SFFH', 'FHFH', 'FHFF', 'HFFG']
current map:  ['SFHF', 'FHFF', 'FHHH', 'FFFG']
current map:  ['SFFF', 'FFFF', 'FFHH', 'HFFG']
current map:  ['SFFF', 'FFFF', 'HFFF', 'FHFG']
current map:  ['SHHF', 'FFFH', 'FHFF', 'HFHG']
current map:  ['SFFF', 'HHFF', 'FHFF', 'FFHG']
current map:  ['SFFH', 'HFFH', 'HFFH', 'FHFG']
current map:  ['SHHF', 'FFFH', 'FFFF', 'FFHG']
current map:  ['SFHF', 'FFFH', 'FFFF', 'HHHG']
current map:  ['SFHF', 'FHFF', 'FHFF', 'FFFG']
current map:  ['SFFF', 'HHHF', 'HHHF', 'FHFG']
current map:  ['SFHH', 'HFHH', 'HFHH', 'HFFG']
current map:  ['SFFF', 'HFFF', 'HFHF', 'HHHG']
current map:  ['SFHF', 'HFFH', 'HHFH', 'FFFG']
current map:  ['SFFH', 'HHFH', 'FFFH', 'FHFG']
current map:  ['SFHH', 'FFHF', 'FFFF', 'FFFG']
current map:  ['SFFH', 'FHFF', 'HHFF', 'FHFG']
current map:  ['SFFF', 'HHFF', 'HFFF', 'FHHG']
current map:  ['SHFF', 'FFHH', 'HFFH', 'FHFG']
current map:  ['SHFF', 'FHHF', 'FFFF', 'HFHG']
current map:  ['SHHF', 'FHFF', 'FFFF', 'FFFG']
current map:  ['SFFH', 'FFFF', 'FHHF', 'FFFG']
current map:  ['SHHF', 'FFHF', 'HFHH', 'FFFG']
current map:  ['SFFF', 'HFHF', 'HFHF', 'HFHG']
started
current map:  ['SFFH', 'FFFF', 'HFFF', 'FFHG']
current map:  ['SFFH', 'FFHH', 'HFFF', 'HHFG']
current map:  ['SFFH', 'FHFH', 'HFFF', 'HFHG']
current map:  ['SFHF', 'HFHF', 'HFFF', 'FHFG']
current map:  ['SFFF', 'FHHF', 'FHHF', 'HHFG']
current map:  ['SFHH', 'FFFH', 'HHFF', 'FHFG']
current map:  ['SFFF', 'HHFH', 'FHFF', 'HHFG']
current map:  ['SFHH', 'FHFF', 'FHFF', 'FFFG']
current map:  ['SHHF', 'FFHF', 'FHHH', 'FFFG']
current map:  ['SFHF', 'HFFF', 'HHHF', 'HHHG']
current map:  ['SHFH', 'FFFH', 'FFFF', 'FFHG']
current map:  ['SFHH', 'HFFF', 'FHFF', 'FFFG']
current map:  ['SFFF', 'FHFF', 'HFFF', 'FFHG']
current map:  ['SFFH', 'HFFH', 'HFFH', 'HFFG']
current map:  ['SFFF', 'HFHH', 'FFHF', 'HFFG']
current map:  ['SFHF', 'FFHH', 'FFFF', 'FFFG']
current map:  ['SFHF', 'FFFF', 'FFHF', 'FFHG']
current map:  ['SFFH', 'FFFF', 'FHHF', 'FFFG']
current map:  ['SHFF', 'FFFH', 'FHFF', 'HHFG']
current map:  ['SHFF', 'FFHH', 'FFHF', 'FFFG']
current map:  ['SFHF', 'FFFF', 'FFHF', 'FFFG']
current map:  ['SHFH', 'FFFF', 'HHHF', 'HFFG']
current map:  ['SFHF', 'FFFH', 'HFFH', 'FFFG']
current map:  ['SFFH', 'FHFF', 'HFFF', 'HFHG']
current map:  ['SFFF', 'FHFH', 'FFHF', 'FFFG']
current map:  ['SFHF', 'FFFF', 'HFFF', 'HHFG']
current map:  ['SFFF', 'HHFF', 'FFFF', 'HFHG']
current map:  ['SFHF', 'HFFH', 'FFFH', 'HHFG']
current map:  ['SHFF', 'FFFF', 'HHHF', 'FHHG']
current map:  ['SHHH', 'FFHH', 'HFHF', 'FFFG']
current map:  ['SFHF', 'HFFF', 'FHFF', 'FFHG']
current map:  ['SHHF', 'FHHF', 'FFFF', 'FFHG']
current map:  ['SFFF', 'HFFH', 'HHFF', 'FFFG']
current map:  ['SHHH', 'FHFF', 'FFFH', 'FFFG']
current map:  ['SFFH', 'FFFH', 'HHFF', 'HFFG']
current map:  ['SFFH', 'HFHF', 'FFFF', 'FHHG']
current map:  ['SFHF', 'HFFH', 'FFHH', 'HFFG']
current map:  ['SHHF', 'FFHH', 'FFHH', 'FFFG']
current map:  ['SFHF', 'FHHF', 'FFFH', 'FFFG']
current map:  ['SFFF', 'HHFH', 'HHFH', 'HHFG']
current map:  ['SHHH', 'FFHF', 'HFFF', 'FHFG']
current map:  ['SFFH', 'HHFF', 'HFFH', 'HFFG']
current map:  ['SHHF', 'FHFH', 'FFFF', 'HFHG']
current map:  ['SFFF', 'HHFH', 'HHFF', 'FHHG']
current map:  ['SHHF', 'FFFH', 'HHFF', 'HFFG']
current map:  ['SHFH', 'FHFH', 'FHHF', 'FFFG']
current map:  ['SFHF', 'FHHF', 'FFFF', 'FFHG']
current map:  ['SHHF', 'FFHH', 'FFHH', 'HFFG']
current map:  ['SHHF', 'FFFH', 'FFFF', 'HHHG']
current map:  ['SHHH', 'FFFF', 'HFFF', 'FFHG']
current map:  ['SFFH', 'HFFH', 'FHFH', 'HHFG']
current map:  ['SFFF', 'FFFF', 'HHHF', 'FHHG']
current map:  ['SFFF', 'FFFF', 'HFFF', 'HFHG']
current map:  ['SFFH', 'HHFF', 'HHHF', 'HFFG']
current map:  ['SHFF', 'FFFF', 'FFHF', 'HHHG']
current map:  ['SFFF', 'FHHF', 'FFFF', 'FFHG']
current map:  ['SFHH', 'FFFF', 'HHHF', 'HFHG']
current map:  ['SFHH', 'HFFH', 'FHFH', 'HHFG']
current map:  ['SFFF', 'FFFF', 'HFFF', 'FFHG']
current map:  ['SFHH', 'HFHH', 'FFFF', 'HHHG']
current map:  ['SFFH', 'HHFF', 'FHHF', 'FFHG']
current map:  ['SFHH', 'HFFF', 'FHFF', 'HHHG']
current map:  ['SHFF', 'FHHF', 'FFFF', 'FHHG']
current map:  ['SFFF', 'FHHH', 'FFFF', 'HHHG']
current map:  ['SFFH', 'FFHF', 'HFHF', 'FFFG']
current map:  ['SHHF', 'FHFH', 'FFHF', 'FFFG']
current map:  ['SFFF', 'FHFF', 'FHFF', 'HHHG']
current map:  ['SFFH', 'HFFH', 'FFFH', 'FHFG']
current map:  ['SHFF', 'FFFF', 'FHHF', 'HFFG']
current map:  ['SFFF', 'HHHF', 'FFHF', 'HHFG']
current map:  ['SFHH', 'HFHH', 'FFFF', 'FHFG']
current map:  ['SFFF', 'HFHF', 'HFFF', 'HHHG']
current map:  ['SFHF', 'FFHF', 'HFFF', 'FFHG']
current map:  ['SFHF', 'HFFH', 'HFFF', 'HFHG']
current map:  ['SHHF', 'FHHH', 'FFFH', 'FFFG']
current map:  ['SHFF', 'FFFH', 'FHFF', 'FFFG']
current map:  ['SHHF', 'FFFH', 'HFFF', 'FFFG']
current map:  ['SFHH', 'FHFF', 'FFFH', 'HHFG']
current map:  ['SHFF', 'FFFH', 'HHFF', 'HFHG']
current map:  ['SHFF', 'FFFH', 'HHFF', 'HHFG']
current map:  ['SFHH', 'HFHF', 'HFHF', 'FFFG']
current map:  ['SFFF', 'FHFF', 'HFFH', 'HFFG']
current map:  ['SHHH', 'FFFF', 'FFFF', 'HHHG']
current map:  ['SFHH', 'HFFF', 'HFHF', 'FFHG']
current map:  ['SFHH', 'HFFH', 'FHFF', 'HFHG']
current map:  ['SHHH', 'FHHF', 'FFHH', 'HFFG']
current map:  ['SFFF', 'HHFH', 'HHFH', 'FFFG']
current map:  ['SHFH', 'FFFF', 'FHFF', 'FFFG']
current map:  ['SFFH', 'HFFF', 'FHHF', 'HHFG']
current map:  ['SHFH', 'FFFF', 'HFHF', 'HHFG']
current map:  ['SHHF', 'FFFH', 'FHFF', 'FFHG']
current map:  ['SHFF', 'FHFH', 'FHHH', 'FFFG']
current map:  ['SHHH', 'FFHH', 'FFHH', 'HFFG']
current map:  ['SFHF', 'FFFF', 'HFFF', 'HHFG']
current map:  ['SFHH', 'FFFF', 'FFFF', 'FHHG']
current map:  ['SFFF', 'HHFH', 'FHFF', 'HFFG']
current map:  ['SHHF', 'FFHF', 'HFFH', 'HHFG']
current map:  ['SFHF', 'FFFH', 'HFFH', 'HHFG']
current map:  ['SFHF', 'FFFF', 'HFFH', 'FHFG']
current map:  ['SFHF', 'FHHH', 'FFFF', 'HHFG']
started
current map:  ['SHHH', 'FFFH', 'FHFF', 'HHFG']
current map:  ['SHHH', 'FFFF', 'HFFH', 'FFFG']
current map:  ['SFFF', 'FHFF', 'FFFH', 'FFFG']
current map:  ['SFFF', 'FFFF', 'HFFF', 'FFHG']
current map:  ['SFFF', 'FHFH', 'HFFF', 'HHFG']
current map:  ['SFFF', 'FHFF', 'FFFH', 'HFFG']
current map:  ['SFFH', 'FHFF', 'FHHF', 'FFFG']
current map:  ['SFHF', 'HFFH', 'HFFF', 'HFFG']
current map:  ['SFFH', 'FHFF', 'FHHF', 'HFHG']
current map:  ['SHHH', 'FFFF', 'HHFF', 'FFHG']
current map:  ['SFFH', 'FFFF', 'FFHF', 'FFHG']
current map:  ['SFFH', 'FHFH', 'HHFH', 'HHFG']
current map:  ['SFFH', 'HFFH', 'HFFH', 'FFFG']
current map:  ['SFHF', 'HFFF', 'HHFF', 'FFHG']
current map:  ['SFFH', 'HFFF', 'FHHF', 'HHFG']
current map:  ['SHFH', 'FHFH', 'FHHH', 'FFFG']
current map:  ['SFFH', 'FFHH', 'HFFF', 'HFHG']
current map:  ['SHFF', 'FHFH', 'FFHF', 'HFFG']
current map:  ['SFHH', 'FFFH', 'HHFH', 'FFFG']
current map:  ['SHFF', 'FHFH', 'FFHH', 'FFFG']
current map:  ['SHHF', 'FFFF', 'FHFH', 'FHFG']
current map:  ['SHHF', 'FFHF', 'HFFH', 'FHFG']
current map:  ['SFFF', 'HHFH', 'FFFF', 'HFFG']
current map:  ['SHFH', 'FHHH', 'FFFF', 'FFHG']
current map:  ['SFHH', 'FFHF', 'FFFF', 'FHHG']
current map:  ['SHHH', 'FFFF', 'HHHF', 'FHHG']
current map:  ['SFHH', 'FFHH', 'FFFH', 'FFFG']
current map:  ['SFHF', 'HFFH', 'FFHH', 'HFFG']
current map:  ['SFFF', 'FHHF', 'FFHF', 'FFHG']
current map:  ['SHFF', 'FHHF', 'FHHF', 'FFFG']
current map:  ['SFFH', 'HFHH', 'FFFF', 'FHHG']
current map:  ['SFHH', 'HFFF', 'HFFH', 'HFFG']
current map:  ['SFFH', 'FFHH', 'HFFH', 'FFFG']
current map:  ['SFFF', 'HHFF', 'FFHF', 'HFFG']
current map:  ['SFFF', 'HFFF', 'HFHH', 'HFFG']
current map:  ['SFFH', 'HFFH', 'FHFF', 'FHFG']
current map:  ['SFFH', 'FHFF', 'FFHF', 'FFHG']
current map:  ['SFHH', 'FHFF', 'FHHH', 'FFFG']
current map:  ['SFFH', 'FFFH', 'FFFF', 'FFHG']
current map:  ['SHFF', 'FHFH', 'FHHH', 'FFFG']
current map:  ['SHFF', 'FHFF', 'FFFF', 'FHFG']
current map:  ['SFHF', 'FFFF', 'HHFF', 'FFFG']
current map:  ['SFHH', 'FFFF', 'HHHF', 'HFHG']
current map:  ['SFFH', 'FHFH', 'FFFF', 'HFHG']
current map:  ['SFFF', 'FHHF', 'HHHF', 'FHFG']
current map:  ['SFFH', 'HFFF', 'FHFF', 'FFHG']
current map:  ['SFHH', 'HFFH', 'HFHH', 'HFFG']
current map:  ['SFFF', 'FHFF', 'FFHF', 'FFFG']
current map:  ['SFFF', 'HFFF', 'HFFF', 'HHFG']
current map:  ['SHHH', 'FFHH', 'FFFF', 'HHFG']
current map:  ['SFFH', 'HFFH', 'HHFF', 'FFHG']
current map:  ['SFFF', 'FFFF', 'HHFH', 'HFFG']
current map:  ['SFHF', 'FHHH', 'FHFH', 'FFFG']
current map:  ['SFFH', 'FHFF', 'FHFH', 'HFFG']
current map:  ['SFFF', 'FHFF', 'HHFF', 'HHFG']
current map:  ['SHHH', 'FHFH', 'FFFF', 'FHFG']
current map:  ['SHFH', 'FFHF', 'HFFF', 'FFHG']
current map:  ['SFFF', 'HFFF', 'FHFF', 'FHFG']
current map:  ['SFHH', 'HFHH', 'HFFH', 'HFFG']
current map:  ['SFHH', 'HFFH', 'HHFF', 'HHHG']
current map:  ['SFHF', 'HFFH', 'FHFH', 'HFFG']
current map:  ['SFHH', 'HFHH', 'HFFF', 'HFHG']
current map:  ['SHHF', 'FFHF', 'HFFF', 'HFHG']
current map:  ['SHHF', 'FFHH', 'HFFF', 'HFFG']
current map:  ['SFHH', 'FFHH', 'HFHF', 'HFFG']
current map:  ['SFFH', 'FFHF', 'FFFH', 'FHFG']
current map:  ['SHHH', 'FFHF', 'HFHF', 'HFFG']
current map:  ['SFHF', 'HFFH', 'FFFF', 'HHHG']
current map:  ['SFHF', 'HFHF', 'HFFF', 'HFHG']
current map:  ['SFHH', 'HFHF', 'HFFF', 'HFFG']
current map:  ['SFFF', 'FHFH', 'FHHF', 'FFFG']
current map:  ['SFFH', 'FHFH', 'FHFF', 'HHHG']
current map:  ['SHHF', 'FHFH', 'FFFH', 'FFFG']
current map:  ['SHHH', 'FFHH', 'HFFH', 'FFFG']
current map:  ['SFFF', 'FHFH', 'HFFF', 'HFHG']
current map:  ['SFFH', 'HFFF', 'HHHF', 'FFFG']
current map:  ['SFFF', 'FHHF', 'FHFF', 'FHHG']
current map:  ['SFHH', 'HFFH', 'FFHF', 'FFFG']
current map:  ['SFFF', 'HFHF', 'HFHF', 'FFHG']
current map:  ['SFFH', 'FFFH', 'HHFF', 'HFFG']
current map:  ['SFHF', 'FFFF', 'HFHF', 'HHHG']
current map:  ['SFFF', 'HHFF', 'HFFF', 'FFFG']
current map:  ['SFFF', 'FFFH', 'HFFF', 'FFHG']
current map:  ['SFFH', 'HHFH', 'FFFF', 'HHFG']
current map:  ['SHHF', 'FHFH', 'FFHF', 'FFFG']
current map:  ['SHFF', 'FFFF', 'HHFF', 'FFHG']
current map:  ['SFHF', 'HFHH', 'HFFH', 'HHFG']
current map:  ['SFFF', 'FFHF', 'FHFF', 'HFFG']
current map:  ['SFFH', 'FHFF', 'HHFF', 'HFHG']
current map:  ['SFFH', 'HHFH', 'HHFF', 'HFFG']
current map:  ['SFFF', 'HHFH', 'FHFF', 'FHHG']
current map:  ['SFHH', 'FFFF', 'FHFF', 'FFHG']
current map:  ['SHFF', 'FFFF', 'FHFF', 'FHFG']
current map:  ['SFFF', 'FHHF', 'HHHF', 'FFHG']
current map:  ['SFHF', 'HFFH', 'HFFH', 'FHFG']
current map:  ['SFFF', 'HHHF', 'FHHF', 'FHHG']
current map:  ['SHHF', 'FHFH', 'FFFF', 'HHHG']
current map:  ['SFFF', 'HFHF', 'FFHF', 'FFHG']
current map:  ['SFFH', 'HHFF', 'FFHF', 'FHHG']
current map:  ['SFHF', 'FFHH', 'FHHH', 'FFFG']
started
current map:  ['SFFF', 'HFFH', 'FHFH', 'FFFG']
current map:  ['SFHF', 'FFHH', 'HFFH', 'FFFG']
current map:  ['SFHH', 'HFHF', 'FFHH', 'FFFG']
current map:  ['SFFF', 'FFHH', 'FFFF', 'HFHG']
current map:  ['SHFF', 'FHHF', 'FHFF', 'FFFG']
current map:  ['SFFH', 'FFFF', 'HFHF', 'FHHG']
current map:  ['SHFH', 'FHFH', 'FHHH', 'FFFG']
current map:  ['SFFF', 'HFFH', 'FFFF', 'HFFG']
current map:  ['SFFF', 'FFFH', 'FFFF', 'HHFG']
current map:  ['SHHF', 'FFFF', 'HHFF', 'HFFG']
current map:  ['SHHH', 'FHFF', 'FFFH', 'HFFG']
current map:  ['SHFF', 'FFHF', 'FHFF', 'FFFG']
current map:  ['SFFH', 'HFHH', 'HFHH', 'FFFG']
current map:  ['SHFH', 'FFFF', 'HFFF', 'HHHG']
current map:  ['SFHF', 'FHFH', 'FFFF', 'HFHG']
current map:  ['SFFH', 'HHFH', 'FFFF', 'FHFG']
current map:  ['SFHH', 'HFHF', 'FFFH', 'FFFG']
current map:  ['SFHH', 'FFFH', 'FFFF', 'HHFG']
current map:  ['SHHF', 'FFFF', 'FFHF', 'HHFG']
current map:  ['SFFF', 'FHFF', 'HHFH', 'HFFG']
current map:  ['SHHH', 'FFHF', 'HFFF', 'HHHG']
current map:  ['SFFF', 'FFFF', 'FHFF', 'HHFG']
current map:  ['SFFF', 'FHHF', 'HHFF', 'FHFG']
current map:  ['SFFF', 'FHHF', 'HFFF', 'FHHG']
current map:  ['SFHH', 'HFFF', 'HHFF', 'FFFG']
current map:  ['SFFH', 'HFFF', 'HFHF', 'HHHG']
current map:  ['SFFF', 'FFFF', 'HHHF', 'HFHG']
current map:  ['SHFH', 'FFFF', 'FHFF', 'HHFG']
current map:  ['SHFH', 'FHHH', 'FFFF', 'FFFG']
current map:  ['SHFH', 'FFHH', 'HFFH', 'HHFG']
current map:  ['SFFF', 'FFFF', 'HHFF', 'HHHG']
current map:  ['SFFF', 'FHFH', 'FHFF', 'HFFG']
current map:  ['SFHH', 'HFFH', 'FHFF', 'FHFG']
current map:  ['SHFF', 'FFFF', 'FFFF', 'HHFG']
current map:  ['SFHH', 'FFFH', 'HFHH', 'FFFG']
current map:  ['SFHH', 'FHFH', 'FHFF', 'FFFG']
current map:  ['SFFF', 'FFFH', 'HFHH', 'HFFG']
current map:  ['SHHF', 'FFFF', 'HHFH', 'HFFG']
current map:  ['SFHH', 'FFHF', 'FFHF', 'HFFG']
current map:  ['SHFF', 'FFFF', 'HFFF', 'HFHG']
current map:  ['SFHF', 'FHFH', 'FFFH', 'FHFG']
current map:  ['SFFF', 'HFFH', 'HHFF', 'HFHG']
current map:  ['SHHH', 'FHHH', 'FFHF', 'HFFG']
current map:  ['SFHF', 'FFHH', 'FFFF', 'HHFG']
current map:  ['SHFH', 'FFFF', 'FFHF', 'FHFG']
current map:  ['SHFF', 'FFFF', 'FFHH', 'FFFG']
current map:  ['SFHF', 'FFFF', 'FHFH', 'FFFG']
current map:  ['SFHF', 'FFFH', 'HHFF', 'FHFG']
current map:  ['SHHH', 'FFFH', 'FFFF', 'FFFG']
current map:  ['SFHH', 'FFHH', 'FFFH', 'FFFG']
current map:  ['SFFF', 'HHFH', 'FFFF', 'HFFG']
current map:  ['SFHF', 'HFFF', 'FHHF', 'FFHG']
current map:  ['SHHH', 'FFFF', 'HFFF', 'FHFG']
current map:  ['SFFH', 'HFHH', 'HFFF', 'FHHG']
current map:  ['SFHF', 'FFFF', 'HHFF', 'HFHG']
current map:  ['SFFF', 'HFFF', 'HFHF', 'FFHG']
current map:  ['SFHF', 'FFFF', 'FHHF', 'FHHG']
current map:  ['SFHH', 'FFFF', 'HFFH', 'HHFG']
current map:  ['SFFH', 'HFHF', 'HFHF', 'HFFG']
current map:  ['SFHF', 'FFFH', 'HFHH', 'FFFG']
current map:  ['SFFF', 'FHFH', 'HFFH', 'HHFG']
current map:  ['SFFF', 'HFFF', 'FHFH', 'HFFG']
current map:  ['SFHF', 'FFHF', 'HFFH', 'FHFG']
current map:  ['SFHH', 'FHFF', 'FFFF', 'FFHG']
current map:  ['SFHF', 'HFFH', 'HFHH', 'HFFG']
current map:  ['SFHF', 'FFHF', 'FFFF', 'HHHG']
current map:  ['SHFH', 'FHFF', 'FFFF', 'HFFG']
current map:  ['SFFF', 'HHHF', 'HHFF', 'HFFG']
current map:  ['SFFF', 'HHFF', 'FFFH', 'HHFG']
current map:  ['SFFF', 'HFFH', 'HFFF', 'HHHG']
current map:  ['SFHF', 'FFHH', 'FFFF', 'HHFG']
current map:  ['SHHH', 'FFHH', 'HFHH', 'FFFG']
current map:  ['SFFH', 'HHFH', 'HHFF', 'FHHG']
current map:  ['SHHF', 'FFHF', 'FFFF', 'HFHG']
current map:  ['SFFF', 'HFFH', 'FFHF', 'HFFG']
current map:  ['SFFF', 'HFFH', 'HFFF', 'FHFG']
current map:  ['SFFF', 'HFFF', 'HHFH', 'HHFG']
current map:  ['SHFH', 'FFHH', 'FFFF', 'HHHG']
current map:  ['SFFF', 'HHFF', 'HHFF', 'FFHG']
current map:  ['SFHF', 'HFHF', 'FFHF', 'FFFG']
current map:  ['SFFH', 'FHFH', 'HHFF', 'HFHG']
current map:  ['SFFF', 'FHFF', 'HHFF', 'HHFG']
current map:  ['SHFH', 'FFFF', 'FFFF', 'FFFG']
current map:  ['SHFH', 'FFFF', 'HHHF', 'FFFG']
current map:  ['SFFH', 'FHFF', 'FFHF', 'HFHG']
current map:  ['SHHH', 'FHHH', 'FFFF', 'FFFG']
current map:  ['SFFH', 'FFFF', 'HFHF', 'FHFG']
current map:  ['SFFF', 'HHFF', 'FHFF', 'HFHG']
current map:  ['SFFH', 'FFFF', 'HFFH', 'HHFG']
current map:  ['SFFF', 'FFFH', 'HHFF', 'FHFG']
current map:  ['SFHF', 'HFFF', 'HHFF', 'FFFG']
current map:  ['SFFF', 'HFFF', 'HHFF', 'HFFG']
current map:  ['SFFF', 'FFFH', 'FHFF', 'FFFG']
current map:  ['SHFF', 'FFFF', 'HHHF', 'HHHG']
current map:  ['SFFH', 'HHFF', 'HFFH', 'FFFG']
current map:  ['SHHF', 'FFFH', 'FHFF', 'FHHG']
current map:  ['SHFF', 'FFFH', 'HHFF', 'HHFG']
current map:  ['SHFF', 'FFFF', 'FHHF', 'FHFG']
current map:  ['SFHH', 'FFFF', 'FHFF', 'HFHG']
current map:  ['SHHF', 'FHHF', 'FFFH', 'HHFG']
started
current map:  ['SFFH', 'FFFF', 'FHHF', 'HHFG']
current map:  ['SFHH', 'HFFF', 'HHFF', 'FHHG']
current map:  ['SFFH', 'FFFF', 'FFHF', 'HFFG']
current map:  ['SFFF', 'FFHF', 'HFFF', 'FHFG']
current map:  ['SHHF', 'FHHF', 'FFFH', 'FFFG']
current map:  ['SHHF', 'FFFF', 'FHHF', 'HHHG']
current map:  ['SFHF', 'FFFF', 'FFHF', 'FHHG']
current map:  ['SFFF', 'HFHH', 'HFFF', 'FFHG']
current map:  ['SFFH', 'HHFH', 'HFFF', 'HHHG']
current map:  ['SFHF', 'FHHH', 'FFFF', 'HHFG']
current map:  ['SFFF', 'FFFF', 'HHFF', 'FFHG']
current map:  ['SFFH', 'HFHH', 'HFFF', 'HHFG']
current map:  ['SFFF', 'HFFF', 'HHFH', 'FFFG']
current map:  ['SFHF', 'FFFF', 'HHFF', 'HHHG']
current map:  ['SFHH', 'FFFF', 'FHHF', 'HHHG']
current map:  ['SHFF', 'FHHH', 'FFHH', 'FFFG']
current map:  ['SFFF', 'FHHF', 'HFFF', 'FFFG']
current map:  ['SFFF', 'FFHF', 'HHHF', 'FHHG']
current map:  ['SFFH', 'FHFF', 'HHFF', 'FHFG']
current map:  ['SHHH', 'FFHF', 'FFFF', 'FHFG']
current map:  ['SFFF', 'FFHH', 'FFFF', 'HFFG']
current map:  ['SFHF', 'HFHF', 'FFFF', 'FHHG']
current map:  ['SHFH', 'FFFF', 'HHFH', 'FFFG']
current map:  ['SFFF', 'HHHF', 'HFFF', 'HFFG']
current map:  ['SFHH', 'FFFH', 'HFHF', 'HFFG']
current map:  ['SFFH', 'HHFH', 'FHFH', 'FFFG']
current map:  ['SFHF', 'HFHH', 'HFHF', 'FFFG']
current map:  ['SFHH', 'FFFF', 'HFHF', 'HHFG']
current map:  ['SFHF', 'HFHH', 'HFHF', 'FFFG']
current map:  ['SHHF', 'FFHH', 'FFFH', 'FFFG']
current map:  ['SHFF', 'FFFH', 'HHFH', 'HHFG']
current map:  ['SHFF', 'FFFF', 'HHFF', 'FHFG']
current map:  ['SFHF', 'HFFH', 'FHFF', 'FFHG']
current map:  ['SFFH', 'FHFH', 'HFFH', 'HHFG']
current map:  ['SFFF', 'HHHF', 'FHFF', 'HHHG']
current map:  ['SHFH', 'FHHF', 'FFFF', 'FFFG']
current map:  ['SHHF', 'FFFF', 'HHHF', 'HFHG']
current map:  ['SHFH', 'FFFH', 'HHFF', 'HHFG']
current map:  ['SFFF', 'FHFF', 'HHFH', 'FHFG']
current map:  ['SFFF', 'HHFH', 'FFFF', 'HHFG']
current map:  ['SHFF', 'FHHF', 'FHFF', 'FFFG']
current map:  ['SFFH', 'HHFH', 'HHFH', 'FHFG']
current map:  ['SFFF', 'HFHF', 'FHFF', 'FHHG']
current map:  ['SFFF', 'FHFH', 'HFFH', 'HHFG']
current map:  ['SFHH', 'FFFH', 'HFFF', 'HHFG']
current map:  ['SHFF', 'FFFF', 'FFHF', 'FHFG']
current map:  ['SFFF', 'FFFH', 'FHFF', 'FFHG']
current map:  ['SHFF', 'FHHF', 'FHFH', 'FFFG']
current map:  ['SFHF', 'HFFF', 'HHHF', 'FFHG']
current map:  ['SFFF', 'FFFF', 'FHFH', 'HHFG']
current map:  ['SFFF', 'HHFF', 'FHHF', 'FHHG']
current map:  ['SHFH', 'FFFH', 'FHHF', 'FFFG']
current map:  ['SFFH', 'FHFH', 'HFFF', 'FFFG']
current map:  ['SFFF', 'HFHF', 'FFHF', 'HFFG']
current map:  ['SHHF', 'FFHH', 'HFFF', 'FHFG']
current map:  ['SFHH', 'FHFH', 'FHFF', 'FFFG']
current map:  ['SHHH', 'FHHF', 'FFHH', 'HFFG']
current map:  ['SHFH', 'FFHH', 'HFHF', 'FFFG']
current map:  ['SHHF', 'FFFH', 'HFFF', 'FFHG']
current map:  ['SFHH', 'FFFH', 'FHFH', 'FHFG']
current map:  ['SFFF', 'FFFF', 'FFFF', 'HHFG']
current map:  ['SFFF', 'HFFF', 'FHFH', 'HHFG']
current map:  ['SFHH', 'HFHH', 'FFFF', 'FHFG']
current map:  ['SFHH', 'FFHF', 'FFFH', 'HHFG']
current map:  ['SFHF', 'FFHF', 'FFHH', 'FFFG']
current map:  ['SHFH', 'FFFH', 'FFFF', 'FFFG']
current map:  ['SFFH', 'HFFF', 'HHFF', 'FFHG']
current map:  ['SFHH', 'FFHF', 'FHHF', 'FFFG']
current map:  ['SHHF', 'FFFH', 'HFFH', 'HHFG']
current map:  ['SFFF', 'FHHF', 'FHHF', 'FHHG']
current map:  ['SFFH', 'FFHF', 'HFFH', 'FFFG']
current map:  ['SFHF', 'FHFH', 'FFFF', 'HFFG']
current map:  ['SHFH', 'FFFH', 'HHFF', 'FFHG']
current map:  ['SFHF', 'HFFF', 'HHFH', 'FHFG']
current map:  ['SFFF', 'FFHF', 'HFHF', 'FFHG']
current map:  ['SFFF', 'FHHH', 'FHHF', 'FFFG']
current map:  ['SFHF', 'FFFH', 'FFFH', 'HFFG']
current map:  ['SFFH', 'HHFF', 'FHFF', 'FHHG']
current map:  ['SFHH', 'HFFF', 'FFHF', 'HHHG']
current map:  ['SHHH', 'FFFF', 'HHHF', 'FHHG']
current map:  ['SFFF', 'HHFF', 'HFFF', 'HFFG']
current map:  ['SHHH', 'FFFF', 'HHFH', 'FHFG']
current map:  ['SFHH', 'FFFF', 'FFFH', 'HHFG']
current map:  ['SFFH', 'HFHF', 'FFHF', 'HFFG']
current map:  ['SFFH', 'FFHH', 'HFFH', 'HFFG']
current map:  ['SFHH', 'FHFF', 'FFFH', 'FHFG']
current map:  ['SFFF', 'FHFH', 'FHFH', 'FHFG']
current map:  ['SFHH', 'FFHF', 'FHFH', 'FFFG']
current map:  ['SFHH', 'FFHF', 'HFFF', 'FFHG']
current map:  ['SHFH', 'FHHF', 'FHHF', 'FFFG']
current map:  ['SHFH', 'FFHH', 'FFFH', 'FHFG']
current map:  ['SFFF', 'FHFF', 'FFHF', 'FFFG']
current map:  ['SHFH', 'FFFF', 'HFFH', 'HFFG']
current map:  ['SFHH', 'HFFH', 'FFFF', 'FHFG']
current map:  ['SFHH', 'FHFH', 'FFFH', 'FFFG']
current map:  ['SHHH', 'FHHH', 'FHFF', 'FFFG']
current map:  ['SFHH', 'FFFH', 'HFFF', 'FHFG']
current map:  ['SFHF', 'FFHF', 'FFHH', 'HFFG']
current map:  ['SFFH', 'HFFH', 'FFFF', 'FHHG']
current map:  ['SFHH', 'FFHH', 'HFFF', 'FFHG']
started
current map:  ['SFHH', 'FFFF', 'HFHF', 'HFFG']
current map:  ['SHHF', 'FFFH', 'FFHF', 'HFFG']
current map:  ['SHFF', 'FFHF', 'HFFF', 'FHFG']
current map:  ['SFFF', 'FHFH', 'FFFH', 'HFFG']
current map:  ['SFFF', 'HFFF', 'FFHF', 'HHFG']
current map:  ['SHFF', 'FFFF', 'HHFF', 'HFHG']
current map:  ['SFFF', 'HFHH', 'FFHF', 'FFFG']
current map:  ['SFHF', 'FFHH', 'HFFF', 'HFFG']
current map:  ['SFFH', 'HFHF', 'HFFF', 'HFFG']
current map:  ['SFFF', 'HFHF', 'HFFH', 'HFFG']
current map:  ['SHHF', 'FFFF', 'FHFH', 'HHFG']
current map:  ['SFFF', 'HHHF', 'FHFF', 'FHFG']
current map:  ['SHHH', 'FFFH', 'HHFF', 'FHHG']
current map:  ['SHHH', 'FFHH', 'FFFF', 'FHHG']
current map:  ['SFHF', 'FFHF', 'FHFF', 'FFFG']
current map:  ['SHHH', 'FHHH', 'FFFF', 'HFHG']
current map:  ['SFFF', 'HFHF', 'HFFF', 'HHFG']
current map:  ['SFHH', 'HFHH', 'HFFH', 'FFFG']
current map:  ['SFFH', 'FHFH', 'HFFH', 'HFFG']
current map:  ['SFFF', 'HHFH', 'HHFH', 'HFFG']
current map:  ['SFHH', 'FFFF', 'FFHF', 'FHHG']
current map:  ['SFHF', 'FHHH', 'FFFF', 'HFHG']
current map:  ['SHFH', 'FHFH', 'FFFH', 'HHFG']
current map:  ['SFHH', 'FFFF', 'FFHH', 'HFFG']
current map:  ['SHFH', 'FFFF', 'FHHF', 'HFFG']
current map:  ['SFFF', 'HFFF', 'FHFH', 'HHFG']
current map:  ['SHFH', 'FFHH', 'FFHF', 'FFFG']
current map:  ['SFFF', 'HHHF', 'FHHF', 'FHHG']
current map:  ['SFHH', 'HFFH', 'FFFF', 'FFHG']
current map:  ['SFFH', 'FFFH', 'FHFH', 'HFFG']
current map:  ['SFFH', 'FHFF', 'HFFF', 'FFFG']
current map:  ['SFFH', 'HFHF', 'FFFF', 'FHFG']
current map:  ['SHHF', 'FFHF', 'FFFH', 'FHFG']
current map:  ['SFHH', 'FFFF', 'HFFH', 'FHFG']
current map:  ['SHFH', 'FFFH', 'HFFH', 'HFFG']
current map:  ['SFHF', 'HFFF', 'HFFF', 'HFFG']
current map:  ['SFHF', 'HFHF', 'HFFF', 'HFFG']
current map:  ['SFFF', 'HHFH', 'HHFH', 'FFFG']
current map:  ['SFFF', 'HHFF', 'HHFF', 'HHFG']
current map:  ['SFFH', 'FHFF', 'HFHF', 'FHHG']
current map:  ['SHFF', 'FFFF', 'FHFH', 'HHFG']
current map:  ['SFHH', 'FHHH', 'FFFH', 'FFFG']
current map:  ['SFHF', 'FFHH', 'HFFF', 'FHFG']
current map:  ['SFFH', 'FHFH', 'FFFF', 'HHFG']
current map:  ['SFFH', 'HHFH', 'HHFH', 'FFFG']
current map:  ['SHFF', 'FFHH', 'HFFH', 'FHFG']
current map:  ['SFFF', 'HHFF', 'HFFF', 'FHFG']
current map:  ['SFFH', 'FHFF', 'FHHF', 'FHFG']
current map:  ['SFFH', 'FFHH', 'FFFF', 'FHFG']
current map:  ['SFFH', 'HHFH', 'HHFF', 'FFHG']
current map:  ['SFFH', 'FFHF', 'HFFF', 'FFHG']
current map:  ['SFFF', 'HFHF', 'HHFF', 'FHFG']
current map:  ['SFFH', 'FFHF', 'FFFH', 'FHFG']
current map:  ['SHFH', 'FFFH', 'HFFF', 'FFFG']
current map:  ['SHFH', 'FHFH', 'FFFF', 'HHFG']
current map:  ['SFFH', 'FFFF', 'FHFH', 'HHFG']
current map:  ['SFFF', 'FFFF', 'HFFH', 'HHFG']
current map:  ['SFFH', 'HHFH', 'FFFH', 'FHFG']
current map:  ['SHFH', 'FFFH', 'FHFH', 'HHFG']
current map:  ['SFHH', 'FFFF', 'FFFH', 'HHFG']
current map:  ['SFHH', 'FFHH', 'HFFF', 'FHHG']
current map:  ['SFFH', 'HFHF', 'FFFF', 'HHFG']
current map:  ['SFHF', 'HFFH', 'HFFF', 'FHHG']
current map:  ['SFFF', 'HFFF', 'FHFF', 'FHHG']
current map:  ['SFHF', 'HFFF', 'FFHH', 'FFFG']
current map:  ['SFFH', 'FFFF', 'HHHF', 'HHHG']
current map:  ['SHFF', 'FFFH', 'HHFH', 'FHFG']
current map:  ['SFHH', 'FFFH', 'FFFF', 'HHFG']
current map:  ['SHFH', 'FHHH', 'FFHF', 'HFFG']
current map:  ['SFFF', 'HFHF', 'FFFF', 'HHFG']
current map:  ['SFFH', 'FFFF', 'FHHF', 'FFHG']
current map:  ['SFFF', 'FFHF', 'HFHF', 'FFHG']
current map:  ['SFHF', 'FHFH', 'FFFH', 'FHFG']
current map:  ['SFFF', 'FFFF', 'HFHF', 'FFHG']
current map:  ['SFHF', 'HFFF', 'HHHF', 'HHFG']
current map:  ['SHFF', 'FFFF', 'FFFH', 'HFFG']
current map:  ['SFFF', 'FHFF', 'FHHF', 'FHHG']
current map:  ['SHHF', 'FFHF', 'FHHF', 'FFFG']
current map:  ['SHFF', 'FFFF', 'FHFF', 'HHHG']
current map:  ['SFFF', 'HHFF', 'FFHF', 'FHFG']
current map:  ['SFFH', 'HHFF', 'FHHF', 'FHHG']
current map:  ['SFFH', 'FFHH', 'FFHH', 'HFFG']
current map:  ['SFHF', 'HFHH', 'FFFH', 'FFFG']
current map:  ['SFFF', 'HFFF', 'HHFH', 'HFFG']
current map:  ['SHHH', 'FHFH', 'FFHF', 'FFFG']
current map:  ['SFFF', 'FFFH', 'FFFF', 'HFFG']
current map:  ['SFFF', 'FFHF', 'HFHF', 'HHHG']
current map:  ['SHFF', 'FFFF', 'HHHF', 'FHFG']
current map:  ['SFFF', 'HFFF', 'FFHF', 'FFHG']
current map:  ['SFHH', 'HFFH', 'FFFF', 'HFFG']
current map:  ['SFHF', 'FFFH', 'FFFH', 'HFFG']
current map:  ['SHHH', 'FFHH', 'FFHH', 'FFFG']
current map:  ['SHHF', 'FFFF', 'FHFH', 'FHFG']
current map:  ['SFHF', 'HFFH', 'HFFH', 'HFFG']
current map:  ['SFFF', 'FFFF', 'FFHF', 'HHFG']
current map:  ['SHFH', 'FFFH', 'FFFF', 'HFFG']
current map:  ['SHHF', 'FHHH', 'FFFF', 'HHHG']
current map:  ['SHFH', 'FFFH', 'HFFH', 'FFFG']
current map:  ['SHHF', 'FFFF', 'FHFH', 'HFFG']
current map:  ['SFFF', 'FFHF', 'FFFH', 'HHFG']
started
current map:  ['SFHF', 'FHFH', 'FFHH', 'FFFG']
current map:  ['SFFH', 'HFFH', 'HFFF', 'FHFG']
current map:  ['SFFH', 'FHHH', 'FFFH', 'HFFG']
current map:  ['SFFH', 'HFFH', 'HHFF', 'HFFG']
current map:  ['SFHH', 'FHHH', 'FFFF', 'FHFG']
current map:  ['SFFH', 'FHFF', 'HHFH', 'HHFG']
current map:  ['SFHF', 'FFFF', 'FHHF', 'FFFG']
current map:  ['SHFF', 'FFFF', 'HFHF', 'HHHG']
current map:  ['SFHH', 'HFFH', 'HHFF', 'HHHG']
current map:  ['SFHH', 'FHFF', 'FFHF', 'HFFG']
current map:  ['SHHH', 'FFFH', 'HFFF', 'FFHG']
current map:  ['SHFH', 'FFFF', 'FHHF', 'HHHG']
current map:  ['SFFF', 'FFHF', 'FHFF', 'HFFG']
current map:  ['SFFF', 'HFFF', 'FHFF', 'HFHG']
current map:  ['SFFF', 'HFFF', 'FHHF', 'HFFG']
current map:  ['SFHH', 'FFHH', 'FHHH', 'FFFG']
current map:  ['SFFH', 'FFFF', 'HHHF', 'FFHG']
current map:  ['SFFF', 'FFFF', 'HHHF', 'FHFG']
current map:  ['SFFH', 'FFFF', 'HFFH', 'FFFG']
current map:  ['SFFH', 'FFHF', 'FHHF', 'FFFG']
current map:  ['SFFF', 'FHFF', 'HHHF', 'HHFG']
current map:  ['SFFH', 'HFHH', 'HFFF', 'FHHG']
current map:  ['SFFH', 'FHFH', 'FFFF', 'HHHG']
current map:  ['SHHF', 'FHFF', 'FFHF', 'FFFG']
current map:  ['SFFF', 'FFHF', 'FFHH', 'FFFG']
current map:  ['SFHH', 'FFFF', 'FFFF', 'HHFG']
current map:  ['SFHF', 'FFFH', 'FFFH', 'FHFG']
current map:  ['SFHF', 'HFFF', 'FFFF', 'HFHG']
current map:  ['SHFF', 'FFFH', 'HHFF', 'FFFG']
current map:  ['SHFH', 'FFFF', 'FFFF', 'FFFG']
current map:  ['SFFF', 'HFHH', 'HFFF', 'HHFG']
current map:  ['SFHH', 'HFHF', 'HFFF', 'FHHG']
current map:  ['SFFF', 'FFHF', 'HHFF', 'HHFG']
current map:  ['SFHF', 'FFFF', 'FFFF', 'FHHG']
current map:  ['SHHF', 'FFFH', 'HFFH', 'FHFG']
current map:  ['SFFH', 'HHFF', 'FFHF', 'HHFG']
current map:  ['SFFH', 'FFHF', 'HFFF', 'FFHG']
current map:  ['SHFF', 'FFFF', 'HHFF', 'HHHG']
current map:  ['SFFH', 'FHFF', 'FHFH', 'FHFG']
current map:  ['SHFF', 'FFFF', 'HHFF', 'FHFG']
current map:  ['SFHH', 'FFFF', 'HFHH', 'FFFG']
current map:  ['SFFF', 'FHHF', 'FFHF', 'HHFG']
current map:  ['SFHF', 'HFHH', 'HFHF', 'FFFG']
current map:  ['SFHF', 'HFFH', 'HFHH', 'HFFG']
current map:  ['SFFF', 'HFHH', 'HFFF', 'HHHG']
current map:  ['SFFH', 'HHFH', 'HHFH', 'HHFG']
current map:  ['SFHF', 'HFFH', 'FFFF', 'HFFG']
current map:  ['SFHH', 'FHFH', 'FFFH', 'HFFG']
current map:  ['SFFH', 'FFHH', 'HFFF', 'HFHG']
current map:  ['SFHF', 'FFFF', 'HHFF', 'HFHG']
current map:  ['SFFF', 'HFFF', 'HFFF', 'FFHG']
current map:  ['SFFF', 'FFHF', 'HFFF', 'HHHG']
current map:  ['SFFH', 'HHFF', 'FHHF', 'FFFG']
current map:  ['SFHH', 'HFHH', 'HFFF', 'FHFG']
current map:  ['SHFF', 'FFHH', 'HFFF', 'FHFG']
current map:  ['SFFF', 'FFFH', 'FHHF', 'FFFG']
current map:  ['SFHF', 'HFFH', 'HFFF', 'HFFG']
current map:  ['SFHF', 'FFFF', 'HFHF', 'HFHG']
current map:  ['SFFH', 'FFHF', 'HFFH', 'FFFG']
current map:  ['SHHF', 'FFFH', 'FHHF', 'FFFG']
current map:  ['SHFF', 'FFFF', 'FFHF', 'FFFG']
current map:  ['SFHH', 'HFFF', 'FHFH', 'FFFG']
current map:  ['SHHH', 'FFHF', 'FFFF', 'HHHG']
current map:  ['SFHH', 'HFHH', 'FFFF', 'FHFG']
current map:  ['SFHF', 'HFFH', 'HFHF', 'FFFG']
current map:  ['SHFH', 'FFFH', 'FHFF', 'HFHG']
current map:  ['SFHH', 'FFFH', 'FFFH', 'HFFG']
current map:  ['SHFH', 'FHFH', 'FHFH', 'FFFG']
current map:  ['SFFF', 'HFHF', 'FHFF', 'HFFG']
current map:  ['SFFF', 'FHFF', 'FFFF', 'FFFG']
current map:  ['SHHH', 'FFFF', 'FHFF', 'HFFG']
current map:  ['SFFF', 'FHHH', 'FFFH', 'FFFG']
current map:  ['SFHH', 'HFFF', 'HFHF', 'HFHG']
current map:  ['SFFF', 'HHFF', 'HHFH', 'FFFG']
current map:  ['SFFF', 'FFHF', 'FFHF', 'FFHG']
current map:  ['SFFH', 'FHHH', 'FFFF', 'FHFG']
current map:  ['SFFH', 'FHFH', 'FHFH', 'HFFG']
current map:  ['SFFH', 'FFFF', 'HFFF', 'FFFG']
current map:  ['SHHF', 'FHHH', 'FFFF', 'FHFG']
current map:  ['SHFF', 'FFFF', 'FHHF', 'HHHG']
current map:  ['SFFF', 'HHHF', 'HFFF', 'HHFG']
current map:  ['SFFF', 'FFHF', 'HFHF', 'HFHG']
current map:  ['SFHH', 'FFFF', 'HFHH', 'FFFG']
current map:  ['SFFF', 'HFFH', 'FFFF', 'FFFG']
current map:  ['SFFF', 'HHFF', 'HFFH', 'HFFG']
current map:  ['SFHF', 'FFHH', 'FFFH', 'FHFG']
current map:  ['SFFH', 'FHHH', 'FHFH', 'FFFG']
current map:  ['SFFH', 'HFFF', 'HHFH', 'HHFG']
current map:  ['SFFF', 'HHHF', 'HHFF', 'HHFG']
current map:  ['SFHF', 'FFHF', 'HFFF', 'FHFG']
current map:  ['SFHF', 'HFFH', 'FFFH', 'HFFG']
current map:  ['SHHF', 'FHHF', 'FFFF', 'FHHG']
current map:  ['SHHF', 'FFFF', 'FHHF', 'FFHG']
current map:  ['SFHH', 'HFFF', 'HHFH', 'HHFG']
current map:  ['SHFH', 'FHFF', 'FFFF', 'FHFG']
current map:  ['SFFH', 'FHHF', 'FFHF', 'HFFG']
current map:  ['SFFH', 'HFFH', 'HHFF', 'HHFG']
current map:  ['SHFF', 'FHFH', 'FHFF', 'FFFG']
current map:  ['SFFH', 'HFFF', 'FFFF', 'HFFG']
current map:  ['SFFF', 'FFHF', 'HHHF', 'HFFG']
started
current map:  ['SFHF', 'HFFH', 'FHFF', 'FFFG']
current map:  ['SFFF', 'FHHF', 'FFFF', 'FHFG']
current map:  ['SFFH', 'HFFF', 'HFHF', 'FHHG']
current map:  ['SHHF', 'FHFF', 'FFHH', 'HFFG']
current map:  ['SFFF', 'HFHH', 'HFFF', 'HHHG']
current map:  ['SFFF', 'FHFF', 'HHFF', 'FHFG']
current map:  ['SFFH', 'FHFF', 'FHFH', 'FHFG']
current map:  ['SFHH', 'HFHF', 'HFFH', 'HHFG']
current map:  ['SFFH', 'HHFF', 'HFHF', 'FFHG']
current map:  ['SHFF', 'FFFH', 'FHFF', 'FFFG']
current map:  ['SFFH', 'HHFF', 'HHHF', 'HFHG']
current map:  ['SFFF', 'FFFF', 'HFHF', 'HFHG']
current map:  ['SHFF', 'FFFF', 'FFHF', 'FHHG']
current map:  ['SFFF', 'FFHF', 'HHHF', 'FHFG']
current map:  ['SFFF', 'HFHF', 'HHFF', 'HHFG']
current map:  ['SFFF', 'HHFF', 'HHFF', 'HFHG']
current map:  ['SFFH', 'FHFH', 'FFHF', 'FFFG']
current map:  ['SFHH', 'FFHF', 'FFFF', 'FHFG']
current map:  ['SFFH', 'FFHF', 'HFFF', 'HFFG']
current map:  ['SFHF', 'FHHH', 'FFFH', 'HHFG']
current map:  ['SFFH', 'FFFF', 'HFHF', 'FHFG']
current map:  ['SFHH', 'FHHF', 'FFHF', 'FFFG']
current map:  ['SFHF', 'FHHF', 'FFFH', 'FFFG']
current map:  ['SFHF', 'HFHH', 'FFFF', 'HFHG']
current map:  ['SFFF', 'FHFF', 'HFHF', 'FHFG']
current map:  ['SHHH', 'FFFH', 'HFFF', 'FFHG']
current map:  ['SHHF', 'FHHF', 'FFHH', 'HFFG']
current map:  ['SFFF', 'FFHF', 'FFHF', 'HHFG']
current map:  ['SFFH', 'FHFF', 'HFHF', 'HHHG']
current map:  ['SHHH', 'FFHH', 'HFFF', 'FFFG']
current map:  ['SFFF', 'FHHH', 'FFFH', 'HFFG']
current map:  ['SFHF', 'FHFH', 'FFFF', 'FHHG']
current map:  ['SFFH', 'HFHH', 'HFFF', 'HHHG']
current map:  ['SFHF', 'HFFH', 'HFFF', 'HHHG']
current map:  ['SFHH', 'HFFF', 'FHHF', 'FHFG']
current map:  ['SFHF', 'HFFH', 'HFFH', 'HHFG']
current map:  ['SFFF', 'FHHF', 'FFFH', 'HHFG']
current map:  ['SHFF', 'FFFH', 'HFFF', 'HHFG']
current map:  ['SFHF', 'HFFH', 'FHFF', 'HHFG']
current map:  ['SHFH', 'FFHF', 'FFHH', 'HFFG']
current map:  ['SHFH', 'FHFH', 'FFFF', 'FFHG']
current map:  ['SFFH', 'HHFF', 'HHHF', 'HHFG']
current map:  ['SHFH', 'FHFF', 'FFFH', 'FHFG']
current map:  ['SFFH', 'HHFF', 'HFFF', 'HFHG']
current map:  ['SFHF', 'FFHH', 'FFHH', 'HFFG']
current map:  ['SHFF', 'FFFF', 'HFFF', 'FFFG']
current map:  ['SHFH', 'FFFH', 'HFFH', 'HFFG']
current map:  ['SFFF', 'FFFH', 'FFHH', 'HFFG']
current map:  ['SFFF', 'HFFH', 'FFHH', 'FFFG']
current map:  ['SFFF', 'HFHF', 'HFHF', 'HHHG']
current map:  ['SFHH', 'FFFH', 'FFFF', 'HFHG']
current map:  ['SHHF', 'FFHF', 'HFFF', 'HHHG']
current map:  ['SFHH', 'FFHF', 'FFFF', 'FHFG']
current map:  ['SFHH', 'FHFF', 'FFHF', 'FFFG']
current map:  ['SFFF', 'FFFH', 'HHFF', 'FHHG']
current map:  ['SFFH', 'HHFF', 'FFFF', 'HFHG']
current map:  ['SHHF', 'FHFF', 'FHFH', 'FFFG']
current map:  ['SFFH', 'HFHF', 'HFFF', 'FHHG']
current map:  ['SFHF', 'HFFF', 'FHFH', 'HHFG']
current map:  ['SFHH', 'FFFF', 'HHFF', 'FFHG']
current map:  ['SHFH', 'FFHF', 'HFFF', 'FFHG']
current map:  ['SFHH', 'FFFF', 'HFFF', 'FHHG']
current map:  ['SFFH', 'FFFH', 'FFFF', 'HFHG']
current map:  ['SFFH', 'FFFF', 'HHHF', 'HHFG']
current map:  ['SFFF', 'HHHF', 'HFFF', 'HFHG']
current map:  ['SHFF', 'FFFF', 'HFFF', 'FFHG']
current map:  ['SFFH', 'FFHH', 'HFFH', 'HFFG']
current map:  ['SFHF', 'FFFF', 'FHHF', 'FHHG']
current map:  ['SFHF', 'HFFF', 'HHHF', 'FFFG']
current map:  ['SFFF', 'HFHF', 'HFFH', 'FFFG']
current map:  ['SFFF', 'FHHF', 'FFHF', 'FHHG']
current map:  ['SHFF', 'FFFH', 'FHFH', 'HHFG']
current map:  ['SHFF', 'FFFF', 'HFHF', 'HHHG']
current map:  ['SFFH', 'FFHH', 'HFHH', 'HFFG']
current map:  ['SFFF', 'FFHF', 'FHFF', 'HHFG']
current map:  ['SHFH', 'FFHH', 'HFFF', 'FHHG']
current map:  ['SFFF', 'FFFF', 'FHHH', 'FFFG']
current map:  ['SFFH', 'HHFF', 'FFFH', 'HHFG']
current map:  ['SHFF', 'FHFF', 'FFFH', 'HHFG']
current map:  ['SHFH', 'FFFH', 'FFFF', 'HFHG']
current map:  ['SFFH', 'HFFH', 'FHFH', 'FHFG']
current map:  ['SHFF', 'FHHH', 'FFFH', 'HHFG']
current map:  ['SFFH', 'FFFH', 'FFHH', 'FFFG']
current map:  ['SFHF', 'HFFF', 'HHFF', 'FFHG']
current map:  ['SFHH', 'HFFF', 'HHFF', 'HFFG']
current map:  ['SHFH', 'FHHF', 'FFFF', 'FHFG']
current map:  ['SFFH', 'FHFF', 'FHHF', 'FFFG']
current map:  ['SFHF', 'HFHF', 'FFFF', 'FHFG']
current map:  ['SFFF', 'FHFF', 'FFFF', 'HHFG']
current map:  ['SHFF', 'FFHF', 'HFFH', 'HHFG']
current map:  ['SHFF', 'FHHH', 'FFHH', 'HFFG']
current map:  ['SFHF', 'HFFF', 'HFHF', 'FHHG']
current map:  ['SFFF', 'HFHH', 'HFFF', 'HFFG']
current map:  ['SFFH', 'FHFH', 'FHFF', 'HFHG']
current map:  ['SHHF', 'FFFF', 'HFFF', 'HHFG']
current map:  ['SHHH', 'FHFH', 'FFFF', 'HFHG']
current map:  ['SFHF', 'FFFF', 'HHFH', 'HFFG']
current map:  ['SHHH', 'FFFH', 'FFHF', 'HFFG']
current map:  ['SHHF', 'FHHH', 'FFFF', 'FFFG']
current map:  ['SHFF', 'FFFH', 'FFFF', 'FFHG']
