JobId=8588249 JobName=frozenlake_dataset.sbatch
   UserId=koner(565562) GroupId=domain users(100513) MCS_label=N/A
   Priority=27242026 Nice=0 Account=ewi-insy-ii-influence QOS=short
   JobState=RUNNING Reason=None Dependency=(null)
   Requeue=0 Restarts=0 BatchFlag=1 Reboot=0 ExitCode=0:0
   DerivedExitCode=0:0
   RunTime=00:00:00 TimeLimit=01:00:00 TimeMin=N/A
   SubmitTime=2023-07-14T14:05:03 EligibleTime=2023-07-14T14:05:03
   AccrueTime=2023-07-14T14:05:03
   StartTime=2023-07-14T14:05:07 EndTime=2023-07-14T15:05:07 Deadline=N/A
   SuspendTime=None SecsPreSuspend=0 LastSchedEval=2023-07-14T14:05:07 Scheduler=Backfill
   Partition=general AllocNode:Sid=login1:3641
   ReqNodeList=(null) ExcNodeList=(null)
   NodeList=grs4
   BatchHost=grs4
   NumNodes=1 NumCPUs=10 NumTasks=10 CPUs/Task=1 ReqB:S:C:T=0:0:*:*
   TRES=cpu=10,mem=850M,node=1,billing=5
   Socks/Node=* NtasksPerN:B:S:C=0:0:*:* CoreSpec=*
   JOB_GRES=(null)
     Nodes=grs4 CPU_IDs=10-15,26-29 Mem=850 GRES=
   MinCPUsNode=1 MinMemoryCPU=85M MinTmpDiskNode=0
   Features=(null) DelayBoot=00:00:00
   OverSubscribe=OK Contiguous=0 Licenses=(null) Network=(null)
   Command=/winhome/koner/Desktop/MCTS-Time-Management/jobscripts/frozenlake_dataset.sbatch
   WorkDir=/winhome/koner/Desktop/MCTS-Time-Management/jobscripts
   StdErr=/winhome/koner/Desktop/MCTS-Time-Management/jobscripts/slurm-8588249.out
   StdIn=/dev/null
   StdOut=/winhome/koner/Desktop/MCTS-Time-Management/jobscripts/slurm-8588249.out
   Power=
   MailUser=koner MailType=END
   

srun: Job 8588249 step creation temporarily disabled, retrying (Requested nodes are busy)
srun: Job 8588249 step creation temporarily disabled, retrying (Requested nodes are busy)
srun: Job 8588249 step creation temporarily disabled, retrying (Requested nodes are busy)
srun: Job 8588249 step creation temporarily disabled, retrying (Requested nodes are busy)
srun: Job 8588249 step creation temporarily disabled, retrying (Requested nodes are busy)
srun: Job 8588249 step creation still disabled, retrying (Requested nodes are busy)
srun: Job 8588249 step creation still disabled, retrying (Requested nodes are busy)
srun: Job 8588249 step creation still disabled, retrying (Requested nodes are busy)
srun: Job 8588249 step creation still disabled, retrying (Requested nodes are busy)
srun: Job 8588249 step creation still disabled, retrying (Requested nodes are busy)
srun: Job 8588249 step creation still disabled, retrying (Requested nodes are busy)
srun: Job 8588249 step creation still disabled, retrying (Requested nodes are busy)
srun: Job 8588249 step creation still disabled, retrying (Requested nodes are busy)
srun: Job 8588249 step creation still disabled, retrying (Requested nodes are busy)
srun: Job 8588249 step creation still disabled, retrying (Requested nodes are busy)
srun: Job 8588249 step creation still disabled, retrying (Requested nodes are busy)
srun: Job 8588249 step creation still disabled, retrying (Requested nodes are busy)
srun: Job 8588249 step creation still disabled, retrying (Requested nodes are busy)
srun: Job 8588249 step creation still disabled, retrying (Requested nodes are busy)
srun: Job 8588249 step creation still disabled, retrying (Requested nodes are busy)
srun: Job 8588249 step creation still disabled, retrying (Requested nodes are busy)
srun: Job 8588249 step creation still disabled, retrying (Requested nodes are busy)
srun: Job 8588249 step creation still disabled, retrying (Requested nodes are busy)
srun: Job 8588249 step creation still disabled, retrying (Requested nodes are busy)
srun: Job 8588249 step creation still disabled, retrying (Requested nodes are busy)
srun: Job 8588249 step creation still disabled, retrying (Requested nodes are busy)
srun: Job 8588249 step creation still disabled, retrying (Requested nodes are busy)
srun: Job 8588249 step creation still disabled, retrying (Requested nodes are busy)
srun: Job 8588249 step creation still disabled, retrying (Requested nodes are busy)
srun: Job 8588249 step creation still disabled, retrying (Requested nodes are busy)
Cluster_2_1000_s1_100-t1-FrozenLake-v1: 100/1000
Cluster_2_1000_s1_100-t1-FrozenLake-v1: 200/1000
Cluster_2_1000_s1_100-t1-FrozenLake-v1: 300/1000
Cluster_2_1000_s1_100-t1-FrozenLake-v1: 400/1000
Cluster_2_1000_s1_100-t1-FrozenLake-v1: 500/1000
Cluster_2_1000_s1_100-t1-FrozenLake-v1: 600/1000
Cluster_2_1000_s1_100-t1-FrozenLake-v1: 700/1000
Cluster_2_1000_s1_100-t1-FrozenLake-v1: 800/1000
Cluster_2_1000_s1_100-t1-FrozenLake-v1: 900/1000
Cluster_2_1000_s1_100-t1-FrozenLake-v1: 1000/1000
Cluster_7_1000_s1_100-t1-FrozenLake-v1: 100/1000
Cluster_7_1000_s1_100-t1-FrozenLake-v1: 200/1000
Cluster_7_1000_s1_100-t1-FrozenLake-v1: 300/1000
Cluster_7_1000_s1_100-t1-FrozenLake-v1: 400/1000
Cluster_7_1000_s1_100-t1-FrozenLake-v1: 500/1000
Cluster_7_1000_s1_100-t1-FrozenLake-v1: 600/1000
Cluster_7_1000_s1_100-t1-FrozenLake-v1: 700/1000
Cluster_7_1000_s1_100-t1-FrozenLake-v1: 800/1000
Cluster_7_1000_s1_100-t1-FrozenLake-v1: 900/1000
Cluster_7_1000_s1_100-t1-FrozenLake-v1: 1000/1000
Cluster_6_1000_s1_100-t1-FrozenLake-v1: 100/1000
Cluster_6_1000_s1_100-t1-FrozenLake-v1: 200/1000
Cluster_6_1000_s1_100-t1-FrozenLake-v1: 300/1000
Cluster_6_1000_s1_100-t1-FrozenLake-v1: 400/1000
Cluster_6_1000_s1_100-t1-FrozenLake-v1: 500/1000
Cluster_6_1000_s1_100-t1-FrozenLake-v1: 600/1000
Cluster_6_1000_s1_100-t1-FrozenLake-v1: 700/1000
Cluster_6_1000_s1_100-t1-FrozenLake-v1: 800/1000
Cluster_6_1000_s1_100-t1-FrozenLake-v1: 900/1000
Cluster_6_1000_s1_100-t1-FrozenLake-v1: 1000/1000
Cluster_10_1000_s1_100-t1-FrozenLake-v1: 100/1000
Cluster_10_1000_s1_100-t1-FrozenLake-v1: 200/1000
Cluster_10_1000_s1_100-t1-FrozenLake-v1: 300/1000
Cluster_10_1000_s1_100-t1-FrozenLake-v1: 400/1000
Cluster_10_1000_s1_100-t1-FrozenLake-v1: 500/1000
Cluster_10_1000_s1_100-t1-FrozenLake-v1: 600/1000
Cluster_10_1000_s1_100-t1-FrozenLake-v1: 700/1000
Cluster_10_1000_s1_100-t1-FrozenLake-v1: 800/1000
Cluster_10_1000_s1_100-t1-FrozenLake-v1: 900/1000
Cluster_10_1000_s1_100-t1-FrozenLake-v1: 1000/1000
Cluster_4_1000_s1_100-t1-FrozenLake-v1: 100/1000
Cluster_4_1000_s1_100-t1-FrozenLake-v1: 200/1000
Cluster_4_1000_s1_100-t1-FrozenLake-v1: 300/1000
Cluster_4_1000_s1_100-t1-FrozenLake-v1: 400/1000
Cluster_4_1000_s1_100-t1-FrozenLake-v1: 500/1000
Cluster_4_1000_s1_100-t1-FrozenLake-v1: 600/1000
Cluster_4_1000_s1_100-t1-FrozenLake-v1: 700/1000
Cluster_4_1000_s1_100-t1-FrozenLake-v1: 800/1000
Cluster_4_1000_s1_100-t1-FrozenLake-v1: 900/1000
Cluster_4_1000_s1_100-t1-FrozenLake-v1: 1000/1000
srun: Job 8588249 step creation still disabled, retrying (Requested nodes are busy)
srun: Step created for job 8588249
srun: Job 8588249 step creation still disabled, retrying (Requested nodes are busy)
srun: Step created for job 8588249
srun: Job 8588249 step creation still disabled, retrying (Requested nodes are busy)
srun: Step created for job 8588249
srun: Job 8588249 step creation still disabled, retrying (Requested nodes are busy)
srun: Step created for job 8588249
srun: Job 8588249 step creation still disabled, retrying (Requested nodes are busy)
srun: Step created for job 8588249
Cluster_1_1000_s1_100-t1-FrozenLake-v1: 100/1000
Cluster_1_1000_s1_100-t1-FrozenLake-v1: 200/1000
Cluster_1_1000_s1_100-t1-FrozenLake-v1: 300/1000
Cluster_1_1000_s1_100-t1-FrozenLake-v1: 400/1000
Cluster_1_1000_s1_100-t1-FrozenLake-v1: 500/1000
Cluster_1_1000_s1_100-t1-FrozenLake-v1: 600/1000
Cluster_1_1000_s1_100-t1-FrozenLake-v1: 700/1000
Cluster_1_1000_s1_100-t1-FrozenLake-v1: 800/1000
Cluster_1_1000_s1_100-t1-FrozenLake-v1: 900/1000
Cluster_1_1000_s1_100-t1-FrozenLake-v1: 1000/1000
Cluster_3_1000_s1_100-t1-FrozenLake-v1: 100/1000
Cluster_3_1000_s1_100-t1-FrozenLake-v1: 200/1000
Cluster_3_1000_s1_100-t1-FrozenLake-v1: 300/1000
Cluster_3_1000_s1_100-t1-FrozenLake-v1: 400/1000
Cluster_3_1000_s1_100-t1-FrozenLake-v1: 500/1000
Cluster_3_1000_s1_100-t1-FrozenLake-v1: 600/1000
Cluster_3_1000_s1_100-t1-FrozenLake-v1: 700/1000
Cluster_3_1000_s1_100-t1-FrozenLake-v1: 800/1000
Cluster_3_1000_s1_100-t1-FrozenLake-v1: 900/1000
Cluster_3_1000_s1_100-t1-FrozenLake-v1: 1000/1000
Cluster_9_1000_s1_100-t1-FrozenLake-v1: 100/1000
Cluster_9_1000_s1_100-t1-FrozenLake-v1: 200/1000
Cluster_9_1000_s1_100-t1-FrozenLake-v1: 300/1000
Cluster_9_1000_s1_100-t1-FrozenLake-v1: 400/1000
Cluster_9_1000_s1_100-t1-FrozenLake-v1: 500/1000
Cluster_9_1000_s1_100-t1-FrozenLake-v1: 600/1000
Cluster_9_1000_s1_100-t1-FrozenLake-v1: 700/1000
Cluster_9_1000_s1_100-t1-FrozenLake-v1: 800/1000
Cluster_9_1000_s1_100-t1-FrozenLake-v1: 900/1000
Cluster_9_1000_s1_100-t1-FrozenLake-v1: 1000/1000
Cluster_5_1000_s1_100-t1-FrozenLake-v1: 100/1000
Cluster_5_1000_s1_100-t1-FrozenLake-v1: 200/1000
Cluster_5_1000_s1_100-t1-FrozenLake-v1: 300/1000
Cluster_5_1000_s1_100-t1-FrozenLake-v1: 400/1000
Cluster_5_1000_s1_100-t1-FrozenLake-v1: 500/1000
Cluster_5_1000_s1_100-t1-FrozenLake-v1: 600/1000
Cluster_5_1000_s1_100-t1-FrozenLake-v1: 700/1000
Cluster_5_1000_s1_100-t1-FrozenLake-v1: 800/1000
Cluster_5_1000_s1_100-t1-FrozenLake-v1: 900/1000
Cluster_5_1000_s1_100-t1-FrozenLake-v1: 1000/1000
Cluster_8_1000_s1_100-t1-FrozenLake-v1: 100/1000
Cluster_8_1000_s1_100-t1-FrozenLake-v1: 200/1000
Cluster_8_1000_s1_100-t1-FrozenLake-v1: 300/1000
Cluster_8_1000_s1_100-t1-FrozenLake-v1: 400/1000
Cluster_8_1000_s1_100-t1-FrozenLake-v1: 500/1000
Cluster_8_1000_s1_100-t1-FrozenLake-v1: 600/1000
Cluster_8_1000_s1_100-t1-FrozenLake-v1: 700/1000
Cluster_8_1000_s1_100-t1-FrozenLake-v1: 800/1000
Cluster_8_1000_s1_100-t1-FrozenLake-v1: 900/1000
Cluster_8_1000_s1_100-t1-FrozenLake-v1: 1000/1000
