JobId=9849036 JobName=with_different_maps.sbatch
   UserId=koner(565562) GroupId=domain users(100513) MCS_label=N/A
   Priority=18407407 Nice=0 Account=ewi-insy-ii-influence QOS=medium
   JobState=RUNNING Reason=None Dependency=(null)
   Requeue=0 Restarts=0 BatchFlag=1 Reboot=0 ExitCode=0:0
   DerivedExitCode=0:0
   RunTime=00:00:01 TimeLimit=01:30:00 TimeMin=N/A
   SubmitTime=2024-03-20T21:11:21 EligibleTime=2024-03-20T21:11:21
   AccrueTime=2024-03-20T21:11:21
   StartTime=2024-03-20T21:11:30 EndTime=2024-03-20T22:41:30 Deadline=N/A
   SuspendTime=None SecsPreSuspend=0 LastSchedEval=2024-03-20T21:11:30 Scheduler=Backfill
   Partition=general AllocNode:Sid=login1:26696
   ReqNodeList=(null) ExcNodeList=(null)
   NodeList=influ6
   BatchHost=influ6
   NumNodes=1 NumCPUs=64 NumTasks=1 CPUs/Task=64 ReqB:S:C:T=0:0:*:*
   TRES=cpu=64,mem=16000M,node=1,billing=33
   Socks/Node=* NtasksPerN:B:S:C=0:0:*:* CoreSpec=*
   JOB_GRES=(null)
     Nodes=influ6 CPU_IDs=8-71 Mem=16000 GRES=
   MinCPUsNode=64 MinMemoryNode=16000M MinTmpDiskNode=0
   Features=(null) DelayBoot=00:00:00
   OverSubscribe=OK Contiguous=0 Licenses=(null) Network=(null)
   Command=/winhome/koner/Desktop/MCTS-Time-Management/jobscripts/with_different_maps.sbatch
   WorkDir=/winhome/koner/Desktop/MCTS-Time-Management/jobscripts
   StdErr=/winhome/koner/Desktop/MCTS-Time-Management/jobscripts/slurm-9849036.out
   StdIn=/dev/null
   StdOut=/winhome/koner/Desktop/MCTS-Time-Management/jobscripts/slurm-9849036.out
   Power=
   MailUser=koner MailType=END
   

Data set loaded


Finished epoch 1, latest loss 0.568397581577301
Traceback (most recent call last):
  File "../scripts/WithDifferentMaps.py", line 272, in <module>
    print("Iter: %d\nTraining error 1: %f\n\Training error 2: %f\nTest error: %f\n" % (iter, train_score1, train_scores2, test_scores))
TypeError: must be real number, not list
srun: error: influ6: task 0: Exited with exit code 1
srun: launch/slurm: _step_signal: Terminating StepId=9849036.0
