JobId=8579913 JobName=cartpole_dataset.sbatch
   UserId=koner(565562) GroupId=domain users(100513) MCS_label=N/A
   Priority=16932330 Nice=0 Account=ewi-insy-ii-influence QOS=medium
   JobState=RUNNING Reason=None Dependency=(null)
   Requeue=0 Restarts=0 BatchFlag=1 Reboot=0 ExitCode=0:0
   DerivedExitCode=0:0
   RunTime=00:00:01 TimeLimit=06:40:00 TimeMin=N/A
   SubmitTime=2023-07-09T00:32:44 EligibleTime=2023-07-09T00:32:44
   AccrueTime=2023-07-09T00:32:44
   StartTime=2023-07-09T00:32:44 EndTime=2023-07-09T07:12:44 Deadline=N/A
   SuspendTime=None SecsPreSuspend=0 LastSchedEval=2023-07-09T00:32:44 Scheduler=Main
   Partition=general AllocNode:Sid=login1:15645
   ReqNodeList=(null) ExcNodeList=(null)
   NodeList=grs4
   BatchHost=grs4
   NumNodes=1 NumCPUs=10 NumTasks=10 CPUs/Task=1 ReqB:S:C:T=0:0:*:*
   TRES=cpu=10,mem=850M,node=1,billing=5
   Socks/Node=* NtasksPerN:B:S:C=0:0:*:* CoreSpec=*
   JOB_GRES=(null)
     Nodes=grs4 CPU_IDs=8-9,16-23 Mem=850 GRES=
   MinCPUsNode=1 MinMemoryCPU=85M MinTmpDiskNode=0
   Features=(null) DelayBoot=00:00:00
   OverSubscribe=OK Contiguous=0 Licenses=(null) Network=(null)
   Command=/winhome/koner/Desktop/MCTS-Time-Management/jobscripts/cartpole_dataset.sbatch
   WorkDir=/winhome/koner/Desktop/MCTS-Time-Management/jobscripts
   StdErr=/winhome/koner/Desktop/MCTS-Time-Management/jobscripts/slurm-8579913.out
   StdIn=/dev/null
   StdOut=/winhome/koner/Desktop/MCTS-Time-Management/jobscripts/slurm-8579913.out
   Power=
   MailUser=koner MailType=END
   

srun: Job 8579913 step creation temporarily disabled, retrying (Requested nodes are busy)
srun: Job 8579913 step creation temporarily disabled, retrying (Requested nodes are busy)
srun: Job 8579913 step creation temporarily disabled, retrying (Requested nodes are busy)
srun: Job 8579913 step creation temporarily disabled, retrying (Requested nodes are busy)
srun: Job 8579913 step creation temporarily disabled, retrying (Requested nodes are busy)
srun: Job 8579913 step creation still disabled, retrying (Requested nodes are busy)
srun: Job 8579913 step creation still disabled, retrying (Requested nodes are busy)
srun: Job 8579913 step creation still disabled, retrying (Requested nodes are busy)
srun: Job 8579913 step creation still disabled, retrying (Requested nodes are busy)
srun: Job 8579913 step creation still disabled, retrying (Requested nodes are busy)
srun: Job 8579913 step creation still disabled, retrying (Requested nodes are busy)
srun: Job 8579913 step creation still disabled, retrying (Requested nodes are busy)
srun: Job 8579913 step creation still disabled, retrying (Requested nodes are busy)
srun: Job 8579913 step creation still disabled, retrying (Requested nodes are busy)
srun: Job 8579913 step creation still disabled, retrying (Requested nodes are busy)
srun: Job 8579913 step creation still disabled, retrying (Requested nodes are busy)
srun: Job 8579913 step creation still disabled, retrying (Requested nodes are busy)
srun: Job 8579913 step creation still disabled, retrying (Requested nodes are busy)
srun: Job 8579913 step creation still disabled, retrying (Requested nodes are busy)
srun: Job 8579913 step creation still disabled, retrying (Requested nodes are busy)
srun: Job 8579913 step creation still disabled, retrying (Requested nodes are busy)
srun: Job 8579913 step creation still disabled, retrying (Requested nodes are busy)
srun: Job 8579913 step creation still disabled, retrying (Requested nodes are busy)
srun: Job 8579913 step creation still disabled, retrying (Requested nodes are busy)
srun: Job 8579913 step creation still disabled, retrying (Requested nodes are busy)
srun: Job 8579913 step creation still disabled, retrying (Requested nodes are busy)
srun: Job 8579913 step creation still disabled, retrying (Requested nodes are busy)
srun: Job 8579913 step creation still disabled, retrying (Requested nodes are busy)
srun: Job 8579913 step creation still disabled, retrying (Requested nodes are busy)
srun: Job 8579913 step creation still disabled, retrying (Requested nodes are busy)
srun: Job 8579913 step creation still disabled, retrying (Requested nodes are busy)
srun: Job 8579913 step creation still disabled, retrying (Requested nodes are busy)
srun: Job 8579913 step creation still disabled, retrying (Requested nodes are busy)
srun: Job 8579913 step creation still disabled, retrying (Requested nodes are busy)
srun: Job 8579913 step creation still disabled, retrying (Requested nodes are busy)
srun: Job 8579913 step creation still disabled, retrying (Requested nodes are busy)
srun: Job 8579913 step creation still disabled, retrying (Requested nodes are busy)
srun: Job 8579913 step creation still disabled, retrying (Requested nodes are busy)
srun: Job 8579913 step creation still disabled, retrying (Requested nodes are busy)
srun: Job 8579913 step creation still disabled, retrying (Requested nodes are busy)
srun: Job 8579913 step creation still disabled, retrying (Requested nodes are busy)
srun: Job 8579913 step creation still disabled, retrying (Requested nodes are busy)
srun: Job 8579913 step creation still disabled, retrying (Requested nodes are busy)
srun: Job 8579913 step creation still disabled, retrying (Requested nodes are busy)
srun: Job 8579913 step creation still disabled, retrying (Requested nodes are busy)
srun: Job 8579913 step creation still disabled, retrying (Requested nodes are busy)
srun: Job 8579913 step creation still disabled, retrying (Requested nodes are busy)
srun: Job 8579913 step creation still disabled, retrying (Requested nodes are busy)
srun: Job 8579913 step creation still disabled, retrying (Requested nodes are busy)
srun: Job 8579913 step creation still disabled, retrying (Requested nodes are busy)
srun: Job 8579913 step creation still disabled, retrying (Requested nodes are busy)
srun: Job 8579913 step creation still disabled, retrying (Requested nodes are busy)
srun: Job 8579913 step creation still disabled, retrying (Requested nodes are busy)
srun: Job 8579913 step creation still disabled, retrying (Requested nodes are busy)
srun: Job 8579913 step creation still disabled, retrying (Requested nodes are busy)
srun: Job 8579913 step creation still disabled, retrying (Requested nodes are busy)
srun: Job 8579913 step creation still disabled, retrying (Requested nodes are busy)
srun: Job 8579913 step creation still disabled, retrying (Requested nodes are busy)
srun: Job 8579913 step creation still disabled, retrying (Requested nodes are busy)
srun: Job 8579913 step creation still disabled, retrying (Requested nodes are busy)
srun: Job 8579913 step creation still disabled, retrying (Requested nodes are busy)
srun: Job 8579913 step creation still disabled, retrying (Requested nodes are busy)
srun: Job 8579913 step creation still disabled, retrying (Requested nodes are busy)
srun: Job 8579913 step creation still disabled, retrying (Requested nodes are busy)
srun: Job 8579913 step creation still disabled, retrying (Requested nodes are busy)
srun: Job 8579913 step creation still disabled, retrying (Requested nodes are busy)
srun: Job 8579913 step creation still disabled, retrying (Requested nodes are busy)
srun: Job 8579913 step creation still disabled, retrying (Requested nodes are busy)
srun: Job 8579913 step creation still disabled, retrying (Requested nodes are busy)
srun: Job 8579913 step creation still disabled, retrying (Requested nodes are busy)
srun: Job 8579913 step creation still disabled, retrying (Requested nodes are busy)
srun: Job 8579913 step creation still disabled, retrying (Requested nodes are busy)
srun: Job 8579913 step creation still disabled, retrying (Requested nodes are busy)
srun: Job 8579913 step creation still disabled, retrying (Requested nodes are busy)
srun: Job 8579913 step creation still disabled, retrying (Requested nodes are busy)
srun: Job 8579913 step creation still disabled, retrying (Requested nodes are busy)
srun: Job 8579913 step creation still disabled, retrying (Requested nodes are busy)
srun: Job 8579913 step creation still disabled, retrying (Requested nodes are busy)
srun: Job 8579913 step creation still disabled, retrying (Requested nodes are busy)
srun: Job 8579913 step creation still disabled, retrying (Requested nodes are busy)
srun: Job 8579913 step creation still disabled, retrying (Requested nodes are busy)
srun: Job 8579913 step creation still disabled, retrying (Requested nodes are busy)
srun: Job 8579913 step creation still disabled, retrying (Requested nodes are busy)
srun: Job 8579913 step creation still disabled, retrying (Requested nodes are busy)
srun: Job 8579913 step creation still disabled, retrying (Requested nodes are busy)
srun: Job 8579913 step creation still disabled, retrying (Requested nodes are busy)
srun: Job 8579913 step creation still disabled, retrying (Requested nodes are busy)
srun: Job 8579913 step creation still disabled, retrying (Requested nodes are busy)
srun: Job 8579913 step creation still disabled, retrying (Requested nodes are busy)
srun: Job 8579913 step creation still disabled, retrying (Requested nodes are busy)
srun: Job 8579913 step creation still disabled, retrying (Requested nodes are busy)
srun: Job 8579913 step creation still disabled, retrying (Requested nodes are busy)
srun: Job 8579913 step creation still disabled, retrying (Requested nodes are busy)
srun: Job 8579913 step creation still disabled, retrying (Requested nodes are busy)
srun: Job 8579913 step creation still disabled, retrying (Requested nodes are busy)
srun: Job 8579913 step creation still disabled, retrying (Requested nodes are busy)
srun: Job 8579913 step creation still disabled, retrying (Requested nodes are busy)
srun: Job 8579913 step creation still disabled, retrying (Requested nodes are busy)
srun: Job 8579913 step creation still disabled, retrying (Requested nodes are busy)
srun: Job 8579913 step creation still disabled, retrying (Requested nodes are busy)
srun: Job 8579913 step creation still disabled, retrying (Requested nodes are busy)
srun: Job 8579913 step creation still disabled, retrying (Requested nodes are busy)
srun: Job 8579913 step creation still disabled, retrying (Requested nodes are busy)
srun: Job 8579913 step creation still disabled, retrying (Requested nodes are busy)
srun: Job 8579913 step creation still disabled, retrying (Requested nodes are busy)
srun: Job 8579913 step creation still disabled, retrying (Requested nodes are busy)
srun: Job 8579913 step creation still disabled, retrying (Requested nodes are busy)
srun: Job 8579913 step creation still disabled, retrying (Requested nodes are busy)
srun: Job 8579913 step creation still disabled, retrying (Requested nodes are busy)
srun: Job 8579913 step creation still disabled, retrying (Requested nodes are busy)
srun: Job 8579913 step creation still disabled, retrying (Requested nodes are busy)
srun: Job 8579913 step creation still disabled, retrying (Requested nodes are busy)
srun: Job 8579913 step creation still disabled, retrying (Requested nodes are busy)
srun: Job 8579913 step creation still disabled, retrying (Requested nodes are busy)
srun: Job 8579913 step creation still disabled, retrying (Requested nodes are busy)
srun: Job 8579913 step creation still disabled, retrying (Requested nodes are busy)
srun: Job 8579913 step creation still disabled, retrying (Requested nodes are busy)
srun: Job 8579913 step creation still disabled, retrying (Requested nodes are busy)
srun: Job 8579913 step creation still disabled, retrying (Requested nodes are busy)
srun: Job 8579913 step creation still disabled, retrying (Requested nodes are busy)
srun: Job 8579913 step creation still disabled, retrying (Requested nodes are busy)
srun: Job 8579913 step creation still disabled, retrying (Requested nodes are busy)
srun: Job 8579913 step creation still disabled, retrying (Requested nodes are busy)
srun: Job 8579913 step creation still disabled, retrying (Requested nodes are busy)
srun: Job 8579913 step creation still disabled, retrying (Requested nodes are busy)
srun: Job 8579913 step creation still disabled, retrying (Requested nodes are busy)
srun: Job 8579913 step creation still disabled, retrying (Requested nodes are busy)
srun: Job 8579913 step creation still disabled, retrying (Requested nodes are busy)
srun: Job 8579913 step creation still disabled, retrying (Requested nodes are busy)
srun: Job 8579913 step creation still disabled, retrying (Requested nodes are busy)
srun: Job 8579913 step creation still disabled, retrying (Requested nodes are busy)
srun: Job 8579913 step creation still disabled, retrying (Requested nodes are busy)
srun: Job 8579913 step creation still disabled, retrying (Requested nodes are busy)
srun: Job 8579913 step creation still disabled, retrying (Requested nodes are busy)
srun: Job 8579913 step creation still disabled, retrying (Requested nodes are busy)
srun: Job 8579913 step creation still disabled, retrying (Requested nodes are busy)
srun: Job 8579913 step creation still disabled, retrying (Requested nodes are busy)
srun: Job 8579913 step creation still disabled, retrying (Requested nodes are busy)
srun: Job 8579913 step creation still disabled, retrying (Requested nodes are busy)
srun: Job 8579913 step creation still disabled, retrying (Requested nodes are busy)
srun: Job 8579913 step creation still disabled, retrying (Requested nodes are busy)
srun: Job 8579913 step creation still disabled, retrying (Requested nodes are busy)
srun: Job 8579913 step creation still disabled, retrying (Requested nodes are busy)
srun: Job 8579913 step creation still disabled, retrying (Requested nodes are busy)
srun: Job 8579913 step creation still disabled, retrying (Requested nodes are busy)
srun: Job 8579913 step creation still disabled, retrying (Requested nodes are busy)
srun: Job 8579913 step creation still disabled, retrying (Requested nodes are busy)
srun: Job 8579913 step creation still disabled, retrying (Requested nodes are busy)
srun: Job 8579913 step creation still disabled, retrying (Requested nodes are busy)
srun: Job 8579913 step creation still disabled, retrying (Requested nodes are busy)
srun: Job 8579913 step creation still disabled, retrying (Requested nodes are busy)
srun: Job 8579913 step creation still disabled, retrying (Requested nodes are busy)
srun: Job 8579913 step creation still disabled, retrying (Requested nodes are busy)
srun: Job 8579913 step creation still disabled, retrying (Requested nodes are busy)
srun: Job 8579913 step creation still disabled, retrying (Requested nodes are busy)
srun: Job 8579913 step creation still disabled, retrying (Requested nodes are busy)
srun: Job 8579913 step creation still disabled, retrying (Requested nodes are busy)
srun: Job 8579913 step creation still disabled, retrying (Requested nodes are busy)
srun: Job 8579913 step creation still disabled, retrying (Requested nodes are busy)
srun: Job 8579913 step creation still disabled, retrying (Requested nodes are busy)
srun: Job 8579913 step creation still disabled, retrying (Requested nodes are busy)
srun: Job 8579913 step creation still disabled, retrying (Requested nodes are busy)
srun: Job 8579913 step creation still disabled, retrying (Requested nodes are busy)
srun: Job 8579913 step creation still disabled, retrying (Requested nodes are busy)
srun: Job 8579913 step creation still disabled, retrying (Requested nodes are busy)
srun: Job 8579913 step creation still disabled, retrying (Requested nodes are busy)
srun: Job 8579913 step creation still disabled, retrying (Requested nodes are busy)
srun: Job 8579913 step creation still disabled, retrying (Requested nodes are busy)
srun: Job 8579913 step creation still disabled, retrying (Requested nodes are busy)
srun: Job 8579913 step creation still disabled, retrying (Requested nodes are busy)
srun: Job 8579913 step creation still disabled, retrying (Requested nodes are busy)
srun: Job 8579913 step creation still disabled, retrying (Requested nodes are busy)
srun: Job 8579913 step creation still disabled, retrying (Requested nodes are busy)
srun: Job 8579913 step creation still disabled, retrying (Requested nodes are busy)
srun: Job 8579913 step creation still disabled, retrying (Requested nodes are busy)
srun: Job 8579913 step creation still disabled, retrying (Requested nodes are busy)
srun: Job 8579913 step creation still disabled, retrying (Requested nodes are busy)
srun: Job 8579913 step creation still disabled, retrying (Requested nodes are busy)
srun: Job 8579913 step creation still disabled, retrying (Requested nodes are busy)
srun: Job 8579913 step creation still disabled, retrying (Requested nodes are busy)
srun: Job 8579913 step creation still disabled, retrying (Requested nodes are busy)
srun: Job 8579913 step creation still disabled, retrying (Requested nodes are busy)
srun: Job 8579913 step creation still disabled, retrying (Requested nodes are busy)
srun: Job 8579913 step creation still disabled, retrying (Requested nodes are busy)
srun: Job 8579913 step creation still disabled, retrying (Requested nodes are busy)
srun: Job 8579913 step creation still disabled, retrying (Requested nodes are busy)
srun: Job 8579913 step creation still disabled, retrying (Requested nodes are busy)
srun: Job 8579913 step creation still disabled, retrying (Requested nodes are busy)
srun: Job 8579913 step creation still disabled, retrying (Requested nodes are busy)
srun: Job 8579913 step creation still disabled, retrying (Requested nodes are busy)
srun: Job 8579913 step creation still disabled, retrying (Requested nodes are busy)
srun: Job 8579913 step creation still disabled, retrying (Requested nodes are busy)
srun: Job 8579913 step creation still disabled, retrying (Requested nodes are busy)
srun: Job 8579913 step creation still disabled, retrying (Requested nodes are busy)
srun: Job 8579913 step creation still disabled, retrying (Requested nodes are busy)
srun: Job 8579913 step creation still disabled, retrying (Requested nodes are busy)
srun: Job 8579913 step creation still disabled, retrying (Requested nodes are busy)
srun: Job 8579913 step creation still disabled, retrying (Requested nodes are busy)
srun: Job 8579913 step creation still disabled, retrying (Requested nodes are busy)
srun: Job 8579913 step creation still disabled, retrying (Requested nodes are busy)
srun: Job 8579913 step creation still disabled, retrying (Requested nodes are busy)
srun: Job 8579913 step creation still disabled, retrying (Requested nodes are busy)
srun: Job 8579913 step creation still disabled, retrying (Requested nodes are busy)
srun: Job 8579913 step creation still disabled, retrying (Requested nodes are busy)
srun: Job 8579913 step creation still disabled, retrying (Requested nodes are busy)
srun: Job 8579913 step creation still disabled, retrying (Requested nodes are busy)
srun: Job 8579913 step creation still disabled, retrying (Requested nodes are busy)
srun: Job 8579913 step creation still disabled, retrying (Requested nodes are busy)
srun: Job 8579913 step creation still disabled, retrying (Requested nodes are busy)
srun: Job 8579913 step creation still disabled, retrying (Requested nodes are busy)
srun: Job 8579913 step creation still disabled, retrying (Requested nodes are busy)
srun: Job 8579913 step creation still disabled, retrying (Requested nodes are busy)
srun: Job 8579913 step creation still disabled, retrying (Requested nodes are busy)
srun: Job 8579913 step creation still disabled, retrying (Requested nodes are busy)
srun: Job 8579913 step creation still disabled, retrying (Requested nodes are busy)
srun: Job 8579913 step creation still disabled, retrying (Requested nodes are busy)
srun: Job 8579913 step creation still disabled, retrying (Requested nodes are busy)
srun: Job 8579913 step creation still disabled, retrying (Requested nodes are busy)
srun: Job 8579913 step creation still disabled, retrying (Requested nodes are busy)
srun: Job 8579913 step creation still disabled, retrying (Requested nodes are busy)
srun: Job 8579913 step creation still disabled, retrying (Requested nodes are busy)
srun: Job 8579913 step creation still disabled, retrying (Requested nodes are busy)
srun: Job 8579913 step creation still disabled, retrying (Requested nodes are busy)
srun: Job 8579913 step creation still disabled, retrying (Requested nodes are busy)
srun: Job 8579913 step creation still disabled, retrying (Requested nodes are busy)
srun: Job 8579913 step creation still disabled, retrying (Requested nodes are busy)
srun: Job 8579913 step creation still disabled, retrying (Requested nodes are busy)
srun: Job 8579913 step creation still disabled, retrying (Requested nodes are busy)
srun: Job 8579913 step creation still disabled, retrying (Requested nodes are busy)
srun: Job 8579913 step creation still disabled, retrying (Requested nodes are busy)
srun: Job 8579913 step creation still disabled, retrying (Requested nodes are busy)
srun: Job 8579913 step creation still disabled, retrying (Requested nodes are busy)
srun: Job 8579913 step creation still disabled, retrying (Requested nodes are busy)
srun: Job 8579913 step creation still disabled, retrying (Requested nodes are busy)
srun: Job 8579913 step creation still disabled, retrying (Requested nodes are busy)
srun: Job 8579913 step creation still disabled, retrying (Requested nodes are busy)
srun: Job 8579913 step creation still disabled, retrying (Requested nodes are busy)
srun: Job 8579913 step creation still disabled, retrying (Requested nodes are busy)
srun: Job 8579913 step creation still disabled, retrying (Requested nodes are busy)
srun: Job 8579913 step creation still disabled, retrying (Requested nodes are busy)
srun: Job 8579913 step creation still disabled, retrying (Requested nodes are busy)
srun: Job 8579913 step creation still disabled, retrying (Requested nodes are busy)
srun: Job 8579913 step creation still disabled, retrying (Requested nodes are busy)
srun: Job 8579913 step creation still disabled, retrying (Requested nodes are busy)
srun: Job 8579913 step creation still disabled, retrying (Requested nodes are busy)
srun: Job 8579913 step creation still disabled, retrying (Requested nodes are busy)
srun: Job 8579913 step creation still disabled, retrying (Requested nodes are busy)
srun: Job 8579913 step creation still disabled, retrying (Requested nodes are busy)
srun: Job 8579913 step creation still disabled, retrying (Requested nodes are busy)
srun: Job 8579913 step creation still disabled, retrying (Requested nodes are busy)
srun: Job 8579913 step creation still disabled, retrying (Requested nodes are busy)
srun: Job 8579913 step creation still disabled, retrying (Requested nodes are busy)
srun: Job 8579913 step creation still disabled, retrying (Requested nodes are busy)
srun: Job 8579913 step creation still disabled, retrying (Requested nodes are busy)
srun: Job 8579913 step creation still disabled, retrying (Requested nodes are busy)
srun: Job 8579913 step creation still disabled, retrying (Requested nodes are busy)
srun: Job 8579913 step creation still disabled, retrying (Requested nodes are busy)
srun: Job 8579913 step creation still disabled, retrying (Requested nodes are busy)
srun: Job 8579913 step creation still disabled, retrying (Requested nodes are busy)
srun: Job 8579913 step creation still disabled, retrying (Requested nodes are busy)
srun: Job 8579913 step creation still disabled, retrying (Requested nodes are busy)
srun: Job 8579913 step creation still disabled, retrying (Requested nodes are busy)
srun: Job 8579913 step creation still disabled, retrying (Requested nodes are busy)
srun: Job 8579913 step creation still disabled, retrying (Requested nodes are busy)
srun: Job 8579913 step creation still disabled, retrying (Requested nodes are busy)
srun: Job 8579913 step creation still disabled, retrying (Requested nodes are busy)
srun: Job 8579913 step creation still disabled, retrying (Requested nodes are busy)
srun: Job 8579913 step creation still disabled, retrying (Requested nodes are busy)
srun: Job 8579913 step creation still disabled, retrying (Requested nodes are busy)
srun: Job 8579913 step creation still disabled, retrying (Requested nodes are busy)
srun: Job 8579913 step creation still disabled, retrying (Requested nodes are busy)
srun: Job 8579913 step creation still disabled, retrying (Requested nodes are busy)
srun: Job 8579913 step creation still disabled, retrying (Requested nodes are busy)
srun: Job 8579913 step creation still disabled, retrying (Requested nodes are busy)
srun: Job 8579913 step creation still disabled, retrying (Requested nodes are busy)
srun: Job 8579913 step creation still disabled, retrying (Requested nodes are busy)
srun: Job 8579913 step creation still disabled, retrying (Requested nodes are busy)
srun: Job 8579913 step creation still disabled, retrying (Requested nodes are busy)
srun: Job 8579913 step creation still disabled, retrying (Requested nodes are busy)
srun: Job 8579913 step creation still disabled, retrying (Requested nodes are busy)
srun: Job 8579913 step creation still disabled, retrying (Requested nodes are busy)
srun: Job 8579913 step creation still disabled, retrying (Requested nodes are busy)
srun: Job 8579913 step creation still disabled, retrying (Requested nodes are busy)
srun: Job 8579913 step creation still disabled, retrying (Requested nodes are busy)
srun: Job 8579913 step creation still disabled, retrying (Requested nodes are busy)
srun: Job 8579913 step creation still disabled, retrying (Requested nodes are busy)
srun: Job 8579913 step creation still disabled, retrying (Requested nodes are busy)
srun: Job 8579913 step creation still disabled, retrying (Requested nodes are busy)
srun: Job 8579913 step creation still disabled, retrying (Requested nodes are busy)
srun: Job 8579913 step creation still disabled, retrying (Requested nodes are busy)
srun: Job 8579913 step creation still disabled, retrying (Requested nodes are busy)
srun: Job 8579913 step creation still disabled, retrying (Requested nodes are busy)
srun: Job 8579913 step creation still disabled, retrying (Requested nodes are busy)
srun: Job 8579913 step creation still disabled, retrying (Requested nodes are busy)
srun: Job 8579913 step creation still disabled, retrying (Requested nodes are busy)
srun: Job 8579913 step creation still disabled, retrying (Requested nodes are busy)
srun: Job 8579913 step creation still disabled, retrying (Requested nodes are busy)
srun: Job 8579913 step creation still disabled, retrying (Requested nodes are busy)
srun: Job 8579913 step creation still disabled, retrying (Requested nodes are busy)
srun: Job 8579913 step creation still disabled, retrying (Requested nodes are busy)
srun: Job 8579913 step creation still disabled, retrying (Requested nodes are busy)
srun: Job 8579913 step creation still disabled, retrying (Requested nodes are busy)
srun: Job 8579913 step creation still disabled, retrying (Requested nodes are busy)
srun: Job 8579913 step creation still disabled, retrying (Requested nodes are busy)
srun: Job 8579913 step creation still disabled, retrying (Requested nodes are busy)
srun: Job 8579913 step creation still disabled, retrying (Requested nodes are busy)
srun: Job 8579913 step creation still disabled, retrying (Requested nodes are busy)
srun: Job 8579913 step creation still disabled, retrying (Requested nodes are busy)
srun: Job 8579913 step creation still disabled, retrying (Requested nodes are busy)
srun: Job 8579913 step creation still disabled, retrying (Requested nodes are busy)
srun: Job 8579913 step creation still disabled, retrying (Requested nodes are busy)
srun: Job 8579913 step creation still disabled, retrying (Requested nodes are busy)
srun: Job 8579913 step creation still disabled, retrying (Requested nodes are busy)
srun: Job 8579913 step creation still disabled, retrying (Requested nodes are busy)
srun: Job 8579913 step creation still disabled, retrying (Requested nodes are busy)
srun: Job 8579913 step creation still disabled, retrying (Requested nodes are busy)
srun: Job 8579913 step creation still disabled, retrying (Requested nodes are busy)
srun: Job 8579913 step creation still disabled, retrying (Requested nodes are busy)
srun: Job 8579913 step creation still disabled, retrying (Requested nodes are busy)
srun: Job 8579913 step creation still disabled, retrying (Requested nodes are busy)
srun: Job 8579913 step creation still disabled, retrying (Requested nodes are busy)
srun: Job 8579913 step creation still disabled, retrying (Requested nodes are busy)
srun: Job 8579913 step creation still disabled, retrying (Requested nodes are busy)
srun: Job 8579913 step creation still disabled, retrying (Requested nodes are busy)
srun: Job 8579913 step creation still disabled, retrying (Requested nodes are busy)
srun: Job 8579913 step creation still disabled, retrying (Requested nodes are busy)
srun: Job 8579913 step creation still disabled, retrying (Requested nodes are busy)
srun: Job 8579913 step creation still disabled, retrying (Requested nodes are busy)
srun: Job 8579913 step creation still disabled, retrying (Requested nodes are busy)
srun: Job 8579913 step creation still disabled, retrying (Requested nodes are busy)
srun: Job 8579913 step creation still disabled, retrying (Requested nodes are busy)
srun: Job 8579913 step creation still disabled, retrying (Requested nodes are busy)
srun: Job 8579913 step creation still disabled, retrying (Requested nodes are busy)
srun: Job 8579913 step creation still disabled, retrying (Requested nodes are busy)
srun: Job 8579913 step creation still disabled, retrying (Requested nodes are busy)
srun: Job 8579913 step creation still disabled, retrying (Requested nodes are busy)
srun: Job 8579913 step creation still disabled, retrying (Requested nodes are busy)
srun: Job 8579913 step creation still disabled, retrying (Requested nodes are busy)
srun: Job 8579913 step creation still disabled, retrying (Requested nodes are busy)
srun: Job 8579913 step creation still disabled, retrying (Requested nodes are busy)
srun: Job 8579913 step creation still disabled, retrying (Requested nodes are busy)
srun: Job 8579913 step creation still disabled, retrying (Requested nodes are busy)
srun: Job 8579913 step creation still disabled, retrying (Requested nodes are busy)
srun: Job 8579913 step creation still disabled, retrying (Requested nodes are busy)
srun: Job 8579913 step creation still disabled, retrying (Requested nodes are busy)
srun: Job 8579913 step creation still disabled, retrying (Requested nodes are busy)
srun: Job 8579913 step creation still disabled, retrying (Requested nodes are busy)
srun: Job 8579913 step creation still disabled, retrying (Requested nodes are busy)
srun: Job 8579913 step creation still disabled, retrying (Requested nodes are busy)
srun: Job 8579913 step creation still disabled, retrying (Requested nodes are busy)
srun: Job 8579913 step creation still disabled, retrying (Requested nodes are busy)
srun: Job 8579913 step creation still disabled, retrying (Requested nodes are busy)
srun: Job 8579913 step creation still disabled, retrying (Requested nodes are busy)
srun: Job 8579913 step creation still disabled, retrying (Requested nodes are busy)
srun: Job 8579913 step creation still disabled, retrying (Requested nodes are busy)
srun: Job 8579913 step creation still disabled, retrying (Requested nodes are busy)
srun: Job 8579913 step creation still disabled, retrying (Requested nodes are busy)
srun: Job 8579913 step creation still disabled, retrying (Requested nodes are busy)
srun: Job 8579913 step creation still disabled, retrying (Requested nodes are busy)
srun: Job 8579913 step creation still disabled, retrying (Requested nodes are busy)
srun: Job 8579913 step creation still disabled, retrying (Requested nodes are busy)
srun: Job 8579913 step creation still disabled, retrying (Requested nodes are busy)
srun: Job 8579913 step creation still disabled, retrying (Requested nodes are busy)
srun: Job 8579913 step creation still disabled, retrying (Requested nodes are busy)
srun: Job 8579913 step creation still disabled, retrying (Requested nodes are busy)
srun: Job 8579913 step creation still disabled, retrying (Requested nodes are busy)
srun: Job 8579913 step creation still disabled, retrying (Requested nodes are busy)
srun: Job 8579913 step creation still disabled, retrying (Requested nodes are busy)
srun: Job 8579913 step creation still disabled, retrying (Requested nodes are busy)
srun: Job 8579913 step creation still disabled, retrying (Requested nodes are busy)
srun: Job 8579913 step creation still disabled, retrying (Requested nodes are busy)
srun: Job 8579913 step creation still disabled, retrying (Requested nodes are busy)
srun: Job 8579913 step creation still disabled, retrying (Requested nodes are busy)
srun: Job 8579913 step creation still disabled, retrying (Requested nodes are busy)
srun: Job 8579913 step creation still disabled, retrying (Requested nodes are busy)
srun: Job 8579913 step creation still disabled, retrying (Requested nodes are busy)
srun: Job 8579913 step creation still disabled, retrying (Requested nodes are busy)
srun: Job 8579913 step creation still disabled, retrying (Requested nodes are busy)
srun: Job 8579913 step creation still disabled, retrying (Requested nodes are busy)
srun: Job 8579913 step creation still disabled, retrying (Requested nodes are busy)
srun: Job 8579913 step creation still disabled, retrying (Requested nodes are busy)
srun: Job 8579913 step creation still disabled, retrying (Requested nodes are busy)
srun: Job 8579913 step creation still disabled, retrying (Requested nodes are busy)
srun: Job 8579913 step creation still disabled, retrying (Requested nodes are busy)
srun: Job 8579913 step creation still disabled, retrying (Requested nodes are busy)
srun: Job 8579913 step creation still disabled, retrying (Requested nodes are busy)
srun: Job 8579913 step creation still disabled, retrying (Requested nodes are busy)
srun: Job 8579913 step creation still disabled, retrying (Requested nodes are busy)
srun: Job 8579913 step creation still disabled, retrying (Requested nodes are busy)
srun: Job 8579913 step creation still disabled, retrying (Requested nodes are busy)
srun: Job 8579913 step creation still disabled, retrying (Requested nodes are busy)
srun: Job 8579913 step creation still disabled, retrying (Requested nodes are busy)
srun: Job 8579913 step creation still disabled, retrying (Requested nodes are busy)
srun: Job 8579913 step creation still disabled, retrying (Requested nodes are busy)
srun: Job 8579913 step creation still disabled, retrying (Requested nodes are busy)
srun: Job 8579913 step creation still disabled, retrying (Requested nodes are busy)
srun: Job 8579913 step creation still disabled, retrying (Requested nodes are busy)
srun: Job 8579913 step creation still disabled, retrying (Requested nodes are busy)
srun: Job 8579913 step creation still disabled, retrying (Requested nodes are busy)
srun: Job 8579913 step creation still disabled, retrying (Requested nodes are busy)
srun: Job 8579913 step creation still disabled, retrying (Requested nodes are busy)
srun: Job 8579913 step creation still disabled, retrying (Requested nodes are busy)
srun: Job 8579913 step creation still disabled, retrying (Requested nodes are busy)
srun: Job 8579913 step creation still disabled, retrying (Requested nodes are busy)
srun: Job 8579913 step creation still disabled, retrying (Requested nodes are busy)
srun: Job 8579913 step creation still disabled, retrying (Requested nodes are busy)
srun: Job 8579913 step creation still disabled, retrying (Requested nodes are busy)
srun: Job 8579913 step creation still disabled, retrying (Requested nodes are busy)
srun: Job 8579913 step creation still disabled, retrying (Requested nodes are busy)
srun: Job 8579913 step creation still disabled, retrying (Requested nodes are busy)
srun: Job 8579913 step creation still disabled, retrying (Requested nodes are busy)
srun: Job 8579913 step creation still disabled, retrying (Requested nodes are busy)
srun: Job 8579913 step creation still disabled, retrying (Requested nodes are busy)
srun: Job 8579913 step creation still disabled, retrying (Requested nodes are busy)
srun: Job 8579913 step creation still disabled, retrying (Requested nodes are busy)
srun: Job 8579913 step creation still disabled, retrying (Requested nodes are busy)
srun: Job 8579913 step creation still disabled, retrying (Requested nodes are busy)
srun: Job 8579913 step creation still disabled, retrying (Requested nodes are busy)
srun: Job 8579913 step creation still disabled, retrying (Requested nodes are busy)
srun: Job 8579913 step creation still disabled, retrying (Requested nodes are busy)
srun: Job 8579913 step creation still disabled, retrying (Requested nodes are busy)
srun: Job 8579913 step creation still disabled, retrying (Requested nodes are busy)
srun: Job 8579913 step creation still disabled, retrying (Requested nodes are busy)
srun: Job 8579913 step creation still disabled, retrying (Requested nodes are busy)
srun: Job 8579913 step creation still disabled, retrying (Requested nodes are busy)
srun: Job 8579913 step creation still disabled, retrying (Requested nodes are busy)
srun: Job 8579913 step creation still disabled, retrying (Requested nodes are busy)
srun: Job 8579913 step creation still disabled, retrying (Requested nodes are busy)
srun: Job 8579913 step creation still disabled, retrying (Requested nodes are busy)
srun: Job 8579913 step creation still disabled, retrying (Requested nodes are busy)
srun: Job 8579913 step creation still disabled, retrying (Requested nodes are busy)
srun: Job 8579913 step creation still disabled, retrying (Requested nodes are busy)
srun: Job 8579913 step creation still disabled, retrying (Requested nodes are busy)
srun: Job 8579913 step creation still disabled, retrying (Requested nodes are busy)
srun: Job 8579913 step creation still disabled, retrying (Requested nodes are busy)
srun: Job 8579913 step creation still disabled, retrying (Requested nodes are busy)
srun: Job 8579913 step creation still disabled, retrying (Requested nodes are busy)
srun: Job 8579913 step creation still disabled, retrying (Requested nodes are busy)
srun: Job 8579913 step creation still disabled, retrying (Requested nodes are busy)
srun: Job 8579913 step creation still disabled, retrying (Requested nodes are busy)
srun: Job 8579913 step creation still disabled, retrying (Requested nodes are busy)
srun: Job 8579913 step creation still disabled, retrying (Requested nodes are busy)
srun: Job 8579913 step creation still disabled, retrying (Requested nodes are busy)
srun: Job 8579913 step creation still disabled, retrying (Requested nodes are busy)
srun: Job 8579913 step creation still disabled, retrying (Requested nodes are busy)
srun: Job 8579913 step creation still disabled, retrying (Requested nodes are busy)
srun: Job 8579913 step creation still disabled, retrying (Requested nodes are busy)
srun: Job 8579913 step creation still disabled, retrying (Requested nodes are busy)
srun: Job 8579913 step creation still disabled, retrying (Requested nodes are busy)
srun: Job 8579913 step creation still disabled, retrying (Requested nodes are busy)
srun: Job 8579913 step creation still disabled, retrying (Requested nodes are busy)
srun: Job 8579913 step creation still disabled, retrying (Requested nodes are busy)
srun: Job 8579913 step creation still disabled, retrying (Requested nodes are busy)
srun: Job 8579913 step creation still disabled, retrying (Requested nodes are busy)
srun: Job 8579913 step creation still disabled, retrying (Requested nodes are busy)
srun: Job 8579913 step creation still disabled, retrying (Requested nodes are busy)
srun: Job 8579913 step creation still disabled, retrying (Requested nodes are busy)
srun: Job 8579913 step creation still disabled, retrying (Requested nodes are busy)
srun: Job 8579913 step creation still disabled, retrying (Requested nodes are busy)
srun: Job 8579913 step creation still disabled, retrying (Requested nodes are busy)
srun: Job 8579913 step creation still disabled, retrying (Requested nodes are busy)
srun: Job 8579913 step creation still disabled, retrying (Requested nodes are busy)
srun: Job 8579913 step creation still disabled, retrying (Requested nodes are busy)
srun: Job 8579913 step creation still disabled, retrying (Requested nodes are busy)
srun: Job 8579913 step creation still disabled, retrying (Requested nodes are busy)
srun: Job 8579913 step creation still disabled, retrying (Requested nodes are busy)
srun: Job 8579913 step creation still disabled, retrying (Requested nodes are busy)
srun: Job 8579913 step creation still disabled, retrying (Requested nodes are busy)
srun: Job 8579913 step creation still disabled, retrying (Requested nodes are busy)
srun: Job 8579913 step creation still disabled, retrying (Requested nodes are busy)
srun: Job 8579913 step creation still disabled, retrying (Requested nodes are busy)
srun: Job 8579913 step creation still disabled, retrying (Requested nodes are busy)
srun: Job 8579913 step creation still disabled, retrying (Requested nodes are busy)
srun: Job 8579913 step creation still disabled, retrying (Requested nodes are busy)
srun: Job 8579913 step creation still disabled, retrying (Requested nodes are busy)
srun: Job 8579913 step creation still disabled, retrying (Requested nodes are busy)
srun: Job 8579913 step creation still disabled, retrying (Requested nodes are busy)
srun: Job 8579913 step creation still disabled, retrying (Requested nodes are busy)
srun: Job 8579913 step creation still disabled, retrying (Requested nodes are busy)
srun: Job 8579913 step creation still disabled, retrying (Requested nodes are busy)
srun: Job 8579913 step creation still disabled, retrying (Requested nodes are busy)
srun: Job 8579913 step creation still disabled, retrying (Requested nodes are busy)
srun: Job 8579913 step creation still disabled, retrying (Requested nodes are busy)
srun: Job 8579913 step creation still disabled, retrying (Requested nodes are busy)
srun: Job 8579913 step creation still disabled, retrying (Requested nodes are busy)
srun: Job 8579913 step creation still disabled, retrying (Requested nodes are busy)
srun: Job 8579913 step creation still disabled, retrying (Requested nodes are busy)
srun: Job 8579913 step creation still disabled, retrying (Requested nodes are busy)
srun: Job 8579913 step creation still disabled, retrying (Requested nodes are busy)
srun: Job 8579913 step creation still disabled, retrying (Requested nodes are busy)
srun: Job 8579913 step creation still disabled, retrying (Requested nodes are busy)
srun: Job 8579913 step creation still disabled, retrying (Requested nodes are busy)
srun: Job 8579913 step creation still disabled, retrying (Requested nodes are busy)
srun: Job 8579913 step creation still disabled, retrying (Requested nodes are busy)
srun: Job 8579913 step creation still disabled, retrying (Requested nodes are busy)
srun: Job 8579913 step creation still disabled, retrying (Requested nodes are busy)
srun: Job 8579913 step creation still disabled, retrying (Requested nodes are busy)
srun: Job 8579913 step creation still disabled, retrying (Requested nodes are busy)
srun: Job 8579913 step creation still disabled, retrying (Requested nodes are busy)
srun: Job 8579913 step creation still disabled, retrying (Requested nodes are busy)
srun: Job 8579913 step creation still disabled, retrying (Requested nodes are busy)
srun: Job 8579913 step creation still disabled, retrying (Requested nodes are busy)
srun: Job 8579913 step creation still disabled, retrying (Requested nodes are busy)
srun: Job 8579913 step creation still disabled, retrying (Requested nodes are busy)
srun: Job 8579913 step creation still disabled, retrying (Requested nodes are busy)
srun: Job 8579913 step creation still disabled, retrying (Requested nodes are busy)
srun: Job 8579913 step creation still disabled, retrying (Requested nodes are busy)
srun: Job 8579913 step creation still disabled, retrying (Requested nodes are busy)
srun: Job 8579913 step creation still disabled, retrying (Requested nodes are busy)
srun: Job 8579913 step creation still disabled, retrying (Requested nodes are busy)
srun: Job 8579913 step creation still disabled, retrying (Requested nodes are busy)
srun: Job 8579913 step creation still disabled, retrying (Requested nodes are busy)
srun: Job 8579913 step creation still disabled, retrying (Requested nodes are busy)
srun: Job 8579913 step creation still disabled, retrying (Requested nodes are busy)
srun: Job 8579913 step creation still disabled, retrying (Requested nodes are busy)
srun: Job 8579913 step creation still disabled, retrying (Requested nodes are busy)
srun: Job 8579913 step creation still disabled, retrying (Requested nodes are busy)
srun: Job 8579913 step creation still disabled, retrying (Requested nodes are busy)
srun: Job 8579913 step creation still disabled, retrying (Requested nodes are busy)
srun: Job 8579913 step creation still disabled, retrying (Requested nodes are busy)
srun: Job 8579913 step creation still disabled, retrying (Requested nodes are busy)
srun: Job 8579913 step creation still disabled, retrying (Requested nodes are busy)
srun: Job 8579913 step creation still disabled, retrying (Requested nodes are busy)
srun: Job 8579913 step creation still disabled, retrying (Requested nodes are busy)
srun: Job 8579913 step creation still disabled, retrying (Requested nodes are busy)
srun: Job 8579913 step creation still disabled, retrying (Requested nodes are busy)
srun: Job 8579913 step creation still disabled, retrying (Requested nodes are busy)
srun: Job 8579913 step creation still disabled, retrying (Requested nodes are busy)
srun: Job 8579913 step creation still disabled, retrying (Requested nodes are busy)
srun: Job 8579913 step creation still disabled, retrying (Requested nodes are busy)
srun: Job 8579913 step creation still disabled, retrying (Requested nodes are busy)
srun: Job 8579913 step creation still disabled, retrying (Requested nodes are busy)
srun: Job 8579913 step creation still disabled, retrying (Requested nodes are busy)
srun: Job 8579913 step creation still disabled, retrying (Requested nodes are busy)
srun: Job 8579913 step creation still disabled, retrying (Requested nodes are busy)
srun: Job 8579913 step creation still disabled, retrying (Requested nodes are busy)
srun: Job 8579913 step creation still disabled, retrying (Requested nodes are busy)
srun: Job 8579913 step creation still disabled, retrying (Requested nodes are busy)
srun: Job 8579913 step creation still disabled, retrying (Requested nodes are busy)
srun: Job 8579913 step creation still disabled, retrying (Requested nodes are busy)
srun: Job 8579913 step creation still disabled, retrying (Requested nodes are busy)
srun: Job 8579913 step creation still disabled, retrying (Requested nodes are busy)
srun: Job 8579913 step creation still disabled, retrying (Requested nodes are busy)
srun: Job 8579913 step creation still disabled, retrying (Requested nodes are busy)
srun: Job 8579913 step creation still disabled, retrying (Requested nodes are busy)
srun: Job 8579913 step creation still disabled, retrying (Requested nodes are busy)
srun: Job 8579913 step creation still disabled, retrying (Requested nodes are busy)
srun: Job 8579913 step creation still disabled, retrying (Requested nodes are busy)
srun: Job 8579913 step creation still disabled, retrying (Requested nodes are busy)
srun: Job 8579913 step creation still disabled, retrying (Requested nodes are busy)
srun: Job 8579913 step creation still disabled, retrying (Requested nodes are busy)
srun: Job 8579913 step creation still disabled, retrying (Requested nodes are busy)
srun: Job 8579913 step creation still disabled, retrying (Requested nodes are busy)
srun: Job 8579913 step creation still disabled, retrying (Requested nodes are busy)
srun: Job 8579913 step creation still disabled, retrying (Requested nodes are busy)
srun: Job 8579913 step creation still disabled, retrying (Requested nodes are busy)
srun: Job 8579913 step creation still disabled, retrying (Requested nodes are busy)
srun: Job 8579913 step creation still disabled, retrying (Requested nodes are busy)
srun: Job 8579913 step creation still disabled, retrying (Requested nodes are busy)
srun: Job 8579913 step creation still disabled, retrying (Requested nodes are busy)
srun: Job 8579913 step creation still disabled, retrying (Requested nodes are busy)
srun: Job 8579913 step creation still disabled, retrying (Requested nodes are busy)
srun: Job 8579913 step creation still disabled, retrying (Requested nodes are busy)
srun: Job 8579913 step creation still disabled, retrying (Requested nodes are busy)
srun: Job 8579913 step creation still disabled, retrying (Requested nodes are busy)
srun: Job 8579913 step creation still disabled, retrying (Requested nodes are busy)
srun: Job 8579913 step creation still disabled, retrying (Requested nodes are busy)
srun: Job 8579913 step creation still disabled, retrying (Requested nodes are busy)
srun: Job 8579913 step creation still disabled, retrying (Requested nodes are busy)
srun: Job 8579913 step creation still disabled, retrying (Requested nodes are busy)
srun: Job 8579913 step creation still disabled, retrying (Requested nodes are busy)
srun: Job 8579913 step creation still disabled, retrying (Requested nodes are busy)
srun: Job 8579913 step creation still disabled, retrying (Requested nodes are busy)
srun: Job 8579913 step creation still disabled, retrying (Requested nodes are busy)
srun: Job 8579913 step creation still disabled, retrying (Requested nodes are busy)
srun: Job 8579913 step creation still disabled, retrying (Requested nodes are busy)
srun: Job 8579913 step creation still disabled, retrying (Requested nodes are busy)
srun: Job 8579913 step creation still disabled, retrying (Requested nodes are busy)
srun: Job 8579913 step creation still disabled, retrying (Requested nodes are busy)
srun: Job 8579913 step creation still disabled, retrying (Requested nodes are busy)
srun: Job 8579913 step creation still disabled, retrying (Requested nodes are busy)
srun: Job 8579913 step creation still disabled, retrying (Requested nodes are busy)
srun: Job 8579913 step creation still disabled, retrying (Requested nodes are busy)
srun: Job 8579913 step creation still disabled, retrying (Requested nodes are busy)
srun: Job 8579913 step creation still disabled, retrying (Requested nodes are busy)
srun: Job 8579913 step creation still disabled, retrying (Requested nodes are busy)
srun: Job 8579913 step creation still disabled, retrying (Requested nodes are busy)
srun: Job 8579913 step creation still disabled, retrying (Requested nodes are busy)
srun: Job 8579913 step creation still disabled, retrying (Requested nodes are busy)
srun: Job 8579913 step creation still disabled, retrying (Requested nodes are busy)
srun: Job 8579913 step creation still disabled, retrying (Requested nodes are busy)
srun: Job 8579913 step creation still disabled, retrying (Requested nodes are busy)
srun: Job 8579913 step creation still disabled, retrying (Requested nodes are busy)
srun: Job 8579913 step creation still disabled, retrying (Requested nodes are busy)
srun: Job 8579913 step creation still disabled, retrying (Requested nodes are busy)
srun: Job 8579913 step creation still disabled, retrying (Requested nodes are busy)
srun: Job 8579913 step creation still disabled, retrying (Requested nodes are busy)
srun: Job 8579913 step creation still disabled, retrying (Requested nodes are busy)
srun: Job 8579913 step creation still disabled, retrying (Requested nodes are busy)
srun: Job 8579913 step creation still disabled, retrying (Requested nodes are busy)
srun: Job 8579913 step creation still disabled, retrying (Requested nodes are busy)
srun: Job 8579913 step creation still disabled, retrying (Requested nodes are busy)
srun: Job 8579913 step creation still disabled, retrying (Requested nodes are busy)
srun: Job 8579913 step creation still disabled, retrying (Requested nodes are busy)
srun: Job 8579913 step creation still disabled, retrying (Requested nodes are busy)
srun: Job 8579913 step creation still disabled, retrying (Requested nodes are busy)
srun: Job 8579913 step creation still disabled, retrying (Requested nodes are busy)
srun: Job 8579913 step creation still disabled, retrying (Requested nodes are busy)
srun: Job 8579913 step creation still disabled, retrying (Requested nodes are busy)
srun: Job 8579913 step creation still disabled, retrying (Requested nodes are busy)
srun: Job 8579913 step creation still disabled, retrying (Requested nodes are busy)
srun: Job 8579913 step creation still disabled, retrying (Requested nodes are busy)
srun: Job 8579913 step creation still disabled, retrying (Requested nodes are busy)
srun: Job 8579913 step creation still disabled, retrying (Requested nodes are busy)
srun: Job 8579913 step creation still disabled, retrying (Requested nodes are busy)
srun: Job 8579913 step creation still disabled, retrying (Requested nodes are busy)
srun: Job 8579913 step creation still disabled, retrying (Requested nodes are busy)
srun: Job 8579913 step creation still disabled, retrying (Requested nodes are busy)
srun: Job 8579913 step creation still disabled, retrying (Requested nodes are busy)
srun: Job 8579913 step creation still disabled, retrying (Requested nodes are busy)
srun: Job 8579913 step creation still disabled, retrying (Requested nodes are busy)
srun: Job 8579913 step creation still disabled, retrying (Requested nodes are busy)
srun: Job 8579913 step creation still disabled, retrying (Requested nodes are busy)
srun: Job 8579913 step creation still disabled, retrying (Requested nodes are busy)
srun: Job 8579913 step creation still disabled, retrying (Requested nodes are busy)
srun: Job 8579913 step creation still disabled, retrying (Requested nodes are busy)
srun: Job 8579913 step creation still disabled, retrying (Requested nodes are busy)
srun: Job 8579913 step creation still disabled, retrying (Requested nodes are busy)
srun: Job 8579913 step creation still disabled, retrying (Requested nodes are busy)
srun: Job 8579913 step creation still disabled, retrying (Requested nodes are busy)
srun: Job 8579913 step creation still disabled, retrying (Requested nodes are busy)
srun: Job 8579913 step creation still disabled, retrying (Requested nodes are busy)
srun: Job 8579913 step creation still disabled, retrying (Requested nodes are busy)
srun: Job 8579913 step creation still disabled, retrying (Requested nodes are busy)
srun: Job 8579913 step creation still disabled, retrying (Requested nodes are busy)
srun: Job 8579913 step creation still disabled, retrying (Requested nodes are busy)
srun: Job 8579913 step creation still disabled, retrying (Requested nodes are busy)
srun: Job 8579913 step creation still disabled, retrying (Requested nodes are busy)
srun: Job 8579913 step creation still disabled, retrying (Requested nodes are busy)
srun: Job 8579913 step creation still disabled, retrying (Requested nodes are busy)
srun: Job 8579913 step creation still disabled, retrying (Requested nodes are busy)
srun: Job 8579913 step creation still disabled, retrying (Requested nodes are busy)
srun: Job 8579913 step creation still disabled, retrying (Requested nodes are busy)
srun: Job 8579913 step creation still disabled, retrying (Requested nodes are busy)
srun: Job 8579913 step creation still disabled, retrying (Requested nodes are busy)
srun: Job 8579913 step creation still disabled, retrying (Requested nodes are busy)
srun: Job 8579913 step creation still disabled, retrying (Requested nodes are busy)
srun: Job 8579913 step creation still disabled, retrying (Requested nodes are busy)
srun: Job 8579913 step creation still disabled, retrying (Requested nodes are busy)
srun: Job 8579913 step creation still disabled, retrying (Requested nodes are busy)
srun: Job 8579913 step creation still disabled, retrying (Requested nodes are busy)
srun: Job 8579913 step creation still disabled, retrying (Requested nodes are busy)
srun: Job 8579913 step creation still disabled, retrying (Requested nodes are busy)
srun: Job 8579913 step creation still disabled, retrying (Requested nodes are busy)
srun: Job 8579913 step creation still disabled, retrying (Requested nodes are busy)
srun: Job 8579913 step creation still disabled, retrying (Requested nodes are busy)
srun: Job 8579913 step creation still disabled, retrying (Requested nodes are busy)
srun: Job 8579913 step creation still disabled, retrying (Requested nodes are busy)
srun: Job 8579913 step creation still disabled, retrying (Requested nodes are busy)
srun: Job 8579913 step creation still disabled, retrying (Requested nodes are busy)
srun: Job 8579913 step creation still disabled, retrying (Requested nodes are busy)
srun: Job 8579913 step creation still disabled, retrying (Requested nodes are busy)
srun: Job 8579913 step creation still disabled, retrying (Requested nodes are busy)
srun: Job 8579913 step creation still disabled, retrying (Requested nodes are busy)
srun: Job 8579913 step creation still disabled, retrying (Requested nodes are busy)
srun: Job 8579913 step creation still disabled, retrying (Requested nodes are busy)
srun: Job 8579913 step creation still disabled, retrying (Requested nodes are busy)
srun: Job 8579913 step creation still disabled, retrying (Requested nodes are busy)
srun: Job 8579913 step creation still disabled, retrying (Requested nodes are busy)
srun: Job 8579913 step creation still disabled, retrying (Requested nodes are busy)
srun: Job 8579913 step creation still disabled, retrying (Requested nodes are busy)
srun: Job 8579913 step creation still disabled, retrying (Requested nodes are busy)
srun: Job 8579913 step creation still disabled, retrying (Requested nodes are busy)
srun: Job 8579913 step creation still disabled, retrying (Requested nodes are busy)
srun: Job 8579913 step creation still disabled, retrying (Requested nodes are busy)
srun: Job 8579913 step creation still disabled, retrying (Requested nodes are busy)
srun: Job 8579913 step creation still disabled, retrying (Requested nodes are busy)
srun: Job 8579913 step creation still disabled, retrying (Requested nodes are busy)
srun: Job 8579913 step creation still disabled, retrying (Requested nodes are busy)
srun: Job 8579913 step creation still disabled, retrying (Requested nodes are busy)
srun: Job 8579913 step creation still disabled, retrying (Requested nodes are busy)
srun: Job 8579913 step creation still disabled, retrying (Requested nodes are busy)
srun: Job 8579913 step creation still disabled, retrying (Requested nodes are busy)
srun: Job 8579913 step creation still disabled, retrying (Requested nodes are busy)
srun: Job 8579913 step creation still disabled, retrying (Requested nodes are busy)
srun: Job 8579913 step creation still disabled, retrying (Requested nodes are busy)
srun: Job 8579913 step creation still disabled, retrying (Requested nodes are busy)
srun: Job 8579913 step creation still disabled, retrying (Requested nodes are busy)
srun: Job 8579913 step creation still disabled, retrying (Requested nodes are busy)
srun: Job 8579913 step creation still disabled, retrying (Requested nodes are busy)
srun: Job 8579913 step creation still disabled, retrying (Requested nodes are busy)
srun: Job 8579913 step creation still disabled, retrying (Requested nodes are busy)
srun: Job 8579913 step creation still disabled, retrying (Requested nodes are busy)
srun: Job 8579913 step creation still disabled, retrying (Requested nodes are busy)
srun: Job 8579913 step creation still disabled, retrying (Requested nodes are busy)
srun: Job 8579913 step creation still disabled, retrying (Requested nodes are busy)
srun: Job 8579913 step creation still disabled, retrying (Requested nodes are busy)
srun: Job 8579913 step creation still disabled, retrying (Requested nodes are busy)
srun: Job 8579913 step creation still disabled, retrying (Requested nodes are busy)
srun: Job 8579913 step creation still disabled, retrying (Requested nodes are busy)
srun: Job 8579913 step creation still disabled, retrying (Requested nodes are busy)
srun: Job 8579913 step creation still disabled, retrying (Requested nodes are busy)
srun: Job 8579913 step creation still disabled, retrying (Requested nodes are busy)
srun: Job 8579913 step creation still disabled, retrying (Requested nodes are busy)
srun: Job 8579913 step creation still disabled, retrying (Requested nodes are busy)
srun: Job 8579913 step creation still disabled, retrying (Requested nodes are busy)
srun: Job 8579913 step creation still disabled, retrying (Requested nodes are busy)
srun: Job 8579913 step creation still disabled, retrying (Requested nodes are busy)
srun: Job 8579913 step creation still disabled, retrying (Requested nodes are busy)
srun: Job 8579913 step creation still disabled, retrying (Requested nodes are busy)
srun: Job 8579913 step creation still disabled, retrying (Requested nodes are busy)
srun: Job 8579913 step creation still disabled, retrying (Requested nodes are busy)
srun: Job 8579913 step creation still disabled, retrying (Requested nodes are busy)
srun: Job 8579913 step creation still disabled, retrying (Requested nodes are busy)
srun: Job 8579913 step creation still disabled, retrying (Requested nodes are busy)
srun: Job 8579913 step creation still disabled, retrying (Requested nodes are busy)
srun: Job 8579913 step creation still disabled, retrying (Requested nodes are busy)
srun: Job 8579913 step creation still disabled, retrying (Requested nodes are busy)
srun: Job 8579913 step creation still disabled, retrying (Requested nodes are busy)
srun: Job 8579913 step creation still disabled, retrying (Requested nodes are busy)
srun: Job 8579913 step creation still disabled, retrying (Requested nodes are busy)
srun: Job 8579913 step creation still disabled, retrying (Requested nodes are busy)
srun: Job 8579913 step creation still disabled, retrying (Requested nodes are busy)
srun: Job 8579913 step creation still disabled, retrying (Requested nodes are busy)
srun: Job 8579913 step creation still disabled, retrying (Requested nodes are busy)
srun: Job 8579913 step creation still disabled, retrying (Requested nodes are busy)
srun: Job 8579913 step creation still disabled, retrying (Requested nodes are busy)
srun: Job 8579913 step creation still disabled, retrying (Requested nodes are busy)
srun: Job 8579913 step creation still disabled, retrying (Requested nodes are busy)
srun: Job 8579913 step creation still disabled, retrying (Requested nodes are busy)
srun: Job 8579913 step creation still disabled, retrying (Requested nodes are busy)
srun: Job 8579913 step creation still disabled, retrying (Requested nodes are busy)
srun: Job 8579913 step creation still disabled, retrying (Requested nodes are busy)
srun: Job 8579913 step creation still disabled, retrying (Requested nodes are busy)
srun: Job 8579913 step creation still disabled, retrying (Requested nodes are busy)
srun: Job 8579913 step creation still disabled, retrying (Requested nodes are busy)
srun: Job 8579913 step creation still disabled, retrying (Requested nodes are busy)
srun: Job 8579913 step creation still disabled, retrying (Requested nodes are busy)
srun: Job 8579913 step creation still disabled, retrying (Requested nodes are busy)
srun: Job 8579913 step creation still disabled, retrying (Requested nodes are busy)
srun: Job 8579913 step creation still disabled, retrying (Requested nodes are busy)
srun: Job 8579913 step creation still disabled, retrying (Requested nodes are busy)
srun: Job 8579913 step creation still disabled, retrying (Requested nodes are busy)
srun: Job 8579913 step creation still disabled, retrying (Requested nodes are busy)
srun: Job 8579913 step creation still disabled, retrying (Requested nodes are busy)
srun: Job 8579913 step creation still disabled, retrying (Requested nodes are busy)
srun: Job 8579913 step creation still disabled, retrying (Requested nodes are busy)
srun: Job 8579913 step creation still disabled, retrying (Requested nodes are busy)
srun: Job 8579913 step creation still disabled, retrying (Requested nodes are busy)
srun: Job 8579913 step creation still disabled, retrying (Requested nodes are busy)
srun: Job 8579913 step creation still disabled, retrying (Requested nodes are busy)
srun: Job 8579913 step creation still disabled, retrying (Requested nodes are busy)
srun: Job 8579913 step creation still disabled, retrying (Requested nodes are busy)
srun: Job 8579913 step creation still disabled, retrying (Requested nodes are busy)
srun: Job 8579913 step creation still disabled, retrying (Requested nodes are busy)
srun: Job 8579913 step creation still disabled, retrying (Requested nodes are busy)
srun: Job 8579913 step creation still disabled, retrying (Requested nodes are busy)
srun: Job 8579913 step creation still disabled, retrying (Requested nodes are busy)
srun: Job 8579913 step creation still disabled, retrying (Requested nodes are busy)
srun: Job 8579913 step creation still disabled, retrying (Requested nodes are busy)
srun: Job 8579913 step creation still disabled, retrying (Requested nodes are busy)
srun: Job 8579913 step creation still disabled, retrying (Requested nodes are busy)
srun: Job 8579913 step creation still disabled, retrying (Requested nodes are busy)
srun: Job 8579913 step creation still disabled, retrying (Requested nodes are busy)
srun: Job 8579913 step creation still disabled, retrying (Requested nodes are busy)
srun: Job 8579913 step creation still disabled, retrying (Requested nodes are busy)
srun: Job 8579913 step creation still disabled, retrying (Requested nodes are busy)
srun: Job 8579913 step creation still disabled, retrying (Requested nodes are busy)
srun: Job 8579913 step creation still disabled, retrying (Requested nodes are busy)
srun: Job 8579913 step creation still disabled, retrying (Requested nodes are busy)
srun: Job 8579913 step creation still disabled, retrying (Requested nodes are busy)
srun: Job 8579913 step creation still disabled, retrying (Requested nodes are busy)
srun: Job 8579913 step creation still disabled, retrying (Requested nodes are busy)
srun: Job 8579913 step creation still disabled, retrying (Requested nodes are busy)
srun: Job 8579913 step creation still disabled, retrying (Requested nodes are busy)
srun: Job 8579913 step creation still disabled, retrying (Requested nodes are busy)
srun: Job 8579913 step creation still disabled, retrying (Requested nodes are busy)
srun: Job 8579913 step creation still disabled, retrying (Requested nodes are busy)
srun: Job 8579913 step creation still disabled, retrying (Requested nodes are busy)
srun: Job 8579913 step creation still disabled, retrying (Requested nodes are busy)
srun: Job 8579913 step creation still disabled, retrying (Requested nodes are busy)
srun: Job 8579913 step creation still disabled, retrying (Requested nodes are busy)
srun: Job 8579913 step creation still disabled, retrying (Requested nodes are busy)
srun: Job 8579913 step creation still disabled, retrying (Requested nodes are busy)
srun: Job 8579913 step creation still disabled, retrying (Requested nodes are busy)
srun: Job 8579913 step creation still disabled, retrying (Requested nodes are busy)
srun: Job 8579913 step creation still disabled, retrying (Requested nodes are busy)
srun: Job 8579913 step creation still disabled, retrying (Requested nodes are busy)
srun: Job 8579913 step creation still disabled, retrying (Requested nodes are busy)
srun: Job 8579913 step creation still disabled, retrying (Requested nodes are busy)
srun: Job 8579913 step creation still disabled, retrying (Requested nodes are busy)
srun: Job 8579913 step creation still disabled, retrying (Requested nodes are busy)
srun: Job 8579913 step creation still disabled, retrying (Requested nodes are busy)
srun: Job 8579913 step creation still disabled, retrying (Requested nodes are busy)
srun: Job 8579913 step creation still disabled, retrying (Requested nodes are busy)
srun: Job 8579913 step creation still disabled, retrying (Requested nodes are busy)
srun: Job 8579913 step creation still disabled, retrying (Requested nodes are busy)
srun: Job 8579913 step creation still disabled, retrying (Requested nodes are busy)
srun: Job 8579913 step creation still disabled, retrying (Requested nodes are busy)
srun: Job 8579913 step creation still disabled, retrying (Requested nodes are busy)
srun: Job 8579913 step creation still disabled, retrying (Requested nodes are busy)
srun: Job 8579913 step creation still disabled, retrying (Requested nodes are busy)
srun: Job 8579913 step creation still disabled, retrying (Requested nodes are busy)
srun: Job 8579913 step creation still disabled, retrying (Requested nodes are busy)
srun: Job 8579913 step creation still disabled, retrying (Requested nodes are busy)
srun: Job 8579913 step creation still disabled, retrying (Requested nodes are busy)
srun: Job 8579913 step creation still disabled, retrying (Requested nodes are busy)
srun: Job 8579913 step creation still disabled, retrying (Requested nodes are busy)
srun: Job 8579913 step creation still disabled, retrying (Requested nodes are busy)
srun: Job 8579913 step creation still disabled, retrying (Requested nodes are busy)
srun: Job 8579913 step creation still disabled, retrying (Requested nodes are busy)
srun: Job 8579913 step creation still disabled, retrying (Requested nodes are busy)
srun: Job 8579913 step creation still disabled, retrying (Requested nodes are busy)
srun: Job 8579913 step creation still disabled, retrying (Requested nodes are busy)
srun: Job 8579913 step creation still disabled, retrying (Requested nodes are busy)
srun: Job 8579913 step creation still disabled, retrying (Requested nodes are busy)
srun: Job 8579913 step creation still disabled, retrying (Requested nodes are busy)
srun: Job 8579913 step creation still disabled, retrying (Requested nodes are busy)
srun: Job 8579913 step creation still disabled, retrying (Requested nodes are busy)
srun: Job 8579913 step creation still disabled, retrying (Requested nodes are busy)
srun: Job 8579913 step creation still disabled, retrying (Requested nodes are busy)
srun: Job 8579913 step creation still disabled, retrying (Requested nodes are busy)
srun: Job 8579913 step creation still disabled, retrying (Requested nodes are busy)
srun: Job 8579913 step creation still disabled, retrying (Requested nodes are busy)
srun: Job 8579913 step creation still disabled, retrying (Requested nodes are busy)
srun: Job 8579913 step creation still disabled, retrying (Requested nodes are busy)
srun: Job 8579913 step creation still disabled, retrying (Requested nodes are busy)
srun: Job 8579913 step creation still disabled, retrying (Requested nodes are busy)
srun: Job 8579913 step creation still disabled, retrying (Requested nodes are busy)
srun: Job 8579913 step creation still disabled, retrying (Requested nodes are busy)
srun: Job 8579913 step creation still disabled, retrying (Requested nodes are busy)
srun: Job 8579913 step creation still disabled, retrying (Requested nodes are busy)
srun: Job 8579913 step creation still disabled, retrying (Requested nodes are busy)
srun: Job 8579913 step creation still disabled, retrying (Requested nodes are busy)
srun: Job 8579913 step creation still disabled, retrying (Requested nodes are busy)
srun: Job 8579913 step creation still disabled, retrying (Requested nodes are busy)
srun: Job 8579913 step creation still disabled, retrying (Requested nodes are busy)
srun: Job 8579913 step creation still disabled, retrying (Requested nodes are busy)
srun: Job 8579913 step creation still disabled, retrying (Requested nodes are busy)
srun: Job 8579913 step creation still disabled, retrying (Requested nodes are busy)
srun: Job 8579913 step creation still disabled, retrying (Requested nodes are busy)
srun: Job 8579913 step creation still disabled, retrying (Requested nodes are busy)
srun: Job 8579913 step creation still disabled, retrying (Requested nodes are busy)
srun: Job 8579913 step creation still disabled, retrying (Requested nodes are busy)
srun: Job 8579913 step creation still disabled, retrying (Requested nodes are busy)
srun: Job 8579913 step creation still disabled, retrying (Requested nodes are busy)
srun: Job 8579913 step creation still disabled, retrying (Requested nodes are busy)
srun: Job 8579913 step creation still disabled, retrying (Requested nodes are busy)
srun: Job 8579913 step creation still disabled, retrying (Requested nodes are busy)
srun: Job 8579913 step creation still disabled, retrying (Requested nodes are busy)
srun: Job 8579913 step creation still disabled, retrying (Requested nodes are busy)
srun: Job 8579913 step creation still disabled, retrying (Requested nodes are busy)
srun: Job 8579913 step creation still disabled, retrying (Requested nodes are busy)
srun: Job 8579913 step creation still disabled, retrying (Requested nodes are busy)
srun: Job 8579913 step creation still disabled, retrying (Requested nodes are busy)
srun: Job 8579913 step creation still disabled, retrying (Requested nodes are busy)
srun: Job 8579913 step creation still disabled, retrying (Requested nodes are busy)
srun: Job 8579913 step creation still disabled, retrying (Requested nodes are busy)
srun: Job 8579913 step creation still disabled, retrying (Requested nodes are busy)
srun: Job 8579913 step creation still disabled, retrying (Requested nodes are busy)
srun: Job 8579913 step creation still disabled, retrying (Requested nodes are busy)
srun: Job 8579913 step creation still disabled, retrying (Requested nodes are busy)
srun: Job 8579913 step creation still disabled, retrying (Requested nodes are busy)
srun: Job 8579913 step creation still disabled, retrying (Requested nodes are busy)
srun: Job 8579913 step creation still disabled, retrying (Requested nodes are busy)
srun: Job 8579913 step creation still disabled, retrying (Requested nodes are busy)
srun: Job 8579913 step creation still disabled, retrying (Requested nodes are busy)
srun: Job 8579913 step creation still disabled, retrying (Requested nodes are busy)
srun: Job 8579913 step creation still disabled, retrying (Requested nodes are busy)
srun: Job 8579913 step creation still disabled, retrying (Requested nodes are busy)
srun: Job 8579913 step creation still disabled, retrying (Requested nodes are busy)
srun: Job 8579913 step creation still disabled, retrying (Requested nodes are busy)
srun: Job 8579913 step creation still disabled, retrying (Requested nodes are busy)
srun: Job 8579913 step creation still disabled, retrying (Requested nodes are busy)
srun: Job 8579913 step creation still disabled, retrying (Requested nodes are busy)
srun: Job 8579913 step creation still disabled, retrying (Requested nodes are busy)
srun: Job 8579913 step creation still disabled, retrying (Requested nodes are busy)
srun: Job 8579913 step creation still disabled, retrying (Requested nodes are busy)
srun: Job 8579913 step creation still disabled, retrying (Requested nodes are busy)
srun: Job 8579913 step creation still disabled, retrying (Requested nodes are busy)
srun: Job 8579913 step creation still disabled, retrying (Requested nodes are busy)
srun: Job 8579913 step creation still disabled, retrying (Requested nodes are busy)
srun: Job 8579913 step creation still disabled, retrying (Requested nodes are busy)
srun: Job 8579913 step creation still disabled, retrying (Requested nodes are busy)
srun: Job 8579913 step creation still disabled, retrying (Requested nodes are busy)
srun: Job 8579913 step creation still disabled, retrying (Requested nodes are busy)
srun: Job 8579913 step creation still disabled, retrying (Requested nodes are busy)
srun: Job 8579913 step creation still disabled, retrying (Requested nodes are busy)
srun: Job 8579913 step creation still disabled, retrying (Requested nodes are busy)
srun: Job 8579913 step creation still disabled, retrying (Requested nodes are busy)
srun: Job 8579913 step creation still disabled, retrying (Requested nodes are busy)
srun: Job 8579913 step creation still disabled, retrying (Requested nodes are busy)
srun: Job 8579913 step creation still disabled, retrying (Requested nodes are busy)
srun: Job 8579913 step creation still disabled, retrying (Requested nodes are busy)
srun: Job 8579913 step creation still disabled, retrying (Requested nodes are busy)
srun: Job 8579913 step creation still disabled, retrying (Requested nodes are busy)
srun: Job 8579913 step creation still disabled, retrying (Requested nodes are busy)
srun: Job 8579913 step creation still disabled, retrying (Requested nodes are busy)
srun: Job 8579913 step creation still disabled, retrying (Requested nodes are busy)
srun: Job 8579913 step creation still disabled, retrying (Requested nodes are busy)
srun: Job 8579913 step creation still disabled, retrying (Requested nodes are busy)
srun: Job 8579913 step creation still disabled, retrying (Requested nodes are busy)
srun: Job 8579913 step creation still disabled, retrying (Requested nodes are busy)
srun: Job 8579913 step creation still disabled, retrying (Requested nodes are busy)
srun: Job 8579913 step creation still disabled, retrying (Requested nodes are busy)
srun: Job 8579913 step creation still disabled, retrying (Requested nodes are busy)
srun: Job 8579913 step creation still disabled, retrying (Requested nodes are busy)
srun: Job 8579913 step creation still disabled, retrying (Requested nodes are busy)
srun: Job 8579913 step creation still disabled, retrying (Requested nodes are busy)
srun: Job 8579913 step creation still disabled, retrying (Requested nodes are busy)
srun: Job 8579913 step creation still disabled, retrying (Requested nodes are busy)
srun: Job 8579913 step creation still disabled, retrying (Requested nodes are busy)
srun: Job 8579913 step creation still disabled, retrying (Requested nodes are busy)
srun: Job 8579913 step creation still disabled, retrying (Requested nodes are busy)
srun: Job 8579913 step creation still disabled, retrying (Requested nodes are busy)
srun: Job 8579913 step creation still disabled, retrying (Requested nodes are busy)
srun: Job 8579913 step creation still disabled, retrying (Requested nodes are busy)
srun: Job 8579913 step creation still disabled, retrying (Requested nodes are busy)
srun: Job 8579913 step creation still disabled, retrying (Requested nodes are busy)
srun: Job 8579913 step creation still disabled, retrying (Requested nodes are busy)
srun: Job 8579913 step creation still disabled, retrying (Requested nodes are busy)
srun: Job 8579913 step creation still disabled, retrying (Requested nodes are busy)
srun: Job 8579913 step creation still disabled, retrying (Requested nodes are busy)
srun: Job 8579913 step creation still disabled, retrying (Requested nodes are busy)
srun: Job 8579913 step creation still disabled, retrying (Requested nodes are busy)
srun: Job 8579913 step creation still disabled, retrying (Requested nodes are busy)
srun: Job 8579913 step creation still disabled, retrying (Requested nodes are busy)
srun: Job 8579913 step creation still disabled, retrying (Requested nodes are busy)
srun: Job 8579913 step creation still disabled, retrying (Requested nodes are busy)
srun: Job 8579913 step creation still disabled, retrying (Requested nodes are busy)
srun: Job 8579913 step creation still disabled, retrying (Requested nodes are busy)
srun: Job 8579913 step creation still disabled, retrying (Requested nodes are busy)
srun: Job 8579913 step creation still disabled, retrying (Requested nodes are busy)
srun: Job 8579913 step creation still disabled, retrying (Requested nodes are busy)
srun: Job 8579913 step creation still disabled, retrying (Requested nodes are busy)
srun: Job 8579913 step creation still disabled, retrying (Requested nodes are busy)
srun: Job 8579913 step creation still disabled, retrying (Requested nodes are busy)
srun: Job 8579913 step creation still disabled, retrying (Requested nodes are busy)
srun: Job 8579913 step creation still disabled, retrying (Requested nodes are busy)
srun: Job 8579913 step creation still disabled, retrying (Requested nodes are busy)
srun: Job 8579913 step creation still disabled, retrying (Requested nodes are busy)
srun: Job 8579913 step creation still disabled, retrying (Requested nodes are busy)
srun: Job 8579913 step creation still disabled, retrying (Requested nodes are busy)
srun: Job 8579913 step creation still disabled, retrying (Requested nodes are busy)
srun: Job 8579913 step creation still disabled, retrying (Requested nodes are busy)
srun: Job 8579913 step creation still disabled, retrying (Requested nodes are busy)
srun: Job 8579913 step creation still disabled, retrying (Requested nodes are busy)
srun: Job 8579913 step creation still disabled, retrying (Requested nodes are busy)
srun: Job 8579913 step creation still disabled, retrying (Requested nodes are busy)
srun: Job 8579913 step creation still disabled, retrying (Requested nodes are busy)
srun: Job 8579913 step creation still disabled, retrying (Requested nodes are busy)
srun: Job 8579913 step creation still disabled, retrying (Requested nodes are busy)
srun: Job 8579913 step creation still disabled, retrying (Requested nodes are busy)
srun: Job 8579913 step creation still disabled, retrying (Requested nodes are busy)
srun: Job 8579913 step creation still disabled, retrying (Requested nodes are busy)
srun: Job 8579913 step creation still disabled, retrying (Requested nodes are busy)
srun: Job 8579913 step creation still disabled, retrying (Requested nodes are busy)
srun: Job 8579913 step creation still disabled, retrying (Requested nodes are busy)
srun: Job 8579913 step creation still disabled, retrying (Requested nodes are busy)
srun: Job 8579913 step creation still disabled, retrying (Requested nodes are busy)
srun: Job 8579913 step creation still disabled, retrying (Requested nodes are busy)
srun: Job 8579913 step creation still disabled, retrying (Requested nodes are busy)
srun: Job 8579913 step creation still disabled, retrying (Requested nodes are busy)
srun: Job 8579913 step creation still disabled, retrying (Requested nodes are busy)
srun: Job 8579913 step creation still disabled, retrying (Requested nodes are busy)
srun: Job 8579913 step creation still disabled, retrying (Requested nodes are busy)
srun: Job 8579913 step creation still disabled, retrying (Requested nodes are busy)
srun: Job 8579913 step creation still disabled, retrying (Requested nodes are busy)
srun: Job 8579913 step creation still disabled, retrying (Requested nodes are busy)
srun: Job 8579913 step creation still disabled, retrying (Requested nodes are busy)
srun: Job 8579913 step creation still disabled, retrying (Requested nodes are busy)
srun: Job 8579913 step creation still disabled, retrying (Requested nodes are busy)
srun: Job 8579913 step creation still disabled, retrying (Requested nodes are busy)
srun: Job 8579913 step creation still disabled, retrying (Requested nodes are busy)
srun: Job step aborted: Waiting up to 32 seconds for job step to finish.
srun: Job step aborted: Waiting up to 32 seconds for job step to finish.
srun: Job step aborted: Waiting up to 32 seconds for job step to finish.
srun: Job step aborted: Waiting up to 32 seconds for job step to finish.
slurmstepd: error: *** STEP 8579913.2 ON grs4 CANCELLED AT 2023-07-09T07:13:02 DUE TO TIME LIMIT ***
srun: Job step aborted: Waiting up to 32 seconds for job step to finish.
slurmstepd: error: *** STEP 8579913.1 ON grs4 CANCELLED AT 2023-07-09T07:13:02 DUE TO TIME LIMIT ***
slurmstepd: error: *** JOB 8579913 ON grs4 CANCELLED AT 2023-07-09T07:13:02 DUE TO TIME LIMIT ***
slurmstepd: error: *** STEP 8579913.4 ON grs4 CANCELLED AT 2023-07-09T07:13:02 DUE TO TIME LIMIT ***
slurmstepd: error: *** STEP 8579913.0 ON grs4 CANCELLED AT 2023-07-09T07:13:02 DUE TO TIME LIMIT ***
slurmstepd: error: *** STEP 8579913.3 ON grs4 CANCELLED AT 2023-07-09T07:13:02 DUE TO TIME LIMIT ***
slurmstepd: error: common_file_write_content: unable to open '/sys/fs/cgroup/freezer/slurm/uid_565562/job_8579913/step_2/freezer.state' for writing: Permission denied
slurmstepd: error: common_file_write_content: unable to open '/sys/fs/cgroup/freezer/slurm/uid_565562/job_8579913/step_1/freezer.state' for writing: Permission denied
slurmstepd: error: common_file_write_content: unable to open '/sys/fs/cgroup/freezer/slurm/uid_565562/job_8579913/step_4/freezer.state' for writing: Permission denied
slurmstepd: error: common_file_write_content: unable to open '/sys/fs/cgroup/freezer/slurm/uid_565562/job_8579913/step_0/freezer.state' for writing: Permission denied
