JobId=9348972 JobName=with_different_maps.sbatch
   UserId=koner(565562) GroupId=domain users(100513) MCS_label=N/A
   Priority=19714285 Nice=0 Account=ewi-insy-ii-influence QOS=medium
   JobState=RUNNING Reason=None Dependency=(null)
   Requeue=0 Restarts=0 BatchFlag=1 Reboot=0 ExitCode=0:0
   DerivedExitCode=0:0
   RunTime=00:00:01 TimeLimit=06:00:00 TimeMin=N/A
   SubmitTime=2024-02-14T16:59:39 EligibleTime=2024-02-14T16:59:39
   AccrueTime=2024-02-14T16:59:39
   StartTime=2024-02-14T17:00:24 EndTime=2024-02-14T23:00:24 Deadline=N/A
   SuspendTime=None SecsPreSuspend=0 LastSchedEval=2024-02-14T17:00:24 Scheduler=Backfill
   Partition=general AllocNode:Sid=login1:19957
   ReqNodeList=(null) ExcNodeList=(null)
   NodeList=awi26
   BatchHost=awi26
   NumNodes=1 NumCPUs=64 NumTasks=1 CPUs/Task=64 ReqB:S:C:T=0:0:*:*
   TRES=cpu=64,mem=16000M,node=1,billing=33
   Socks/Node=* NtasksPerN:B:S:C=0:0:*:* CoreSpec=*
   JOB_GRES=(null)
     Nodes=awi26 CPU_IDs=0-63 Mem=16000 GRES=
   MinCPUsNode=64 MinMemoryNode=16000M MinTmpDiskNode=0
   Features=(null) DelayBoot=00:00:00
   OverSubscribe=OK Contiguous=0 Licenses=(null) Network=(null)
   Command=/winhome/koner/Desktop/MCTS-Time-Management/jobscripts/with_different_maps.sbatch
   WorkDir=/winhome/koner/Desktop/MCTS-Time-Management/jobscripts
   StdErr=/winhome/koner/Desktop/MCTS-Time-Management/jobscripts/slurm-9348972.out
   StdIn=/dev/null
   StdOut=/winhome/koner/Desktop/MCTS-Time-Management/jobscripts/slurm-9348972.out
   Power=
   MailUser=koner MailType=END
   

Finished epoch 1, latest loss 0.7523719072341919
Finished epoch 1000, latest loss 0.06065503880381584
Finished epoch 2000, latest loss 0.08633261173963547
Finished epoch 3000, latest loss 0.06010052189230919
Finished epoch 4000, latest loss 0.03755362331867218
Finished epoch 5000, latest loss 0.03026183694601059
Finished epoch 6000, latest loss 0.004877198021858931
Finished epoch 7000, latest loss 0.012176662683486938
Finished epoch 8000, latest loss 0.0055855195969343185
Finished epoch 9000, latest loss 0.03558371961116791
Finished epoch 10000, latest loss 0.002535056322813034
Finished epoch 11000, latest loss 0.011582450941205025
Finished epoch 12000, latest loss 0.002359420992434025
Finished epoch 13000, latest loss 0.004309760872274637
Finished epoch 14000, latest loss 0.00035746736102737486
Finished epoch 15000, latest loss 0.004984534345567226
Finished epoch 16000, latest loss 0.0008519688853994012
Finished epoch 17000, latest loss 0.015047128312289715
Finished epoch 18000, latest loss 0.0009546513902023435
Finished epoch 19000, latest loss 0.005530491936951876
Finished epoch 20000, latest loss 0.0010663929861038923
Finished epoch 21000, latest loss 0.0002379004145041108
Finished epoch 22000, latest loss 0.043396640568971634
Finished epoch 23000, latest loss 0.01827685534954071
Finished epoch 24000, latest loss 0.003535686759278178
Finished epoch 25000, latest loss 0.0011116891400888562
Finished epoch 26000, latest loss 0.0008811637526378036
Finished epoch 27000, latest loss 0.030595988035202026
Finished epoch 28000, latest loss 0.006110962014645338
Finished epoch 29000, latest loss 0.00036302785156294703
Finished epoch 30000, latest loss 0.003549722721800208
Finished epoch 31000, latest loss 0.019344398751854897
Finished epoch 32000, latest loss 0.004548900295048952
Finished epoch 33000, latest loss 0.011525822803378105
Finished epoch 34000, latest loss 0.001172517309896648
Finished epoch 35000, latest loss 0.0012920198496431112
Finished epoch 36000, latest loss 0.0015980127500370145
Finished epoch 37000, latest loss 0.0020709300879389048
Finished epoch 38000, latest loss 0.0018093462567776442
Finished epoch 39000, latest loss 0.0014913304476067424
Finished epoch 40000, latest loss 0.0010409195674583316
Finished epoch 41000, latest loss 0.004539652727544308
Finished epoch 42000, latest loss 0.0007211647462099791
Finished epoch 43000, latest loss 0.016210386529564857
Finished epoch 44000, latest loss 0.01570024900138378
Finished epoch 45000, latest loss 0.0007590809254907072
Finished epoch 46000, latest loss 0.019190890714526176
Finished epoch 47000, latest loss 0.009232026524841785
Finished epoch 48000, latest loss 0.0014937662053853273
Finished epoch 49000, latest loss 0.015774844214320183
Finished epoch 50000, latest loss 0.0006448293570429087
Finished epoch 51000, latest loss 0.0009819077095016837
Finished epoch 52000, latest loss 0.009426749311387539
Finished epoch 53000, latest loss 0.0006010740762576461
Finished epoch 54000, latest loss 0.0003445578331593424
Finished epoch 55000, latest loss 0.023247480392456055
Finished epoch 56000, latest loss 0.00211669085547328
Finished epoch 57000, latest loss 0.004734675865620375
Finished epoch 58000, latest loss 0.0021428316831588745
Finished epoch 59000, latest loss 0.003913854248821735
Finished epoch 60000, latest loss 0.003177024656906724
Finished epoch 1, latest loss 0.6760772466659546
Finished epoch 1000, latest loss 0.13540691137313843
Finished epoch 2000, latest loss 0.10650964826345444
Finished epoch 3000, latest loss 0.06786665320396423
Finished epoch 4000, latest loss 0.05492112785577774
Finished epoch 5000, latest loss 0.03048260696232319
Finished epoch 6000, latest loss 0.012155381962656975
Finished epoch 7000, latest loss 0.024651631712913513
Finished epoch 8000, latest loss 0.09431181102991104
Finished epoch 9000, latest loss 0.0016569346189498901
Finished epoch 10000, latest loss 0.05280577391386032
Finished epoch 11000, latest loss 0.0014531728811562061
Finished epoch 12000, latest loss 0.004285711329430342
Finished epoch 13000, latest loss 0.0020272284746170044
Finished epoch 14000, latest loss 0.03289561718702316
Finished epoch 15000, latest loss 0.045458853244781494
Finished epoch 16000, latest loss 0.005219033919274807
Finished epoch 17000, latest loss 0.017279505729675293
Finished epoch 18000, latest loss 0.008493934758007526
Finished epoch 19000, latest loss 0.008889946155250072
Finished epoch 20000, latest loss 0.00556817976757884
Finished epoch 21000, latest loss 0.0016626948490738869
Finished epoch 22000, latest loss 0.0007218585233204067
Finished epoch 23000, latest loss 0.0011367523111402988
Finished epoch 24000, latest loss 0.006250868551433086
Finished epoch 25000, latest loss 0.009225270710885525
Finished epoch 26000, latest loss 0.008556303568184376
Finished epoch 27000, latest loss 0.03343432769179344
Finished epoch 28000, latest loss 0.0005834848852828145
Finished epoch 29000, latest loss 0.012277798727154732
Finished epoch 30000, latest loss 0.0008779516210779548
Finished epoch 31000, latest loss 0.005627111066132784
Finished epoch 32000, latest loss 0.002491743303835392
Finished epoch 33000, latest loss 0.008921360597014427
Finished epoch 34000, latest loss 0.0030118883587419987
Finished epoch 35000, latest loss 0.004637684673070908
Finished epoch 36000, latest loss 0.0013182121329009533
Finished epoch 37000, latest loss 0.009773354046046734
Finished epoch 38000, latest loss 0.007148771081119776
Finished epoch 39000, latest loss 0.0038176884409040213
Finished epoch 40000, latest loss 0.0018152173142880201
Finished epoch 41000, latest loss 0.012114027515053749
Finished epoch 42000, latest loss 0.0006299695814959705
Finished epoch 43000, latest loss 0.003078655805438757
Finished epoch 44000, latest loss 0.02155272290110588
Finished epoch 45000, latest loss 0.0065593421459198
Finished epoch 46000, latest loss 0.014755308628082275
Finished epoch 47000, latest loss 0.004604819230735302
Finished epoch 48000, latest loss 0.004782645031809807
Finished epoch 49000, latest loss 0.002837179694324732
Finished epoch 50000, latest loss 0.00447012297809124
Finished epoch 51000, latest loss 0.0004071962903253734
Finished epoch 52000, latest loss 0.0008191483793780208
Finished epoch 53000, latest loss 0.004809005185961723
Finished epoch 54000, latest loss 0.020954255014657974
Finished epoch 55000, latest loss 0.012300301343202591
Finished epoch 56000, latest loss 0.012032450176775455
Finished epoch 57000, latest loss 0.003671209095045924
Finished epoch 58000, latest loss 0.0006063911132514477
Finished epoch 59000, latest loss 0.004478150978684425
Finished epoch 60000, latest loss 0.01666548289358616
Finished epoch 1, latest loss 0.7743985652923584
Finished epoch 1000, latest loss 0.06331630796194077
Finished epoch 2000, latest loss 0.12093110382556915
Finished epoch 3000, latest loss 0.051039114594459534
Finished epoch 4000, latest loss 0.0724552571773529
Finished epoch 5000, latest loss 0.08242963254451752
Finished epoch 6000, latest loss 0.04842591658234596
Finished epoch 7000, latest loss 0.054459989070892334
Finished epoch 8000, latest loss 0.0029659168794751167
Finished epoch 9000, latest loss 0.003114926628768444
Finished epoch 10000, latest loss 0.012911409139633179
Finished epoch 11000, latest loss 0.0030799303203821182
Finished epoch 12000, latest loss 0.00015886218170635402
Finished epoch 13000, latest loss 9.064195910468698e-05
Finished epoch 14000, latest loss 0.0017169107450172305
Finished epoch 15000, latest loss 0.012336792424321175
Finished epoch 16000, latest loss 0.005479654297232628
Finished epoch 17000, latest loss 0.06849921494722366
Finished epoch 18000, latest loss 0.002370072528719902
Finished epoch 19000, latest loss 0.0007322776364162564
Finished epoch 20000, latest loss 0.0005709277465939522
Finished epoch 21000, latest loss 0.0004894856829196215
Finished epoch 22000, latest loss 0.10643651336431503
Finished epoch 23000, latest loss 0.002275089267641306
Finished epoch 24000, latest loss 0.032810453325510025
Finished epoch 25000, latest loss 0.029529273509979248
Finished epoch 26000, latest loss 0.03361482173204422
Finished epoch 27000, latest loss 0.004498715978115797
Finished epoch 28000, latest loss 0.010016652755439281
Finished epoch 29000, latest loss 0.0006461982266046107
Finished epoch 30000, latest loss 0.01758127100765705
Finished epoch 31000, latest loss 0.0064981915056705475
Finished epoch 32000, latest loss 0.0033541019074618816
Finished epoch 33000, latest loss 0.0010535289766266942
Finished epoch 34000, latest loss 0.00040772606735117733
Finished epoch 35000, latest loss 0.0012705631088465452
Finished epoch 36000, latest loss 0.014203308150172234
Finished epoch 37000, latest loss 0.0009560593753121793
Finished epoch 38000, latest loss 0.0009751454344950616
Finished epoch 39000, latest loss 0.00044866406824439764
Finished epoch 40000, latest loss 0.003089223289862275
Finished epoch 41000, latest loss 0.0020543867722153664
Finished epoch 42000, latest loss 0.00916183553636074
Finished epoch 43000, latest loss 0.003255472518503666
Finished epoch 44000, latest loss 0.0008415405172854662
Finished epoch 45000, latest loss 0.0013105518883094192
Finished epoch 46000, latest loss 0.0006030785152688622
Finished epoch 47000, latest loss 0.03329247236251831
Finished epoch 48000, latest loss 0.001553026377223432
Finished epoch 49000, latest loss 0.004861961584538221
Finished epoch 50000, latest loss 0.005032974295318127
Finished epoch 51000, latest loss 0.009195743128657341
Finished epoch 52000, latest loss 0.0009341277764178813
Finished epoch 53000, latest loss 0.0009053028770722449
Finished epoch 54000, latest loss 0.017827775329351425
Finished epoch 55000, latest loss 0.0008889660239219666
Finished epoch 56000, latest loss 0.0706978589296341
Finished epoch 57000, latest loss 0.05330214649438858
Finished epoch 58000, latest loss 0.030504129827022552
Finished epoch 59000, latest loss 0.0055526262149214745
Finished epoch 60000, latest loss 0.007506249006837606
Finished epoch 1, latest loss 0.6800758242607117
Finished epoch 1000, latest loss 0.09324783086776733
Finished epoch 2000, latest loss 0.0386088490486145
Finished epoch 3000, latest loss 0.09732876718044281
Finished epoch 4000, latest loss 0.04488435760140419
Finished epoch 5000, latest loss 0.10543994605541229
Finished epoch 6000, latest loss 0.04412537068128586
Finished epoch 7000, latest loss 0.04908902198076248
Finished epoch 8000, latest loss 0.012338475324213505
Finished epoch 9000, latest loss 0.008215256966650486
Finished epoch 10000, latest loss 0.020509187132120132
Finished epoch 11000, latest loss 0.011080554686486721
Finished epoch 12000, latest loss 0.00039773440221324563
Finished epoch 13000, latest loss 0.000654235715046525
Finished epoch 14000, latest loss 0.0007067982805892825
Finished epoch 15000, latest loss 0.01353133749216795
Finished epoch 16000, latest loss 0.04429199919104576
Finished epoch 17000, latest loss 0.001927895937114954
Finished epoch 18000, latest loss 0.006418652832508087
Finished epoch 19000, latest loss 0.0003865720937028527
Finished epoch 20000, latest loss 0.031244244426488876
Finished epoch 21000, latest loss 0.003216129494830966
Finished epoch 22000, latest loss 0.0003957849694415927
Finished epoch 23000, latest loss 0.0011674858396872878
Finished epoch 24000, latest loss 0.07267911732196808
Finished epoch 25000, latest loss 0.010193318128585815
Finished epoch 26000, latest loss 0.0014966310700401664
Finished epoch 27000, latest loss 0.0002554053789936006
Finished epoch 28000, latest loss 0.0017541400156915188
Finished epoch 29000, latest loss 0.006410852074623108
Finished epoch 30000, latest loss 0.015776803717017174
Finished epoch 31000, latest loss 0.0021444724407047033
Finished epoch 32000, latest loss 0.00029415369499474764
Finished epoch 33000, latest loss 0.06223424896597862
Finished epoch 34000, latest loss 0.02101302519440651
Finished epoch 35000, latest loss 0.0006424825987778604
Finished epoch 36000, latest loss 0.007684357464313507
Finished epoch 37000, latest loss 0.023349817842245102
Finished epoch 38000, latest loss 0.0007376916473731399
Finished epoch 39000, latest loss 0.0003776678058784455
Finished epoch 40000, latest loss 0.06009487062692642
Finished epoch 41000, latest loss 0.019645873457193375
Finished epoch 42000, latest loss 0.00019695422088261694
Finished epoch 43000, latest loss 0.0002711903944145888
Finished epoch 44000, latest loss 0.06071295589208603
Finished epoch 45000, latest loss 0.011991885490715504
Finished epoch 46000, latest loss 0.012952431105077267
Finished epoch 47000, latest loss 0.0015481234295293689
Finished epoch 48000, latest loss 0.006855652201920748
Finished epoch 49000, latest loss 0.00027629188844002783
Finished epoch 50000, latest loss 0.0008740653283894062
Finished epoch 51000, latest loss 0.04009266942739487
Finished epoch 52000, latest loss 0.006212714593857527
Finished epoch 53000, latest loss 0.0005059430841356516
Finished epoch 54000, latest loss 0.013689537532627583
Finished epoch 55000, latest loss 0.02626926824450493
Finished epoch 56000, latest loss 0.0027471284847706556
Finished epoch 57000, latest loss 0.025490812957286835
Finished epoch 58000, latest loss 0.0026794378645718098
Finished epoch 59000, latest loss 0.0028888604138046503
Finished epoch 60000, latest loss 0.006208629347383976
Finished epoch 1, latest loss 0.5867611169815063
Finished epoch 1000, latest loss 0.10915172845125198
Finished epoch 2000, latest loss 0.11834469437599182
Finished epoch 3000, latest loss 0.16028636693954468
Finished epoch 4000, latest loss 0.05341687798500061
Finished epoch 5000, latest loss 0.05715153366327286
Finished epoch 6000, latest loss 0.027409959584474564
Finished epoch 7000, latest loss 0.03170483931899071
Finished epoch 8000, latest loss 0.014653408899903297
Finished epoch 9000, latest loss 0.001353392144665122
Finished epoch 10000, latest loss 0.05572202056646347
Finished epoch 11000, latest loss 0.0061194575391709805
Finished epoch 12000, latest loss 0.018667737022042274
Finished epoch 13000, latest loss 0.013026860542595387
Finished epoch 14000, latest loss 0.0016132605960592628
Finished epoch 15000, latest loss 0.003759687766432762
Finished epoch 16000, latest loss 0.0023720941971987486
Finished epoch 17000, latest loss 0.03839446231722832
Finished epoch 18000, latest loss 0.001324276439845562
Finished epoch 19000, latest loss 0.003548207227140665
Finished epoch 20000, latest loss 0.0074406033381819725
Finished epoch 21000, latest loss 0.003356673289090395
Finished epoch 22000, latest loss 0.003717548679560423
Finished epoch 23000, latest loss 0.008541501127183437
Finished epoch 24000, latest loss 0.00046842466690577567
Finished epoch 25000, latest loss 0.025656219571828842
Finished epoch 26000, latest loss 0.011364656500518322
Finished epoch 27000, latest loss 0.000798984372522682
Finished epoch 28000, latest loss 0.02374616451561451
Finished epoch 29000, latest loss 0.019337184727191925
Finished epoch 30000, latest loss 0.0034078320022672415
Finished epoch 31000, latest loss 0.01802043244242668
Finished epoch 32000, latest loss 0.01727711409330368
Finished epoch 33000, latest loss 0.0011734201107174158
Finished epoch 34000, latest loss 0.009125460870563984
Finished epoch 35000, latest loss 0.0005440447712317109
Finished epoch 36000, latest loss 0.0021867111790925264
Finished epoch 37000, latest loss 0.015228305011987686
Finished epoch 38000, latest loss 0.029708538204431534
Finished epoch 39000, latest loss 0.013030888512730598
Finished epoch 40000, latest loss 0.01922489143908024
Finished epoch 41000, latest loss 0.004475211258977652
Finished epoch 42000, latest loss 0.006692936178296804
Finished epoch 43000, latest loss 0.004800097551196814
Finished epoch 44000, latest loss 0.011518767103552818
Finished epoch 45000, latest loss 0.0013581255916506052
Finished epoch 46000, latest loss 0.01507020927965641
Finished epoch 47000, latest loss 0.011220639571547508
Finished epoch 48000, latest loss 0.00123888929374516
Finished epoch 49000, latest loss 0.009486311115324497
Finished epoch 50000, latest loss 0.0012290175072848797
Finished epoch 51000, latest loss 0.013561378233134747
Finished epoch 52000, latest loss 0.013131308369338512
Finished epoch 53000, latest loss 0.003567370353266597
Finished epoch 54000, latest loss 0.004348977468907833
Finished epoch 55000, latest loss 0.004397946409881115
Finished epoch 56000, latest loss 0.0024332094471901655
Finished epoch 57000, latest loss 0.0007103884126991034
Finished epoch 58000, latest loss 0.002266526222229004
Finished epoch 59000, latest loss 0.0014085194561630487
Finished epoch 60000, latest loss 0.0022116517648100853
Finished epoch 1, latest loss 0.6903939247131348
Finished epoch 1000, latest loss 0.18779806792736053
Finished epoch 2000, latest loss 0.04723643139004707
Finished epoch 3000, latest loss 0.051721733063459396
Finished epoch 4000, latest loss 0.01991347037255764
Finished epoch 5000, latest loss 0.04528346285223961
Finished epoch 6000, latest loss 0.033367838710546494
Finished epoch 7000, latest loss 0.08639124780893326
Finished epoch 8000, latest loss 0.0012160801561549306
Finished epoch 9000, latest loss 0.016979457810521126
Finished epoch 10000, latest loss 0.00782749429345131
Finished epoch 11000, latest loss 0.004942493978887796
Finished epoch 12000, latest loss 0.0022240090183913708
Finished epoch 13000, latest loss 0.0008123526349663734
Finished epoch 14000, latest loss 0.0008997936965897679
Finished epoch 15000, latest loss 0.0018460822757333517
Finished epoch 16000, latest loss 0.01638207398355007
Finished epoch 17000, latest loss 0.001774458447471261
Finished epoch 18000, latest loss 0.006631482858210802
Finished epoch 19000, latest loss 0.004914139863103628
Finished epoch 20000, latest loss 0.019377348944544792
Finished epoch 21000, latest loss 0.004588776268064976
Finished epoch 22000, latest loss 0.0012261917581781745
Finished epoch 23000, latest loss 0.015647035092115402
Finished epoch 24000, latest loss 0.0026615364477038383
Finished epoch 25000, latest loss 0.005634506698697805
Finished epoch 26000, latest loss 0.0022039045579731464
Finished epoch 27000, latest loss 0.024461548775434494
Finished epoch 28000, latest loss 0.0008108820766210556
Finished epoch 29000, latest loss 0.00039976509287953377
Finished epoch 30000, latest loss 0.009086508303880692
Finished epoch 31000, latest loss 0.002283206209540367
Finished epoch 32000, latest loss 0.004873397294431925
Finished epoch 33000, latest loss 0.06849636882543564
Finished epoch 34000, latest loss 0.0017823962261900306
Finished epoch 35000, latest loss 0.0008552703657187521
Finished epoch 36000, latest loss 0.011951583437621593
Finished epoch 37000, latest loss 0.0001853982830652967
Finished epoch 38000, latest loss 0.005242594517767429
Finished epoch 39000, latest loss 0.011232612654566765
Finished epoch 40000, latest loss 0.0037939997855573893
Finished epoch 41000, latest loss 0.002711777575314045
Finished epoch 42000, latest loss 0.0017518121749162674
Finished epoch 43000, latest loss 0.00013145452248863876
Finished epoch 44000, latest loss 0.0015441551804542542
Finished epoch 45000, latest loss 0.0015563084743916988
Finished epoch 46000, latest loss 0.0034031702671200037
Finished epoch 47000, latest loss 0.000293865887215361
Finished epoch 48000, latest loss 0.03208072483539581
Finished epoch 49000, latest loss 0.00903255958110094
Finished epoch 50000, latest loss 0.002623669570311904
Finished epoch 51000, latest loss 0.000402134086471051
Finished epoch 52000, latest loss 0.0001829762913985178
Finished epoch 53000, latest loss 0.007855372503399849
Finished epoch 54000, latest loss 0.0032062740065157413
Finished epoch 55000, latest loss 0.02559390477836132
Finished epoch 56000, latest loss 0.0037675038911402225
Finished epoch 57000, latest loss 0.028078235685825348
Finished epoch 58000, latest loss 0.0005303181242197752
Finished epoch 59000, latest loss 0.0007164060953073204
Finished epoch 60000, latest loss 0.00019441894255578518
Finished epoch 1, latest loss 0.6530979871749878
Finished epoch 1000, latest loss 0.08591634035110474
Finished epoch 2000, latest loss 0.03459523245692253
Finished epoch 3000, latest loss 0.007971069775521755
Finished epoch 4000, latest loss 0.1039554551243782
Finished epoch 5000, latest loss 0.019508687779307365
Finished epoch 6000, latest loss 0.04223980754613876
Finished epoch 7000, latest loss 0.041462767869234085
Finished epoch 8000, latest loss 0.009305779822170734
Finished epoch 9000, latest loss 0.0018516017589718103
Finished epoch 10000, latest loss 0.015161232091486454
Finished epoch 11000, latest loss 0.0024048439227044582
Finished epoch 12000, latest loss 0.010781502351164818
Finished epoch 13000, latest loss 0.043657440692186356
Finished epoch 14000, latest loss 0.0025628753937780857
Finished epoch 15000, latest loss 0.0034659854136407375
Finished epoch 16000, latest loss 0.006141506601125002
Finished epoch 17000, latest loss 0.0029138727113604546
Finished epoch 18000, latest loss 0.008986891247332096
Finished epoch 19000, latest loss 0.016242975369095802
Finished epoch 20000, latest loss 0.005768394563347101
Finished epoch 21000, latest loss 0.001018764334730804
Finished epoch 22000, latest loss 0.006860923953354359
Finished epoch 23000, latest loss 0.0015635258750990033
Finished epoch 24000, latest loss 0.001230365945957601
Finished epoch 25000, latest loss 0.02917099930346012
Finished epoch 26000, latest loss 0.0018938571447506547
Finished epoch 27000, latest loss 0.05115494504570961
Finished epoch 28000, latest loss 0.004244436975568533
Finished epoch 29000, latest loss 0.0003385081945452839
Finished epoch 30000, latest loss 0.0008303960203193128
Finished epoch 31000, latest loss 0.006159424316138029
Finished epoch 32000, latest loss 0.023542048409581184
Finished epoch 33000, latest loss 0.0003471768577583134
Finished epoch 34000, latest loss 0.00010935729369521141
Finished epoch 35000, latest loss 0.003980448469519615
Finished epoch 36000, latest loss 0.020442523062229156
Finished epoch 37000, latest loss 0.0056395865976810455
Finished epoch 38000, latest loss 0.003376239677891135
Finished epoch 39000, latest loss 0.002357117598876357
Finished epoch 40000, latest loss 0.0030563855543732643
Finished epoch 41000, latest loss 0.0012741168029606342
Finished epoch 42000, latest loss 0.0005163172027096152
Finished epoch 43000, latest loss 0.008484567515552044
Finished epoch 44000, latest loss 0.020643457770347595
Finished epoch 45000, latest loss 0.0018238788470625877
Finished epoch 46000, latest loss 0.006555580068379641
Finished epoch 47000, latest loss 0.002901313826441765
Finished epoch 48000, latest loss 0.0005990401259623468
Finished epoch 49000, latest loss 0.002383796265348792
Finished epoch 50000, latest loss 0.0011192427482455969
Finished epoch 51000, latest loss 0.0006860385765321553
Finished epoch 52000, latest loss 0.0003299696836620569
Finished epoch 53000, latest loss 0.008044986985623837
Finished epoch 54000, latest loss 0.00696021132171154
Finished epoch 55000, latest loss 0.0007220898987725377
Finished epoch 56000, latest loss 0.000306323345284909
Finished epoch 57000, latest loss 0.05606215074658394
Finished epoch 58000, latest loss 0.001762419124133885
Finished epoch 59000, latest loss 0.02346635051071644
Finished epoch 60000, latest loss 0.017182836309075356
Finished epoch 1, latest loss 0.7337478399276733
Finished epoch 1000, latest loss 0.1407984495162964
Finished epoch 2000, latest loss 0.09262189269065857
Finished epoch 3000, latest loss 0.06112154573202133
Finished epoch 4000, latest loss 0.03585938364267349
Finished epoch 5000, latest loss 0.041467178612947464
Finished epoch 6000, latest loss 0.07600492238998413
Finished epoch 7000, latest loss 0.027429601177573204
Finished epoch 8000, latest loss 0.006449055392295122
Finished epoch 9000, latest loss 0.0179443322122097
Finished epoch 10000, latest loss 0.002277947263792157
Finished epoch 11000, latest loss 0.009496210142970085
Finished epoch 12000, latest loss 0.008612429723143578
Finished epoch 13000, latest loss 0.006392574869096279
Finished epoch 14000, latest loss 0.019516175612807274
Finished epoch 15000, latest loss 0.000526140967849642
Finished epoch 16000, latest loss 0.0002638506703078747
Finished epoch 17000, latest loss 0.02516316995024681
Finished epoch 18000, latest loss 0.003554785158485174
Finished epoch 19000, latest loss 0.0025967981200665236
Finished epoch 20000, latest loss 0.0001066034019459039
Finished epoch 21000, latest loss 0.03012007288634777
Finished epoch 22000, latest loss 0.001111782155930996
Finished epoch 23000, latest loss 0.003790672402828932
Finished epoch 24000, latest loss 0.002550782635807991
Finished epoch 25000, latest loss 0.0010035018203780055
Finished epoch 26000, latest loss 0.005809253081679344
Finished epoch 27000, latest loss 0.006202869117259979
Finished epoch 28000, latest loss 0.0016796101117506623
Finished epoch 29000, latest loss 0.0035543714184314013
Finished epoch 30000, latest loss 0.009097712114453316
Finished epoch 31000, latest loss 0.002038688398897648
Finished epoch 32000, latest loss 0.0009245653636753559
Finished epoch 33000, latest loss 0.008659128099679947
Finished epoch 34000, latest loss 0.0032691550441086292
Finished epoch 35000, latest loss 0.00032641965663060546
Finished epoch 36000, latest loss 0.0003611639840528369
Finished epoch 37000, latest loss 0.0006727823056280613
Finished epoch 38000, latest loss 0.006853752303868532
Finished epoch 39000, latest loss 0.006538239773362875
Finished epoch 40000, latest loss 0.004958678502589464
Finished epoch 41000, latest loss 0.0006751745822839439
Finished epoch 42000, latest loss 0.00041269001667387784
Finished epoch 43000, latest loss 0.001922523370012641
Finished epoch 44000, latest loss 0.030669452622532845
Finished epoch 45000, latest loss 0.0007800310850143433
Finished epoch 46000, latest loss 0.0025824592448771
Finished epoch 47000, latest loss 0.00055832345969975
Finished epoch 48000, latest loss 0.048233017325401306
Finished epoch 49000, latest loss 0.00037471222458407283
Finished epoch 50000, latest loss 0.0535275824368
Finished epoch 51000, latest loss 0.0025408840738236904
Finished epoch 52000, latest loss 0.0019766136538237333
Finished epoch 53000, latest loss 0.00027642870554700494
Finished epoch 54000, latest loss 0.00026158755645155907
Finished epoch 55000, latest loss 0.006145865190774202
Finished epoch 56000, latest loss 0.00039065105374902487
Finished epoch 57000, latest loss 0.0031278037931770086
Finished epoch 58000, latest loss 0.004122478887438774
Finished epoch 59000, latest loss 0.002431469736620784
Finished epoch 60000, latest loss 0.0012601801427081227
Training set size: 1000
Training error 1: 0.004602 ± 0.002021
\Training error 2: 0.061055 ± 0.001121
Test error: 0.063865 ± 0.001145

Finished epoch 1, latest loss 0.5284857153892517
Finished epoch 1000, latest loss 0.06032668054103851
Finished epoch 2000, latest loss 0.09496305137872696
Finished epoch 3000, latest loss 0.10739006847143173
Finished epoch 4000, latest loss 0.09712579846382141
Finished epoch 5000, latest loss 0.04950238764286041
Finished epoch 6000, latest loss 0.07767247408628464
Finished epoch 7000, latest loss 0.021066833287477493
Finished epoch 8000, latest loss 0.05779380351305008
Finished epoch 9000, latest loss 0.02227119170129299
Finished epoch 10000, latest loss 0.013517104089260101
Finished epoch 11000, latest loss 0.03465837240219116
Finished epoch 12000, latest loss 0.029938412830233574
Finished epoch 13000, latest loss 0.041347604244947433
Finished epoch 14000, latest loss 0.004953373223543167
Finished epoch 15000, latest loss 0.023560747504234314
Finished epoch 16000, latest loss 0.03423620015382767
Finished epoch 17000, latest loss 0.007823111489415169
Finished epoch 18000, latest loss 0.0067346058785915375
Finished epoch 19000, latest loss 0.006013668142259121
Finished epoch 20000, latest loss 0.003462220309302211
Finished epoch 21000, latest loss 0.013843145221471786
Finished epoch 22000, latest loss 0.024423032999038696
Finished epoch 23000, latest loss 0.0050375559367239475
Finished epoch 24000, latest loss 0.018813977017998695
Finished epoch 25000, latest loss 0.02744586579501629
Finished epoch 26000, latest loss 0.027363887056708336
Finished epoch 27000, latest loss 0.004044779576361179
Finished epoch 28000, latest loss 0.04469047486782074
Finished epoch 29000, latest loss 0.015408812090754509
Finished epoch 30000, latest loss 0.007682007271796465
Finished epoch 31000, latest loss 0.0030282356310635805
Finished epoch 32000, latest loss 0.022357691079378128
Finished epoch 33000, latest loss 0.005822047591209412
Finished epoch 34000, latest loss 0.007182468194514513
Finished epoch 35000, latest loss 0.012044791132211685
Finished epoch 36000, latest loss 0.046143680810928345
Finished epoch 37000, latest loss 0.01291388738900423
Finished epoch 38000, latest loss 0.0026891182642430067
Finished epoch 39000, latest loss 0.029922427609562874
Finished epoch 40000, latest loss 0.003973499406129122
Finished epoch 41000, latest loss 0.0015965438215062022
Finished epoch 42000, latest loss 0.022504786029458046
Finished epoch 43000, latest loss 0.0010606603464111686
Finished epoch 44000, latest loss 0.0023128886241465807
Finished epoch 45000, latest loss 0.0035047666169703007
Finished epoch 46000, latest loss 0.002596361795440316
Finished epoch 47000, latest loss 0.015566361136734486
Finished epoch 48000, latest loss 0.009487480856478214
Finished epoch 49000, latest loss 0.005714920349419117
Finished epoch 50000, latest loss 0.014459052123129368
Finished epoch 51000, latest loss 0.008766773156821728
Finished epoch 52000, latest loss 0.0016729934141039848
Finished epoch 53000, latest loss 0.014506912790238857
Finished epoch 54000, latest loss 0.02181791514158249
Finished epoch 55000, latest loss 0.005930569488555193
Finished epoch 56000, latest loss 0.007565787993371487
Finished epoch 57000, latest loss 0.013208781369030476
Finished epoch 58000, latest loss 0.0077631836757063866
Finished epoch 59000, latest loss 0.003236539661884308
Finished epoch 60000, latest loss 0.01414552889764309
Finished epoch 1, latest loss 0.75334233045578
Finished epoch 1000, latest loss 0.12023106962442398
Finished epoch 2000, latest loss 0.08770996332168579
Finished epoch 3000, latest loss 0.03405197709798813
Finished epoch 4000, latest loss 0.09569831937551498
Finished epoch 5000, latest loss 0.004439890384674072
Finished epoch 6000, latest loss 0.02579898200929165
Finished epoch 7000, latest loss 0.10447051376104355
Finished epoch 8000, latest loss 0.0313103087246418
Finished epoch 9000, latest loss 0.027858803048729897
Finished epoch 10000, latest loss 0.060384124517440796
Finished epoch 11000, latest loss 0.041058678179979324
Finished epoch 12000, latest loss 0.03238287195563316
Finished epoch 13000, latest loss 0.027531709522008896
Finished epoch 14000, latest loss 0.028662588447332382
Finished epoch 15000, latest loss 0.018111171200871468
Finished epoch 16000, latest loss 0.02967425249516964
Finished epoch 17000, latest loss 0.005307624116539955
Finished epoch 18000, latest loss 0.06715718656778336
Finished epoch 19000, latest loss 0.02537977695465088
Finished epoch 20000, latest loss 0.008433343842625618
Finished epoch 21000, latest loss 0.007142616435885429
Finished epoch 22000, latest loss 0.0031293698120862246
Finished epoch 23000, latest loss 0.026165666058659554
Finished epoch 24000, latest loss 0.001228915760293603
Finished epoch 25000, latest loss 0.03420936316251755
Finished epoch 26000, latest loss 0.008724263869225979
Finished epoch 27000, latest loss 0.021308287978172302
Finished epoch 28000, latest loss 0.031125033274292946
Finished epoch 29000, latest loss 0.004025768488645554
Finished epoch 30000, latest loss 0.0034295078366994858
Finished epoch 31000, latest loss 0.007243375293910503
Finished epoch 32000, latest loss 0.018673064187169075
Finished epoch 33000, latest loss 0.020557740703225136
Finished epoch 34000, latest loss 0.0035378294996917248
Finished epoch 35000, latest loss 0.03558843210339546
Finished epoch 36000, latest loss 0.005113012157380581
Finished epoch 37000, latest loss 0.009982789866626263
Finished epoch 38000, latest loss 0.050086043775081635
Finished epoch 39000, latest loss 0.0012020337162539363
Finished epoch 40000, latest loss 0.004858736414462328
Finished epoch 41000, latest loss 0.0036117674317210913
Finished epoch 42000, latest loss 0.011137229390442371
Finished epoch 43000, latest loss 0.0012775377836078405
Finished epoch 44000, latest loss 0.004667083732783794
Finished epoch 45000, latest loss 0.03308561444282532
Finished epoch 46000, latest loss 0.0035794933792203665
Finished epoch 47000, latest loss 0.004351564683020115
Finished epoch 48000, latest loss 0.01573737896978855
Finished epoch 49000, latest loss 0.008457405492663383
Finished epoch 50000, latest loss 0.0025232627522200346
Finished epoch 51000, latest loss 0.0009414302185177803
Finished epoch 52000, latest loss 0.019856693223118782
Finished epoch 53000, latest loss 0.0021966262720525265
Finished epoch 54000, latest loss 0.004631794989109039
Finished epoch 55000, latest loss 0.0020388001576066017
Finished epoch 56000, latest loss 0.012708119116723537
Finished epoch 57000, latest loss 0.0049302903935313225
Finished epoch 58000, latest loss 0.0010022028582170606
Finished epoch 59000, latest loss 0.009632869623601437
Finished epoch 60000, latest loss 0.0017770472913980484
Finished epoch 1, latest loss 0.6119787693023682
Finished epoch 1000, latest loss 0.08552130311727524
Finished epoch 2000, latest loss 0.08318827301263809
Finished epoch 3000, latest loss 0.08322688937187195
Finished epoch 4000, latest loss 0.0681832805275917
Finished epoch 5000, latest loss 0.11131687462329865
Finished epoch 6000, latest loss 0.03247727453708649
Finished epoch 7000, latest loss 0.04244471713900566
Finished epoch 8000, latest loss 0.01926426962018013
Finished epoch 9000, latest loss 0.01612403430044651
Finished epoch 10000, latest loss 0.0078278798609972
Finished epoch 11000, latest loss 0.005627143196761608
Finished epoch 12000, latest loss 0.014082929119467735
Finished epoch 13000, latest loss 0.01409861445426941
Finished epoch 14000, latest loss 0.010155589319765568
Finished epoch 15000, latest loss 0.004890046082437038
Finished epoch 16000, latest loss 0.036835554987192154
Finished epoch 17000, latest loss 0.00595199316740036
Finished epoch 18000, latest loss 0.0025357394479215145
Finished epoch 19000, latest loss 0.0027048555202782154
Finished epoch 20000, latest loss 0.011440593749284744
Finished epoch 21000, latest loss 0.0014859589282423258
Finished epoch 22000, latest loss 0.005286058411002159
Finished epoch 23000, latest loss 0.004330450668931007
Finished epoch 24000, latest loss 0.010158742778003216
Finished epoch 25000, latest loss 0.003912009298801422
Finished epoch 26000, latest loss 0.0032846967224031687
Finished epoch 27000, latest loss 0.006820416543632746
Finished epoch 28000, latest loss 0.0025485956575721502
Finished epoch 29000, latest loss 0.006169105879962444
Finished epoch 30000, latest loss 0.008045628666877747
Finished epoch 31000, latest loss 0.0037799447309225798
Finished epoch 32000, latest loss 0.006041340529918671
Finished epoch 33000, latest loss 0.027917562052607536
Finished epoch 34000, latest loss 0.002863045549020171
Finished epoch 35000, latest loss 0.0021222569048404694
Finished epoch 36000, latest loss 0.005478839389979839
Finished epoch 37000, latest loss 0.017063064500689507
Finished epoch 38000, latest loss 0.001388175180181861
Finished epoch 39000, latest loss 0.005774483550339937
Finished epoch 40000, latest loss 0.003448456758633256
Finished epoch 41000, latest loss 0.001385234179906547
Finished epoch 42000, latest loss 0.015983611345291138
Finished epoch 43000, latest loss 0.0024929887149482965
Finished epoch 44000, latest loss 0.001977994106709957
Finished epoch 45000, latest loss 0.0019201188115403056
Finished epoch 46000, latest loss 0.002779862843453884
Finished epoch 47000, latest loss 0.002106109168380499
Finished epoch 48000, latest loss 0.01963408850133419
Finished epoch 49000, latest loss 0.006871916353702545
Finished epoch 50000, latest loss 0.004778641276061535
Finished epoch 51000, latest loss 0.015661217272281647
Finished epoch 52000, latest loss 0.001361733302474022
Finished epoch 53000, latest loss 0.014566515572369099
Finished epoch 54000, latest loss 0.02950298599898815
Finished epoch 55000, latest loss 0.010992581956088543
Finished epoch 56000, latest loss 0.00193272705655545
Finished epoch 57000, latest loss 0.0019306145841255784
Finished epoch 58000, latest loss 0.003593231551349163
Finished epoch 59000, latest loss 0.02976328507065773
Finished epoch 60000, latest loss 0.0038608256727457047
Finished epoch 1, latest loss 0.7471605539321899
Finished epoch 1000, latest loss 0.12211502343416214
Finished epoch 2000, latest loss 0.08781793713569641
Finished epoch 3000, latest loss 0.14856158196926117
Finished epoch 4000, latest loss 0.09469913691282272
Finished epoch 5000, latest loss 0.08001880347728729
Finished epoch 6000, latest loss 0.016192518174648285
Finished epoch 7000, latest loss 0.04490634426474571
Finished epoch 8000, latest loss 0.010943720117211342
Finished epoch 9000, latest loss 0.016494890674948692
Finished epoch 10000, latest loss 0.041049882769584656
Finished epoch 11000, latest loss 0.038517218083143234
Finished epoch 12000, latest loss 0.002600228413939476
Finished epoch 13000, latest loss 0.007265799678862095
Finished epoch 14000, latest loss 0.012937551364302635
Finished epoch 15000, latest loss 0.004624995868653059
Finished epoch 16000, latest loss 0.01164993830025196
Finished epoch 17000, latest loss 0.0032941224053502083
Finished epoch 18000, latest loss 0.023750348016619682
Finished epoch 19000, latest loss 0.008718824945390224
Finished epoch 20000, latest loss 0.02598581090569496
Finished epoch 21000, latest loss 0.005403769668191671
Finished epoch 22000, latest loss 0.004372432827949524
Finished epoch 23000, latest loss 0.011949261650443077
Finished epoch 24000, latest loss 0.003814900293946266
Finished epoch 25000, latest loss 0.0024149268865585327
Finished epoch 26000, latest loss 0.007386573124676943
Finished epoch 27000, latest loss 0.0009600704652257264
Finished epoch 28000, latest loss 0.007863827981054783
Finished epoch 29000, latest loss 0.019593244418501854
Finished epoch 30000, latest loss 0.007288410793989897
Finished epoch 31000, latest loss 0.005110969766974449
Finished epoch 32000, latest loss 0.002603179542347789
Finished epoch 33000, latest loss 0.010757118463516235
Finished epoch 34000, latest loss 0.00332307699136436
Finished epoch 35000, latest loss 0.006194636225700378
Finished epoch 36000, latest loss 0.004779473412781954
Finished epoch 37000, latest loss 0.0016417684964835644
Finished epoch 38000, latest loss 0.004384620115160942
Finished epoch 39000, latest loss 0.018604855984449387
Finished epoch 40000, latest loss 0.008756784722208977
Finished epoch 41000, latest loss 0.014581712894141674
Finished epoch 42000, latest loss 0.011462483555078506
Finished epoch 43000, latest loss 0.002191175241023302
Finished epoch 44000, latest loss 0.021964069455862045
Finished epoch 45000, latest loss 0.009696942754089832
Finished epoch 46000, latest loss 0.004012454766780138
Finished epoch 47000, latest loss 0.0012422057334333658
Finished epoch 48000, latest loss 0.011429989710450172
Finished epoch 49000, latest loss 0.0035038827918469906
Finished epoch 50000, latest loss 0.022703513503074646
Finished epoch 51000, latest loss 0.013329747132956982
Finished epoch 52000, latest loss 0.039351072162389755
Finished epoch 53000, latest loss 0.017909599468111992
Finished epoch 54000, latest loss 0.005337428767234087
Finished epoch 55000, latest loss 0.020402414724230766
Finished epoch 56000, latest loss 0.009137394838035107
Finished epoch 57000, latest loss 0.0030882239807397127
Finished epoch 58000, latest loss 0.005991328973323107
Finished epoch 59000, latest loss 0.04825077950954437
Finished epoch 60000, latest loss 0.008923262357711792
Finished epoch 1, latest loss 0.671720564365387
Finished epoch 1000, latest loss 0.13026176393032074
Finished epoch 2000, latest loss 0.0814647451043129
Finished epoch 3000, latest loss 0.05135960876941681
Finished epoch 4000, latest loss 0.031822968274354935
Finished epoch 5000, latest loss 0.027260959148406982
Finished epoch 6000, latest loss 0.05495822802186012
Finished epoch 7000, latest loss 0.03112422302365303
Finished epoch 8000, latest loss 0.06261934340000153
Finished epoch 9000, latest loss 0.022184589877724648
Finished epoch 10000, latest loss 0.03421228751540184
Finished epoch 11000, latest loss 0.024675045162439346
Finished epoch 12000, latest loss 0.012449121102690697
Finished epoch 13000, latest loss 0.012058733031153679
Finished epoch 14000, latest loss 0.01894114725291729
Finished epoch 15000, latest loss 0.00528706144541502
Finished epoch 16000, latest loss 0.047201767563819885
Finished epoch 17000, latest loss 0.003066978882998228
Finished epoch 18000, latest loss 0.0020553411450237036
Finished epoch 19000, latest loss 0.0075706844218075275
Finished epoch 20000, latest loss 0.0028722481802105904
Finished epoch 21000, latest loss 0.0022950787097215652
Finished epoch 22000, latest loss 0.0021847845055162907
Finished epoch 23000, latest loss 0.026303177699446678
Finished epoch 24000, latest loss 0.007296645548194647
Finished epoch 25000, latest loss 0.020264696329832077
Finished epoch 26000, latest loss 0.01309460774064064
Finished epoch 27000, latest loss 0.006568376440554857
Finished epoch 28000, latest loss 0.011921083554625511
Finished epoch 29000, latest loss 0.002353540388867259
Finished epoch 30000, latest loss 0.0028443075716495514
Finished epoch 31000, latest loss 0.01990717463195324
Finished epoch 32000, latest loss 0.011133122257888317
Finished epoch 33000, latest loss 0.0017172801308333874
Finished epoch 34000, latest loss 0.006487695500254631
Finished epoch 35000, latest loss 0.04506324231624603
Finished epoch 36000, latest loss 0.01791621372103691
Finished epoch 37000, latest loss 0.014296083711087704
Finished epoch 38000, latest loss 0.0013037899043411016
Finished epoch 39000, latest loss 0.0021801490802317858
Finished epoch 40000, latest loss 0.0018929513171315193
Finished epoch 41000, latest loss 0.022452399134635925
Finished epoch 42000, latest loss 0.004795718472450972
Finished epoch 43000, latest loss 0.007309967186301947
Finished epoch 44000, latest loss 0.009947971440851688
Finished epoch 45000, latest loss 0.004674474708735943
Finished epoch 46000, latest loss 0.01149938628077507
Finished epoch 47000, latest loss 0.013973955065011978
Finished epoch 48000, latest loss 0.001208002562634647
Finished epoch 49000, latest loss 0.0015497705899178982
Finished epoch 50000, latest loss 0.015654977411031723
Finished epoch 51000, latest loss 0.0025801542215049267
Finished epoch 52000, latest loss 0.0026835596654564142
Finished epoch 53000, latest loss 0.0015345723368227482
Finished epoch 54000, latest loss 0.008963889442384243
Finished epoch 55000, latest loss 0.004596025682985783
Finished epoch 56000, latest loss 0.004036134574562311
Finished epoch 57000, latest loss 0.009264113381505013
Finished epoch 58000, latest loss 0.009897200390696526
Finished epoch 59000, latest loss 0.0029859631322324276
Finished epoch 60000, latest loss 0.004118018783628941
Finished epoch 1, latest loss 0.6410713791847229
Finished epoch 1000, latest loss 0.06789521872997284
Finished epoch 2000, latest loss 0.0670132264494896
Finished epoch 3000, latest loss 0.053298793733119965
Finished epoch 4000, latest loss 0.14561915397644043
Finished epoch 5000, latest loss 0.06348182260990143
Finished epoch 6000, latest loss 0.05029052123427391
Finished epoch 7000, latest loss 0.041181933134794235
Finished epoch 8000, latest loss 0.08352030813694
Finished epoch 9000, latest loss 0.03237970918416977
Finished epoch 10000, latest loss 0.04186021536588669
Finished epoch 11000, latest loss 0.049464136362075806
Finished epoch 12000, latest loss 0.0337415374815464
Finished epoch 13000, latest loss 0.03368521109223366
Finished epoch 14000, latest loss 0.043078381568193436
Finished epoch 15000, latest loss 0.020024646073579788
Finished epoch 16000, latest loss 0.007045274134725332
Finished epoch 17000, latest loss 0.024750737473368645
Finished epoch 18000, latest loss 0.03744487091898918
Finished epoch 19000, latest loss 0.0388202965259552
Finished epoch 20000, latest loss 0.07702034711837769
Finished epoch 21000, latest loss 0.013714270666241646
Finished epoch 22000, latest loss 0.023969002068042755
Finished epoch 23000, latest loss 0.00661028828471899
Finished epoch 24000, latest loss 0.004683117847889662
Finished epoch 25000, latest loss 0.004944314248859882
Finished epoch 26000, latest loss 0.022416317835450172
Finished epoch 27000, latest loss 0.0035115035716444254
Finished epoch 28000, latest loss 0.01605864241719246
Finished epoch 29000, latest loss 0.01572282239794731
Finished epoch 30000, latest loss 0.034296974539756775
Finished epoch 31000, latest loss 0.0009798250393941998
Finished epoch 32000, latest loss 0.020479833707213402
Finished epoch 33000, latest loss 0.002700809156522155
Finished epoch 34000, latest loss 0.02773020602762699
Finished epoch 35000, latest loss 0.0030497994739562273
Finished epoch 36000, latest loss 0.026797497645020485
Finished epoch 37000, latest loss 0.011698825284838676
Finished epoch 38000, latest loss 0.017094681039452553
Finished epoch 39000, latest loss 0.02489769645035267
Finished epoch 40000, latest loss 0.0024495653342455626
Finished epoch 41000, latest loss 0.005605268757790327
Finished epoch 42000, latest loss 0.005256393924355507
Finished epoch 43000, latest loss 0.019459078088402748
Finished epoch 44000, latest loss 0.0014770864509046078
Finished epoch 45000, latest loss 0.008270720951259136
Finished epoch 46000, latest loss 0.0030616680160164833
Finished epoch 47000, latest loss 0.0010911321733146906
Finished epoch 48000, latest loss 0.01776832342147827
Finished epoch 49000, latest loss 0.025686364620923996
Finished epoch 50000, latest loss 0.00711197080090642
Finished epoch 51000, latest loss 0.0077665261924266815
Finished epoch 52000, latest loss 0.00543329119682312
Finished epoch 53000, latest loss 0.002105069812387228
Finished epoch 54000, latest loss 0.002087349770590663
Finished epoch 55000, latest loss 0.0036334656178951263
Finished epoch 56000, latest loss 0.013425790704786777
Finished epoch 57000, latest loss 0.0020835460163652897
Finished epoch 58000, latest loss 0.007328968960791826
Finished epoch 59000, latest loss 0.005506368353962898
Finished epoch 60000, latest loss 0.006549891550093889
Finished epoch 1, latest loss 0.8014703392982483
Finished epoch 1000, latest loss 0.049036674201488495
Finished epoch 2000, latest loss 0.14473611116409302
Finished epoch 3000, latest loss 0.09656539559364319
Finished epoch 4000, latest loss 0.13704413175582886
Finished epoch 5000, latest loss 0.05166689306497574
Finished epoch 6000, latest loss 0.09102410823106766
Finished epoch 7000, latest loss 0.060583192855119705
Finished epoch 8000, latest loss 0.017802497372031212
Finished epoch 9000, latest loss 0.06682112067937851
Finished epoch 10000, latest loss 0.02209128998219967
Finished epoch 11000, latest loss 0.023770732805132866
Finished epoch 12000, latest loss 0.004153180867433548
Finished epoch 13000, latest loss 0.03660673648118973
Finished epoch 14000, latest loss 0.01299332082271576
Finished epoch 15000, latest loss 0.006704533006995916
Finished epoch 16000, latest loss 0.027151819318532944
Finished epoch 17000, latest loss 0.016267288476228714
Finished epoch 18000, latest loss 0.021027427166700363
Finished epoch 19000, latest loss 0.02482079155743122
Finished epoch 20000, latest loss 0.021309081465005875
Finished epoch 21000, latest loss 0.010873179882764816
Finished epoch 22000, latest loss 0.029194366186857224
Finished epoch 23000, latest loss 0.025042643770575523
Finished epoch 24000, latest loss 0.008908960968255997
Finished epoch 25000, latest loss 0.006639951374381781
Finished epoch 26000, latest loss 0.004659772850573063
Finished epoch 27000, latest loss 0.0051970407366752625
Finished epoch 28000, latest loss 0.005707848351448774
Finished epoch 29000, latest loss 0.0165787972509861
Finished epoch 30000, latest loss 0.01385335810482502
Finished epoch 31000, latest loss 0.022412879392504692
Finished epoch 32000, latest loss 0.0033183053601533175
Finished epoch 33000, latest loss 0.02023029699921608
Finished epoch 34000, latest loss 0.007018214091658592
Finished epoch 35000, latest loss 0.03681717813014984
Finished epoch 36000, latest loss 0.002024557441473007
Finished epoch 37000, latest loss 0.026318609714508057
Finished epoch 38000, latest loss 0.039630595594644547
Finished epoch 39000, latest loss 0.0029418524354696274
Finished epoch 40000, latest loss 0.007296490017324686
Finished epoch 41000, latest loss 0.02774752490222454
Finished epoch 42000, latest loss 0.0016668334137648344
Finished epoch 43000, latest loss 0.0026010526344180107
Finished epoch 44000, latest loss 0.011918911710381508
Finished epoch 45000, latest loss 0.0021412770729511976
Finished epoch 46000, latest loss 0.021349292248487473
Finished epoch 47000, latest loss 0.04330206662416458
Finished epoch 48000, latest loss 0.009044899605214596
Finished epoch 49000, latest loss 0.014240874908864498
Finished epoch 50000, latest loss 0.01679304800927639
Finished epoch 51000, latest loss 0.0056947944685816765
Finished epoch 52000, latest loss 0.016714544966816902
Finished epoch 53000, latest loss 0.030973143875598907
Finished epoch 54000, latest loss 0.01111673191189766
Finished epoch 55000, latest loss 0.0007778943981975317
Finished epoch 56000, latest loss 0.006112559698522091
Finished epoch 57000, latest loss 0.002827003598213196
Finished epoch 58000, latest loss 0.0023828535340726376
Finished epoch 59000, latest loss 0.0015320108504965901
Finished epoch 60000, latest loss 0.0025739201810210943
Finished epoch 1, latest loss 0.47213515639305115
Finished epoch 1000, latest loss 0.07772882282733917
Finished epoch 2000, latest loss 0.10600331425666809
Finished epoch 3000, latest loss 0.09909860044717789
