JobId=8579747 JobName=datasetscript.sbatch
   UserId=koner(565562) GroupId=domain users(100513) MCS_label=N/A
   Priority=23684210 Nice=0 Account=ewi-insy-ii-influence QOS=short
   JobState=RUNNING Reason=None Dependency=(null)
   Requeue=0 Restarts=0 BatchFlag=1 Reboot=0 ExitCode=0:0
   DerivedExitCode=0:0
   RunTime=00:00:00 TimeLimit=02:45:00 TimeMin=N/A
   SubmitTime=2023-07-07T21:38:53 EligibleTime=2023-07-07T21:38:53
   AccrueTime=2023-07-07T21:38:53
   StartTime=2023-07-07T21:38:53 EndTime=2023-07-08T00:23:53 Deadline=N/A
   SuspendTime=None SecsPreSuspend=0 LastSchedEval=2023-07-07T21:38:53 Scheduler=Main
   Partition=general AllocNode:Sid=login1:1412
   ReqNodeList=(null) ExcNodeList=(null)
   NodeList=grs4
   BatchHost=grs4
   NumNodes=1 NumCPUs=10 NumTasks=9 CPUs/Task=1 ReqB:S:C:T=0:0:*:*
   TRES=cpu=10,mem=800M,node=1,billing=5
   Socks/Node=* NtasksPerN:B:S:C=0:0:*:* CoreSpec=*
   JOB_GRES=(null)
     Nodes=grs4 CPU_IDs=2-9,16-17 Mem=800 GRES=
   MinCPUsNode=1 MinMemoryCPU=80M MinTmpDiskNode=0
   Features=(null) DelayBoot=00:00:00
   OverSubscribe=OK Contiguous=0 Licenses=(null) Network=(null)
   Command=/winhome/koner/Desktop/MCTS-Time-Management/jobscripts/datasetscript.sbatch
   WorkDir=/winhome/koner/Desktop/MCTS-Time-Management/jobscripts
   StdErr=/winhome/koner/Desktop/MCTS-Time-Management/jobscripts/slurm-8579747.out
   StdIn=/dev/null
   StdOut=/winhome/koner/Desktop/MCTS-Time-Management/jobscripts/slurm-8579747.out
   Power=
   MailUser=koner MailType=END
   

srun: Job 8579747 step creation temporarily disabled, retrying (Requested nodes are busy)
srun: Job 8579747 step creation temporarily disabled, retrying (Requested nodes are busy)
srun: Job 8579747 step creation temporarily disabled, retrying (Requested nodes are busy)
srun: Job 8579747 step creation temporarily disabled, retrying (Requested nodes are busy)
srun: Job 8579747 step creation still disabled, retrying (Requested nodes are busy)
srun: Job 8579747 step creation still disabled, retrying (Requested nodes are busy)
srun: Job 8579747 step creation still disabled, retrying (Requested nodes are busy)
srun: Job 8579747 step creation still disabled, retrying (Requested nodes are busy)
srun: Job 8579747 step creation still disabled, retrying (Requested nodes are busy)
srun: Job 8579747 step creation still disabled, retrying (Requested nodes are busy)
srun: Job 8579747 step creation still disabled, retrying (Requested nodes are busy)
srun: Job 8579747 step creation still disabled, retrying (Requested nodes are busy)
srun: Job 8579747 step creation still disabled, retrying (Requested nodes are busy)
srun: Job 8579747 step creation still disabled, retrying (Requested nodes are busy)
srun: Job 8579747 step creation still disabled, retrying (Requested nodes are busy)
srun: Job 8579747 step creation still disabled, retrying (Requested nodes are busy)
srun: Job 8579747 step creation still disabled, retrying (Requested nodes are busy)
srun: Job 8579747 step creation still disabled, retrying (Requested nodes are busy)
srun: Job 8579747 step creation still disabled, retrying (Requested nodes are busy)
srun: Job 8579747 step creation still disabled, retrying (Requested nodes are busy)
srun: Job 8579747 step creation still disabled, retrying (Requested nodes are busy)
srun: Job 8579747 step creation still disabled, retrying (Requested nodes are busy)
srun: Job 8579747 step creation still disabled, retrying (Requested nodes are busy)
srun: Job 8579747 step creation still disabled, retrying (Requested nodes are busy)
srun: Job 8579747 step creation still disabled, retrying (Requested nodes are busy)
srun: Job 8579747 step creation still disabled, retrying (Requested nodes are busy)
srun: Job 8579747 step creation still disabled, retrying (Requested nodes are busy)
srun: Job 8579747 step creation still disabled, retrying (Requested nodes are busy)
srun: Job 8579747 step creation still disabled, retrying (Requested nodes are busy)
srun: Job 8579747 step creation still disabled, retrying (Requested nodes are busy)
srun: Job 8579747 step creation still disabled, retrying (Requested nodes are busy)
srun: Job 8579747 step creation still disabled, retrying (Requested nodes are busy)
srun: Job 8579747 step creation still disabled, retrying (Requested nodes are busy)
srun: Job 8579747 step creation still disabled, retrying (Requested nodes are busy)
srun: Job 8579747 step creation still disabled, retrying (Requested nodes are busy)
srun: Job 8579747 step creation still disabled, retrying (Requested nodes are busy)
srun: Job 8579747 step creation still disabled, retrying (Requested nodes are busy)
srun: Job 8579747 step creation still disabled, retrying (Requested nodes are busy)
srun: Job 8579747 step creation still disabled, retrying (Requested nodes are busy)
srun: Job 8579747 step creation still disabled, retrying (Requested nodes are busy)
srun: Job 8579747 step creation still disabled, retrying (Requested nodes are busy)
srun: Job 8579747 step creation still disabled, retrying (Requested nodes are busy)
srun: Job 8579747 step creation still disabled, retrying (Requested nodes are busy)
srun: Job 8579747 step creation still disabled, retrying (Requested nodes are busy)
srun: Job 8579747 step creation still disabled, retrying (Requested nodes are busy)
srun: Job 8579747 step creation still disabled, retrying (Requested nodes are busy)
srun: Job 8579747 step creation still disabled, retrying (Requested nodes are busy)
srun: Job 8579747 step creation still disabled, retrying (Requested nodes are busy)
srun: Job 8579747 step creation still disabled, retrying (Requested nodes are busy)
srun: Job 8579747 step creation still disabled, retrying (Requested nodes are busy)
srun: Job 8579747 step creation still disabled, retrying (Requested nodes are busy)
srun: Job 8579747 step creation still disabled, retrying (Requested nodes are busy)
srun: Job 8579747 step creation still disabled, retrying (Requested nodes are busy)
srun: Job 8579747 step creation still disabled, retrying (Requested nodes are busy)
srun: Job 8579747 step creation still disabled, retrying (Requested nodes are busy)
srun: Job 8579747 step creation still disabled, retrying (Requested nodes are busy)
srun: Job 8579747 step creation still disabled, retrying (Requested nodes are busy)
srun: Job 8579747 step creation still disabled, retrying (Requested nodes are busy)
srun: Job 8579747 step creation still disabled, retrying (Requested nodes are busy)
srun: Job 8579747 step creation still disabled, retrying (Requested nodes are busy)
srun: Job 8579747 step creation still disabled, retrying (Requested nodes are busy)
srun: Job 8579747 step creation still disabled, retrying (Requested nodes are busy)
srun: Job 8579747 step creation still disabled, retrying (Requested nodes are busy)
srun: Job 8579747 step creation still disabled, retrying (Requested nodes are busy)
srun: Job 8579747 step creation still disabled, retrying (Requested nodes are busy)
srun: Job 8579747 step creation still disabled, retrying (Requested nodes are busy)
srun: Job 8579747 step creation still disabled, retrying (Requested nodes are busy)
srun: Job 8579747 step creation still disabled, retrying (Requested nodes are busy)
srun: Job 8579747 step creation still disabled, retrying (Requested nodes are busy)
srun: Job 8579747 step creation still disabled, retrying (Requested nodes are busy)
srun: Job 8579747 step creation still disabled, retrying (Requested nodes are busy)
srun: Job 8579747 step creation still disabled, retrying (Requested nodes are busy)
srun: Job 8579747 step creation still disabled, retrying (Requested nodes are busy)
srun: Job 8579747 step creation still disabled, retrying (Requested nodes are busy)
srun: Job 8579747 step creation still disabled, retrying (Requested nodes are busy)
srun: Job 8579747 step creation still disabled, retrying (Requested nodes are busy)
srun: Job 8579747 step creation still disabled, retrying (Requested nodes are busy)
srun: Job 8579747 step creation still disabled, retrying (Requested nodes are busy)
srun: Job 8579747 step creation still disabled, retrying (Requested nodes are busy)
srun: Job 8579747 step creation still disabled, retrying (Requested nodes are busy)
srun: Job 8579747 step creation still disabled, retrying (Requested nodes are busy)
srun: Job 8579747 step creation still disabled, retrying (Requested nodes are busy)
srun: Job 8579747 step creation still disabled, retrying (Requested nodes are busy)
srun: Job 8579747 step creation still disabled, retrying (Requested nodes are busy)
srun: Job 8579747 step creation still disabled, retrying (Requested nodes are busy)
srun: Job 8579747 step creation still disabled, retrying (Requested nodes are busy)
srun: Job 8579747 step creation still disabled, retrying (Requested nodes are busy)
srun: Job 8579747 step creation still disabled, retrying (Requested nodes are busy)
srun: Job 8579747 step creation still disabled, retrying (Requested nodes are busy)
srun: Job 8579747 step creation still disabled, retrying (Requested nodes are busy)
srun: Job 8579747 step creation still disabled, retrying (Requested nodes are busy)
srun: Job 8579747 step creation still disabled, retrying (Requested nodes are busy)
srun: Job 8579747 step creation still disabled, retrying (Requested nodes are busy)
srun: Job 8579747 step creation still disabled, retrying (Requested nodes are busy)
srun: Job 8579747 step creation still disabled, retrying (Requested nodes are busy)
srun: Job 8579747 step creation still disabled, retrying (Requested nodes are busy)
srun: Job 8579747 step creation still disabled, retrying (Requested nodes are busy)
srun: Job 8579747 step creation still disabled, retrying (Requested nodes are busy)
srun: Job 8579747 step creation still disabled, retrying (Requested nodes are busy)
srun: Job 8579747 step creation still disabled, retrying (Requested nodes are busy)
srun: Job 8579747 step creation still disabled, retrying (Requested nodes are busy)
srun: Job 8579747 step creation still disabled, retrying (Requested nodes are busy)
srun: Job 8579747 step creation still disabled, retrying (Requested nodes are busy)
srun: Job 8579747 step creation still disabled, retrying (Requested nodes are busy)
srun: Job 8579747 step creation still disabled, retrying (Requested nodes are busy)
srun: Job 8579747 step creation still disabled, retrying (Requested nodes are busy)
srun: Job 8579747 step creation still disabled, retrying (Requested nodes are busy)
srun: Job 8579747 step creation still disabled, retrying (Requested nodes are busy)
srun: Job 8579747 step creation still disabled, retrying (Requested nodes are busy)
srun: Job 8579747 step creation still disabled, retrying (Requested nodes are busy)
srun: Job 8579747 step creation still disabled, retrying (Requested nodes are busy)
srun: Job 8579747 step creation still disabled, retrying (Requested nodes are busy)
srun: Job 8579747 step creation still disabled, retrying (Requested nodes are busy)
srun: Job 8579747 step creation still disabled, retrying (Requested nodes are busy)
srun: Job 8579747 step creation still disabled, retrying (Requested nodes are busy)
srun: Job 8579747 step creation still disabled, retrying (Requested nodes are busy)
srun: Job 8579747 step creation still disabled, retrying (Requested nodes are busy)
srun: Job 8579747 step creation still disabled, retrying (Requested nodes are busy)
srun: Job 8579747 step creation still disabled, retrying (Requested nodes are busy)
srun: Job 8579747 step creation still disabled, retrying (Requested nodes are busy)
srun: Job 8579747 step creation still disabled, retrying (Requested nodes are busy)
srun: Job 8579747 step creation still disabled, retrying (Requested nodes are busy)
srun: Job 8579747 step creation still disabled, retrying (Requested nodes are busy)
srun: Job 8579747 step creation still disabled, retrying (Requested nodes are busy)
srun: Job 8579747 step creation still disabled, retrying (Requested nodes are busy)
srun: Job 8579747 step creation still disabled, retrying (Requested nodes are busy)
srun: Job 8579747 step creation still disabled, retrying (Requested nodes are busy)
srun: Job 8579747 step creation still disabled, retrying (Requested nodes are busy)
srun: Job 8579747 step creation still disabled, retrying (Requested nodes are busy)
srun: Job 8579747 step creation still disabled, retrying (Requested nodes are busy)
srun: Job 8579747 step creation still disabled, retrying (Requested nodes are busy)
srun: Job 8579747 step creation still disabled, retrying (Requested nodes are busy)
srun: Job 8579747 step creation still disabled, retrying (Requested nodes are busy)
srun: Job 8579747 step creation still disabled, retrying (Requested nodes are busy)
srun: Job 8579747 step creation still disabled, retrying (Requested nodes are busy)
srun: Job 8579747 step creation still disabled, retrying (Requested nodes are busy)
srun: Job 8579747 step creation still disabled, retrying (Requested nodes are busy)
srun: Job 8579747 step creation still disabled, retrying (Requested nodes are busy)
srun: Job 8579747 step creation still disabled, retrying (Requested nodes are busy)
srun: Job 8579747 step creation still disabled, retrying (Requested nodes are busy)
srun: Job 8579747 step creation still disabled, retrying (Requested nodes are busy)
srun: Job 8579747 step creation still disabled, retrying (Requested nodes are busy)
srun: Job 8579747 step creation still disabled, retrying (Requested nodes are busy)
srun: Job 8579747 step creation still disabled, retrying (Requested nodes are busy)
srun: Job 8579747 step creation still disabled, retrying (Requested nodes are busy)
srun: Job 8579747 step creation still disabled, retrying (Requested nodes are busy)
srun: Job 8579747 step creation still disabled, retrying (Requested nodes are busy)
srun: Job 8579747 step creation still disabled, retrying (Requested nodes are busy)
srun: Job 8579747 step creation still disabled, retrying (Requested nodes are busy)
srun: Job 8579747 step creation still disabled, retrying (Requested nodes are busy)
srun: Job 8579747 step creation still disabled, retrying (Requested nodes are busy)
srun: Job 8579747 step creation still disabled, retrying (Requested nodes are busy)
srun: Job 8579747 step creation still disabled, retrying (Requested nodes are busy)
srun: Job 8579747 step creation still disabled, retrying (Requested nodes are busy)
srun: Job 8579747 step creation still disabled, retrying (Requested nodes are busy)
srun: Job 8579747 step creation still disabled, retrying (Requested nodes are busy)
srun: Job 8579747 step creation still disabled, retrying (Requested nodes are busy)
srun: Job 8579747 step creation still disabled, retrying (Requested nodes are busy)
srun: Job 8579747 step creation still disabled, retrying (Requested nodes are busy)
srun: Job 8579747 step creation still disabled, retrying (Requested nodes are busy)
srun: Job 8579747 step creation still disabled, retrying (Requested nodes are busy)
srun: Job 8579747 step creation still disabled, retrying (Requested nodes are busy)
srun: Job 8579747 step creation still disabled, retrying (Requested nodes are busy)
srun: Job 8579747 step creation still disabled, retrying (Requested nodes are busy)
srun: Job 8579747 step creation still disabled, retrying (Requested nodes are busy)
srun: Job 8579747 step creation still disabled, retrying (Requested nodes are busy)
srun: Job 8579747 step creation still disabled, retrying (Requested nodes are busy)
srun: Job 8579747 step creation still disabled, retrying (Requested nodes are busy)
srun: Job 8579747 step creation still disabled, retrying (Requested nodes are busy)
srun: Job 8579747 step creation still disabled, retrying (Requested nodes are busy)
srun: Job 8579747 step creation still disabled, retrying (Requested nodes are busy)
srun: Job 8579747 step creation still disabled, retrying (Requested nodes are busy)
srun: Job 8579747 step creation still disabled, retrying (Requested nodes are busy)
srun: Job 8579747 step creation still disabled, retrying (Requested nodes are busy)
srun: Job 8579747 step creation still disabled, retrying (Requested nodes are busy)
srun: Job 8579747 step creation still disabled, retrying (Requested nodes are busy)
srun: Job 8579747 step creation still disabled, retrying (Requested nodes are busy)
srun: Job 8579747 step creation still disabled, retrying (Requested nodes are busy)
srun: Job 8579747 step creation still disabled, retrying (Requested nodes are busy)
srun: Job 8579747 step creation still disabled, retrying (Requested nodes are busy)
srun: Job 8579747 step creation still disabled, retrying (Requested nodes are busy)
srun: Job 8579747 step creation still disabled, retrying (Requested nodes are busy)
srun: Job 8579747 step creation still disabled, retrying (Requested nodes are busy)
srun: Job 8579747 step creation still disabled, retrying (Requested nodes are busy)
srun: Job 8579747 step creation still disabled, retrying (Requested nodes are busy)
srun: Job 8579747 step creation still disabled, retrying (Requested nodes are busy)
srun: Job 8579747 step creation still disabled, retrying (Requested nodes are busy)
srun: Job 8579747 step creation still disabled, retrying (Requested nodes are busy)
srun: Job 8579747 step creation still disabled, retrying (Requested nodes are busy)
srun: Job 8579747 step creation still disabled, retrying (Requested nodes are busy)
srun: Job 8579747 step creation still disabled, retrying (Requested nodes are busy)
srun: Job 8579747 step creation still disabled, retrying (Requested nodes are busy)
srun: Job 8579747 step creation still disabled, retrying (Requested nodes are busy)
srun: Job 8579747 step creation still disabled, retrying (Requested nodes are busy)
srun: Job 8579747 step creation still disabled, retrying (Requested nodes are busy)
srun: Job 8579747 step creation still disabled, retrying (Requested nodes are busy)
srun: Job 8579747 step creation still disabled, retrying (Requested nodes are busy)
srun: Job 8579747 step creation still disabled, retrying (Requested nodes are busy)
srun: Job 8579747 step creation still disabled, retrying (Requested nodes are busy)
srun: Job 8579747 step creation still disabled, retrying (Requested nodes are busy)
srun: Job 8579747 step creation still disabled, retrying (Requested nodes are busy)
srun: Job 8579747 step creation still disabled, retrying (Requested nodes are busy)
srun: Job 8579747 step creation still disabled, retrying (Requested nodes are busy)
srun: Job 8579747 step creation still disabled, retrying (Requested nodes are busy)
srun: Job 8579747 step creation still disabled, retrying (Requested nodes are busy)
srun: Job 8579747 step creation still disabled, retrying (Requested nodes are busy)
srun: Job 8579747 step creation still disabled, retrying (Requested nodes are busy)
srun: Job 8579747 step creation still disabled, retrying (Requested nodes are busy)
srun: Job 8579747 step creation still disabled, retrying (Requested nodes are busy)
srun: Job 8579747 step creation still disabled, retrying (Requested nodes are busy)
srun: Job 8579747 step creation still disabled, retrying (Requested nodes are busy)
srun: Job 8579747 step creation still disabled, retrying (Requested nodes are busy)
srun: Job 8579747 step creation still disabled, retrying (Requested nodes are busy)
srun: Job 8579747 step creation still disabled, retrying (Requested nodes are busy)
srun: Job 8579747 step creation still disabled, retrying (Requested nodes are busy)
srun: Job 8579747 step creation still disabled, retrying (Requested nodes are busy)
srun: Job 8579747 step creation still disabled, retrying (Requested nodes are busy)
srun: Job 8579747 step creation still disabled, retrying (Requested nodes are busy)
srun: Job 8579747 step creation still disabled, retrying (Requested nodes are busy)
srun: Job 8579747 step creation still disabled, retrying (Requested nodes are busy)
srun: Step created for job 8579747
srun: Job 8579747 step creation still disabled, retrying (Requested nodes are busy)
srun: Step created for job 8579747
srun: Job 8579747 step creation still disabled, retrying (Requested nodes are busy)
srun: Job 8579747 step creation still disabled, retrying (Requested nodes are busy)
srun: Job 8579747 step creation still disabled, retrying (Requested nodes are busy)
srun: Job 8579747 step creation still disabled, retrying (Requested nodes are busy)
srun: Step created for job 8579747
srun: Job 8579747 step creation still disabled, retrying (Requested nodes are busy)
srun: Step created for job 8579747
