JobId=8580051 JobName=cartpole_dataset.sbatch
   UserId=koner(565562) GroupId=domain users(100513) MCS_label=N/A
   Priority=16706766 Nice=0 Account=ewi-insy-ii-influence QOS=medium
   JobState=RUNNING Reason=None Dependency=(null)
   Requeue=0 Restarts=0 BatchFlag=1 Reboot=0 ExitCode=0:0
   DerivedExitCode=0:0
   RunTime=00:00:00 TimeLimit=01:00:00 TimeMin=N/A
   SubmitTime=2023-07-09T12:35:08 EligibleTime=2023-07-09T12:35:08
   AccrueTime=2023-07-09T12:35:08
   StartTime=2023-07-09T12:35:09 EndTime=2023-07-09T13:35:09 Deadline=N/A
   SuspendTime=None SecsPreSuspend=0 LastSchedEval=2023-07-09T12:35:09 Scheduler=Main
   Partition=general AllocNode:Sid=login1:9963
   ReqNodeList=(null) ExcNodeList=(null)
   NodeList=grs4
   BatchHost=grs4
   NumNodes=1 NumCPUs=10 NumTasks=10 CPUs/Task=1 ReqB:S:C:T=0:0:*:*
   TRES=cpu=10,mem=850M,node=1,billing=5
   Socks/Node=* NtasksPerN:B:S:C=0:0:*:* CoreSpec=*
   JOB_GRES=(null)
     Nodes=grs4 CPU_IDs=8-9,16-23 Mem=850 GRES=
   MinCPUsNode=1 MinMemoryCPU=85M MinTmpDiskNode=0
   Features=(null) DelayBoot=00:00:00
   OverSubscribe=OK Contiguous=0 Licenses=(null) Network=(null)
   Command=/winhome/koner/Desktop/MCTS-Time-Management/jobscripts/cartpole_dataset.sbatch
   WorkDir=/winhome/koner/Desktop/MCTS-Time-Management/jobscripts
   StdErr=/winhome/koner/Desktop/MCTS-Time-Management/jobscripts/slurm-8580051.out
   StdIn=/dev/null
   StdOut=/winhome/koner/Desktop/MCTS-Time-Management/jobscripts/slurm-8580051.out
   Power=
   MailUser=koner MailType=END
   

srun: Job 8580051 step creation temporarily disabled, retrying (Requested nodes are busy)
srun: Job 8580051 step creation temporarily disabled, retrying (Requested nodes are busy)
srun: Job 8580051 step creation temporarily disabled, retrying (Requested nodes are busy)
srun: Job 8580051 step creation temporarily disabled, retrying (Requested nodes are busy)
srun: Job 8580051 step creation temporarily disabled, retrying (Requested nodes are busy)
srun: Job 8580051 step creation still disabled, retrying (Requested nodes are busy)
srun: Job 8580051 step creation still disabled, retrying (Requested nodes are busy)
srun: Job 8580051 step creation still disabled, retrying (Requested nodes are busy)
srun: Job 8580051 step creation still disabled, retrying (Requested nodes are busy)
srun: Job 8580051 step creation still disabled, retrying (Requested nodes are busy)
srun: Job 8580051 step creation still disabled, retrying (Requested nodes are busy)
srun: Job 8580051 step creation still disabled, retrying (Requested nodes are busy)
srun: Job 8580051 step creation still disabled, retrying (Requested nodes are busy)
srun: Job 8580051 step creation still disabled, retrying (Requested nodes are busy)
srun: Job 8580051 step creation still disabled, retrying (Requested nodes are busy)
srun: Job 8580051 step creation still disabled, retrying (Requested nodes are busy)
srun: Job 8580051 step creation still disabled, retrying (Requested nodes are busy)
srun: Job 8580051 step creation still disabled, retrying (Requested nodes are busy)
srun: Job 8580051 step creation still disabled, retrying (Requested nodes are busy)
srun: Job 8580051 step creation still disabled, retrying (Requested nodes are busy)
srun: Job 8580051 step creation still disabled, retrying (Requested nodes are busy)
srun: Job 8580051 step creation still disabled, retrying (Requested nodes are busy)
srun: Job 8580051 step creation still disabled, retrying (Requested nodes are busy)
srun: Job 8580051 step creation still disabled, retrying (Requested nodes are busy)
srun: Job 8580051 step creation still disabled, retrying (Requested nodes are busy)
srun: Job 8580051 step creation still disabled, retrying (Requested nodes are busy)
srun: Job 8580051 step creation still disabled, retrying (Requested nodes are busy)
srun: Job 8580051 step creation still disabled, retrying (Requested nodes are busy)
srun: Job 8580051 step creation still disabled, retrying (Requested nodes are busy)
srun: Job 8580051 step creation still disabled, retrying (Requested nodes are busy)
srun: Job 8580051 step creation still disabled, retrying (Requested nodes are busy)
srun: Job 8580051 step creation still disabled, retrying (Requested nodes are busy)
srun: Job 8580051 step creation still disabled, retrying (Requested nodes are busy)
srun: Job 8580051 step creation still disabled, retrying (Requested nodes are busy)
srun: Job 8580051 step creation still disabled, retrying (Requested nodes are busy)
srun: Job 8580051 step creation still disabled, retrying (Requested nodes are busy)
srun: Job 8580051 step creation still disabled, retrying (Requested nodes are busy)
srun: Job 8580051 step creation still disabled, retrying (Requested nodes are busy)
srun: Job 8580051 step creation still disabled, retrying (Requested nodes are busy)
srun: Job 8580051 step creation still disabled, retrying (Requested nodes are busy)
srun: Job 8580051 step creation still disabled, retrying (Requested nodes are busy)
srun: Job 8580051 step creation still disabled, retrying (Requested nodes are busy)
srun: Job 8580051 step creation still disabled, retrying (Requested nodes are busy)
srun: Job 8580051 step creation still disabled, retrying (Requested nodes are busy)
srun: Job 8580051 step creation still disabled, retrying (Requested nodes are busy)
srun: Job 8580051 step creation still disabled, retrying (Requested nodes are busy)
srun: Job 8580051 step creation still disabled, retrying (Requested nodes are busy)
srun: Job 8580051 step creation still disabled, retrying (Requested nodes are busy)
srun: Job 8580051 step creation still disabled, retrying (Requested nodes are busy)
srun: Job 8580051 step creation still disabled, retrying (Requested nodes are busy)
srun: Job 8580051 step creation still disabled, retrying (Requested nodes are busy)
srun: Job 8580051 step creation still disabled, retrying (Requested nodes are busy)
srun: Job 8580051 step creation still disabled, retrying (Requested nodes are busy)
srun: Job 8580051 step creation still disabled, retrying (Requested nodes are busy)
srun: Job 8580051 step creation still disabled, retrying (Requested nodes are busy)
srun: Job 8580051 step creation still disabled, retrying (Requested nodes are busy)
srun: Job 8580051 step creation still disabled, retrying (Requested nodes are busy)
srun: Job 8580051 step creation still disabled, retrying (Requested nodes are busy)
srun: Job 8580051 step creation still disabled, retrying (Requested nodes are busy)
srun: Job 8580051 step creation still disabled, retrying (Requested nodes are busy)
srun: Job 8580051 step creation still disabled, retrying (Requested nodes are busy)
srun: Job 8580051 step creation still disabled, retrying (Requested nodes are busy)
srun: Job 8580051 step creation still disabled, retrying (Requested nodes are busy)
srun: Job 8580051 step creation still disabled, retrying (Requested nodes are busy)
srun: Job 8580051 step creation still disabled, retrying (Requested nodes are busy)
srun: Job 8580051 step creation still disabled, retrying (Requested nodes are busy)
srun: Job 8580051 step creation still disabled, retrying (Requested nodes are busy)
srun: Job 8580051 step creation still disabled, retrying (Requested nodes are busy)
srun: Job 8580051 step creation still disabled, retrying (Requested nodes are busy)
srun: Job 8580051 step creation still disabled, retrying (Requested nodes are busy)
srun: Job 8580051 step creation still disabled, retrying (Requested nodes are busy)
srun: Job 8580051 step creation still disabled, retrying (Requested nodes are busy)
srun: Job 8580051 step creation still disabled, retrying (Requested nodes are busy)
srun: Job 8580051 step creation still disabled, retrying (Requested nodes are busy)
srun: Job 8580051 step creation still disabled, retrying (Requested nodes are busy)
srun: Job 8580051 step creation still disabled, retrying (Requested nodes are busy)
srun: Job 8580051 step creation still disabled, retrying (Requested nodes are busy)
srun: Job 8580051 step creation still disabled, retrying (Requested nodes are busy)
srun: Job 8580051 step creation still disabled, retrying (Requested nodes are busy)
srun: Job 8580051 step creation still disabled, retrying (Requested nodes are busy)
srun: Job 8580051 step creation still disabled, retrying (Requested nodes are busy)
srun: Job 8580051 step creation still disabled, retrying (Requested nodes are busy)
srun: Job 8580051 step creation still disabled, retrying (Requested nodes are busy)
srun: Job 8580051 step creation still disabled, retrying (Requested nodes are busy)
srun: Job 8580051 step creation still disabled, retrying (Requested nodes are busy)
srun: Job 8580051 step creation still disabled, retrying (Requested nodes are busy)
srun: Job 8580051 step creation still disabled, retrying (Requested nodes are busy)
srun: Job 8580051 step creation still disabled, retrying (Requested nodes are busy)
srun: Job 8580051 step creation still disabled, retrying (Requested nodes are busy)
srun: Job 8580051 step creation still disabled, retrying (Requested nodes are busy)
srun: Job 8580051 step creation still disabled, retrying (Requested nodes are busy)
srun: Job 8580051 step creation still disabled, retrying (Requested nodes are busy)
srun: Job 8580051 step creation still disabled, retrying (Requested nodes are busy)
srun: Job 8580051 step creation still disabled, retrying (Requested nodes are busy)
srun: Job 8580051 step creation still disabled, retrying (Requested nodes are busy)
srun: Job 8580051 step creation still disabled, retrying (Requested nodes are busy)
srun: Job 8580051 step creation still disabled, retrying (Requested nodes are busy)
srun: Job 8580051 step creation still disabled, retrying (Requested nodes are busy)
srun: Job 8580051 step creation still disabled, retrying (Requested nodes are busy)
srun: Job 8580051 step creation still disabled, retrying (Requested nodes are busy)
srun: Job 8580051 step creation still disabled, retrying (Requested nodes are busy)
srun: Job 8580051 step creation still disabled, retrying (Requested nodes are busy)
srun: Job 8580051 step creation still disabled, retrying (Requested nodes are busy)
srun: Job 8580051 step creation still disabled, retrying (Requested nodes are busy)
srun: Job 8580051 step creation still disabled, retrying (Requested nodes are busy)
srun: Job 8580051 step creation still disabled, retrying (Requested nodes are busy)
srun: Job 8580051 step creation still disabled, retrying (Requested nodes are busy)
srun: Job 8580051 step creation still disabled, retrying (Requested nodes are busy)
srun: Job 8580051 step creation still disabled, retrying (Requested nodes are busy)
srun: Job 8580051 step creation still disabled, retrying (Requested nodes are busy)
srun: Job 8580051 step creation still disabled, retrying (Requested nodes are busy)
srun: Job 8580051 step creation still disabled, retrying (Requested nodes are busy)
srun: Job 8580051 step creation still disabled, retrying (Requested nodes are busy)
srun: Job 8580051 step creation still disabled, retrying (Requested nodes are busy)
srun: Job 8580051 step creation still disabled, retrying (Requested nodes are busy)
srun: Job 8580051 step creation still disabled, retrying (Requested nodes are busy)
srun: Job 8580051 step creation still disabled, retrying (Requested nodes are busy)
srun: Job 8580051 step creation still disabled, retrying (Requested nodes are busy)
srun: Job 8580051 step creation still disabled, retrying (Requested nodes are busy)
srun: Job 8580051 step creation still disabled, retrying (Requested nodes are busy)
srun: Job 8580051 step creation still disabled, retrying (Requested nodes are busy)
srun: Job 8580051 step creation still disabled, retrying (Requested nodes are busy)
srun: Job 8580051 step creation still disabled, retrying (Requested nodes are busy)
srun: Job 8580051 step creation still disabled, retrying (Requested nodes are busy)
srun: Job 8580051 step creation still disabled, retrying (Requested nodes are busy)
srun: Job 8580051 step creation still disabled, retrying (Requested nodes are busy)
srun: Job 8580051 step creation still disabled, retrying (Requested nodes are busy)
srun: Job 8580051 step creation still disabled, retrying (Requested nodes are busy)
srun: Job 8580051 step creation still disabled, retrying (Requested nodes are busy)
srun: Job 8580051 step creation still disabled, retrying (Requested nodes are busy)
srun: Job 8580051 step creation still disabled, retrying (Requested nodes are busy)
srun: Job 8580051 step creation still disabled, retrying (Requested nodes are busy)
srun: Job 8580051 step creation still disabled, retrying (Requested nodes are busy)
srun: Job 8580051 step creation still disabled, retrying (Requested nodes are busy)
srun: Job 8580051 step creation still disabled, retrying (Requested nodes are busy)
srun: Job 8580051 step creation still disabled, retrying (Requested nodes are busy)
srun: Job 8580051 step creation still disabled, retrying (Requested nodes are busy)
srun: Job 8580051 step creation still disabled, retrying (Requested nodes are busy)
srun: Job 8580051 step creation still disabled, retrying (Requested nodes are busy)
srun: Job 8580051 step creation still disabled, retrying (Requested nodes are busy)
srun: Job 8580051 step creation still disabled, retrying (Requested nodes are busy)
srun: Job 8580051 step creation still disabled, retrying (Requested nodes are busy)
srun: Job 8580051 step creation still disabled, retrying (Requested nodes are busy)
srun: error: Unable to create step for job 8580051: Job/step already completing or completed
srun: Job step aborted: Waiting up to 32 seconds for job step to finish.
srun: Job step aborted: Waiting up to 32 seconds for job step to finish.
srun: Job step aborted: Waiting up to 32 seconds for job step to finish.
srun: Job step aborted: Waiting up to 32 seconds for job step to finish.
srun: Job step aborted: Waiting up to 32 seconds for job step to finish.
slurmstepd: error: *** STEP 8580051.4 ON grs4 CANCELLED AT 2023-07-09T13:35:32 DUE TO TIME LIMIT ***
slurmstepd: error: *** STEP 8580051.1 ON grs4 CANCELLED AT 2023-07-09T13:35:32 DUE TO TIME LIMIT ***
slurmstepd: error: *** STEP 8580051.0 ON grs4 CANCELLED AT 2023-07-09T13:35:32 DUE TO TIME LIMIT ***
slurmstepd: error: *** JOB 8580051 ON grs4 CANCELLED AT 2023-07-09T13:35:32 DUE TO TIME LIMIT ***
slurmstepd: error: *** STEP 8580051.3 ON grs4 CANCELLED AT 2023-07-09T13:35:32 DUE TO TIME LIMIT ***
slurmstepd: error: *** STEP 8580051.2 ON grs4 CANCELLED AT 2023-07-09T13:35:32 DUE TO TIME LIMIT ***
