JobId=9348455 JobName=with_different_maps.sbatch
   UserId=koner(565562) GroupId=domain users(100513) MCS_label=N/A
   Priority=25866666 Nice=0 Account=ewi-insy-ii-influence QOS=short
   JobState=RUNNING Reason=None Dependency=(null)
   Requeue=0 Restarts=0 BatchFlag=1 Reboot=0 ExitCode=0:0
   DerivedExitCode=0:0
   RunTime=00:00:00 TimeLimit=02:00:00 TimeMin=N/A
   SubmitTime=2024-02-14T13:37:40 EligibleTime=2024-02-14T13:37:40
   AccrueTime=2024-02-14T13:37:40
   StartTime=2024-02-14T13:37:41 EndTime=2024-02-14T15:37:41 Deadline=N/A
   SuspendTime=None SecsPreSuspend=0 LastSchedEval=2024-02-14T13:37:41 Scheduler=Main
   Partition=general AllocNode:Sid=login1:24339
   ReqNodeList=(null) ExcNodeList=(null)
   NodeList=3dgi1
   BatchHost=3dgi1
   NumNodes=1 NumCPUs=64 NumTasks=1 CPUs/Task=64 ReqB:S:C:T=0:0:*:*
   TRES=cpu=64,mem=16000M,node=1,billing=33
   Socks/Node=* NtasksPerN:B:S:C=0:0:*:* CoreSpec=*
   JOB_GRES=(null)
     Nodes=3dgi1 CPU_IDs=0-63 Mem=16000 GRES=
   MinCPUsNode=64 MinMemoryNode=16000M MinTmpDiskNode=0
   Features=(null) DelayBoot=00:00:00
   OverSubscribe=OK Contiguous=0 Licenses=(null) Network=(null)
   Command=/winhome/koner/Desktop/MCTS-Time-Management/jobscripts/with_different_maps.sbatch
   WorkDir=/winhome/koner/Desktop/MCTS-Time-Management/jobscripts
   StdErr=/winhome/koner/Desktop/MCTS-Time-Management/jobscripts/slurm-9348455.out
   StdIn=/dev/null
   StdOut=/winhome/koner/Desktop/MCTS-Time-Management/jobscripts/slurm-9348455.out
   Power=
   MailUser=koner MailType=END
   

Finished epoch 1, latest loss 0.8747215270996094
Finished epoch 1000, latest loss 0.10403400659561157
Finished epoch 2000, latest loss 0.0660068467259407
Finished epoch 3000, latest loss 0.14918242394924164
Finished epoch 4000, latest loss 0.09398208558559418
Finished epoch 5000, latest loss 0.06479927152395248
Finished epoch 6000, latest loss 0.007483088411390781
Finished epoch 7000, latest loss 0.0049432446248829365
Finished epoch 8000, latest loss 0.008006353862583637
Finished epoch 9000, latest loss 0.08091656863689423
Finished epoch 10000, latest loss 0.007013112306594849
Finished epoch 11000, latest loss 0.006169413682073355
Finished epoch 12000, latest loss 0.005295534152537584
Finished epoch 13000, latest loss 0.0027863974682986736
Finished epoch 14000, latest loss 0.0008001771639101207
Finished epoch 15000, latest loss 0.0026347984094172716
Finished epoch 16000, latest loss 0.01262480579316616
Finished epoch 17000, latest loss 0.005244079045951366
Finished epoch 18000, latest loss 0.023557601496577263
Finished epoch 19000, latest loss 0.0031979845371097326
Finished epoch 20000, latest loss 0.002527560107409954
Finished epoch 1, latest loss 0.5402116179466248
Finished epoch 1000, latest loss 0.055968865752220154
Finished epoch 2000, latest loss 0.08068142086267471
Finished epoch 3000, latest loss 0.06058299168944359
Finished epoch 4000, latest loss 0.060169052332639694
Finished epoch 5000, latest loss 0.03329038247466087
Finished epoch 6000, latest loss 0.007092302665114403
Finished epoch 7000, latest loss 0.01966545358300209
Finished epoch 8000, latest loss 0.010174096561968327
Finished epoch 9000, latest loss 0.05662723630666733
Finished epoch 10000, latest loss 0.01224408857524395
Finished epoch 11000, latest loss 0.013328618369996548
Finished epoch 12000, latest loss 0.037966229021549225
Finished epoch 13000, latest loss 0.030952436849474907
Finished epoch 14000, latest loss 0.00042837500222958624
Finished epoch 15000, latest loss 0.019294625148177147
Finished epoch 16000, latest loss 0.01165536604821682
Finished epoch 17000, latest loss 0.01979728788137436
Finished epoch 18000, latest loss 0.0007663044380024076
Finished epoch 19000, latest loss 0.0009402465657331049
Finished epoch 20000, latest loss 0.012204035185277462
Finished epoch 1, latest loss 0.48846739530563354
Finished epoch 1000, latest loss 0.07608743011951447
Finished epoch 2000, latest loss 0.033728569746017456
Finished epoch 3000, latest loss 0.051502879709005356
Finished epoch 4000, latest loss 0.06487021595239639
Finished epoch 5000, latest loss 0.04247860610485077
Finished epoch 6000, latest loss 0.004798602312803268
Finished epoch 7000, latest loss 0.0066917650401592255
Finished epoch 8000, latest loss 0.00521561736240983
Finished epoch 9000, latest loss 0.023586641997098923
Finished epoch 10000, latest loss 0.0055770715698599815
Finished epoch 11000, latest loss 0.04489606246352196
Finished epoch 12000, latest loss 0.0002836920029949397
Finished epoch 13000, latest loss 5.986574979033321e-05
Finished epoch 14000, latest loss 5.464428249979392e-05
Finished epoch 15000, latest loss 0.0001962014357559383
Finished epoch 16000, latest loss 0.0002018023660639301
Finished epoch 17000, latest loss 0.006598922424018383
Finished epoch 18000, latest loss 0.011498404666781425
Finished epoch 19000, latest loss 0.0019230018369853497
Finished epoch 20000, latest loss 0.01361633837223053
Finished epoch 1, latest loss 0.9555081129074097
Finished epoch 1000, latest loss 0.06432847678661346
Finished epoch 2000, latest loss 0.03250155225396156
Finished epoch 3000, latest loss 0.08931948989629745
Finished epoch 4000, latest loss 0.012033877894282341
Finished epoch 5000, latest loss 0.022531382739543915
Finished epoch 6000, latest loss 0.03612294793128967
Finished epoch 7000, latest loss 0.0045337253250181675
Finished epoch 8000, latest loss 0.0028412584215402603
Finished epoch 9000, latest loss 0.03727992996573448
Finished epoch 10000, latest loss 0.01783394068479538
Finished epoch 11000, latest loss 0.013522901572287083
Finished epoch 12000, latest loss 0.007436439394950867
Finished epoch 13000, latest loss 0.00683760829269886
Finished epoch 14000, latest loss 0.02727636881172657
Finished epoch 15000, latest loss 0.02858082763850689
Finished epoch 16000, latest loss 0.00265703396871686
Finished epoch 17000, latest loss 0.0026487973518669605
Finished epoch 18000, latest loss 0.018173012882471085
Finished epoch 19000, latest loss 0.014984190464019775
Finished epoch 20000, latest loss 0.00020367100660223514
Finished epoch 1, latest loss 0.4428863525390625
Finished epoch 1000, latest loss 0.11345911771059036
Finished epoch 2000, latest loss 0.06664712727069855
Finished epoch 3000, latest loss 0.05173289775848389
Finished epoch 4000, latest loss 0.04405153915286064
Finished epoch 5000, latest loss 0.05159232020378113
Finished epoch 6000, latest loss 0.022798510268330574
Finished epoch 7000, latest loss 0.051633480936288834
Finished epoch 8000, latest loss 0.008914279751479626
Finished epoch 9000, latest loss 0.023750225082039833
Finished epoch 10000, latest loss 0.00029649879434145987
Finished epoch 11000, latest loss 0.00010828700760612264
Finished epoch 12000, latest loss 0.054357826709747314
Finished epoch 13000, latest loss 0.01442091166973114
Finished epoch 14000, latest loss 0.005109237972646952
Finished epoch 15000, latest loss 0.0008705310756340623
Finished epoch 16000, latest loss 0.0015702636446803808
Finished epoch 17000, latest loss 0.003371620085090399
Finished epoch 18000, latest loss 0.00808832049369812
Finished epoch 19000, latest loss 0.0011354397283867002
Finished epoch 20000, latest loss 0.006167976185679436
Finished epoch 1, latest loss 0.6613264083862305
Finished epoch 1000, latest loss 0.0962396040558815
Finished epoch 2000, latest loss 0.12014549225568771
Finished epoch 3000, latest loss 0.0268993116915226
Finished epoch 4000, latest loss 0.057957783341407776
Finished epoch 5000, latest loss 0.005438369698822498
Finished epoch 6000, latest loss 0.012385467067360878
Finished epoch 7000, latest loss 0.0020546200685203075
Finished epoch 8000, latest loss 0.007904760539531708
Finished epoch 9000, latest loss 0.0019956219475716352
Finished epoch 10000, latest loss 0.0015390579355880618
Finished epoch 11000, latest loss 0.0010306891053915024
Finished epoch 12000, latest loss 0.004563348833471537
Finished epoch 13000, latest loss 0.012629963457584381
Finished epoch 14000, latest loss 0.019808363169431686
Finished epoch 15000, latest loss 0.012402434833347797
Finished epoch 16000, latest loss 0.022052425891160965
Finished epoch 17000, latest loss 0.02043760009109974
Finished epoch 18000, latest loss 0.012836371548473835
Finished epoch 19000, latest loss 0.0007033126312308013
Finished epoch 20000, latest loss 0.0004879529878962785
Finished epoch 1, latest loss 0.6685762405395508
Finished epoch 1000, latest loss 0.08342596143484116
Finished epoch 2000, latest loss 0.03887626528739929
Finished epoch 3000, latest loss 0.025483079254627228
Finished epoch 4000, latest loss 0.08093135058879852
Finished epoch 5000, latest loss 0.007018345408141613
Finished epoch 6000, latest loss 0.025427233427762985
Finished epoch 7000, latest loss 0.047386448830366135
Finished epoch 8000, latest loss 0.06039334088563919
Finished epoch 9000, latest loss 0.009703084826469421
Finished epoch 10000, latest loss 0.0022970428690314293
Finished epoch 11000, latest loss 0.031628359109163284
Finished epoch 12000, latest loss 0.008385984227061272
Finished epoch 13000, latest loss 0.0029547959566116333
Finished epoch 14000, latest loss 0.004523028619587421
Finished epoch 15000, latest loss 0.02360006421804428
Finished epoch 16000, latest loss 0.0020565169397741556
Finished epoch 17000, latest loss 0.023416057229042053
Finished epoch 18000, latest loss 0.03673364594578743
Finished epoch 19000, latest loss 0.0012289849109947681
Finished epoch 20000, latest loss 0.026990843936800957
Finished epoch 1, latest loss 0.7228313088417053
Finished epoch 1000, latest loss 0.11468489468097687
Finished epoch 2000, latest loss 0.08819930255413055
Finished epoch 3000, latest loss 0.04431675001978874
Finished epoch 4000, latest loss 0.017691828310489655
Finished epoch 5000, latest loss 0.024500694125890732
Finished epoch 6000, latest loss 0.025366850197315216
Finished epoch 7000, latest loss 0.0018837496172636747
Finished epoch 8000, latest loss 0.007207110989838839
Finished epoch 9000, latest loss 0.00738082081079483
Finished epoch 10000, latest loss 0.019250061362981796
Finished epoch 11000, latest loss 0.0005127541371621192
Finished epoch 12000, latest loss 0.00686892494559288
Finished epoch 13000, latest loss 0.005781788844615221
Finished epoch 14000, latest loss 0.0574527308344841
Finished epoch 15000, latest loss 0.004401661455631256
Finished epoch 16000, latest loss 0.019623246043920517
Finished epoch 17000, latest loss 0.0011821743100881577
Finished epoch 18000, latest loss 0.00024418902467004955
Finished epoch 19000, latest loss 0.0016092532314360142
Finished epoch 20000, latest loss 0.0017978455871343613
Training set size: 1000
Training error 1: 0.008534 ± 0.002675
\Training error 2: 0.057438 ± 0.001363
Test error: 0.058777 ± 0.001280

Finished epoch 1, latest loss 0.7071216106414795
Finished epoch 1000, latest loss 0.08040645718574524
Finished epoch 2000, latest loss 0.0594833604991436
Finished epoch 3000, latest loss 0.056511666625738144
Finished epoch 4000, latest loss 0.046797461807727814
Finished epoch 5000, latest loss 0.10972011834383011
Finished epoch 6000, latest loss 0.04362441971898079
Finished epoch 7000, latest loss 0.13403674960136414
Finished epoch 8000, latest loss 0.04064586013555527
Finished epoch 9000, latest loss 0.005451138596981764
Finished epoch 10000, latest loss 0.012974991463124752
Finished epoch 11000, latest loss 0.05430397391319275
Finished epoch 12000, latest loss 0.014052494429051876
Finished epoch 13000, latest loss 0.009655006229877472
Finished epoch 14000, latest loss 0.013443374074995518
Finished epoch 15000, latest loss 0.022283514961600304
Finished epoch 16000, latest loss 0.004440356977283955
Finished epoch 17000, latest loss 0.0018321149982511997
Finished epoch 18000, latest loss 0.0030732061713933945
Finished epoch 19000, latest loss 0.0037427430506795645
Finished epoch 20000, latest loss 0.012893881648778915
Finished epoch 1, latest loss 0.469307005405426
Finished epoch 1000, latest loss 0.06784044206142426
Finished epoch 2000, latest loss 0.10199108719825745
Finished epoch 3000, latest loss 0.060815759003162384
Finished epoch 4000, latest loss 0.03580460324883461
Finished epoch 5000, latest loss 0.10588434338569641
Finished epoch 6000, latest loss 0.019898079335689545
Finished epoch 7000, latest loss 0.012654564343392849
Finished epoch 8000, latest loss 0.013821815140545368
Finished epoch 9000, latest loss 0.013922609388828278
Finished epoch 10000, latest loss 0.032109227031469345
Finished epoch 11000, latest loss 0.005494428798556328
Finished epoch 12000, latest loss 0.026214202865958214
Finished epoch 13000, latest loss 0.008478854782879353
Finished epoch 14000, latest loss 0.021258369088172913
Finished epoch 15000, latest loss 0.0024506577756255865
Finished epoch 16000, latest loss 0.003233660478144884
Finished epoch 17000, latest loss 0.009163595736026764
Finished epoch 18000, latest loss 0.0018383041024208069
Finished epoch 19000, latest loss 0.003761810017749667
Finished epoch 20000, latest loss 0.004509983584284782
Finished epoch 1, latest loss 0.7962707281112671
Finished epoch 1000, latest loss 0.09997701644897461
Finished epoch 2000, latest loss 0.10934095084667206
Finished epoch 3000, latest loss 0.04874368757009506
Finished epoch 4000, latest loss 0.0480075478553772
Finished epoch 5000, latest loss 0.07161784917116165
Finished epoch 6000, latest loss 0.032807327806949615
Finished epoch 7000, latest loss 0.027204889804124832
Finished epoch 8000, latest loss 0.07254845649003983
Finished epoch 9000, latest loss 0.009342063218355179
Finished epoch 10000, latest loss 0.009908448904752731
Finished epoch 11000, latest loss 0.012489981949329376
Finished epoch 12000, latest loss 0.0034706436563283205
Finished epoch 13000, latest loss 0.02004309557378292
Finished epoch 14000, latest loss 0.011938551440834999
Finished epoch 15000, latest loss 0.006044464185833931
Finished epoch 16000, latest loss 0.03943530097603798
Finished epoch 17000, latest loss 0.02005840465426445
Finished epoch 18000, latest loss 0.01357344351708889
Finished epoch 19000, latest loss 0.027180487290024757
Finished epoch 20000, latest loss 0.00835082121193409
Finished epoch 1, latest loss 0.46964263916015625
Finished epoch 1000, latest loss 0.06547937542200089
Finished epoch 2000, latest loss 0.08194965124130249
Finished epoch 3000, latest loss 0.039788372814655304
Finished epoch 4000, latest loss 0.04605305194854736
Finished epoch 5000, latest loss 0.021968727931380272
Finished epoch 6000, latest loss 0.0329214371740818
Finished epoch 7000, latest loss 0.03316260129213333
Finished epoch 8000, latest loss 0.05009423941373825
Finished epoch 9000, latest loss 0.016137156635522842
Finished epoch 10000, latest loss 0.02861620858311653
Finished epoch 11000, latest loss 0.008634026162326336
Finished epoch 12000, latest loss 0.007250345777720213
Finished epoch 13000, latest loss 0.006290901452302933
Finished epoch 14000, latest loss 0.008902836591005325
Finished epoch 15000, latest loss 0.03427666053175926
Finished epoch 16000, latest loss 0.007546509616076946
Finished epoch 17000, latest loss 0.004637557547539473
Finished epoch 18000, latest loss 0.03340405598282814
Finished epoch 19000, latest loss 0.02527857944369316
Finished epoch 20000, latest loss 0.01023994293063879
Finished epoch 1, latest loss 0.6149088144302368
Finished epoch 1000, latest loss 0.08336968719959259
Finished epoch 2000, latest loss 0.0893072858452797
Finished epoch 3000, latest loss 0.0754128023982048
Finished epoch 4000, latest loss 0.03369797021150589
Finished epoch 5000, latest loss 0.06688790768384933
Finished epoch 6000, latest loss 0.043002765625715256
Finished epoch 7000, latest loss 0.06558540463447571
Finished epoch 8000, latest loss 0.013875817880034447
Finished epoch 9000, latest loss 0.005899047013372183
Finished epoch 10000, latest loss 0.005543484818190336
Finished epoch 11000, latest loss 0.03415849432349205
Finished epoch 12000, latest loss 0.006049334071576595
Finished epoch 13000, latest loss 0.004789663478732109
Finished epoch 14000, latest loss 0.0033180909231305122
Finished epoch 15000, latest loss 0.010111149400472641
Finished epoch 16000, latest loss 0.010894939303398132
Finished epoch 17000, latest loss 0.0008675155113451183
Finished epoch 18000, latest loss 0.004941122606396675
Finished epoch 19000, latest loss 0.007870558649301529
Finished epoch 20000, latest loss 0.0006926270434632897
Finished epoch 1, latest loss 0.6513737440109253
Finished epoch 1000, latest loss 0.13214950263500214
Finished epoch 2000, latest loss 0.08713053911924362
Finished epoch 3000, latest loss 0.055247023701667786
Finished epoch 4000, latest loss 0.033639974892139435
Finished epoch 5000, latest loss 0.0067610181868076324
Finished epoch 6000, latest loss 0.0798712968826294
Finished epoch 7000, latest loss 0.03526342660188675
Finished epoch 8000, latest loss 0.008087701164186
Finished epoch 9000, latest loss 0.013948742300271988
Finished epoch 10000, latest loss 0.029603302478790283
Finished epoch 11000, latest loss 0.002345715183764696
Finished epoch 12000, latest loss 0.006109894253313541
Finished epoch 13000, latest loss 0.00456847483292222
Finished epoch 14000, latest loss 0.006629876792430878
Finished epoch 15000, latest loss 0.007697436027228832
Finished epoch 16000, latest loss 0.0023453582543879747
Finished epoch 17000, latest loss 0.00943479873239994
Finished epoch 18000, latest loss 0.0010708710178732872
Finished epoch 19000, latest loss 0.005640233866870403
Finished epoch 20000, latest loss 0.0013160761445760727
Finished epoch 1, latest loss 0.6919749975204468
Finished epoch 1000, latest loss 0.0896434634923935
Finished epoch 2000, latest loss 0.09663449227809906
Finished epoch 3000, latest loss 0.030741091817617416
Finished epoch 4000, latest loss 0.08160905539989471
Finished epoch 5000, latest loss 0.06441836804151535
Finished epoch 6000, latest loss 0.04169347137212753
Finished epoch 7000, latest loss 0.026113204658031464
Finished epoch 8000, latest loss 0.011523590423166752
Finished epoch 9000, latest loss 0.04386802017688751
Finished epoch 10000, latest loss 0.014685744419693947
Finished epoch 11000, latest loss 0.021403547376394272
Finished epoch 12000, latest loss 0.007114296779036522
Finished epoch 13000, latest loss 0.004205961711704731
Finished epoch 14000, latest loss 0.004741871729493141
Finished epoch 15000, latest loss 0.010981782339513302
Finished epoch 16000, latest loss 0.0092703178524971
Finished epoch 17000, latest loss 0.011392591521143913
Finished epoch 18000, latest loss 0.004785935394465923
Finished epoch 19000, latest loss 0.006199520081281662
Finished epoch 20000, latest loss 0.014506946317851543
Finished epoch 1, latest loss 0.7542036771774292
Finished epoch 1000, latest loss 0.10072948038578033
Finished epoch 2000, latest loss 0.13030371069908142
Finished epoch 3000, latest loss 0.08284960687160492
Finished epoch 4000, latest loss 0.04581466317176819
Finished epoch 5000, latest loss 0.08261443674564362
Finished epoch 6000, latest loss 0.1097080409526825
Finished epoch 7000, latest loss 0.014192533679306507
Finished epoch 8000, latest loss 0.03397465497255325
Finished epoch 9000, latest loss 0.02977796085178852
Finished epoch 10000, latest loss 0.027385536581277847
Finished epoch 11000, latest loss 0.040036916732788086
Finished epoch 12000, latest loss 0.04133831709623337
Finished epoch 13000, latest loss 0.0075485603883862495
Finished epoch 14000, latest loss 0.010900765657424927
Finished epoch 15000, latest loss 0.013615654781460762
Finished epoch 16000, latest loss 0.03303663432598114
Finished epoch 17000, latest loss 0.00399085134267807
Finished epoch 18000, latest loss 0.008029072545468807
Finished epoch 19000, latest loss 0.013960570096969604
Finished epoch 20000, latest loss 0.004768627230077982
Training set size: 1500
Training error 1: 0.010283 ± 0.002899
\Training error 2: 0.055017 ± 0.002045
Test error: 0.053767 ± 0.002623

Finished epoch 1, latest loss 0.7866166830062866
Finished epoch 1000, latest loss 0.07289478182792664
Finished epoch 2000, latest loss 0.10464988648891449
Finished epoch 3000, latest loss 0.027546603232622147
Finished epoch 4000, latest loss 0.08082019537687302
Finished epoch 5000, latest loss 0.03060394525527954
Finished epoch 6000, latest loss 0.02265302836894989
Finished epoch 7000, latest loss 0.04245531186461449
Finished epoch 8000, latest loss 0.06219462677836418
Finished epoch 9000, latest loss 0.012300700880587101
Finished epoch 10000, latest loss 0.031885288655757904
Finished epoch 11000, latest loss 0.015351764857769012
Finished epoch 12000, latest loss 0.009543481282889843
Finished epoch 13000, latest loss 0.010098420083522797
Finished epoch 14000, latest loss 0.017687249928712845
Finished epoch 15000, latest loss 0.004105707630515099
Finished epoch 16000, latest loss 0.023868316784501076
Finished epoch 17000, latest loss 0.009732739999890327
Finished epoch 18000, latest loss 0.011754351668059826
Finished epoch 19000, latest loss 0.005068005993962288
Finished epoch 20000, latest loss 0.004288299474865198
Finished epoch 1, latest loss 0.6457976698875427
Finished epoch 1000, latest loss 0.15121117234230042
Finished epoch 2000, latest loss 0.051196444779634476
Finished epoch 3000, latest loss 0.06128311902284622
Finished epoch 4000, latest loss 0.01997211016714573
Finished epoch 5000, latest loss 0.07321678847074509
Finished epoch 6000, latest loss 0.07013610750436783
Finished epoch 7000, latest loss 0.045635536313056946
Finished epoch 8000, latest loss 0.04253553971648216
Finished epoch 9000, latest loss 0.10068492591381073
Finished epoch 10000, latest loss 0.027179483324289322
Finished epoch 11000, latest loss 0.04464147239923477
Finished epoch 12000, latest loss 0.018289875239133835
Finished epoch 13000, latest loss 0.007613362278789282
Finished epoch 14000, latest loss 0.03307754918932915
Finished epoch 15000, latest loss 0.008653306402266026
Finished epoch 16000, latest loss 0.053265832364559174
Finished epoch 17000, latest loss 0.022573785856366158
Finished epoch 18000, latest loss 0.02159307524561882
Finished epoch 19000, latest loss 0.006056943908333778
Finished epoch 20000, latest loss 0.008664662018418312
Finished epoch 1, latest loss 0.7672442197799683
Finished epoch 1000, latest loss 0.07812198996543884
Finished epoch 2000, latest loss 0.04465126991271973
Finished epoch 3000, latest loss 0.1297881156206131
Finished epoch 4000, latest loss 0.10388089716434479
Finished epoch 5000, latest loss 0.11653856933116913
Finished epoch 6000, latest loss 0.08439651131629944
Finished epoch 7000, latest loss 0.08119979500770569
Finished epoch 8000, latest loss 0.04323706403374672
Finished epoch 9000, latest loss 0.013965681195259094
Finished epoch 10000, latest loss 0.03836221247911453
Finished epoch 11000, latest loss 0.037363871932029724
Finished epoch 12000, latest loss 0.03147362545132637
Finished epoch 13000, latest loss 0.014068267308175564
Finished epoch 14000, latest loss 0.012117628008127213
Finished epoch 15000, latest loss 0.01996668055653572
Finished epoch 16000, latest loss 0.0097457030788064
Finished epoch 17000, latest loss 0.014601632952690125
Finished epoch 18000, latest loss 0.01643066294491291
Finished epoch 19000, latest loss 0.006329670082777739
Finished epoch 20000, latest loss 0.008608569391071796
Finished epoch 1, latest loss 0.5444434881210327
Finished epoch 1000, latest loss 0.09483954310417175
Finished epoch 2000, latest loss 0.07246627658605576
Finished epoch 3000, latest loss 0.054164137691259384
Finished epoch 4000, latest loss 0.10823283344507217
Finished epoch 5000, latest loss 0.06959511339664459
Finished epoch 6000, latest loss 0.03835659474134445
Finished epoch 7000, latest loss 0.04963917285203934
Finished epoch 8000, latest loss 0.09648872166872025
Finished epoch 9000, latest loss 0.006012643221765757
Finished epoch 10000, latest loss 0.028122657909989357
Finished epoch 11000, latest loss 0.006169613916426897
Finished epoch 12000, latest loss 0.013445801101624966
Finished epoch 13000, latest loss 0.005780077539384365
Finished epoch 14000, latest loss 0.024503817781805992
Finished epoch 15000, latest loss 0.055996716022491455
Finished epoch 16000, latest loss 0.011717523448169231
Finished epoch 17000, latest loss 0.007890049368143082
Finished epoch 18000, latest loss 0.03932764008641243
Finished epoch 19000, latest loss 0.0070120119489729404
Finished epoch 20000, latest loss 0.0028330786153674126
Finished epoch 1, latest loss 0.6556344032287598
Finished epoch 1000, latest loss 0.051957372575998306
Finished epoch 2000, latest loss 0.07846830040216446
Finished epoch 3000, latest loss 0.04347158968448639
Finished epoch 4000, latest loss 0.05266685038805008
Finished epoch 5000, latest loss 0.05385422706604004
Finished epoch 6000, latest loss 0.06735324114561081
Finished epoch 7000, latest loss 0.0506974421441555
Finished epoch 8000, latest loss 0.04890644550323486
Finished epoch 9000, latest loss 0.02830888330936432
Finished epoch 10000, latest loss 0.017982888966798782
Finished epoch 11000, latest loss 0.05650012195110321
Finished epoch 12000, latest loss 0.009246738627552986
Finished epoch 13000, latest loss 0.0033886267337948084
Finished epoch 14000, latest loss 0.01195586659014225
Finished epoch 15000, latest loss 0.004720090888440609
Finished epoch 16000, latest loss 0.045080140233039856
Finished epoch 17000, latest loss 0.011792956851422787
Finished epoch 18000, latest loss 0.0037660624366253614
Finished epoch 19000, latest loss 0.029775166884064674
Finished epoch 20000, latest loss 0.011238531209528446
Finished epoch 1, latest loss 0.5119061470031738
Finished epoch 1000, latest loss 0.11758297681808472
Finished epoch 2000, latest loss 0.07090124487876892
Finished epoch 3000, latest loss 0.08470262587070465
Finished epoch 4000, latest loss 0.08857503533363342
Finished epoch 5000, latest loss 0.05310416594147682
Finished epoch 6000, latest loss 0.055794596672058105
Finished epoch 7000, latest loss 0.02432863414287567
Finished epoch 8000, latest loss 0.045079391449689865
Finished epoch 9000, latest loss 0.03984924405813217
Finished epoch 10000, latest loss 0.02330522984266281
Finished epoch 11000, latest loss 0.019123120233416557
Finished epoch 12000, latest loss 0.029125142842531204
Finished epoch 13000, latest loss 0.0469939187169075
Finished epoch 14000, latest loss 0.006632645148783922
Finished epoch 15000, latest loss 0.0036948162596672773
Finished epoch 16000, latest loss 0.0031852107495069504
Finished epoch 17000, latest loss 0.008308371528983116
Finished epoch 18000, latest loss 0.026667773723602295
Finished epoch 19000, latest loss 0.02309682033956051
Finished epoch 20000, latest loss 0.004378184210509062
Finished epoch 1, latest loss 0.7317808866500854
Finished epoch 1000, latest loss 0.09451916813850403
Finished epoch 2000, latest loss 0.08720985054969788
Finished epoch 3000, latest loss 0.07841112464666367
Finished epoch 4000, latest loss 0.08855858445167542
Finished epoch 5000, latest loss 0.08366381376981735
Finished epoch 6000, latest loss 0.04624755680561066
Finished epoch 7000, latest loss 0.07421432435512543
Finished epoch 8000, latest loss 0.07067442685365677
Finished epoch 9000, latest loss 0.007684937212616205
Finished epoch 10000, latest loss 0.0053692348301410675
Finished epoch 11000, latest loss 0.03177893906831741
Finished epoch 12000, latest loss 0.008182606659829617
Finished epoch 13000, latest loss 0.006725653074681759
Finished epoch 14000, latest loss 0.07301905751228333
Finished epoch 15000, latest loss 0.009546957910060883
Finished epoch 16000, latest loss 0.03450937941670418
Finished epoch 17000, latest loss 0.008918200619518757
Finished epoch 18000, latest loss 0.008693373762071133
Finished epoch 19000, latest loss 0.007944935001432896
Finished epoch 20000, latest loss 0.00644935667514801
Finished epoch 1, latest loss 0.41398507356643677
Finished epoch 1000, latest loss 0.11586625128984451
Finished epoch 2000, latest loss 0.10997018218040466
Finished epoch 3000, latest loss 0.0702090933918953
Finished epoch 4000, latest loss 0.11043098568916321
Finished epoch 5000, latest loss 0.06067496910691261
Finished epoch 6000, latest loss 0.04853276163339615
Finished epoch 7000, latest loss 0.01713043823838234
Finished epoch 8000, latest loss 0.025768151506781578
Finished epoch 9000, latest loss 0.028938347473740578
Finished epoch 10000, latest loss 0.010477297008037567
Finished epoch 11000, latest loss 0.012659067288041115
Finished epoch 12000, latest loss 0.035442549735307693
Finished epoch 13000, latest loss 0.016834929585456848
Finished epoch 14000, latest loss 0.008643277920782566
Finished epoch 15000, latest loss 0.003953419625759125
Finished epoch 16000, latest loss 0.010858340188860893
Finished epoch 17000, latest loss 0.038953691720962524
Finished epoch 18000, latest loss 0.009151460602879524
Finished epoch 19000, latest loss 0.007196631748229265
Finished epoch 20000, latest loss 0.0095222694799304
Training set size: 2000
Training error 1: 0.014654 ± 0.001803
\Training error 2: 0.051089 ± 0.001998
Test error: 0.049848 ± 0.001375

Finished epoch 1, latest loss 0.7760765552520752
Finished epoch 1000, latest loss 0.10175058245658875
Finished epoch 2000, latest loss 0.11698658764362335
Finished epoch 3000, latest loss 0.038648851215839386
Finished epoch 4000, latest loss 0.11042676120996475
Finished epoch 5000, latest loss 0.0970553532242775
Finished epoch 6000, latest loss 0.03189339488744736
Finished epoch 7000, latest loss 0.04896850138902664
Finished epoch 8000, latest loss 0.08027376234531403
Finished epoch 9000, latest loss 0.03359450399875641
Finished epoch 10000, latest loss 0.07790852338075638
Finished epoch 11000, latest loss 0.045046307146549225
Finished epoch 12000, latest loss 0.0329509936273098
Finished epoch 13000, latest loss 0.044951681047677994
Finished epoch 14000, latest loss 0.08004391938447952
Finished epoch 15000, latest loss 0.024537593126296997
Finished epoch 16000, latest loss 0.05429268255829811
Finished epoch 17000, latest loss 0.0284993015229702
Finished epoch 18000, latest loss 0.037227243185043335
Finished epoch 19000, latest loss 0.024007389321923256
Finished epoch 20000, latest loss 0.03112548403441906
Finished epoch 1, latest loss 0.824461817741394
Finished epoch 1000, latest loss 0.09245433658361435
Finished epoch 2000, latest loss 0.0743635967373848
Finished epoch 3000, latest loss 0.03778382018208504
Finished epoch 4000, latest loss 0.02104766294360161
Finished epoch 5000, latest loss 0.08816295862197876
Finished epoch 6000, latest loss 0.039545923471450806
Finished epoch 7000, latest loss 0.044961582869291306
Finished epoch 8000, latest loss 0.013868698850274086
Finished epoch 9000, latest loss 0.0730934888124466
Finished epoch 10000, latest loss 0.03994230926036835
Finished epoch 11000, latest loss 0.03698829561471939
Finished epoch 12000, latest loss 0.05295752361416817
Finished epoch 13000, latest loss 0.05104167386889458
Finished epoch 14000, latest loss 0.019909802824258804
Finished epoch 15000, latest loss 0.05695435777306557
Finished epoch 16000, latest loss 0.02810005471110344
Finished epoch 17000, latest loss 0.04459413141012192
Finished epoch 18000, latest loss 0.02591218613088131
Finished epoch 19000, latest loss 0.06880079209804535
Finished epoch 20000, latest loss 0.03719635307788849
Finished epoch 1, latest loss 0.4931720495223999
Finished epoch 1000, latest loss 0.06598760932683945
Finished epoch 2000, latest loss 0.08727621287107468
Finished epoch 3000, latest loss 0.06734967976808548
Finished epoch 4000, latest loss 0.08917195349931717
Finished epoch 5000, latest loss 0.09212519973516464
Finished epoch 6000, latest loss 0.03096928820014
Finished epoch 7000, latest loss 0.0651460513472557
Finished epoch 8000, latest loss 0.04900156706571579
Finished epoch 9000, latest loss 0.013804491609334946
Finished epoch 10000, latest loss 0.06941118091344833
Finished epoch 11000, latest loss 0.03202635049819946
Finished epoch 12000, latest loss 0.017131257802248
Finished epoch 13000, latest loss 0.024028992280364037
Finished epoch 14000, latest loss 0.02922729402780533
Finished epoch 15000, latest loss 0.003850284731015563
Finished epoch 16000, latest loss 0.011696070432662964
Finished epoch 17000, latest loss 0.0015382675919681787
Finished epoch 18000, latest loss 0.017325591295957565
Finished epoch 19000, latest loss 0.00962760578840971
Finished epoch 20000, latest loss 0.026486191898584366
Finished epoch 1, latest loss 0.6105567216873169
Finished epoch 1000, latest loss 0.06638539582490921
Finished epoch 2000, latest loss 0.059350647032260895
Finished epoch 3000, latest loss 0.08433809131383896
Finished epoch 4000, latest loss 0.04668528586626053
Finished epoch 5000, latest loss 0.11187737435102463
Finished epoch 6000, latest loss 0.06428027153015137
Finished epoch 7000, latest loss 0.10418131202459335
Finished epoch 8000, latest loss 0.034712303429841995
Finished epoch 9000, latest loss 0.03643191605806351
Finished epoch 10000, latest loss 0.0715211033821106
Finished epoch 11000, latest loss 0.013737648725509644
Finished epoch 12000, latest loss 0.03309120982885361
Finished epoch 13000, latest loss 0.08535991609096527
Finished epoch 14000, latest loss 0.027812480926513672
Finished epoch 15000, latest loss 0.06042182445526123
Finished epoch 16000, latest loss 0.017927976325154305
Finished epoch 17000, latest loss 0.007023694925010204
Finished epoch 18000, latest loss 0.013653631322085857
Finished epoch 19000, latest loss 0.03796766698360443
Finished epoch 20000, latest loss 0.0027822607662528753
Finished epoch 1, latest loss 0.6601939797401428
Finished epoch 1000, latest loss 0.10095355659723282
Finished epoch 2000, latest loss 0.06866846233606339
Finished epoch 3000, latest loss 0.15868356823921204
Finished epoch 4000, latest loss 0.0801926851272583
Finished epoch 5000, latest loss 0.08386950939893723
Finished epoch 6000, latest loss 0.021060500293970108
Finished epoch 7000, latest loss 0.05534409359097481
Finished epoch 8000, latest loss 0.06931588798761368
Finished epoch 9000, latest loss 0.048856738954782486
Finished epoch 10000, latest loss 0.03221021592617035
Finished epoch 11000, latest loss 0.04423842579126358
Finished epoch 12000, latest loss 0.08022768050432205
Finished epoch 13000, latest loss 0.005136975087225437
Finished epoch 14000, latest loss 0.030507836490869522
Finished epoch 15000, latest loss 0.06341467797756195
Finished epoch 16000, latest loss 0.022063668817281723
Finished epoch 17000, latest loss 0.038891952484846115
Finished epoch 18000, latest loss 0.035554807633161545
Finished epoch 19000, latest loss 0.02887621521949768
Finished epoch 20000, latest loss 0.017572637647390366
Finished epoch 1, latest loss 0.5766221284866333
Finished epoch 1000, latest loss 0.13957929611206055
Finished epoch 2000, latest loss 0.1778886467218399
Finished epoch 3000, latest loss 0.09879801422357559
Finished epoch 4000, latest loss 0.1381720006465912
Finished epoch 5000, latest loss 0.05080827698111534
Finished epoch 6000, latest loss 0.10026048123836517
Finished epoch 7000, latest loss 0.04659831151366234
Finished epoch 8000, latest loss 0.07461349666118622
Finished epoch 9000, latest loss 0.06926305592060089
Finished epoch 10000, latest loss 0.03699776902794838
Finished epoch 11000, latest loss 0.01370803639292717
Finished epoch 12000, latest loss 0.02667398378252983
Finished epoch 13000, latest loss 0.014103667810559273
Finished epoch 14000, latest loss 0.027361378073692322
Finished epoch 15000, latest loss 0.02768678218126297
Finished epoch 16000, latest loss 0.03860209882259369
Finished epoch 17000, latest loss 0.03645806387066841
Finished epoch 18000, latest loss 0.015024140477180481
Finished epoch 19000, latest loss 0.03870069980621338
Finished epoch 20000, latest loss 0.01958531141281128
Finished epoch 1, latest loss 0.6182791590690613
Finished epoch 1000, latest loss 0.08751125633716583
Finished epoch 2000, latest loss 0.07671951502561569
Finished epoch 3000, latest loss 0.024941839277744293
Finished epoch 4000, latest loss 0.12193360924720764
Finished epoch 5000, latest loss 0.1003280058503151
Finished epoch 6000, latest loss 0.04283114895224571
Finished epoch 7000, latest loss 0.0610155388712883
Finished epoch 8000, latest loss 0.05353846400976181
Finished epoch 9000, latest loss 0.0562547966837883
Finished epoch 10000, latest loss 0.01474072877317667
Finished epoch 11000, latest loss 0.05441080778837204
Finished epoch 12000, latest loss 0.02422492951154709
Finished epoch 13000, latest loss 0.029377326369285583
Finished epoch 14000, latest loss 0.06546396017074585
Finished epoch 15000, latest loss 0.05290885269641876
Finished epoch 16000, latest loss 0.03255760297179222
Finished epoch 17000, latest loss 0.016881417483091354
Finished epoch 18000, latest loss 0.026171794161200523
Finished epoch 19000, latest loss 0.033268947154283524
Finished epoch 20000, latest loss 0.019436566159129143
Finished epoch 1, latest loss 0.8656744956970215
Finished epoch 1000, latest loss 0.04898641258478165
Finished epoch 2000, latest loss 0.09329067915678024
Finished epoch 3000, latest loss 0.08295796066522598
Finished epoch 4000, latest loss 0.03949039429426193
Finished epoch 5000, latest loss 0.06778208166360855
Finished epoch 6000, latest loss 0.05039925128221512
Finished epoch 7000, latest loss 0.10104008764028549
Finished epoch 8000, latest loss 0.013963470235466957
Finished epoch 9000, latest loss 0.019388575106859207
Finished epoch 10000, latest loss 0.07414776086807251
Finished epoch 11000, latest loss 0.08986826986074448
Finished epoch 12000, latest loss 0.031188933178782463
Finished epoch 13000, latest loss 0.08858044445514679
Finished epoch 14000, latest loss 0.009537650272250175
Finished epoch 15000, latest loss 0.020873500034213066
Finished epoch 16000, latest loss 0.04051082581281662
Finished epoch 17000, latest loss 0.013618756085634232
Finished epoch 18000, latest loss 0.05677109211683273
Finished epoch 19000, latest loss 0.004411543719470501
Finished epoch 20000, latest loss 0.026115477085113525
Training set size: 3000
Training error 1: 0.018910 ± 0.001345
\Training error 2: 0.047211 ± 0.000457
Test error: 0.045743 ± 0.000665

Finished epoch 1, latest loss 0.5148078203201294
Finished epoch 1000, latest loss 0.09462904185056686
Finished epoch 2000, latest loss 0.05255063995718956
Finished epoch 3000, latest loss 0.10462816804647446
Finished epoch 4000, latest loss 0.05217299610376358
Finished epoch 5000, latest loss 0.038710229098796844
Finished epoch 6000, latest loss 0.10825968533754349
Finished epoch 7000, latest loss 0.03730743005871773
Finished epoch 8000, latest loss 0.04055976867675781
Finished epoch 9000, latest loss 0.041437678039073944
Finished epoch 10000, latest loss 0.05230468511581421
Finished epoch 11000, latest loss 0.038707390427589417
Finished epoch 12000, latest loss 0.09176185727119446
Finished epoch 13000, latest loss 0.08745891600847244
Finished epoch 14000, latest loss 0.04237522929906845
Finished epoch 15000, latest loss 0.04000828415155411
Finished epoch 16000, latest loss 0.058248121291399
Finished epoch 17000, latest loss 0.03543376922607422
Finished epoch 18000, latest loss 0.05067526549100876
Finished epoch 19000, latest loss 0.012660928070545197
Finished epoch 20000, latest loss 0.08431001007556915
Finished epoch 1, latest loss 0.7350433468818665
Finished epoch 1000, latest loss 0.13335414230823517
Finished epoch 2000, latest loss 0.16855297982692719
Finished epoch 3000, latest loss 0.1192164495587349
Finished epoch 4000, latest loss 0.0792432427406311
Finished epoch 5000, latest loss 0.037561774253845215
Finished epoch 6000, latest loss 0.018835080787539482
Finished epoch 7000, latest loss 0.014558304101228714
Finished epoch 8000, latest loss 0.08868947625160217
Finished epoch 9000, latest loss 0.053850505501031876
Finished epoch 10000, latest loss 0.037885814905166626
Finished epoch 11000, latest loss 0.026599861681461334
Finished epoch 12000, latest loss 0.0640295073390007
Finished epoch 13000, latest loss 0.04314099997282028
Finished epoch 14000, latest loss 0.05286272615194321
Finished epoch 15000, latest loss 0.035059306770563126
Finished epoch 16000, latest loss 0.024076145142316818
Finished epoch 17000, latest loss 0.006402491591870785
Finished epoch 18000, latest loss 0.038275666534900665
Finished epoch 19000, latest loss 0.012163020670413971
Finished epoch 20000, latest loss 0.036059170961380005
Finished epoch 1, latest loss 0.4585094153881073
Finished epoch 1000, latest loss 0.07815656810998917
Finished epoch 2000, latest loss 0.09797164052724838
Finished epoch 3000, latest loss 0.06808599829673767
Finished epoch 4000, latest loss 0.11106649786233902
Finished epoch 5000, latest loss 0.07219338417053223
Finished epoch 6000, latest loss 0.03369303047657013
Finished epoch 7000, latest loss 0.06528545171022415
Finished epoch 8000, latest loss 0.06372475624084473
Finished epoch 9000, latest loss 0.0630425438284874
Finished epoch 10000, latest loss 0.02871175855398178
Finished epoch 11000, latest loss 0.07516594976186752
Finished epoch 12000, latest loss 0.035632453858852386
Finished epoch 13000, latest loss 0.07873573899269104
Finished epoch 14000, latest loss 0.013995863497257233
Finished epoch 15000, latest loss 0.053568284958601
Finished epoch 16000, latest loss 0.021237066015601158
Finished epoch 17000, latest loss 0.009871158748865128
Finished epoch 18000, latest loss 0.04923422634601593
Finished epoch 19000, latest loss 0.07794370502233505
Finished epoch 20000, latest loss 0.011918239295482635
Finished epoch 1, latest loss 0.614867091178894
Finished epoch 1000, latest loss 0.06434939801692963
Finished epoch 2000, latest loss 0.10398688912391663
Finished epoch 3000, latest loss 0.12310885637998581
Finished epoch 4000, latest loss 0.1502714902162552
Finished epoch 5000, latest loss 0.046724896878004074
Finished epoch 6000, latest loss 0.04736275598406792
Finished epoch 7000, latest loss 0.13202223181724548
Finished epoch 8000, latest loss 0.10549166053533554
Finished epoch 9000, latest loss 0.07835745066404343
Finished epoch 10000, latest loss 0.046595558524131775
Finished epoch 11000, latest loss 0.04784735292196274
Finished epoch 12000, latest loss 0.06259667128324509
Finished epoch 13000, latest loss 0.06435338407754898
Finished epoch 14000, latest loss 0.0467313751578331
Finished epoch 15000, latest loss 0.05949890986084938
Finished epoch 16000, latest loss 0.007336130365729332
Finished epoch 17000, latest loss 0.01535019837319851
Finished epoch 18000, latest loss 0.009726165793836117
Finished epoch 19000, latest loss 0.022372232750058174
Finished epoch 20000, latest loss 0.02772611938416958
Finished epoch 1, latest loss 0.7266132235527039
Finished epoch 1000, latest loss 0.08568798750638962
Finished epoch 2000, latest loss 0.09532956779003143
Finished epoch 3000, latest loss 0.11431527137756348
Finished epoch 4000, latest loss 0.07141000777482986
Finished epoch 5000, latest loss 0.08830603957176208
Finished epoch 6000, latest loss 0.030366195365786552
Finished epoch 7000, latest loss 0.0714559555053711
Finished epoch 8000, latest loss 0.11837101727724075
Finished epoch 9000, latest loss 0.032955754548311234
Finished epoch 10000, latest loss 0.07226581126451492
Finished epoch 11000, latest loss 0.06759678572416306
Finished epoch 12000, latest loss 0.03472280129790306
Finished epoch 13000, latest loss 0.06700956076383591
Finished epoch 14000, latest loss 0.09185364842414856
Finished epoch 15000, latest loss 0.03251340985298157
Finished epoch 16000, latest loss 0.008489910513162613
Finished epoch 17000, latest loss 0.010539980605244637
Finished epoch 18000, latest loss 0.08146879822015762
Finished epoch 19000, latest loss 0.0146471643820405
Finished epoch 20000, latest loss 0.007153586018830538
Finished epoch 1, latest loss 0.4584093689918518
Finished epoch 1000, latest loss 0.09606265276670456
Finished epoch 2000, latest loss 0.09330432862043381
Finished epoch 3000, latest loss 0.15537336468696594
Finished epoch 4000, latest loss 0.05924913287162781
Finished epoch 5000, latest loss 0.04323666915297508
Finished epoch 6000, latest loss 0.07649095356464386
Finished epoch 7000, latest loss 0.043329980224370956
Finished epoch 8000, latest loss 0.04808945953845978
Finished epoch 9000, latest loss 0.019528139382600784
Finished epoch 10000, latest loss 0.06540337204933167
Finished epoch 11000, latest loss 0.06441346555948257
Finished epoch 12000, latest loss 0.02111051231622696
Finished epoch 13000, latest loss 0.02178506925702095
Finished epoch 14000, latest loss 0.0210549496114254
Finished epoch 15000, latest loss 0.028993409126996994
Finished epoch 16000, latest loss 0.024194873869419098
Finished epoch 17000, latest loss 0.013975956477224827
Finished epoch 18000, latest loss 0.02452988363802433
Finished epoch 19000, latest loss 0.08152636885643005
Finished epoch 20000, latest loss 0.03429895639419556
Finished epoch 1, latest loss 0.7053279280662537
Finished epoch 1000, latest loss 0.10150282829999924
Finished epoch 2000, latest loss 0.05971077084541321
Finished epoch 3000, latest loss 0.0831337571144104
Finished epoch 4000, latest loss 0.09818556159734726
Finished epoch 5000, latest loss 0.052854277193546295
Finished epoch 6000, latest loss 0.13029062747955322
Finished epoch 7000, latest loss 0.09421556442975998
Finished epoch 8000, latest loss 0.0347975417971611
Finished epoch 9000, latest loss 0.028935102745890617
Finished epoch 10000, latest loss 0.047529786825180054
Finished epoch 11000, latest loss 0.01637042500078678
Finished epoch 12000, latest loss 0.05951304733753204
Finished epoch 13000, latest loss 0.04195418208837509
Finished epoch 14000, latest loss 0.035618335008621216
Finished epoch 15000, latest loss 0.04518108814954758
Finished epoch 16000, latest loss 0.07243384420871735
Finished epoch 17000, latest loss 0.03904171660542488
Finished epoch 18000, latest loss 0.04049522057175636
Finished epoch 19000, latest loss 0.020830202847719193
Finished epoch 20000, latest loss 0.013838152401149273
Finished epoch 1, latest loss 0.5786032676696777
Finished epoch 1000, latest loss 0.07452404499053955
Finished epoch 2000, latest loss 0.1459992378950119
Finished epoch 3000, latest loss 0.08383386582136154
Finished epoch 4000, latest loss 0.11887697875499725
Finished epoch 5000, latest loss 0.040923699736595154
Finished epoch 6000, latest loss 0.035330601036548615
Finished epoch 7000, latest loss 0.05891784653067589
Finished epoch 8000, latest loss 0.05206035077571869
Finished epoch 9000, latest loss 0.028149442747235298
Finished epoch 10000, latest loss 0.07974793761968613
Finished epoch 11000, latest loss 0.11480871587991714
Finished epoch 12000, latest loss 0.04815094545483589
Finished epoch 13000, latest loss 0.10850345343351364
Finished epoch 14000, latest loss 0.026087727397680283
Finished epoch 15000, latest loss 0.015942104160785675
Finished epoch 16000, latest loss 0.01667950116097927
Finished epoch 17000, latest loss 0.02633817493915558
Finished epoch 18000, latest loss 0.05046185106039047
Finished epoch 19000, latest loss 0.013151710852980614
Finished epoch 20000, latest loss 0.00484919548034668
Training set size: 4000
Training error 1: 0.027857 ± 0.002191
\Training error 2: 0.044216 ± 0.001566
Test error: 0.042912 ± 0.001701

Finished epoch 1, latest loss 0.6872996091842651
Finished epoch 1000, latest loss 0.09758183360099792
Finished epoch 2000, latest loss 0.022937895730137825
Finished epoch 3000, latest loss 0.16313976049423218
Finished epoch 4000, latest loss 0.07497644424438477
Finished epoch 5000, latest loss 0.07815070450305939
Finished epoch 6000, latest loss 0.11040788888931274
Finished epoch 7000, latest loss 0.0641084834933281
Finished epoch 8000, latest loss 0.02986004762351513
Finished epoch 9000, latest loss 0.03331751376390457
Finished epoch 10000, latest loss 0.05977977067232132
Finished epoch 11000, latest loss 0.03690870851278305
Finished epoch 12000, latest loss 0.09013363718986511
Finished epoch 13000, latest loss 0.03886035829782486
Finished epoch 14000, latest loss 0.06709353625774384
Finished epoch 15000, latest loss 0.0540662445127964
Finished epoch 16000, latest loss 0.02793831005692482
Finished epoch 17000, latest loss 0.04519493877887726
Finished epoch 18000, latest loss 0.07874862849712372
Finished epoch 19000, latest loss 0.06252056360244751
Finished epoch 20000, latest loss 0.07292956113815308
Finished epoch 1, latest loss 0.6600539684295654
Finished epoch 1000, latest loss 0.07647229731082916
Finished epoch 2000, latest loss 0.08709981292486191
Finished epoch 3000, latest loss 0.11899261921644211
Finished epoch 4000, latest loss 0.08525978773832321
Finished epoch 5000, latest loss 0.06599713116884232
Finished epoch 6000, latest loss 0.051313478499650955
Finished epoch 7000, latest loss 0.11457435041666031
Finished epoch 8000, latest loss 0.0846799835562706
Finished epoch 9000, latest loss 0.07040160149335861
Finished epoch 10000, latest loss 0.0842067301273346
Finished epoch 11000, latest loss 0.05354030057787895
Finished epoch 12000, latest loss 0.09483955055475235
Finished epoch 13000, latest loss 0.09486310929059982
Finished epoch 14000, latest loss 0.0434979610145092
Finished epoch 15000, latest loss 0.024044524878263474
Finished epoch 16000, latest loss 0.12820851802825928
Finished epoch 17000, latest loss 0.033713068813085556
Finished epoch 18000, latest loss 0.009073251858353615
Finished epoch 19000, latest loss 0.05529040843248367
Finished epoch 20000, latest loss 0.026473719626665115
Finished epoch 1, latest loss 0.49539172649383545
Finished epoch 1000, latest loss 0.06544386595487595
Finished epoch 2000, latest loss 0.11252392828464508
Finished epoch 3000, latest loss 0.06893616914749146
Finished epoch 4000, latest loss 0.10643500089645386
Finished epoch 5000, latest loss 0.08660169690847397
Finished epoch 6000, latest loss 0.07782366126775742
Finished epoch 7000, latest loss 0.05584415793418884
Finished epoch 8000, latest loss 0.11301968991756439
Finished epoch 9000, latest loss 0.06828347593545914
Finished epoch 10000, latest loss 0.07388922572135925
Finished epoch 11000, latest loss 0.11216724663972855
Finished epoch 12000, latest loss 0.11577950417995453
Finished epoch 13000, latest loss 0.16981612145900726
Finished epoch 14000, latest loss 0.13340815901756287
Finished epoch 15000, latest loss 0.0872572511434555
Finished epoch 16000, latest loss 0.01763284020125866
Finished epoch 17000, latest loss 0.02186647243797779
Finished epoch 18000, latest loss 0.031213779002428055
Finished epoch 19000, latest loss 0.08265519887208939
Finished epoch 20000, latest loss 0.05008649826049805
Finished epoch 1, latest loss 0.7299018502235413
Finished epoch 1000, latest loss 0.2206716388463974
Finished epoch 2000, latest loss 0.06789062172174454
Finished epoch 3000, latest loss 0.09087977558374405
Finished epoch 4000, latest loss 0.09167087078094482
Finished epoch 5000, latest loss 0.06208820641040802
Finished epoch 6000, latest loss 0.033768925815820694
Finished epoch 7000, latest loss 0.059775304049253464
Finished epoch 8000, latest loss 0.10119743645191193
Finished epoch 9000, latest loss 0.09201530367136002
Finished epoch 10000, latest loss 0.062187183648347855
Finished epoch 11000, latest loss 0.12249553203582764
Finished epoch 12000, latest loss 0.051965221762657166
Finished epoch 13000, latest loss 0.07567328214645386
Finished epoch 14000, latest loss 0.049488991498947144
Finished epoch 15000, latest loss 0.057821039110422134
Finished epoch 16000, latest loss 0.01571297086775303
Finished epoch 17000, latest loss 0.0593939945101738
Finished epoch 18000, latest loss 0.049465760588645935
Finished epoch 19000, latest loss 0.03011230193078518
Finished epoch 20000, latest loss 0.012043209746479988
Finished epoch 1, latest loss 0.5197597742080688
Finished epoch 1000, latest loss 0.08603975921869278
Finished epoch 2000, latest loss 0.08380551636219025
Finished epoch 3000, latest loss 0.048500917851924896
Finished epoch 4000, latest loss 0.10493000596761703
Finished epoch 5000, latest loss 0.07992961257696152
Finished epoch 6000, latest loss 0.045658379793167114
Finished epoch 7000, latest loss 0.08683273196220398
Finished epoch 8000, latest loss 0.048620883375406265
Finished epoch 9000, latest loss 0.0821448415517807
Finished epoch 10000, latest loss 0.07047998160123825
Finished epoch 11000, latest loss 0.04434731602668762
Finished epoch 12000, latest loss 0.0408812090754509
Finished epoch 13000, latest loss 0.021395286545157433
Finished epoch 14000, latest loss 0.07746466249227524
Finished epoch 15000, latest loss 0.010362726636230946
Finished epoch 16000, latest loss 0.04443327337503433
Finished epoch 17000, latest loss 0.010852801613509655
Finished epoch 18000, latest loss 0.04535174369812012
Finished epoch 19000, latest loss 0.022160381078720093
Finished epoch 20000, latest loss 0.09305223822593689
Finished epoch 1, latest loss 0.6098979711532593
Finished epoch 1000, latest loss 0.13954488933086395
Finished epoch 2000, latest loss 0.11737415194511414
Finished epoch 3000, latest loss 0.04527131840586662
Finished epoch 4000, latest loss 0.07170528918504715
Finished epoch 5000, latest loss 0.08311952650547028
Finished epoch 6000, latest loss 0.041015446186065674
Finished epoch 7000, latest loss 0.11396591365337372
Finished epoch 8000, latest loss 0.04908819496631622
Finished epoch 9000, latest loss 0.0640784353017807
Finished epoch 10000, latest loss 0.035940758883953094
Finished epoch 11000, latest loss 0.12556050717830658
Finished epoch 12000, latest loss 0.06322325021028519
Finished epoch 13000, latest loss 0.028090791776776314
Finished epoch 14000, latest loss 0.047053396701812744
Finished epoch 15000, latest loss 0.06963369995355606
Finished epoch 16000, latest loss 0.03624971956014633
Finished epoch 17000, latest loss 0.03365441784262657
Finished epoch 18000, latest loss 0.05820055678486824
Finished epoch 19000, latest loss 0.05487995594739914
Finished epoch 20000, latest loss 0.09115711599588394
Finished epoch 1, latest loss 0.5785552263259888
Finished epoch 1000, latest loss 0.028625793755054474
Finished epoch 2000, latest loss 0.08068665862083435
Finished epoch 3000, latest loss 0.06039677560329437
Finished epoch 4000, latest loss 0.05260055139660835
Finished epoch 5000, latest loss 0.07604771852493286
Finished epoch 6000, latest loss 0.07606710493564606
Finished epoch 7000, latest loss 0.08257906138896942
Finished epoch 8000, latest loss 0.030164167284965515
Finished epoch 9000, latest loss 0.04107104241847992
Finished epoch 10000, latest loss 0.06523490697145462
Finished epoch 11000, latest loss 0.06332767754793167
Finished epoch 12000, latest loss 0.049975212663412094
Finished epoch 13000, latest loss 0.06469681859016418
Finished epoch 14000, latest loss 0.044834475964307785
Finished epoch 15000, latest loss 0.07810427993535995
Finished epoch 16000, latest loss 0.08756448328495026
Finished epoch 17000, latest loss 0.09321820735931396
Finished epoch 18000, latest loss 0.054603807628154755
Finished epoch 19000, latest loss 0.06426174193620682
Finished epoch 20000, latest loss 0.04527764394879341
Finished epoch 1, latest loss 0.695286750793457
Finished epoch 1000, latest loss 0.067568838596344
Finished epoch 2000, latest loss 0.0776706114411354
Finished epoch 3000, latest loss 0.08645400404930115
Finished epoch 4000, latest loss 0.05783143639564514
Finished epoch 5000, latest loss 0.03921730816364288
Finished epoch 6000, latest loss 0.0845601037144661
Finished epoch 7000, latest loss 0.05322969704866409
Finished epoch 8000, latest loss 0.09239552170038223
Finished epoch 9000, latest loss 0.0746079832315445
Finished epoch 10000, latest loss 0.061948202550411224
Finished epoch 11000, latest loss 0.07299163937568665
Finished epoch 12000, latest loss 0.12386444956064224
Finished epoch 13000, latest loss 0.12406675517559052
Finished epoch 14000, latest loss 0.029396742582321167
Finished epoch 15000, latest loss 0.10564545542001724
Finished epoch 16000, latest loss 0.0896010771393776
Finished epoch 17000, latest loss 0.07082372158765793
Finished epoch 18000, latest loss 0.09220290184020996
Finished epoch 19000, latest loss 0.042678408324718475
Finished epoch 20000, latest loss 0.08591008931398392


Saving final model


Training set size: 8000
Training error 1: 0.056146 ± 0.005000
\Training error 2: 0.030813 ± 0.003410
Test error: 0.031363 ± 0.003535

