JobId=8600932 JobName=analysis.sbatch
   UserId=koner(565562) GroupId=domain users(100513) MCS_label=N/A
   Priority=26182495 Nice=0 Account=ewi-insy-ii-influence QOS=short
   JobState=RUNNING Reason=None Dependency=(null)
   Requeue=0 Restarts=0 BatchFlag=1 Reboot=0 ExitCode=0:0
   DerivedExitCode=0:0
   RunTime=00:00:01 TimeLimit=02:00:00 TimeMin=N/A
   SubmitTime=2023-07-22T16:05:23 EligibleTime=2023-07-22T16:05:23
   AccrueTime=2023-07-22T16:05:23
   StartTime=2023-07-22T16:05:27 EndTime=2023-07-22T18:05:27 Deadline=N/A
   SuspendTime=None SecsPreSuspend=0 LastSchedEval=2023-07-22T16:05:27 Scheduler=Backfill
   Partition=general AllocNode:Sid=login1:23104
   ReqNodeList=(null) ExcNodeList=(null)
   NodeList=insy14
   BatchHost=insy14
   NumNodes=1 NumCPUs=10 NumTasks=1 CPUs/Task=10 ReqB:S:C:T=0:0:*:*
   TRES=cpu=10,mem=4G,node=1,billing=5
   Socks/Node=* NtasksPerN:B:S:C=0:0:*:* CoreSpec=*
   JOB_GRES=(null)
     Nodes=insy14 CPU_IDs=48-57 Mem=4096 GRES=
   MinCPUsNode=10 MinMemoryNode=4G MinTmpDiskNode=0
   Features=(null) DelayBoot=00:00:00
   OverSubscribe=OK Contiguous=0 Licenses=(null) Network=(null)
   Command=/winhome/koner/Desktop/MCTS-Time-Management/jobscripts/analysis.sbatch
   WorkDir=/winhome/koner/Desktop/MCTS-Time-Management/jobscripts
   StdErr=/winhome/koner/Desktop/MCTS-Time-Management/jobscripts/slurm-8600932.out
   StdIn=/dev/null
   StdOut=/winhome/koner/Desktop/MCTS-Time-Management/jobscripts/slurm-8600932.out
   Power=
   MailUser=koner MailType=END
   

[learning_curve] Training set sizes: [  88  167  246  325  404  484  563  642  721  800  880 1760 2640 3520
 4400 5280 6160 7040 7920 8800]
[Parallel(n_jobs=10)]: Using backend LokyBackend with 10 concurrent workers.
[Parallel(n_jobs=10)]: Done  50 out of 100 | elapsed:  2.0min remaining:  2.0min
[Parallel(n_jobs=10)]: Done 100 out of 100 | elapsed:  3.8min finished
[CV] END .................................................... total time=  45.9s
[CV] END .................................................... total time=  20.1s
[CV] END .................................................... total time=  23.5s
[CV] END .................................................... total time=  19.8s
[CV] END .................................................... total time=  21.1s
[CV] END .................................................... total time=  12.7s
[CV] END .................................................... total time=  19.3s
[CV] END .................................................... total time=  43.8s
[CV] END .................................................... total time=  33.1s
[CV] END .................................................... total time=  24.0s
[CV] END .................................................... total time=  20.1s
[CV] END .................................................... total time=  31.8s
[CV] END .................................................... total time=  23.4s
[CV] END .................................................... total time=  16.3s
[CV] END .................................................... total time=  20.8s
[CV] END .................................................... total time=  17.5s
[CV] END .................................................... total time=  20.3s
[CV] END .................................................... total time=  18.0s
[CV] END .................................................... total time=  19.9s
[CV] END .................................................... total time=  39.2s
[CV] END .................................................... total time=  34.2s
[CV] END .................................................... total time=  23.0s
[CV] END .................................................... total time=  17.1s
[CV] END .................................................... total time=  20.7s
[CV] END .................................................... total time=  16.8s
[CV] END .................................................... total time=  19.7s
[CV] END .................................................... total time=  24.9s
[CV] END .................................................... total time=  22.8s
[CV] END .................................................... total time=  15.8s
[CV] END .................................................... total time=  21.0s
[CV] END .................................................... total time=  16.5s
[CV] END .................................................... total time=  19.9s
[CV] END .................................................... total time=  13.9s
[CV] END .................................................... total time=  19.4s
[CV] END .................................................... total time=  21.6s
[CV] END .................................................... total time=  16.8s
[CV] END .................................................... total time=  18.4s
[CV] END .................................................... total time=  12.9s
[CV] END .................................................... total time=  19.1s
[CV] END .................................................... total time=  22.4s
[CV] END .................................................... total time=  19.6s
[CV] END .................................................... total time=  22.2s
[CV] END .................................................... total time=  19.8s
[CV] END .................................................... total time=  24.0s
[CV] END .................................................... total time=  18.0s
[CV] END .................................................... total time=  23.7s
[CV] END .................................................... total time=  31.4s
[CV] END .................................................... total time=  20.8s
[CV] END .................................................... total time=  22.7s
[CV] END .................................................... total time=  12.6s
[CV] END .................................................... total time=  18.4s
[CV] END .................................................... total time=  22.8s
[CV] END .................................................... total time=  19.8s
[CV] END .................................................... total time=  27.1s
[CV] END .................................................... total time=  19.4s
[CV] END .................................................... total time=  13.6s
[CV] END .................................................... total time=  18.7s
[CV] END .................................................... total time=  18.2s
[CV] END .................................................... total time=  18.5s
[CV] END .................................................... total time=  24.2s
[CV] END .................................................... total time=  16.8s
[CV] END .................................................... total time=  20.3s
[CV] END .................................................... total time=  14.1s
[CV] END .................................................... total time=  16.6s
[CV] END .................................................... total time=  22.0s
[CV] END .................................................... total time=  21.0s
[CV] END .................................................... total time=  22.0s
[CV] END .................................................... total time=  22.5s
[CV] END .................................................... total time=  19.0s
[CV] END .................................................... total time=  19.2s
[CV] END .................................................... total time=  23.4s
[CV] END .................................................... total time=  12.8s
[CV] END .................................................... total time=  20.7s
[CV] END .................................................... total time=  24.2s
[CV] END .................................................... total time=  20.5s
[CV] END .................................................... total time=  38.2s
[CV] END .................................................... total time=  24.0s
[CV] END .................................................... total time=  19.0s
[CV] END .................................................... total time=  15.8s
[CV] END .................................................... total time=  13.8s
[CV] END .................................................... total time=  19.9s
[CV] END .................................................... total time=  27.1s
[CV] END .................................................... total time=  22.7s
[CV] END .................................................... total time=  12.3s
[CV] END .................................................... total time=  19.5s
[CV] END .................................................... total time=  22.9s
[CV] END .................................................... total time=  24.5s
[CV] END .................................................... total time=  41.0s
[CV] END .................................................... total time=  17.2s
[CV] END .................................................... total time=  21.3s
[CV] END .................................................... total time=  23.4s
[CV] END .................................................... total time=  17.0s
[CV] END .................................................... total time=  21.3s
[CV] END .................................................... total time=  20.9s
[CV] END .................................................... total time=  20.5s
[CV] END .................................................... total time=  24.9s
[CV] END .................................................... total time=  21.1s
[CV] END .................................................... total time=  13.1s
[CV] END .................................................... total time=  21.6s
[CV] END .................................................... total time=  16.4s
