JobId=8580064 JobName=cartpole_dataset.sbatch
   UserId=koner(565562) GroupId=domain users(100513) MCS_label=N/A
   Priority=16669172 Nice=0 Account=ewi-insy-ii-influence QOS=medium
   JobState=RUNNING Reason=None Dependency=(null)
   Requeue=0 Restarts=0 BatchFlag=1 Reboot=0 ExitCode=0:0
   DerivedExitCode=0:0
   RunTime=00:00:02 TimeLimit=02:00:00 TimeMin=N/A
   SubmitTime=2023-07-09T14:09:37 EligibleTime=2023-07-09T14:09:37
   AccrueTime=2023-07-09T14:09:37
   StartTime=2023-07-09T14:09:38 EndTime=2023-07-09T16:09:38 Deadline=N/A
   SuspendTime=None SecsPreSuspend=0 LastSchedEval=2023-07-09T14:09:38 Scheduler=Main
   Partition=general AllocNode:Sid=login1:1218
   ReqNodeList=(null) ExcNodeList=(null)
   NodeList=grs4
   BatchHost=grs4
   NumNodes=1 NumCPUs=10 NumTasks=10 CPUs/Task=1 ReqB:S:C:T=0:0:*:*
   TRES=cpu=10,mem=850M,node=1,billing=5
   Socks/Node=* NtasksPerN:B:S:C=0:0:*:* CoreSpec=*
   JOB_GRES=(null)
     Nodes=grs4 CPU_IDs=8-9,16-23 Mem=850 GRES=
   MinCPUsNode=1 MinMemoryCPU=85M MinTmpDiskNode=0
   Features=(null) DelayBoot=00:00:00
   OverSubscribe=OK Contiguous=0 Licenses=(null) Network=(null)
   Command=/winhome/koner/Desktop/MCTS-Time-Management/jobscripts/cartpole_dataset.sbatch
   WorkDir=/winhome/koner/Desktop/MCTS-Time-Management/jobscripts
   StdErr=/winhome/koner/Desktop/MCTS-Time-Management/jobscripts/slurm-8580064.out
   StdIn=/dev/null
   StdOut=/winhome/koner/Desktop/MCTS-Time-Management/jobscripts/slurm-8580064.out
   Power=
   MailUser=koner MailType=END
   

srun: Job 8580064 step creation temporarily disabled, retrying (Requested nodes are busy)
srun: Job 8580064 step creation temporarily disabled, retrying (Requested nodes are busy)
srun: Job 8580064 step creation temporarily disabled, retrying (Requested nodes are busy)
srun: Job 8580064 step creation temporarily disabled, retrying (Requested nodes are busy)
srun: Job 8580064 step creation temporarily disabled, retrying (Requested nodes are busy)
srun: Job 8580064 step creation still disabled, retrying (Requested nodes are busy)
srun: Job 8580064 step creation still disabled, retrying (Requested nodes are busy)
srun: Job 8580064 step creation still disabled, retrying (Requested nodes are busy)
srun: Job 8580064 step creation still disabled, retrying (Requested nodes are busy)
srun: Job 8580064 step creation still disabled, retrying (Requested nodes are busy)
srun: Job 8580064 step creation still disabled, retrying (Requested nodes are busy)
srun: Job 8580064 step creation still disabled, retrying (Requested nodes are busy)
srun: Job 8580064 step creation still disabled, retrying (Requested nodes are busy)
srun: Job 8580064 step creation still disabled, retrying (Requested nodes are busy)
srun: Job 8580064 step creation still disabled, retrying (Requested nodes are busy)
srun: Job 8580064 step creation still disabled, retrying (Requested nodes are busy)
srun: Job 8580064 step creation still disabled, retrying (Requested nodes are busy)
srun: Job 8580064 step creation still disabled, retrying (Requested nodes are busy)
srun: Job 8580064 step creation still disabled, retrying (Requested nodes are busy)
srun: Job 8580064 step creation still disabled, retrying (Requested nodes are busy)
srun: Job 8580064 step creation still disabled, retrying (Requested nodes are busy)
srun: Job 8580064 step creation still disabled, retrying (Requested nodes are busy)
srun: Job 8580064 step creation still disabled, retrying (Requested nodes are busy)
srun: Job 8580064 step creation still disabled, retrying (Requested nodes are busy)
srun: Job 8580064 step creation still disabled, retrying (Requested nodes are busy)
srun: Job 8580064 step creation still disabled, retrying (Requested nodes are busy)
srun: Job 8580064 step creation still disabled, retrying (Requested nodes are busy)
srun: Job 8580064 step creation still disabled, retrying (Requested nodes are busy)
srun: Job 8580064 step creation still disabled, retrying (Requested nodes are busy)
srun: Job 8580064 step creation still disabled, retrying (Requested nodes are busy)
srun: Job 8580064 step creation still disabled, retrying (Requested nodes are busy)
srun: Job 8580064 step creation still disabled, retrying (Requested nodes are busy)
srun: Job 8580064 step creation still disabled, retrying (Requested nodes are busy)
srun: Job 8580064 step creation still disabled, retrying (Requested nodes are busy)
srun: Job 8580064 step creation still disabled, retrying (Requested nodes are busy)
srun: Job 8580064 step creation still disabled, retrying (Requested nodes are busy)
srun: Job 8580064 step creation still disabled, retrying (Requested nodes are busy)
srun: Job 8580064 step creation still disabled, retrying (Requested nodes are busy)
srun: Job 8580064 step creation still disabled, retrying (Requested nodes are busy)
srun: Job 8580064 step creation still disabled, retrying (Requested nodes are busy)
srun: Job 8580064 step creation still disabled, retrying (Requested nodes are busy)
srun: Job 8580064 step creation still disabled, retrying (Requested nodes are busy)
srun: Job 8580064 step creation still disabled, retrying (Requested nodes are busy)
srun: Job 8580064 step creation still disabled, retrying (Requested nodes are busy)
srun: Job 8580064 step creation still disabled, retrying (Requested nodes are busy)
srun: Job 8580064 step creation still disabled, retrying (Requested nodes are busy)
srun: Job 8580064 step creation still disabled, retrying (Requested nodes are busy)
srun: Job 8580064 step creation still disabled, retrying (Requested nodes are busy)
srun: Job 8580064 step creation still disabled, retrying (Requested nodes are busy)
srun: Job 8580064 step creation still disabled, retrying (Requested nodes are busy)
srun: Job 8580064 step creation still disabled, retrying (Requested nodes are busy)
srun: Job 8580064 step creation still disabled, retrying (Requested nodes are busy)
srun: Job 8580064 step creation still disabled, retrying (Requested nodes are busy)
srun: Job 8580064 step creation still disabled, retrying (Requested nodes are busy)
srun: Job 8580064 step creation still disabled, retrying (Requested nodes are busy)
srun: Job 8580064 step creation still disabled, retrying (Requested nodes are busy)
srun: Job 8580064 step creation still disabled, retrying (Requested nodes are busy)
srun: Job 8580064 step creation still disabled, retrying (Requested nodes are busy)
srun: Job 8580064 step creation still disabled, retrying (Requested nodes are busy)
srun: Job 8580064 step creation still disabled, retrying (Requested nodes are busy)
srun: Job 8580064 step creation still disabled, retrying (Requested nodes are busy)
srun: Job 8580064 step creation still disabled, retrying (Requested nodes are busy)
srun: Job 8580064 step creation still disabled, retrying (Requested nodes are busy)
srun: Job 8580064 step creation still disabled, retrying (Requested nodes are busy)
srun: Job 8580064 step creation still disabled, retrying (Requested nodes are busy)
srun: Job 8580064 step creation still disabled, retrying (Requested nodes are busy)
srun: Job 8580064 step creation still disabled, retrying (Requested nodes are busy)
srun: Job 8580064 step creation still disabled, retrying (Requested nodes are busy)
srun: Job 8580064 step creation still disabled, retrying (Requested nodes are busy)
srun: Job 8580064 step creation still disabled, retrying (Requested nodes are busy)
srun: Job 8580064 step creation still disabled, retrying (Requested nodes are busy)
srun: Job 8580064 step creation still disabled, retrying (Requested nodes are busy)
srun: Job 8580064 step creation still disabled, retrying (Requested nodes are busy)
srun: Job 8580064 step creation still disabled, retrying (Requested nodes are busy)
srun: Job 8580064 step creation still disabled, retrying (Requested nodes are busy)
srun: Job 8580064 step creation still disabled, retrying (Requested nodes are busy)
srun: Job 8580064 step creation still disabled, retrying (Requested nodes are busy)
srun: Job 8580064 step creation still disabled, retrying (Requested nodes are busy)
srun: Job 8580064 step creation still disabled, retrying (Requested nodes are busy)
srun: Job 8580064 step creation still disabled, retrying (Requested nodes are busy)
srun: Job 8580064 step creation still disabled, retrying (Requested nodes are busy)
srun: Job 8580064 step creation still disabled, retrying (Requested nodes are busy)
srun: Job 8580064 step creation still disabled, retrying (Requested nodes are busy)
srun: Job 8580064 step creation still disabled, retrying (Requested nodes are busy)
srun: Job 8580064 step creation still disabled, retrying (Requested nodes are busy)
srun: Job 8580064 step creation still disabled, retrying (Requested nodes are busy)
srun: Job 8580064 step creation still disabled, retrying (Requested nodes are busy)
srun: Job 8580064 step creation still disabled, retrying (Requested nodes are busy)
srun: Job 8580064 step creation still disabled, retrying (Requested nodes are busy)
srun: Job 8580064 step creation still disabled, retrying (Requested nodes are busy)
srun: Job 8580064 step creation still disabled, retrying (Requested nodes are busy)
srun: Job 8580064 step creation still disabled, retrying (Requested nodes are busy)
srun: Job 8580064 step creation still disabled, retrying (Requested nodes are busy)
srun: Job 8580064 step creation still disabled, retrying (Requested nodes are busy)
srun: Job 8580064 step creation still disabled, retrying (Requested nodes are busy)
srun: Job 8580064 step creation still disabled, retrying (Requested nodes are busy)
srun: Job 8580064 step creation still disabled, retrying (Requested nodes are busy)
srun: Job 8580064 step creation still disabled, retrying (Requested nodes are busy)
srun: Job 8580064 step creation still disabled, retrying (Requested nodes are busy)
srun: Job 8580064 step creation still disabled, retrying (Requested nodes are busy)
srun: Job 8580064 step creation still disabled, retrying (Requested nodes are busy)
srun: Job 8580064 step creation still disabled, retrying (Requested nodes are busy)
srun: Job 8580064 step creation still disabled, retrying (Requested nodes are busy)
srun: Job 8580064 step creation still disabled, retrying (Requested nodes are busy)
srun: Job 8580064 step creation still disabled, retrying (Requested nodes are busy)
srun: Job 8580064 step creation still disabled, retrying (Requested nodes are busy)
srun: Job 8580064 step creation still disabled, retrying (Requested nodes are busy)
srun: Job 8580064 step creation still disabled, retrying (Requested nodes are busy)
srun: Job 8580064 step creation still disabled, retrying (Requested nodes are busy)
srun: Job 8580064 step creation still disabled, retrying (Requested nodes are busy)
srun: Job 8580064 step creation still disabled, retrying (Requested nodes are busy)
srun: Job 8580064 step creation still disabled, retrying (Requested nodes are busy)
srun: Job 8580064 step creation still disabled, retrying (Requested nodes are busy)
srun: Job 8580064 step creation still disabled, retrying (Requested nodes are busy)
srun: Job 8580064 step creation still disabled, retrying (Requested nodes are busy)
srun: Job 8580064 step creation still disabled, retrying (Requested nodes are busy)
srun: Job 8580064 step creation still disabled, retrying (Requested nodes are busy)
srun: Job 8580064 step creation still disabled, retrying (Requested nodes are busy)
srun: Job 8580064 step creation still disabled, retrying (Requested nodes are busy)
srun: Job 8580064 step creation still disabled, retrying (Requested nodes are busy)
srun: Job 8580064 step creation still disabled, retrying (Requested nodes are busy)
srun: Job 8580064 step creation still disabled, retrying (Requested nodes are busy)
srun: Job 8580064 step creation still disabled, retrying (Requested nodes are busy)
srun: Job 8580064 step creation still disabled, retrying (Requested nodes are busy)
srun: Job 8580064 step creation still disabled, retrying (Requested nodes are busy)
srun: Job 8580064 step creation still disabled, retrying (Requested nodes are busy)
srun: Job 8580064 step creation still disabled, retrying (Requested nodes are busy)
srun: Job 8580064 step creation still disabled, retrying (Requested nodes are busy)
srun: Job 8580064 step creation still disabled, retrying (Requested nodes are busy)
srun: Job 8580064 step creation still disabled, retrying (Requested nodes are busy)
srun: Job 8580064 step creation still disabled, retrying (Requested nodes are busy)
srun: Job 8580064 step creation still disabled, retrying (Requested nodes are busy)
srun: Job 8580064 step creation still disabled, retrying (Requested nodes are busy)
srun: Job 8580064 step creation still disabled, retrying (Requested nodes are busy)
srun: Job 8580064 step creation still disabled, retrying (Requested nodes are busy)
srun: Job 8580064 step creation still disabled, retrying (Requested nodes are busy)
srun: Job 8580064 step creation still disabled, retrying (Requested nodes are busy)
srun: Job 8580064 step creation still disabled, retrying (Requested nodes are busy)
srun: Job 8580064 step creation still disabled, retrying (Requested nodes are busy)
srun: Job 8580064 step creation still disabled, retrying (Requested nodes are busy)
srun: Job 8580064 step creation still disabled, retrying (Requested nodes are busy)
srun: Job 8580064 step creation still disabled, retrying (Requested nodes are busy)
srun: Job 8580064 step creation still disabled, retrying (Requested nodes are busy)
srun: Job 8580064 step creation still disabled, retrying (Requested nodes are busy)
srun: Job 8580064 step creation still disabled, retrying (Requested nodes are busy)
srun: Job 8580064 step creation still disabled, retrying (Requested nodes are busy)
srun: Job 8580064 step creation still disabled, retrying (Requested nodes are busy)
srun: Job 8580064 step creation still disabled, retrying (Requested nodes are busy)
srun: Job 8580064 step creation still disabled, retrying (Requested nodes are busy)
srun: Job 8580064 step creation still disabled, retrying (Requested nodes are busy)
srun: Job 8580064 step creation still disabled, retrying (Requested nodes are busy)
srun: Job 8580064 step creation still disabled, retrying (Requested nodes are busy)
srun: Job 8580064 step creation still disabled, retrying (Requested nodes are busy)
srun: Job 8580064 step creation still disabled, retrying (Requested nodes are busy)
srun: Job 8580064 step creation still disabled, retrying (Requested nodes are busy)
srun: Job 8580064 step creation still disabled, retrying (Requested nodes are busy)
srun: Job 8580064 step creation still disabled, retrying (Requested nodes are busy)
srun: Job 8580064 step creation still disabled, retrying (Requested nodes are busy)
srun: Job 8580064 step creation still disabled, retrying (Requested nodes are busy)
srun: Job 8580064 step creation still disabled, retrying (Requested nodes are busy)
srun: Job 8580064 step creation still disabled, retrying (Requested nodes are busy)
srun: Job 8580064 step creation still disabled, retrying (Requested nodes are busy)
srun: Job 8580064 step creation still disabled, retrying (Requested nodes are busy)
srun: Job 8580064 step creation still disabled, retrying (Requested nodes are busy)
srun: Job 8580064 step creation still disabled, retrying (Requested nodes are busy)
srun: Job 8580064 step creation still disabled, retrying (Requested nodes are busy)
srun: Job 8580064 step creation still disabled, retrying (Requested nodes are busy)
srun: Job 8580064 step creation still disabled, retrying (Requested nodes are busy)
srun: Job 8580064 step creation still disabled, retrying (Requested nodes are busy)
srun: Job 8580064 step creation still disabled, retrying (Requested nodes are busy)
srun: Job 8580064 step creation still disabled, retrying (Requested nodes are busy)
srun: Job 8580064 step creation still disabled, retrying (Requested nodes are busy)
srun: Job 8580064 step creation still disabled, retrying (Requested nodes are busy)
srun: Job 8580064 step creation still disabled, retrying (Requested nodes are busy)
srun: Job 8580064 step creation still disabled, retrying (Requested nodes are busy)
srun: Job 8580064 step creation still disabled, retrying (Requested nodes are busy)
srun: Job 8580064 step creation still disabled, retrying (Requested nodes are busy)
srun: Job 8580064 step creation still disabled, retrying (Requested nodes are busy)
srun: Job 8580064 step creation still disabled, retrying (Requested nodes are busy)
states_Cluster_2_1000_s1_100-t500-CartPole-v1: 100/1000
states_Cluster_2_1000_s1_100-t500-CartPole-v1: 200/1000
states_Cluster_2_1000_s1_100-t500-CartPole-v1: 300/1000
states_Cluster_2_1000_s1_100-t500-CartPole-v1: 400/1000
states_Cluster_2_1000_s1_100-t500-CartPole-v1: 500/1000
states_Cluster_2_1000_s1_100-t500-CartPole-v1: 600/1000
states_Cluster_2_1000_s1_100-t500-CartPole-v1: 700/1000
states_Cluster_2_1000_s1_100-t500-CartPole-v1: 800/1000
states_Cluster_2_1000_s1_100-t500-CartPole-v1: 900/1000
states_Cluster_2_1000_s1_100-t500-CartPole-v1: 1000/1000
srun: Job 8580064 step creation still disabled, retrying (Requested nodes are busy)
srun: Step created for job 8580064
states_Cluster_9_1000_s1_100-t500-CartPole-v1: 100/1000
states_Cluster_9_1000_s1_100-t500-CartPole-v1: 200/1000
states_Cluster_9_1000_s1_100-t500-CartPole-v1: 300/1000
states_Cluster_9_1000_s1_100-t500-CartPole-v1: 400/1000
states_Cluster_9_1000_s1_100-t500-CartPole-v1: 500/1000
states_Cluster_9_1000_s1_100-t500-CartPole-v1: 600/1000
states_Cluster_9_1000_s1_100-t500-CartPole-v1: 700/1000
states_Cluster_9_1000_s1_100-t500-CartPole-v1: 800/1000
states_Cluster_9_1000_s1_100-t500-CartPole-v1: 900/1000
states_Cluster_9_1000_s1_100-t500-CartPole-v1: 1000/1000
srun: Job 8580064 step creation still disabled, retrying (Requested nodes are busy)
srun: Step created for job 8580064
srun: Job 8580064 step creation still disabled, retrying (Requested nodes are busy)
srun: Job 8580064 step creation still disabled, retrying (Requested nodes are busy)
srun: Job 8580064 step creation still disabled, retrying (Requested nodes are busy)
srun: Job 8580064 step creation still disabled, retrying (Requested nodes are busy)
srun: Job 8580064 step creation still disabled, retrying (Requested nodes are busy)
srun: Job 8580064 step creation still disabled, retrying (Requested nodes are busy)
srun: Job 8580064 step creation still disabled, retrying (Requested nodes are busy)
srun: Job 8580064 step creation still disabled, retrying (Requested nodes are busy)
srun: Job 8580064 step creation still disabled, retrying (Requested nodes are busy)
states_Cluster_3_1000_s1_100-t500-CartPole-v1: 100/1000
states_Cluster_3_1000_s1_100-t500-CartPole-v1: 200/1000
states_Cluster_3_1000_s1_100-t500-CartPole-v1: 300/1000
states_Cluster_3_1000_s1_100-t500-CartPole-v1: 400/1000
states_Cluster_3_1000_s1_100-t500-CartPole-v1: 500/1000
states_Cluster_3_1000_s1_100-t500-CartPole-v1: 600/1000
states_Cluster_3_1000_s1_100-t500-CartPole-v1: 700/1000
states_Cluster_3_1000_s1_100-t500-CartPole-v1: 800/1000
states_Cluster_3_1000_s1_100-t500-CartPole-v1: 900/1000
states_Cluster_3_1000_s1_100-t500-CartPole-v1: 1000/1000
states_Cluster_8_1000_s1_100-t500-CartPole-v1: 100/1000
states_Cluster_8_1000_s1_100-t500-CartPole-v1: 200/1000
states_Cluster_8_1000_s1_100-t500-CartPole-v1: 300/1000
states_Cluster_8_1000_s1_100-t500-CartPole-v1: 400/1000
states_Cluster_8_1000_s1_100-t500-CartPole-v1: 500/1000
states_Cluster_8_1000_s1_100-t500-CartPole-v1: 600/1000
states_Cluster_8_1000_s1_100-t500-CartPole-v1: 700/1000
states_Cluster_8_1000_s1_100-t500-CartPole-v1: 800/1000
states_Cluster_8_1000_s1_100-t500-CartPole-v1: 900/1000
states_Cluster_8_1000_s1_100-t500-CartPole-v1: 1000/1000
srun: Job 8580064 step creation still disabled, retrying (Requested nodes are busy)
srun: Step created for job 8580064
srun: Job 8580064 step creation still disabled, retrying (Requested nodes are busy)
srun: Step created for job 8580064
srun: Job 8580064 step creation still disabled, retrying (Requested nodes are busy)
srun: Job 8580064 step creation still disabled, retrying (Requested nodes are busy)
states_Cluster_7_1000_s1_100-t500-CartPole-v1: 100/1000
states_Cluster_7_1000_s1_100-t500-CartPole-v1: 200/1000
states_Cluster_7_1000_s1_100-t500-CartPole-v1: 300/1000
states_Cluster_7_1000_s1_100-t500-CartPole-v1: 400/1000
states_Cluster_7_1000_s1_100-t500-CartPole-v1: 500/1000
states_Cluster_7_1000_s1_100-t500-CartPole-v1: 600/1000
states_Cluster_7_1000_s1_100-t500-CartPole-v1: 700/1000
states_Cluster_7_1000_s1_100-t500-CartPole-v1: 800/1000
states_Cluster_7_1000_s1_100-t500-CartPole-v1: 900/1000
states_Cluster_7_1000_s1_100-t500-CartPole-v1: 1000/1000
srun: Job 8580064 step creation still disabled, retrying (Requested nodes are busy)
srun: Step created for job 8580064
slurmstepd: error: *** STEP 8580064.190 ON grs4 CANCELLED AT 2023-07-09T16:10:03 DUE TO TIME LIMIT ***
slurmstepd: error: *** STEP 8580064.204 ON grs4 CANCELLED AT 2023-07-09T16:10:03 DUE TO TIME LIMIT ***
slurmstepd: error: *** STEP 8580064.200 ON grs4 CANCELLED AT 2023-07-09T16:10:03 DUE TO TIME LIMIT ***
slurmstepd: error: *** STEP 8580064.189 ON grs4 CANCELLED AT 2023-07-09T16:10:03 DUE TO TIME LIMIT ***
slurmstepd: error: *** STEP 8580064.201 ON grs4 CANCELLED AT 2023-07-09T16:10:03 DUE TO TIME LIMIT ***
srun: Job step aborted: Waiting up to 32 seconds for job step to finish.
srun: Job step aborted: Waiting up to 32 seconds for job step to finish.
srun: Job step aborted: Waiting up to 32 seconds for job step to finish.
srun: Job step aborted: Waiting up to 32 seconds for job step to finish.
srun: Job step aborted: Waiting up to 32 seconds for job step to finish.
slurmstepd: error: *** JOB 8580064 ON grs4 CANCELLED AT 2023-07-09T16:10:03 DUE TO TIME LIMIT ***
slurmstepd: error: common_file_write_content: unable to open '/sys/fs/cgroup/freezer/slurm/uid_565562/job_8580064/step_190/freezer.state' for writing: Permission denied
slurmstepd: error: common_file_write_content: unable to open '/sys/fs/cgroup/freezer/slurm/uid_565562/job_8580064/step_204/freezer.state' for writing: Permission denied
slurmstepd: error: common_file_write_content: unable to open '/sys/fs/cgroup/freezer/slurm/uid_565562/job_8580064/step_201/freezer.state' for writing: Permission denied
