JobId=8592314 JobName=analysis.sbatch
   UserId=koner(565562) GroupId=domain users(100513) MCS_label=N/A
   Priority=24692737 Nice=0 Account=ewi-insy-ii-influence QOS=short
   JobState=RUNNING Reason=None Dependency=(null)
   Requeue=0 Restarts=0 BatchFlag=1 Reboot=0 ExitCode=0:0
   DerivedExitCode=0:0
   RunTime=00:00:01 TimeLimit=03:00:00 TimeMin=N/A
   SubmitTime=2023-07-17T14:31:40 EligibleTime=2023-07-17T14:31:40
   AccrueTime=2023-07-17T14:31:40
   StartTime=2023-07-17T14:31:41 EndTime=2023-07-17T17:31:41 Deadline=N/A
   SuspendTime=None SecsPreSuspend=0 LastSchedEval=2023-07-17T14:31:41 Scheduler=Main
   Partition=general AllocNode:Sid=login1:27418
   ReqNodeList=(null) ExcNodeList=(null)
   NodeList=grs1
   BatchHost=grs1
   NumNodes=1 NumCPUs=10 NumTasks=1 CPUs/Task=10 ReqB:S:C:T=0:0:*:*
   TRES=cpu=10,mem=2G,node=1,billing=5
   Socks/Node=* NtasksPerN:B:S:C=0:0:*:* CoreSpec=*
   JOB_GRES=(null)
     Nodes=grs1 CPU_IDs=10-11,24-31 Mem=2048 GRES=
   MinCPUsNode=10 MinMemoryNode=2G MinTmpDiskNode=0
   Features=(null) DelayBoot=00:00:00
   OverSubscribe=OK Contiguous=0 Licenses=(null) Network=(null)
   Command=/winhome/koner/Desktop/MCTS-Time-Management/jobscripts/analysis.sbatch
   WorkDir=/winhome/koner/Desktop/MCTS-Time-Management/jobscripts
   StdErr=/winhome/koner/Desktop/MCTS-Time-Management/jobscripts/slurm-8592314.out
   StdIn=/dev/null
   StdOut=/winhome/koner/Desktop/MCTS-Time-Management/jobscripts/slurm-8592314.out
   Power=
   MailUser=koner MailType=END
   

<class 'numpy.ndarray'>
[learning_curve] Training set sizes: [  1208   3382   5556   7731   9905  12080  24160  36240  48320  60400
  72480  84560  96640 108720 120800]
[Parallel(n_jobs=10)]: Using backend LokyBackend with 10 concurrent workers.
[CV] END .................................................... total time=  31.4s
[CV] END .................................................... total time=20.5min
[CV] END .................................................... total time=16.0min
[CV] END .................................................... total time= 9.3min
[CV] END .................................................... total time=23.8min
[CV] END .................................................... total time=  32.2s
[CV] END .................................................... total time= 9.6min
[CV] END .................................................... total time=23.7min
[CV] END .................................................... total time=15.0min
[CV] END .................................................... total time=10.3min
[CV] END .................................................... total time=12.7min
[CV] END .................................................... total time=   5.5s
[CV] END .................................................... total time=39.5min
[CV] END .................................................... total time=   2.4s
[CV] END .................................................... total time=  10.9s
[CV] END .................................................... total time=  21.9s
[CV] END .................................................... total time=  31.7s
[CV] END .................................................... total time=11.6min
[CV] END .................................................... total time=20.8min
/home/nfs/koner/.conda/envs/MCTS-Time-Management/lib/python3.7/site-packages/sklearn/neural_network/_multilayer_perceptron.py:696: ConvergenceWarning: Stochastic Optimizer: Maximum iterations (200) reached and the optimization hasn't converged yet.
  ConvergenceWarning,
[CV] END .................................................... total time=13.0min
[CV] END .................................................... total time=13.4min
[CV] END .................................................... total time=16.8min
[CV] END .................................................... total time=32.4min
/home/nfs/koner/.conda/envs/MCTS-Time-Management/lib/python3.7/site-packages/sklearn/neural_network/_multilayer_perceptron.py:696: ConvergenceWarning: Stochastic Optimizer: Maximum iterations (200) reached and the optimization hasn't converged yet.
  ConvergenceWarning,
[CV] END .................................................... total time=24.3min
[CV] END .................................................... total time=15.6min
[CV] END .................................................... total time=  18.6s
[CV] END .................................................... total time= 1.4min
[CV] END .................................................... total time=17.1min
[CV] END .................................................... total time=17.3min
/home/nfs/koner/.conda/envs/MCTS-Time-Management/lib/python3.7/site-packages/sklearn/neural_network/_multilayer_perceptron.py:696: ConvergenceWarning: Stochastic Optimizer: Maximum iterations (200) reached and the optimization hasn't converged yet.
  ConvergenceWarning,
[CV] END .................................................... total time=  40.4s
[CV] END .................................................... total time=   2.9s
[CV] END .................................................... total time=  11.0s
[CV] END .................................................... total time=  28.0s
[CV] END .................................................... total time=  37.2s
[CV] END .................................................... total time=  27.8s
[CV] END .................................................... total time=  28.3s
[CV] END .................................................... total time= 5.6min
[CV] END .................................................... total time=16.0min
[CV] END .................................................... total time=   4.1s
[CV] END .................................................... total time=   6.6s
[CV] END .................................................... total time=  17.5s
[CV] END .................................................... total time=  18.7s
[CV] END .................................................... total time=  29.7s
[CV] END .................................................... total time=  30.3s
[CV] END .................................................... total time= 4.0min
[CV] END .................................................... total time=28.0min
[CV] END .................................................... total time=18.0min
/home/nfs/koner/.conda/envs/MCTS-Time-Management/lib/python3.7/site-packages/sklearn/neural_network/_multilayer_perceptron.py:696: ConvergenceWarning: Stochastic Optimizer: Maximum iterations (200) reached and the optimization hasn't converged yet.
  ConvergenceWarning,
[CV] END .................................................... total time=  23.2s
[CV] END .................................................... total time=30.3min
[CV] END .................................................... total time=23.9min
[CV] END .................................................... total time=   2.3s
[CV] END .................................................... total time=   8.7s
[CV] END .................................................... total time=  17.8s
[CV] END .................................................... total time=  23.5s
[CV] END .................................................... total time=  46.3s
[CV] END .................................................... total time=  24.0s
[CV] END .................................................... total time= 5.3min
[CV] END .................................................... total time=16.1min
[CV] END .................................................... total time=17.1min
[CV] END .................................................... total time= 9.7min
[CV] END .................................................... total time=18.3min
[CV] END .................................................... total time=18.0min
[CV] END .................................................... total time=18.3min
[Parallel(n_jobs=10)]: Done  38 out of  75 | elapsed: 40.0min remaining: 39.0min
[Parallel(n_jobs=10)]: Done  75 out of  75 | elapsed: 87.4min finished
[CV] END .................................................... total time= 5.9min
[CV] END .................................................... total time= 9.4min
[CV] END .................................................... total time=25.1min
[CV] END .................................................... total time=  41.9s
[CV] END .................................................... total time=16.1min
[CV] END .................................................... total time=10.3min
[CV] END .................................................... total time=18.5min
/home/nfs/koner/.conda/envs/MCTS-Time-Management/lib/python3.7/site-packages/sklearn/neural_network/_multilayer_perceptron.py:696: ConvergenceWarning: Stochastic Optimizer: Maximum iterations (200) reached and the optimization hasn't converged yet.
  ConvergenceWarning,
[CV] END .................................................... total time=   3.1s
[CV] END .................................................... total time=26.4min
[CV] END .................................................... total time= 8.7min
[CV] END .................................................... total time=31.4min
[CV] END .................................................... total time=20.2min
