JobId=9348969 JobName=with_different_maps.sbatch
   UserId=koner(565562) GroupId=domain users(100513) MCS_label=N/A
   Priority=25714285 Nice=0 Account=ewi-insy-ii-influence QOS=short
   JobState=RUNNING Reason=None Dependency=(null)
   Requeue=0 Restarts=0 BatchFlag=1 Reboot=0 ExitCode=0:0
   DerivedExitCode=0:0
   RunTime=00:00:00 TimeLimit=02:00:00 TimeMin=N/A
   SubmitTime=2024-02-14T16:55:38 EligibleTime=2024-02-14T16:55:38
   AccrueTime=2024-02-14T16:55:38
   StartTime=2024-02-14T16:56:24 EndTime=2024-02-14T18:56:24 Deadline=N/A
   SuspendTime=None SecsPreSuspend=0 LastSchedEval=2024-02-14T16:56:24 Scheduler=Backfill
   Partition=general AllocNode:Sid=login1:19957
   ReqNodeList=(null) ExcNodeList=(null)
   NodeList=3dgi2
   BatchHost=3dgi2
   NumNodes=1 NumCPUs=64 NumTasks=1 CPUs/Task=64 ReqB:S:C:T=0:0:*:*
   TRES=cpu=64,mem=10000M,node=1,billing=32
   Socks/Node=* NtasksPerN:B:S:C=0:0:*:* CoreSpec=*
   JOB_GRES=(null)
     Nodes=3dgi2 CPU_IDs=0-63 Mem=10000 GRES=
   MinCPUsNode=64 MinMemoryNode=10000M MinTmpDiskNode=0
   Features=(null) DelayBoot=00:00:00
   OverSubscribe=OK Contiguous=0 Licenses=(null) Network=(null)
   Command=/winhome/koner/Desktop/MCTS-Time-Management/jobscripts/with_different_maps.sbatch
   WorkDir=/winhome/koner/Desktop/MCTS-Time-Management/jobscripts
   StdErr=/winhome/koner/Desktop/MCTS-Time-Management/jobscripts/slurm-9348969.out
   StdIn=/dev/null
   StdOut=/winhome/koner/Desktop/MCTS-Time-Management/jobscripts/slurm-9348969.out
   Power=
   MailUser=koner MailType=END
   

Finished epoch 1, latest loss 0.5707562565803528
Finished epoch 1000, latest loss 0.057526327669620514
Finished epoch 2000, latest loss 0.10341183096170425
Finished epoch 3000, latest loss 0.10361138731241226
Finished epoch 4000, latest loss 0.07586352527141571
Finished epoch 5000, latest loss 0.03597044199705124
Finished epoch 6000, latest loss 0.03826452046632767
Finished epoch 7000, latest loss 0.010010219179093838
Finished epoch 8000, latest loss 0.0032790692057460546
Finished epoch 9000, latest loss 0.006012884434312582
Finished epoch 10000, latest loss 0.01336810365319252
Finished epoch 11000, latest loss 0.007722402922809124
Finished epoch 12000, latest loss 0.004650425631552935
Finished epoch 13000, latest loss 0.003367985598742962
Finished epoch 14000, latest loss 0.0019543315283954144
Finished epoch 15000, latest loss 0.01994420401751995
Finished epoch 16000, latest loss 0.0014021123060956597
Finished epoch 17000, latest loss 0.005585721228271723
Finished epoch 18000, latest loss 0.0006641795625910163
Finished epoch 19000, latest loss 0.0024902750737965107
Finished epoch 20000, latest loss 0.005724253132939339
Finished epoch 1, latest loss 0.6657971739768982
Finished epoch 1000, latest loss 0.12655846774578094
Finished epoch 2000, latest loss 0.01741657964885235
Finished epoch 3000, latest loss 0.04585826396942139
Finished epoch 4000, latest loss 0.06965465098619461
Finished epoch 5000, latest loss 0.057775504887104034
Finished epoch 6000, latest loss 0.06550972163677216
Finished epoch 7000, latest loss 0.051042333245277405
Finished epoch 8000, latest loss 0.04077066481113434
Finished epoch 9000, latest loss 0.003877260722219944
Finished epoch 10000, latest loss 0.017790650948882103
Finished epoch 11000, latest loss 0.006121309474110603
Finished epoch 12000, latest loss 0.0019970654975622892
Finished epoch 13000, latest loss 0.00031660465174354613
Finished epoch 14000, latest loss 7.336292037507519e-05
Finished epoch 15000, latest loss 0.0008948533213697374
Finished epoch 16000, latest loss 0.003258324461057782
Finished epoch 17000, latest loss 0.02534397318959236
Finished epoch 18000, latest loss 0.008497094735503197
Finished epoch 19000, latest loss 0.004635974764823914
Finished epoch 20000, latest loss 0.007354700937867165
Finished epoch 1, latest loss 0.8693763017654419
Finished epoch 1000, latest loss 0.07460834085941315
Finished epoch 2000, latest loss 0.08897863328456879
Finished epoch 3000, latest loss 0.08844407647848129
Finished epoch 4000, latest loss 0.051105741411447525
Finished epoch 5000, latest loss 0.08874896168708801
Finished epoch 6000, latest loss 0.03113170526921749
Finished epoch 7000, latest loss 0.005617297254502773
Finished epoch 8000, latest loss 0.01984490640461445
Finished epoch 9000, latest loss 0.016909971833229065
Finished epoch 10000, latest loss 0.019777005538344383
Finished epoch 11000, latest loss 0.007194580975919962
Finished epoch 12000, latest loss 0.005348601378500462
Finished epoch 13000, latest loss 0.00024017193936742842
Finished epoch 14000, latest loss 0.03910767287015915
Finished epoch 15000, latest loss 0.0019466903759166598
Finished epoch 16000, latest loss 0.0018961882451549172
Finished epoch 17000, latest loss 0.020577462390065193
Finished epoch 18000, latest loss 0.0010086597176268697
Finished epoch 19000, latest loss 0.001361230155453086
Finished epoch 20000, latest loss 0.051313616335392
Finished epoch 1, latest loss 0.6521784663200378
Finished epoch 1000, latest loss 0.10004829615354538
Finished epoch 2000, latest loss 0.05727902799844742
Finished epoch 3000, latest loss 0.08626391738653183
Finished epoch 4000, latest loss 0.05881673842668533
Finished epoch 5000, latest loss 0.08969499170780182
Finished epoch 6000, latest loss 0.05254295840859413
Finished epoch 7000, latest loss 0.0060985032469034195
Finished epoch 8000, latest loss 0.006670748814940453
Finished epoch 9000, latest loss 0.012682517990469933
Finished epoch 10000, latest loss 0.06349678337574005
Finished epoch 11000, latest loss 0.0038012026343494654
Finished epoch 12000, latest loss 0.034573785960674286
Finished epoch 13000, latest loss 0.0006343768909573555
Finished epoch 14000, latest loss 0.00022296099632512778
Finished epoch 15000, latest loss 0.05998693034052849
Finished epoch 16000, latest loss 0.004346469417214394
Finished epoch 17000, latest loss 0.03399743139743805
Finished epoch 18000, latest loss 0.03355160728096962
Finished epoch 19000, latest loss 0.0009864653693512082
Finished epoch 20000, latest loss 0.0005842737737111747
Finished epoch 1, latest loss 0.5810112357139587
Finished epoch 1000, latest loss 0.1593276858329773
Finished epoch 2000, latest loss 0.07585497200489044
Finished epoch 3000, latest loss 0.036597393453121185
Finished epoch 4000, latest loss 0.053651295602321625
Finished epoch 5000, latest loss 0.01936972141265869
Finished epoch 6000, latest loss 0.039744552224874496
Finished epoch 7000, latest loss 0.0120012192055583
Finished epoch 8000, latest loss 0.002827087417244911
Finished epoch 9000, latest loss 0.003862715559080243
Finished epoch 10000, latest loss 0.038532499223947525
Finished epoch 11000, latest loss 0.01454155333340168
Finished epoch 12000, latest loss 0.0004073835152667016
Finished epoch 13000, latest loss 0.06813089549541473
Finished epoch 14000, latest loss 0.017473632469773293
Finished epoch 15000, latest loss 0.008134803734719753
Finished epoch 16000, latest loss 0.03362808749079704
Finished epoch 17000, latest loss 0.0008397867786698043
Finished epoch 18000, latest loss 0.005426004528999329
Finished epoch 19000, latest loss 0.013298875652253628
Finished epoch 20000, latest loss 0.006313897669315338
Finished epoch 1, latest loss 0.7684767842292786
Finished epoch 1000, latest loss 0.06886129826307297
Finished epoch 2000, latest loss 0.07875223457813263
Finished epoch 3000, latest loss 0.03208870813250542
Finished epoch 4000, latest loss 0.09591132402420044
Finished epoch 5000, latest loss 0.0626055970788002
Finished epoch 6000, latest loss 0.03800529986619949
Finished epoch 7000, latest loss 0.026026664301753044
Finished epoch 8000, latest loss 0.012598773464560509
Finished epoch 9000, latest loss 0.040749963372945786
Finished epoch 10000, latest loss 0.010939436964690685
Finished epoch 11000, latest loss 0.01992645300924778
Finished epoch 12000, latest loss 0.01303001306951046
Finished epoch 13000, latest loss 0.015144462697207928
Finished epoch 14000, latest loss 0.004155133850872517
Finished epoch 15000, latest loss 0.0015569236129522324
Finished epoch 16000, latest loss 0.005849515087902546
Finished epoch 17000, latest loss 0.0013333163224160671
Finished epoch 18000, latest loss 0.00044655275996774435
Finished epoch 19000, latest loss 0.008449114859104156
Finished epoch 20000, latest loss 0.012857726775109768
Finished epoch 1, latest loss 0.5689173936843872
Finished epoch 1000, latest loss 0.05889345332980156
Finished epoch 2000, latest loss 0.08215650171041489
Finished epoch 3000, latest loss 0.01822613552212715
Finished epoch 4000, latest loss 0.0320514477789402
Finished epoch 5000, latest loss 0.0056540472432971
Finished epoch 6000, latest loss 0.03942260891199112
Finished epoch 7000, latest loss 0.00863389391452074
Finished epoch 8000, latest loss 0.004735433496534824
Finished epoch 9000, latest loss 0.0012721661478281021
Finished epoch 10000, latest loss 0.004961414262652397
Finished epoch 11000, latest loss 0.07168536633253098
Finished epoch 12000, latest loss 0.03948903828859329
Finished epoch 13000, latest loss 0.015693865716457367
Finished epoch 14000, latest loss 0.022810865193605423
Finished epoch 15000, latest loss 0.01784626767039299
Finished epoch 16000, latest loss 0.0009472183301113546
Finished epoch 17000, latest loss 0.002221010159701109
Finished epoch 18000, latest loss 0.00023688739747740328
Finished epoch 19000, latest loss 4.159843592788093e-05
Finished epoch 20000, latest loss 0.0002647986984811723
Finished epoch 1, latest loss 0.5064073204994202
Finished epoch 1000, latest loss 0.0734201967716217
Finished epoch 2000, latest loss 0.040693581104278564
Finished epoch 3000, latest loss 0.0288848914206028
Finished epoch 4000, latest loss 0.029639098793268204
Finished epoch 5000, latest loss 0.031408898532390594
Finished epoch 6000, latest loss 0.04154983162879944
Finished epoch 7000, latest loss 0.020433539524674416
Finished epoch 8000, latest loss 0.009063062258064747
Finished epoch 9000, latest loss 0.02234797552227974
Finished epoch 10000, latest loss 0.004782383795827627
Finished epoch 11000, latest loss 0.0005861888639628887
Finished epoch 12000, latest loss 0.0024178193416446447
Finished epoch 13000, latest loss 0.0015635762829333544
Finished epoch 14000, latest loss 0.0030464644078165293
Finished epoch 15000, latest loss 0.06635044515132904
Finished epoch 16000, latest loss 0.00894163828343153
Finished epoch 17000, latest loss 0.0009053662070073187
Finished epoch 18000, latest loss 0.002237779786810279
Finished epoch 19000, latest loss 0.007184368092566729
Finished epoch 20000, latest loss 0.000378288677893579
Training set size: 1000
Training error 1: 0.007146 ± 0.002186
\Training error 2: 0.054337 ± 0.001599
Test error: 0.056565 ± 0.001505

Finished epoch 1, latest loss 0.8453319072723389
Finished epoch 1000, latest loss 0.08789242804050446
Finished epoch 2000, latest loss 0.06337817013263702
Finished epoch 3000, latest loss 0.156317338347435
Finished epoch 4000, latest loss 0.05145258083939552
Finished epoch 5000, latest loss 0.07479940354824066
Finished epoch 6000, latest loss 0.03386832773685455
Finished epoch 7000, latest loss 0.048204634338617325
Finished epoch 8000, latest loss 0.061146363615989685
Finished epoch 9000, latest loss 0.0320064015686512
Finished epoch 10000, latest loss 0.012060008943080902
Finished epoch 11000, latest loss 0.013841191306710243
Finished epoch 12000, latest loss 0.02512836642563343
Finished epoch 13000, latest loss 0.005775658879429102
Finished epoch 14000, latest loss 0.029887374490499496
Finished epoch 15000, latest loss 0.035749100148677826
Finished epoch 16000, latest loss 0.001475317170843482
Finished epoch 17000, latest loss 0.014519592747092247
Finished epoch 18000, latest loss 0.01086303312331438
Finished epoch 19000, latest loss 0.0035734595730900764
Finished epoch 20000, latest loss 0.0018048356287181377
Finished epoch 1, latest loss 0.534938395023346
Finished epoch 1000, latest loss 0.08771803230047226
Finished epoch 2000, latest loss 0.08318143337965012
Finished epoch 3000, latest loss 0.06085783615708351
Finished epoch 4000, latest loss 0.044942207634449005
Finished epoch 5000, latest loss 0.09468930214643478
Finished epoch 6000, latest loss 0.05296185240149498
Finished epoch 7000, latest loss 0.06876647472381592
Finished epoch 8000, latest loss 0.03796098753809929
Finished epoch 9000, latest loss 0.026286646723747253
Finished epoch 10000, latest loss 0.03485928475856781
Finished epoch 11000, latest loss 0.03063439577817917
Finished epoch 12000, latest loss 0.01548845786601305
Finished epoch 13000, latest loss 0.019285039976239204
Finished epoch 14000, latest loss 0.019548876211047173
Finished epoch 15000, latest loss 0.02941259741783142
Finished epoch 16000, latest loss 0.00967944785952568
Finished epoch 17000, latest loss 0.013088268227875233
Finished epoch 18000, latest loss 0.006371018476784229
Finished epoch 19000, latest loss 0.009716860018670559
Finished epoch 20000, latest loss 0.003059747628867626
Finished epoch 1, latest loss 0.6020314693450928
Finished epoch 1000, latest loss 0.08959496766328812
Finished epoch 2000, latest loss 0.050022974610328674
Finished epoch 3000, latest loss 0.04404633492231369
Finished epoch 4000, latest loss 0.07909446954727173
Finished epoch 5000, latest loss 0.03065149486064911
Finished epoch 6000, latest loss 0.09595394134521484
Finished epoch 7000, latest loss 0.06335217505693436
Finished epoch 8000, latest loss 0.01791885681450367
Finished epoch 9000, latest loss 0.04611121118068695
Finished epoch 10000, latest loss 0.019885409623384476
Finished epoch 11000, latest loss 0.029953623190522194
Finished epoch 12000, latest loss 0.032434482127428055
Finished epoch 13000, latest loss 0.00531231053173542
Finished epoch 14000, latest loss 0.04863157868385315
Finished epoch 15000, latest loss 0.03609755262732506
Finished epoch 16000, latest loss 0.045461297035217285
Finished epoch 17000, latest loss 0.009960907511413097
Finished epoch 18000, latest loss 0.003932208754122257
Finished epoch 19000, latest loss 0.014380992390215397
Finished epoch 20000, latest loss 0.004499474074691534
Finished epoch 1, latest loss 0.4864213168621063
Finished epoch 1000, latest loss 0.08589369058609009
Finished epoch 2000, latest loss 0.09194260090589523
Finished epoch 3000, latest loss 0.10990787297487259
Finished epoch 4000, latest loss 0.09102660417556763
Finished epoch 5000, latest loss 0.08418573439121246
Finished epoch 6000, latest loss 0.13315506279468536
Finished epoch 7000, latest loss 0.033217377960681915
Finished epoch 8000, latest loss 0.035431068390607834
Finished epoch 9000, latest loss 0.01318420935422182
Finished epoch 10000, latest loss 0.018722455948591232
Finished epoch 11000, latest loss 0.013738295063376427
Finished epoch 12000, latest loss 0.055777840316295624
Finished epoch 13000, latest loss 0.017179321497678757
Finished epoch 14000, latest loss 0.037154775112867355
Finished epoch 15000, latest loss 0.013746527954936028
Finished epoch 16000, latest loss 0.007269016467034817
Finished epoch 17000, latest loss 0.026587583124637604
Finished epoch 18000, latest loss 0.016505761072039604
Finished epoch 19000, latest loss 0.009827660396695137
Finished epoch 20000, latest loss 0.02333652973175049
Finished epoch 1, latest loss 0.5277303457260132
Finished epoch 1000, latest loss 0.07146404683589935
Finished epoch 2000, latest loss 0.05709635093808174
Finished epoch 3000, latest loss 0.05666418746113777
Finished epoch 4000, latest loss 0.0865570530295372
Finished epoch 5000, latest loss 0.06426820904016495
Finished epoch 6000, latest loss 0.09401380270719528
Finished epoch 7000, latest loss 0.02600342035293579
Finished epoch 8000, latest loss 0.007023938000202179
Finished epoch 9000, latest loss 0.0092375623062253
Finished epoch 10000, latest loss 0.015314123593270779
Finished epoch 11000, latest loss 0.022693492472171783
Finished epoch 12000, latest loss 0.01603448949754238
Finished epoch 13000, latest loss 0.01449754647910595
Finished epoch 14000, latest loss 0.028104368597269058
Finished epoch 15000, latest loss 0.011403589509427547
Finished epoch 16000, latest loss 0.008690185844898224
Finished epoch 17000, latest loss 0.03296651318669319
Finished epoch 18000, latest loss 0.023292075842618942
Finished epoch 19000, latest loss 0.0060122376307845116
Finished epoch 20000, latest loss 0.010407661087810993
Finished epoch 1, latest loss 0.6126644015312195
Finished epoch 1000, latest loss 0.13782471418380737
Finished epoch 2000, latest loss 0.03770297020673752
Finished epoch 3000, latest loss 0.09085819870233536
Finished epoch 4000, latest loss 0.10789217799901962
Finished epoch 5000, latest loss 0.04241481050848961
Finished epoch 6000, latest loss 0.04891074448823929
Finished epoch 7000, latest loss 0.06698396056890488
Finished epoch 8000, latest loss 0.017917713150382042
Finished epoch 9000, latest loss 0.009047291241586208
Finished epoch 10000, latest loss 0.023264717310667038
Finished epoch 11000, latest loss 0.021092575043439865
Finished epoch 12000, latest loss 0.011245468631386757
Finished epoch 13000, latest loss 0.008005845360457897
Finished epoch 14000, latest loss 0.011068349704146385
Finished epoch 15000, latest loss 0.02017812244594097
Finished epoch 16000, latest loss 0.029960142448544502
Finished epoch 17000, latest loss 0.0027731091249734163
Finished epoch 18000, latest loss 0.01051927451044321
Finished epoch 19000, latest loss 0.003961180802434683
Finished epoch 20000, latest loss 0.003777449019253254
Finished epoch 1, latest loss 0.6538866758346558
Finished epoch 1000, latest loss 0.05358058586716652
Finished epoch 2000, latest loss 0.078373983502388
Finished epoch 3000, latest loss 0.0399419330060482
Finished epoch 4000, latest loss 0.06805184483528137
Finished epoch 5000, latest loss 0.08839868009090424
Finished epoch 6000, latest loss 0.047484852373600006
Finished epoch 7000, latest loss 0.030058041214942932
Finished epoch 8000, latest loss 0.03536560386419296
Finished epoch 9000, latest loss 0.01670137606561184
Finished epoch 10000, latest loss 0.02572777308523655
Finished epoch 11000, latest loss 0.010327747091650963
Finished epoch 12000, latest loss 0.027069369331002235
Finished epoch 13000, latest loss 0.0233356524258852
Finished epoch 14000, latest loss 0.013425704091787338
Finished epoch 15000, latest loss 0.012645513750612736
Finished epoch 16000, latest loss 0.018002375960350037
Finished epoch 17000, latest loss 0.0023478372022509575
Finished epoch 18000, latest loss 0.002525598043575883
Finished epoch 19000, latest loss 0.01292549166828394
Finished epoch 20000, latest loss 0.02290305308997631
Finished epoch 1, latest loss 0.5906115770339966
Finished epoch 1000, latest loss 0.12053786963224411
Finished epoch 2000, latest loss 0.049495041370391846
Finished epoch 3000, latest loss 0.06571829319000244
Finished epoch 4000, latest loss 0.06080784276127815
Finished epoch 5000, latest loss 0.039052560925483704
Finished epoch 6000, latest loss 0.12374408543109894
Finished epoch 7000, latest loss 0.04470710828900337
Finished epoch 8000, latest loss 0.014113538898527622
Finished epoch 9000, latest loss 0.016328319907188416
Finished epoch 10000, latest loss 0.028178581967949867
Finished epoch 11000, latest loss 0.018055347725749016
Finished epoch 12000, latest loss 0.006701002828776836
Finished epoch 13000, latest loss 0.029647476971149445
Finished epoch 14000, latest loss 0.005604374688118696
Finished epoch 15000, latest loss 0.03901585564017296
Finished epoch 16000, latest loss 0.006911551579833031
Finished epoch 17000, latest loss 0.0026989467442035675
Finished epoch 18000, latest loss 0.025014065206050873
Finished epoch 19000, latest loss 0.005917591508477926
Finished epoch 20000, latest loss 0.004966639913618565
Training set size: 2000
Training error 1: 0.013151 ± 0.001604
\Training error 2: 0.050580 ± 0.001450
Test error: 0.051640 ± 0.001564

Finished epoch 1, latest loss 0.8666651844978333
Finished epoch 1000, latest loss 0.13428568840026855
Finished epoch 2000, latest loss 0.06650470197200775
Finished epoch 3000, latest loss 0.08906327933073044
Finished epoch 4000, latest loss 0.11301837116479874
Finished epoch 5000, latest loss 0.03911840170621872
Finished epoch 6000, latest loss 0.042249374091625214
Finished epoch 7000, latest loss 0.03465070575475693
Finished epoch 8000, latest loss 0.047181859612464905
Finished epoch 9000, latest loss 0.056290630251169205
Finished epoch 10000, latest loss 0.04708188772201538
Finished epoch 11000, latest loss 0.07894835621118546
Finished epoch 12000, latest loss 0.06313107162714005
Finished epoch 13000, latest loss 0.025186622515320778
Finished epoch 14000, latest loss 0.062294796109199524
Finished epoch 15000, latest loss 0.034927546977996826
Finished epoch 16000, latest loss 0.06016290560364723
Finished epoch 17000, latest loss 0.013164838775992393
Finished epoch 18000, latest loss 0.0519273616373539
Finished epoch 19000, latest loss 0.030864441767334938
Finished epoch 20000, latest loss 0.018275195732712746
Finished epoch 1, latest loss 0.4975985884666443
Finished epoch 1000, latest loss 0.04357192665338516
Finished epoch 2000, latest loss 0.045120276510715485
Finished epoch 3000, latest loss 0.07900435477495193
Finished epoch 4000, latest loss 0.0792451798915863
Finished epoch 5000, latest loss 0.06064336746931076
Finished epoch 6000, latest loss 0.06567791849374771
Finished epoch 7000, latest loss 0.04210490360856056
Finished epoch 8000, latest loss 0.10438603162765503
Finished epoch 9000, latest loss 0.08773083239793777
Finished epoch 10000, latest loss 0.09709582477807999
Finished epoch 11000, latest loss 0.05160285905003548
Finished epoch 12000, latest loss 0.05459171161055565
Finished epoch 13000, latest loss 0.009590727277100086
Finished epoch 14000, latest loss 0.02943975105881691
Finished epoch 15000, latest loss 0.04835333675146103
Finished epoch 16000, latest loss 0.011115469969809055
Finished epoch 17000, latest loss 0.01774592697620392
Finished epoch 18000, latest loss 0.023964572697877884
Finished epoch 19000, latest loss 0.057644009590148926
Finished epoch 20000, latest loss 0.035567861050367355
Finished epoch 1, latest loss 0.5824497938156128
Finished epoch 1000, latest loss 0.14472144842147827
Finished epoch 2000, latest loss 0.048212021589279175
Finished epoch 3000, latest loss 0.04578164219856262
Finished epoch 4000, latest loss 0.05574076622724533
Finished epoch 5000, latest loss 0.030204998329281807
Finished epoch 6000, latest loss 0.07637397944927216
Finished epoch 7000, latest loss 0.08163551241159439
Finished epoch 8000, latest loss 0.08591176569461823
Finished epoch 9000, latest loss 0.08761343359947205
Finished epoch 10000, latest loss 0.049582574516534805
Finished epoch 11000, latest loss 0.014192203059792519
Finished epoch 12000, latest loss 0.050546225160360336
Finished epoch 13000, latest loss 0.06608710438013077
Finished epoch 14000, latest loss 0.03301949426531792
Finished epoch 15000, latest loss 0.04607568308711052
Finished epoch 16000, latest loss 0.007486239075660706
Finished epoch 17000, latest loss 0.020844072103500366
Finished epoch 18000, latest loss 0.07042086869478226
Finished epoch 19000, latest loss 0.022974686697125435
Finished epoch 20000, latest loss 0.005232637748122215
Finished epoch 1, latest loss 0.8022363781929016
Finished epoch 1000, latest loss 0.08274973928928375
Finished epoch 2000, latest loss 0.07922106981277466
Finished epoch 3000, latest loss 0.17396864295005798
Finished epoch 4000, latest loss 0.04732031747698784
Finished epoch 5000, latest loss 0.055458251386880875
Finished epoch 6000, latest loss 0.06463706493377686
Finished epoch 7000, latest loss 0.03975655883550644
Finished epoch 8000, latest loss 0.03441303223371506
Finished epoch 9000, latest loss 0.03859816864132881
Finished epoch 10000, latest loss 0.13494670391082764
Finished epoch 11000, latest loss 0.12152867019176483
Finished epoch 12000, latest loss 0.006486431695520878
Finished epoch 13000, latest loss 0.04715273529291153
Finished epoch 14000, latest loss 0.0036792068276554346
Finished epoch 15000, latest loss 0.012683887034654617
Finished epoch 16000, latest loss 0.019480828195810318
Finished epoch 17000, latest loss 0.08031953871250153
Finished epoch 18000, latest loss 0.03837573900818825
Finished epoch 19000, latest loss 0.032841186970472336
Finished epoch 20000, latest loss 0.016283493489027023
Finished epoch 1, latest loss 0.7662081718444824
Finished epoch 1000, latest loss 0.10657978057861328
Finished epoch 2000, latest loss 0.12977224588394165
Finished epoch 3000, latest loss 0.0867534950375557
Finished epoch 4000, latest loss 0.09784485399723053
Finished epoch 5000, latest loss 0.08783475309610367
Finished epoch 6000, latest loss 0.05920569598674774
Finished epoch 7000, latest loss 0.05383990332484245
Finished epoch 8000, latest loss 0.053108952939510345
Finished epoch 9000, latest loss 0.06203565374016762
Finished epoch 10000, latest loss 0.034299466758966446
Finished epoch 11000, latest loss 0.033284515142440796
Finished epoch 12000, latest loss 0.044356927275657654
Finished epoch 13000, latest loss 0.0345422700047493
Finished epoch 14000, latest loss 0.0337706133723259
Finished epoch 15000, latest loss 0.005166218150407076
Finished epoch 16000, latest loss 0.02454044297337532
Finished epoch 17000, latest loss 0.012038861401379108
Finished epoch 18000, latest loss 0.017425628378987312
Finished epoch 19000, latest loss 0.021903030574321747
Finished epoch 20000, latest loss 0.05165368318557739
Finished epoch 1, latest loss 1.0135923624038696
Finished epoch 1000, latest loss 0.10435284674167633
Finished epoch 2000, latest loss 0.12318529188632965
Finished epoch 3000, latest loss 0.13264301419258118
Finished epoch 4000, latest loss 0.07803091406822205
Finished epoch 5000, latest loss 0.07460098713636398
Finished epoch 6000, latest loss 0.055170245468616486
Finished epoch 7000, latest loss 0.12069082260131836
Finished epoch 8000, latest loss 0.03490138426423073
Finished epoch 9000, latest loss 0.02011999301612377
Finished epoch 10000, latest loss 0.03716999292373657
Finished epoch 11000, latest loss 0.07181834429502487
Finished epoch 12000, latest loss 0.017380183562636375
Finished epoch 13000, latest loss 0.058818332850933075
Finished epoch 14000, latest loss 0.044204264879226685
Finished epoch 15000, latest loss 0.08908651769161224
Finished epoch 16000, latest loss 0.06335864216089249
Finished epoch 17000, latest loss 0.024999098852276802
Finished epoch 18000, latest loss 0.023751109838485718
Finished epoch 19000, latest loss 0.012775843963027
Finished epoch 20000, latest loss 0.03758997842669487
Finished epoch 1, latest loss 0.8063176274299622
Finished epoch 1000, latest loss 0.0795324519276619
Finished epoch 2000, latest loss 0.07164085656404495
Finished epoch 3000, latest loss 0.12340060621500015
Finished epoch 4000, latest loss 0.11691614985466003
Finished epoch 5000, latest loss 0.0781535729765892
Finished epoch 6000, latest loss 0.042099736630916595
Finished epoch 7000, latest loss 0.0367896668612957
Finished epoch 8000, latest loss 0.055000364780426025
Finished epoch 9000, latest loss 0.04304223507642746
Finished epoch 10000, latest loss 0.06388683617115021
Finished epoch 11000, latest loss 0.04737893119454384
Finished epoch 12000, latest loss 0.04972367733716965
Finished epoch 13000, latest loss 0.05113762989640236
Finished epoch 14000, latest loss 0.0070106275379657745
Finished epoch 15000, latest loss 0.04286324605345726
Finished epoch 16000, latest loss 0.02678105980157852
Finished epoch 17000, latest loss 0.012202387675642967
Finished epoch 18000, latest loss 0.005754346959292889
Finished epoch 19000, latest loss 0.013405739329755306
Finished epoch 20000, latest loss 0.0057749454863369465
Finished epoch 1, latest loss 0.7318980693817139
Finished epoch 1000, latest loss 0.10911206156015396
Finished epoch 2000, latest loss 0.11066856980323792
Finished epoch 3000, latest loss 0.08536042273044586
Finished epoch 4000, latest loss 0.06879643350839615
Finished epoch 5000, latest loss 0.0965031087398529
Finished epoch 6000, latest loss 0.048026423901319504
Finished epoch 7000, latest loss 0.06106291338801384
Finished epoch 8000, latest loss 0.06301949173212051
Finished epoch 9000, latest loss 0.08923691511154175
Finished epoch 10000, latest loss 0.0633646547794342
Finished epoch 11000, latest loss 0.07794662564992905
Finished epoch 12000, latest loss 0.022072240710258484
Finished epoch 13000, latest loss 0.1032877117395401
Finished epoch 14000, latest loss 0.04571075737476349
Finished epoch 15000, latest loss 0.04183363541960716
Finished epoch 16000, latest loss 0.07526947557926178
Finished epoch 17000, latest loss 0.04613904282450676
Finished epoch 18000, latest loss 0.014320233836770058
Finished epoch 19000, latest loss 0.044119693338871
Finished epoch 20000, latest loss 0.020794745534658432
Training set size: 4000
Training error 1: 0.031234 ± 0.001498
\Training error 2: 0.045284 ± 0.001525
Test error: 0.047631 ± 0.001555

Finished epoch 1, latest loss 0.7811670899391174
Finished epoch 1000, latest loss 0.09372574090957642
Finished epoch 2000, latest loss 0.18018807470798492
Finished epoch 3000, latest loss 0.0717618316411972
Finished epoch 4000, latest loss 0.05356140807271004
Finished epoch 5000, latest loss 0.07960908114910126
Finished epoch 6000, latest loss 0.06906948983669281
Finished epoch 7000, latest loss 0.09230777621269226
Finished epoch 8000, latest loss 0.03667015954852104
Finished epoch 9000, latest loss 0.07561830431222916
Finished epoch 10000, latest loss 0.18692922592163086
Finished epoch 11000, latest loss 0.037414636462926865
Finished epoch 12000, latest loss 0.02885250560939312
Finished epoch 13000, latest loss 0.02491672709584236
Finished epoch 14000, latest loss 0.029446110129356384
Finished epoch 15000, latest loss 0.03228344768285751
Finished epoch 16000, latest loss 0.06662857532501221
Finished epoch 17000, latest loss 0.02136228047311306
Finished epoch 18000, latest loss 0.058489181101322174
Finished epoch 19000, latest loss 0.01607995107769966
Finished epoch 20000, latest loss 0.05650812387466431
Finished epoch 1, latest loss 0.6421838998794556
Finished epoch 1000, latest loss 0.09119748324155807
Finished epoch 2000, latest loss 0.08311964571475983
Finished epoch 3000, latest loss 0.07090187072753906
Finished epoch 4000, latest loss 0.06635107845067978
Finished epoch 5000, latest loss 0.12695829570293427
Finished epoch 6000, latest loss 0.0881393700838089
Finished epoch 7000, latest loss 0.039125729352235794
Finished epoch 8000, latest loss 0.07610409706830978
Finished epoch 9000, latest loss 0.04241874814033508
Finished epoch 10000, latest loss 0.08731099963188171
Finished epoch 11000, latest loss 0.043637946248054504
Finished epoch 12000, latest loss 0.0502922348678112
Finished epoch 13000, latest loss 0.08825404196977615
Finished epoch 14000, latest loss 0.10175032913684845
Finished epoch 15000, latest loss 0.06433497369289398
Finished epoch 16000, latest loss 0.06797973811626434
Finished epoch 17000, latest loss 0.058379773050546646
Finished epoch 18000, latest loss 0.03286640718579292
Finished epoch 19000, latest loss 0.03493307903409004
Finished epoch 20000, latest loss 0.06619098037481308
Finished epoch 1, latest loss 0.7043434381484985
Finished epoch 1000, latest loss 0.10420828312635422
Finished epoch 2000, latest loss 0.14501745998859406
Finished epoch 3000, latest loss 0.08356869965791702
Finished epoch 4000, latest loss 0.10905171185731888
Finished epoch 5000, latest loss 0.05767010897397995
Finished epoch 6000, latest loss 0.16134843230247498
Finished epoch 7000, latest loss 0.09429239481687546
Finished epoch 8000, latest loss 0.09592697769403458
Finished epoch 9000, latest loss 0.11903946846723557
Finished epoch 10000, latest loss 0.11251457780599594
Finished epoch 11000, latest loss 0.10767477005720139
Finished epoch 12000, latest loss 0.12032115459442139
Finished epoch 13000, latest loss 0.0686875432729721
Finished epoch 14000, latest loss 0.048764050006866455
Finished epoch 15000, latest loss 0.05379563570022583
Finished epoch 16000, latest loss 0.10178808122873306
Finished epoch 17000, latest loss 0.06602869927883148
Finished epoch 18000, latest loss 0.07427610456943512
Finished epoch 19000, latest loss 0.04332812502980232
Finished epoch 20000, latest loss 0.028132110834121704
Finished epoch 1, latest loss 0.7087789177894592
Finished epoch 1000, latest loss 0.08287313580513
Finished epoch 2000, latest loss 0.09804872423410416
Finished epoch 3000, latest loss 0.052127085626125336
Finished epoch 4000, latest loss 0.10412295162677765
Finished epoch 5000, latest loss 0.059440966695547104
Finished epoch 6000, latest loss 0.04854177311062813
Finished epoch 7000, latest loss 0.07336707413196564
Finished epoch 8000, latest loss 0.03858271613717079
Finished epoch 9000, latest loss 0.10396174341440201
Finished epoch 10000, latest loss 0.051484279334545135
Finished epoch 11000, latest loss 0.03205126151442528
Finished epoch 12000, latest loss 0.014891942963004112
Finished epoch 13000, latest loss 0.09169873595237732
Finished epoch 14000, latest loss 0.04961274564266205
Finished epoch 15000, latest loss 0.003202203195542097
Finished epoch 16000, latest loss 0.08482705801725388
Finished epoch 17000, latest loss 0.06623425334692001
Finished epoch 18000, latest loss 0.04966619610786438
Finished epoch 19000, latest loss 0.02332691289484501
Finished epoch 20000, latest loss 0.045621972531080246
Finished epoch 1, latest loss 0.580916166305542
Finished epoch 1000, latest loss 0.09162712097167969
Finished epoch 2000, latest loss 0.085825614631176
Finished epoch 3000, latest loss 0.0828961655497551
Finished epoch 4000, latest loss 0.12077400088310242
Finished epoch 5000, latest loss 0.058512650430202484
Finished epoch 6000, latest loss 0.026219161227345467
Finished epoch 7000, latest loss 0.10734271258115768
Finished epoch 8000, latest loss 0.0489928163588047
Finished epoch 9000, latest loss 0.035069409757852554
Finished epoch 10000, latest loss 0.03463408350944519
Finished epoch 11000, latest loss 0.05716898292303085
Finished epoch 12000, latest loss 0.043913524597883224
Finished epoch 13000, latest loss 0.05662630870938301
Finished epoch 14000, latest loss 0.09091682732105255
Finished epoch 15000, latest loss 0.04693850502371788
Finished epoch 16000, latest loss 0.12270274758338928
Finished epoch 17000, latest loss 0.026292119175195694
Finished epoch 18000, latest loss 0.09765558689832687
Finished epoch 19000, latest loss 0.09643929451704025
Finished epoch 20000, latest loss 0.029115797951817513
Finished epoch 1, latest loss 0.50172358751297
Finished epoch 1000, latest loss 0.13426907360553741
Finished epoch 2000, latest loss 0.08893590420484543
Finished epoch 3000, latest loss 0.09983092546463013
Finished epoch 4000, latest loss 0.03306501731276512
Finished epoch 5000, latest loss 0.03224552422761917
Finished epoch 6000, latest loss 0.052335090935230255
Finished epoch 7000, latest loss 0.11354474723339081
Finished epoch 8000, latest loss 0.04490966349840164
Finished epoch 9000, latest loss 0.03480252996087074
Finished epoch 10000, latest loss 0.07909481972455978
Finished epoch 11000, latest loss 0.02908910997211933
Finished epoch 12000, latest loss 0.10354173183441162
Finished epoch 13000, latest loss 0.07714056223630905
Finished epoch 14000, latest loss 0.04312936216592789
Finished epoch 15000, latest loss 0.04520184546709061
Finished epoch 16000, latest loss 0.09322679042816162
Finished epoch 17000, latest loss 0.04573310166597366
Finished epoch 18000, latest loss 0.02741977572441101
Finished epoch 19000, latest loss 0.0372672937810421
Finished epoch 20000, latest loss 0.08020835369825363
Finished epoch 1, latest loss 0.5665547847747803
Finished epoch 1000, latest loss 0.033218905329704285
Finished epoch 2000, latest loss 0.04375278204679489
Finished epoch 3000, latest loss 0.1256641149520874
Finished epoch 4000, latest loss 0.05122784525156021
Finished epoch 5000, latest loss 0.07625548541545868
Finished epoch 6000, latest loss 0.0940883532166481
Finished epoch 7000, latest loss 0.08676161617040634
Finished epoch 8000, latest loss 0.10702808946371078
Finished epoch 9000, latest loss 0.08059494197368622
Finished epoch 10000, latest loss 0.0630897507071495
Finished epoch 11000, latest loss 0.03750726580619812
Finished epoch 12000, latest loss 0.07955721020698547
Finished epoch 13000, latest loss 0.038734231144189835
Finished epoch 14000, latest loss 0.05644528940320015
Finished epoch 15000, latest loss 0.07354065030813217
Finished epoch 16000, latest loss 0.11759215593338013
Finished epoch 17000, latest loss 0.04765345901250839
Finished epoch 18000, latest loss 0.07986850291490555
Finished epoch 19000, latest loss 0.06797494739294052
Finished epoch 20000, latest loss 0.05465434864163399
Finished epoch 1, latest loss 0.9077666401863098
Finished epoch 1000, latest loss 0.11741951107978821
Finished epoch 2000, latest loss 0.1154429018497467
Finished epoch 3000, latest loss 0.06821703165769577
Finished epoch 4000, latest loss 0.12502421438694
Finished epoch 5000, latest loss 0.08776997774839401
Finished epoch 6000, latest loss 0.04727260395884514
Finished epoch 7000, latest loss 0.112583689391613
Finished epoch 8000, latest loss 0.11677473783493042
Finished epoch 9000, latest loss 0.017792273312807083
Finished epoch 10000, latest loss 0.0885094702243805
Finished epoch 11000, latest loss 0.023470893502235413
Finished epoch 12000, latest loss 0.05369060859084129
Finished epoch 13000, latest loss 0.07082181423902512
Finished epoch 14000, latest loss 0.03892383351922035
Finished epoch 15000, latest loss 0.0932687520980835
Finished epoch 16000, latest loss 0.14341458678245544
Finished epoch 17000, latest loss 0.10076675564050674
Finished epoch 18000, latest loss 0.038982637226581573
Finished epoch 19000, latest loss 0.06465107202529907
Finished epoch 20000, latest loss 0.06853809207677841
Training set size: 8000
Training error 1: 0.059704 ± 0.002232
\Training error 2: 0.033382 ± 0.002895
Test error: 0.035069 ± 0.003020

Finished epoch 1, latest loss 0.6484400629997253
Finished epoch 1000, latest loss 0.044178977608680725
Finished epoch 2000, latest loss 0.07119014114141464
Finished epoch 3000, latest loss 0.0990387350320816
Finished epoch 4000, latest loss 0.09877800941467285
Finished epoch 5000, latest loss 0.07541141659021378
Finished epoch 6000, latest loss 0.07959474623203278
Finished epoch 7000, latest loss 0.07609136402606964
Finished epoch 8000, latest loss 0.11211985349655151
Finished epoch 9000, latest loss 0.05099572241306305
Finished epoch 10000, latest loss 0.0631890669465065
Finished epoch 11000, latest loss 0.06068320944905281
Finished epoch 12000, latest loss 0.023999299854040146
Finished epoch 13000, latest loss 0.08316324651241302
Finished epoch 14000, latest loss 0.09179501235485077
Finished epoch 15000, latest loss 0.0636259987950325
Finished epoch 16000, latest loss 0.10117834806442261
Finished epoch 17000, latest loss 0.0922546535730362
Finished epoch 18000, latest loss 0.05288943648338318
Finished epoch 19000, latest loss 0.05009261891245842
Finished epoch 20000, latest loss 0.07158753275871277
Finished epoch 1, latest loss 0.4506370425224304
Finished epoch 1000, latest loss 0.07373668253421783
Finished epoch 2000, latest loss 0.13707731664180756
Finished epoch 3000, latest loss 0.06407175213098526
Finished epoch 4000, latest loss 0.059160538017749786
Finished epoch 5000, latest loss 0.05740714445710182
Finished epoch 6000, latest loss 0.028963392600417137
Finished epoch 7000, latest loss 0.078858382999897
Finished epoch 8000, latest loss 0.12815943360328674
Finished epoch 9000, latest loss 0.061477188020944595
Finished epoch 10000, latest loss 0.07549643516540527
Finished epoch 11000, latest loss 0.06699370592832565
Finished epoch 12000, latest loss 0.09096591174602509
Finished epoch 13000, latest loss 0.04718936234712601
Finished epoch 14000, latest loss 0.041709743440151215
Finished epoch 15000, latest loss 0.041542891412973404
Finished epoch 16000, latest loss 0.0638800710439682
Finished epoch 17000, latest loss 0.06964202970266342
Finished epoch 18000, latest loss 0.04926665127277374
Finished epoch 19000, latest loss 0.06808654218912125
Finished epoch 20000, latest loss 0.11614431440830231
Finished epoch 1, latest loss 0.8687835931777954
Finished epoch 1000, latest loss 0.042042315006256104
Finished epoch 2000, latest loss 0.06777982413768768
Finished epoch 3000, latest loss 0.168342724442482
Finished epoch 4000, latest loss 0.06777948141098022
Finished epoch 5000, latest loss 0.10557452589273453
Finished epoch 6000, latest loss 0.01831045001745224
Finished epoch 7000, latest loss 0.04134325683116913
Finished epoch 8000, latest loss 0.0617995522916317
Finished epoch 9000, latest loss 0.04534342885017395
Finished epoch 10000, latest loss 0.07567932456731796
Finished epoch 11000, latest loss 0.07504936307668686
Finished epoch 12000, latest loss 0.06313052773475647
Finished epoch 13000, latest loss 0.08536127209663391
Finished epoch 14000, latest loss 0.06898624449968338
Finished epoch 15000, latest loss 0.10094860196113586
Finished epoch 16000, latest loss 0.046257976442575455
Finished epoch 17000, latest loss 0.04424101486802101
Finished epoch 18000, latest loss 0.0400552898645401
Finished epoch 19000, latest loss 0.016934281215071678
Finished epoch 20000, latest loss 0.07688015699386597
Finished epoch 1, latest loss 0.3232167363166809
Finished epoch 1000, latest loss 0.08752334117889404
Finished epoch 2000, latest loss 0.07605589926242828
Finished epoch 3000, latest loss 0.09609995782375336
Finished epoch 4000, latest loss 0.0553322434425354
Finished epoch 5000, latest loss 0.1247955858707428
Finished epoch 6000, latest loss 0.02514290064573288
Finished epoch 7000, latest loss 0.13315549492835999
Finished epoch 8000, latest loss 0.03449644893407822
Finished epoch 9000, latest loss 0.0618535652756691
Finished epoch 10000, latest loss 0.06780824065208435
Finished epoch 11000, latest loss 0.049781106412410736
Finished epoch 12000, latest loss 0.0276014506816864
Finished epoch 13000, latest loss 0.07648053020238876
Finished epoch 14000, latest loss 0.061677634716033936
Finished epoch 15000, latest loss 0.08188256621360779
Finished epoch 16000, latest loss 0.0852571427822113
Finished epoch 17000, latest loss 0.060510143637657166
Finished epoch 18000, latest loss 0.05624273419380188
Finished epoch 19000, latest loss 0.061030417680740356
Finished epoch 20000, latest loss 0.09854055196046829
Finished epoch 1, latest loss 0.4425264000892639
Finished epoch 1000, latest loss 0.16026100516319275
Finished epoch 2000, latest loss 0.11597605049610138
Finished epoch 3000, latest loss 0.06803824007511139
Finished epoch 4000, latest loss 0.04455413669347763
Finished epoch 5000, latest loss 0.09725847840309143
Finished epoch 6000, latest loss 0.060932233929634094
Finished epoch 7000, latest loss 0.08822663873434067
Finished epoch 8000, latest loss 0.040121108293533325
Finished epoch 9000, latest loss 0.07532499730587006
Finished epoch 10000, latest loss 0.08746082335710526
Finished epoch 11000, latest loss 0.028394892811775208
Finished epoch 12000, latest loss 0.07729773968458176
Finished epoch 13000, latest loss 0.02744523622095585
Finished epoch 14000, latest loss 0.06605444848537445
Finished epoch 15000, latest loss 0.04881420359015465
Finished epoch 16000, latest loss 0.06759852170944214
Finished epoch 17000, latest loss 0.09494880586862564
Finished epoch 18000, latest loss 0.10981789976358414
Finished epoch 19000, latest loss 0.01964559778571129
Finished epoch 20000, latest loss 0.05910687521100044
Finished epoch 1, latest loss 0.7471672296524048
Finished epoch 1000, latest loss 0.0662631094455719
Finished epoch 2000, latest loss 0.10911460965871811
Finished epoch 3000, latest loss 0.06697391718626022
Finished epoch 4000, latest loss 0.08495771139860153
Finished epoch 5000, latest loss 0.07219517976045609
Finished epoch 6000, latest loss 0.11772467941045761
Finished epoch 7000, latest loss 0.038866568356752396
Finished epoch 8000, latest loss 0.13394661247730255
Finished epoch 9000, latest loss 0.13975268602371216
Finished epoch 10000, latest loss 0.0801522508263588
Finished epoch 11000, latest loss 0.0787188857793808
Finished epoch 12000, latest loss 0.040450695902109146
Finished epoch 13000, latest loss 0.034989260137081146
Finished epoch 14000, latest loss 0.011503771878778934
Finished epoch 15000, latest loss 0.04818609356880188
Finished epoch 16000, latest loss 0.04483359307050705
Finished epoch 17000, latest loss 0.06204132363200188
Finished epoch 18000, latest loss 0.052592933177948
Finished epoch 19000, latest loss 0.07329568266868591
Finished epoch 20000, latest loss 0.019593125209212303
Finished epoch 1, latest loss 0.7897735238075256
Finished epoch 1000, latest loss 0.11040390282869339
Finished epoch 2000, latest loss 0.07178945094347
Finished epoch 3000, latest loss 0.0905313640832901
Finished epoch 4000, latest loss 0.14206203818321228
Finished epoch 5000, latest loss 0.10828673094511032
Finished epoch 6000, latest loss 0.10392393916845322
Finished epoch 7000, latest loss 0.10306480526924133
Finished epoch 8000, latest loss 0.05331358686089516
Finished epoch 9000, latest loss 0.057837650179862976
Finished epoch 10000, latest loss 0.060078345239162445
Finished epoch 11000, latest loss 0.1182258352637291
Finished epoch 12000, latest loss 0.06341442465782166
Finished epoch 13000, latest loss 0.06949376314878464
Finished epoch 14000, latest loss 0.05593250319361687
Finished epoch 15000, latest loss 0.08428013324737549
Finished epoch 16000, latest loss 0.07285939157009125
Finished epoch 17000, latest loss 0.058930110186338425
Finished epoch 18000, latest loss 0.029550358653068542
Finished epoch 19000, latest loss 0.08239108324050903
Finished epoch 20000, latest loss 0.08534906804561615
Finished epoch 1, latest loss 0.46431538462638855
Finished epoch 1000, latest loss 0.040430981665849686
Finished epoch 2000, latest loss 0.031735025346279144
Finished epoch 3000, latest loss 0.08279435336589813
Finished epoch 4000, latest loss 0.07629275321960449
Finished epoch 5000, latest loss 0.09994500875473022
Finished epoch 6000, latest loss 0.04474211111664772
Finished epoch 7000, latest loss 0.037654533982276917
Finished epoch 8000, latest loss 0.07452189177274704
Finished epoch 9000, latest loss 0.0738486498594284
Finished epoch 10000, latest loss 0.06252440065145493
Finished epoch 11000, latest loss 0.08110225945711136
Finished epoch 12000, latest loss 0.05513808876276016
Finished epoch 13000, latest loss 0.055361200124025345
Finished epoch 14000, latest loss 0.14266295731067657
Finished epoch 15000, latest loss 0.06156120076775551
Finished epoch 16000, latest loss 0.06545404344797134
Finished epoch 17000, latest loss 0.027795998379588127
Finished epoch 18000, latest loss 0.06734415888786316
Finished epoch 19000, latest loss 0.04112662747502327
Finished epoch 20000, latest loss 0.04848881810903549
Training set size: 16000
Training error 1: 0.071561 ± 0.002504
\Training error 2: 0.030157 ± 0.002399
Test error: 0.031372 ± 0.002539

Finished epoch 1, latest loss 0.40261954069137573
Finished epoch 1000, latest loss 0.12122742831707001
Finished epoch 2000, latest loss 0.0900043323636055
Finished epoch 3000, latest loss 0.11866901814937592
Finished epoch 4000, latest loss 0.1708294004201889
Finished epoch 5000, latest loss 0.10386810451745987
Finished epoch 6000, latest loss 0.05472696200013161
Finished epoch 7000, latest loss 0.0722266286611557
Finished epoch 8000, latest loss 0.09338841587305069
Finished epoch 9000, latest loss 0.09350616484880447
Finished epoch 10000, latest loss 0.09845651686191559
Finished epoch 11000, latest loss 0.06038786098361015
Finished epoch 12000, latest loss 0.09966088831424713
Finished epoch 13000, latest loss 0.08257565647363663
Finished epoch 14000, latest loss 0.05752936750650406
Finished epoch 15000, latest loss 0.04075819253921509
Finished epoch 16000, latest loss 0.046197183430194855
Finished epoch 17000, latest loss 0.04302727431058884
Finished epoch 18000, latest loss 0.0622720941901207
Finished epoch 19000, latest loss 0.03764341026544571
Finished epoch 20000, latest loss 0.07358600199222565
Finished epoch 1, latest loss 0.6200435757637024
Finished epoch 1000, latest loss 0.11903175711631775
Finished epoch 2000, latest loss 0.07821976393461227
Finished epoch 3000, latest loss 0.03814603388309479
Finished epoch 4000, latest loss 0.052828170359134674
Finished epoch 5000, latest loss 0.08472801744937897
Finished epoch 6000, latest loss 0.035785529762506485
Finished epoch 7000, latest loss 0.14187262952327728
Finished epoch 8000, latest loss 0.0815722793340683
Finished epoch 9000, latest loss 0.05909092351794243
Finished epoch 10000, latest loss 0.09494263678789139
Finished epoch 11000, latest loss 0.14239443838596344
Finished epoch 12000, latest loss 0.056417278945446014
Finished epoch 13000, latest loss 0.08653105795383453
Finished epoch 14000, latest loss 0.1618812084197998
Finished epoch 15000, latest loss 0.06921758502721786
Finished epoch 16000, latest loss 0.05758177861571312
Finished epoch 17000, latest loss 0.08066309988498688
Finished epoch 18000, latest loss 0.06580403447151184
Finished epoch 19000, latest loss 0.059512920677661896
Finished epoch 20000, latest loss 0.0540708526968956
Finished epoch 1, latest loss 0.8030644059181213
Finished epoch 1000, latest loss 0.10751815885305405
Finished epoch 2000, latest loss 0.14347882568836212
Finished epoch 3000, latest loss 0.08410710841417313
Finished epoch 4000, latest loss 0.06800458580255508
Finished epoch 5000, latest loss 0.07079185545444489
Finished epoch 6000, latest loss 0.1639842391014099
Finished epoch 7000, latest loss 0.08815749734640121
Finished epoch 8000, latest loss 0.09262914210557938
Finished epoch 9000, latest loss 0.0748029351234436
Finished epoch 10000, latest loss 0.08363363146781921
Finished epoch 11000, latest loss 0.1278078407049179
Finished epoch 12000, latest loss 0.07149888575077057
Finished epoch 13000, latest loss 0.16503223776817322
Finished epoch 14000, latest loss 0.09515973925590515
Finished epoch 15000, latest loss 0.03813878819346428
Finished epoch 16000, latest loss 0.06330671906471252
Finished epoch 17000, latest loss 0.07511959224939346
Finished epoch 18000, latest loss 0.09302555024623871
Finished epoch 19000, latest loss 0.04111076518893242
Finished epoch 20000, latest loss 0.04815000668168068
Finished epoch 1, latest loss 0.8560775518417358
Finished epoch 1000, latest loss 0.04347050189971924
Finished epoch 2000, latest loss 0.06399929523468018
Finished epoch 3000, latest loss 0.12036482989788055
Finished epoch 4000, latest loss 0.08989720791578293
Finished epoch 5000, latest loss 0.03795955702662468
Finished epoch 6000, latest loss 0.15416857600212097
Finished epoch 7000, latest loss 0.11900215595960617
Finished epoch 8000, latest loss 0.11690928041934967
Finished epoch 9000, latest loss 0.04043374955654144
Finished epoch 10000, latest loss 0.09073909372091293
Finished epoch 11000, latest loss 0.06502600759267807
Finished epoch 12000, latest loss 0.05030427873134613
Finished epoch 13000, latest loss 0.11656264960765839
Finished epoch 14000, latest loss 0.06704220920801163
Finished epoch 15000, latest loss 0.029481487348675728
Finished epoch 16000, latest loss 0.06326969712972641
Finished epoch 17000, latest loss 0.045855097472667694
Finished epoch 18000, latest loss 0.08263852447271347
Finished epoch 19000, latest loss 0.07047760486602783
Finished epoch 20000, latest loss 0.048740848898887634
Finished epoch 1, latest loss 0.728534460067749
Finished epoch 1000, latest loss 0.06179742515087128
Finished epoch 2000, latest loss 0.07976338267326355
Finished epoch 3000, latest loss 0.11417658627033234
Finished epoch 4000, latest loss 0.08121425658464432
Finished epoch 5000, latest loss 0.048178501427173615
Finished epoch 6000, latest loss 0.13723203539848328
Finished epoch 7000, latest loss 0.0381874218583107
Finished epoch 8000, latest loss 0.06133527681231499
Finished epoch 9000, latest loss 0.09779390692710876
Finished epoch 10000, latest loss 0.04640388488769531
Finished epoch 11000, latest loss 0.0887262374162674
Finished epoch 12000, latest loss 0.10881002992391586
Finished epoch 13000, latest loss 0.12435833364725113
Finished epoch 14000, latest loss 0.038751158863306046
Finished epoch 15000, latest loss 0.0674508810043335
Finished epoch 16000, latest loss 0.07707584649324417
Finished epoch 17000, latest loss 0.07662266492843628
Finished epoch 18000, latest loss 0.04474152624607086
Finished epoch 19000, latest loss 0.06371983140707016
Finished epoch 20000, latest loss 0.08107160031795502
Finished epoch 1, latest loss 0.8038812875747681
Finished epoch 1000, latest loss 0.06197609379887581
Finished epoch 2000, latest loss 0.10631904751062393
Finished epoch 3000, latest loss 0.09304745495319366
Finished epoch 4000, latest loss 0.05494432896375656
Finished epoch 5000, latest loss 0.07387512922286987
Finished epoch 6000, latest loss 0.043947093188762665
Finished epoch 7000, latest loss 0.12703198194503784
Finished epoch 8000, latest loss 0.07543867826461792
Finished epoch 9000, latest loss 0.053477849811315536
Finished epoch 10000, latest loss 0.08076921105384827
Finished epoch 11000, latest loss 0.09385251998901367
Finished epoch 12000, latest loss 0.0934290885925293
Finished epoch 13000, latest loss 0.07497600466012955
Finished epoch 14000, latest loss 0.09469261020421982
Finished epoch 15000, latest loss 0.06728333234786987
Finished epoch 16000, latest loss 0.06485555320978165
Finished epoch 17000, latest loss 0.15293432772159576
Finished epoch 18000, latest loss 0.08196371793746948
Finished epoch 19000, latest loss 0.04259670525789261
Finished epoch 20000, latest loss 0.06773912906646729
Finished epoch 1, latest loss 0.7925551533699036
Finished epoch 1000, latest loss 0.07764475047588348
Finished epoch 2000, latest loss 0.11382916569709778
Finished epoch 3000, latest loss 0.10483450442552567
Finished epoch 4000, latest loss 0.0585365816950798
Finished epoch 5000, latest loss 0.04333909600973129
Finished epoch 6000, latest loss 0.06615340709686279
Finished epoch 7000, latest loss 0.13957753777503967
Finished epoch 8000, latest loss 0.03269696980714798
Finished epoch 9000, latest loss 0.06021996960043907
Finished epoch 10000, latest loss 0.06576400995254517
Finished epoch 11000, latest loss 0.09236126393079758
Finished epoch 12000, latest loss 0.03489934653043747
Finished epoch 13000, latest loss 0.10576401650905609
Finished epoch 14000, latest loss 0.0444832481443882
Finished epoch 15000, latest loss 0.03660169243812561
Finished epoch 16000, latest loss 0.0981832817196846
Finished epoch 17000, latest loss 0.06742445379495621
Finished epoch 18000, latest loss 0.0887213945388794
Finished epoch 19000, latest loss 0.03558526188135147
Finished epoch 20000, latest loss 0.07765454053878784
Finished epoch 1, latest loss 0.49586063623428345
Finished epoch 1000, latest loss 0.16218380630016327
Finished epoch 2000, latest loss 0.09797313064336777
Finished epoch 3000, latest loss 0.1512320339679718
Finished epoch 4000, latest loss 0.11769309639930725
Finished epoch 5000, latest loss 0.06984914094209671
Finished epoch 6000, latest loss 0.17842288315296173
Finished epoch 7000, latest loss 0.05235213786363602
Finished epoch 8000, latest loss 0.12302523106336594
Finished epoch 9000, latest loss 0.047779154032468796
Finished epoch 10000, latest loss 0.10841799527406693
Finished epoch 11000, latest loss 0.05128508061170578
Finished epoch 12000, latest loss 0.06736982613801956
Finished epoch 13000, latest loss 0.059379979968070984
Finished epoch 14000, latest loss 0.06443990767002106
Finished epoch 15000, latest loss 0.09987526386976242
Finished epoch 16000, latest loss 0.0758771076798439
Finished epoch 17000, latest loss 0.06659495085477829
Finished epoch 18000, latest loss 0.10141970962285995
Finished epoch 19000, latest loss 0.07885564118623734
Finished epoch 20000, latest loss 0.07400932908058167
Training set size: 32000
Training error 1: 0.070923 ± 0.003741
\Training error 2: 0.026708 ± 0.003784
Test error: 0.028073 ± 0.004016

Finished epoch 1, latest loss 0.5774162411689758
Finished epoch 1000, latest loss 0.07509510219097137
Finished epoch 2000, latest loss 0.06370747834444046
Finished epoch 3000, latest loss 0.09134073555469513
Finished epoch 4000, latest loss 0.10870260000228882
Finished epoch 5000, latest loss 0.049367986619472504
Finished epoch 6000, latest loss 0.11811921000480652
Finished epoch 7000, latest loss 0.039735328406095505
Finished epoch 8000, latest loss 0.07785986363887787
Finished epoch 9000, latest loss 0.10026650875806808
Finished epoch 10000, latest loss 0.10530109703540802
Finished epoch 11000, latest loss 0.06113174557685852
Finished epoch 12000, latest loss 0.06914737075567245
Finished epoch 13000, latest loss 0.11865603178739548
Finished epoch 14000, latest loss 0.07362697273492813
Finished epoch 15000, latest loss 0.11203404515981674
Finished epoch 16000, latest loss 0.07566174119710922
Finished epoch 17000, latest loss 0.04215807095170021
Finished epoch 18000, latest loss 0.06702960282564163
Finished epoch 19000, latest loss 0.08300084620714188
Finished epoch 20000, latest loss 0.10482963919639587
Finished epoch 1, latest loss 0.5887852311134338
Finished epoch 1000, latest loss 0.09222742170095444
Finished epoch 2000, latest loss 0.08059272170066833
Finished epoch 3000, latest loss 0.046155933290719986
Finished epoch 4000, latest loss 0.0365719348192215
Finished epoch 5000, latest loss 0.028763335198163986
Finished epoch 6000, latest loss 0.14803993701934814
Finished epoch 7000, latest loss 0.0552031509578228
Finished epoch 8000, latest loss 0.0705006867647171
Finished epoch 9000, latest loss 0.03628159686923027
Finished epoch 10000, latest loss 0.09148065745830536
Finished epoch 11000, latest loss 0.06549279391765594
Finished epoch 12000, latest loss 0.017455173656344414
Finished epoch 13000, latest loss 0.13070644438266754
Finished epoch 14000, latest loss 0.09580820053815842
Finished epoch 15000, latest loss 0.05835486575961113
Finished epoch 16000, latest loss 0.04062063246965408
Finished epoch 17000, latest loss 0.042789023369550705
Finished epoch 18000, latest loss 0.04972632974386215
Finished epoch 19000, latest loss 0.13405349850654602
Finished epoch 20000, latest loss 0.06213458999991417
Finished epoch 1, latest loss 0.6112171411514282
Finished epoch 1000, latest loss 0.10137654840946198
Finished epoch 2000, latest loss 0.05993376299738884
Finished epoch 3000, latest loss 0.0877830982208252
Finished epoch 4000, latest loss 0.09814957529306412
Finished epoch 5000, latest loss 0.09201378375291824
Finished epoch 6000, latest loss 0.10856548696756363
Finished epoch 7000, latest loss 0.13735003769397736
Finished epoch 8000, latest loss 0.11389172077178955
Finished epoch 9000, latest loss 0.11284199357032776
Finished epoch 10000, latest loss 0.13217028975486755
Finished epoch 11000, latest loss 0.05932595580816269
Finished epoch 12000, latest loss 0.05347343161702156
Finished epoch 13000, latest loss 0.03384949639439583
Finished epoch 14000, latest loss 0.051292769610881805
Finished epoch 15000, latest loss 0.10432824492454529
Finished epoch 16000, latest loss 0.07276440411806107
Finished epoch 17000, latest loss 0.09206795692443848
Finished epoch 18000, latest loss 0.07150954753160477
Finished epoch 19000, latest loss 0.08364897966384888
Finished epoch 20000, latest loss 0.1081172525882721
Finished epoch 1, latest loss 0.5533079504966736
Finished epoch 1000, latest loss 0.08385965973138809
Finished epoch 2000, latest loss 0.09592042863368988
Finished epoch 3000, latest loss 0.10825557261705399
Finished epoch 4000, latest loss 0.018089454621076584
Finished epoch 5000, latest loss 0.10882620513439178
Finished epoch 6000, latest loss 0.08430377393960953
Finished epoch 7000, latest loss 0.030436746776103973
Finished epoch 8000, latest loss 0.12225062400102615
Finished epoch 9000, latest loss 0.07486914098262787
Finished epoch 10000, latest loss 0.059691134840250015
Finished epoch 11000, latest loss 0.11563868820667267
Finished epoch 12000, latest loss 0.07762419432401657
Finished epoch 13000, latest loss 0.14529931545257568
Finished epoch 14000, latest loss 0.08907131850719452
Finished epoch 15000, latest loss 0.09426628053188324
Finished epoch 16000, latest loss 0.021819455549120903
Finished epoch 17000, latest loss 0.07737398892641068
Finished epoch 18000, latest loss 0.045844607055187225
Finished epoch 19000, latest loss 0.09157931804656982
Finished epoch 20000, latest loss 0.05515916272997856
Finished epoch 1, latest loss 0.5558550357818604
Finished epoch 1000, latest loss 0.07078907638788223
Finished epoch 2000, latest loss 0.038420770317316055
Finished epoch 3000, latest loss 0.07814968377351761
Finished epoch 4000, latest loss 0.09430360049009323
Finished epoch 5000, latest loss 0.0678911805152893
Finished epoch 6000, latest loss 0.08866749703884125
Finished epoch 7000, latest loss 0.06201929226517677
Finished epoch 8000, latest loss 0.046398598700761795
Finished epoch 9000, latest loss 0.08004014939069748
Finished epoch 10000, latest loss 0.044459905475378036
Finished epoch 11000, latest loss 0.04792869836091995
Finished epoch 12000, latest loss 0.06673530489206314
Finished epoch 13000, latest loss 0.02863095887005329
Finished epoch 14000, latest loss 0.08769617974758148
Finished epoch 15000, latest loss 0.06786738336086273
Finished epoch 16000, latest loss 0.04345465078949928
Finished epoch 17000, latest loss 0.0646720603108406
Finished epoch 18000, latest loss 0.07074854522943497
Finished epoch 19000, latest loss 0.09963986277580261
Finished epoch 20000, latest loss 0.11939618736505508
Finished epoch 1, latest loss 0.4016273021697998
Finished epoch 1000, latest loss 0.10614481568336487
Finished epoch 2000, latest loss 0.06993910670280457
Finished epoch 3000, latest loss 0.07798624783754349
Finished epoch 4000, latest loss 0.07566314190626144
Finished epoch 5000, latest loss 0.035826779901981354
Finished epoch 6000, latest loss 0.06727801263332367
Finished epoch 7000, latest loss 0.0909503772854805
Finished epoch 8000, latest loss 0.05043651536107063
Finished epoch 9000, latest loss 0.040291715413331985
Finished epoch 10000, latest loss 0.06480857729911804
Finished epoch 11000, latest loss 0.08085843175649643
Finished epoch 12000, latest loss 0.06804902851581573
Finished epoch 13000, latest loss 0.03833761811256409
Finished epoch 14000, latest loss 0.05853333696722984
Finished epoch 15000, latest loss 0.04553806781768799
Finished epoch 16000, latest loss 0.06053135544061661
Finished epoch 17000, latest loss 0.0698469951748848
Finished epoch 18000, latest loss 0.10230264812707901
Finished epoch 19000, latest loss 0.10267983376979828
Finished epoch 20000, latest loss 0.0628742203116417
Finished epoch 1, latest loss 0.4842038154602051
Finished epoch 1000, latest loss 0.09487517178058624
Finished epoch 2000, latest loss 0.12512856721878052
Finished epoch 3000, latest loss 0.08746512234210968
Finished epoch 4000, latest loss 0.07957614213228226
Finished epoch 5000, latest loss 0.0987827330827713
Finished epoch 6000, latest loss 0.07621221244335175
Finished epoch 7000, latest loss 0.06028752401471138
Finished epoch 8000, latest loss 0.04582575336098671
Finished epoch 9000, latest loss 0.09333565831184387
Finished epoch 10000, latest loss 0.0741652101278305
Finished epoch 11000, latest loss 0.04671686142683029
Finished epoch 12000, latest loss 0.05190746486186981
Finished epoch 13000, latest loss 0.045093391090631485
Finished epoch 14000, latest loss 0.10132857412099838
Finished epoch 15000, latest loss 0.08810780942440033
Finished epoch 16000, latest loss 0.11084485054016113
Finished epoch 17000, latest loss 0.0798981562256813
Finished epoch 18000, latest loss 0.14362098276615143
Finished epoch 19000, latest loss 0.05268888175487518
Finished epoch 20000, latest loss 0.09786974638700485
Finished epoch 1, latest loss 0.6556165218353271
Finished epoch 1000, latest loss 0.10245375335216522
Finished epoch 2000, latest loss 0.06559154391288757
Finished epoch 3000, latest loss 0.07685400545597076
Finished epoch 4000, latest loss 0.10344002395868301
Finished epoch 5000, latest loss 0.07249811291694641
Finished epoch 6000, latest loss 0.055826835334300995
Finished epoch 7000, latest loss 0.06609410047531128
Finished epoch 8000, latest loss 0.1267366260290146
Finished epoch 9000, latest loss 0.09178890287876129
Finished epoch 10000, latest loss 0.010031875222921371
Finished epoch 11000, latest loss 0.06356121599674225
Finished epoch 12000, latest loss 0.07166964560747147
Finished epoch 13000, latest loss 0.08283548057079315
Finished epoch 14000, latest loss 0.060375966131687164
Finished epoch 15000, latest loss 0.040538422763347626
Finished epoch 16000, latest loss 0.07726742327213287
Finished epoch 17000, latest loss 0.04691862314939499
Finished epoch 18000, latest loss 0.05603434890508652
Finished epoch 19000, latest loss 0.05267199128866196
Finished epoch 20000, latest loss 0.0638648271560669


Saving final model


Training set size: 64000
Training error 1: 0.062043 ± 0.001674
\Training error 2: 0.017986 ± 0.001541
Test error: 0.018801 ± 0.001470

