JobId=8580049 JobName=cartpole_dataset.sbatch
   UserId=koner(565562) GroupId=domain users(100513) MCS_label=N/A
   Priority=16706766 Nice=0 Account=ewi-insy-ii-influence QOS=medium
   JobState=RUNNING Reason=None Dependency=(null)
   Requeue=0 Restarts=0 BatchFlag=1 Reboot=0 ExitCode=0:0
   DerivedExitCode=0:0
   RunTime=00:00:00 TimeLimit=01:00:00 TimeMin=N/A
   SubmitTime=2023-07-09T12:33:22 EligibleTime=2023-07-09T12:33:22
   AccrueTime=2023-07-09T12:33:22
   StartTime=2023-07-09T12:33:23 EndTime=2023-07-09T13:33:23 Deadline=N/A
   SuspendTime=None SecsPreSuspend=0 LastSchedEval=2023-07-09T12:33:23 Scheduler=Main
   Partition=general AllocNode:Sid=login1:9963
   ReqNodeList=(null) ExcNodeList=(null)
   NodeList=grs1
   BatchHost=grs1
   NumNodes=1 NumCPUs=10 NumTasks=10 CPUs/Task=1 ReqB:S:C:T=0:0:*:*
   TRES=cpu=10,mem=850M,node=1,billing=5
   Socks/Node=* NtasksPerN:B:S:C=0:0:*:* CoreSpec=*
   JOB_GRES=(null)
     Nodes=grs1 CPU_IDs=8-15,28-29 Mem=850 GRES=
   MinCPUsNode=1 MinMemoryCPU=85M MinTmpDiskNode=0
   Features=(null) DelayBoot=00:00:00
   OverSubscribe=OK Contiguous=0 Licenses=(null) Network=(null)
   Command=/winhome/koner/Desktop/MCTS-Time-Management/jobscripts/cartpole_dataset.sbatch
   WorkDir=/winhome/koner/Desktop/MCTS-Time-Management/jobscripts
   StdErr=/winhome/koner/Desktop/MCTS-Time-Management/jobscripts/slurm-8580049.out
   StdIn=/dev/null
   StdOut=/winhome/koner/Desktop/MCTS-Time-Management/jobscripts/slurm-8580049.out
   Power=
   MailUser=koner MailType=END
   

srun: Job 8580049 step creation temporarily disabled, retrying (Requested nodes are busy)
srun: Job 8580049 step creation temporarily disabled, retrying (Requested nodes are busy)
srun: Job 8580049 step creation temporarily disabled, retrying (Requested nodes are busy)
srun: Job 8580049 step creation temporarily disabled, retrying (Requested nodes are busy)
srun: Job 8580049 step creation temporarily disabled, retrying (Requested nodes are busy)
srun: Job 8580049 step creation still disabled, retrying (Requested nodes are busy)
srun: Job 8580049 step creation still disabled, retrying (Requested nodes are busy)
srun: Job 8580049 step creation still disabled, retrying (Requested nodes are busy)
srun: Job 8580049 step creation still disabled, retrying (Requested nodes are busy)
srun: Job 8580049 step creation still disabled, retrying (Requested nodes are busy)
srun: Job 8580049 step creation still disabled, retrying (Requested nodes are busy)
srun: Job 8580049 step creation still disabled, retrying (Requested nodes are busy)
srun: Job 8580049 step creation still disabled, retrying (Requested nodes are busy)
srun: Job 8580049 step creation still disabled, retrying (Requested nodes are busy)
srun: Job 8580049 step creation still disabled, retrying (Requested nodes are busy)
srun: Job 8580049 step creation still disabled, retrying (Requested nodes are busy)
srun: Job 8580049 step creation still disabled, retrying (Requested nodes are busy)
srun: Job 8580049 step creation still disabled, retrying (Requested nodes are busy)
srun: Job 8580049 step creation still disabled, retrying (Requested nodes are busy)
srun: Job 8580049 step creation still disabled, retrying (Requested nodes are busy)
srun: Job 8580049 step creation still disabled, retrying (Requested nodes are busy)
srun: Job 8580049 step creation still disabled, retrying (Requested nodes are busy)
srun: Job 8580049 step creation still disabled, retrying (Requested nodes are busy)
srun: Job 8580049 step creation still disabled, retrying (Requested nodes are busy)
srun: Job 8580049 step creation still disabled, retrying (Requested nodes are busy)
srun: Job 8580049 step creation still disabled, retrying (Requested nodes are busy)
srun: Job 8580049 step creation still disabled, retrying (Requested nodes are busy)
srun: Job 8580049 step creation still disabled, retrying (Requested nodes are busy)
srun: Job 8580049 step creation still disabled, retrying (Requested nodes are busy)
srun: Job 8580049 step creation still disabled, retrying (Requested nodes are busy)
srun: Job 8580049 step creation still disabled, retrying (Requested nodes are busy)
srun: Job 8580049 step creation still disabled, retrying (Requested nodes are busy)
srun: Job 8580049 step creation still disabled, retrying (Requested nodes are busy)
srun: Job 8580049 step creation still disabled, retrying (Requested nodes are busy)
srun: Job 8580049 step creation still disabled, retrying (Requested nodes are busy)
srun: Job 8580049 step creation still disabled, retrying (Requested nodes are busy)
srun: Job 8580049 step creation still disabled, retrying (Requested nodes are busy)
srun: Job 8580049 step creation still disabled, retrying (Requested nodes are busy)
srun: Job 8580049 step creation still disabled, retrying (Requested nodes are busy)
srun: Job 8580049 step creation still disabled, retrying (Requested nodes are busy)
srun: Job 8580049 step creation still disabled, retrying (Requested nodes are busy)
srun: Job 8580049 step creation still disabled, retrying (Requested nodes are busy)
srun: Job 8580049 step creation still disabled, retrying (Requested nodes are busy)
srun: Job 8580049 step creation still disabled, retrying (Requested nodes are busy)
srun: Job 8580049 step creation still disabled, retrying (Requested nodes are busy)
srun: Job 8580049 step creation still disabled, retrying (Requested nodes are busy)
srun: Job 8580049 step creation still disabled, retrying (Requested nodes are busy)
srun: Job 8580049 step creation still disabled, retrying (Requested nodes are busy)
srun: Job 8580049 step creation still disabled, retrying (Requested nodes are busy)
srun: Job 8580049 step creation still disabled, retrying (Requested nodes are busy)
srun: Job 8580049 step creation still disabled, retrying (Requested nodes are busy)
srun: Job 8580049 step creation still disabled, retrying (Requested nodes are busy)
srun: Job 8580049 step creation still disabled, retrying (Requested nodes are busy)
srun: Job 8580049 step creation still disabled, retrying (Requested nodes are busy)
srun: Job 8580049 step creation still disabled, retrying (Requested nodes are busy)
srun: Job 8580049 step creation still disabled, retrying (Requested nodes are busy)
srun: Job 8580049 step creation still disabled, retrying (Requested nodes are busy)
srun: Job 8580049 step creation still disabled, retrying (Requested nodes are busy)
srun: Job 8580049 step creation still disabled, retrying (Requested nodes are busy)
srun: Job 8580049 step creation still disabled, retrying (Requested nodes are busy)
srun: Job 8580049 step creation still disabled, retrying (Requested nodes are busy)
srun: Job 8580049 step creation still disabled, retrying (Requested nodes are busy)
srun: Job 8580049 step creation still disabled, retrying (Requested nodes are busy)
srun: Job 8580049 step creation still disabled, retrying (Requested nodes are busy)
srun: Job 8580049 step creation still disabled, retrying (Requested nodes are busy)
srun: Job 8580049 step creation still disabled, retrying (Requested nodes are busy)
srun: Job 8580049 step creation still disabled, retrying (Requested nodes are busy)
srun: Job 8580049 step creation still disabled, retrying (Requested nodes are busy)
srun: Job 8580049 step creation still disabled, retrying (Requested nodes are busy)
srun: Job 8580049 step creation still disabled, retrying (Requested nodes are busy)
srun: Job 8580049 step creation still disabled, retrying (Requested nodes are busy)
srun: Job 8580049 step creation still disabled, retrying (Requested nodes are busy)
srun: Job 8580049 step creation still disabled, retrying (Requested nodes are busy)
srun: Job 8580049 step creation still disabled, retrying (Requested nodes are busy)
srun: Job 8580049 step creation still disabled, retrying (Requested nodes are busy)
srun: Job 8580049 step creation still disabled, retrying (Requested nodes are busy)
srun: Job 8580049 step creation still disabled, retrying (Requested nodes are busy)
srun: Job 8580049 step creation still disabled, retrying (Requested nodes are busy)
srun: Job 8580049 step creation still disabled, retrying (Requested nodes are busy)
srun: Job 8580049 step creation still disabled, retrying (Requested nodes are busy)
srun: Job 8580049 step creation still disabled, retrying (Requested nodes are busy)
srun: Job 8580049 step creation still disabled, retrying (Requested nodes are busy)
srun: Job 8580049 step creation still disabled, retrying (Requested nodes are busy)
srun: Job 8580049 step creation still disabled, retrying (Requested nodes are busy)
srun: Job 8580049 step creation still disabled, retrying (Requested nodes are busy)
srun: Job 8580049 step creation still disabled, retrying (Requested nodes are busy)
srun: Job 8580049 step creation still disabled, retrying (Requested nodes are busy)
srun: Job 8580049 step creation still disabled, retrying (Requested nodes are busy)
srun: Job 8580049 step creation still disabled, retrying (Requested nodes are busy)
srun: Job 8580049 step creation still disabled, retrying (Requested nodes are busy)
srun: Job 8580049 step creation still disabled, retrying (Requested nodes are busy)
srun: Job 8580049 step creation still disabled, retrying (Requested nodes are busy)
srun: Job 8580049 step creation still disabled, retrying (Requested nodes are busy)
srun: Job 8580049 step creation still disabled, retrying (Requested nodes are busy)
srun: Job 8580049 step creation still disabled, retrying (Requested nodes are busy)
srun: Job 8580049 step creation still disabled, retrying (Requested nodes are busy)
srun: Job 8580049 step creation still disabled, retrying (Requested nodes are busy)
srun: Job 8580049 step creation still disabled, retrying (Requested nodes are busy)
srun: Job 8580049 step creation still disabled, retrying (Requested nodes are busy)
srun: Job 8580049 step creation still disabled, retrying (Requested nodes are busy)
srun: Job 8580049 step creation still disabled, retrying (Requested nodes are busy)
srun: Job 8580049 step creation still disabled, retrying (Requested nodes are busy)
srun: Job 8580049 step creation still disabled, retrying (Requested nodes are busy)
srun: Job 8580049 step creation still disabled, retrying (Requested nodes are busy)
srun: Job 8580049 step creation still disabled, retrying (Requested nodes are busy)
srun: Job 8580049 step creation still disabled, retrying (Requested nodes are busy)
srun: Job 8580049 step creation still disabled, retrying (Requested nodes are busy)
srun: Job 8580049 step creation still disabled, retrying (Requested nodes are busy)
srun: Job 8580049 step creation still disabled, retrying (Requested nodes are busy)
srun: Job 8580049 step creation still disabled, retrying (Requested nodes are busy)
srun: Job 8580049 step creation still disabled, retrying (Requested nodes are busy)
srun: Job 8580049 step creation still disabled, retrying (Requested nodes are busy)
srun: Job 8580049 step creation still disabled, retrying (Requested nodes are busy)
srun: Job 8580049 step creation still disabled, retrying (Requested nodes are busy)
srun: Job 8580049 step creation still disabled, retrying (Requested nodes are busy)
srun: Job 8580049 step creation still disabled, retrying (Requested nodes are busy)
srun: Job 8580049 step creation still disabled, retrying (Requested nodes are busy)
srun: Job 8580049 step creation still disabled, retrying (Requested nodes are busy)
srun: Job 8580049 step creation still disabled, retrying (Requested nodes are busy)
srun: Job 8580049 step creation still disabled, retrying (Requested nodes are busy)
srun: Job 8580049 step creation still disabled, retrying (Requested nodes are busy)
srun: Job 8580049 step creation still disabled, retrying (Requested nodes are busy)
srun: Job 8580049 step creation still disabled, retrying (Requested nodes are busy)
srun: Job 8580049 step creation still disabled, retrying (Requested nodes are busy)
srun: Job 8580049 step creation still disabled, retrying (Requested nodes are busy)
srun: Job 8580049 step creation still disabled, retrying (Requested nodes are busy)
srun: Job 8580049 step creation still disabled, retrying (Requested nodes are busy)
srun: Job 8580049 step creation still disabled, retrying (Requested nodes are busy)
srun: Job 8580049 step creation still disabled, retrying (Requested nodes are busy)
srun: Job 8580049 step creation still disabled, retrying (Requested nodes are busy)
srun: Job 8580049 step creation still disabled, retrying (Requested nodes are busy)
srun: Job 8580049 step creation still disabled, retrying (Requested nodes are busy)
srun: Job 8580049 step creation still disabled, retrying (Requested nodes are busy)
srun: Job 8580049 step creation still disabled, retrying (Requested nodes are busy)
srun: Job 8580049 step creation still disabled, retrying (Requested nodes are busy)
srun: Job 8580049 step creation still disabled, retrying (Requested nodes are busy)
srun: Job 8580049 step creation still disabled, retrying (Requested nodes are busy)
srun: Job 8580049 step creation still disabled, retrying (Requested nodes are busy)
srun: Job 8580049 step creation still disabled, retrying (Requested nodes are busy)
srun: Job 8580049 step creation still disabled, retrying (Requested nodes are busy)
srun: Job 8580049 step creation still disabled, retrying (Requested nodes are busy)
srun: Job 8580049 step creation still disabled, retrying (Requested nodes are busy)
srun: Job 8580049 step creation still disabled, retrying (Requested nodes are busy)
srun: error: Unable to create step for job 8580049: Job/step already completing or completed
srun: Job step aborted: Waiting up to 32 seconds for job step to finish.
srun: Job step aborted: Waiting up to 32 seconds for job step to finish.
srun: Job step aborted: Waiting up to 32 seconds for job step to finish.
srun: Job step aborted: Waiting up to 32 seconds for job step to finish.
srun: Job step aborted: Waiting up to 32 seconds for job step to finish.
slurmstepd: error: *** STEP 8580049.4 ON grs1 CANCELLED AT 2023-07-09T13:33:32 DUE TO TIME LIMIT ***
slurmstepd: error: *** STEP 8580049.2 ON grs1 CANCELLED AT 2023-07-09T13:33:32 DUE TO TIME LIMIT ***
slurmstepd: error: *** STEP 8580049.3 ON grs1 CANCELLED AT 2023-07-09T13:33:32 DUE TO TIME LIMIT ***
slurmstepd: error: *** STEP 8580049.0 ON grs1 CANCELLED AT 2023-07-09T13:33:32 DUE TO TIME LIMIT ***
slurmstepd: error: *** STEP 8580049.1 ON grs1 CANCELLED AT 2023-07-09T13:33:32 DUE TO TIME LIMIT ***
slurmstepd: error: *** JOB 8580049 ON grs1 CANCELLED AT 2023-07-09T13:33:32 DUE TO TIME LIMIT ***
