JobId=8579912 JobName=frozenlake_dataset.sbatch
   UserId=koner(565562) GroupId=domain users(100513) MCS_label=N/A
   Priority=16932330 Nice=0 Account=ewi-insy-ii-influence QOS=medium
   JobState=RUNNING Reason=None Dependency=(null)
   Requeue=0 Restarts=0 BatchFlag=1 Reboot=0 ExitCode=0:0
   DerivedExitCode=0:0
   RunTime=00:00:01 TimeLimit=06:40:00 TimeMin=N/A
   SubmitTime=2023-07-09T00:31:10 EligibleTime=2023-07-09T00:31:10
   AccrueTime=2023-07-09T00:31:10
   StartTime=2023-07-09T00:31:11 EndTime=2023-07-09T07:11:11 Deadline=N/A
   SuspendTime=None SecsPreSuspend=0 LastSchedEval=2023-07-09T00:31:11 Scheduler=Main
   Partition=general AllocNode:Sid=login1:15645
   ReqNodeList=(null) ExcNodeList=(null)
   NodeList=grs3
   BatchHost=grs3
   NumNodes=1 NumCPUs=10 NumTasks=10 CPUs/Task=1 ReqB:S:C:T=0:0:*:*
   TRES=cpu=10,mem=850M,node=1,billing=5
   Socks/Node=* NtasksPerN:B:S:C=0:0:*:* CoreSpec=*
   JOB_GRES=(null)
     Nodes=grs3 CPU_IDs=8-9,14-15,18-23 Mem=850 GRES=
   MinCPUsNode=1 MinMemoryCPU=85M MinTmpDiskNode=0
   Features=(null) DelayBoot=00:00:00
   OverSubscribe=OK Contiguous=0 Licenses=(null) Network=(null)
   Command=/winhome/koner/Desktop/MCTS-Time-Management/jobscripts/frozenlake_dataset.sbatch
   WorkDir=/winhome/koner/Desktop/MCTS-Time-Management/jobscripts
   StdErr=/winhome/koner/Desktop/MCTS-Time-Management/jobscripts/slurm-8579912.out
   StdIn=/dev/null
   StdOut=/winhome/koner/Desktop/MCTS-Time-Management/jobscripts/slurm-8579912.out
   Power=
   MailUser=koner MailType=END
   

srun: Job 8579912 step creation temporarily disabled, retrying (Requested nodes are busy)
srun: Job 8579912 step creation temporarily disabled, retrying (Requested nodes are busy)
srun: Job 8579912 step creation temporarily disabled, retrying (Requested nodes are busy)
srun: Job 8579912 step creation temporarily disabled, retrying (Requested nodes are busy)
srun: Job 8579912 step creation temporarily disabled, retrying (Requested nodes are busy)
srun: Job 8579912 step creation still disabled, retrying (Requested nodes are busy)
srun: Job 8579912 step creation still disabled, retrying (Requested nodes are busy)
srun: Job 8579912 step creation still disabled, retrying (Requested nodes are busy)
srun: Job 8579912 step creation still disabled, retrying (Requested nodes are busy)
srun: Job 8579912 step creation still disabled, retrying (Requested nodes are busy)
srun: Job 8579912 step creation still disabled, retrying (Requested nodes are busy)
srun: Job 8579912 step creation still disabled, retrying (Requested nodes are busy)
srun: Job 8579912 step creation still disabled, retrying (Requested nodes are busy)
srun: Job 8579912 step creation still disabled, retrying (Requested nodes are busy)
srun: Job 8579912 step creation still disabled, retrying (Requested nodes are busy)
srun: Job 8579912 step creation still disabled, retrying (Requested nodes are busy)
srun: Job 8579912 step creation still disabled, retrying (Requested nodes are busy)
srun: Job 8579912 step creation still disabled, retrying (Requested nodes are busy)
srun: Job 8579912 step creation still disabled, retrying (Requested nodes are busy)
srun: Job 8579912 step creation still disabled, retrying (Requested nodes are busy)
srun: Job 8579912 step creation still disabled, retrying (Requested nodes are busy)
srun: Job 8579912 step creation still disabled, retrying (Requested nodes are busy)
srun: Job 8579912 step creation still disabled, retrying (Requested nodes are busy)
srun: Job 8579912 step creation still disabled, retrying (Requested nodes are busy)
srun: Job 8579912 step creation still disabled, retrying (Requested nodes are busy)
srun: Job 8579912 step creation still disabled, retrying (Requested nodes are busy)
srun: Job 8579912 step creation still disabled, retrying (Requested nodes are busy)
srun: Job 8579912 step creation still disabled, retrying (Requested nodes are busy)
srun: Job 8579912 step creation still disabled, retrying (Requested nodes are busy)
srun: Job 8579912 step creation still disabled, retrying (Requested nodes are busy)
srun: Job 8579912 step creation still disabled, retrying (Requested nodes are busy)
srun: Job 8579912 step creation still disabled, retrying (Requested nodes are busy)
srun: Job 8579912 step creation still disabled, retrying (Requested nodes are busy)
srun: Job 8579912 step creation still disabled, retrying (Requested nodes are busy)
srun: Job 8579912 step creation still disabled, retrying (Requested nodes are busy)
srun: Job 8579912 step creation still disabled, retrying (Requested nodes are busy)
srun: Job 8579912 step creation still disabled, retrying (Requested nodes are busy)
srun: Job 8579912 step creation still disabled, retrying (Requested nodes are busy)
srun: Job 8579912 step creation still disabled, retrying (Requested nodes are busy)
srun: Job 8579912 step creation still disabled, retrying (Requested nodes are busy)
srun: Job 8579912 step creation still disabled, retrying (Requested nodes are busy)
srun: Job 8579912 step creation still disabled, retrying (Requested nodes are busy)
srun: Job 8579912 step creation still disabled, retrying (Requested nodes are busy)
srun: Job 8579912 step creation still disabled, retrying (Requested nodes are busy)
srun: Job 8579912 step creation still disabled, retrying (Requested nodes are busy)
srun: Job 8579912 step creation still disabled, retrying (Requested nodes are busy)
srun: Job 8579912 step creation still disabled, retrying (Requested nodes are busy)
srun: Job 8579912 step creation still disabled, retrying (Requested nodes are busy)
srun: Job 8579912 step creation still disabled, retrying (Requested nodes are busy)
srun: Job 8579912 step creation still disabled, retrying (Requested nodes are busy)
srun: Job 8579912 step creation still disabled, retrying (Requested nodes are busy)
srun: Job 8579912 step creation still disabled, retrying (Requested nodes are busy)
srun: Job 8579912 step creation still disabled, retrying (Requested nodes are busy)
srun: Job 8579912 step creation still disabled, retrying (Requested nodes are busy)
srun: Job 8579912 step creation still disabled, retrying (Requested nodes are busy)
srun: Job 8579912 step creation still disabled, retrying (Requested nodes are busy)
srun: Job 8579912 step creation still disabled, retrying (Requested nodes are busy)
srun: Job 8579912 step creation still disabled, retrying (Requested nodes are busy)
srun: Job 8579912 step creation still disabled, retrying (Requested nodes are busy)
srun: Job 8579912 step creation still disabled, retrying (Requested nodes are busy)
srun: Job 8579912 step creation still disabled, retrying (Requested nodes are busy)
srun: Job 8579912 step creation still disabled, retrying (Requested nodes are busy)
srun: Job 8579912 step creation still disabled, retrying (Requested nodes are busy)
srun: Job 8579912 step creation still disabled, retrying (Requested nodes are busy)
srun: Job 8579912 step creation still disabled, retrying (Requested nodes are busy)
srun: Job 8579912 step creation still disabled, retrying (Requested nodes are busy)
srun: Job 8579912 step creation still disabled, retrying (Requested nodes are busy)
srun: Job 8579912 step creation still disabled, retrying (Requested nodes are busy)
srun: Job 8579912 step creation still disabled, retrying (Requested nodes are busy)
srun: Job 8579912 step creation still disabled, retrying (Requested nodes are busy)
srun: Job 8579912 step creation still disabled, retrying (Requested nodes are busy)
srun: Job 8579912 step creation still disabled, retrying (Requested nodes are busy)
srun: Job 8579912 step creation still disabled, retrying (Requested nodes are busy)
srun: Job 8579912 step creation still disabled, retrying (Requested nodes are busy)
srun: Job 8579912 step creation still disabled, retrying (Requested nodes are busy)
srun: Job 8579912 step creation still disabled, retrying (Requested nodes are busy)
srun: Job 8579912 step creation still disabled, retrying (Requested nodes are busy)
srun: Job 8579912 step creation still disabled, retrying (Requested nodes are busy)
srun: Job 8579912 step creation still disabled, retrying (Requested nodes are busy)
srun: Job 8579912 step creation still disabled, retrying (Requested nodes are busy)
srun: Job 8579912 step creation still disabled, retrying (Requested nodes are busy)
srun: Job 8579912 step creation still disabled, retrying (Requested nodes are busy)
srun: Job 8579912 step creation still disabled, retrying (Requested nodes are busy)
srun: Job 8579912 step creation still disabled, retrying (Requested nodes are busy)
srun: Job 8579912 step creation still disabled, retrying (Requested nodes are busy)
srun: Job 8579912 step creation still disabled, retrying (Requested nodes are busy)
srun: Job 8579912 step creation still disabled, retrying (Requested nodes are busy)
srun: Job 8579912 step creation still disabled, retrying (Requested nodes are busy)
srun: Job 8579912 step creation still disabled, retrying (Requested nodes are busy)
srun: Job 8579912 step creation still disabled, retrying (Requested nodes are busy)
srun: Job 8579912 step creation still disabled, retrying (Requested nodes are busy)
srun: Job 8579912 step creation still disabled, retrying (Requested nodes are busy)
srun: Job 8579912 step creation still disabled, retrying (Requested nodes are busy)
srun: Job 8579912 step creation still disabled, retrying (Requested nodes are busy)
srun: Job 8579912 step creation still disabled, retrying (Requested nodes are busy)
srun: Job 8579912 step creation still disabled, retrying (Requested nodes are busy)
srun: Job 8579912 step creation still disabled, retrying (Requested nodes are busy)
srun: Job 8579912 step creation still disabled, retrying (Requested nodes are busy)
srun: Job 8579912 step creation still disabled, retrying (Requested nodes are busy)
srun: Job 8579912 step creation still disabled, retrying (Requested nodes are busy)
srun: Job 8579912 step creation still disabled, retrying (Requested nodes are busy)
srun: Job 8579912 step creation still disabled, retrying (Requested nodes are busy)
srun: Job 8579912 step creation still disabled, retrying (Requested nodes are busy)
srun: Job 8579912 step creation still disabled, retrying (Requested nodes are busy)
srun: Job 8579912 step creation still disabled, retrying (Requested nodes are busy)
srun: Job 8579912 step creation still disabled, retrying (Requested nodes are busy)
srun: Job 8579912 step creation still disabled, retrying (Requested nodes are busy)
srun: Job 8579912 step creation still disabled, retrying (Requested nodes are busy)
srun: Job 8579912 step creation still disabled, retrying (Requested nodes are busy)
srun: Job 8579912 step creation still disabled, retrying (Requested nodes are busy)
srun: Job 8579912 step creation still disabled, retrying (Requested nodes are busy)
srun: Job 8579912 step creation still disabled, retrying (Requested nodes are busy)
srun: Job 8579912 step creation still disabled, retrying (Requested nodes are busy)
srun: Job 8579912 step creation still disabled, retrying (Requested nodes are busy)
srun: Job 8579912 step creation still disabled, retrying (Requested nodes are busy)
srun: Job 8579912 step creation still disabled, retrying (Requested nodes are busy)
srun: Job 8579912 step creation still disabled, retrying (Requested nodes are busy)
srun: Job 8579912 step creation still disabled, retrying (Requested nodes are busy)
srun: Job 8579912 step creation still disabled, retrying (Requested nodes are busy)
srun: Job 8579912 step creation still disabled, retrying (Requested nodes are busy)
srun: Job 8579912 step creation still disabled, retrying (Requested nodes are busy)
srun: Job 8579912 step creation still disabled, retrying (Requested nodes are busy)
srun: Job 8579912 step creation still disabled, retrying (Requested nodes are busy)
srun: Job 8579912 step creation still disabled, retrying (Requested nodes are busy)
srun: Job 8579912 step creation still disabled, retrying (Requested nodes are busy)
srun: Job 8579912 step creation still disabled, retrying (Requested nodes are busy)
srun: Job 8579912 step creation still disabled, retrying (Requested nodes are busy)
srun: Job 8579912 step creation still disabled, retrying (Requested nodes are busy)
srun: Job 8579912 step creation still disabled, retrying (Requested nodes are busy)
srun: Job 8579912 step creation still disabled, retrying (Requested nodes are busy)
srun: Job 8579912 step creation still disabled, retrying (Requested nodes are busy)
srun: Job 8579912 step creation still disabled, retrying (Requested nodes are busy)
srun: Job 8579912 step creation still disabled, retrying (Requested nodes are busy)
srun: Job 8579912 step creation still disabled, retrying (Requested nodes are busy)
srun: Job 8579912 step creation still disabled, retrying (Requested nodes are busy)
srun: Job 8579912 step creation still disabled, retrying (Requested nodes are busy)
srun: Job 8579912 step creation still disabled, retrying (Requested nodes are busy)
srun: Job 8579912 step creation still disabled, retrying (Requested nodes are busy)
srun: Job 8579912 step creation still disabled, retrying (Requested nodes are busy)
srun: Job 8579912 step creation still disabled, retrying (Requested nodes are busy)
srun: Job 8579912 step creation still disabled, retrying (Requested nodes are busy)
srun: Job 8579912 step creation still disabled, retrying (Requested nodes are busy)
srun: Job 8579912 step creation still disabled, retrying (Requested nodes are busy)
srun: Job 8579912 step creation still disabled, retrying (Requested nodes are busy)
srun: Job 8579912 step creation still disabled, retrying (Requested nodes are busy)
srun: Job 8579912 step creation still disabled, retrying (Requested nodes are busy)
srun: Job 8579912 step creation still disabled, retrying (Requested nodes are busy)
srun: Job 8579912 step creation still disabled, retrying (Requested nodes are busy)
srun: Job 8579912 step creation still disabled, retrying (Requested nodes are busy)
srun: Job 8579912 step creation still disabled, retrying (Requested nodes are busy)
srun: Job 8579912 step creation still disabled, retrying (Requested nodes are busy)
srun: Job 8579912 step creation still disabled, retrying (Requested nodes are busy)
srun: Job 8579912 step creation still disabled, retrying (Requested nodes are busy)
srun: Job 8579912 step creation still disabled, retrying (Requested nodes are busy)
srun: Job 8579912 step creation still disabled, retrying (Requested nodes are busy)
srun: Job 8579912 step creation still disabled, retrying (Requested nodes are busy)
srun: Job 8579912 step creation still disabled, retrying (Requested nodes are busy)
srun: Job 8579912 step creation still disabled, retrying (Requested nodes are busy)
srun: Job 8579912 step creation still disabled, retrying (Requested nodes are busy)
srun: Job 8579912 step creation still disabled, retrying (Requested nodes are busy)
srun: Job 8579912 step creation still disabled, retrying (Requested nodes are busy)
srun: Job 8579912 step creation still disabled, retrying (Requested nodes are busy)
srun: Job 8579912 step creation still disabled, retrying (Requested nodes are busy)
srun: Job 8579912 step creation still disabled, retrying (Requested nodes are busy)
srun: Job 8579912 step creation still disabled, retrying (Requested nodes are busy)
srun: Job 8579912 step creation still disabled, retrying (Requested nodes are busy)
srun: Job 8579912 step creation still disabled, retrying (Requested nodes are busy)
srun: Job 8579912 step creation still disabled, retrying (Requested nodes are busy)
srun: Job 8579912 step creation still disabled, retrying (Requested nodes are busy)
srun: Job 8579912 step creation still disabled, retrying (Requested nodes are busy)
srun: Job 8579912 step creation still disabled, retrying (Requested nodes are busy)
srun: Job 8579912 step creation still disabled, retrying (Requested nodes are busy)
srun: Job 8579912 step creation still disabled, retrying (Requested nodes are busy)
srun: Job 8579912 step creation still disabled, retrying (Requested nodes are busy)
srun: Job 8579912 step creation still disabled, retrying (Requested nodes are busy)
srun: Job 8579912 step creation still disabled, retrying (Requested nodes are busy)
srun: Job 8579912 step creation still disabled, retrying (Requested nodes are busy)
srun: Job 8579912 step creation still disabled, retrying (Requested nodes are busy)
srun: Job 8579912 step creation still disabled, retrying (Requested nodes are busy)
srun: Job 8579912 step creation still disabled, retrying (Requested nodes are busy)
srun: Job 8579912 step creation still disabled, retrying (Requested nodes are busy)
srun: Job 8579912 step creation still disabled, retrying (Requested nodes are busy)
srun: Job 8579912 step creation still disabled, retrying (Requested nodes are busy)
srun: Job 8579912 step creation still disabled, retrying (Requested nodes are busy)
srun: Job 8579912 step creation still disabled, retrying (Requested nodes are busy)
srun: Job 8579912 step creation still disabled, retrying (Requested nodes are busy)
srun: Job 8579912 step creation still disabled, retrying (Requested nodes are busy)
srun: Job 8579912 step creation still disabled, retrying (Requested nodes are busy)
srun: Job 8579912 step creation still disabled, retrying (Requested nodes are busy)
srun: Job 8579912 step creation still disabled, retrying (Requested nodes are busy)
srun: Job 8579912 step creation still disabled, retrying (Requested nodes are busy)
srun: Job 8579912 step creation still disabled, retrying (Requested nodes are busy)
srun: Job 8579912 step creation still disabled, retrying (Requested nodes are busy)
srun: Job 8579912 step creation still disabled, retrying (Requested nodes are busy)
srun: Job 8579912 step creation still disabled, retrying (Requested nodes are busy)
srun: Job 8579912 step creation still disabled, retrying (Requested nodes are busy)
srun: Job 8579912 step creation still disabled, retrying (Requested nodes are busy)
srun: Job 8579912 step creation still disabled, retrying (Requested nodes are busy)
srun: Job 8579912 step creation still disabled, retrying (Requested nodes are busy)
srun: Job 8579912 step creation still disabled, retrying (Requested nodes are busy)
srun: Job 8579912 step creation still disabled, retrying (Requested nodes are busy)
srun: Job 8579912 step creation still disabled, retrying (Requested nodes are busy)
srun: Job 8579912 step creation still disabled, retrying (Requested nodes are busy)
srun: Job 8579912 step creation still disabled, retrying (Requested nodes are busy)
srun: Job 8579912 step creation still disabled, retrying (Requested nodes are busy)
srun: Job 8579912 step creation still disabled, retrying (Requested nodes are busy)
srun: Job 8579912 step creation still disabled, retrying (Requested nodes are busy)
srun: Job 8579912 step creation still disabled, retrying (Requested nodes are busy)
srun: Job 8579912 step creation still disabled, retrying (Requested nodes are busy)
srun: Job 8579912 step creation still disabled, retrying (Requested nodes are busy)
srun: Job 8579912 step creation still disabled, retrying (Requested nodes are busy)
srun: Job 8579912 step creation still disabled, retrying (Requested nodes are busy)
srun: Job 8579912 step creation still disabled, retrying (Requested nodes are busy)
srun: Job 8579912 step creation still disabled, retrying (Requested nodes are busy)
srun: Job 8579912 step creation still disabled, retrying (Requested nodes are busy)
srun: Job 8579912 step creation still disabled, retrying (Requested nodes are busy)
srun: Job 8579912 step creation still disabled, retrying (Requested nodes are busy)
srun: Job 8579912 step creation still disabled, retrying (Requested nodes are busy)
srun: Job 8579912 step creation still disabled, retrying (Requested nodes are busy)
srun: Job 8579912 step creation still disabled, retrying (Requested nodes are busy)
srun: Job 8579912 step creation still disabled, retrying (Requested nodes are busy)
srun: Job 8579912 step creation still disabled, retrying (Requested nodes are busy)
srun: Job 8579912 step creation still disabled, retrying (Requested nodes are busy)
srun: Job 8579912 step creation still disabled, retrying (Requested nodes are busy)
srun: Job 8579912 step creation still disabled, retrying (Requested nodes are busy)
srun: Job 8579912 step creation still disabled, retrying (Requested nodes are busy)
srun: Job 8579912 step creation still disabled, retrying (Requested nodes are busy)
srun: Job 8579912 step creation still disabled, retrying (Requested nodes are busy)
srun: Job 8579912 step creation still disabled, retrying (Requested nodes are busy)
srun: Job 8579912 step creation still disabled, retrying (Requested nodes are busy)
srun: Job 8579912 step creation still disabled, retrying (Requested nodes are busy)
srun: Job 8579912 step creation still disabled, retrying (Requested nodes are busy)
srun: Job 8579912 step creation still disabled, retrying (Requested nodes are busy)
srun: Job 8579912 step creation still disabled, retrying (Requested nodes are busy)
srun: Job 8579912 step creation still disabled, retrying (Requested nodes are busy)
srun: Job 8579912 step creation still disabled, retrying (Requested nodes are busy)
srun: Job 8579912 step creation still disabled, retrying (Requested nodes are busy)
srun: Job 8579912 step creation still disabled, retrying (Requested nodes are busy)
srun: Job 8579912 step creation still disabled, retrying (Requested nodes are busy)
srun: Job 8579912 step creation still disabled, retrying (Requested nodes are busy)
srun: Job 8579912 step creation still disabled, retrying (Requested nodes are busy)
srun: Job 8579912 step creation still disabled, retrying (Requested nodes are busy)
srun: Job 8579912 step creation still disabled, retrying (Requested nodes are busy)
srun: Job 8579912 step creation still disabled, retrying (Requested nodes are busy)
srun: Job 8579912 step creation still disabled, retrying (Requested nodes are busy)
srun: Job 8579912 step creation still disabled, retrying (Requested nodes are busy)
srun: Job 8579912 step creation still disabled, retrying (Requested nodes are busy)
srun: Job 8579912 step creation still disabled, retrying (Requested nodes are busy)
srun: Job 8579912 step creation still disabled, retrying (Requested nodes are busy)
srun: Job 8579912 step creation still disabled, retrying (Requested nodes are busy)
srun: Job 8579912 step creation still disabled, retrying (Requested nodes are busy)
srun: Job 8579912 step creation still disabled, retrying (Requested nodes are busy)
srun: Job 8579912 step creation still disabled, retrying (Requested nodes are busy)
srun: Job 8579912 step creation still disabled, retrying (Requested nodes are busy)
srun: Job 8579912 step creation still disabled, retrying (Requested nodes are busy)
srun: Job 8579912 step creation still disabled, retrying (Requested nodes are busy)
srun: Job 8579912 step creation still disabled, retrying (Requested nodes are busy)
srun: Job 8579912 step creation still disabled, retrying (Requested nodes are busy)
srun: Job 8579912 step creation still disabled, retrying (Requested nodes are busy)
srun: Job 8579912 step creation still disabled, retrying (Requested nodes are busy)
srun: Job 8579912 step creation still disabled, retrying (Requested nodes are busy)
srun: Job 8579912 step creation still disabled, retrying (Requested nodes are busy)
srun: Job 8579912 step creation still disabled, retrying (Requested nodes are busy)
srun: Job 8579912 step creation still disabled, retrying (Requested nodes are busy)
srun: Job 8579912 step creation still disabled, retrying (Requested nodes are busy)
srun: Job 8579912 step creation still disabled, retrying (Requested nodes are busy)
srun: Job 8579912 step creation still disabled, retrying (Requested nodes are busy)
srun: Job 8579912 step creation still disabled, retrying (Requested nodes are busy)
srun: Job 8579912 step creation still disabled, retrying (Requested nodes are busy)
srun: Job 8579912 step creation still disabled, retrying (Requested nodes are busy)
srun: Job 8579912 step creation still disabled, retrying (Requested nodes are busy)
srun: Job 8579912 step creation still disabled, retrying (Requested nodes are busy)
srun: Job 8579912 step creation still disabled, retrying (Requested nodes are busy)
srun: Job 8579912 step creation still disabled, retrying (Requested nodes are busy)
srun: Job 8579912 step creation still disabled, retrying (Requested nodes are busy)
srun: Job 8579912 step creation still disabled, retrying (Requested nodes are busy)
srun: Job 8579912 step creation still disabled, retrying (Requested nodes are busy)
srun: Job 8579912 step creation still disabled, retrying (Requested nodes are busy)
srun: Job 8579912 step creation still disabled, retrying (Requested nodes are busy)
srun: Job 8579912 step creation still disabled, retrying (Requested nodes are busy)
srun: Job 8579912 step creation still disabled, retrying (Requested nodes are busy)
srun: Job 8579912 step creation still disabled, retrying (Requested nodes are busy)
srun: Job 8579912 step creation still disabled, retrying (Requested nodes are busy)
srun: Job 8579912 step creation still disabled, retrying (Requested nodes are busy)
srun: Job 8579912 step creation still disabled, retrying (Requested nodes are busy)
srun: Job 8579912 step creation still disabled, retrying (Requested nodes are busy)
srun: Job 8579912 step creation still disabled, retrying (Requested nodes are busy)
srun: Job 8579912 step creation still disabled, retrying (Requested nodes are busy)
srun: Job 8579912 step creation still disabled, retrying (Requested nodes are busy)
srun: Job 8579912 step creation still disabled, retrying (Requested nodes are busy)
srun: Job 8579912 step creation still disabled, retrying (Requested nodes are busy)
srun: Job 8579912 step creation still disabled, retrying (Requested nodes are busy)
srun: Job 8579912 step creation still disabled, retrying (Requested nodes are busy)
srun: Job 8579912 step creation still disabled, retrying (Requested nodes are busy)
srun: Job 8579912 step creation still disabled, retrying (Requested nodes are busy)
srun: Job 8579912 step creation still disabled, retrying (Requested nodes are busy)
srun: Job 8579912 step creation still disabled, retrying (Requested nodes are busy)
srun: Job 8579912 step creation still disabled, retrying (Requested nodes are busy)
srun: Job 8579912 step creation still disabled, retrying (Requested nodes are busy)
srun: Job 8579912 step creation still disabled, retrying (Requested nodes are busy)
srun: Job 8579912 step creation still disabled, retrying (Requested nodes are busy)
srun: Job 8579912 step creation still disabled, retrying (Requested nodes are busy)
srun: Job 8579912 step creation still disabled, retrying (Requested nodes are busy)
srun: Job 8579912 step creation still disabled, retrying (Requested nodes are busy)
srun: Job 8579912 step creation still disabled, retrying (Requested nodes are busy)
srun: Job 8579912 step creation still disabled, retrying (Requested nodes are busy)
srun: Job 8579912 step creation still disabled, retrying (Requested nodes are busy)
srun: Job 8579912 step creation still disabled, retrying (Requested nodes are busy)
srun: Job 8579912 step creation still disabled, retrying (Requested nodes are busy)
srun: Job 8579912 step creation still disabled, retrying (Requested nodes are busy)
srun: Job 8579912 step creation still disabled, retrying (Requested nodes are busy)
srun: Job 8579912 step creation still disabled, retrying (Requested nodes are busy)
srun: Step created for job 8579912
srun: Job 8579912 step creation still disabled, retrying (Requested nodes are busy)
srun: Job 8579912 step creation still disabled, retrying (Requested nodes are busy)
srun: Step created for job 8579912
srun: Job 8579912 step creation still disabled, retrying (Requested nodes are busy)
srun: Job 8579912 step creation still disabled, retrying (Requested nodes are busy)
srun: Job 8579912 step creation still disabled, retrying (Requested nodes are busy)
srun: Job 8579912 step creation still disabled, retrying (Requested nodes are busy)
srun: Step created for job 8579912
srun: Job 8579912 step creation still disabled, retrying (Requested nodes are busy)
srun: Job 8579912 step creation still disabled, retrying (Requested nodes are busy)
srun: Step created for job 8579912
srun: Job 8579912 step creation still disabled, retrying (Requested nodes are busy)
srun: Step created for job 8579912
