JobId=8612816 JobName=parametrized_frozenlake_dataset.sbatch
   UserId=koner(565562) GroupId=domain users(100513) MCS_label=N/A
   Priority=18832713 Nice=0 Account=ewi-insy-ii-influence QOS=medium
   JobState=RUNNING Reason=None Dependency=(null)
   Requeue=0 Restarts=0 BatchFlag=1 Reboot=0 ExitCode=0:0
   DerivedExitCode=0:0
   RunTime=00:00:01 TimeLimit=12:30:00 TimeMin=N/A
   SubmitTime=2023-07-30T02:44:02 EligibleTime=2023-07-30T02:44:02
   AccrueTime=2023-07-30T02:44:02
   StartTime=2023-07-30T02:44:02 EndTime=2023-07-30T15:14:02 Deadline=N/A
   SuspendTime=None SecsPreSuspend=0 LastSchedEval=2023-07-30T02:44:02 Scheduler=Main
   Partition=general AllocNode:Sid=login1:32401
   ReqNodeList=(null) ExcNodeList=(null)
   NodeList=awi20,grs4
   BatchHost=awi20
   NumNodes=2 NumCPUs=10 NumTasks=10 CPUs/Task=1 ReqB:S:C:T=0:0:*:*
   TRES=cpu=10,mem=840M,node=2,billing=5
   Socks/Node=* NtasksPerN:B:S:C=0:0:*:* CoreSpec=*
   JOB_GRES=(null)
     Nodes=awi20 CPU_IDs=2-3,46-47 Mem=336 GRES=
     Nodes=grs4 CPU_IDs=12-15,26-27 Mem=504 GRES=
   MinCPUsNode=1 MinMemoryCPU=84M MinTmpDiskNode=0
   Features=(null) DelayBoot=00:00:00
   OverSubscribe=OK Contiguous=0 Licenses=(null) Network=(null)
   Command=/winhome/koner/Desktop/MCTS-Time-Management/jobscripts/parametrized_frozenlake_dataset.sbatch
   WorkDir=/winhome/koner/Desktop/MCTS-Time-Management/jobscripts
   StdErr=/winhome/koner/Desktop/MCTS-Time-Management/jobscripts/slurm-8612816.out
   StdIn=/dev/null
   StdOut=/winhome/koner/Desktop/MCTS-Time-Management/jobscripts/slurm-8612816.out
   Power=
   MailUser=koner MailType=END
   

srun: Warning: can't run 1 processes on 2 nodes, setting nnodes to 1
srun: Warning: can't run 1 processes on 2 nodes, setting nnodes to 1
srun: Warning: can't run 1 processes on 2 nodes, setting nnodes to 1
srun: Warning: can't run 1 processes on 2 nodes, setting nnodes to 1
srun: Warning: can't run 1 processes on 2 nodes, setting nnodes to 1
srun: Warning: can't run 1 processes on 2 nodes, setting nnodes to 1
srun: Warning: can't run 1 processes on 2 nodes, setting nnodes to 1
srun: Warning: can't run 1 processes on 2 nodes, setting nnodes to 1
srun: Warning: can't run 1 processes on 2 nodes, setting nnodes to 1
srun: Warning: can't run 1 processes on 2 nodes, setting nnodes to 1
srun: Job 8612816 step creation temporarily disabled, retrying (Requested nodes are busy)
srun: Job 8612816 step creation temporarily disabled, retrying (Requested nodes are busy)
srun: Job 8612816 step creation temporarily disabled, retrying (Requested nodes are busy)
srun: Job 8612816 step creation temporarily disabled, retrying (Requested nodes are busy)
srun: Job 8612816 step creation temporarily disabled, retrying (Requested nodes are busy)
srun: Job 8612816 step creation temporarily disabled, retrying (Requested nodes are busy)
srun: Job 8612816 step creation temporarily disabled, retrying (Requested nodes are busy)
srun: Job 8612816 step creation still disabled, retrying (Requested nodes are busy)
srun: Job 8612816 step creation still disabled, retrying (Requested nodes are busy)
srun: Job 8612816 step creation still disabled, retrying (Requested nodes are busy)
srun: Job 8612816 step creation still disabled, retrying (Requested nodes are busy)
srun: Job 8612816 step creation still disabled, retrying (Requested nodes are busy)
srun: Job 8612816 step creation still disabled, retrying (Requested nodes are busy)
srun: Job 8612816 step creation still disabled, retrying (Requested nodes are busy)
srun: Job 8612816 step creation still disabled, retrying (Requested nodes are busy)
srun: Job 8612816 step creation still disabled, retrying (Requested nodes are busy)
srun: Job 8612816 step creation still disabled, retrying (Requested nodes are busy)
srun: Job 8612816 step creation still disabled, retrying (Requested nodes are busy)
srun: Job 8612816 step creation still disabled, retrying (Requested nodes are busy)
srun: Job 8612816 step creation still disabled, retrying (Requested nodes are busy)
srun: Job 8612816 step creation still disabled, retrying (Requested nodes are busy)
srun: Job 8612816 step creation still disabled, retrying (Requested nodes are busy)
srun: Job 8612816 step creation still disabled, retrying (Requested nodes are busy)
srun: Job 8612816 step creation still disabled, retrying (Requested nodes are busy)
srun: Job 8612816 step creation still disabled, retrying (Requested nodes are busy)
srun: Job 8612816 step creation still disabled, retrying (Requested nodes are busy)
srun: Job 8612816 step creation still disabled, retrying (Requested nodes are busy)
srun: Job 8612816 step creation still disabled, retrying (Requested nodes are busy)
srun: Job 8612816 step creation still disabled, retrying (Requested nodes are busy)
srun: Job 8612816 step creation still disabled, retrying (Requested nodes are busy)
srun: Job 8612816 step creation still disabled, retrying (Requested nodes are busy)
srun: Job 8612816 step creation still disabled, retrying (Requested nodes are busy)
srun: Job 8612816 step creation still disabled, retrying (Requested nodes are busy)
srun: Job 8612816 step creation still disabled, retrying (Requested nodes are busy)
srun: Job 8612816 step creation still disabled, retrying (Requested nodes are busy)
srun: Job 8612816 step creation still disabled, retrying (Requested nodes are busy)
srun: Job 8612816 step creation still disabled, retrying (Requested nodes are busy)
srun: Job 8612816 step creation still disabled, retrying (Requested nodes are busy)
srun: Job 8612816 step creation still disabled, retrying (Requested nodes are busy)
srun: Job 8612816 step creation still disabled, retrying (Requested nodes are busy)
srun: Job 8612816 step creation still disabled, retrying (Requested nodes are busy)
srun: Job 8612816 step creation still disabled, retrying (Requested nodes are busy)
srun: Job 8612816 step creation still disabled, retrying (Requested nodes are busy)
srun: Job 8612816 step creation still disabled, retrying (Requested nodes are busy)
srun: Job 8612816 step creation still disabled, retrying (Requested nodes are busy)
srun: Job 8612816 step creation still disabled, retrying (Requested nodes are busy)
srun: Job 8612816 step creation still disabled, retrying (Requested nodes are busy)
srun: Job 8612816 step creation still disabled, retrying (Requested nodes are busy)
srun: Job 8612816 step creation still disabled, retrying (Requested nodes are busy)
srun: Job 8612816 step creation still disabled, retrying (Requested nodes are busy)
srun: Job 8612816 step creation still disabled, retrying (Requested nodes are busy)
srun: Job 8612816 step creation still disabled, retrying (Requested nodes are busy)
srun: Job 8612816 step creation still disabled, retrying (Requested nodes are busy)
srun: Job 8612816 step creation still disabled, retrying (Requested nodes are busy)
srun: Job 8612816 step creation still disabled, retrying (Requested nodes are busy)
srun: Job 8612816 step creation still disabled, retrying (Requested nodes are busy)
srun: Job 8612816 step creation still disabled, retrying (Requested nodes are busy)
srun: Job 8612816 step creation still disabled, retrying (Requested nodes are busy)
srun: Job 8612816 step creation still disabled, retrying (Requested nodes are busy)
srun: Job 8612816 step creation still disabled, retrying (Requested nodes are busy)
srun: Job 8612816 step creation still disabled, retrying (Requested nodes are busy)
srun: Job 8612816 step creation still disabled, retrying (Requested nodes are busy)
srun: Job 8612816 step creation still disabled, retrying (Requested nodes are busy)
srun: Job 8612816 step creation still disabled, retrying (Requested nodes are busy)
srun: Job 8612816 step creation still disabled, retrying (Requested nodes are busy)
srun: Job 8612816 step creation still disabled, retrying (Requested nodes are busy)
srun: Job 8612816 step creation still disabled, retrying (Requested nodes are busy)
srun: Job 8612816 step creation still disabled, retrying (Requested nodes are busy)
srun: Job 8612816 step creation still disabled, retrying (Requested nodes are busy)
srun: Job 8612816 step creation still disabled, retrying (Requested nodes are busy)
srun: Job 8612816 step creation still disabled, retrying (Requested nodes are busy)
srun: Job 8612816 step creation still disabled, retrying (Requested nodes are busy)
srun: Job 8612816 step creation still disabled, retrying (Requested nodes are busy)
srun: Job 8612816 step creation still disabled, retrying (Requested nodes are busy)
srun: Job 8612816 step creation still disabled, retrying (Requested nodes are busy)
srun: Job 8612816 step creation still disabled, retrying (Requested nodes are busy)
srun: Job 8612816 step creation still disabled, retrying (Requested nodes are busy)
srun: Job 8612816 step creation still disabled, retrying (Requested nodes are busy)
srun: Job 8612816 step creation still disabled, retrying (Requested nodes are busy)
srun: Job 8612816 step creation still disabled, retrying (Requested nodes are busy)
srun: Job 8612816 step creation still disabled, retrying (Requested nodes are busy)
srun: Job 8612816 step creation still disabled, retrying (Requested nodes are busy)
srun: Job 8612816 step creation still disabled, retrying (Requested nodes are busy)
srun: Job 8612816 step creation still disabled, retrying (Requested nodes are busy)
srun: Job 8612816 step creation still disabled, retrying (Requested nodes are busy)
srun: Job 8612816 step creation still disabled, retrying (Requested nodes are busy)
srun: Job 8612816 step creation still disabled, retrying (Requested nodes are busy)
srun: Job 8612816 step creation still disabled, retrying (Requested nodes are busy)
srun: Job 8612816 step creation still disabled, retrying (Requested nodes are busy)
srun: Job 8612816 step creation still disabled, retrying (Requested nodes are busy)
srun: Job 8612816 step creation still disabled, retrying (Requested nodes are busy)
srun: Job 8612816 step creation still disabled, retrying (Requested nodes are busy)
srun: Job 8612816 step creation still disabled, retrying (Requested nodes are busy)
srun: Job 8612816 step creation still disabled, retrying (Requested nodes are busy)
srun: Job 8612816 step creation still disabled, retrying (Requested nodes are busy)
srun: Job 8612816 step creation still disabled, retrying (Requested nodes are busy)
srun: Job 8612816 step creation still disabled, retrying (Requested nodes are busy)
srun: Job 8612816 step creation still disabled, retrying (Requested nodes are busy)
srun: Job 8612816 step creation still disabled, retrying (Requested nodes are busy)
srun: Job 8612816 step creation still disabled, retrying (Requested nodes are busy)
srun: Job 8612816 step creation still disabled, retrying (Requested nodes are busy)
srun: Job 8612816 step creation still disabled, retrying (Requested nodes are busy)
srun: Job 8612816 step creation still disabled, retrying (Requested nodes are busy)
srun: Job 8612816 step creation still disabled, retrying (Requested nodes are busy)
srun: Job 8612816 step creation still disabled, retrying (Requested nodes are busy)
srun: Job 8612816 step creation still disabled, retrying (Requested nodes are busy)
srun: Job 8612816 step creation still disabled, retrying (Requested nodes are busy)
srun: Job 8612816 step creation still disabled, retrying (Requested nodes are busy)
srun: Job 8612816 step creation still disabled, retrying (Requested nodes are busy)
srun: Job 8612816 step creation still disabled, retrying (Requested nodes are busy)
srun: Job 8612816 step creation still disabled, retrying (Requested nodes are busy)
srun: Job 8612816 step creation still disabled, retrying (Requested nodes are busy)
srun: Job 8612816 step creation still disabled, retrying (Requested nodes are busy)
srun: Job 8612816 step creation still disabled, retrying (Requested nodes are busy)
srun: Job 8612816 step creation still disabled, retrying (Requested nodes are busy)
srun: Job 8612816 step creation still disabled, retrying (Requested nodes are busy)
srun: Job 8612816 step creation still disabled, retrying (Requested nodes are busy)
srun: Job 8612816 step creation still disabled, retrying (Requested nodes are busy)
srun: Job 8612816 step creation still disabled, retrying (Requested nodes are busy)
srun: Job 8612816 step creation still disabled, retrying (Requested nodes are busy)
srun: Job 8612816 step creation still disabled, retrying (Requested nodes are busy)
srun: Job 8612816 step creation still disabled, retrying (Requested nodes are busy)
srun: Job 8612816 step creation still disabled, retrying (Requested nodes are busy)
srun: Job 8612816 step creation still disabled, retrying (Requested nodes are busy)
srun: Job 8612816 step creation still disabled, retrying (Requested nodes are busy)
srun: Job 8612816 step creation still disabled, retrying (Requested nodes are busy)
srun: Job 8612816 step creation still disabled, retrying (Requested nodes are busy)
srun: Job 8612816 step creation still disabled, retrying (Requested nodes are busy)
srun: Job 8612816 step creation still disabled, retrying (Requested nodes are busy)
srun: Job 8612816 step creation still disabled, retrying (Requested nodes are busy)
srun: Job 8612816 step creation still disabled, retrying (Requested nodes are busy)
srun: Job 8612816 step creation still disabled, retrying (Requested nodes are busy)
srun: Job 8612816 step creation still disabled, retrying (Requested nodes are busy)
srun: Job 8612816 step creation still disabled, retrying (Requested nodes are busy)
srun: Job 8612816 step creation still disabled, retrying (Requested nodes are busy)
srun: Job 8612816 step creation still disabled, retrying (Requested nodes are busy)
srun: Job 8612816 step creation still disabled, retrying (Requested nodes are busy)
srun: Job 8612816 step creation still disabled, retrying (Requested nodes are busy)
srun: Job 8612816 step creation still disabled, retrying (Requested nodes are busy)
srun: Job 8612816 step creation still disabled, retrying (Requested nodes are busy)
srun: Job 8612816 step creation still disabled, retrying (Requested nodes are busy)
srun: Job 8612816 step creation still disabled, retrying (Requested nodes are busy)
srun: Job 8612816 step creation still disabled, retrying (Requested nodes are busy)
srun: Job 8612816 step creation still disabled, retrying (Requested nodes are busy)
srun: Job 8612816 step creation still disabled, retrying (Requested nodes are busy)
srun: Job 8612816 step creation still disabled, retrying (Requested nodes are busy)
srun: Job 8612816 step creation still disabled, retrying (Requested nodes are busy)
srun: Job 8612816 step creation still disabled, retrying (Requested nodes are busy)
srun: Job 8612816 step creation still disabled, retrying (Requested nodes are busy)
srun: Job 8612816 step creation still disabled, retrying (Requested nodes are busy)
srun: Job 8612816 step creation still disabled, retrying (Requested nodes are busy)
srun: Job 8612816 step creation still disabled, retrying (Requested nodes are busy)
srun: Job 8612816 step creation still disabled, retrying (Requested nodes are busy)
srun: Job 8612816 step creation still disabled, retrying (Requested nodes are busy)
srun: Job 8612816 step creation still disabled, retrying (Requested nodes are busy)
srun: Job 8612816 step creation still disabled, retrying (Requested nodes are busy)
srun: Job 8612816 step creation still disabled, retrying (Requested nodes are busy)
srun: Job 8612816 step creation still disabled, retrying (Requested nodes are busy)
srun: Job 8612816 step creation still disabled, retrying (Requested nodes are busy)
srun: Job 8612816 step creation still disabled, retrying (Requested nodes are busy)
srun: Job 8612816 step creation still disabled, retrying (Requested nodes are busy)
srun: Job 8612816 step creation still disabled, retrying (Requested nodes are busy)
srun: Job 8612816 step creation still disabled, retrying (Requested nodes are busy)
srun: Job 8612816 step creation still disabled, retrying (Requested nodes are busy)
srun: Job 8612816 step creation still disabled, retrying (Requested nodes are busy)
srun: Job 8612816 step creation still disabled, retrying (Requested nodes are busy)
srun: Job 8612816 step creation still disabled, retrying (Requested nodes are busy)
srun: Job 8612816 step creation still disabled, retrying (Requested nodes are busy)
srun: Job 8612816 step creation still disabled, retrying (Requested nodes are busy)
srun: Job 8612816 step creation still disabled, retrying (Requested nodes are busy)
srun: Job 8612816 step creation still disabled, retrying (Requested nodes are busy)
srun: Job 8612816 step creation still disabled, retrying (Requested nodes are busy)
srun: Job 8612816 step creation still disabled, retrying (Requested nodes are busy)
srun: Job 8612816 step creation still disabled, retrying (Requested nodes are busy)
srun: Job 8612816 step creation still disabled, retrying (Requested nodes are busy)
srun: Job 8612816 step creation still disabled, retrying (Requested nodes are busy)
srun: Job 8612816 step creation still disabled, retrying (Requested nodes are busy)
srun: Job 8612816 step creation still disabled, retrying (Requested nodes are busy)
srun: Job 8612816 step creation still disabled, retrying (Requested nodes are busy)
srun: Job 8612816 step creation still disabled, retrying (Requested nodes are busy)
srun: Job 8612816 step creation still disabled, retrying (Requested nodes are busy)
srun: Job 8612816 step creation still disabled, retrying (Requested nodes are busy)
srun: Job 8612816 step creation still disabled, retrying (Requested nodes are busy)
srun: Job 8612816 step creation still disabled, retrying (Requested nodes are busy)
srun: Job 8612816 step creation still disabled, retrying (Requested nodes are busy)
srun: Job 8612816 step creation still disabled, retrying (Requested nodes are busy)
srun: Job 8612816 step creation still disabled, retrying (Requested nodes are busy)
srun: Job 8612816 step creation still disabled, retrying (Requested nodes are busy)
srun: Job 8612816 step creation still disabled, retrying (Requested nodes are busy)
srun: Job 8612816 step creation still disabled, retrying (Requested nodes are busy)
srun: Job 8612816 step creation still disabled, retrying (Requested nodes are busy)
srun: Job 8612816 step creation still disabled, retrying (Requested nodes are busy)
srun: Job 8612816 step creation still disabled, retrying (Requested nodes are busy)
srun: Job 8612816 step creation still disabled, retrying (Requested nodes are busy)
srun: Job 8612816 step creation still disabled, retrying (Requested nodes are busy)
srun: Job 8612816 step creation still disabled, retrying (Requested nodes are busy)
srun: Job 8612816 step creation still disabled, retrying (Requested nodes are busy)
srun: Job 8612816 step creation still disabled, retrying (Requested nodes are busy)
srun: Job 8612816 step creation still disabled, retrying (Requested nodes are busy)
srun: Job 8612816 step creation still disabled, retrying (Requested nodes are busy)
srun: Job 8612816 step creation still disabled, retrying (Requested nodes are busy)
srun: Job 8612816 step creation still disabled, retrying (Requested nodes are busy)
srun: Job 8612816 step creation still disabled, retrying (Requested nodes are busy)
srun: Job 8612816 step creation still disabled, retrying (Requested nodes are busy)
srun: Job 8612816 step creation still disabled, retrying (Requested nodes are busy)
srun: Job 8612816 step creation still disabled, retrying (Requested nodes are busy)
srun: Job 8612816 step creation still disabled, retrying (Requested nodes are busy)
srun: Job 8612816 step creation still disabled, retrying (Requested nodes are busy)
srun: Job 8612816 step creation still disabled, retrying (Requested nodes are busy)
srun: Job 8612816 step creation still disabled, retrying (Requested nodes are busy)
srun: Job 8612816 step creation still disabled, retrying (Requested nodes are busy)
srun: Job 8612816 step creation still disabled, retrying (Requested nodes are busy)
srun: Job 8612816 step creation still disabled, retrying (Requested nodes are busy)
srun: Job 8612816 step creation still disabled, retrying (Requested nodes are busy)
srun: Job 8612816 step creation still disabled, retrying (Requested nodes are busy)
srun: Job 8612816 step creation still disabled, retrying (Requested nodes are busy)
srun: Job 8612816 step creation still disabled, retrying (Requested nodes are busy)
srun: Job 8612816 step creation still disabled, retrying (Requested nodes are busy)
srun: Job 8612816 step creation still disabled, retrying (Requested nodes are busy)
srun: Job 8612816 step creation still disabled, retrying (Requested nodes are busy)
srun: Job 8612816 step creation still disabled, retrying (Requested nodes are busy)
srun: Job 8612816 step creation still disabled, retrying (Requested nodes are busy)
srun: Job 8612816 step creation still disabled, retrying (Requested nodes are busy)
srun: Job 8612816 step creation still disabled, retrying (Requested nodes are busy)
srun: Job 8612816 step creation still disabled, retrying (Requested nodes are busy)
srun: Job 8612816 step creation still disabled, retrying (Requested nodes are busy)
srun: Job 8612816 step creation still disabled, retrying (Requested nodes are busy)
srun: Job 8612816 step creation still disabled, retrying (Requested nodes are busy)
srun: Job 8612816 step creation still disabled, retrying (Requested nodes are busy)
srun: Job 8612816 step creation still disabled, retrying (Requested nodes are busy)
srun: Job 8612816 step creation still disabled, retrying (Requested nodes are busy)
srun: Job 8612816 step creation still disabled, retrying (Requested nodes are busy)
srun: Job 8612816 step creation still disabled, retrying (Requested nodes are busy)
srun: Job 8612816 step creation still disabled, retrying (Requested nodes are busy)
srun: Job 8612816 step creation still disabled, retrying (Requested nodes are busy)
srun: Job 8612816 step creation still disabled, retrying (Requested nodes are busy)
srun: Job 8612816 step creation still disabled, retrying (Requested nodes are busy)
srun: Job 8612816 step creation still disabled, retrying (Requested nodes are busy)
srun: Job 8612816 step creation still disabled, retrying (Requested nodes are busy)
srun: Job 8612816 step creation still disabled, retrying (Requested nodes are busy)
srun: Job 8612816 step creation still disabled, retrying (Requested nodes are busy)
srun: Job 8612816 step creation still disabled, retrying (Requested nodes are busy)
srun: Job 8612816 step creation still disabled, retrying (Requested nodes are busy)
srun: Job 8612816 step creation still disabled, retrying (Requested nodes are busy)
srun: Job 8612816 step creation still disabled, retrying (Requested nodes are busy)
srun: Job 8612816 step creation still disabled, retrying (Requested nodes are busy)
srun: Job 8612816 step creation still disabled, retrying (Requested nodes are busy)
srun: Job 8612816 step creation still disabled, retrying (Requested nodes are busy)
srun: Job 8612816 step creation still disabled, retrying (Requested nodes are busy)
srun: Job 8612816 step creation still disabled, retrying (Requested nodes are busy)
srun: Job 8612816 step creation still disabled, retrying (Requested nodes are busy)
srun: Job 8612816 step creation still disabled, retrying (Requested nodes are busy)
srun: Job 8612816 step creation still disabled, retrying (Requested nodes are busy)
srun: Job 8612816 step creation still disabled, retrying (Requested nodes are busy)
srun: Job 8612816 step creation still disabled, retrying (Requested nodes are busy)
srun: Job 8612816 step creation still disabled, retrying (Requested nodes are busy)
srun: Job 8612816 step creation still disabled, retrying (Requested nodes are busy)
srun: Job 8612816 step creation still disabled, retrying (Requested nodes are busy)
srun: Job 8612816 step creation still disabled, retrying (Requested nodes are busy)
srun: Job 8612816 step creation still disabled, retrying (Requested nodes are busy)
srun: Job 8612816 step creation still disabled, retrying (Requested nodes are busy)
srun: Job 8612816 step creation still disabled, retrying (Requested nodes are busy)
srun: Job 8612816 step creation still disabled, retrying (Requested nodes are busy)
srun: Job 8612816 step creation still disabled, retrying (Requested nodes are busy)
srun: Job 8612816 step creation still disabled, retrying (Requested nodes are busy)
srun: Job 8612816 step creation still disabled, retrying (Requested nodes are busy)
srun: Job 8612816 step creation still disabled, retrying (Requested nodes are busy)
srun: Job 8612816 step creation still disabled, retrying (Requested nodes are busy)
srun: Job 8612816 step creation still disabled, retrying (Requested nodes are busy)
srun: Job 8612816 step creation still disabled, retrying (Requested nodes are busy)
srun: Job 8612816 step creation still disabled, retrying (Requested nodes are busy)
srun: Job 8612816 step creation still disabled, retrying (Requested nodes are busy)
srun: Job 8612816 step creation still disabled, retrying (Requested nodes are busy)
srun: Job 8612816 step creation still disabled, retrying (Requested nodes are busy)
srun: Job 8612816 step creation still disabled, retrying (Requested nodes are busy)
srun: Job 8612816 step creation still disabled, retrying (Requested nodes are busy)
srun: Job 8612816 step creation still disabled, retrying (Requested nodes are busy)
srun: Job 8612816 step creation still disabled, retrying (Requested nodes are busy)
srun: Job 8612816 step creation still disabled, retrying (Requested nodes are busy)
srun: Job 8612816 step creation still disabled, retrying (Requested nodes are busy)
srun: Job 8612816 step creation still disabled, retrying (Requested nodes are busy)
srun: Job 8612816 step creation still disabled, retrying (Requested nodes are busy)
srun: Job 8612816 step creation still disabled, retrying (Requested nodes are busy)
srun: Job 8612816 step creation still disabled, retrying (Requested nodes are busy)
srun: Job 8612816 step creation still disabled, retrying (Requested nodes are busy)
srun: Job 8612816 step creation still disabled, retrying (Requested nodes are busy)
srun: Job 8612816 step creation still disabled, retrying (Requested nodes are busy)
srun: Job 8612816 step creation still disabled, retrying (Requested nodes are busy)
srun: Job 8612816 step creation still disabled, retrying (Requested nodes are busy)
srun: Job 8612816 step creation still disabled, retrying (Requested nodes are busy)
srun: Job 8612816 step creation still disabled, retrying (Requested nodes are busy)
srun: Job 8612816 step creation still disabled, retrying (Requested nodes are busy)
srun: Job 8612816 step creation still disabled, retrying (Requested nodes are busy)
srun: Job 8612816 step creation still disabled, retrying (Requested nodes are busy)
srun: Job 8612816 step creation still disabled, retrying (Requested nodes are busy)
srun: Job 8612816 step creation still disabled, retrying (Requested nodes are busy)
srun: Job 8612816 step creation still disabled, retrying (Requested nodes are busy)
srun: Job 8612816 step creation still disabled, retrying (Requested nodes are busy)
srun: Job 8612816 step creation still disabled, retrying (Requested nodes are busy)
srun: Job 8612816 step creation still disabled, retrying (Requested nodes are busy)
srun: Job 8612816 step creation still disabled, retrying (Requested nodes are busy)
srun: Job 8612816 step creation still disabled, retrying (Requested nodes are busy)
srun: Job 8612816 step creation still disabled, retrying (Requested nodes are busy)
srun: Job 8612816 step creation still disabled, retrying (Requested nodes are busy)
srun: Job 8612816 step creation still disabled, retrying (Requested nodes are busy)
srun: Job 8612816 step creation still disabled, retrying (Requested nodes are busy)
srun: Job 8612816 step creation still disabled, retrying (Requested nodes are busy)
srun: Job 8612816 step creation still disabled, retrying (Requested nodes are busy)
srun: Job 8612816 step creation still disabled, retrying (Requested nodes are busy)
srun: Job 8612816 step creation still disabled, retrying (Requested nodes are busy)
srun: Job 8612816 step creation still disabled, retrying (Requested nodes are busy)
srun: Job 8612816 step creation still disabled, retrying (Requested nodes are busy)
srun: Job 8612816 step creation still disabled, retrying (Requested nodes are busy)
srun: Job 8612816 step creation still disabled, retrying (Requested nodes are busy)
srun: Job 8612816 step creation still disabled, retrying (Requested nodes are busy)
srun: Job 8612816 step creation still disabled, retrying (Requested nodes are busy)
srun: Job 8612816 step creation still disabled, retrying (Requested nodes are busy)
srun: Job 8612816 step creation still disabled, retrying (Requested nodes are busy)
srun: Job 8612816 step creation still disabled, retrying (Requested nodes are busy)
srun: Job 8612816 step creation still disabled, retrying (Requested nodes are busy)
srun: Job 8612816 step creation still disabled, retrying (Requested nodes are busy)
srun: Job 8612816 step creation still disabled, retrying (Requested nodes are busy)
srun: Job 8612816 step creation still disabled, retrying (Requested nodes are busy)
srun: Job 8612816 step creation still disabled, retrying (Requested nodes are busy)
srun: Job 8612816 step creation still disabled, retrying (Requested nodes are busy)
srun: Job 8612816 step creation still disabled, retrying (Requested nodes are busy)
srun: Job 8612816 step creation still disabled, retrying (Requested nodes are busy)
srun: Job 8612816 step creation still disabled, retrying (Requested nodes are busy)
srun: Job 8612816 step creation still disabled, retrying (Requested nodes are busy)
srun: Job 8612816 step creation still disabled, retrying (Requested nodes are busy)
srun: Job 8612816 step creation still disabled, retrying (Requested nodes are busy)
srun: Job 8612816 step creation still disabled, retrying (Requested nodes are busy)
srun: Job 8612816 step creation still disabled, retrying (Requested nodes are busy)
srun: Job 8612816 step creation still disabled, retrying (Requested nodes are busy)
srun: Job 8612816 step creation still disabled, retrying (Requested nodes are busy)
srun: Job 8612816 step creation still disabled, retrying (Requested nodes are busy)
srun: Job 8612816 step creation still disabled, retrying (Requested nodes are busy)
srun: Job 8612816 step creation still disabled, retrying (Requested nodes are busy)
srun: Job 8612816 step creation still disabled, retrying (Requested nodes are busy)
srun: Job 8612816 step creation still disabled, retrying (Requested nodes are busy)
srun: Job 8612816 step creation still disabled, retrying (Requested nodes are busy)
srun: Job 8612816 step creation still disabled, retrying (Requested nodes are busy)
srun: Job 8612816 step creation still disabled, retrying (Requested nodes are busy)
srun: Job 8612816 step creation still disabled, retrying (Requested nodes are busy)
srun: Job 8612816 step creation still disabled, retrying (Requested nodes are busy)
srun: Job 8612816 step creation still disabled, retrying (Requested nodes are busy)
srun: Job 8612816 step creation still disabled, retrying (Requested nodes are busy)
srun: Job 8612816 step creation still disabled, retrying (Requested nodes are busy)
srun: Job 8612816 step creation still disabled, retrying (Requested nodes are busy)
srun: Job 8612816 step creation still disabled, retrying (Requested nodes are busy)
srun: Job 8612816 step creation still disabled, retrying (Requested nodes are busy)
srun: Job 8612816 step creation still disabled, retrying (Requested nodes are busy)
srun: Job 8612816 step creation still disabled, retrying (Requested nodes are busy)
srun: Job 8612816 step creation still disabled, retrying (Requested nodes are busy)
srun: Job 8612816 step creation still disabled, retrying (Requested nodes are busy)
srun: Job 8612816 step creation still disabled, retrying (Requested nodes are busy)
srun: Job 8612816 step creation still disabled, retrying (Requested nodes are busy)
srun: Job 8612816 step creation still disabled, retrying (Requested nodes are busy)
srun: Job 8612816 step creation still disabled, retrying (Requested nodes are busy)
srun: Job 8612816 step creation still disabled, retrying (Requested nodes are busy)
srun: Job 8612816 step creation still disabled, retrying (Requested nodes are busy)
srun: Job 8612816 step creation still disabled, retrying (Requested nodes are busy)
srun: Job 8612816 step creation still disabled, retrying (Requested nodes are busy)
srun: Job 8612816 step creation still disabled, retrying (Requested nodes are busy)
srun: Job 8612816 step creation still disabled, retrying (Requested nodes are busy)
srun: Job 8612816 step creation still disabled, retrying (Requested nodes are busy)
srun: Job 8612816 step creation still disabled, retrying (Requested nodes are busy)
srun: Job 8612816 step creation still disabled, retrying (Requested nodes are busy)
srun: Job 8612816 step creation still disabled, retrying (Requested nodes are busy)
srun: Job 8612816 step creation still disabled, retrying (Requested nodes are busy)
srun: Job 8612816 step creation still disabled, retrying (Requested nodes are busy)
srun: Job 8612816 step creation still disabled, retrying (Requested nodes are busy)
srun: Job 8612816 step creation still disabled, retrying (Requested nodes are busy)
srun: Job 8612816 step creation still disabled, retrying (Requested nodes are busy)
srun: Job 8612816 step creation still disabled, retrying (Requested nodes are busy)
srun: Job 8612816 step creation still disabled, retrying (Requested nodes are busy)
srun: Job 8612816 step creation still disabled, retrying (Requested nodes are busy)
srun: Job 8612816 step creation still disabled, retrying (Requested nodes are busy)
srun: Job 8612816 step creation still disabled, retrying (Requested nodes are busy)
srun: Job 8612816 step creation still disabled, retrying (Requested nodes are busy)
srun: Job 8612816 step creation still disabled, retrying (Requested nodes are busy)
srun: Job 8612816 step creation still disabled, retrying (Requested nodes are busy)
srun: Job 8612816 step creation still disabled, retrying (Requested nodes are busy)
srun: Job 8612816 step creation still disabled, retrying (Requested nodes are busy)
srun: Job 8612816 step creation still disabled, retrying (Requested nodes are busy)
srun: Job 8612816 step creation still disabled, retrying (Requested nodes are busy)
srun: Job 8612816 step creation still disabled, retrying (Requested nodes are busy)
srun: Job 8612816 step creation still disabled, retrying (Requested nodes are busy)
srun: Job 8612816 step creation still disabled, retrying (Requested nodes are busy)
srun: Job 8612816 step creation still disabled, retrying (Requested nodes are busy)
srun: Job 8612816 step creation still disabled, retrying (Requested nodes are busy)
srun: Job 8612816 step creation still disabled, retrying (Requested nodes are busy)
srun: Job 8612816 step creation still disabled, retrying (Requested nodes are busy)
srun: Job 8612816 step creation still disabled, retrying (Requested nodes are busy)
srun: Job 8612816 step creation still disabled, retrying (Requested nodes are busy)
srun: Job 8612816 step creation still disabled, retrying (Requested nodes are busy)
srun: Job 8612816 step creation still disabled, retrying (Requested nodes are busy)
srun: Job 8612816 step creation still disabled, retrying (Requested nodes are busy)
srun: Job 8612816 step creation still disabled, retrying (Requested nodes are busy)
srun: Job 8612816 step creation still disabled, retrying (Requested nodes are busy)
srun: Job 8612816 step creation still disabled, retrying (Requested nodes are busy)
srun: Job 8612816 step creation still disabled, retrying (Requested nodes are busy)
srun: Job 8612816 step creation still disabled, retrying (Requested nodes are busy)
srun: Job 8612816 step creation still disabled, retrying (Requested nodes are busy)
srun: Job 8612816 step creation still disabled, retrying (Requested nodes are busy)
srun: Job 8612816 step creation still disabled, retrying (Requested nodes are busy)
srun: Job 8612816 step creation still disabled, retrying (Requested nodes are busy)
srun: Job 8612816 step creation still disabled, retrying (Requested nodes are busy)
srun: Job 8612816 step creation still disabled, retrying (Requested nodes are busy)
srun: Job 8612816 step creation still disabled, retrying (Requested nodes are busy)
srun: Job 8612816 step creation still disabled, retrying (Requested nodes are busy)
srun: Job 8612816 step creation still disabled, retrying (Requested nodes are busy)
srun: Job 8612816 step creation still disabled, retrying (Requested nodes are busy)
srun: Job 8612816 step creation still disabled, retrying (Requested nodes are busy)
srun: Job 8612816 step creation still disabled, retrying (Requested nodes are busy)
srun: Job 8612816 step creation still disabled, retrying (Requested nodes are busy)
srun: Job 8612816 step creation still disabled, retrying (Requested nodes are busy)
srun: Job 8612816 step creation still disabled, retrying (Requested nodes are busy)
srun: Job 8612816 step creation still disabled, retrying (Requested nodes are busy)
srun: Job 8612816 step creation still disabled, retrying (Requested nodes are busy)
srun: Job 8612816 step creation still disabled, retrying (Requested nodes are busy)
srun: Job 8612816 step creation still disabled, retrying (Requested nodes are busy)
srun: Job 8612816 step creation still disabled, retrying (Requested nodes are busy)
srun: Job 8612816 step creation still disabled, retrying (Requested nodes are busy)
srun: Job 8612816 step creation still disabled, retrying (Requested nodes are busy)
srun: Job 8612816 step creation still disabled, retrying (Requested nodes are busy)
srun: Job 8612816 step creation still disabled, retrying (Requested nodes are busy)
srun: Job 8612816 step creation still disabled, retrying (Requested nodes are busy)
srun: Job 8612816 step creation still disabled, retrying (Requested nodes are busy)
srun: Job 8612816 step creation still disabled, retrying (Requested nodes are busy)
srun: Job 8612816 step creation still disabled, retrying (Requested nodes are busy)
srun: Job 8612816 step creation still disabled, retrying (Requested nodes are busy)
srun: Job 8612816 step creation still disabled, retrying (Requested nodes are busy)
srun: Job 8612816 step creation still disabled, retrying (Requested nodes are busy)
srun: Job 8612816 step creation still disabled, retrying (Requested nodes are busy)
srun: Job 8612816 step creation still disabled, retrying (Requested nodes are busy)
srun: Job 8612816 step creation still disabled, retrying (Requested nodes are busy)
srun: Job 8612816 step creation still disabled, retrying (Requested nodes are busy)
srun: Job 8612816 step creation still disabled, retrying (Requested nodes are busy)
srun: Job 8612816 step creation still disabled, retrying (Requested nodes are busy)
srun: Job 8612816 step creation still disabled, retrying (Requested nodes are busy)
srun: Job 8612816 step creation still disabled, retrying (Requested nodes are busy)
srun: Job 8612816 step creation still disabled, retrying (Requested nodes are busy)
srun: Job 8612816 step creation still disabled, retrying (Requested nodes are busy)
srun: Job 8612816 step creation still disabled, retrying (Requested nodes are busy)
srun: Job 8612816 step creation still disabled, retrying (Requested nodes are busy)
srun: Job 8612816 step creation still disabled, retrying (Requested nodes are busy)
srun: Job 8612816 step creation still disabled, retrying (Requested nodes are busy)
srun: Job 8612816 step creation still disabled, retrying (Requested nodes are busy)
srun: Job 8612816 step creation still disabled, retrying (Requested nodes are busy)
srun: Job 8612816 step creation still disabled, retrying (Requested nodes are busy)
srun: Job 8612816 step creation still disabled, retrying (Requested nodes are busy)
srun: Job 8612816 step creation still disabled, retrying (Requested nodes are busy)
srun: Job 8612816 step creation still disabled, retrying (Requested nodes are busy)
srun: Job 8612816 step creation still disabled, retrying (Requested nodes are busy)
srun: Job 8612816 step creation still disabled, retrying (Requested nodes are busy)
srun: Job 8612816 step creation still disabled, retrying (Requested nodes are busy)
srun: Job 8612816 step creation still disabled, retrying (Requested nodes are busy)
srun: Job 8612816 step creation still disabled, retrying (Requested nodes are busy)
srun: Job 8612816 step creation still disabled, retrying (Requested nodes are busy)
srun: Job 8612816 step creation still disabled, retrying (Requested nodes are busy)
srun: Job 8612816 step creation still disabled, retrying (Requested nodes are busy)
srun: Job 8612816 step creation still disabled, retrying (Requested nodes are busy)
srun: Job 8612816 step creation still disabled, retrying (Requested nodes are busy)
srun: Job 8612816 step creation still disabled, retrying (Requested nodes are busy)
srun: Job 8612816 step creation still disabled, retrying (Requested nodes are busy)
srun: Job 8612816 step creation still disabled, retrying (Requested nodes are busy)
srun: Job 8612816 step creation still disabled, retrying (Requested nodes are busy)
srun: Job 8612816 step creation still disabled, retrying (Requested nodes are busy)
srun: Job 8612816 step creation still disabled, retrying (Requested nodes are busy)
srun: Job 8612816 step creation still disabled, retrying (Requested nodes are busy)
srun: Job 8612816 step creation still disabled, retrying (Requested nodes are busy)
srun: Job 8612816 step creation still disabled, retrying (Requested nodes are busy)
srun: Job 8612816 step creation still disabled, retrying (Requested nodes are busy)
srun: Job 8612816 step creation still disabled, retrying (Requested nodes are busy)
srun: Job 8612816 step creation still disabled, retrying (Requested nodes are busy)
srun: Job 8612816 step creation still disabled, retrying (Requested nodes are busy)
srun: Job 8612816 step creation still disabled, retrying (Requested nodes are busy)
srun: Job 8612816 step creation still disabled, retrying (Requested nodes are busy)
srun: Job 8612816 step creation still disabled, retrying (Requested nodes are busy)
srun: Job 8612816 step creation still disabled, retrying (Requested nodes are busy)
srun: Job 8612816 step creation still disabled, retrying (Requested nodes are busy)
srun: Job 8612816 step creation still disabled, retrying (Requested nodes are busy)
srun: Job 8612816 step creation still disabled, retrying (Requested nodes are busy)
srun: Job 8612816 step creation still disabled, retrying (Requested nodes are busy)
srun: Job 8612816 step creation still disabled, retrying (Requested nodes are busy)
srun: Job 8612816 step creation still disabled, retrying (Requested nodes are busy)
srun: Job 8612816 step creation still disabled, retrying (Requested nodes are busy)
srun: Job 8612816 step creation still disabled, retrying (Requested nodes are busy)
srun: Job 8612816 step creation still disabled, retrying (Requested nodes are busy)
srun: Job 8612816 step creation still disabled, retrying (Requested nodes are busy)
srun: Job 8612816 step creation still disabled, retrying (Requested nodes are busy)
srun: Job 8612816 step creation still disabled, retrying (Requested nodes are busy)
srun: Job 8612816 step creation still disabled, retrying (Requested nodes are busy)
srun: Job 8612816 step creation still disabled, retrying (Requested nodes are busy)
srun: Job 8612816 step creation still disabled, retrying (Requested nodes are busy)
srun: Job 8612816 step creation still disabled, retrying (Requested nodes are busy)
srun: Job 8612816 step creation still disabled, retrying (Requested nodes are busy)
srun: Job 8612816 step creation still disabled, retrying (Requested nodes are busy)
srun: Job 8612816 step creation still disabled, retrying (Requested nodes are busy)
srun: Job 8612816 step creation still disabled, retrying (Requested nodes are busy)
srun: Job 8612816 step creation still disabled, retrying (Requested nodes are busy)
srun: Job 8612816 step creation still disabled, retrying (Requested nodes are busy)
srun: Job 8612816 step creation still disabled, retrying (Requested nodes are busy)
srun: Job 8612816 step creation still disabled, retrying (Requested nodes are busy)
srun: Job 8612816 step creation still disabled, retrying (Requested nodes are busy)
srun: Job 8612816 step creation still disabled, retrying (Requested nodes are busy)
srun: Job 8612816 step creation still disabled, retrying (Requested nodes are busy)
srun: Job 8612816 step creation still disabled, retrying (Requested nodes are busy)
srun: Job 8612816 step creation still disabled, retrying (Requested nodes are busy)
srun: Job 8612816 step creation still disabled, retrying (Requested nodes are busy)
srun: Job 8612816 step creation still disabled, retrying (Requested nodes are busy)
srun: Job 8612816 step creation still disabled, retrying (Requested nodes are busy)
srun: Job 8612816 step creation still disabled, retrying (Requested nodes are busy)
srun: Job 8612816 step creation still disabled, retrying (Requested nodes are busy)
srun: Job 8612816 step creation still disabled, retrying (Requested nodes are busy)
srun: Job 8612816 step creation still disabled, retrying (Requested nodes are busy)
srun: Job 8612816 step creation still disabled, retrying (Requested nodes are busy)
srun: Job 8612816 step creation still disabled, retrying (Requested nodes are busy)
srun: Job 8612816 step creation still disabled, retrying (Requested nodes are busy)
srun: Job 8612816 step creation still disabled, retrying (Requested nodes are busy)
srun: Job 8612816 step creation still disabled, retrying (Requested nodes are busy)
srun: Job 8612816 step creation still disabled, retrying (Requested nodes are busy)
srun: Job 8612816 step creation still disabled, retrying (Requested nodes are busy)
srun: Job 8612816 step creation still disabled, retrying (Requested nodes are busy)
srun: Job 8612816 step creation still disabled, retrying (Requested nodes are busy)
srun: Job 8612816 step creation still disabled, retrying (Requested nodes are busy)
srun: Job 8612816 step creation still disabled, retrying (Requested nodes are busy)
srun: Job 8612816 step creation still disabled, retrying (Requested nodes are busy)
srun: Job 8612816 step creation still disabled, retrying (Requested nodes are busy)
srun: Job 8612816 step creation still disabled, retrying (Requested nodes are busy)
srun: Job 8612816 step creation still disabled, retrying (Requested nodes are busy)
srun: Job 8612816 step creation still disabled, retrying (Requested nodes are busy)
srun: Job 8612816 step creation still disabled, retrying (Requested nodes are busy)
srun: Job 8612816 step creation still disabled, retrying (Requested nodes are busy)
srun: Job 8612816 step creation still disabled, retrying (Requested nodes are busy)
srun: Job 8612816 step creation still disabled, retrying (Requested nodes are busy)
srun: Job 8612816 step creation still disabled, retrying (Requested nodes are busy)
srun: Job 8612816 step creation still disabled, retrying (Requested nodes are busy)
srun: Job 8612816 step creation still disabled, retrying (Requested nodes are busy)
srun: Job 8612816 step creation still disabled, retrying (Requested nodes are busy)
srun: Job 8612816 step creation still disabled, retrying (Requested nodes are busy)
srun: Job 8612816 step creation still disabled, retrying (Requested nodes are busy)
srun: Job 8612816 step creation still disabled, retrying (Requested nodes are busy)
srun: Job 8612816 step creation still disabled, retrying (Requested nodes are busy)
srun: Job 8612816 step creation still disabled, retrying (Requested nodes are busy)
srun: Job 8612816 step creation still disabled, retrying (Requested nodes are busy)
srun: Job 8612816 step creation still disabled, retrying (Requested nodes are busy)
srun: Job 8612816 step creation still disabled, retrying (Requested nodes are busy)
srun: Job 8612816 step creation still disabled, retrying (Requested nodes are busy)
srun: Job 8612816 step creation still disabled, retrying (Requested nodes are busy)
srun: Job 8612816 step creation still disabled, retrying (Requested nodes are busy)
srun: Job 8612816 step creation still disabled, retrying (Requested nodes are busy)
srun: Job 8612816 step creation still disabled, retrying (Requested nodes are busy)
srun: Job 8612816 step creation still disabled, retrying (Requested nodes are busy)
srun: Job 8612816 step creation still disabled, retrying (Requested nodes are busy)
srun: Job 8612816 step creation still disabled, retrying (Requested nodes are busy)
srun: Job 8612816 step creation still disabled, retrying (Requested nodes are busy)
srun: Job 8612816 step creation still disabled, retrying (Requested nodes are busy)
srun: Job 8612816 step creation still disabled, retrying (Requested nodes are busy)
srun: Job 8612816 step creation still disabled, retrying (Requested nodes are busy)
Parametrized_Cluster_5_2000_s1-200_t1_m5-5_FrozenLake-v1: 200/2000
Parametrized_Cluster_5_2000_s1-200_t1_m5-5_FrozenLake-v1: 400/2000
Parametrized_Cluster_5_2000_s1-200_t1_m5-5_FrozenLake-v1: 600/2000
Parametrized_Cluster_5_2000_s1-200_t1_m5-5_FrozenLake-v1: 800/2000
Parametrized_Cluster_5_2000_s1-200_t1_m5-5_FrozenLake-v1: 1000/2000
Parametrized_Cluster_5_2000_s1-200_t1_m5-5_FrozenLake-v1: 1200/2000
Parametrized_Cluster_5_2000_s1-200_t1_m5-5_FrozenLake-v1: 1400/2000
Parametrized_Cluster_5_2000_s1-200_t1_m5-5_FrozenLake-v1: 1600/2000
Parametrized_Cluster_5_2000_s1-200_t1_m5-5_FrozenLake-v1: 1800/2000
Parametrized_Cluster_5_2000_s1-200_t1_m5-5_FrozenLake-v1: 2000/2000
srun: Job 8612816 step creation still disabled, retrying (Requested nodes are busy)
srun: Step created for job 8612816
srun: Job 8612816 step creation still disabled, retrying (Requested nodes are busy)
srun: Job 8612816 step creation still disabled, retrying (Requested nodes are busy)
srun: Job 8612816 step creation still disabled, retrying (Requested nodes are busy)
srun: Job 8612816 step creation still disabled, retrying (Requested nodes are busy)
srun: Job 8612816 step creation still disabled, retrying (Requested nodes are busy)
srun: Job 8612816 step creation still disabled, retrying (Requested nodes are busy)
srun: Job 8612816 step creation still disabled, retrying (Requested nodes are busy)
srun: Job 8612816 step creation still disabled, retrying (Requested nodes are busy)
srun: Job 8612816 step creation still disabled, retrying (Requested nodes are busy)
srun: Job 8612816 step creation still disabled, retrying (Requested nodes are busy)
srun: Job 8612816 step creation still disabled, retrying (Requested nodes are busy)
srun: Job 8612816 step creation still disabled, retrying (Requested nodes are busy)
srun: Job 8612816 step creation still disabled, retrying (Requested nodes are busy)
srun: Job 8612816 step creation still disabled, retrying (Requested nodes are busy)
srun: Job 8612816 step creation still disabled, retrying (Requested nodes are busy)
srun: Job 8612816 step creation still disabled, retrying (Requested nodes are busy)
srun: Job 8612816 step creation still disabled, retrying (Requested nodes are busy)
srun: Job 8612816 step creation still disabled, retrying (Requested nodes are busy)
srun: Job 8612816 step creation still disabled, retrying (Requested nodes are busy)
srun: Job 8612816 step creation still disabled, retrying (Requested nodes are busy)
srun: Job 8612816 step creation still disabled, retrying (Requested nodes are busy)
srun: Job 8612816 step creation still disabled, retrying (Requested nodes are busy)
srun: Job 8612816 step creation still disabled, retrying (Requested nodes are busy)
srun: Job 8612816 step creation still disabled, retrying (Requested nodes are busy)
srun: Job 8612816 step creation still disabled, retrying (Requested nodes are busy)
srun: Job 8612816 step creation still disabled, retrying (Requested nodes are busy)
srun: Job 8612816 step creation still disabled, retrying (Requested nodes are busy)
srun: Job 8612816 step creation still disabled, retrying (Requested nodes are busy)
srun: Job 8612816 step creation still disabled, retrying (Requested nodes are busy)
srun: Job 8612816 step creation still disabled, retrying (Requested nodes are busy)
srun: Job 8612816 step creation still disabled, retrying (Requested nodes are busy)
srun: Job 8612816 step creation still disabled, retrying (Requested nodes are busy)
srun: Job 8612816 step creation still disabled, retrying (Requested nodes are busy)
srun: Job 8612816 step creation still disabled, retrying (Requested nodes are busy)
srun: Job 8612816 step creation still disabled, retrying (Requested nodes are busy)
srun: Job 8612816 step creation still disabled, retrying (Requested nodes are busy)
srun: Job 8612816 step creation still disabled, retrying (Requested nodes are busy)
srun: Job 8612816 step creation still disabled, retrying (Requested nodes are busy)
srun: Job 8612816 step creation still disabled, retrying (Requested nodes are busy)
srun: Job 8612816 step creation still disabled, retrying (Requested nodes are busy)
srun: Job 8612816 step creation still disabled, retrying (Requested nodes are busy)
srun: Job 8612816 step creation still disabled, retrying (Requested nodes are busy)
srun: Job 8612816 step creation still disabled, retrying (Requested nodes are busy)
srun: Job 8612816 step creation still disabled, retrying (Requested nodes are busy)
srun: Job 8612816 step creation still disabled, retrying (Requested nodes are busy)
srun: Job 8612816 step creation still disabled, retrying (Requested nodes are busy)
srun: Job 8612816 step creation still disabled, retrying (Requested nodes are busy)
srun: Job 8612816 step creation still disabled, retrying (Requested nodes are busy)
srun: Job 8612816 step creation still disabled, retrying (Requested nodes are busy)
srun: Job 8612816 step creation still disabled, retrying (Requested nodes are busy)
srun: Job 8612816 step creation still disabled, retrying (Requested nodes are busy)
srun: Job 8612816 step creation still disabled, retrying (Requested nodes are busy)
srun: Job 8612816 step creation still disabled, retrying (Requested nodes are busy)
srun: Job 8612816 step creation still disabled, retrying (Requested nodes are busy)
srun: Job 8612816 step creation still disabled, retrying (Requested nodes are busy)
srun: Job 8612816 step creation still disabled, retrying (Requested nodes are busy)
srun: Job 8612816 step creation still disabled, retrying (Requested nodes are busy)
srun: Job 8612816 step creation still disabled, retrying (Requested nodes are busy)
srun: Job 8612816 step creation still disabled, retrying (Requested nodes are busy)
srun: Job 8612816 step creation still disabled, retrying (Requested nodes are busy)
srun: Job 8612816 step creation still disabled, retrying (Requested nodes are busy)
srun: Job 8612816 step creation still disabled, retrying (Requested nodes are busy)
srun: Job 8612816 step creation still disabled, retrying (Requested nodes are busy)
srun: Job 8612816 step creation still disabled, retrying (Requested nodes are busy)
srun: Job 8612816 step creation still disabled, retrying (Requested nodes are busy)
srun: Job 8612816 step creation still disabled, retrying (Requested nodes are busy)
srun: Job 8612816 step creation still disabled, retrying (Requested nodes are busy)
srun: Job 8612816 step creation still disabled, retrying (Requested nodes are busy)
srun: Job 8612816 step creation still disabled, retrying (Requested nodes are busy)
srun: Job 8612816 step creation still disabled, retrying (Requested nodes are busy)
srun: Job 8612816 step creation still disabled, retrying (Requested nodes are busy)
srun: Job 8612816 step creation still disabled, retrying (Requested nodes are busy)
srun: Job 8612816 step creation still disabled, retrying (Requested nodes are busy)
srun: Job 8612816 step creation still disabled, retrying (Requested nodes are busy)
srun: Job 8612816 step creation still disabled, retrying (Requested nodes are busy)
srun: Job 8612816 step creation still disabled, retrying (Requested nodes are busy)
srun: Job 8612816 step creation still disabled, retrying (Requested nodes are busy)
srun: Job 8612816 step creation still disabled, retrying (Requested nodes are busy)
srun: Job 8612816 step creation still disabled, retrying (Requested nodes are busy)
srun: Job 8612816 step creation still disabled, retrying (Requested nodes are busy)
srun: Job 8612816 step creation still disabled, retrying (Requested nodes are busy)
srun: Job 8612816 step creation still disabled, retrying (Requested nodes are busy)
srun: Job 8612816 step creation still disabled, retrying (Requested nodes are busy)
srun: Job 8612816 step creation still disabled, retrying (Requested nodes are busy)
srun: Job 8612816 step creation still disabled, retrying (Requested nodes are busy)
srun: Job 8612816 step creation still disabled, retrying (Requested nodes are busy)
srun: Job 8612816 step creation still disabled, retrying (Requested nodes are busy)
srun: Job 8612816 step creation still disabled, retrying (Requested nodes are busy)
srun: Job 8612816 step creation still disabled, retrying (Requested nodes are busy)
srun: Job 8612816 step creation still disabled, retrying (Requested nodes are busy)
srun: Job 8612816 step creation still disabled, retrying (Requested nodes are busy)
srun: Job 8612816 step creation still disabled, retrying (Requested nodes are busy)
srun: Job 8612816 step creation still disabled, retrying (Requested nodes are busy)
srun: Job 8612816 step creation still disabled, retrying (Requested nodes are busy)
Parametrized_Cluster_7_2000_s1-200_t1_m5-5_FrozenLake-v1: 200/2000
Parametrized_Cluster_7_2000_s1-200_t1_m5-5_FrozenLake-v1: 400/2000
Parametrized_Cluster_7_2000_s1-200_t1_m5-5_FrozenLake-v1: 600/2000
Parametrized_Cluster_7_2000_s1-200_t1_m5-5_FrozenLake-v1: 800/2000
Parametrized_Cluster_7_2000_s1-200_t1_m5-5_FrozenLake-v1: 1000/2000
Parametrized_Cluster_7_2000_s1-200_t1_m5-5_FrozenLake-v1: 1200/2000
Parametrized_Cluster_7_2000_s1-200_t1_m5-5_FrozenLake-v1: 1400/2000
Parametrized_Cluster_7_2000_s1-200_t1_m5-5_FrozenLake-v1: 1600/2000
Parametrized_Cluster_7_2000_s1-200_t1_m5-5_FrozenLake-v1: 1800/2000
Parametrized_Cluster_7_2000_s1-200_t1_m5-5_FrozenLake-v1: 2000/2000
srun: Job 8612816 step creation still disabled, retrying (Requested nodes are busy)
srun: Step created for job 8612816
srun: Job 8612816 step creation still disabled, retrying (Requested nodes are busy)
srun: Job 8612816 step creation still disabled, retrying (Requested nodes are busy)
srun: Job 8612816 step creation still disabled, retrying (Requested nodes are busy)
srun: Job 8612816 step creation still disabled, retrying (Requested nodes are busy)
srun: Job 8612816 step creation still disabled, retrying (Requested nodes are busy)
srun: Job 8612816 step creation still disabled, retrying (Requested nodes are busy)
srun: Job 8612816 step creation still disabled, retrying (Requested nodes are busy)
srun: Job 8612816 step creation still disabled, retrying (Requested nodes are busy)
srun: Job 8612816 step creation still disabled, retrying (Requested nodes are busy)
srun: Job 8612816 step creation still disabled, retrying (Requested nodes are busy)
Parametrized_Cluster_6_2000_s1-200_t1_m5-5_FrozenLake-v1: 200/2000
Parametrized_Cluster_6_2000_s1-200_t1_m5-5_FrozenLake-v1: 400/2000
Parametrized_Cluster_6_2000_s1-200_t1_m5-5_FrozenLake-v1: 600/2000
Parametrized_Cluster_6_2000_s1-200_t1_m5-5_FrozenLake-v1: 800/2000
Parametrized_Cluster_6_2000_s1-200_t1_m5-5_FrozenLake-v1: 1000/2000
Parametrized_Cluster_6_2000_s1-200_t1_m5-5_FrozenLake-v1: 1200/2000
Parametrized_Cluster_6_2000_s1-200_t1_m5-5_FrozenLake-v1: 1400/2000
Parametrized_Cluster_6_2000_s1-200_t1_m5-5_FrozenLake-v1: 1600/2000
Parametrized_Cluster_6_2000_s1-200_t1_m5-5_FrozenLake-v1: 1800/2000
Parametrized_Cluster_6_2000_s1-200_t1_m5-5_FrozenLake-v1: 2000/2000
srun: Job 8612816 step creation still disabled, retrying (Requested nodes are busy)
srun: Step created for job 8612816
srun: Job 8612816 step creation still disabled, retrying (Requested nodes are busy)
srun: Job 8612816 step creation still disabled, retrying (Requested nodes are busy)
srun: Job 8612816 step creation still disabled, retrying (Requested nodes are busy)
srun: Job 8612816 step creation still disabled, retrying (Requested nodes are busy)
srun: Job 8612816 step creation still disabled, retrying (Requested nodes are busy)
srun: Job 8612816 step creation still disabled, retrying (Requested nodes are busy)
srun: Job 8612816 step creation still disabled, retrying (Requested nodes are busy)
srun: Job 8612816 step creation still disabled, retrying (Requested nodes are busy)
srun: Job 8612816 step creation still disabled, retrying (Requested nodes are busy)
srun: Job 8612816 step creation still disabled, retrying (Requested nodes are busy)
srun: Job 8612816 step creation still disabled, retrying (Requested nodes are busy)
srun: Job 8612816 step creation still disabled, retrying (Requested nodes are busy)
srun: Job 8612816 step creation still disabled, retrying (Requested nodes are busy)
srun: Job 8612816 step creation still disabled, retrying (Requested nodes are busy)
srun: Job 8612816 step creation still disabled, retrying (Requested nodes are busy)
srun: Job 8612816 step creation still disabled, retrying (Requested nodes are busy)
srun: Job 8612816 step creation still disabled, retrying (Requested nodes are busy)
srun: Job 8612816 step creation still disabled, retrying (Requested nodes are busy)
srun: Job 8612816 step creation still disabled, retrying (Requested nodes are busy)
srun: Job 8612816 step creation still disabled, retrying (Requested nodes are busy)
srun: Job 8612816 step creation still disabled, retrying (Requested nodes are busy)
srun: Job 8612816 step creation still disabled, retrying (Requested nodes are busy)
srun: Job 8612816 step creation still disabled, retrying (Requested nodes are busy)
srun: Job 8612816 step creation still disabled, retrying (Requested nodes are busy)
srun: Job 8612816 step creation still disabled, retrying (Requested nodes are busy)
srun: Job 8612816 step creation still disabled, retrying (Requested nodes are busy)
srun: Job 8612816 step creation still disabled, retrying (Requested nodes are busy)
srun: Job 8612816 step creation still disabled, retrying (Requested nodes are busy)
srun: Job 8612816 step creation still disabled, retrying (Requested nodes are busy)
srun: Job 8612816 step creation still disabled, retrying (Requested nodes are busy)
srun: Job 8612816 step creation still disabled, retrying (Requested nodes are busy)
srun: Job 8612816 step creation still disabled, retrying (Requested nodes are busy)
srun: Job 8612816 step creation still disabled, retrying (Requested nodes are busy)
srun: Job 8612816 step creation still disabled, retrying (Requested nodes are busy)
srun: Job 8612816 step creation still disabled, retrying (Requested nodes are busy)
srun: Job 8612816 step creation still disabled, retrying (Requested nodes are busy)
srun: Job 8612816 step creation still disabled, retrying (Requested nodes are busy)
srun: Job 8612816 step creation still disabled, retrying (Requested nodes are busy)
srun: Job 8612816 step creation still disabled, retrying (Requested nodes are busy)
srun: Job 8612816 step creation still disabled, retrying (Requested nodes are busy)
srun: Job 8612816 step creation still disabled, retrying (Requested nodes are busy)
srun: Job 8612816 step creation still disabled, retrying (Requested nodes are busy)
srun: Job 8612816 step creation still disabled, retrying (Requested nodes are busy)
srun: Job 8612816 step creation still disabled, retrying (Requested nodes are busy)
srun: Job 8612816 step creation still disabled, retrying (Requested nodes are busy)
srun: Job 8612816 step creation still disabled, retrying (Requested nodes are busy)
srun: Job 8612816 step creation still disabled, retrying (Requested nodes are busy)
srun: Job 8612816 step creation still disabled, retrying (Requested nodes are busy)
srun: Job 8612816 step creation still disabled, retrying (Requested nodes are busy)
srun: Job 8612816 step creation still disabled, retrying (Requested nodes are busy)
srun: Job 8612816 step creation still disabled, retrying (Requested nodes are busy)
srun: Job 8612816 step creation still disabled, retrying (Requested nodes are busy)
srun: Job 8612816 step creation still disabled, retrying (Requested nodes are busy)
srun: Job 8612816 step creation still disabled, retrying (Requested nodes are busy)
srun: Job 8612816 step creation still disabled, retrying (Requested nodes are busy)
srun: Job 8612816 step creation still disabled, retrying (Requested nodes are busy)
srun: Job 8612816 step creation still disabled, retrying (Requested nodes are busy)
srun: Job 8612816 step creation still disabled, retrying (Requested nodes are busy)
srun: Job 8612816 step creation still disabled, retrying (Requested nodes are busy)
srun: Job 8612816 step creation still disabled, retrying (Requested nodes are busy)
srun: Job 8612816 step creation still disabled, retrying (Requested nodes are busy)
srun: Job 8612816 step creation still disabled, retrying (Requested nodes are busy)
srun: Job 8612816 step creation still disabled, retrying (Requested nodes are busy)
srun: Job 8612816 step creation still disabled, retrying (Requested nodes are busy)
srun: Job 8612816 step creation still disabled, retrying (Requested nodes are busy)
srun: Job 8612816 step creation still disabled, retrying (Requested nodes are busy)
srun: Job 8612816 step creation still disabled, retrying (Requested nodes are busy)
srun: Job 8612816 step creation still disabled, retrying (Requested nodes are busy)
srun: Job 8612816 step creation still disabled, retrying (Requested nodes are busy)
srun: Job 8612816 step creation still disabled, retrying (Requested nodes are busy)
srun: Job 8612816 step creation still disabled, retrying (Requested nodes are busy)
srun: Job 8612816 step creation still disabled, retrying (Requested nodes are busy)
srun: Job 8612816 step creation still disabled, retrying (Requested nodes are busy)
srun: Job 8612816 step creation still disabled, retrying (Requested nodes are busy)
srun: Job 8612816 step creation still disabled, retrying (Requested nodes are busy)
srun: Job 8612816 step creation still disabled, retrying (Requested nodes are busy)
srun: Job 8612816 step creation still disabled, retrying (Requested nodes are busy)
srun: Job 8612816 step creation still disabled, retrying (Requested nodes are busy)
srun: Job 8612816 step creation still disabled, retrying (Requested nodes are busy)
srun: Job 8612816 step creation still disabled, retrying (Requested nodes are busy)
srun: Job 8612816 step creation still disabled, retrying (Requested nodes are busy)
srun: Job 8612816 step creation still disabled, retrying (Requested nodes are busy)
srun: Job 8612816 step creation still disabled, retrying (Requested nodes are busy)
srun: Job 8612816 step creation still disabled, retrying (Requested nodes are busy)
srun: Job 8612816 step creation still disabled, retrying (Requested nodes are busy)
srun: Job 8612816 step creation still disabled, retrying (Requested nodes are busy)
srun: Job 8612816 step creation still disabled, retrying (Requested nodes are busy)
srun: Job 8612816 step creation still disabled, retrying (Requested nodes are busy)
srun: Job 8612816 step creation still disabled, retrying (Requested nodes are busy)
srun: Job 8612816 step creation still disabled, retrying (Requested nodes are busy)
srun: Job 8612816 step creation still disabled, retrying (Requested nodes are busy)
srun: Job 8612816 step creation still disabled, retrying (Requested nodes are busy)
srun: Job 8612816 step creation still disabled, retrying (Requested nodes are busy)
srun: Job 8612816 step creation still disabled, retrying (Requested nodes are busy)
srun: Job 8612816 step creation still disabled, retrying (Requested nodes are busy)
srun: Job 8612816 step creation still disabled, retrying (Requested nodes are busy)
srun: Job 8612816 step creation still disabled, retrying (Requested nodes are busy)
srun: Job 8612816 step creation still disabled, retrying (Requested nodes are busy)
srun: Job 8612816 step creation still disabled, retrying (Requested nodes are busy)
srun: Job 8612816 step creation still disabled, retrying (Requested nodes are busy)
srun: Job 8612816 step creation still disabled, retrying (Requested nodes are busy)
srun: Job 8612816 step creation still disabled, retrying (Requested nodes are busy)
srun: Job 8612816 step creation still disabled, retrying (Requested nodes are busy)
srun: Job 8612816 step creation still disabled, retrying (Requested nodes are busy)
srun: Job 8612816 step creation still disabled, retrying (Requested nodes are busy)
srun: Job 8612816 step creation still disabled, retrying (Requested nodes are busy)
srun: Job 8612816 step creation still disabled, retrying (Requested nodes are busy)
srun: Job 8612816 step creation still disabled, retrying (Requested nodes are busy)
srun: Job 8612816 step creation still disabled, retrying (Requested nodes are busy)
srun: Job 8612816 step creation still disabled, retrying (Requested nodes are busy)
srun: Job 8612816 step creation still disabled, retrying (Requested nodes are busy)
srun: Job 8612816 step creation still disabled, retrying (Requested nodes are busy)
srun: Job 8612816 step creation still disabled, retrying (Requested nodes are busy)
srun: Job 8612816 step creation still disabled, retrying (Requested nodes are busy)
srun: Job 8612816 step creation still disabled, retrying (Requested nodes are busy)
srun: Job 8612816 step creation still disabled, retrying (Requested nodes are busy)
srun: Job 8612816 step creation still disabled, retrying (Requested nodes are busy)
srun: Job 8612816 step creation still disabled, retrying (Requested nodes are busy)
srun: Job 8612816 step creation still disabled, retrying (Requested nodes are busy)
srun: Job 8612816 step creation still disabled, retrying (Requested nodes are busy)
srun: Job 8612816 step creation still disabled, retrying (Requested nodes are busy)
srun: Job 8612816 step creation still disabled, retrying (Requested nodes are busy)
srun: Job 8612816 step creation still disabled, retrying (Requested nodes are busy)
srun: Job 8612816 step creation still disabled, retrying (Requested nodes are busy)
srun: Job 8612816 step creation still disabled, retrying (Requested nodes are busy)
srun: Job 8612816 step creation still disabled, retrying (Requested nodes are busy)
srun: Job 8612816 step creation still disabled, retrying (Requested nodes are busy)
srun: Job 8612816 step creation still disabled, retrying (Requested nodes are busy)
srun: Job 8612816 step creation still disabled, retrying (Requested nodes are busy)
srun: Job 8612816 step creation still disabled, retrying (Requested nodes are busy)
srun: Job 8612816 step creation still disabled, retrying (Requested nodes are busy)
srun: Job 8612816 step creation still disabled, retrying (Requested nodes are busy)
srun: Job 8612816 step creation still disabled, retrying (Requested nodes are busy)
srun: Job 8612816 step creation still disabled, retrying (Requested nodes are busy)
srun: Job 8612816 step creation still disabled, retrying (Requested nodes are busy)
srun: Job 8612816 step creation still disabled, retrying (Requested nodes are busy)
srun: Job 8612816 step creation still disabled, retrying (Requested nodes are busy)
srun: Job 8612816 step creation still disabled, retrying (Requested nodes are busy)
srun: Job 8612816 step creation still disabled, retrying (Requested nodes are busy)
srun: Job 8612816 step creation still disabled, retrying (Requested nodes are busy)
srun: Job 8612816 step creation still disabled, retrying (Requested nodes are busy)
srun: Job 8612816 step creation still disabled, retrying (Requested nodes are busy)
srun: Job 8612816 step creation still disabled, retrying (Requested nodes are busy)
srun: Job 8612816 step creation still disabled, retrying (Requested nodes are busy)
srun: Job 8612816 step creation still disabled, retrying (Requested nodes are busy)
srun: Job 8612816 step creation still disabled, retrying (Requested nodes are busy)
srun: Job 8612816 step creation still disabled, retrying (Requested nodes are busy)
srun: Job 8612816 step creation still disabled, retrying (Requested nodes are busy)
srun: Job 8612816 step creation still disabled, retrying (Requested nodes are busy)
srun: Job 8612816 step creation still disabled, retrying (Requested nodes are busy)
srun: Job 8612816 step creation still disabled, retrying (Requested nodes are busy)
srun: Job 8612816 step creation still disabled, retrying (Requested nodes are busy)
srun: Job 8612816 step creation still disabled, retrying (Requested nodes are busy)
srun: Job 8612816 step creation still disabled, retrying (Requested nodes are busy)
srun: Job 8612816 step creation still disabled, retrying (Requested nodes are busy)
srun: Job 8612816 step creation still disabled, retrying (Requested nodes are busy)
srun: Job 8612816 step creation still disabled, retrying (Requested nodes are busy)
srun: Job 8612816 step creation still disabled, retrying (Requested nodes are busy)
srun: Job 8612816 step creation still disabled, retrying (Requested nodes are busy)
srun: Job 8612816 step creation still disabled, retrying (Requested nodes are busy)
srun: Job 8612816 step creation still disabled, retrying (Requested nodes are busy)
srun: Job 8612816 step creation still disabled, retrying (Requested nodes are busy)
srun: Job 8612816 step creation still disabled, retrying (Requested nodes are busy)
srun: Job 8612816 step creation still disabled, retrying (Requested nodes are busy)
srun: Job 8612816 step creation still disabled, retrying (Requested nodes are busy)
srun: Job 8612816 step creation still disabled, retrying (Requested nodes are busy)
srun: Job 8612816 step creation still disabled, retrying (Requested nodes are busy)
srun: Job 8612816 step creation still disabled, retrying (Requested nodes are busy)
srun: Job 8612816 step creation still disabled, retrying (Requested nodes are busy)
srun: Job 8612816 step creation still disabled, retrying (Requested nodes are busy)
srun: Job 8612816 step creation still disabled, retrying (Requested nodes are busy)
srun: Job 8612816 step creation still disabled, retrying (Requested nodes are busy)
srun: Job 8612816 step creation still disabled, retrying (Requested nodes are busy)
srun: Job 8612816 step creation still disabled, retrying (Requested nodes are busy)
srun: Job 8612816 step creation still disabled, retrying (Requested nodes are busy)
srun: Job 8612816 step creation still disabled, retrying (Requested nodes are busy)
srun: Job 8612816 step creation still disabled, retrying (Requested nodes are busy)
srun: Job 8612816 step creation still disabled, retrying (Requested nodes are busy)
srun: Job 8612816 step creation still disabled, retrying (Requested nodes are busy)
srun: Job 8612816 step creation still disabled, retrying (Requested nodes are busy)
srun: Job 8612816 step creation still disabled, retrying (Requested nodes are busy)
srun: Job 8612816 step creation still disabled, retrying (Requested nodes are busy)
srun: Job 8612816 step creation still disabled, retrying (Requested nodes are busy)
srun: Job 8612816 step creation still disabled, retrying (Requested nodes are busy)
srun: Job 8612816 step creation still disabled, retrying (Requested nodes are busy)
srun: Job 8612816 step creation still disabled, retrying (Requested nodes are busy)
srun: Job 8612816 step creation still disabled, retrying (Requested nodes are busy)
srun: Job 8612816 step creation still disabled, retrying (Requested nodes are busy)
srun: Job 8612816 step creation still disabled, retrying (Requested nodes are busy)
srun: Job 8612816 step creation still disabled, retrying (Requested nodes are busy)
srun: Job 8612816 step creation still disabled, retrying (Requested nodes are busy)
srun: Job 8612816 step creation still disabled, retrying (Requested nodes are busy)
srun: Job 8612816 step creation still disabled, retrying (Requested nodes are busy)
srun: Job 8612816 step creation still disabled, retrying (Requested nodes are busy)
srun: Job 8612816 step creation still disabled, retrying (Requested nodes are busy)
srun: Job 8612816 step creation still disabled, retrying (Requested nodes are busy)
srun: Job 8612816 step creation still disabled, retrying (Requested nodes are busy)
srun: Job 8612816 step creation still disabled, retrying (Requested nodes are busy)
srun: Job 8612816 step creation still disabled, retrying (Requested nodes are busy)
srun: Job 8612816 step creation still disabled, retrying (Requested nodes are busy)
srun: Job 8612816 step creation still disabled, retrying (Requested nodes are busy)
srun: Job 8612816 step creation still disabled, retrying (Requested nodes are busy)
srun: Job 8612816 step creation still disabled, retrying (Requested nodes are busy)
srun: Job 8612816 step creation still disabled, retrying (Requested nodes are busy)
srun: Job 8612816 step creation still disabled, retrying (Requested nodes are busy)
srun: Job 8612816 step creation still disabled, retrying (Requested nodes are busy)
srun: Job 8612816 step creation still disabled, retrying (Requested nodes are busy)
srun: Job 8612816 step creation still disabled, retrying (Requested nodes are busy)
srun: Job 8612816 step creation still disabled, retrying (Requested nodes are busy)
srun: Job 8612816 step creation still disabled, retrying (Requested nodes are busy)
srun: Job 8612816 step creation still disabled, retrying (Requested nodes are busy)
srun: Job 8612816 step creation still disabled, retrying (Requested nodes are busy)
srun: Job 8612816 step creation still disabled, retrying (Requested nodes are busy)
srun: Job 8612816 step creation still disabled, retrying (Requested nodes are busy)
srun: Job 8612816 step creation still disabled, retrying (Requested nodes are busy)
srun: Job 8612816 step creation still disabled, retrying (Requested nodes are busy)
srun: Job 8612816 step creation still disabled, retrying (Requested nodes are busy)
srun: Job 8612816 step creation still disabled, retrying (Requested nodes are busy)
srun: Job 8612816 step creation still disabled, retrying (Requested nodes are busy)
srun: Job 8612816 step creation still disabled, retrying (Requested nodes are busy)
srun: Job 8612816 step creation still disabled, retrying (Requested nodes are busy)
srun: Job 8612816 step creation still disabled, retrying (Requested nodes are busy)
srun: Job 8612816 step creation still disabled, retrying (Requested nodes are busy)
srun: Job 8612816 step creation still disabled, retrying (Requested nodes are busy)
srun: Job 8612816 step creation still disabled, retrying (Requested nodes are busy)
srun: Job 8612816 step creation still disabled, retrying (Requested nodes are busy)
srun: Job 8612816 step creation still disabled, retrying (Requested nodes are busy)
srun: Job 8612816 step creation still disabled, retrying (Requested nodes are busy)
srun: Job 8612816 step creation still disabled, retrying (Requested nodes are busy)
srun: Job 8612816 step creation still disabled, retrying (Requested nodes are busy)
srun: Job 8612816 step creation still disabled, retrying (Requested nodes are busy)
srun: Job 8612816 step creation still disabled, retrying (Requested nodes are busy)
srun: Job 8612816 step creation still disabled, retrying (Requested nodes are busy)
srun: Job 8612816 step creation still disabled, retrying (Requested nodes are busy)
srun: Job 8612816 step creation still disabled, retrying (Requested nodes are busy)
srun: Job 8612816 step creation still disabled, retrying (Requested nodes are busy)
srun: Job 8612816 step creation still disabled, retrying (Requested nodes are busy)
srun: Job 8612816 step creation still disabled, retrying (Requested nodes are busy)
srun: Job 8612816 step creation still disabled, retrying (Requested nodes are busy)
srun: Job 8612816 step creation still disabled, retrying (Requested nodes are busy)
srun: Job 8612816 step creation still disabled, retrying (Requested nodes are busy)
srun: Job 8612816 step creation still disabled, retrying (Requested nodes are busy)
srun: Job 8612816 step creation still disabled, retrying (Requested nodes are busy)
srun: Job 8612816 step creation still disabled, retrying (Requested nodes are busy)
srun: Job 8612816 step creation still disabled, retrying (Requested nodes are busy)
srun: Job 8612816 step creation still disabled, retrying (Requested nodes are busy)
srun: Job 8612816 step creation still disabled, retrying (Requested nodes are busy)
srun: Job 8612816 step creation still disabled, retrying (Requested nodes are busy)
srun: Job 8612816 step creation still disabled, retrying (Requested nodes are busy)
Parametrized_Cluster_1_2000_s1-200_t1_m5-5_FrozenLake-v1: 200/2000
Parametrized_Cluster_1_2000_s1-200_t1_m5-5_FrozenLake-v1: 400/2000
Parametrized_Cluster_1_2000_s1-200_t1_m5-5_FrozenLake-v1: 600/2000
Parametrized_Cluster_1_2000_s1-200_t1_m5-5_FrozenLake-v1: 800/2000
Parametrized_Cluster_1_2000_s1-200_t1_m5-5_FrozenLake-v1: 1000/2000
Parametrized_Cluster_1_2000_s1-200_t1_m5-5_FrozenLake-v1: 1200/2000
Parametrized_Cluster_1_2000_s1-200_t1_m5-5_FrozenLake-v1: 1400/2000
Parametrized_Cluster_1_2000_s1-200_t1_m5-5_FrozenLake-v1: 1600/2000
Parametrized_Cluster_1_2000_s1-200_t1_m5-5_FrozenLake-v1: 1800/2000
Parametrized_Cluster_1_2000_s1-200_t1_m5-5_FrozenLake-v1: 2000/2000
srun: Job 8612816 step creation still disabled, retrying (Requested nodes are busy)
srun: Job 8612816 step creation still disabled, retrying (Requested nodes are busy)
srun: Step created for job 8612816
srun: Job 8612816 step creation still disabled, retrying (Requested nodes are busy)
srun: Job 8612816 step creation still disabled, retrying (Requested nodes are busy)
srun: Job 8612816 step creation still disabled, retrying (Requested nodes are busy)
srun: Job 8612816 step creation still disabled, retrying (Requested nodes are busy)
srun: Job 8612816 step creation still disabled, retrying (Requested nodes are busy)
srun: Job 8612816 step creation still disabled, retrying (Requested nodes are busy)
srun: Job 8612816 step creation still disabled, retrying (Requested nodes are busy)
srun: Job 8612816 step creation still disabled, retrying (Requested nodes are busy)
srun: Job 8612816 step creation still disabled, retrying (Requested nodes are busy)
srun: Job 8612816 step creation still disabled, retrying (Requested nodes are busy)
srun: Job 8612816 step creation still disabled, retrying (Requested nodes are busy)
srun: Job 8612816 step creation still disabled, retrying (Requested nodes are busy)
srun: Job 8612816 step creation still disabled, retrying (Requested nodes are busy)
srun: Job 8612816 step creation still disabled, retrying (Requested nodes are busy)
srun: Job 8612816 step creation still disabled, retrying (Requested nodes are busy)
srun: Job 8612816 step creation still disabled, retrying (Requested nodes are busy)
srun: Job 8612816 step creation still disabled, retrying (Requested nodes are busy)
srun: Job 8612816 step creation still disabled, retrying (Requested nodes are busy)
srun: Job 8612816 step creation still disabled, retrying (Requested nodes are busy)
srun: Job 8612816 step creation still disabled, retrying (Requested nodes are busy)
srun: Job 8612816 step creation still disabled, retrying (Requested nodes are busy)
srun: Job 8612816 step creation still disabled, retrying (Requested nodes are busy)
srun: Job 8612816 step creation still disabled, retrying (Requested nodes are busy)
srun: Job 8612816 step creation still disabled, retrying (Requested nodes are busy)
srun: Job 8612816 step creation still disabled, retrying (Requested nodes are busy)
srun: Job 8612816 step creation still disabled, retrying (Requested nodes are busy)
srun: Job 8612816 step creation still disabled, retrying (Requested nodes are busy)
srun: Job 8612816 step creation still disabled, retrying (Requested nodes are busy)
srun: Job 8612816 step creation still disabled, retrying (Requested nodes are busy)
srun: Job 8612816 step creation still disabled, retrying (Requested nodes are busy)
srun: Job 8612816 step creation still disabled, retrying (Requested nodes are busy)
srun: Job 8612816 step creation still disabled, retrying (Requested nodes are busy)
srun: Job 8612816 step creation still disabled, retrying (Requested nodes are busy)
srun: Job 8612816 step creation still disabled, retrying (Requested nodes are busy)
srun: Job 8612816 step creation still disabled, retrying (Requested nodes are busy)
srun: Job 8612816 step creation still disabled, retrying (Requested nodes are busy)
srun: Job 8612816 step creation still disabled, retrying (Requested nodes are busy)
srun: Job 8612816 step creation still disabled, retrying (Requested nodes are busy)
srun: Job 8612816 step creation still disabled, retrying (Requested nodes are busy)
srun: Job 8612816 step creation still disabled, retrying (Requested nodes are busy)
srun: Job 8612816 step creation still disabled, retrying (Requested nodes are busy)
srun: Job 8612816 step creation still disabled, retrying (Requested nodes are busy)
srun: Job 8612816 step creation still disabled, retrying (Requested nodes are busy)
srun: Job 8612816 step creation still disabled, retrying (Requested nodes are busy)
srun: Job 8612816 step creation still disabled, retrying (Requested nodes are busy)
srun: Job 8612816 step creation still disabled, retrying (Requested nodes are busy)
srun: Job 8612816 step creation still disabled, retrying (Requested nodes are busy)
srun: Job 8612816 step creation still disabled, retrying (Requested nodes are busy)
srun: Job 8612816 step creation still disabled, retrying (Requested nodes are busy)
srun: Job 8612816 step creation still disabled, retrying (Requested nodes are busy)
srun: Job 8612816 step creation still disabled, retrying (Requested nodes are busy)
srun: Job 8612816 step creation still disabled, retrying (Requested nodes are busy)
srun: Job 8612816 step creation still disabled, retrying (Requested nodes are busy)
srun: Job 8612816 step creation still disabled, retrying (Requested nodes are busy)
srun: Job 8612816 step creation still disabled, retrying (Requested nodes are busy)
srun: Job 8612816 step creation still disabled, retrying (Requested nodes are busy)
srun: Job 8612816 step creation still disabled, retrying (Requested nodes are busy)
srun: Job 8612816 step creation still disabled, retrying (Requested nodes are busy)
srun: Job 8612816 step creation still disabled, retrying (Requested nodes are busy)
srun: Job 8612816 step creation still disabled, retrying (Requested nodes are busy)
srun: Job 8612816 step creation still disabled, retrying (Requested nodes are busy)
srun: Job 8612816 step creation still disabled, retrying (Requested nodes are busy)
srun: Job 8612816 step creation still disabled, retrying (Requested nodes are busy)
srun: Job 8612816 step creation still disabled, retrying (Requested nodes are busy)
srun: Job 8612816 step creation still disabled, retrying (Requested nodes are busy)
srun: Job 8612816 step creation still disabled, retrying (Requested nodes are busy)
srun: Job 8612816 step creation still disabled, retrying (Requested nodes are busy)
srun: Job 8612816 step creation still disabled, retrying (Requested nodes are busy)
srun: Job 8612816 step creation still disabled, retrying (Requested nodes are busy)
srun: Job 8612816 step creation still disabled, retrying (Requested nodes are busy)
srun: Job 8612816 step creation still disabled, retrying (Requested nodes are busy)
srun: Job 8612816 step creation still disabled, retrying (Requested nodes are busy)
srun: Job 8612816 step creation still disabled, retrying (Requested nodes are busy)
srun: Job 8612816 step creation still disabled, retrying (Requested nodes are busy)
srun: Job 8612816 step creation still disabled, retrying (Requested nodes are busy)
srun: Job 8612816 step creation still disabled, retrying (Requested nodes are busy)
srun: Job 8612816 step creation still disabled, retrying (Requested nodes are busy)
srun: Job 8612816 step creation still disabled, retrying (Requested nodes are busy)
srun: Job 8612816 step creation still disabled, retrying (Requested nodes are busy)
srun: Job 8612816 step creation still disabled, retrying (Requested nodes are busy)
srun: Job 8612816 step creation still disabled, retrying (Requested nodes are busy)
srun: Job 8612816 step creation still disabled, retrying (Requested nodes are busy)
srun: Job 8612816 step creation still disabled, retrying (Requested nodes are busy)
srun: Job 8612816 step creation still disabled, retrying (Requested nodes are busy)
srun: Job 8612816 step creation still disabled, retrying (Requested nodes are busy)
srun: Job 8612816 step creation still disabled, retrying (Requested nodes are busy)
srun: Job 8612816 step creation still disabled, retrying (Requested nodes are busy)
srun: Job 8612816 step creation still disabled, retrying (Requested nodes are busy)
srun: Job 8612816 step creation still disabled, retrying (Requested nodes are busy)
srun: Job 8612816 step creation still disabled, retrying (Requested nodes are busy)
srun: Job 8612816 step creation still disabled, retrying (Requested nodes are busy)
srun: Job 8612816 step creation still disabled, retrying (Requested nodes are busy)
srun: Job 8612816 step creation still disabled, retrying (Requested nodes are busy)
srun: Job 8612816 step creation still disabled, retrying (Requested nodes are busy)
srun: Job 8612816 step creation still disabled, retrying (Requested nodes are busy)
srun: Job 8612816 step creation still disabled, retrying (Requested nodes are busy)
srun: Job 8612816 step creation still disabled, retrying (Requested nodes are busy)
srun: Job 8612816 step creation still disabled, retrying (Requested nodes are busy)
Parametrized_Cluster_2_2000_s1-200_t1_m5-5_FrozenLake-v1: 200/2000
Parametrized_Cluster_2_2000_s1-200_t1_m5-5_FrozenLake-v1: 400/2000
Parametrized_Cluster_2_2000_s1-200_t1_m5-5_FrozenLake-v1: 600/2000
Parametrized_Cluster_2_2000_s1-200_t1_m5-5_FrozenLake-v1: 800/2000
Parametrized_Cluster_2_2000_s1-200_t1_m5-5_FrozenLake-v1: 1000/2000
Parametrized_Cluster_2_2000_s1-200_t1_m5-5_FrozenLake-v1: 1200/2000
Parametrized_Cluster_2_2000_s1-200_t1_m5-5_FrozenLake-v1: 1400/2000
Parametrized_Cluster_2_2000_s1-200_t1_m5-5_FrozenLake-v1: 1600/2000
Parametrized_Cluster_2_2000_s1-200_t1_m5-5_FrozenLake-v1: 1800/2000
Parametrized_Cluster_2_2000_s1-200_t1_m5-5_FrozenLake-v1: 2000/2000
srun: Job 8612816 step creation still disabled, retrying (Requested nodes are busy)
srun: Job 8612816 step creation still disabled, retrying (Requested nodes are busy)
srun: Step created for job 8612816
srun: Job 8612816 step creation still disabled, retrying (Requested nodes are busy)
srun: Job 8612816 step creation still disabled, retrying (Requested nodes are busy)
srun: Job 8612816 step creation still disabled, retrying (Requested nodes are busy)
srun: Job 8612816 step creation still disabled, retrying (Requested nodes are busy)
srun: Job 8612816 step creation still disabled, retrying (Requested nodes are busy)
srun: Job 8612816 step creation still disabled, retrying (Requested nodes are busy)
Parametrized_Cluster_10_2000_s1-200_t1_m5-5_FrozenLake-v1: 200/2000
Parametrized_Cluster_10_2000_s1-200_t1_m5-5_FrozenLake-v1: 400/2000
Parametrized_Cluster_10_2000_s1-200_t1_m5-5_FrozenLake-v1: 600/2000
Parametrized_Cluster_10_2000_s1-200_t1_m5-5_FrozenLake-v1: 800/2000
Parametrized_Cluster_10_2000_s1-200_t1_m5-5_FrozenLake-v1: 1000/2000
Parametrized_Cluster_10_2000_s1-200_t1_m5-5_FrozenLake-v1: 1200/2000
Parametrized_Cluster_10_2000_s1-200_t1_m5-5_FrozenLake-v1: 1400/2000
Parametrized_Cluster_10_2000_s1-200_t1_m5-5_FrozenLake-v1: 1600/2000
Parametrized_Cluster_10_2000_s1-200_t1_m5-5_FrozenLake-v1: 1800/2000
Parametrized_Cluster_10_2000_s1-200_t1_m5-5_FrozenLake-v1: 2000/2000
srun: Job 8612816 step creation still disabled, retrying (Requested nodes are busy)
srun: Step created for job 8612816
srun: Job 8612816 step creation still disabled, retrying (Requested nodes are busy)
srun: Job 8612816 step creation still disabled, retrying (Requested nodes are busy)
srun: Job 8612816 step creation still disabled, retrying (Requested nodes are busy)
srun: Job 8612816 step creation still disabled, retrying (Requested nodes are busy)
srun: Job 8612816 step creation still disabled, retrying (Requested nodes are busy)
srun: Job 8612816 step creation still disabled, retrying (Requested nodes are busy)
srun: Job 8612816 step creation still disabled, retrying (Requested nodes are busy)
srun: Job 8612816 step creation still disabled, retrying (Requested nodes are busy)
srun: Job 8612816 step creation still disabled, retrying (Requested nodes are busy)
srun: Job 8612816 step creation still disabled, retrying (Requested nodes are busy)
srun: Job 8612816 step creation still disabled, retrying (Requested nodes are busy)
srun: Job 8612816 step creation still disabled, retrying (Requested nodes are busy)
srun: Job 8612816 step creation still disabled, retrying (Requested nodes are busy)
srun: Job 8612816 step creation still disabled, retrying (Requested nodes are busy)
srun: Job 8612816 step creation still disabled, retrying (Requested nodes are busy)
srun: Job 8612816 step creation still disabled, retrying (Requested nodes are busy)
srun: Job 8612816 step creation still disabled, retrying (Requested nodes are busy)
srun: Job 8612816 step creation still disabled, retrying (Requested nodes are busy)
srun: Job 8612816 step creation still disabled, retrying (Requested nodes are busy)
srun: Job 8612816 step creation still disabled, retrying (Requested nodes are busy)
srun: Job 8612816 step creation still disabled, retrying (Requested nodes are busy)
srun: Job 8612816 step creation still disabled, retrying (Requested nodes are busy)
srun: Job 8612816 step creation still disabled, retrying (Requested nodes are busy)
srun: Job 8612816 step creation still disabled, retrying (Requested nodes are busy)
srun: Job 8612816 step creation still disabled, retrying (Requested nodes are busy)
srun: Job 8612816 step creation still disabled, retrying (Requested nodes are busy)
srun: Job 8612816 step creation still disabled, retrying (Requested nodes are busy)
srun: Job 8612816 step creation still disabled, retrying (Requested nodes are busy)
srun: Job 8612816 step creation still disabled, retrying (Requested nodes are busy)
srun: Job 8612816 step creation still disabled, retrying (Requested nodes are busy)
srun: Job 8612816 step creation still disabled, retrying (Requested nodes are busy)
srun: Job 8612816 step creation still disabled, retrying (Requested nodes are busy)
srun: Job 8612816 step creation still disabled, retrying (Requested nodes are busy)
srun: Job 8612816 step creation still disabled, retrying (Requested nodes are busy)
srun: Job 8612816 step creation still disabled, retrying (Requested nodes are busy)
srun: Job 8612816 step creation still disabled, retrying (Requested nodes are busy)
srun: Job 8612816 step creation still disabled, retrying (Requested nodes are busy)
srun: Job 8612816 step creation still disabled, retrying (Requested nodes are busy)
srun: Job 8612816 step creation still disabled, retrying (Requested nodes are busy)
srun: Job 8612816 step creation still disabled, retrying (Requested nodes are busy)
srun: Job 8612816 step creation still disabled, retrying (Requested nodes are busy)
srun: Job 8612816 step creation still disabled, retrying (Requested nodes are busy)
srun: Job 8612816 step creation still disabled, retrying (Requested nodes are busy)
srun: Job 8612816 step creation still disabled, retrying (Requested nodes are busy)
srun: Job 8612816 step creation still disabled, retrying (Requested nodes are busy)
srun: Job 8612816 step creation still disabled, retrying (Requested nodes are busy)
srun: Job 8612816 step creation still disabled, retrying (Requested nodes are busy)
Parametrized_Cluster_8_2000_s1-200_t1_m5-5_FrozenLake-v1: 200/2000
Parametrized_Cluster_8_2000_s1-200_t1_m5-5_FrozenLake-v1: 400/2000
Parametrized_Cluster_8_2000_s1-200_t1_m5-5_FrozenLake-v1: 600/2000
Parametrized_Cluster_8_2000_s1-200_t1_m5-5_FrozenLake-v1: 800/2000
Parametrized_Cluster_8_2000_s1-200_t1_m5-5_FrozenLake-v1: 1000/2000
Parametrized_Cluster_8_2000_s1-200_t1_m5-5_FrozenLake-v1: 1200/2000
Parametrized_Cluster_8_2000_s1-200_t1_m5-5_FrozenLake-v1: 1400/2000
Parametrized_Cluster_8_2000_s1-200_t1_m5-5_FrozenLake-v1: 1600/2000
Parametrized_Cluster_8_2000_s1-200_t1_m5-5_FrozenLake-v1: 1800/2000
Parametrized_Cluster_8_2000_s1-200_t1_m5-5_FrozenLake-v1: 2000/2000
srun: Job 8612816 step creation still disabled, retrying (Requested nodes are busy)
srun: Step created for job 8612816
Parametrized_Cluster_9_2000_s1-200_t1_m5-5_FrozenLake-v1: 200/2000
Parametrized_Cluster_9_2000_s1-200_t1_m5-5_FrozenLake-v1: 400/2000
Parametrized_Cluster_9_2000_s1-200_t1_m5-5_FrozenLake-v1: 600/2000
Parametrized_Cluster_9_2000_s1-200_t1_m5-5_FrozenLake-v1: 800/2000
Parametrized_Cluster_9_2000_s1-200_t1_m5-5_FrozenLake-v1: 1000/2000
Parametrized_Cluster_9_2000_s1-200_t1_m5-5_FrozenLake-v1: 1200/2000
Parametrized_Cluster_9_2000_s1-200_t1_m5-5_FrozenLake-v1: 1400/2000
Parametrized_Cluster_9_2000_s1-200_t1_m5-5_FrozenLake-v1: 1600/2000
Parametrized_Cluster_9_2000_s1-200_t1_m5-5_FrozenLake-v1: 1800/2000
Parametrized_Cluster_9_2000_s1-200_t1_m5-5_FrozenLake-v1: 2000/2000
Parametrized_Cluster_4_2000_s1-200_t1_m5-5_FrozenLake-v1: 200/2000
Parametrized_Cluster_4_2000_s1-200_t1_m5-5_FrozenLake-v1: 400/2000
Parametrized_Cluster_4_2000_s1-200_t1_m5-5_FrozenLake-v1: 600/2000
Parametrized_Cluster_4_2000_s1-200_t1_m5-5_FrozenLake-v1: 800/2000
Parametrized_Cluster_4_2000_s1-200_t1_m5-5_FrozenLake-v1: 1000/2000
Parametrized_Cluster_4_2000_s1-200_t1_m5-5_FrozenLake-v1: 1200/2000
Parametrized_Cluster_4_2000_s1-200_t1_m5-5_FrozenLake-v1: 1400/2000
Parametrized_Cluster_4_2000_s1-200_t1_m5-5_FrozenLake-v1: 1600/2000
Parametrized_Cluster_4_2000_s1-200_t1_m5-5_FrozenLake-v1: 1800/2000
Parametrized_Cluster_4_2000_s1-200_t1_m5-5_FrozenLake-v1: 2000/2000
Parametrized_Cluster_3_2000_s1-200_t1_m5-5_FrozenLake-v1: 200/2000
Parametrized_Cluster_3_2000_s1-200_t1_m5-5_FrozenLake-v1: 400/2000
Parametrized_Cluster_3_2000_s1-200_t1_m5-5_FrozenLake-v1: 600/2000
Parametrized_Cluster_3_2000_s1-200_t1_m5-5_FrozenLake-v1: 800/2000
Parametrized_Cluster_3_2000_s1-200_t1_m5-5_FrozenLake-v1: 1000/2000
Parametrized_Cluster_3_2000_s1-200_t1_m5-5_FrozenLake-v1: 1200/2000
Parametrized_Cluster_3_2000_s1-200_t1_m5-5_FrozenLake-v1: 1400/2000
Parametrized_Cluster_3_2000_s1-200_t1_m5-5_FrozenLake-v1: 1600/2000
Parametrized_Cluster_3_2000_s1-200_t1_m5-5_FrozenLake-v1: 1800/2000
Parametrized_Cluster_3_2000_s1-200_t1_m5-5_FrozenLake-v1: 2000/2000
