JobId=8670247 JobName=boosting.sbatch
   UserId=koner(565562) GroupId=domain users(100513) MCS_label=N/A
   Priority=17908918 Nice=0 Account=ewi-insy-ii-influence QOS=medium
   JobState=RUNNING Reason=None Dependency=(null)
   Requeue=0 Restarts=0 BatchFlag=1 Reboot=0 ExitCode=0:0
   DerivedExitCode=0:0
   RunTime=00:00:01 TimeLimit=06:00:00 TimeMin=N/A
   SubmitTime=2023-09-11T19:43:55 EligibleTime=2023-09-11T19:43:55
   AccrueTime=2023-09-11T19:43:55
   StartTime=2023-09-11T19:44:22 EndTime=2023-09-12T01:44:22 Deadline=N/A
   SuspendTime=None SecsPreSuspend=0 LastSchedEval=2023-09-11T19:44:22 Scheduler=Backfill
   Partition=general AllocNode:Sid=login1:21207
   ReqNodeList=(null) ExcNodeList=(null)
   NodeList=awi[15-18],grs[3-4]
   BatchHost=awi15
   NumNodes=6 NumCPUs=200 NumTasks=100 CPUs/Task=2 ReqB:S:C:T=0:0:*:*
   TRES=cpu=200,mem=50G,node=6,billing=104
   Socks/Node=* NtasksPerN:B:S:C=0:0:*:* CoreSpec=*
   JOB_GRES=(null)
     Nodes=awi15 CPU_IDs=14-17,20-55 Mem=10240 GRES=
     Nodes=awi16 CPU_IDs=0-33,40-49 Mem=11264 GRES=
     Nodes=awi17 CPU_IDs=0-33,46-55 Mem=11264 GRES=
     Nodes=awi18 CPU_IDs=0-33,46-51 Mem=10240 GRES=
     Nodes=grs3 CPU_IDs=16-31 Mem=4096 GRES=
     Nodes=grs4 CPU_IDs=6-19,30-31 Mem=4096 GRES=
   MinCPUsNode=2 MinMemoryCPU=256M MinTmpDiskNode=0
   Features=(null) DelayBoot=00:00:00
   OverSubscribe=OK Contiguous=0 Licenses=(null) Network=(null)
   Command=/winhome/koner/Desktop/MCTS-Time-Management/jobscripts/boosting.sbatch
   WorkDir=/winhome/koner/Desktop/MCTS-Time-Management/jobscripts
   StdErr=/winhome/koner/Desktop/MCTS-Time-Management/jobscripts/slurm-8670247.out
   StdIn=/dev/null
   StdOut=/winhome/koner/Desktop/MCTS-Time-Management/jobscripts/slurm-8670247.out
   Power=
   MailUser=koner MailType=END
   

srun: Warning: can't run 1 processes on 6 nodes, setting nnodes to 1
srun: Warning: can't run 1 processes on 6 nodes, setting nnodes to 1
srun: Warning: can't run 1 processes on 6 nodes, setting nnodes to 1
srun: Warning: can't run 1 processes on 6 nodes, setting nnodes to 1
srun: Warning: can't run 1 processes on 6 nodes, setting nnodes to 1
srun: Warning: can't run 1 processes on 6 nodes, setting nnodes to 1
srun: Warning: can't run 1 processes on 6 nodes, setting nnodes to 1
srun: Warning: can't run 1 processes on 6 nodes, setting nnodes to 1
srun: Warning: can't run 1 processes on 6 nodes, setting nnodes to 1
srun: Warning: can't run 1 processes on 6 nodes, setting nnodes to 1
srun: Warning: can't run 1 processes on 6 nodes, setting nnodes to 1
srun: Warning: can't run 1 processes on 6 nodes, setting nnodes to 1
srun: Warning: can't run 1 processes on 6 nodes, setting nnodes to 1
srun: Warning: can't run 1 processes on 6 nodes, setting nnodes to 1
srun: Warning: can't run 1 processes on 6 nodes, setting nnodes to 1
srun: Warning: can't run 1 processes on 6 nodes, setting nnodes to 1
srun: Warning: can't run 1 processes on 6 nodes, setting nnodes to 1
srun: Warning: can't run 1 processes on 6 nodes, setting nnodes to 1
srun: Warning: can't run 1 processes on 6 nodes, setting nnodes to 1
srun: Warning: can't run 1 processes on 6 nodes, setting nnodes to 1
srun: Warning: can't run 1 processes on 6 nodes, setting nnodes to 1
srun: Warning: can't run 1 processes on 6 nodes, setting nnodes to 1
srun: Warning: can't run 1 processes on 6 nodes, setting nnodes to 1
srun: Warning: can't run 1 processes on 6 nodes, setting nnodes to 1
srun: Warning: can't run 1 processes on 6 nodes, setting nnodes to 1
srun: Warning: can't run 1 processes on 6 nodes, setting nnodes to 1
srun: Warning: can't run 1 processes on 6 nodes, setting nnodes to 1
srun: Warning: can't run 1 processes on 6 nodes, setting nnodes to 1
srun: Warning: can't run 1 processes on 6 nodes, setting nnodes to 1
srun: Warning: can't run 1 processes on 6 nodes, setting nnodes to 1
srun: Warning: can't run 1 processes on 6 nodes, setting nnodes to 1
srun: Warning: can't run 1 processes on 6 nodes, setting nnodes to 1
srun: Warning: can't run 1 processes on 6 nodes, setting nnodes to 1
srun: Warning: can't run 1 processes on 6 nodes, setting nnodes to 1
srun: Warning: can't run 1 processes on 6 nodes, setting nnodes to 1
srun: Warning: can't run 1 processes on 6 nodes, setting nnodes to 1
srun: Warning: can't run 1 processes on 6 nodes, setting nnodes to 1
srun: Warning: can't run 1 processes on 6 nodes, setting nnodes to 1
srun: Warning: can't run 1 processes on 6 nodes, setting nnodes to 1
srun: Warning: can't run 1 processes on 6 nodes, setting nnodes to 1
srun: Warning: can't run 1 processes on 6 nodes, setting nnodes to 1
srun: Warning: can't run 1 processes on 6 nodes, setting nnodes to 1
srun: Warning: can't run 1 processes on 6 nodes, setting nnodes to 1
srun: Warning: can't run 1 processes on 6 nodes, setting nnodes to 1
srun: Warning: can't run 1 processes on 6 nodes, setting nnodes to 1
srun: Warning: can't run 1 processes on 6 nodes, setting nnodes to 1
srun: Warning: can't run 1 processes on 6 nodes, setting nnodes to 1
srun: Warning: can't run 1 processes on 6 nodes, setting nnodes to 1
srun: Warning: can't run 1 processes on 6 nodes, setting nnodes to 1
srun: Warning: can't run 1 processes on 6 nodes, setting nnodes to 1
srun: Warning: can't run 1 processes on 6 nodes, setting nnodes to 1
srun: Warning: can't run 1 processes on 6 nodes, setting nnodes to 1
srun: Warning: can't run 1 processes on 6 nodes, setting nnodes to 1
srun: Warning: can't run 1 processes on 6 nodes, setting nnodes to 1
srun: Warning: can't run 1 processes on 6 nodes, setting nnodes to 1
srun: Warning: can't run 1 processes on 6 nodes, setting nnodes to 1
srun: Warning: can't run 1 processes on 6 nodes, setting nnodes to 1
srun: Warning: can't run 1 processes on 6 nodes, setting nnodes to 1
srun: Warning: can't run 1 processes on 6 nodes, setting nnodes to 1
srun: Warning: can't run 1 processes on 6 nodes, setting nnodes to 1
srun: Warning: can't run 1 processes on 6 nodes, setting nnodes to 1
srun: Warning: can't run 1 processes on 6 nodes, setting nnodes to 1
srun: Warning: can't run 1 processes on 6 nodes, setting nnodes to 1
srun: Warning: can't run 1 processes on 6 nodes, setting nnodes to 1
srun: Warning: can't run 1 processes on 6 nodes, setting nnodes to 1
srun: Warning: can't run 1 processes on 6 nodes, setting nnodes to 1
srun: Warning: can't run 1 processes on 6 nodes, setting nnodes to 1
srun: Warning: can't run 1 processes on 6 nodes, setting nnodes to 1
srun: Warning: can't run 1 processes on 6 nodes, setting nnodes to 1
srun: Warning: can't run 1 processes on 6 nodes, setting nnodes to 1
srun: Warning: can't run 1 processes on 6 nodes, setting nnodes to 1
srun: Warning: can't run 1 processes on 6 nodes, setting nnodes to 1
srun: Warning: can't run 1 processes on 6 nodes, setting nnodes to 1
srun: Warning: can't run 1 processes on 6 nodes, setting nnodes to 1
srun: Warning: can't run 1 processes on 6 nodes, setting nnodes to 1
srun: Warning: can't run 1 processes on 6 nodes, setting nnodes to 1
srun: Warning: can't run 1 processes on 6 nodes, setting nnodes to 1
srun: Warning: can't run 1 processes on 6 nodes, setting nnodes to 1
srun: Warning: can't run 1 processes on 6 nodes, setting nnodes to 1
srun: Warning: can't run 1 processes on 6 nodes, setting nnodes to 1
srun: Warning: can't run 1 processes on 6 nodes, setting nnodes to 1
srun: Warning: can't run 1 processes on 6 nodes, setting nnodes to 1
srun: Warning: can't run 1 processes on 6 nodes, setting nnodes to 1
srun: Warning: can't run 1 processes on 6 nodes, setting nnodes to 1
srun: Warning: can't run 1 processes on 6 nodes, setting nnodes to 1
srun: Warning: can't run 1 processes on 6 nodes, setting nnodes to 1
srun: Warning: can't run 1 processes on 6 nodes, setting nnodes to 1
srun: Warning: can't run 1 processes on 6 nodes, setting nnodes to 1
srun: Warning: can't run 1 processes on 6 nodes, setting nnodes to 1
srun: Warning: can't run 1 processes on 6 nodes, setting nnodes to 1
srun: Warning: can't run 1 processes on 6 nodes, setting nnodes to 1
srun: Warning: can't run 1 processes on 6 nodes, setting nnodes to 1
srun: Warning: can't run 1 processes on 6 nodes, setting nnodes to 1
srun: Warning: can't run 1 processes on 6 nodes, setting nnodes to 1
srun: Warning: can't run 1 processes on 6 nodes, setting nnodes to 1
srun: Warning: can't run 1 processes on 6 nodes, setting nnodes to 1
srun: Warning: can't run 1 processes on 6 nodes, setting nnodes to 1
srun: Warning: can't run 1 processes on 6 nodes, setting nnodes to 1
srun: Warning: can't run 1 processes on 6 nodes, setting nnodes to 1
srun: Warning: can't run 1 processes on 6 nodes, setting nnodes to 1
Completed FrozenLake-v1_total-random_m4-4_t1_s1-100_50000_76
Completed FrozenLake-v1_total-random_m4-4_t1_s1-100_50000_87
Completed FrozenLake-v1_total-random_m4-4_t1_s1-100_50000_82
Completed FrozenLake-v1_total-random_m4-4_t1_s1-100_50000_96
Completed FrozenLake-v1_total-random_m4-4_t1_s1-100_50000_97
Completed FrozenLake-v1_total-random_m4-4_t1_s1-100_50000_90
Completed FrozenLake-v1_total-random_m4-4_t1_s1-100_50000_86
Completed FrozenLake-v1_total-random_m4-4_t1_s1-100_50000_93
Completed FrozenLake-v1_total-random_m4-4_t1_s1-100_50000_95
Completed FrozenLake-v1_total-random_m4-4_t1_s1-100_50000_79
Completed FrozenLake-v1_total-random_m4-4_t1_s1-100_50000_88
Completed FrozenLake-v1_total-random_m4-4_t1_s1-100_50000_94
Completed FrozenLake-v1_total-random_m4-4_t1_s1-100_50000_99
Completed FrozenLake-v1_total-random_m4-4_t1_s1-100_50000_98
Completed FrozenLake-v1_total-random_m4-4_t1_s1-100_50000_92
Completed FrozenLake-v1_total-random_m4-4_t1_s1-100_50000_49
Completed FrozenLake-v1_total-random_m4-4_t1_s1-100_50000_7
Completed FrozenLake-v1_total-random_m4-4_t1_s1-100_50000_4
Completed FrozenLake-v1_total-random_m4-4_t1_s1-100_50000_91
Completed FrozenLake-v1_total-random_m4-4_t1_s1-100_50000_68
Completed FrozenLake-v1_total-random_m4-4_t1_s1-100_50000_50
Completed FrozenLake-v1_total-random_m4-4_t1_s1-100_50000_36
Completed FrozenLake-v1_total-random_m4-4_t1_s1-100_50000_85
Completed FrozenLake-v1_total-random_m4-4_t1_s1-100_50000_78
Completed FrozenLake-v1_total-random_m4-4_t1_s1-100_50000_66
Completed FrozenLake-v1_total-random_m4-4_t1_s1-100_50000_11
Completed FrozenLake-v1_total-random_m4-4_t1_s1-100_50000_71
Completed FrozenLake-v1_total-random_m4-4_t1_s1-100_50000_18
Completed FrozenLake-v1_total-random_m4-4_t1_s1-100_50000_73
Completed FrozenLake-v1_total-random_m4-4_t1_s1-100_50000_48
Completed FrozenLake-v1_total-random_m4-4_t1_s1-100_50000_6
Completed FrozenLake-v1_total-random_m4-4_t1_s1-100_50000_46
Completed FrozenLake-v1_total-random_m4-4_t1_s1-100_50000_25
Completed FrozenLake-v1_total-random_m4-4_t1_s1-100_50000_89
Completed FrozenLake-v1_total-random_m4-4_t1_s1-100_50000_61
Completed FrozenLake-v1_total-random_m4-4_t1_s1-100_50000_58
Completed FrozenLake-v1_total-random_m4-4_t1_s1-100_50000_22
Completed FrozenLake-v1_total-random_m4-4_t1_s1-100_50000_83
Completed FrozenLake-v1_total-random_m4-4_t1_s1-100_50000_9
Completed FrozenLake-v1_total-random_m4-4_t1_s1-100_50000_52
Completed FrozenLake-v1_total-random_m4-4_t1_s1-100_50000_40
Completed FrozenLake-v1_total-random_m4-4_t1_s1-100_50000_12
Completed FrozenLake-v1_total-random_m4-4_t1_s1-100_50000_57
Completed FrozenLake-v1_total-random_m4-4_t1_s1-100_50000_44
Completed FrozenLake-v1_total-random_m4-4_t1_s1-100_50000_47
Completed FrozenLake-v1_total-random_m4-4_t1_s1-100_50000_5
Completed FrozenLake-v1_total-random_m4-4_t1_s1-100_50000_0
Completed FrozenLake-v1_total-random_m4-4_t1_s1-100_50000_42
Completed FrozenLake-v1_total-random_m4-4_t1_s1-100_50000_65
Completed FrozenLake-v1_total-random_m4-4_t1_s1-100_50000_67
Completed FrozenLake-v1_total-random_m4-4_t1_s1-100_50000_56
Completed FrozenLake-v1_total-random_m4-4_t1_s1-100_50000_8
Completed FrozenLake-v1_total-random_m4-4_t1_s1-100_50000_2
Completed FrozenLake-v1_total-random_m4-4_t1_s1-100_50000_35
Completed FrozenLake-v1_total-random_m4-4_t1_s1-100_50000_74
Completed FrozenLake-v1_total-random_m4-4_t1_s1-100_50000_17
Completed FrozenLake-v1_total-random_m4-4_t1_s1-100_50000_45
Completed FrozenLake-v1_total-random_m4-4_t1_s1-100_50000_13
Completed FrozenLake-v1_total-random_m4-4_t1_s1-100_50000_64
Completed FrozenLake-v1_total-random_m4-4_t1_s1-100_50000_20
Completed FrozenLake-v1_total-random_m4-4_t1_s1-100_50000_3
Completed FrozenLake-v1_total-random_m4-4_t1_s1-100_50000_59
Completed FrozenLake-v1_total-random_m4-4_t1_s1-100_50000_51
Completed FrozenLake-v1_total-random_m4-4_t1_s1-100_50000_70
Completed FrozenLake-v1_total-random_m4-4_t1_s1-100_50000_16
Completed FrozenLake-v1_total-random_m4-4_t1_s1-100_50000_19
Completed FrozenLake-v1_total-random_m4-4_t1_s1-100_50000_84
Completed FrozenLake-v1_total-random_m4-4_t1_s1-100_50000_75
Completed FrozenLake-v1_total-random_m4-4_t1_s1-100_50000_33
Completed FrozenLake-v1_total-random_m4-4_t1_s1-100_50000_81
Completed FrozenLake-v1_total-random_m4-4_t1_s1-100_50000_24
Completed FrozenLake-v1_total-random_m4-4_t1_s1-100_50000_27
Completed FrozenLake-v1_total-random_m4-4_t1_s1-100_50000_23
Completed FrozenLake-v1_total-random_m4-4_t1_s1-100_50000_77
Completed FrozenLake-v1_total-random_m4-4_t1_s1-100_50000_41
Completed FrozenLake-v1_total-random_m4-4_t1_s1-100_50000_80
Completed FrozenLake-v1_total-random_m4-4_t1_s1-100_50000_39
Completed FrozenLake-v1_total-random_m4-4_t1_s1-100_50000_28
Completed FrozenLake-v1_total-random_m4-4_t1_s1-100_50000_38
Completed FrozenLake-v1_total-random_m4-4_t1_s1-100_50000_53
Completed FrozenLake-v1_total-random_m4-4_t1_s1-100_50000_21
Completed FrozenLake-v1_total-random_m4-4_t1_s1-100_50000_55
Completed FrozenLake-v1_total-random_m4-4_t1_s1-100_50000_26
Completed FrozenLake-v1_total-random_m4-4_t1_s1-100_50000_32
Completed FrozenLake-v1_total-random_m4-4_t1_s1-100_50000_14
Completed FrozenLake-v1_total-random_m4-4_t1_s1-100_50000_69
Completed FrozenLake-v1_total-random_m4-4_t1_s1-100_50000_72
Completed FrozenLake-v1_total-random_m4-4_t1_s1-100_50000_34
Completed FrozenLake-v1_total-random_m4-4_t1_s1-100_50000_1
Completed FrozenLake-v1_total-random_m4-4_t1_s1-100_50000_37
Completed FrozenLake-v1_total-random_m4-4_t1_s1-100_50000_62
Completed FrozenLake-v1_total-random_m4-4_t1_s1-100_50000_54
Completed FrozenLake-v1_total-random_m4-4_t1_s1-100_50000_30
Completed FrozenLake-v1_total-random_m4-4_t1_s1-100_50000_43
Completed FrozenLake-v1_total-random_m4-4_t1_s1-100_50000_29
Completed FrozenLake-v1_total-random_m4-4_t1_s1-100_50000_15
Completed FrozenLake-v1_total-random_m4-4_t1_s1-100_50000_60
Completed FrozenLake-v1_total-random_m4-4_t1_s1-100_50000_31
Completed FrozenLake-v1_total-random_m4-4_t1_s1-100_50000_63
Completed FrozenLake-v1_total-random_m4-4_t1_s1-100_50000_10
