JobId=9509142 JobName=with_different_maps.sbatch
   UserId=koner(565562) GroupId=domain users(100513) MCS_label=N/A
   Priority=19085388 Nice=0 Account=ewi-insy-ii-influence QOS=medium
   JobState=RUNNING Reason=None Dependency=(null)
   Requeue=0 Restarts=0 BatchFlag=1 Reboot=0 ExitCode=0:0
   DerivedExitCode=0:0
   RunTime=00:00:01 TimeLimit=15:00:00 TimeMin=N/A
   SubmitTime=2024-02-21T08:09:37 EligibleTime=2024-02-21T08:09:37
   AccrueTime=2024-02-21T08:09:37
   StartTime=2024-02-21T08:10:06 EndTime=2024-02-21T23:10:06 Deadline=N/A
   SuspendTime=None SecsPreSuspend=0 LastSchedEval=2024-02-21T08:10:06 Scheduler=Backfill
   Partition=general AllocNode:Sid=login1:21361
   ReqNodeList=(null) ExcNodeList=(null)
   NodeList=3dgi1
   BatchHost=3dgi1
   NumNodes=1 NumCPUs=64 NumTasks=1 CPUs/Task=64 ReqB:S:C:T=0:0:*:*
   TRES=cpu=64,mem=16000M,node=1,billing=33
   Socks/Node=* NtasksPerN:B:S:C=0:0:*:* CoreSpec=*
   JOB_GRES=(null)
     Nodes=3dgi1 CPU_IDs=0-63 Mem=16000 GRES=
   MinCPUsNode=64 MinMemoryNode=16000M MinTmpDiskNode=0
   Features=(null) DelayBoot=00:00:00
   OverSubscribe=OK Contiguous=0 Licenses=(null) Network=(null)
   Command=/winhome/koner/Desktop/MCTS-Time-Management/jobscripts/with_different_maps.sbatch
   WorkDir=/winhome/koner/Desktop/MCTS-Time-Management/jobscripts
   StdErr=/winhome/koner/Desktop/MCTS-Time-Management/jobscripts/slurm-9509142.out
   StdIn=/dev/null
   StdOut=/winhome/koner/Desktop/MCTS-Time-Management/jobscripts/slurm-9509142.out
   Power=
   MailUser=koner MailType=END
   

