JobId=8681301 JobName=with_different_maps.sbatch
   UserId=koner(565562) GroupId=domain users(100513) MCS_label=N/A
   Priority=23505535 Nice=0 Account=ewi-insy-ii-influence QOS=short
   JobState=RUNNING Reason=None Dependency=(null)
   Requeue=0 Restarts=0 BatchFlag=1 Reboot=0 ExitCode=0:0
   DerivedExitCode=0:0
   RunTime=00:00:07 TimeLimit=02:30:00 TimeMin=N/A
   SubmitTime=2023-09-26T15:54:03 EligibleTime=2023-09-26T15:54:03
   AccrueTime=2023-09-26T15:54:03
   StartTime=2023-09-26T15:54:09 EndTime=2023-09-26T18:24:09 Deadline=N/A
   SuspendTime=None SecsPreSuspend=0 LastSchedEval=2023-09-26T15:54:09 Scheduler=Backfill
   Partition=general AllocNode:Sid=login1:19282
   ReqNodeList=(null) ExcNodeList=(null)
   NodeList=3dgi2
   BatchHost=3dgi2
   NumNodes=1 NumCPUs=64 NumTasks=1 CPUs/Task=64 ReqB:S:C:T=0:0:*:*
   TRES=cpu=64,mem=16G,node=1,billing=33
   Socks/Node=* NtasksPerN:B:S:C=0:0:*:* CoreSpec=*
   JOB_GRES=(null)
     Nodes=3dgi2 CPU_IDs=0-63 Mem=16384 GRES=
   MinCPUsNode=64 MinMemoryNode=16G MinTmpDiskNode=0
   Features=(null) DelayBoot=00:00:00
   OverSubscribe=OK Contiguous=0 Licenses=(null) Network=(null)
   Command=/winhome/koner/Desktop/MCTS-Time-Management/jobscripts/with_different_maps.sbatch
   WorkDir=/winhome/koner/Desktop/MCTS-Time-Management/jobscripts
   StdErr=/winhome/koner/Desktop/MCTS-Time-Management/jobscripts/slurm-8681301.out
   StdIn=/dev/null
   StdOut=/winhome/koner/Desktop/MCTS-Time-Management/jobscripts/slurm-8681301.out
   Power=
   MailUser=koner MailType=END
   

Finished epoch 1, latest loss 0.5858175754547119
