JobId=8588140 JobName=frozenlake_dataset.sbatch
   UserId=koner(565562) GroupId=domain users(100513) MCS_label=N/A
   Priority=27242026 Nice=0 Account=ewi-insy-ii-influence QOS=short
   JobState=RUNNING Reason=None Dependency=(null)
   Requeue=0 Restarts=0 BatchFlag=1 Reboot=0 ExitCode=0:0
   DerivedExitCode=0:0
   RunTime=00:00:00 TimeLimit=00:30:00 TimeMin=N/A
   SubmitTime=2023-07-14T13:05:18 EligibleTime=2023-07-14T13:05:18
   AccrueTime=2023-07-14T13:05:18
   StartTime=2023-07-14T13:05:19 EndTime=2023-07-14T13:35:19 Deadline=N/A
   SuspendTime=None SecsPreSuspend=0 LastSchedEval=2023-07-14T13:05:19 Scheduler=Main
   Partition=general AllocNode:Sid=login1:3641
   ReqNodeList=(null) ExcNodeList=(null)
   NodeList=grs4
   BatchHost=grs4
   NumNodes=1 NumCPUs=10 NumTasks=10 CPUs/Task=1 ReqB:S:C:T=0:0:*:*
   TRES=cpu=10,mem=850M,node=1,billing=5
   Socks/Node=* NtasksPerN:B:S:C=0:0:*:* CoreSpec=*
   JOB_GRES=(null)
     Nodes=grs4 CPU_IDs=10-15,26-29 Mem=850 GRES=
   MinCPUsNode=1 MinMemoryCPU=85M MinTmpDiskNode=0
   Features=(null) DelayBoot=00:00:00
   OverSubscribe=OK Contiguous=0 Licenses=(null) Network=(null)
   Command=/winhome/koner/Desktop/MCTS-Time-Management/jobscripts/frozenlake_dataset.sbatch
   WorkDir=/winhome/koner/Desktop/MCTS-Time-Management/jobscripts
   StdErr=/winhome/koner/Desktop/MCTS-Time-Management/jobscripts/slurm-8588140.out
   StdIn=/dev/null
   StdOut=/winhome/koner/Desktop/MCTS-Time-Management/jobscripts/slurm-8588140.out
   Power=
   MailUser=koner MailType=END
   

Cluster_1_100_s1_100-t1-FrozenLake-v1: 10/100
Cluster_1_100_s1_100-t1-FrozenLake-v1: 20/100
Cluster_1_100_s1_100-t1-FrozenLake-v1: 30/100
Cluster_1_100_s1_100-t1-FrozenLake-v1: 40/100
Cluster_1_100_s1_100-t1-FrozenLake-v1: 50/100
Cluster_1_100_s1_100-t1-FrozenLake-v1: 60/100
Cluster_1_100_s1_100-t1-FrozenLake-v1: 70/100
Cluster_1_100_s1_100-t1-FrozenLake-v1: 80/100
Cluster_1_100_s1_100-t1-FrozenLake-v1: 90/100
Cluster_1_100_s1_100-t1-FrozenLake-v1: 100/100
Cluster_2_100_s1_100-t1-FrozenLake-v1: 10/100
Cluster_2_100_s1_100-t1-FrozenLake-v1: 20/100
Cluster_2_100_s1_100-t1-FrozenLake-v1: 30/100
Cluster_2_100_s1_100-t1-FrozenLake-v1: 40/100
Cluster_2_100_s1_100-t1-FrozenLake-v1: 50/100
Cluster_2_100_s1_100-t1-FrozenLake-v1: 60/100
Cluster_2_100_s1_100-t1-FrozenLake-v1: 70/100
Cluster_2_100_s1_100-t1-FrozenLake-v1: 80/100
Cluster_2_100_s1_100-t1-FrozenLake-v1: 90/100
Cluster_2_100_s1_100-t1-FrozenLake-v1: 100/100
Cluster_4_100_s1_100-t1-FrozenLake-v1: 10/100
Cluster_4_100_s1_100-t1-FrozenLake-v1: 20/100
Cluster_4_100_s1_100-t1-FrozenLake-v1: 30/100
Cluster_4_100_s1_100-t1-FrozenLake-v1: 40/100
Cluster_4_100_s1_100-t1-FrozenLake-v1: 50/100
Cluster_4_100_s1_100-t1-FrozenLake-v1: 60/100
Cluster_4_100_s1_100-t1-FrozenLake-v1: 70/100
Cluster_4_100_s1_100-t1-FrozenLake-v1: 80/100
Cluster_4_100_s1_100-t1-FrozenLake-v1: 90/100
Cluster_4_100_s1_100-t1-FrozenLake-v1: 100/100
Cluster_3_100_s1_100-t1-FrozenLake-v1: 10/100
Cluster_3_100_s1_100-t1-FrozenLake-v1: 20/100
Cluster_3_100_s1_100-t1-FrozenLake-v1: 30/100
Cluster_3_100_s1_100-t1-FrozenLake-v1: 40/100
Cluster_3_100_s1_100-t1-FrozenLake-v1: 50/100
Cluster_3_100_s1_100-t1-FrozenLake-v1: 60/100
Cluster_3_100_s1_100-t1-FrozenLake-v1: 70/100
Cluster_3_100_s1_100-t1-FrozenLake-v1: 80/100
Cluster_3_100_s1_100-t1-FrozenLake-v1: 90/100
Cluster_3_100_s1_100-t1-FrozenLake-v1: 100/100
Cluster_10_100_s1_100-t1-FrozenLake-v1: 10/100
Cluster_10_100_s1_100-t1-FrozenLake-v1: 20/100
Cluster_10_100_s1_100-t1-FrozenLake-v1: 30/100
Cluster_10_100_s1_100-t1-FrozenLake-v1: 40/100
Cluster_10_100_s1_100-t1-FrozenLake-v1: 50/100
Cluster_10_100_s1_100-t1-FrozenLake-v1: 60/100
Cluster_10_100_s1_100-t1-FrozenLake-v1: 70/100
Cluster_10_100_s1_100-t1-FrozenLake-v1: 80/100
Cluster_10_100_s1_100-t1-FrozenLake-v1: 90/100
Cluster_10_100_s1_100-t1-FrozenLake-v1: 100/100
srun: Job 8588140 step creation temporarily disabled, retrying (Requested nodes are busy)
srun: Step created for job 8588140
srun: Job 8588140 step creation temporarily disabled, retrying (Requested nodes are busy)
srun: Step created for job 8588140
srun: Job 8588140 step creation temporarily disabled, retrying (Requested nodes are busy)
srun: Step created for job 8588140
srun: Job 8588140 step creation temporarily disabled, retrying (Requested nodes are busy)
srun: Step created for job 8588140
srun: Job 8588140 step creation temporarily disabled, retrying (Requested nodes are busy)
srun: Step created for job 8588140
Cluster_8_100_s1_100-t1-FrozenLake-v1: 10/100
Cluster_8_100_s1_100-t1-FrozenLake-v1: 20/100
Cluster_8_100_s1_100-t1-FrozenLake-v1: 30/100
Cluster_8_100_s1_100-t1-FrozenLake-v1: 40/100
Cluster_8_100_s1_100-t1-FrozenLake-v1: 50/100
Cluster_8_100_s1_100-t1-FrozenLake-v1: 60/100
Cluster_8_100_s1_100-t1-FrozenLake-v1: 70/100
Cluster_8_100_s1_100-t1-FrozenLake-v1: 80/100
Cluster_8_100_s1_100-t1-FrozenLake-v1: 90/100
Cluster_8_100_s1_100-t1-FrozenLake-v1: 100/100
Cluster_6_100_s1_100-t1-FrozenLake-v1: 10/100
Cluster_6_100_s1_100-t1-FrozenLake-v1: 20/100
Cluster_6_100_s1_100-t1-FrozenLake-v1: 30/100
Cluster_6_100_s1_100-t1-FrozenLake-v1: 40/100
Cluster_6_100_s1_100-t1-FrozenLake-v1: 50/100
Cluster_6_100_s1_100-t1-FrozenLake-v1: 60/100
Cluster_6_100_s1_100-t1-FrozenLake-v1: 70/100
Cluster_6_100_s1_100-t1-FrozenLake-v1: 80/100
Cluster_6_100_s1_100-t1-FrozenLake-v1: 90/100
Cluster_6_100_s1_100-t1-FrozenLake-v1: 100/100
Cluster_5_100_s1_100-t1-FrozenLake-v1: 10/100
Cluster_5_100_s1_100-t1-FrozenLake-v1: 20/100
Cluster_5_100_s1_100-t1-FrozenLake-v1: 30/100
Cluster_5_100_s1_100-t1-FrozenLake-v1: 40/100
Cluster_5_100_s1_100-t1-FrozenLake-v1: 50/100
Cluster_5_100_s1_100-t1-FrozenLake-v1: 60/100
Cluster_5_100_s1_100-t1-FrozenLake-v1: 70/100
Cluster_5_100_s1_100-t1-FrozenLake-v1: 80/100
Cluster_5_100_s1_100-t1-FrozenLake-v1: 90/100
Cluster_5_100_s1_100-t1-FrozenLake-v1: 100/100
Cluster_9_100_s1_100-t1-FrozenLake-v1: 10/100
Cluster_9_100_s1_100-t1-FrozenLake-v1: 20/100
Cluster_9_100_s1_100-t1-FrozenLake-v1: 30/100
Cluster_9_100_s1_100-t1-FrozenLake-v1: 40/100
Cluster_9_100_s1_100-t1-FrozenLake-v1: 50/100
Cluster_9_100_s1_100-t1-FrozenLake-v1: 60/100
Cluster_9_100_s1_100-t1-FrozenLake-v1: 70/100
Cluster_9_100_s1_100-t1-FrozenLake-v1: 80/100
Cluster_9_100_s1_100-t1-FrozenLake-v1: 90/100
Cluster_9_100_s1_100-t1-FrozenLake-v1: 100/100
Cluster_7_100_s1_100-t1-FrozenLake-v1: 10/100
Cluster_7_100_s1_100-t1-FrozenLake-v1: 20/100
Cluster_7_100_s1_100-t1-FrozenLake-v1: 30/100
Cluster_7_100_s1_100-t1-FrozenLake-v1: 40/100
Cluster_7_100_s1_100-t1-FrozenLake-v1: 50/100
Cluster_7_100_s1_100-t1-FrozenLake-v1: 60/100
Cluster_7_100_s1_100-t1-FrozenLake-v1: 70/100
Cluster_7_100_s1_100-t1-FrozenLake-v1: 80/100
Cluster_7_100_s1_100-t1-FrozenLake-v1: 90/100
Cluster_7_100_s1_100-t1-FrozenLake-v1: 100/100
