JobId=9349742 JobName=with_different_maps.sbatch
   UserId=koner(565562) GroupId=domain users(100513) MCS_label=N/A
   Priority=22895238 Nice=0 Account=ewi-insy-ii-influence QOS=short
   JobState=RUNNING Reason=None Dependency=(null)
   Requeue=0 Restarts=0 BatchFlag=1 Reboot=0 ExitCode=0:0
   DerivedExitCode=0:0
   RunTime=00:00:00 TimeLimit=02:30:00 TimeMin=N/A
   SubmitTime=2024-02-15T02:02:13 EligibleTime=2024-02-15T02:02:13
   AccrueTime=2024-02-15T02:02:13
   StartTime=2024-02-15T02:02:14 EndTime=2024-02-15T04:32:14 Deadline=N/A
   SuspendTime=None SecsPreSuspend=0 LastSchedEval=2024-02-15T02:02:14 Scheduler=Main
   Partition=general AllocNode:Sid=login1:17197
   ReqNodeList=(null) ExcNodeList=(null)
   NodeList=3dgi2
   BatchHost=3dgi2
   NumNodes=1 NumCPUs=64 NumTasks=1 CPUs/Task=64 ReqB:S:C:T=0:0:*:*
   TRES=cpu=64,mem=16000M,node=1,billing=33
   Socks/Node=* NtasksPerN:B:S:C=0:0:*:* CoreSpec=*
   JOB_GRES=(null)
     Nodes=3dgi2 CPU_IDs=0-63 Mem=16000 GRES=
   MinCPUsNode=64 MinMemoryNode=16000M MinTmpDiskNode=0
   Features=(null) DelayBoot=00:00:00
   OverSubscribe=OK Contiguous=0 Licenses=(null) Network=(null)
   Command=/winhome/koner/Desktop/MCTS-Time-Management/jobscripts/with_different_maps.sbatch
   WorkDir=/winhome/koner/Desktop/MCTS-Time-Management/jobscripts
   StdErr=/winhome/koner/Desktop/MCTS-Time-Management/jobscripts/slurm-9349742.out
   StdIn=/dev/null
   StdOut=/winhome/koner/Desktop/MCTS-Time-Management/jobscripts/slurm-9349742.out
   Power=
   MailUser=koner MailType=END
   

Finished epoch 1, latest loss 0.5810287594795227
Finished epoch 1000, latest loss 0.10232196003198624
Finished epoch 2000, latest loss 0.08295169472694397
Finished epoch 3000, latest loss 0.06898496299982071
Finished epoch 4000, latest loss 0.07735750824213028
Finished epoch 5000, latest loss 0.05762737989425659
Finished epoch 6000, latest loss 0.07866431027650833
Finished epoch 7000, latest loss 0.06053435802459717
Finished epoch 8000, latest loss 0.1049690842628479
Finished epoch 9000, latest loss 0.10556355118751526
Finished epoch 10000, latest loss 0.05222991853952408
Finished epoch 11000, latest loss 0.08448025584220886
Finished epoch 12000, latest loss 0.02417781390249729
Finished epoch 13000, latest loss 0.03593090921640396
Finished epoch 14000, latest loss 0.05283650755882263
Finished epoch 15000, latest loss 0.11319515854120255
Finished epoch 16000, latest loss 0.03991178423166275
Finished epoch 17000, latest loss 0.0852411538362503
Finished epoch 18000, latest loss 0.07429751008749008
Finished epoch 19000, latest loss 0.08683591336011887
Finished epoch 20000, latest loss 0.09770166873931885
Finished epoch 1, latest loss 0.5698911547660828
Finished epoch 1000, latest loss 0.08091111481189728
Finished epoch 2000, latest loss 0.05635771527886391
Finished epoch 3000, latest loss 0.08642452210187912
Finished epoch 4000, latest loss 0.142023965716362
Finished epoch 5000, latest loss 0.06717753410339355
Finished epoch 6000, latest loss 0.10824300348758698
Finished epoch 7000, latest loss 0.07649968564510345
Finished epoch 8000, latest loss 0.09750276058912277
Finished epoch 9000, latest loss 0.08941742777824402
Finished epoch 10000, latest loss 0.07134952396154404
Finished epoch 11000, latest loss 0.09320840984582901
Finished epoch 12000, latest loss 0.06317897140979767
Finished epoch 13000, latest loss 0.09589628875255585
Finished epoch 14000, latest loss 0.03200510889291763
Finished epoch 15000, latest loss 0.06352594494819641
Finished epoch 16000, latest loss 0.05387606471776962
Finished epoch 17000, latest loss 0.05211332067847252
Finished epoch 18000, latest loss 0.06864019483327866
Finished epoch 19000, latest loss 0.07379124313592911
Finished epoch 20000, latest loss 0.09061484783887863
Finished epoch 1, latest loss 0.6085211038589478
Finished epoch 1000, latest loss 0.10311818867921829
Finished epoch 2000, latest loss 0.11231958121061325
Finished epoch 3000, latest loss 0.0909033715724945
Finished epoch 4000, latest loss 0.10297910869121552
Finished epoch 5000, latest loss 0.05395277962088585
Finished epoch 6000, latest loss 0.06485439836978912
Finished epoch 7000, latest loss 0.09698763489723206
Finished epoch 8000, latest loss 0.13573822379112244
Finished epoch 9000, latest loss 0.08232732117176056
Finished epoch 10000, latest loss 0.01439057569950819
Finished epoch 11000, latest loss 0.03261881321668625
Finished epoch 12000, latest loss 0.01936742663383484
Finished epoch 13000, latest loss 0.06392985582351685
Finished epoch 14000, latest loss 0.0840887501835823
Finished epoch 15000, latest loss 0.051027197390794754
Finished epoch 16000, latest loss 0.058444611728191376
Finished epoch 17000, latest loss 0.08963250368833542
Finished epoch 18000, latest loss 0.03791289031505585
Finished epoch 19000, latest loss 0.1341457962989807
Finished epoch 20000, latest loss 0.0945107638835907
Finished epoch 1, latest loss 0.5396456122398376
Finished epoch 1000, latest loss 0.10599131137132645
Finished epoch 2000, latest loss 0.08008021861314774
Finished epoch 3000, latest loss 0.13362199068069458
Finished epoch 4000, latest loss 0.05008096992969513
Finished epoch 5000, latest loss 0.1058989018201828
Finished epoch 6000, latest loss 0.10396336019039154
Finished epoch 7000, latest loss 0.12586337327957153
Finished epoch 8000, latest loss 0.06731375306844711
Finished epoch 9000, latest loss 0.10190486907958984
Finished epoch 10000, latest loss 0.02973063662648201
Finished epoch 11000, latest loss 0.1395241916179657
Finished epoch 12000, latest loss 0.08175365626811981
Finished epoch 13000, latest loss 0.11754089593887329
Finished epoch 14000, latest loss 0.20524974167346954
Finished epoch 15000, latest loss 0.0782933235168457
Finished epoch 16000, latest loss 0.03399709612131119
Finished epoch 17000, latest loss 0.084688700735569
Finished epoch 18000, latest loss 0.17436784505844116
Finished epoch 19000, latest loss 0.05562741309404373
Finished epoch 20000, latest loss 0.08005349338054657
Finished epoch 1, latest loss 0.7367415428161621
Finished epoch 1000, latest loss 0.06532184034585953
Finished epoch 2000, latest loss 0.06246919184923172
Finished epoch 3000, latest loss 0.10613013803958893
Finished epoch 4000, latest loss 0.06831084936857224
Finished epoch 5000, latest loss 0.07612160593271255
Finished epoch 6000, latest loss 0.08897840976715088
Finished epoch 7000, latest loss 0.08692437410354614
Finished epoch 8000, latest loss 0.09772620350122452
Finished epoch 9000, latest loss 0.044959694147109985
Finished epoch 10000, latest loss 0.07877174764871597
Finished epoch 11000, latest loss 0.04854065552353859
Finished epoch 12000, latest loss 0.08365659415721893
Finished epoch 13000, latest loss 0.05863262340426445
Finished epoch 14000, latest loss 0.08318302780389786
Finished epoch 15000, latest loss 0.1556476652622223
Finished epoch 16000, latest loss 0.10613641142845154
Finished epoch 17000, latest loss 0.10237978398799896
Finished epoch 18000, latest loss 0.06155753135681152
Finished epoch 19000, latest loss 0.08680997788906097
Finished epoch 20000, latest loss 0.10287314653396606
Finished epoch 1, latest loss 0.5147711038589478
Finished epoch 1000, latest loss 0.10581854730844498
Finished epoch 2000, latest loss 0.07296484708786011
Finished epoch 3000, latest loss 0.03726382181048393
Finished epoch 4000, latest loss 0.08486805856227875
Finished epoch 5000, latest loss 0.04143235832452774
Finished epoch 6000, latest loss 0.040151480585336685
Finished epoch 7000, latest loss 0.05256584659218788
Finished epoch 8000, latest loss 0.05848625674843788
Finished epoch 9000, latest loss 0.08446423709392548
Finished epoch 10000, latest loss 0.1177750676870346
Finished epoch 11000, latest loss 0.08782410621643066
Finished epoch 12000, latest loss 0.06861709803342819
Finished epoch 13000, latest loss 0.05742768570780754
Finished epoch 14000, latest loss 0.058576904237270355
Finished epoch 15000, latest loss 0.035521142184734344
Finished epoch 16000, latest loss 0.038629695773124695
Finished epoch 17000, latest loss 0.07319707423448563
Finished epoch 18000, latest loss 0.11319392174482346
Finished epoch 19000, latest loss 0.04355897009372711
Finished epoch 20000, latest loss 0.04377249628305435
Finished epoch 1, latest loss 0.8130078911781311
Finished epoch 1000, latest loss 0.06855607032775879
Finished epoch 2000, latest loss 0.047525715082883835
Finished epoch 3000, latest loss 0.1099853366613388
Finished epoch 4000, latest loss 0.10110735148191452
Finished epoch 5000, latest loss 0.10671579837799072
Finished epoch 6000, latest loss 0.07100756466388702
Finished epoch 7000, latest loss 0.14649470150470734
Finished epoch 8000, latest loss 0.03722880780696869
Finished epoch 9000, latest loss 0.06588965654373169
Finished epoch 10000, latest loss 0.03970438987016678
Finished epoch 11000, latest loss 0.11715483665466309
Finished epoch 12000, latest loss 0.10719354450702667
Finished epoch 13000, latest loss 0.03607206046581268
Finished epoch 14000, latest loss 0.10245350748300552
Finished epoch 15000, latest loss 0.03274497762322426
Finished epoch 16000, latest loss 0.051220864057540894
Finished epoch 17000, latest loss 0.08426383882761002
Finished epoch 18000, latest loss 0.08419700711965561
Finished epoch 19000, latest loss 0.06339418143033981
Finished epoch 20000, latest loss 0.06742953509092331
Finished epoch 1, latest loss 0.6740210652351379
Finished epoch 1000, latest loss 0.10733344405889511
Finished epoch 2000, latest loss 0.08352108299732208
Finished epoch 3000, latest loss 0.06083773449063301
Finished epoch 4000, latest loss 0.09495771676301956
Finished epoch 5000, latest loss 0.07168391346931458
Finished epoch 6000, latest loss 0.06579096615314484
Finished epoch 7000, latest loss 0.08816272020339966
Finished epoch 8000, latest loss 0.055753227323293686
Finished epoch 9000, latest loss 0.119479238986969
Finished epoch 10000, latest loss 0.07994699478149414
Finished epoch 11000, latest loss 0.05121208727359772
Finished epoch 12000, latest loss 0.05276511237025261
Finished epoch 13000, latest loss 0.0492560900747776
Finished epoch 14000, latest loss 0.11686377972364426
Finished epoch 15000, latest loss 0.11474775522947311
Finished epoch 16000, latest loss 0.06289003044366837
Finished epoch 17000, latest loss 0.06408564001321793
Finished epoch 18000, latest loss 0.06499636918306351
Finished epoch 19000, latest loss 0.08149555325508118
Finished epoch 20000, latest loss 0.028433464467525482
Training set size: 96000
Training error 1: 0.068791 ± 0.002535
\Training error 2: 0.025822 ± 0.002509
Test error: 0.027398 ± 0.002731

Finished epoch 1, latest loss 0.9587999582290649
Finished epoch 1000, latest loss 0.148367777466774
Finished epoch 2000, latest loss 0.09848855435848236
Finished epoch 3000, latest loss 0.08395098149776459
Finished epoch 4000, latest loss 0.0740261822938919
Finished epoch 5000, latest loss 0.12025952339172363
Finished epoch 6000, latest loss 0.06504874676465988
Finished epoch 7000, latest loss 0.14240272343158722
Finished epoch 8000, latest loss 0.060222283005714417
Finished epoch 9000, latest loss 0.084503673017025
Finished epoch 10000, latest loss 0.0617135651409626
Finished epoch 11000, latest loss 0.1591203808784485
Finished epoch 12000, latest loss 0.06496217846870422
Finished epoch 13000, latest loss 0.12309178709983826
Finished epoch 14000, latest loss 0.04335726425051689
Finished epoch 15000, latest loss 0.11041457951068878
Finished epoch 16000, latest loss 0.059740856289863586
Finished epoch 17000, latest loss 0.06872165203094482
Finished epoch 18000, latest loss 0.0537593811750412
Finished epoch 19000, latest loss 0.06688408553600311
Finished epoch 20000, latest loss 0.12225446850061417
Finished epoch 1, latest loss 0.7266716361045837
Finished epoch 1000, latest loss 0.06428347527980804
Finished epoch 2000, latest loss 0.06084819138050079
Finished epoch 3000, latest loss 0.08387569338083267
Finished epoch 4000, latest loss 0.0845249816775322
Finished epoch 5000, latest loss 0.05224186182022095
Finished epoch 6000, latest loss 0.0831158235669136
Finished epoch 7000, latest loss 0.06135117635130882
Finished epoch 8000, latest loss 0.09268718212842941
Finished epoch 9000, latest loss 0.07455287873744965
Finished epoch 10000, latest loss 0.06977895647287369
Finished epoch 11000, latest loss 0.09005503356456757
Finished epoch 12000, latest loss 0.03714940324425697
Finished epoch 13000, latest loss 0.07747116684913635
Finished epoch 14000, latest loss 0.05709921568632126
Finished epoch 15000, latest loss 0.12358836829662323
Finished epoch 16000, latest loss 0.0833340734243393
Finished epoch 17000, latest loss 0.1350061297416687
Finished epoch 18000, latest loss 0.06875376403331757
Finished epoch 19000, latest loss 0.049063511192798615
Finished epoch 20000, latest loss 0.055957477539777756
Finished epoch 1, latest loss 0.710797131061554
Finished epoch 1000, latest loss 0.11751340329647064
Finished epoch 2000, latest loss 0.07366488128900528
Finished epoch 3000, latest loss 0.13880981504917145
Finished epoch 4000, latest loss 0.04184868186712265
Finished epoch 5000, latest loss 0.11857715249061584
Finished epoch 6000, latest loss 0.03340526670217514
Finished epoch 7000, latest loss 0.1186286062002182
Finished epoch 8000, latest loss 0.08228813111782074
Finished epoch 9000, latest loss 0.061734188348054886
Finished epoch 10000, latest loss 0.07214713096618652
Finished epoch 11000, latest loss 0.12433981150388718
Finished epoch 12000, latest loss 0.09621621668338776
Finished epoch 13000, latest loss 0.07224731892347336
Finished epoch 14000, latest loss 0.0806938037276268
Finished epoch 15000, latest loss 0.08281338214874268
Finished epoch 16000, latest loss 0.05073027312755585
Finished epoch 17000, latest loss 0.029388776049017906
Finished epoch 18000, latest loss 0.06694909930229187
Finished epoch 19000, latest loss 0.06882753223180771
Finished epoch 20000, latest loss 0.11220387369394302
Finished epoch 1, latest loss 0.6012979745864868
Finished epoch 1000, latest loss 0.14139819145202637
Finished epoch 2000, latest loss 0.05703600496053696
Finished epoch 3000, latest loss 0.05370147153735161
Finished epoch 4000, latest loss 0.12205842137336731
Finished epoch 5000, latest loss 0.0271294005215168
Finished epoch 6000, latest loss 0.02927655540406704
Finished epoch 7000, latest loss 0.07288672029972076
Finished epoch 8000, latest loss 0.04805696755647659
Finished epoch 9000, latest loss 0.07423342764377594
Finished epoch 10000, latest loss 0.033488448709249496
Finished epoch 11000, latest loss 0.05134877562522888
Finished epoch 12000, latest loss 0.05783282592892647
Finished epoch 13000, latest loss 0.10077391564846039
Finished epoch 14000, latest loss 0.08682768791913986
Finished epoch 15000, latest loss 0.04583178833127022
Finished epoch 16000, latest loss 0.046040795743465424
Finished epoch 17000, latest loss 0.06246175244450569
Finished epoch 18000, latest loss 0.13196250796318054
Finished epoch 19000, latest loss 0.06195223703980446
Finished epoch 20000, latest loss 0.0642460286617279
Finished epoch 1, latest loss 0.4477236568927765
Finished epoch 1000, latest loss 0.09790617227554321
Finished epoch 2000, latest loss 0.04216478019952774
Finished epoch 3000, latest loss 0.1084701269865036
Finished epoch 4000, latest loss 0.12154161185026169
Finished epoch 5000, latest loss 0.09562996029853821
Finished epoch 6000, latest loss 0.0960080474615097
Finished epoch 7000, latest loss 0.06944593042135239
Finished epoch 8000, latest loss 0.05910268425941467
Finished epoch 9000, latest loss 0.08173270523548126
Finished epoch 10000, latest loss 0.13052967190742493
Finished epoch 11000, latest loss 0.02971990406513214
Finished epoch 12000, latest loss 0.08618015050888062
Finished epoch 13000, latest loss 0.16537339985370636
Finished epoch 14000, latest loss 0.07742735743522644
Finished epoch 15000, latest loss 0.0501859225332737
Finished epoch 16000, latest loss 0.08059126883745193
Finished epoch 17000, latest loss 0.03438859432935715
Finished epoch 18000, latest loss 0.04182068258523941
Finished epoch 19000, latest loss 0.03399336338043213
Finished epoch 20000, latest loss 0.0976238027215004
Finished epoch 1, latest loss 0.4762953817844391
Finished epoch 1000, latest loss 0.0885678082704544
Finished epoch 2000, latest loss 0.043752651661634445
Finished epoch 3000, latest loss 0.05682188645005226
Finished epoch 4000, latest loss 0.03685348853468895
Finished epoch 5000, latest loss 0.029577262699604034
Finished epoch 6000, latest loss 0.044816549867391586
Finished epoch 7000, latest loss 0.1094675287604332
Finished epoch 8000, latest loss 0.11292736232280731
Finished epoch 9000, latest loss 0.05854273587465286
Finished epoch 10000, latest loss 0.1390646994113922
Finished epoch 11000, latest loss 0.07826157659292221
Finished epoch 12000, latest loss 0.013457115739583969
Finished epoch 13000, latest loss 0.08823281526565552
Finished epoch 14000, latest loss 0.12783151865005493
Finished epoch 15000, latest loss 0.06257954984903336
Finished epoch 16000, latest loss 0.05433632805943489
Finished epoch 17000, latest loss 0.06868863850831985
Finished epoch 18000, latest loss 0.057024434208869934
Finished epoch 19000, latest loss 0.05259086191654205
Finished epoch 20000, latest loss 0.051786720752716064
Finished epoch 1, latest loss 0.6854977607727051
Finished epoch 1000, latest loss 0.10690315812826157
Finished epoch 2000, latest loss 0.06976106762886047
Finished epoch 3000, latest loss 0.09271371364593506
Finished epoch 4000, latest loss 0.029447322711348534
Finished epoch 5000, latest loss 0.095181405544281
Finished epoch 6000, latest loss 0.026491627097129822
Finished epoch 7000, latest loss 0.0853097066283226
Finished epoch 8000, latest loss 0.0882437527179718
Finished epoch 9000, latest loss 0.08888937532901764
Finished epoch 10000, latest loss 0.09125922620296478
Finished epoch 11000, latest loss 0.09251151233911514
Finished epoch 12000, latest loss 0.0388321690261364
Finished epoch 13000, latest loss 0.04219851270318031
Finished epoch 14000, latest loss 0.07857543230056763
Finished epoch 15000, latest loss 0.09071652591228485
Finished epoch 16000, latest loss 0.06407110393047333
Finished epoch 17000, latest loss 0.04857504740357399
Finished epoch 18000, latest loss 0.06760981678962708
Finished epoch 19000, latest loss 0.06943538784980774
Finished epoch 20000, latest loss 0.12073608487844467
Finished epoch 1, latest loss 0.6739143133163452
Finished epoch 1000, latest loss 0.1559382528066635
Finished epoch 2000, latest loss 0.09204991906881332
Finished epoch 3000, latest loss 0.03165196254849434
Finished epoch 4000, latest loss 0.11098818480968475
Finished epoch 5000, latest loss 0.07289645075798035
Finished epoch 6000, latest loss 0.033434558659791946
Finished epoch 7000, latest loss 0.09970933198928833
Finished epoch 8000, latest loss 0.05373244732618332
Finished epoch 9000, latest loss 0.021717609837651253
Finished epoch 10000, latest loss 0.09079689532518387
Finished epoch 11000, latest loss 0.12893958389759064
Finished epoch 12000, latest loss 0.06248841434717178
Finished epoch 13000, latest loss 0.06045950949192047
Finished epoch 14000, latest loss 0.0705384612083435
Finished epoch 15000, latest loss 0.08302932977676392
Finished epoch 16000, latest loss 0.09094121307134628
Finished epoch 17000, latest loss 0.07710902392864227
Finished epoch 18000, latest loss 0.04372363165020943
Finished epoch 19000, latest loss 0.14676004648208618
Finished epoch 20000, latest loss 0.09127601236104965
Training set size: 128000
Training error 1: 0.067175 ± 0.003557
\Training error 2: 0.025671 ± 0.003525
Test error: 0.026867 ± 0.003494

Finished epoch 1, latest loss 0.7000166773796082
Finished epoch 1000, latest loss 0.155753493309021
Finished epoch 2000, latest loss 0.06382081657648087
Finished epoch 3000, latest loss 0.1761995553970337
Finished epoch 4000, latest loss 0.10089371353387833
Finished epoch 5000, latest loss 0.04606303945183754
Finished epoch 6000, latest loss 0.04703635722398758
Finished epoch 7000, latest loss 0.07063303142786026
Finished epoch 8000, latest loss 0.09830265492200851
Finished epoch 9000, latest loss 0.09191139042377472
Finished epoch 10000, latest loss 0.05154441297054291
Finished epoch 11000, latest loss 0.04713299125432968
Finished epoch 12000, latest loss 0.029686057940125465
Finished epoch 13000, latest loss 0.04206489399075508
Finished epoch 14000, latest loss 0.07364307343959808
Finished epoch 15000, latest loss 0.03362802788615227
Finished epoch 16000, latest loss 0.1193775087594986
Finished epoch 17000, latest loss 0.13750894367694855
Finished epoch 18000, latest loss 0.023266220465302467
Finished epoch 19000, latest loss 0.05869414284825325
Finished epoch 20000, latest loss 0.029175955802202225
Finished epoch 1, latest loss 0.8222777247428894
Finished epoch 1000, latest loss 0.07778095453977585
Finished epoch 2000, latest loss 0.12656526267528534
Finished epoch 3000, latest loss 0.03810259699821472
Finished epoch 4000, latest loss 0.10273455828428268
Finished epoch 5000, latest loss 0.051919907331466675
Finished epoch 6000, latest loss 0.07795517891645432
Finished epoch 7000, latest loss 0.07385749369859695
Finished epoch 8000, latest loss 0.12077439576387405
Finished epoch 9000, latest loss 0.08783039450645447
Finished epoch 10000, latest loss 0.10304740816354752
Finished epoch 11000, latest loss 0.0824989378452301
Finished epoch 12000, latest loss 0.08577170968055725
Finished epoch 13000, latest loss 0.04728330299258232
Finished epoch 14000, latest loss 0.05653439462184906
Finished epoch 15000, latest loss 0.05347611755132675
Finished epoch 16000, latest loss 0.15008865296840668
Finished epoch 17000, latest loss 0.0518256351351738
Finished epoch 18000, latest loss 0.05958310142159462
Finished epoch 19000, latest loss 0.11922965198755264
Finished epoch 20000, latest loss 0.052365515381097794
Finished epoch 1, latest loss 0.7360271215438843
Finished epoch 1000, latest loss 0.11678774654865265
Finished epoch 2000, latest loss 0.1199837401509285
Finished epoch 3000, latest loss 0.07675918191671371
Finished epoch 4000, latest loss 0.09915731847286224
Finished epoch 5000, latest loss 0.04763951152563095
Finished epoch 6000, latest loss 0.04079066216945648
Finished epoch 7000, latest loss 0.10252644866704941
Finished epoch 8000, latest loss 0.13027013838291168
Finished epoch 9000, latest loss 0.06691295653581619
Finished epoch 10000, latest loss 0.10190284252166748
Finished epoch 11000, latest loss 0.08137566596269608
Finished epoch 12000, latest loss 0.01896646060049534
Finished epoch 13000, latest loss 0.10070016235113144
Finished epoch 14000, latest loss 0.018925804644823074
Finished epoch 15000, latest loss 0.0733257606625557
Finished epoch 16000, latest loss 0.062293414026498795
Finished epoch 17000, latest loss 0.04017696529626846
Finished epoch 18000, latest loss 0.03647293522953987
Finished epoch 19000, latest loss 0.06485816836357117
Finished epoch 20000, latest loss 0.10977594554424286
Finished epoch 1, latest loss 0.4581872224807739
Finished epoch 1000, latest loss 0.054660946130752563
Finished epoch 2000, latest loss 0.061248715966939926
Finished epoch 3000, latest loss 0.052874643355607986
Finished epoch 4000, latest loss 0.025904377922415733
Finished epoch 5000, latest loss 0.05014798417687416
Finished epoch 6000, latest loss 0.1169518530368805
Finished epoch 7000, latest loss 0.1050691157579422
Finished epoch 8000, latest loss 0.06758923828601837
Finished epoch 9000, latest loss 0.06045255810022354
Finished epoch 10000, latest loss 0.10124248266220093
Finished epoch 11000, latest loss 0.12270638346672058
Finished epoch 12000, latest loss 0.03650454431772232
Finished epoch 13000, latest loss 0.069364033639431
Finished epoch 14000, latest loss 0.07381326705217361
Finished epoch 15000, latest loss 0.06502723693847656
Finished epoch 16000, latest loss 0.0337589830160141
Finished epoch 17000, latest loss 0.03929949924349785
Finished epoch 18000, latest loss 0.13975808024406433
Finished epoch 19000, latest loss 0.07600722461938858
Finished epoch 20000, latest loss 0.047775689512491226
Finished epoch 1, latest loss 0.6547223925590515
Finished epoch 1000, latest loss 0.10638291388750076
Finished epoch 2000, latest loss 0.07906335592269897
Finished epoch 3000, latest loss 0.08614031970500946
Finished epoch 4000, latest loss 0.07048818469047546
Finished epoch 5000, latest loss 0.09696714580059052
Finished epoch 6000, latest loss 0.0454745776951313
Finished epoch 7000, latest loss 0.11546801030635834
Finished epoch 8000, latest loss 0.04151653125882149
Finished epoch 9000, latest loss 0.044768076390028
Finished epoch 10000, latest loss 0.073955237865448
Finished epoch 11000, latest loss 0.09296181797981262
Finished epoch 12000, latest loss 0.07681228965520859
Finished epoch 13000, latest loss 0.041586704552173615
Finished epoch 14000, latest loss 0.03872518241405487
Finished epoch 15000, latest loss 0.02035859227180481
Finished epoch 16000, latest loss 0.04762006923556328
Finished epoch 17000, latest loss 0.05176790431141853
Finished epoch 18000, latest loss 0.0569964274764061
Finished epoch 19000, latest loss 0.054699260741472244
Finished epoch 20000, latest loss 0.08522957563400269
Finished epoch 1, latest loss 0.847748875617981
Finished epoch 1000, latest loss 0.07494060695171356
Finished epoch 2000, latest loss 0.11564716696739197
Finished epoch 3000, latest loss 0.08797129988670349
Finished epoch 4000, latest loss 0.04409768804907799
Finished epoch 5000, latest loss 0.06738763302564621
Finished epoch 6000, latest loss 0.062375448644161224
Finished epoch 7000, latest loss 0.045029014348983765
Finished epoch 8000, latest loss 0.10836487263441086
Finished epoch 9000, latest loss 0.09120481461286545
Finished epoch 10000, latest loss 0.04515501856803894
Finished epoch 11000, latest loss 0.08095275610685349
Finished epoch 12000, latest loss 0.08399120718240738
Finished epoch 13000, latest loss 0.09012535214424133
Finished epoch 14000, latest loss 0.0836750864982605
Finished epoch 15000, latest loss 0.03475689888000488
slurmstepd: error: *** STEP 9349742.0 ON 3dgi2 CANCELLED AT 2024-02-15T04:32:32 DUE TO TIME LIMIT ***
slurmstepd: error: *** JOB 9349742 ON 3dgi2 CANCELLED AT 2024-02-15T04:32:32 DUE TO TIME LIMIT ***
srun: Job step aborted: Waiting up to 32 seconds for job step to finish.
