JobId=8580065 JobName=cartpole_dataset.sbatch
   UserId=koner(565562) GroupId=domain users(100513) MCS_label=N/A
   Priority=16669172 Nice=0 Account=ewi-insy-ii-influence QOS=medium
   JobState=RUNNING Reason=None Dependency=(null)
   Requeue=0 Restarts=0 BatchFlag=1 Reboot=0 ExitCode=0:0
   DerivedExitCode=0:0
   RunTime=00:00:00 TimeLimit=02:00:00 TimeMin=N/A
   SubmitTime=2023-07-09T14:10:35 EligibleTime=2023-07-09T14:10:35
   AccrueTime=2023-07-09T14:10:35
   StartTime=2023-07-09T14:10:36 EndTime=2023-07-09T16:10:36 Deadline=N/A
   SuspendTime=None SecsPreSuspend=0 LastSchedEval=2023-07-09T14:10:36 Scheduler=Main
   Partition=general AllocNode:Sid=login1:1218
   ReqNodeList=(null) ExcNodeList=(null)
   NodeList=grs2
   BatchHost=grs2
   NumNodes=1 NumCPUs=10 NumTasks=10 CPUs/Task=1 ReqB:S:C:T=0:0:*:*
   TRES=cpu=10,mem=850M,node=1,billing=5
   Socks/Node=* NtasksPerN:B:S:C=0:0:*:* CoreSpec=*
   JOB_GRES=(null)
     Nodes=grs2 CPU_IDs=8-13,22-25 Mem=850 GRES=
   MinCPUsNode=1 MinMemoryCPU=85M MinTmpDiskNode=0
   Features=(null) DelayBoot=00:00:00
   OverSubscribe=OK Contiguous=0 Licenses=(null) Network=(null)
   Command=/winhome/koner/Desktop/MCTS-Time-Management/jobscripts/cartpole_dataset.sbatch
   WorkDir=/winhome/koner/Desktop/MCTS-Time-Management/jobscripts
   StdErr=/winhome/koner/Desktop/MCTS-Time-Management/jobscripts/slurm-8580065.out
   StdIn=/dev/null
   StdOut=/winhome/koner/Desktop/MCTS-Time-Management/jobscripts/slurm-8580065.out
   Power=
   MailUser=koner MailType=END
   

srun: Job 8580065 step creation temporarily disabled, retrying (Requested nodes are busy)
srun: Job 8580065 step creation temporarily disabled, retrying (Requested nodes are busy)
srun: Job 8580065 step creation temporarily disabled, retrying (Requested nodes are busy)
srun: Job 8580065 step creation temporarily disabled, retrying (Requested nodes are busy)
srun: Job 8580065 step creation temporarily disabled, retrying (Requested nodes are busy)
srun: Job 8580065 step creation still disabled, retrying (Requested nodes are busy)
srun: Job 8580065 step creation still disabled, retrying (Requested nodes are busy)
srun: Job 8580065 step creation still disabled, retrying (Requested nodes are busy)
srun: Job 8580065 step creation still disabled, retrying (Requested nodes are busy)
srun: Job 8580065 step creation still disabled, retrying (Requested nodes are busy)
srun: Job 8580065 step creation still disabled, retrying (Requested nodes are busy)
srun: Job 8580065 step creation still disabled, retrying (Requested nodes are busy)
srun: Job 8580065 step creation still disabled, retrying (Requested nodes are busy)
srun: Job 8580065 step creation still disabled, retrying (Requested nodes are busy)
srun: Job 8580065 step creation still disabled, retrying (Requested nodes are busy)
srun: Job 8580065 step creation still disabled, retrying (Requested nodes are busy)
srun: Job 8580065 step creation still disabled, retrying (Requested nodes are busy)
srun: Job 8580065 step creation still disabled, retrying (Requested nodes are busy)
srun: Job 8580065 step creation still disabled, retrying (Requested nodes are busy)
srun: Job 8580065 step creation still disabled, retrying (Requested nodes are busy)
srun: Job 8580065 step creation still disabled, retrying (Requested nodes are busy)
srun: Job 8580065 step creation still disabled, retrying (Requested nodes are busy)
srun: Job 8580065 step creation still disabled, retrying (Requested nodes are busy)
srun: Job 8580065 step creation still disabled, retrying (Requested nodes are busy)
srun: Job 8580065 step creation still disabled, retrying (Requested nodes are busy)
srun: Job 8580065 step creation still disabled, retrying (Requested nodes are busy)
srun: Job 8580065 step creation still disabled, retrying (Requested nodes are busy)
srun: Job 8580065 step creation still disabled, retrying (Requested nodes are busy)
srun: Job 8580065 step creation still disabled, retrying (Requested nodes are busy)
srun: Job 8580065 step creation still disabled, retrying (Requested nodes are busy)
srun: Job 8580065 step creation still disabled, retrying (Requested nodes are busy)
srun: Job 8580065 step creation still disabled, retrying (Requested nodes are busy)
srun: Job 8580065 step creation still disabled, retrying (Requested nodes are busy)
srun: Job 8580065 step creation still disabled, retrying (Requested nodes are busy)
srun: Job 8580065 step creation still disabled, retrying (Requested nodes are busy)
srun: Job 8580065 step creation still disabled, retrying (Requested nodes are busy)
srun: Job 8580065 step creation still disabled, retrying (Requested nodes are busy)
srun: Job 8580065 step creation still disabled, retrying (Requested nodes are busy)
srun: Job 8580065 step creation still disabled, retrying (Requested nodes are busy)
srun: Job 8580065 step creation still disabled, retrying (Requested nodes are busy)
srun: Job 8580065 step creation still disabled, retrying (Requested nodes are busy)
srun: Job 8580065 step creation still disabled, retrying (Requested nodes are busy)
srun: Job 8580065 step creation still disabled, retrying (Requested nodes are busy)
srun: Job 8580065 step creation still disabled, retrying (Requested nodes are busy)
srun: Job 8580065 step creation still disabled, retrying (Requested nodes are busy)
srun: Job 8580065 step creation still disabled, retrying (Requested nodes are busy)
srun: Job 8580065 step creation still disabled, retrying (Requested nodes are busy)
srun: Job 8580065 step creation still disabled, retrying (Requested nodes are busy)
srun: Job 8580065 step creation still disabled, retrying (Requested nodes are busy)
srun: Job 8580065 step creation still disabled, retrying (Requested nodes are busy)
srun: Job 8580065 step creation still disabled, retrying (Requested nodes are busy)
srun: Job 8580065 step creation still disabled, retrying (Requested nodes are busy)
srun: Job 8580065 step creation still disabled, retrying (Requested nodes are busy)
srun: Job 8580065 step creation still disabled, retrying (Requested nodes are busy)
srun: Job 8580065 step creation still disabled, retrying (Requested nodes are busy)
srun: Job 8580065 step creation still disabled, retrying (Requested nodes are busy)
srun: Job 8580065 step creation still disabled, retrying (Requested nodes are busy)
srun: Job 8580065 step creation still disabled, retrying (Requested nodes are busy)
srun: Job 8580065 step creation still disabled, retrying (Requested nodes are busy)
srun: Job 8580065 step creation still disabled, retrying (Requested nodes are busy)
srun: Job 8580065 step creation still disabled, retrying (Requested nodes are busy)
srun: Job 8580065 step creation still disabled, retrying (Requested nodes are busy)
srun: Job 8580065 step creation still disabled, retrying (Requested nodes are busy)
srun: Job 8580065 step creation still disabled, retrying (Requested nodes are busy)
srun: Job 8580065 step creation still disabled, retrying (Requested nodes are busy)
srun: Job 8580065 step creation still disabled, retrying (Requested nodes are busy)
srun: Job 8580065 step creation still disabled, retrying (Requested nodes are busy)
srun: Job 8580065 step creation still disabled, retrying (Requested nodes are busy)
srun: Job 8580065 step creation still disabled, retrying (Requested nodes are busy)
srun: Job 8580065 step creation still disabled, retrying (Requested nodes are busy)
srun: Job 8580065 step creation still disabled, retrying (Requested nodes are busy)
srun: Job 8580065 step creation still disabled, retrying (Requested nodes are busy)
srun: Job 8580065 step creation still disabled, retrying (Requested nodes are busy)
srun: Job 8580065 step creation still disabled, retrying (Requested nodes are busy)
srun: Job 8580065 step creation still disabled, retrying (Requested nodes are busy)
srun: Job 8580065 step creation still disabled, retrying (Requested nodes are busy)
srun: Job 8580065 step creation still disabled, retrying (Requested nodes are busy)
srun: Job 8580065 step creation still disabled, retrying (Requested nodes are busy)
srun: Job 8580065 step creation still disabled, retrying (Requested nodes are busy)
srun: Job 8580065 step creation still disabled, retrying (Requested nodes are busy)
srun: Job 8580065 step creation still disabled, retrying (Requested nodes are busy)
srun: Job 8580065 step creation still disabled, retrying (Requested nodes are busy)
srun: Job 8580065 step creation still disabled, retrying (Requested nodes are busy)
srun: Job 8580065 step creation still disabled, retrying (Requested nodes are busy)
srun: Job 8580065 step creation still disabled, retrying (Requested nodes are busy)
srun: Job 8580065 step creation still disabled, retrying (Requested nodes are busy)
srun: Job 8580065 step creation still disabled, retrying (Requested nodes are busy)
srun: Job 8580065 step creation still disabled, retrying (Requested nodes are busy)
srun: Job 8580065 step creation still disabled, retrying (Requested nodes are busy)
srun: Job 8580065 step creation still disabled, retrying (Requested nodes are busy)
srun: Job 8580065 step creation still disabled, retrying (Requested nodes are busy)
srun: Job 8580065 step creation still disabled, retrying (Requested nodes are busy)
srun: Job 8580065 step creation still disabled, retrying (Requested nodes are busy)
srun: Job 8580065 step creation still disabled, retrying (Requested nodes are busy)
srun: Job 8580065 step creation still disabled, retrying (Requested nodes are busy)
srun: Job 8580065 step creation still disabled, retrying (Requested nodes are busy)
srun: Job 8580065 step creation still disabled, retrying (Requested nodes are busy)
srun: Job 8580065 step creation still disabled, retrying (Requested nodes are busy)
srun: Job 8580065 step creation still disabled, retrying (Requested nodes are busy)
srun: Job 8580065 step creation still disabled, retrying (Requested nodes are busy)
srun: Job 8580065 step creation still disabled, retrying (Requested nodes are busy)
srun: Job 8580065 step creation still disabled, retrying (Requested nodes are busy)
srun: Job 8580065 step creation still disabled, retrying (Requested nodes are busy)
srun: Job 8580065 step creation still disabled, retrying (Requested nodes are busy)
srun: Job 8580065 step creation still disabled, retrying (Requested nodes are busy)
srun: Job 8580065 step creation still disabled, retrying (Requested nodes are busy)
srun: Job 8580065 step creation still disabled, retrying (Requested nodes are busy)
srun: Job 8580065 step creation still disabled, retrying (Requested nodes are busy)
srun: Job 8580065 step creation still disabled, retrying (Requested nodes are busy)
srun: Job 8580065 step creation still disabled, retrying (Requested nodes are busy)
srun: Job 8580065 step creation still disabled, retrying (Requested nodes are busy)
srun: Job 8580065 step creation still disabled, retrying (Requested nodes are busy)
srun: Job 8580065 step creation still disabled, retrying (Requested nodes are busy)
srun: Job 8580065 step creation still disabled, retrying (Requested nodes are busy)
srun: Job 8580065 step creation still disabled, retrying (Requested nodes are busy)
srun: Job 8580065 step creation still disabled, retrying (Requested nodes are busy)
srun: Job 8580065 step creation still disabled, retrying (Requested nodes are busy)
srun: Job 8580065 step creation still disabled, retrying (Requested nodes are busy)
srun: Job 8580065 step creation still disabled, retrying (Requested nodes are busy)
srun: Job 8580065 step creation still disabled, retrying (Requested nodes are busy)
srun: Job 8580065 step creation still disabled, retrying (Requested nodes are busy)
srun: Job 8580065 step creation still disabled, retrying (Requested nodes are busy)
srun: Job 8580065 step creation still disabled, retrying (Requested nodes are busy)
srun: Job 8580065 step creation still disabled, retrying (Requested nodes are busy)
srun: Job 8580065 step creation still disabled, retrying (Requested nodes are busy)
srun: Job 8580065 step creation still disabled, retrying (Requested nodes are busy)
srun: Job 8580065 step creation still disabled, retrying (Requested nodes are busy)
srun: Job 8580065 step creation still disabled, retrying (Requested nodes are busy)
srun: Job 8580065 step creation still disabled, retrying (Requested nodes are busy)
srun: Job 8580065 step creation still disabled, retrying (Requested nodes are busy)
srun: Job 8580065 step creation still disabled, retrying (Requested nodes are busy)
srun: Job 8580065 step creation still disabled, retrying (Requested nodes are busy)
srun: Job 8580065 step creation still disabled, retrying (Requested nodes are busy)
srun: Job 8580065 step creation still disabled, retrying (Requested nodes are busy)
srun: Job 8580065 step creation still disabled, retrying (Requested nodes are busy)
srun: Job 8580065 step creation still disabled, retrying (Requested nodes are busy)
srun: Job 8580065 step creation still disabled, retrying (Requested nodes are busy)
srun: Job 8580065 step creation still disabled, retrying (Requested nodes are busy)
srun: Job 8580065 step creation still disabled, retrying (Requested nodes are busy)
srun: Job 8580065 step creation still disabled, retrying (Requested nodes are busy)
srun: Job 8580065 step creation still disabled, retrying (Requested nodes are busy)
srun: Job 8580065 step creation still disabled, retrying (Requested nodes are busy)
srun: Job 8580065 step creation still disabled, retrying (Requested nodes are busy)
srun: Job 8580065 step creation still disabled, retrying (Requested nodes are busy)
srun: Job 8580065 step creation still disabled, retrying (Requested nodes are busy)
srun: Job 8580065 step creation still disabled, retrying (Requested nodes are busy)
srun: Job 8580065 step creation still disabled, retrying (Requested nodes are busy)
srun: Job 8580065 step creation still disabled, retrying (Requested nodes are busy)
srun: Job 8580065 step creation still disabled, retrying (Requested nodes are busy)
srun: Job 8580065 step creation still disabled, retrying (Requested nodes are busy)
srun: Job 8580065 step creation still disabled, retrying (Requested nodes are busy)
srun: Job 8580065 step creation still disabled, retrying (Requested nodes are busy)
srun: Job 8580065 step creation still disabled, retrying (Requested nodes are busy)
srun: Job 8580065 step creation still disabled, retrying (Requested nodes are busy)
srun: Job 8580065 step creation still disabled, retrying (Requested nodes are busy)
srun: Job 8580065 step creation still disabled, retrying (Requested nodes are busy)
srun: Job 8580065 step creation still disabled, retrying (Requested nodes are busy)
srun: Job 8580065 step creation still disabled, retrying (Requested nodes are busy)
srun: Job 8580065 step creation still disabled, retrying (Requested nodes are busy)
srun: Job 8580065 step creation still disabled, retrying (Requested nodes are busy)
srun: Job 8580065 step creation still disabled, retrying (Requested nodes are busy)
srun: Job 8580065 step creation still disabled, retrying (Requested nodes are busy)
srun: Job 8580065 step creation still disabled, retrying (Requested nodes are busy)
srun: Job 8580065 step creation still disabled, retrying (Requested nodes are busy)
srun: Job 8580065 step creation still disabled, retrying (Requested nodes are busy)
srun: Job 8580065 step creation still disabled, retrying (Requested nodes are busy)
srun: Job 8580065 step creation still disabled, retrying (Requested nodes are busy)
srun: Job 8580065 step creation still disabled, retrying (Requested nodes are busy)
srun: Job 8580065 step creation still disabled, retrying (Requested nodes are busy)
srun: Job 8580065 step creation still disabled, retrying (Requested nodes are busy)
srun: Job 8580065 step creation still disabled, retrying (Requested nodes are busy)
srun: Job 8580065 step creation still disabled, retrying (Requested nodes are busy)
srun: Job 8580065 step creation still disabled, retrying (Requested nodes are busy)
srun: Job 8580065 step creation still disabled, retrying (Requested nodes are busy)
srun: Job 8580065 step creation still disabled, retrying (Requested nodes are busy)
srun: Job 8580065 step creation still disabled, retrying (Requested nodes are busy)
srun: Job 8580065 step creation still disabled, retrying (Requested nodes are busy)
srun: Job 8580065 step creation still disabled, retrying (Requested nodes are busy)
srun: Job 8580065 step creation still disabled, retrying (Requested nodes are busy)
srun: Job 8580065 step creation still disabled, retrying (Requested nodes are busy)
srun: Job 8580065 step creation still disabled, retrying (Requested nodes are busy)
srun: Job 8580065 step creation still disabled, retrying (Requested nodes are busy)
srun: Job 8580065 step creation still disabled, retrying (Requested nodes are busy)
srun: Job 8580065 step creation still disabled, retrying (Requested nodes are busy)
srun: Job 8580065 step creation still disabled, retrying (Requested nodes are busy)
srun: Job 8580065 step creation still disabled, retrying (Requested nodes are busy)
srun: Job 8580065 step creation still disabled, retrying (Requested nodes are busy)
srun: Job 8580065 step creation still disabled, retrying (Requested nodes are busy)
srun: Job 8580065 step creation still disabled, retrying (Requested nodes are busy)
srun: Job 8580065 step creation still disabled, retrying (Requested nodes are busy)
srun: Job 8580065 step creation still disabled, retrying (Requested nodes are busy)
srun: Job 8580065 step creation still disabled, retrying (Requested nodes are busy)
srun: Job 8580065 step creation still disabled, retrying (Requested nodes are busy)
srun: Job 8580065 step creation still disabled, retrying (Requested nodes are busy)
srun: Job 8580065 step creation still disabled, retrying (Requested nodes are busy)
srun: Job 8580065 step creation still disabled, retrying (Requested nodes are busy)
srun: Job 8580065 step creation still disabled, retrying (Requested nodes are busy)
srun: Job 8580065 step creation still disabled, retrying (Requested nodes are busy)
srun: Job 8580065 step creation still disabled, retrying (Requested nodes are busy)
srun: Job 8580065 step creation still disabled, retrying (Requested nodes are busy)
srun: Job 8580065 step creation still disabled, retrying (Requested nodes are busy)
srun: Job 8580065 step creation still disabled, retrying (Requested nodes are busy)
srun: Job 8580065 step creation still disabled, retrying (Requested nodes are busy)
srun: Job 8580065 step creation still disabled, retrying (Requested nodes are busy)
srun: Job 8580065 step creation still disabled, retrying (Requested nodes are busy)
srun: Job 8580065 step creation still disabled, retrying (Requested nodes are busy)
srun: Job 8580065 step creation still disabled, retrying (Requested nodes are busy)
srun: Job 8580065 step creation still disabled, retrying (Requested nodes are busy)
srun: Job 8580065 step creation still disabled, retrying (Requested nodes are busy)
srun: Job 8580065 step creation still disabled, retrying (Requested nodes are busy)
srun: Job 8580065 step creation still disabled, retrying (Requested nodes are busy)
srun: Job 8580065 step creation still disabled, retrying (Requested nodes are busy)
srun: Job 8580065 step creation still disabled, retrying (Requested nodes are busy)
srun: Job 8580065 step creation still disabled, retrying (Requested nodes are busy)
srun: Job 8580065 step creation still disabled, retrying (Requested nodes are busy)
srun: Job 8580065 step creation still disabled, retrying (Requested nodes are busy)
srun: Job 8580065 step creation still disabled, retrying (Requested nodes are busy)
srun: Job 8580065 step creation still disabled, retrying (Requested nodes are busy)
srun: Job 8580065 step creation still disabled, retrying (Requested nodes are busy)
srun: Job 8580065 step creation still disabled, retrying (Requested nodes are busy)
srun: Job 8580065 step creation still disabled, retrying (Requested nodes are busy)
srun: Job 8580065 step creation still disabled, retrying (Requested nodes are busy)
srun: Job 8580065 step creation still disabled, retrying (Requested nodes are busy)
srun: Job 8580065 step creation still disabled, retrying (Requested nodes are busy)
srun: Job 8580065 step creation still disabled, retrying (Requested nodes are busy)
srun: Job 8580065 step creation still disabled, retrying (Requested nodes are busy)
srun: Job 8580065 step creation still disabled, retrying (Requested nodes are busy)
srun: Job 8580065 step creation still disabled, retrying (Requested nodes are busy)
srun: Job 8580065 step creation still disabled, retrying (Requested nodes are busy)
srun: Job 8580065 step creation still disabled, retrying (Requested nodes are busy)
srun: Job 8580065 step creation still disabled, retrying (Requested nodes are busy)
srun: Job 8580065 step creation still disabled, retrying (Requested nodes are busy)
srun: Job 8580065 step creation still disabled, retrying (Requested nodes are busy)
srun: Job 8580065 step creation still disabled, retrying (Requested nodes are busy)
srun: Job 8580065 step creation still disabled, retrying (Requested nodes are busy)
srun: Job 8580065 step creation still disabled, retrying (Requested nodes are busy)
srun: Job 8580065 step creation still disabled, retrying (Requested nodes are busy)
srun: Job 8580065 step creation still disabled, retrying (Requested nodes are busy)
srun: Job 8580065 step creation still disabled, retrying (Requested nodes are busy)
srun: Job 8580065 step creation still disabled, retrying (Requested nodes are busy)
srun: Job 8580065 step creation still disabled, retrying (Requested nodes are busy)
srun: Job 8580065 step creation still disabled, retrying (Requested nodes are busy)
srun: Job 8580065 step creation still disabled, retrying (Requested nodes are busy)
srun: Job 8580065 step creation still disabled, retrying (Requested nodes are busy)
srun: Job 8580065 step creation still disabled, retrying (Requested nodes are busy)
srun: Job 8580065 step creation still disabled, retrying (Requested nodes are busy)
srun: Job 8580065 step creation still disabled, retrying (Requested nodes are busy)
srun: Job 8580065 step creation still disabled, retrying (Requested nodes are busy)
srun: Job 8580065 step creation still disabled, retrying (Requested nodes are busy)
srun: Job 8580065 step creation still disabled, retrying (Requested nodes are busy)
srun: Job 8580065 step creation still disabled, retrying (Requested nodes are busy)
srun: Job 8580065 step creation still disabled, retrying (Requested nodes are busy)
srun: Job 8580065 step creation still disabled, retrying (Requested nodes are busy)
srun: Job 8580065 step creation still disabled, retrying (Requested nodes are busy)
srun: Job 8580065 step creation still disabled, retrying (Requested nodes are busy)
srun: Job 8580065 step creation still disabled, retrying (Requested nodes are busy)
srun: Job 8580065 step creation still disabled, retrying (Requested nodes are busy)
srun: Job 8580065 step creation still disabled, retrying (Requested nodes are busy)
srun: Job 8580065 step creation still disabled, retrying (Requested nodes are busy)
srun: Job 8580065 step creation still disabled, retrying (Requested nodes are busy)
srun: Job 8580065 step creation still disabled, retrying (Requested nodes are busy)
srun: Job 8580065 step creation still disabled, retrying (Requested nodes are busy)
srun: Job 8580065 step creation still disabled, retrying (Requested nodes are busy)
srun: Job 8580065 step creation still disabled, retrying (Requested nodes are busy)
srun: Job 8580065 step creation still disabled, retrying (Requested nodes are busy)
srun: Job 8580065 step creation still disabled, retrying (Requested nodes are busy)
srun: Job 8580065 step creation still disabled, retrying (Requested nodes are busy)
srun: Job 8580065 step creation still disabled, retrying (Requested nodes are busy)
srun: Job 8580065 step creation still disabled, retrying (Requested nodes are busy)
srun: Job 8580065 step creation still disabled, retrying (Requested nodes are busy)
srun: Job 8580065 step creation still disabled, retrying (Requested nodes are busy)
srun: Job 8580065 step creation still disabled, retrying (Requested nodes are busy)
srun: Job 8580065 step creation still disabled, retrying (Requested nodes are busy)
srun: Job 8580065 step creation still disabled, retrying (Requested nodes are busy)
srun: Job 8580065 step creation still disabled, retrying (Requested nodes are busy)
srun: Job 8580065 step creation still disabled, retrying (Requested nodes are busy)
srun: Job 8580065 step creation still disabled, retrying (Requested nodes are busy)
srun: Job 8580065 step creation still disabled, retrying (Requested nodes are busy)
srun: Job 8580065 step creation still disabled, retrying (Requested nodes are busy)
srun: Job 8580065 step creation still disabled, retrying (Requested nodes are busy)
srun: Job 8580065 step creation still disabled, retrying (Requested nodes are busy)
srun: Job 8580065 step creation still disabled, retrying (Requested nodes are busy)
srun: Job 8580065 step creation still disabled, retrying (Requested nodes are busy)
srun: Job 8580065 step creation still disabled, retrying (Requested nodes are busy)
srun: Job 8580065 step creation still disabled, retrying (Requested nodes are busy)
states_Cluster_1_1000_s1_100_t1_CartPole-v1: 100/1000
states_Cluster_1_1000_s1_100_t1_CartPole-v1: 200/1000
states_Cluster_1_1000_s1_100_t1_CartPole-v1: 300/1000
states_Cluster_1_1000_s1_100_t1_CartPole-v1: 400/1000
states_Cluster_1_1000_s1_100_t1_CartPole-v1: 500/1000
states_Cluster_1_1000_s1_100_t1_CartPole-v1: 600/1000
states_Cluster_1_1000_s1_100_t1_CartPole-v1: 700/1000
states_Cluster_1_1000_s1_100_t1_CartPole-v1: 800/1000
states_Cluster_1_1000_s1_100_t1_CartPole-v1: 900/1000
states_Cluster_1_1000_s1_100_t1_CartPole-v1: 1000/1000
srun: Job 8580065 step creation still disabled, retrying (Requested nodes are busy)
srun: Step created for job 8580065
srun: Job 8580065 step creation still disabled, retrying (Requested nodes are busy)
srun: Job 8580065 step creation still disabled, retrying (Requested nodes are busy)
srun: error: Unable to create step for job 8580065: Job/step already completing or completed
srun: Job 8580065 step creation still disabled, retrying (Requested nodes are busy)
srun: error: Unable to create step for job 8580065: Job/step already completing or completed
srun: Job step aborted: Waiting up to 32 seconds for job step to finish.
srun: Job step aborted: Waiting up to 32 seconds for job step to finish.
srun: Job step aborted: Waiting up to 32 seconds for job step to finish.
slurmstepd: error: *** STEP 8580065.295 ON grs2 CANCELLED AT 2023-07-09T16:11:03 DUE TO TIME LIMIT ***
srun: Job step aborted: Waiting up to 32 seconds for job step to finish.
srun: Job step aborted: Waiting up to 32 seconds for job step to finish.
slurmstepd: error: *** STEP 8580065.4 ON grs2 CANCELLED AT 2023-07-09T16:11:03 DUE TO TIME LIMIT ***
slurmstepd: error: *** STEP 8580065.1 ON grs2 CANCELLED AT 2023-07-09T16:11:03 DUE TO TIME LIMIT ***
slurmstepd: error: *** STEP 8580065.3 ON grs2 CANCELLED AT 2023-07-09T16:11:03 DUE TO TIME LIMIT ***
slurmstepd: error: *** STEP 8580065.0 ON grs2 CANCELLED AT 2023-07-09T16:11:03 DUE TO TIME LIMIT ***
slurmstepd: error: *** JOB 8580065 ON grs2 CANCELLED AT 2023-07-09T16:11:03 DUE TO TIME LIMIT ***
slurmstepd: error: common_file_write_content: unable to open '/sys/fs/cgroup/freezer/slurm/uid_565562/job_8580065/step_295/freezer.state' for writing: Permission denied
