JobId=8593141 JobName=parametrized_frozenlake_dataset.sbatch
   UserId=koner(565562) GroupId=domain users(100513) MCS_label=N/A
   Priority=24785046 Nice=0 Account=ewi-insy-ii-influence QOS=short
   JobState=RUNNING Reason=None Dependency=(null)
   Requeue=0 Restarts=0 BatchFlag=1 Reboot=0 ExitCode=0:0
   DerivedExitCode=0:0
   RunTime=00:00:01 TimeLimit=02:00:00 TimeMin=N/A
   SubmitTime=2023-07-18T11:52:03 EligibleTime=2023-07-18T11:52:03
   AccrueTime=2023-07-18T11:52:03
   StartTime=2023-07-18T11:52:04 EndTime=2023-07-18T13:52:04 Deadline=N/A
   SuspendTime=None SecsPreSuspend=0 LastSchedEval=2023-07-18T11:52:04 Scheduler=Main
   Partition=general AllocNode:Sid=login1:13563
   ReqNodeList=(null) ExcNodeList=(null)
   NodeList=grs2
   BatchHost=grs2
   NumNodes=1 NumCPUs=10 NumTasks=10 CPUs/Task=1 ReqB:S:C:T=0:0:*:*
   TRES=cpu=10,mem=850M,node=1,billing=5
   Socks/Node=* NtasksPerN:B:S:C=0:0:*:* CoreSpec=*
   JOB_GRES=(null)
     Nodes=grs2 CPU_IDs=20-29 Mem=850 GRES=
   MinCPUsNode=1 MinMemoryCPU=85M MinTmpDiskNode=0
   Features=(null) DelayBoot=00:00:00
   OverSubscribe=OK Contiguous=0 Licenses=(null) Network=(null)
   Command=/winhome/koner/Desktop/MCTS-Time-Management/jobscripts/parametrized_frozenlake_dataset.sbatch
   WorkDir=/winhome/koner/Desktop/MCTS-Time-Management/jobscripts
   StdErr=/winhome/koner/Desktop/MCTS-Time-Management/jobscripts/slurm-8593141.out
   StdIn=/dev/null
   StdOut=/winhome/koner/Desktop/MCTS-Time-Management/jobscripts/slurm-8593141.out
   Power=
   MailUser=koner MailType=END
   

srun: Job 8593141 step creation temporarily disabled, retrying (Requested nodes are busy)
srun: Job 8593141 step creation temporarily disabled, retrying (Requested nodes are busy)
srun: Job 8593141 step creation temporarily disabled, retrying (Requested nodes are busy)
srun: Job 8593141 step creation temporarily disabled, retrying (Requested nodes are busy)
srun: Job 8593141 step creation temporarily disabled, retrying (Requested nodes are busy)
srun: Job 8593141 step creation still disabled, retrying (Requested nodes are busy)
srun: Job 8593141 step creation still disabled, retrying (Requested nodes are busy)
srun: Job 8593141 step creation still disabled, retrying (Requested nodes are busy)
srun: Job 8593141 step creation still disabled, retrying (Requested nodes are busy)
srun: Job 8593141 step creation still disabled, retrying (Requested nodes are busy)
srun: Job 8593141 step creation still disabled, retrying (Requested nodes are busy)
srun: Job 8593141 step creation still disabled, retrying (Requested nodes are busy)
srun: Job 8593141 step creation still disabled, retrying (Requested nodes are busy)
srun: Job 8593141 step creation still disabled, retrying (Requested nodes are busy)
srun: Job 8593141 step creation still disabled, retrying (Requested nodes are busy)
srun: Job 8593141 step creation still disabled, retrying (Requested nodes are busy)
srun: Job 8593141 step creation still disabled, retrying (Requested nodes are busy)
srun: Job 8593141 step creation still disabled, retrying (Requested nodes are busy)
srun: Job 8593141 step creation still disabled, retrying (Requested nodes are busy)
srun: Job 8593141 step creation still disabled, retrying (Requested nodes are busy)
srun: Job 8593141 step creation still disabled, retrying (Requested nodes are busy)
srun: Job 8593141 step creation still disabled, retrying (Requested nodes are busy)
srun: Job 8593141 step creation still disabled, retrying (Requested nodes are busy)
srun: Job 8593141 step creation still disabled, retrying (Requested nodes are busy)
srun: Job 8593141 step creation still disabled, retrying (Requested nodes are busy)
srun: Job 8593141 step creation still disabled, retrying (Requested nodes are busy)
srun: Job 8593141 step creation still disabled, retrying (Requested nodes are busy)
srun: Job 8593141 step creation still disabled, retrying (Requested nodes are busy)
srun: Job 8593141 step creation still disabled, retrying (Requested nodes are busy)
srun: Job 8593141 step creation still disabled, retrying (Requested nodes are busy)
srun: Job 8593141 step creation still disabled, retrying (Requested nodes are busy)
srun: Job 8593141 step creation still disabled, retrying (Requested nodes are busy)
srun: Job 8593141 step creation still disabled, retrying (Requested nodes are busy)
srun: Job 8593141 step creation still disabled, retrying (Requested nodes are busy)
srun: Job 8593141 step creation still disabled, retrying (Requested nodes are busy)
srun: Job 8593141 step creation still disabled, retrying (Requested nodes are busy)
srun: Job 8593141 step creation still disabled, retrying (Requested nodes are busy)
srun: Job 8593141 step creation still disabled, retrying (Requested nodes are busy)
srun: Job 8593141 step creation still disabled, retrying (Requested nodes are busy)
srun: Job 8593141 step creation still disabled, retrying (Requested nodes are busy)
srun: Job 8593141 step creation still disabled, retrying (Requested nodes are busy)
srun: Job 8593141 step creation still disabled, retrying (Requested nodes are busy)
srun: Job 8593141 step creation still disabled, retrying (Requested nodes are busy)
srun: Job 8593141 step creation still disabled, retrying (Requested nodes are busy)
srun: Job 8593141 step creation still disabled, retrying (Requested nodes are busy)
srun: Job 8593141 step creation still disabled, retrying (Requested nodes are busy)
srun: Job 8593141 step creation still disabled, retrying (Requested nodes are busy)
srun: Job 8593141 step creation still disabled, retrying (Requested nodes are busy)
srun: Job 8593141 step creation still disabled, retrying (Requested nodes are busy)
srun: Job 8593141 step creation still disabled, retrying (Requested nodes are busy)
srun: Job 8593141 step creation still disabled, retrying (Requested nodes are busy)
srun: Job 8593141 step creation still disabled, retrying (Requested nodes are busy)
srun: Job 8593141 step creation still disabled, retrying (Requested nodes are busy)
srun: Job 8593141 step creation still disabled, retrying (Requested nodes are busy)
srun: Job 8593141 step creation still disabled, retrying (Requested nodes are busy)
srun: Job 8593141 step creation still disabled, retrying (Requested nodes are busy)
srun: Job 8593141 step creation still disabled, retrying (Requested nodes are busy)
srun: Job 8593141 step creation still disabled, retrying (Requested nodes are busy)
srun: Job 8593141 step creation still disabled, retrying (Requested nodes are busy)
srun: Job 8593141 step creation still disabled, retrying (Requested nodes are busy)
srun: Job 8593141 step creation still disabled, retrying (Requested nodes are busy)
srun: Job 8593141 step creation still disabled, retrying (Requested nodes are busy)
srun: Job 8593141 step creation still disabled, retrying (Requested nodes are busy)
srun: Job 8593141 step creation still disabled, retrying (Requested nodes are busy)
srun: Job 8593141 step creation still disabled, retrying (Requested nodes are busy)
srun: Job 8593141 step creation still disabled, retrying (Requested nodes are busy)
srun: Job 8593141 step creation still disabled, retrying (Requested nodes are busy)
srun: Job 8593141 step creation still disabled, retrying (Requested nodes are busy)
srun: Job 8593141 step creation still disabled, retrying (Requested nodes are busy)
srun: Job 8593141 step creation still disabled, retrying (Requested nodes are busy)
srun: Job 8593141 step creation still disabled, retrying (Requested nodes are busy)
srun: Job 8593141 step creation still disabled, retrying (Requested nodes are busy)
srun: Job 8593141 step creation still disabled, retrying (Requested nodes are busy)
srun: Job 8593141 step creation still disabled, retrying (Requested nodes are busy)
srun: Job 8593141 step creation still disabled, retrying (Requested nodes are busy)
srun: Job 8593141 step creation still disabled, retrying (Requested nodes are busy)
srun: Job 8593141 step creation still disabled, retrying (Requested nodes are busy)
srun: Job 8593141 step creation still disabled, retrying (Requested nodes are busy)
srun: Job 8593141 step creation still disabled, retrying (Requested nodes are busy)
srun: Job 8593141 step creation still disabled, retrying (Requested nodes are busy)
srun: Job 8593141 step creation still disabled, retrying (Requested nodes are busy)
srun: Job 8593141 step creation still disabled, retrying (Requested nodes are busy)
srun: Job 8593141 step creation still disabled, retrying (Requested nodes are busy)
srun: Job 8593141 step creation still disabled, retrying (Requested nodes are busy)
srun: Job 8593141 step creation still disabled, retrying (Requested nodes are busy)
srun: Job 8593141 step creation still disabled, retrying (Requested nodes are busy)
srun: Job 8593141 step creation still disabled, retrying (Requested nodes are busy)
srun: Job 8593141 step creation still disabled, retrying (Requested nodes are busy)
srun: Job 8593141 step creation still disabled, retrying (Requested nodes are busy)
srun: Job 8593141 step creation still disabled, retrying (Requested nodes are busy)
srun: Job 8593141 step creation still disabled, retrying (Requested nodes are busy)
srun: Job 8593141 step creation still disabled, retrying (Requested nodes are busy)
srun: Job 8593141 step creation still disabled, retrying (Requested nodes are busy)
srun: Job 8593141 step creation still disabled, retrying (Requested nodes are busy)
srun: Job 8593141 step creation still disabled, retrying (Requested nodes are busy)
srun: Job 8593141 step creation still disabled, retrying (Requested nodes are busy)
srun: Job 8593141 step creation still disabled, retrying (Requested nodes are busy)
srun: Job 8593141 step creation still disabled, retrying (Requested nodes are busy)
srun: Job 8593141 step creation still disabled, retrying (Requested nodes are busy)
srun: Job 8593141 step creation still disabled, retrying (Requested nodes are busy)
srun: Job 8593141 step creation still disabled, retrying (Requested nodes are busy)
srun: Job 8593141 step creation still disabled, retrying (Requested nodes are busy)
srun: Job 8593141 step creation still disabled, retrying (Requested nodes are busy)
srun: Job 8593141 step creation still disabled, retrying (Requested nodes are busy)
srun: Job 8593141 step creation still disabled, retrying (Requested nodes are busy)
srun: Job 8593141 step creation still disabled, retrying (Requested nodes are busy)
srun: Job 8593141 step creation still disabled, retrying (Requested nodes are busy)
srun: Job 8593141 step creation still disabled, retrying (Requested nodes are busy)
srun: Job 8593141 step creation still disabled, retrying (Requested nodes are busy)
srun: Job 8593141 step creation still disabled, retrying (Requested nodes are busy)
srun: Job 8593141 step creation still disabled, retrying (Requested nodes are busy)
srun: Job 8593141 step creation still disabled, retrying (Requested nodes are busy)
srun: Job 8593141 step creation still disabled, retrying (Requested nodes are busy)
srun: Job 8593141 step creation still disabled, retrying (Requested nodes are busy)
srun: Job 8593141 step creation still disabled, retrying (Requested nodes are busy)
srun: Job 8593141 step creation still disabled, retrying (Requested nodes are busy)
srun: Job 8593141 step creation still disabled, retrying (Requested nodes are busy)
srun: Job 8593141 step creation still disabled, retrying (Requested nodes are busy)
srun: Job 8593141 step creation still disabled, retrying (Requested nodes are busy)
srun: Job 8593141 step creation still disabled, retrying (Requested nodes are busy)
srun: Job 8593141 step creation still disabled, retrying (Requested nodes are busy)
srun: Job 8593141 step creation still disabled, retrying (Requested nodes are busy)
srun: Job 8593141 step creation still disabled, retrying (Requested nodes are busy)
srun: Job 8593141 step creation still disabled, retrying (Requested nodes are busy)
srun: Job 8593141 step creation still disabled, retrying (Requested nodes are busy)
srun: Job 8593141 step creation still disabled, retrying (Requested nodes are busy)
srun: Job 8593141 step creation still disabled, retrying (Requested nodes are busy)
srun: Job 8593141 step creation still disabled, retrying (Requested nodes are busy)
srun: Job 8593141 step creation still disabled, retrying (Requested nodes are busy)
srun: Job 8593141 step creation still disabled, retrying (Requested nodes are busy)
srun: Job 8593141 step creation still disabled, retrying (Requested nodes are busy)
srun: Job 8593141 step creation still disabled, retrying (Requested nodes are busy)
srun: Job 8593141 step creation still disabled, retrying (Requested nodes are busy)
srun: Job 8593141 step creation still disabled, retrying (Requested nodes are busy)
srun: Job 8593141 step creation still disabled, retrying (Requested nodes are busy)
srun: Job 8593141 step creation still disabled, retrying (Requested nodes are busy)
srun: Job 8593141 step creation still disabled, retrying (Requested nodes are busy)
srun: Job 8593141 step creation still disabled, retrying (Requested nodes are busy)
srun: Job 8593141 step creation still disabled, retrying (Requested nodes are busy)
srun: Job 8593141 step creation still disabled, retrying (Requested nodes are busy)
srun: Job 8593141 step creation still disabled, retrying (Requested nodes are busy)
srun: Job 8593141 step creation still disabled, retrying (Requested nodes are busy)
srun: Job 8593141 step creation still disabled, retrying (Requested nodes are busy)
srun: Job 8593141 step creation still disabled, retrying (Requested nodes are busy)
Parametrized_Cluster_1_1000_s1-100_t1_m5-5_FrozenLake-v1: 100/1000
Parametrized_Cluster_1_1000_s1-100_t1_m5-5_FrozenLake-v1: 200/1000
Parametrized_Cluster_1_1000_s1-100_t1_m5-5_FrozenLake-v1: 300/1000
Parametrized_Cluster_1_1000_s1-100_t1_m5-5_FrozenLake-v1: 400/1000
Parametrized_Cluster_1_1000_s1-100_t1_m5-5_FrozenLake-v1: 500/1000
Parametrized_Cluster_1_1000_s1-100_t1_m5-5_FrozenLake-v1: 600/1000
Parametrized_Cluster_1_1000_s1-100_t1_m5-5_FrozenLake-v1: 700/1000
Parametrized_Cluster_1_1000_s1-100_t1_m5-5_FrozenLake-v1: 800/1000
Parametrized_Cluster_1_1000_s1-100_t1_m5-5_FrozenLake-v1: 900/1000
Parametrized_Cluster_1_1000_s1-100_t1_m5-5_FrozenLake-v1: 1000/1000
Parametrized_Cluster_9_1000_s1-100_t1_m5-5_FrozenLake-v1: 100/1000
Parametrized_Cluster_9_1000_s1-100_t1_m5-5_FrozenLake-v1: 200/1000
Parametrized_Cluster_9_1000_s1-100_t1_m5-5_FrozenLake-v1: 300/1000
Parametrized_Cluster_9_1000_s1-100_t1_m5-5_FrozenLake-v1: 400/1000
Parametrized_Cluster_9_1000_s1-100_t1_m5-5_FrozenLake-v1: 500/1000
Parametrized_Cluster_9_1000_s1-100_t1_m5-5_FrozenLake-v1: 600/1000
Parametrized_Cluster_9_1000_s1-100_t1_m5-5_FrozenLake-v1: 700/1000
Parametrized_Cluster_9_1000_s1-100_t1_m5-5_FrozenLake-v1: 800/1000
Parametrized_Cluster_9_1000_s1-100_t1_m5-5_FrozenLake-v1: 900/1000
Parametrized_Cluster_9_1000_s1-100_t1_m5-5_FrozenLake-v1: 1000/1000
srun: Job 8593141 step creation still disabled, retrying (Requested nodes are busy)
srun: Step created for job 8593141
srun: Job 8593141 step creation still disabled, retrying (Requested nodes are busy)
srun: Step created for job 8593141
Parametrized_Cluster_3_1000_s1-100_t1_m5-5_FrozenLake-v1: 100/1000
Parametrized_Cluster_3_1000_s1-100_t1_m5-5_FrozenLake-v1: 200/1000
Parametrized_Cluster_3_1000_s1-100_t1_m5-5_FrozenLake-v1: 300/1000
Parametrized_Cluster_3_1000_s1-100_t1_m5-5_FrozenLake-v1: 400/1000
Parametrized_Cluster_3_1000_s1-100_t1_m5-5_FrozenLake-v1: 500/1000
Parametrized_Cluster_3_1000_s1-100_t1_m5-5_FrozenLake-v1: 600/1000
Parametrized_Cluster_3_1000_s1-100_t1_m5-5_FrozenLake-v1: 700/1000
Parametrized_Cluster_3_1000_s1-100_t1_m5-5_FrozenLake-v1: 800/1000
Parametrized_Cluster_3_1000_s1-100_t1_m5-5_FrozenLake-v1: 900/1000
Parametrized_Cluster_3_1000_s1-100_t1_m5-5_FrozenLake-v1: 1000/1000
srun: Job 8593141 step creation still disabled, retrying (Requested nodes are busy)
srun: Step created for job 8593141
srun: Job 8593141 step creation still disabled, retrying (Requested nodes are busy)
srun: Job 8593141 step creation still disabled, retrying (Requested nodes are busy)
Parametrized_Cluster_6_1000_s1-100_t1_m5-5_FrozenLake-v1: 100/1000
Parametrized_Cluster_6_1000_s1-100_t1_m5-5_FrozenLake-v1: 200/1000
Parametrized_Cluster_6_1000_s1-100_t1_m5-5_FrozenLake-v1: 300/1000
Parametrized_Cluster_6_1000_s1-100_t1_m5-5_FrozenLake-v1: 400/1000
Parametrized_Cluster_6_1000_s1-100_t1_m5-5_FrozenLake-v1: 500/1000
Parametrized_Cluster_6_1000_s1-100_t1_m5-5_FrozenLake-v1: 600/1000
Parametrized_Cluster_6_1000_s1-100_t1_m5-5_FrozenLake-v1: 700/1000
Parametrized_Cluster_6_1000_s1-100_t1_m5-5_FrozenLake-v1: 800/1000
Parametrized_Cluster_6_1000_s1-100_t1_m5-5_FrozenLake-v1: 900/1000
Parametrized_Cluster_6_1000_s1-100_t1_m5-5_FrozenLake-v1: 1000/1000
Parametrized_Cluster_2_1000_s1-100_t1_m5-5_FrozenLake-v1: 100/1000
Parametrized_Cluster_2_1000_s1-100_t1_m5-5_FrozenLake-v1: 200/1000
Parametrized_Cluster_2_1000_s1-100_t1_m5-5_FrozenLake-v1: 300/1000
Parametrized_Cluster_2_1000_s1-100_t1_m5-5_FrozenLake-v1: 400/1000
Parametrized_Cluster_2_1000_s1-100_t1_m5-5_FrozenLake-v1: 500/1000
Parametrized_Cluster_2_1000_s1-100_t1_m5-5_FrozenLake-v1: 600/1000
Parametrized_Cluster_2_1000_s1-100_t1_m5-5_FrozenLake-v1: 700/1000
Parametrized_Cluster_2_1000_s1-100_t1_m5-5_FrozenLake-v1: 800/1000
Parametrized_Cluster_2_1000_s1-100_t1_m5-5_FrozenLake-v1: 900/1000
Parametrized_Cluster_2_1000_s1-100_t1_m5-5_FrozenLake-v1: 1000/1000
srun: Job 8593141 step creation still disabled, retrying (Requested nodes are busy)
srun: Step created for job 8593141
srun: Job 8593141 step creation still disabled, retrying (Requested nodes are busy)
srun: Step created for job 8593141
srun: Job step aborted: Waiting up to 32 seconds for job step to finish.
srun: Job step aborted: Waiting up to 32 seconds for job step to finish.
srun: Job step aborted: Waiting up to 32 seconds for job step to finish.
srun: Job step aborted: Waiting up to 32 seconds for job step to finish.
srun: Job step aborted: Waiting up to 32 seconds for job step to finish.
slurmstepd: error: *** STEP 8593141.155 ON grs2 CANCELLED AT 2023-07-18T13:52:10 DUE TO TIME LIMIT ***
slurmstepd: error: *** STEP 8593141.154 ON grs2 CANCELLED AT 2023-07-18T13:52:10 DUE TO TIME LIMIT ***
slurmstepd: error: *** STEP 8593141.156 ON grs2 CANCELLED AT 2023-07-18T13:52:10 DUE TO TIME LIMIT ***
slurmstepd: error: *** STEP 8593141.160 ON grs2 CANCELLED AT 2023-07-18T13:52:10 DUE TO TIME LIMIT ***
slurmstepd: error: *** JOB 8593141 ON grs2 CANCELLED AT 2023-07-18T13:52:10 DUE TO TIME LIMIT ***
slurmstepd: error: *** STEP 8593141.159 ON grs2 CANCELLED AT 2023-07-18T13:52:10 DUE TO TIME LIMIT ***
slurmstepd: error: common_file_write_content: unable to open '/sys/fs/cgroup/freezer/slurm/uid_565562/job_8593141/step_155/freezer.state' for writing: Permission denied
slurmstepd: error: common_file_write_content: unable to open '/sys/fs/cgroup/freezer/slurm/uid_565562/job_8593141/step_154/freezer.state' for writing: Permission denied
slurmstepd: error: common_file_write_content: unable to open '/sys/fs/cgroup/freezer/slurm/uid_565562/job_8593141/step_160/freezer.state' for writing: Permission denied
slurmstepd: error: common_file_write_content: unable to open '/sys/fs/cgroup/freezer/slurm/uid_565562/job_8593141/step_156/freezer.state' for writing: Permission denied
