JobId=8616702 JobName=parametrized_frozenlake_dataset.sbatch
   UserId=koner(565562) GroupId=domain users(100513) MCS_label=N/A
   Priority=18581005 Nice=0 Account=ewi-insy-ii-influence QOS=medium
   JobState=RUNNING Reason=None Dependency=(null)
   Requeue=0 Restarts=0 BatchFlag=1 Reboot=0 ExitCode=0:0
   DerivedExitCode=0:0
   RunTime=00:00:01 TimeLimit=12:30:00 TimeMin=N/A
   SubmitTime=2023-08-03T03:26:32 EligibleTime=2023-08-03T03:26:32
   AccrueTime=2023-08-03T03:26:32
   StartTime=2023-08-03T03:26:38 EndTime=2023-08-03T15:56:38 Deadline=N/A
   SuspendTime=None SecsPreSuspend=0 LastSchedEval=2023-08-03T03:26:38 Scheduler=Backfill
   Partition=general AllocNode:Sid=login1:13930
   ReqNodeList=(null) ExcNodeList=(null)
   NodeList=awi[15-16],grs4
   BatchHost=awi15
   NumNodes=3 NumCPUs=100 NumTasks=50 CPUs/Task=2 ReqB:S:C:T=0:0:*:*
   TRES=cpu=100,mem=8400M,node=3,billing=50
   Socks/Node=* NtasksPerN:B:S:C=0:0:*:* CoreSpec=*
   JOB_GRES=(null)
     Nodes=awi15 CPU_IDs=12-27,40-55 Mem=2688 GRES=
     Nodes=awi16 CPU_IDs=0-37 Mem=3192 GRES=
     Nodes=grs4 CPU_IDs=2-31 Mem=2520 GRES=
   MinCPUsNode=2 MinMemoryCPU=84M MinTmpDiskNode=0
   Features=(null) DelayBoot=00:00:00
   OverSubscribe=OK Contiguous=0 Licenses=(null) Network=(null)
   Command=/winhome/koner/Desktop/MCTS-Time-Management/jobscripts/parametrized_frozenlake_dataset.sbatch
   WorkDir=/winhome/koner/Desktop/MCTS-Time-Management/jobscripts
   StdErr=/winhome/koner/Desktop/MCTS-Time-Management/jobscripts/slurm-8616702.out
   StdIn=/dev/null
   StdOut=/winhome/koner/Desktop/MCTS-Time-Management/jobscripts/slurm-8616702.out
   Power=
   MailUser=koner MailType=END
   

srun: Warning: can't run 1 processes on 3 nodes, setting nnodes to 1
srun: Warning: can't run 1 processes on 3 nodes, setting nnodes to 1
srun: Warning: can't run 1 processes on 3 nodes, setting nnodes to 1
srun: Warning: can't run 1 processes on 3 nodes, setting nnodes to 1
srun: Warning: can't run 1 processes on 3 nodes, setting nnodes to 1
srun: Warning: can't run 1 processes on 3 nodes, setting nnodes to 1
srun: Warning: can't run 1 processes on 3 nodes, setting nnodes to 1
srun: Warning: can't run 1 processes on 3 nodes, setting nnodes to 1
srun: Warning: can't run 1 processes on 3 nodes, setting nnodes to 1
srun: Warning: can't run 1 processes on 3 nodes, setting nnodes to 1
srun: Warning: can't run 1 processes on 3 nodes, setting nnodes to 1
srun: Warning: can't run 1 processes on 3 nodes, setting nnodes to 1
srun: Warning: can't run 1 processes on 3 nodes, setting nnodes to 1
srun: Warning: can't run 1 processes on 3 nodes, setting nnodes to 1
srun: Warning: can't run 1 processes on 3 nodes, setting nnodes to 1
srun: Warning: can't run 1 processes on 3 nodes, setting nnodes to 1
srun: Warning: can't run 1 processes on 3 nodes, setting nnodes to 1
srun: Warning: can't run 1 processes on 3 nodes, setting nnodes to 1
srun: Warning: can't run 1 processes on 3 nodes, setting nnodes to 1
srun: Warning: can't run 1 processes on 3 nodes, setting nnodes to 1
srun: Warning: can't run 1 processes on 3 nodes, setting nnodes to 1
srun: Warning: can't run 1 processes on 3 nodes, setting nnodes to 1
srun: Warning: can't run 1 processes on 3 nodes, setting nnodes to 1
srun: Warning: can't run 1 processes on 3 nodes, setting nnodes to 1
srun: Warning: can't run 1 processes on 3 nodes, setting nnodes to 1
srun: Warning: can't run 1 processes on 3 nodes, setting nnodes to 1
srun: Warning: can't run 1 processes on 3 nodes, setting nnodes to 1
srun: Warning: can't run 1 processes on 3 nodes, setting nnodes to 1
srun: Warning: can't run 1 processes on 3 nodes, setting nnodes to 1
srun: Warning: can't run 1 processes on 3 nodes, setting nnodes to 1
srun: Warning: can't run 1 processes on 3 nodes, setting nnodes to 1
srun: Warning: can't run 1 processes on 3 nodes, setting nnodes to 1
srun: Warning: can't run 1 processes on 3 nodes, setting nnodes to 1
srun: Warning: can't run 1 processes on 3 nodes, setting nnodes to 1
srun: Warning: can't run 1 processes on 3 nodes, setting nnodes to 1
srun: Warning: can't run 1 processes on 3 nodes, setting nnodes to 1
srun: Warning: can't run 1 processes on 3 nodes, setting nnodes to 1
srun: Warning: can't run 1 processes on 3 nodes, setting nnodes to 1
srun: Warning: can't run 1 processes on 3 nodes, setting nnodes to 1
srun: Warning: can't run 1 processes on 3 nodes, setting nnodes to 1
srun: Warning: can't run 1 processes on 3 nodes, setting nnodes to 1
srun: Warning: can't run 1 processes on 3 nodes, setting nnodes to 1
srun: Warning: can't run 1 processes on 3 nodes, setting nnodes to 1
srun: Warning: can't run 1 processes on 3 nodes, setting nnodes to 1
srun: Warning: can't run 1 processes on 3 nodes, setting nnodes to 1
srun: Warning: can't run 1 processes on 3 nodes, setting nnodes to 1
srun: Warning: can't run 1 processes on 3 nodes, setting nnodes to 1
srun: Warning: can't run 1 processes on 3 nodes, setting nnodes to 1
srun: Warning: can't run 1 processes on 3 nodes, setting nnodes to 1
srun: Warning: can't run 1 processes on 3 nodes, setting nnodes to 1
Parametrized_Cluster_38_300_s100-300_t1_m7-7_FrozenLake-v1: 30/300
Parametrized_Cluster_38_300_s100-300_t1_m7-7_FrozenLake-v1: 60/300
Parametrized_Cluster_38_300_s100-300_t1_m7-7_FrozenLake-v1: 90/300
Parametrized_Cluster_38_300_s100-300_t1_m7-7_FrozenLake-v1: 120/300
Parametrized_Cluster_38_300_s100-300_t1_m7-7_FrozenLake-v1: 150/300
Parametrized_Cluster_38_300_s100-300_t1_m7-7_FrozenLake-v1: 180/300
Parametrized_Cluster_38_300_s100-300_t1_m7-7_FrozenLake-v1: 210/300
Parametrized_Cluster_38_300_s100-300_t1_m7-7_FrozenLake-v1: 240/300
Parametrized_Cluster_38_300_s100-300_t1_m7-7_FrozenLake-v1: 270/300
Parametrized_Cluster_38_300_s100-300_t1_m7-7_FrozenLake-v1: 300/300
Parametrized_Cluster_50_300_s100-300_t1_m7-7_FrozenLake-v1: 30/300
Parametrized_Cluster_50_300_s100-300_t1_m7-7_FrozenLake-v1: 60/300
Parametrized_Cluster_50_300_s100-300_t1_m7-7_FrozenLake-v1: 90/300
Parametrized_Cluster_50_300_s100-300_t1_m7-7_FrozenLake-v1: 120/300
Parametrized_Cluster_50_300_s100-300_t1_m7-7_FrozenLake-v1: 150/300
Parametrized_Cluster_50_300_s100-300_t1_m7-7_FrozenLake-v1: 180/300
Parametrized_Cluster_50_300_s100-300_t1_m7-7_FrozenLake-v1: 210/300
Parametrized_Cluster_50_300_s100-300_t1_m7-7_FrozenLake-v1: 240/300
Parametrized_Cluster_50_300_s100-300_t1_m7-7_FrozenLake-v1: 270/300
Parametrized_Cluster_50_300_s100-300_t1_m7-7_FrozenLake-v1: 300/300
Parametrized_Cluster_45_300_s100-300_t1_m7-7_FrozenLake-v1: 30/300
Parametrized_Cluster_45_300_s100-300_t1_m7-7_FrozenLake-v1: 60/300
Parametrized_Cluster_45_300_s100-300_t1_m7-7_FrozenLake-v1: 90/300
Parametrized_Cluster_45_300_s100-300_t1_m7-7_FrozenLake-v1: 120/300
Parametrized_Cluster_45_300_s100-300_t1_m7-7_FrozenLake-v1: 150/300
Parametrized_Cluster_45_300_s100-300_t1_m7-7_FrozenLake-v1: 180/300
Parametrized_Cluster_45_300_s100-300_t1_m7-7_FrozenLake-v1: 210/300
Parametrized_Cluster_45_300_s100-300_t1_m7-7_FrozenLake-v1: 240/300
Parametrized_Cluster_45_300_s100-300_t1_m7-7_FrozenLake-v1: 270/300
Parametrized_Cluster_45_300_s100-300_t1_m7-7_FrozenLake-v1: 300/300
Parametrized_Cluster_42_300_s100-300_t1_m7-7_FrozenLake-v1: 30/300
Parametrized_Cluster_42_300_s100-300_t1_m7-7_FrozenLake-v1: 60/300
Parametrized_Cluster_42_300_s100-300_t1_m7-7_FrozenLake-v1: 90/300
Parametrized_Cluster_42_300_s100-300_t1_m7-7_FrozenLake-v1: 120/300
Parametrized_Cluster_42_300_s100-300_t1_m7-7_FrozenLake-v1: 150/300
Parametrized_Cluster_42_300_s100-300_t1_m7-7_FrozenLake-v1: 180/300
Parametrized_Cluster_42_300_s100-300_t1_m7-7_FrozenLake-v1: 210/300
Parametrized_Cluster_42_300_s100-300_t1_m7-7_FrozenLake-v1: 240/300
Parametrized_Cluster_42_300_s100-300_t1_m7-7_FrozenLake-v1: 270/300
Parametrized_Cluster_42_300_s100-300_t1_m7-7_FrozenLake-v1: 300/300
Parametrized_Cluster_48_300_s100-300_t1_m7-7_FrozenLake-v1: 30/300
Parametrized_Cluster_48_300_s100-300_t1_m7-7_FrozenLake-v1: 60/300
Parametrized_Cluster_48_300_s100-300_t1_m7-7_FrozenLake-v1: 90/300
Parametrized_Cluster_48_300_s100-300_t1_m7-7_FrozenLake-v1: 120/300
Parametrized_Cluster_48_300_s100-300_t1_m7-7_FrozenLake-v1: 150/300
Parametrized_Cluster_48_300_s100-300_t1_m7-7_FrozenLake-v1: 180/300
Parametrized_Cluster_48_300_s100-300_t1_m7-7_FrozenLake-v1: 210/300
Parametrized_Cluster_48_300_s100-300_t1_m7-7_FrozenLake-v1: 240/300
Parametrized_Cluster_48_300_s100-300_t1_m7-7_FrozenLake-v1: 270/300
Parametrized_Cluster_48_300_s100-300_t1_m7-7_FrozenLake-v1: 300/300
Parametrized_Cluster_2_300_s100-300_t1_m7-7_FrozenLake-v1: 30/300
Parametrized_Cluster_2_300_s100-300_t1_m7-7_FrozenLake-v1: 60/300
Parametrized_Cluster_2_300_s100-300_t1_m7-7_FrozenLake-v1: 90/300
Parametrized_Cluster_2_300_s100-300_t1_m7-7_FrozenLake-v1: 120/300
Parametrized_Cluster_2_300_s100-300_t1_m7-7_FrozenLake-v1: 150/300
Parametrized_Cluster_2_300_s100-300_t1_m7-7_FrozenLake-v1: 180/300
Parametrized_Cluster_2_300_s100-300_t1_m7-7_FrozenLake-v1: 210/300
Parametrized_Cluster_2_300_s100-300_t1_m7-7_FrozenLake-v1: 240/300
Parametrized_Cluster_2_300_s100-300_t1_m7-7_FrozenLake-v1: 270/300
Parametrized_Cluster_2_300_s100-300_t1_m7-7_FrozenLake-v1: 300/300
Parametrized_Cluster_47_300_s100-300_t1_m7-7_FrozenLake-v1: 30/300
Parametrized_Cluster_47_300_s100-300_t1_m7-7_FrozenLake-v1: 60/300
Parametrized_Cluster_47_300_s100-300_t1_m7-7_FrozenLake-v1: 90/300
Parametrized_Cluster_47_300_s100-300_t1_m7-7_FrozenLake-v1: 120/300
Parametrized_Cluster_47_300_s100-300_t1_m7-7_FrozenLake-v1: 150/300
Parametrized_Cluster_47_300_s100-300_t1_m7-7_FrozenLake-v1: 180/300
Parametrized_Cluster_47_300_s100-300_t1_m7-7_FrozenLake-v1: 210/300
Parametrized_Cluster_47_300_s100-300_t1_m7-7_FrozenLake-v1: 240/300
Parametrized_Cluster_47_300_s100-300_t1_m7-7_FrozenLake-v1: 270/300
Parametrized_Cluster_47_300_s100-300_t1_m7-7_FrozenLake-v1: 300/300
Parametrized_Cluster_49_300_s100-300_t1_m7-7_FrozenLake-v1: 30/300
Parametrized_Cluster_49_300_s100-300_t1_m7-7_FrozenLake-v1: 60/300
Parametrized_Cluster_49_300_s100-300_t1_m7-7_FrozenLake-v1: 90/300
Parametrized_Cluster_49_300_s100-300_t1_m7-7_FrozenLake-v1: 120/300
Parametrized_Cluster_49_300_s100-300_t1_m7-7_FrozenLake-v1: 150/300
Parametrized_Cluster_49_300_s100-300_t1_m7-7_FrozenLake-v1: 180/300
Parametrized_Cluster_49_300_s100-300_t1_m7-7_FrozenLake-v1: 210/300
Parametrized_Cluster_49_300_s100-300_t1_m7-7_FrozenLake-v1: 240/300
Parametrized_Cluster_49_300_s100-300_t1_m7-7_FrozenLake-v1: 270/300
Parametrized_Cluster_49_300_s100-300_t1_m7-7_FrozenLake-v1: 300/300
Parametrized_Cluster_44_300_s100-300_t1_m7-7_FrozenLake-v1: 30/300
Parametrized_Cluster_44_300_s100-300_t1_m7-7_FrozenLake-v1: 60/300
Parametrized_Cluster_44_300_s100-300_t1_m7-7_FrozenLake-v1: 90/300
Parametrized_Cluster_44_300_s100-300_t1_m7-7_FrozenLake-v1: 120/300
Parametrized_Cluster_44_300_s100-300_t1_m7-7_FrozenLake-v1: 150/300
Parametrized_Cluster_44_300_s100-300_t1_m7-7_FrozenLake-v1: 180/300
Parametrized_Cluster_44_300_s100-300_t1_m7-7_FrozenLake-v1: 210/300
Parametrized_Cluster_44_300_s100-300_t1_m7-7_FrozenLake-v1: 240/300
Parametrized_Cluster_44_300_s100-300_t1_m7-7_FrozenLake-v1: 270/300
Parametrized_Cluster_44_300_s100-300_t1_m7-7_FrozenLake-v1: 300/300
Parametrized_Cluster_31_300_s100-300_t1_m7-7_FrozenLake-v1: 30/300
Parametrized_Cluster_31_300_s100-300_t1_m7-7_FrozenLake-v1: 60/300
Parametrized_Cluster_31_300_s100-300_t1_m7-7_FrozenLake-v1: 90/300
Parametrized_Cluster_31_300_s100-300_t1_m7-7_FrozenLake-v1: 120/300
Parametrized_Cluster_31_300_s100-300_t1_m7-7_FrozenLake-v1: 150/300
Parametrized_Cluster_31_300_s100-300_t1_m7-7_FrozenLake-v1: 180/300
Parametrized_Cluster_31_300_s100-300_t1_m7-7_FrozenLake-v1: 210/300
Parametrized_Cluster_31_300_s100-300_t1_m7-7_FrozenLake-v1: 240/300
Parametrized_Cluster_31_300_s100-300_t1_m7-7_FrozenLake-v1: 270/300
Parametrized_Cluster_31_300_s100-300_t1_m7-7_FrozenLake-v1: 300/300
Parametrized_Cluster_40_300_s100-300_t1_m7-7_FrozenLake-v1: 30/300
Parametrized_Cluster_40_300_s100-300_t1_m7-7_FrozenLake-v1: 60/300
Parametrized_Cluster_40_300_s100-300_t1_m7-7_FrozenLake-v1: 90/300
Parametrized_Cluster_40_300_s100-300_t1_m7-7_FrozenLake-v1: 120/300
Parametrized_Cluster_40_300_s100-300_t1_m7-7_FrozenLake-v1: 150/300
Parametrized_Cluster_40_300_s100-300_t1_m7-7_FrozenLake-v1: 180/300
Parametrized_Cluster_40_300_s100-300_t1_m7-7_FrozenLake-v1: 210/300
Parametrized_Cluster_40_300_s100-300_t1_m7-7_FrozenLake-v1: 240/300
Parametrized_Cluster_40_300_s100-300_t1_m7-7_FrozenLake-v1: 270/300
Parametrized_Cluster_40_300_s100-300_t1_m7-7_FrozenLake-v1: 300/300
Parametrized_Cluster_46_300_s100-300_t1_m7-7_FrozenLake-v1: 30/300
Parametrized_Cluster_46_300_s100-300_t1_m7-7_FrozenLake-v1: 60/300
Parametrized_Cluster_46_300_s100-300_t1_m7-7_FrozenLake-v1: 90/300
Parametrized_Cluster_46_300_s100-300_t1_m7-7_FrozenLake-v1: 120/300
Parametrized_Cluster_46_300_s100-300_t1_m7-7_FrozenLake-v1: 150/300
Parametrized_Cluster_46_300_s100-300_t1_m7-7_FrozenLake-v1: 180/300
Parametrized_Cluster_46_300_s100-300_t1_m7-7_FrozenLake-v1: 210/300
Parametrized_Cluster_46_300_s100-300_t1_m7-7_FrozenLake-v1: 240/300
Parametrized_Cluster_46_300_s100-300_t1_m7-7_FrozenLake-v1: 270/300
Parametrized_Cluster_46_300_s100-300_t1_m7-7_FrozenLake-v1: 300/300
Parametrized_Cluster_37_300_s100-300_t1_m7-7_FrozenLake-v1: 30/300
Parametrized_Cluster_37_300_s100-300_t1_m7-7_FrozenLake-v1: 60/300
Parametrized_Cluster_37_300_s100-300_t1_m7-7_FrozenLake-v1: 90/300
Parametrized_Cluster_37_300_s100-300_t1_m7-7_FrozenLake-v1: 120/300
Parametrized_Cluster_37_300_s100-300_t1_m7-7_FrozenLake-v1: 150/300
Parametrized_Cluster_37_300_s100-300_t1_m7-7_FrozenLake-v1: 180/300
Parametrized_Cluster_37_300_s100-300_t1_m7-7_FrozenLake-v1: 210/300
Parametrized_Cluster_37_300_s100-300_t1_m7-7_FrozenLake-v1: 240/300
Parametrized_Cluster_37_300_s100-300_t1_m7-7_FrozenLake-v1: 270/300
Parametrized_Cluster_37_300_s100-300_t1_m7-7_FrozenLake-v1: 300/300
Parametrized_Cluster_43_300_s100-300_t1_m7-7_FrozenLake-v1: 30/300
Parametrized_Cluster_43_300_s100-300_t1_m7-7_FrozenLake-v1: 60/300
Parametrized_Cluster_43_300_s100-300_t1_m7-7_FrozenLake-v1: 90/300
Parametrized_Cluster_43_300_s100-300_t1_m7-7_FrozenLake-v1: 120/300
Parametrized_Cluster_43_300_s100-300_t1_m7-7_FrozenLake-v1: 150/300
Parametrized_Cluster_43_300_s100-300_t1_m7-7_FrozenLake-v1: 180/300
Parametrized_Cluster_43_300_s100-300_t1_m7-7_FrozenLake-v1: 210/300
Parametrized_Cluster_43_300_s100-300_t1_m7-7_FrozenLake-v1: 240/300
Parametrized_Cluster_43_300_s100-300_t1_m7-7_FrozenLake-v1: 270/300
Parametrized_Cluster_43_300_s100-300_t1_m7-7_FrozenLake-v1: 300/300
Parametrized_Cluster_34_300_s100-300_t1_m7-7_FrozenLake-v1: 30/300
Parametrized_Cluster_34_300_s100-300_t1_m7-7_FrozenLake-v1: 60/300
Parametrized_Cluster_34_300_s100-300_t1_m7-7_FrozenLake-v1: 90/300
Parametrized_Cluster_34_300_s100-300_t1_m7-7_FrozenLake-v1: 120/300
Parametrized_Cluster_34_300_s100-300_t1_m7-7_FrozenLake-v1: 150/300
Parametrized_Cluster_34_300_s100-300_t1_m7-7_FrozenLake-v1: 180/300
Parametrized_Cluster_34_300_s100-300_t1_m7-7_FrozenLake-v1: 210/300
Parametrized_Cluster_34_300_s100-300_t1_m7-7_FrozenLake-v1: 240/300
Parametrized_Cluster_34_300_s100-300_t1_m7-7_FrozenLake-v1: 270/300
Parametrized_Cluster_34_300_s100-300_t1_m7-7_FrozenLake-v1: 300/300
Parametrized_Cluster_28_300_s100-300_t1_m7-7_FrozenLake-v1: 30/300
Parametrized_Cluster_28_300_s100-300_t1_m7-7_FrozenLake-v1: 60/300
Parametrized_Cluster_28_300_s100-300_t1_m7-7_FrozenLake-v1: 90/300
Parametrized_Cluster_28_300_s100-300_t1_m7-7_FrozenLake-v1: 120/300
Parametrized_Cluster_28_300_s100-300_t1_m7-7_FrozenLake-v1: 150/300
Parametrized_Cluster_28_300_s100-300_t1_m7-7_FrozenLake-v1: 180/300
Parametrized_Cluster_28_300_s100-300_t1_m7-7_FrozenLake-v1: 210/300
Parametrized_Cluster_28_300_s100-300_t1_m7-7_FrozenLake-v1: 240/300
Parametrized_Cluster_28_300_s100-300_t1_m7-7_FrozenLake-v1: 270/300
Parametrized_Cluster_28_300_s100-300_t1_m7-7_FrozenLake-v1: 300/300
Parametrized_Cluster_9_300_s100-300_t1_m7-7_FrozenLake-v1: 30/300
Parametrized_Cluster_9_300_s100-300_t1_m7-7_FrozenLake-v1: 60/300
Parametrized_Cluster_9_300_s100-300_t1_m7-7_FrozenLake-v1: 90/300
Parametrized_Cluster_9_300_s100-300_t1_m7-7_FrozenLake-v1: 120/300
Parametrized_Cluster_9_300_s100-300_t1_m7-7_FrozenLake-v1: 150/300
Parametrized_Cluster_9_300_s100-300_t1_m7-7_FrozenLake-v1: 180/300
Parametrized_Cluster_9_300_s100-300_t1_m7-7_FrozenLake-v1: 210/300
Parametrized_Cluster_9_300_s100-300_t1_m7-7_FrozenLake-v1: 240/300
Parametrized_Cluster_9_300_s100-300_t1_m7-7_FrozenLake-v1: 270/300
Parametrized_Cluster_9_300_s100-300_t1_m7-7_FrozenLake-v1: 300/300
Parametrized_Cluster_25_300_s100-300_t1_m7-7_FrozenLake-v1: 30/300
Parametrized_Cluster_25_300_s100-300_t1_m7-7_FrozenLake-v1: 60/300
Parametrized_Cluster_25_300_s100-300_t1_m7-7_FrozenLake-v1: 90/300
Parametrized_Cluster_25_300_s100-300_t1_m7-7_FrozenLake-v1: 120/300
Parametrized_Cluster_25_300_s100-300_t1_m7-7_FrozenLake-v1: 150/300
Parametrized_Cluster_25_300_s100-300_t1_m7-7_FrozenLake-v1: 180/300
Parametrized_Cluster_25_300_s100-300_t1_m7-7_FrozenLake-v1: 210/300
Parametrized_Cluster_25_300_s100-300_t1_m7-7_FrozenLake-v1: 240/300
Parametrized_Cluster_25_300_s100-300_t1_m7-7_FrozenLake-v1: 270/300
Parametrized_Cluster_25_300_s100-300_t1_m7-7_FrozenLake-v1: 300/300
Parametrized_Cluster_4_300_s100-300_t1_m7-7_FrozenLake-v1: 30/300
Parametrized_Cluster_4_300_s100-300_t1_m7-7_FrozenLake-v1: 60/300
Parametrized_Cluster_4_300_s100-300_t1_m7-7_FrozenLake-v1: 90/300
Parametrized_Cluster_4_300_s100-300_t1_m7-7_FrozenLake-v1: 120/300
Parametrized_Cluster_4_300_s100-300_t1_m7-7_FrozenLake-v1: 150/300
Parametrized_Cluster_4_300_s100-300_t1_m7-7_FrozenLake-v1: 180/300
Parametrized_Cluster_4_300_s100-300_t1_m7-7_FrozenLake-v1: 210/300
Parametrized_Cluster_4_300_s100-300_t1_m7-7_FrozenLake-v1: 240/300
Parametrized_Cluster_4_300_s100-300_t1_m7-7_FrozenLake-v1: 270/300
Parametrized_Cluster_4_300_s100-300_t1_m7-7_FrozenLake-v1: 300/300
Parametrized_Cluster_15_300_s100-300_t1_m7-7_FrozenLake-v1: 30/300
Parametrized_Cluster_15_300_s100-300_t1_m7-7_FrozenLake-v1: 60/300
Parametrized_Cluster_15_300_s100-300_t1_m7-7_FrozenLake-v1: 90/300
Parametrized_Cluster_15_300_s100-300_t1_m7-7_FrozenLake-v1: 120/300
Parametrized_Cluster_15_300_s100-300_t1_m7-7_FrozenLake-v1: 150/300
Parametrized_Cluster_15_300_s100-300_t1_m7-7_FrozenLake-v1: 180/300
Parametrized_Cluster_15_300_s100-300_t1_m7-7_FrozenLake-v1: 210/300
Parametrized_Cluster_15_300_s100-300_t1_m7-7_FrozenLake-v1: 240/300
Parametrized_Cluster_15_300_s100-300_t1_m7-7_FrozenLake-v1: 270/300
Parametrized_Cluster_15_300_s100-300_t1_m7-7_FrozenLake-v1: 300/300
Parametrized_Cluster_21_300_s100-300_t1_m7-7_FrozenLake-v1: 30/300
Parametrized_Cluster_21_300_s100-300_t1_m7-7_FrozenLake-v1: 60/300
Parametrized_Cluster_21_300_s100-300_t1_m7-7_FrozenLake-v1: 90/300
Parametrized_Cluster_21_300_s100-300_t1_m7-7_FrozenLake-v1: 120/300
Parametrized_Cluster_21_300_s100-300_t1_m7-7_FrozenLake-v1: 150/300
Parametrized_Cluster_21_300_s100-300_t1_m7-7_FrozenLake-v1: 180/300
Parametrized_Cluster_21_300_s100-300_t1_m7-7_FrozenLake-v1: 210/300
Parametrized_Cluster_21_300_s100-300_t1_m7-7_FrozenLake-v1: 240/300
Parametrized_Cluster_21_300_s100-300_t1_m7-7_FrozenLake-v1: 270/300
Parametrized_Cluster_21_300_s100-300_t1_m7-7_FrozenLake-v1: 300/300
Parametrized_Cluster_24_300_s100-300_t1_m7-7_FrozenLake-v1: 30/300
Parametrized_Cluster_24_300_s100-300_t1_m7-7_FrozenLake-v1: 60/300
Parametrized_Cluster_24_300_s100-300_t1_m7-7_FrozenLake-v1: 90/300
Parametrized_Cluster_24_300_s100-300_t1_m7-7_FrozenLake-v1: 120/300
Parametrized_Cluster_24_300_s100-300_t1_m7-7_FrozenLake-v1: 150/300
Parametrized_Cluster_24_300_s100-300_t1_m7-7_FrozenLake-v1: 180/300
Parametrized_Cluster_24_300_s100-300_t1_m7-7_FrozenLake-v1: 210/300
Parametrized_Cluster_24_300_s100-300_t1_m7-7_FrozenLake-v1: 240/300
Parametrized_Cluster_24_300_s100-300_t1_m7-7_FrozenLake-v1: 270/300
Parametrized_Cluster_24_300_s100-300_t1_m7-7_FrozenLake-v1: 300/300
Parametrized_Cluster_33_300_s100-300_t1_m7-7_FrozenLake-v1: 30/300
Parametrized_Cluster_33_300_s100-300_t1_m7-7_FrozenLake-v1: 60/300
Parametrized_Cluster_33_300_s100-300_t1_m7-7_FrozenLake-v1: 90/300
Parametrized_Cluster_33_300_s100-300_t1_m7-7_FrozenLake-v1: 120/300
Parametrized_Cluster_33_300_s100-300_t1_m7-7_FrozenLake-v1: 150/300
Parametrized_Cluster_33_300_s100-300_t1_m7-7_FrozenLake-v1: 180/300
Parametrized_Cluster_33_300_s100-300_t1_m7-7_FrozenLake-v1: 210/300
Parametrized_Cluster_33_300_s100-300_t1_m7-7_FrozenLake-v1: 240/300
Parametrized_Cluster_33_300_s100-300_t1_m7-7_FrozenLake-v1: 270/300
Parametrized_Cluster_33_300_s100-300_t1_m7-7_FrozenLake-v1: 300/300
Parametrized_Cluster_17_300_s100-300_t1_m7-7_FrozenLake-v1: 30/300
Parametrized_Cluster_17_300_s100-300_t1_m7-7_FrozenLake-v1: 60/300
Parametrized_Cluster_17_300_s100-300_t1_m7-7_FrozenLake-v1: 90/300
Parametrized_Cluster_17_300_s100-300_t1_m7-7_FrozenLake-v1: 120/300
Parametrized_Cluster_17_300_s100-300_t1_m7-7_FrozenLake-v1: 150/300
Parametrized_Cluster_17_300_s100-300_t1_m7-7_FrozenLake-v1: 180/300
Parametrized_Cluster_17_300_s100-300_t1_m7-7_FrozenLake-v1: 210/300
Parametrized_Cluster_17_300_s100-300_t1_m7-7_FrozenLake-v1: 240/300
Parametrized_Cluster_17_300_s100-300_t1_m7-7_FrozenLake-v1: 270/300
Parametrized_Cluster_17_300_s100-300_t1_m7-7_FrozenLake-v1: 300/300
Parametrized_Cluster_10_300_s100-300_t1_m7-7_FrozenLake-v1: 30/300
Parametrized_Cluster_10_300_s100-300_t1_m7-7_FrozenLake-v1: 60/300
Parametrized_Cluster_10_300_s100-300_t1_m7-7_FrozenLake-v1: 90/300
Parametrized_Cluster_10_300_s100-300_t1_m7-7_FrozenLake-v1: 120/300
Parametrized_Cluster_10_300_s100-300_t1_m7-7_FrozenLake-v1: 150/300
Parametrized_Cluster_10_300_s100-300_t1_m7-7_FrozenLake-v1: 180/300
Parametrized_Cluster_10_300_s100-300_t1_m7-7_FrozenLake-v1: 210/300
Parametrized_Cluster_10_300_s100-300_t1_m7-7_FrozenLake-v1: 240/300
Parametrized_Cluster_10_300_s100-300_t1_m7-7_FrozenLake-v1: 270/300
Parametrized_Cluster_10_300_s100-300_t1_m7-7_FrozenLake-v1: 300/300
Parametrized_Cluster_23_300_s100-300_t1_m7-7_FrozenLake-v1: 30/300
Parametrized_Cluster_23_300_s100-300_t1_m7-7_FrozenLake-v1: 60/300
Parametrized_Cluster_23_300_s100-300_t1_m7-7_FrozenLake-v1: 90/300
Parametrized_Cluster_23_300_s100-300_t1_m7-7_FrozenLake-v1: 120/300
Parametrized_Cluster_23_300_s100-300_t1_m7-7_FrozenLake-v1: 150/300
Parametrized_Cluster_23_300_s100-300_t1_m7-7_FrozenLake-v1: 180/300
Parametrized_Cluster_23_300_s100-300_t1_m7-7_FrozenLake-v1: 210/300
Parametrized_Cluster_23_300_s100-300_t1_m7-7_FrozenLake-v1: 240/300
Parametrized_Cluster_23_300_s100-300_t1_m7-7_FrozenLake-v1: 270/300
Parametrized_Cluster_23_300_s100-300_t1_m7-7_FrozenLake-v1: 300/300
Parametrized_Cluster_41_300_s100-300_t1_m7-7_FrozenLake-v1: 30/300
Parametrized_Cluster_41_300_s100-300_t1_m7-7_FrozenLake-v1: 60/300
Parametrized_Cluster_41_300_s100-300_t1_m7-7_FrozenLake-v1: 90/300
Parametrized_Cluster_41_300_s100-300_t1_m7-7_FrozenLake-v1: 120/300
Parametrized_Cluster_41_300_s100-300_t1_m7-7_FrozenLake-v1: 150/300
Parametrized_Cluster_41_300_s100-300_t1_m7-7_FrozenLake-v1: 180/300
Parametrized_Cluster_41_300_s100-300_t1_m7-7_FrozenLake-v1: 210/300
Parametrized_Cluster_41_300_s100-300_t1_m7-7_FrozenLake-v1: 240/300
Parametrized_Cluster_41_300_s100-300_t1_m7-7_FrozenLake-v1: 270/300
Parametrized_Cluster_41_300_s100-300_t1_m7-7_FrozenLake-v1: 300/300
Parametrized_Cluster_7_300_s100-300_t1_m7-7_FrozenLake-v1: 30/300
Parametrized_Cluster_7_300_s100-300_t1_m7-7_FrozenLake-v1: 60/300
Parametrized_Cluster_7_300_s100-300_t1_m7-7_FrozenLake-v1: 90/300
Parametrized_Cluster_7_300_s100-300_t1_m7-7_FrozenLake-v1: 120/300
Parametrized_Cluster_7_300_s100-300_t1_m7-7_FrozenLake-v1: 150/300
Parametrized_Cluster_7_300_s100-300_t1_m7-7_FrozenLake-v1: 180/300
Parametrized_Cluster_7_300_s100-300_t1_m7-7_FrozenLake-v1: 210/300
Parametrized_Cluster_7_300_s100-300_t1_m7-7_FrozenLake-v1: 240/300
Parametrized_Cluster_7_300_s100-300_t1_m7-7_FrozenLake-v1: 270/300
Parametrized_Cluster_7_300_s100-300_t1_m7-7_FrozenLake-v1: 300/300
Parametrized_Cluster_5_300_s100-300_t1_m7-7_FrozenLake-v1: 30/300
Parametrized_Cluster_5_300_s100-300_t1_m7-7_FrozenLake-v1: 60/300
Parametrized_Cluster_5_300_s100-300_t1_m7-7_FrozenLake-v1: 90/300
Parametrized_Cluster_5_300_s100-300_t1_m7-7_FrozenLake-v1: 120/300
Parametrized_Cluster_5_300_s100-300_t1_m7-7_FrozenLake-v1: 150/300
Parametrized_Cluster_5_300_s100-300_t1_m7-7_FrozenLake-v1: 180/300
Parametrized_Cluster_5_300_s100-300_t1_m7-7_FrozenLake-v1: 210/300
Parametrized_Cluster_5_300_s100-300_t1_m7-7_FrozenLake-v1: 240/300
Parametrized_Cluster_5_300_s100-300_t1_m7-7_FrozenLake-v1: 270/300
Parametrized_Cluster_5_300_s100-300_t1_m7-7_FrozenLake-v1: 300/300
Parametrized_Cluster_16_300_s100-300_t1_m7-7_FrozenLake-v1: 30/300
Parametrized_Cluster_16_300_s100-300_t1_m7-7_FrozenLake-v1: 60/300
Parametrized_Cluster_16_300_s100-300_t1_m7-7_FrozenLake-v1: 90/300
Parametrized_Cluster_16_300_s100-300_t1_m7-7_FrozenLake-v1: 120/300
Parametrized_Cluster_16_300_s100-300_t1_m7-7_FrozenLake-v1: 150/300
Parametrized_Cluster_16_300_s100-300_t1_m7-7_FrozenLake-v1: 180/300
Parametrized_Cluster_16_300_s100-300_t1_m7-7_FrozenLake-v1: 210/300
Parametrized_Cluster_16_300_s100-300_t1_m7-7_FrozenLake-v1: 240/300
Parametrized_Cluster_16_300_s100-300_t1_m7-7_FrozenLake-v1: 270/300
Parametrized_Cluster_16_300_s100-300_t1_m7-7_FrozenLake-v1: 300/300
Parametrized_Cluster_39_300_s100-300_t1_m7-7_FrozenLake-v1: 30/300
Parametrized_Cluster_39_300_s100-300_t1_m7-7_FrozenLake-v1: 60/300
Parametrized_Cluster_39_300_s100-300_t1_m7-7_FrozenLake-v1: 90/300
Parametrized_Cluster_39_300_s100-300_t1_m7-7_FrozenLake-v1: 120/300
Parametrized_Cluster_39_300_s100-300_t1_m7-7_FrozenLake-v1: 150/300
Parametrized_Cluster_39_300_s100-300_t1_m7-7_FrozenLake-v1: 180/300
Parametrized_Cluster_39_300_s100-300_t1_m7-7_FrozenLake-v1: 210/300
Parametrized_Cluster_39_300_s100-300_t1_m7-7_FrozenLake-v1: 240/300
Parametrized_Cluster_39_300_s100-300_t1_m7-7_FrozenLake-v1: 270/300
Parametrized_Cluster_39_300_s100-300_t1_m7-7_FrozenLake-v1: 300/300
Parametrized_Cluster_29_300_s100-300_t1_m7-7_FrozenLake-v1: 30/300
Parametrized_Cluster_29_300_s100-300_t1_m7-7_FrozenLake-v1: 60/300
Parametrized_Cluster_29_300_s100-300_t1_m7-7_FrozenLake-v1: 90/300
Parametrized_Cluster_29_300_s100-300_t1_m7-7_FrozenLake-v1: 120/300
Parametrized_Cluster_29_300_s100-300_t1_m7-7_FrozenLake-v1: 150/300
Parametrized_Cluster_29_300_s100-300_t1_m7-7_FrozenLake-v1: 180/300
Parametrized_Cluster_29_300_s100-300_t1_m7-7_FrozenLake-v1: 210/300
Parametrized_Cluster_29_300_s100-300_t1_m7-7_FrozenLake-v1: 240/300
Parametrized_Cluster_29_300_s100-300_t1_m7-7_FrozenLake-v1: 270/300
Parametrized_Cluster_29_300_s100-300_t1_m7-7_FrozenLake-v1: 300/300
Parametrized_Cluster_26_300_s100-300_t1_m7-7_FrozenLake-v1: 30/300
Parametrized_Cluster_26_300_s100-300_t1_m7-7_FrozenLake-v1: 60/300
Parametrized_Cluster_26_300_s100-300_t1_m7-7_FrozenLake-v1: 90/300
Parametrized_Cluster_26_300_s100-300_t1_m7-7_FrozenLake-v1: 120/300
Parametrized_Cluster_26_300_s100-300_t1_m7-7_FrozenLake-v1: 150/300
Parametrized_Cluster_26_300_s100-300_t1_m7-7_FrozenLake-v1: 180/300
Parametrized_Cluster_26_300_s100-300_t1_m7-7_FrozenLake-v1: 210/300
Parametrized_Cluster_26_300_s100-300_t1_m7-7_FrozenLake-v1: 240/300
Parametrized_Cluster_26_300_s100-300_t1_m7-7_FrozenLake-v1: 270/300
Parametrized_Cluster_26_300_s100-300_t1_m7-7_FrozenLake-v1: 300/300
Parametrized_Cluster_22_300_s100-300_t1_m7-7_FrozenLake-v1: 30/300
Parametrized_Cluster_22_300_s100-300_t1_m7-7_FrozenLake-v1: 60/300
Parametrized_Cluster_22_300_s100-300_t1_m7-7_FrozenLake-v1: 90/300
Parametrized_Cluster_22_300_s100-300_t1_m7-7_FrozenLake-v1: 120/300
Parametrized_Cluster_22_300_s100-300_t1_m7-7_FrozenLake-v1: 150/300
Parametrized_Cluster_22_300_s100-300_t1_m7-7_FrozenLake-v1: 180/300
Parametrized_Cluster_22_300_s100-300_t1_m7-7_FrozenLake-v1: 210/300
Parametrized_Cluster_22_300_s100-300_t1_m7-7_FrozenLake-v1: 240/300
Parametrized_Cluster_22_300_s100-300_t1_m7-7_FrozenLake-v1: 270/300
Parametrized_Cluster_22_300_s100-300_t1_m7-7_FrozenLake-v1: 300/300
Parametrized_Cluster_35_300_s100-300_t1_m7-7_FrozenLake-v1: 30/300
Parametrized_Cluster_35_300_s100-300_t1_m7-7_FrozenLake-v1: 60/300
Parametrized_Cluster_35_300_s100-300_t1_m7-7_FrozenLake-v1: 90/300
Parametrized_Cluster_35_300_s100-300_t1_m7-7_FrozenLake-v1: 120/300
Parametrized_Cluster_35_300_s100-300_t1_m7-7_FrozenLake-v1: 150/300
Parametrized_Cluster_35_300_s100-300_t1_m7-7_FrozenLake-v1: 180/300
Parametrized_Cluster_35_300_s100-300_t1_m7-7_FrozenLake-v1: 210/300
Parametrized_Cluster_35_300_s100-300_t1_m7-7_FrozenLake-v1: 240/300
Parametrized_Cluster_35_300_s100-300_t1_m7-7_FrozenLake-v1: 270/300
Parametrized_Cluster_35_300_s100-300_t1_m7-7_FrozenLake-v1: 300/300
Parametrized_Cluster_20_300_s100-300_t1_m7-7_FrozenLake-v1: 30/300
Parametrized_Cluster_20_300_s100-300_t1_m7-7_FrozenLake-v1: 60/300
Parametrized_Cluster_20_300_s100-300_t1_m7-7_FrozenLake-v1: 90/300
Parametrized_Cluster_20_300_s100-300_t1_m7-7_FrozenLake-v1: 120/300
Parametrized_Cluster_20_300_s100-300_t1_m7-7_FrozenLake-v1: 150/300
Parametrized_Cluster_20_300_s100-300_t1_m7-7_FrozenLake-v1: 180/300
Parametrized_Cluster_20_300_s100-300_t1_m7-7_FrozenLake-v1: 210/300
Parametrized_Cluster_20_300_s100-300_t1_m7-7_FrozenLake-v1: 240/300
Parametrized_Cluster_20_300_s100-300_t1_m7-7_FrozenLake-v1: 270/300
Parametrized_Cluster_20_300_s100-300_t1_m7-7_FrozenLake-v1: 300/300
Parametrized_Cluster_27_300_s100-300_t1_m7-7_FrozenLake-v1: 30/300
Parametrized_Cluster_27_300_s100-300_t1_m7-7_FrozenLake-v1: 60/300
Parametrized_Cluster_27_300_s100-300_t1_m7-7_FrozenLake-v1: 90/300
Parametrized_Cluster_27_300_s100-300_t1_m7-7_FrozenLake-v1: 120/300
Parametrized_Cluster_27_300_s100-300_t1_m7-7_FrozenLake-v1: 150/300
Parametrized_Cluster_27_300_s100-300_t1_m7-7_FrozenLake-v1: 180/300
Parametrized_Cluster_27_300_s100-300_t1_m7-7_FrozenLake-v1: 210/300
Parametrized_Cluster_27_300_s100-300_t1_m7-7_FrozenLake-v1: 240/300
Parametrized_Cluster_27_300_s100-300_t1_m7-7_FrozenLake-v1: 270/300
Parametrized_Cluster_27_300_s100-300_t1_m7-7_FrozenLake-v1: 300/300
Parametrized_Cluster_30_300_s100-300_t1_m7-7_FrozenLake-v1: 30/300
Parametrized_Cluster_30_300_s100-300_t1_m7-7_FrozenLake-v1: 60/300
Parametrized_Cluster_30_300_s100-300_t1_m7-7_FrozenLake-v1: 90/300
Parametrized_Cluster_30_300_s100-300_t1_m7-7_FrozenLake-v1: 120/300
Parametrized_Cluster_30_300_s100-300_t1_m7-7_FrozenLake-v1: 150/300
Parametrized_Cluster_30_300_s100-300_t1_m7-7_FrozenLake-v1: 180/300
Parametrized_Cluster_30_300_s100-300_t1_m7-7_FrozenLake-v1: 210/300
Parametrized_Cluster_30_300_s100-300_t1_m7-7_FrozenLake-v1: 240/300
Parametrized_Cluster_30_300_s100-300_t1_m7-7_FrozenLake-v1: 270/300
Parametrized_Cluster_30_300_s100-300_t1_m7-7_FrozenLake-v1: 300/300
Parametrized_Cluster_6_300_s100-300_t1_m7-7_FrozenLake-v1: 30/300
Parametrized_Cluster_6_300_s100-300_t1_m7-7_FrozenLake-v1: 60/300
Parametrized_Cluster_6_300_s100-300_t1_m7-7_FrozenLake-v1: 90/300
Parametrized_Cluster_6_300_s100-300_t1_m7-7_FrozenLake-v1: 120/300
Parametrized_Cluster_6_300_s100-300_t1_m7-7_FrozenLake-v1: 150/300
Parametrized_Cluster_6_300_s100-300_t1_m7-7_FrozenLake-v1: 180/300
Parametrized_Cluster_6_300_s100-300_t1_m7-7_FrozenLake-v1: 210/300
Parametrized_Cluster_6_300_s100-300_t1_m7-7_FrozenLake-v1: 240/300
Parametrized_Cluster_6_300_s100-300_t1_m7-7_FrozenLake-v1: 270/300
Parametrized_Cluster_6_300_s100-300_t1_m7-7_FrozenLake-v1: 300/300
Parametrized_Cluster_19_300_s100-300_t1_m7-7_FrozenLake-v1: 30/300
Parametrized_Cluster_19_300_s100-300_t1_m7-7_FrozenLake-v1: 60/300
Parametrized_Cluster_19_300_s100-300_t1_m7-7_FrozenLake-v1: 90/300
Parametrized_Cluster_19_300_s100-300_t1_m7-7_FrozenLake-v1: 120/300
Parametrized_Cluster_19_300_s100-300_t1_m7-7_FrozenLake-v1: 150/300
Parametrized_Cluster_19_300_s100-300_t1_m7-7_FrozenLake-v1: 180/300
Parametrized_Cluster_19_300_s100-300_t1_m7-7_FrozenLake-v1: 210/300
Parametrized_Cluster_19_300_s100-300_t1_m7-7_FrozenLake-v1: 240/300
Parametrized_Cluster_19_300_s100-300_t1_m7-7_FrozenLake-v1: 270/300
Parametrized_Cluster_19_300_s100-300_t1_m7-7_FrozenLake-v1: 300/300
Parametrized_Cluster_1_300_s100-300_t1_m7-7_FrozenLake-v1: 30/300
Parametrized_Cluster_1_300_s100-300_t1_m7-7_FrozenLake-v1: 60/300
Parametrized_Cluster_1_300_s100-300_t1_m7-7_FrozenLake-v1: 90/300
Parametrized_Cluster_1_300_s100-300_t1_m7-7_FrozenLake-v1: 120/300
Parametrized_Cluster_1_300_s100-300_t1_m7-7_FrozenLake-v1: 150/300
Parametrized_Cluster_1_300_s100-300_t1_m7-7_FrozenLake-v1: 180/300
Parametrized_Cluster_1_300_s100-300_t1_m7-7_FrozenLake-v1: 210/300
Parametrized_Cluster_1_300_s100-300_t1_m7-7_FrozenLake-v1: 240/300
Parametrized_Cluster_1_300_s100-300_t1_m7-7_FrozenLake-v1: 270/300
Parametrized_Cluster_1_300_s100-300_t1_m7-7_FrozenLake-v1: 300/300
Parametrized_Cluster_18_300_s100-300_t1_m7-7_FrozenLake-v1: 30/300
Parametrized_Cluster_18_300_s100-300_t1_m7-7_FrozenLake-v1: 60/300
Parametrized_Cluster_18_300_s100-300_t1_m7-7_FrozenLake-v1: 90/300
Parametrized_Cluster_18_300_s100-300_t1_m7-7_FrozenLake-v1: 120/300
Parametrized_Cluster_18_300_s100-300_t1_m7-7_FrozenLake-v1: 150/300
Parametrized_Cluster_18_300_s100-300_t1_m7-7_FrozenLake-v1: 180/300
Parametrized_Cluster_18_300_s100-300_t1_m7-7_FrozenLake-v1: 210/300
Parametrized_Cluster_18_300_s100-300_t1_m7-7_FrozenLake-v1: 240/300
Parametrized_Cluster_18_300_s100-300_t1_m7-7_FrozenLake-v1: 270/300
Parametrized_Cluster_18_300_s100-300_t1_m7-7_FrozenLake-v1: 300/300
Parametrized_Cluster_13_300_s100-300_t1_m7-7_FrozenLake-v1: 30/300
Parametrized_Cluster_13_300_s100-300_t1_m7-7_FrozenLake-v1: 60/300
Parametrized_Cluster_13_300_s100-300_t1_m7-7_FrozenLake-v1: 90/300
Parametrized_Cluster_13_300_s100-300_t1_m7-7_FrozenLake-v1: 120/300
Parametrized_Cluster_13_300_s100-300_t1_m7-7_FrozenLake-v1: 150/300
Parametrized_Cluster_13_300_s100-300_t1_m7-7_FrozenLake-v1: 180/300
Parametrized_Cluster_13_300_s100-300_t1_m7-7_FrozenLake-v1: 210/300
Parametrized_Cluster_13_300_s100-300_t1_m7-7_FrozenLake-v1: 240/300
Parametrized_Cluster_13_300_s100-300_t1_m7-7_FrozenLake-v1: 270/300
Parametrized_Cluster_13_300_s100-300_t1_m7-7_FrozenLake-v1: 300/300
Parametrized_Cluster_3_300_s100-300_t1_m7-7_FrozenLake-v1: 30/300
Parametrized_Cluster_3_300_s100-300_t1_m7-7_FrozenLake-v1: 60/300
Parametrized_Cluster_3_300_s100-300_t1_m7-7_FrozenLake-v1: 90/300
Parametrized_Cluster_3_300_s100-300_t1_m7-7_FrozenLake-v1: 120/300
Parametrized_Cluster_3_300_s100-300_t1_m7-7_FrozenLake-v1: 150/300
Parametrized_Cluster_3_300_s100-300_t1_m7-7_FrozenLake-v1: 180/300
Parametrized_Cluster_3_300_s100-300_t1_m7-7_FrozenLake-v1: 210/300
Parametrized_Cluster_3_300_s100-300_t1_m7-7_FrozenLake-v1: 240/300
Parametrized_Cluster_3_300_s100-300_t1_m7-7_FrozenLake-v1: 270/300
Parametrized_Cluster_3_300_s100-300_t1_m7-7_FrozenLake-v1: 300/300
Parametrized_Cluster_8_300_s100-300_t1_m7-7_FrozenLake-v1: 30/300
Parametrized_Cluster_8_300_s100-300_t1_m7-7_FrozenLake-v1: 60/300
Parametrized_Cluster_8_300_s100-300_t1_m7-7_FrozenLake-v1: 90/300
Parametrized_Cluster_8_300_s100-300_t1_m7-7_FrozenLake-v1: 120/300
Parametrized_Cluster_8_300_s100-300_t1_m7-7_FrozenLake-v1: 150/300
Parametrized_Cluster_8_300_s100-300_t1_m7-7_FrozenLake-v1: 180/300
Parametrized_Cluster_8_300_s100-300_t1_m7-7_FrozenLake-v1: 210/300
Parametrized_Cluster_8_300_s100-300_t1_m7-7_FrozenLake-v1: 240/300
Parametrized_Cluster_8_300_s100-300_t1_m7-7_FrozenLake-v1: 270/300
Parametrized_Cluster_8_300_s100-300_t1_m7-7_FrozenLake-v1: 300/300
Parametrized_Cluster_32_300_s100-300_t1_m7-7_FrozenLake-v1: 30/300
Parametrized_Cluster_32_300_s100-300_t1_m7-7_FrozenLake-v1: 60/300
Parametrized_Cluster_32_300_s100-300_t1_m7-7_FrozenLake-v1: 90/300
Parametrized_Cluster_32_300_s100-300_t1_m7-7_FrozenLake-v1: 120/300
Parametrized_Cluster_32_300_s100-300_t1_m7-7_FrozenLake-v1: 150/300
Parametrized_Cluster_32_300_s100-300_t1_m7-7_FrozenLake-v1: 180/300
Parametrized_Cluster_32_300_s100-300_t1_m7-7_FrozenLake-v1: 210/300
Parametrized_Cluster_32_300_s100-300_t1_m7-7_FrozenLake-v1: 240/300
Parametrized_Cluster_32_300_s100-300_t1_m7-7_FrozenLake-v1: 270/300
Parametrized_Cluster_32_300_s100-300_t1_m7-7_FrozenLake-v1: 300/300
Parametrized_Cluster_14_300_s100-300_t1_m7-7_FrozenLake-v1: 30/300
Parametrized_Cluster_14_300_s100-300_t1_m7-7_FrozenLake-v1: 60/300
Parametrized_Cluster_14_300_s100-300_t1_m7-7_FrozenLake-v1: 90/300
Parametrized_Cluster_14_300_s100-300_t1_m7-7_FrozenLake-v1: 120/300
Parametrized_Cluster_14_300_s100-300_t1_m7-7_FrozenLake-v1: 150/300
Parametrized_Cluster_14_300_s100-300_t1_m7-7_FrozenLake-v1: 180/300
Parametrized_Cluster_14_300_s100-300_t1_m7-7_FrozenLake-v1: 210/300
Parametrized_Cluster_14_300_s100-300_t1_m7-7_FrozenLake-v1: 240/300
Parametrized_Cluster_14_300_s100-300_t1_m7-7_FrozenLake-v1: 270/300
Parametrized_Cluster_14_300_s100-300_t1_m7-7_FrozenLake-v1: 300/300
Parametrized_Cluster_11_300_s100-300_t1_m7-7_FrozenLake-v1: 30/300
Parametrized_Cluster_11_300_s100-300_t1_m7-7_FrozenLake-v1: 60/300
Parametrized_Cluster_11_300_s100-300_t1_m7-7_FrozenLake-v1: 90/300
Parametrized_Cluster_11_300_s100-300_t1_m7-7_FrozenLake-v1: 120/300
Parametrized_Cluster_11_300_s100-300_t1_m7-7_FrozenLake-v1: 150/300
Parametrized_Cluster_11_300_s100-300_t1_m7-7_FrozenLake-v1: 180/300
Parametrized_Cluster_11_300_s100-300_t1_m7-7_FrozenLake-v1: 210/300
Parametrized_Cluster_11_300_s100-300_t1_m7-7_FrozenLake-v1: 240/300
Parametrized_Cluster_11_300_s100-300_t1_m7-7_FrozenLake-v1: 270/300
Parametrized_Cluster_11_300_s100-300_t1_m7-7_FrozenLake-v1: 300/300
Parametrized_Cluster_12_300_s100-300_t1_m7-7_FrozenLake-v1: 30/300
Parametrized_Cluster_12_300_s100-300_t1_m7-7_FrozenLake-v1: 60/300
Parametrized_Cluster_12_300_s100-300_t1_m7-7_FrozenLake-v1: 90/300
Parametrized_Cluster_12_300_s100-300_t1_m7-7_FrozenLake-v1: 120/300
Parametrized_Cluster_12_300_s100-300_t1_m7-7_FrozenLake-v1: 150/300
Parametrized_Cluster_12_300_s100-300_t1_m7-7_FrozenLake-v1: 180/300
Parametrized_Cluster_12_300_s100-300_t1_m7-7_FrozenLake-v1: 210/300
Parametrized_Cluster_12_300_s100-300_t1_m7-7_FrozenLake-v1: 240/300
Parametrized_Cluster_12_300_s100-300_t1_m7-7_FrozenLake-v1: 270/300
Parametrized_Cluster_12_300_s100-300_t1_m7-7_FrozenLake-v1: 300/300
Parametrized_Cluster_36_300_s100-300_t1_m7-7_FrozenLake-v1: 30/300
Parametrized_Cluster_36_300_s100-300_t1_m7-7_FrozenLake-v1: 60/300
Parametrized_Cluster_36_300_s100-300_t1_m7-7_FrozenLake-v1: 90/300
Parametrized_Cluster_36_300_s100-300_t1_m7-7_FrozenLake-v1: 120/300
Parametrized_Cluster_36_300_s100-300_t1_m7-7_FrozenLake-v1: 150/300
Parametrized_Cluster_36_300_s100-300_t1_m7-7_FrozenLake-v1: 180/300
Parametrized_Cluster_36_300_s100-300_t1_m7-7_FrozenLake-v1: 210/300
Parametrized_Cluster_36_300_s100-300_t1_m7-7_FrozenLake-v1: 240/300
Parametrized_Cluster_36_300_s100-300_t1_m7-7_FrozenLake-v1: 270/300
Parametrized_Cluster_36_300_s100-300_t1_m7-7_FrozenLake-v1: 300/300
