JobId=8610811 JobName=analysis.sbatch
   UserId=koner(565562) GroupId=domain users(100513) MCS_label=N/A
   Priority=18729981 Nice=0 Account=ewi-insy-ii-influence QOS=medium
   JobState=RUNNING Reason=None Dependency=(null)
   Requeue=0 Restarts=0 BatchFlag=1 Reboot=0 ExitCode=0:0
   DerivedExitCode=0:0
   RunTime=00:00:05 TimeLimit=05:00:00 TimeMin=N/A
   SubmitTime=2023-07-24T21:00:31 EligibleTime=2023-07-24T21:00:31
   AccrueTime=2023-07-24T21:00:31
   StartTime=2023-07-24T21:00:41 EndTime=2023-07-25T02:00:41 Deadline=N/A
   SuspendTime=None SecsPreSuspend=0 LastSchedEval=2023-07-24T21:00:41 Scheduler=Backfill
   Partition=general AllocNode:Sid=login1:27639
   ReqNodeList=(null) ExcNodeList=(null)
   NodeList=awi15
   BatchHost=awi15
   NumNodes=1 NumCPUs=10 NumTasks=1 CPUs/Task=10 ReqB:S:C:T=0:0:*:*
   TRES=cpu=10,mem=4G,node=1,billing=5
   Socks/Node=* NtasksPerN:B:S:C=0:0:*:* CoreSpec=*
   JOB_GRES=(null)
     Nodes=awi15 CPU_IDs=34-41,54-55 Mem=4096 GRES=
   MinCPUsNode=10 MinMemoryNode=4G MinTmpDiskNode=0
   Features=(null) DelayBoot=00:00:00
   OverSubscribe=OK Contiguous=0 Licenses=(null) Network=(null)
   Command=/winhome/koner/Desktop/MCTS-Time-Management/jobscripts/analysis.sbatch
   WorkDir=/winhome/koner/Desktop/MCTS-Time-Management/jobscripts
   StdErr=/winhome/koner/Desktop/MCTS-Time-Management/jobscripts/slurm-8610811.out
   StdIn=/dev/null
   StdOut=/winhome/koner/Desktop/MCTS-Time-Management/jobscripts/slurm-8610811.out
   Power=
   MailUser=koner MailType=END
   

<class 'numpy.ndarray'>
[learning_curve] Training set sizes: [   158   1726   3294   4862   6431   7999   9567  11135  12703  14271
  15840  31680  47520  63360  79200  95040 110880 126720 142560 158400]
[Parallel(n_jobs=10)]: Using backend LokyBackend with 10 concurrent workers.
[CV] END .................................................... total time= 1.1min
[CV] END .................................................... total time=25.0min
[CV] END .................................................... total time=25.3min
[CV] END .................................................... total time=22.3min
[CV] END .................................................... total time=15.9min
[CV] END .................................................... total time=26.7min
[CV] END .................................................... total time=   1.1s
[CV] END .................................................... total time=  20.0s
[CV] END .................................................... total time=  29.9s
[CV] END .................................................... total time=  23.7s
[CV] END .................................................... total time=  56.6s
[CV] END .................................................... total time= 1.5min
[CV] END .................................................... total time=10.5min
[CV] END .................................................... total time=31.5min
[CV] END .................................................... total time= 1.7min
[CV] END .................................................... total time= 2.7min
[CV] END .................................................... total time=12.3min
[CV] END .................................................... total time=25.2min
[CV] END .................................................... total time=  28.6s
[CV] END .................................................... total time=24.5min
[CV] END .................................................... total time=33.9min
[CV] END .................................................... total time= 2.5min
[CV] END .................................................... total time=18.5min
[CV] END .................................................... total time= 5.3min
[CV] END .................................................... total time=24.3min
[CV] END .................................................... total time=24.2min
[CV] END .................................................... total time=18.8min
[CV] END .................................................... total time=31.5min
[CV] END .................................................... total time= 1.1min
[CV] END .................................................... total time= 1.7min
[CV] END .................................................... total time=18.1min
[CV] END .................................................... total time= 1.9min
[CV] END .................................................... total time=26.4min
[CV] END .................................................... total time=25.9min
[CV] END .................................................... total time=   1.3s
[CV] END .................................................... total time=  17.8s
[CV] END .................................................... total time=  31.6s
[CV] END .................................................... total time=  27.1s
[CV] END .................................................... total time= 1.1min
[CV] END .................................................... total time=  59.2s
[CV] END .................................................... total time= 1.4min
[CV] END .................................................... total time= 2.7min
[CV] END .................................................... total time=18.2min
[CV] END .................................................... total time= 2.8min
[CV] END .................................................... total time=15.6min
[CV] END .................................................... total time= 1.9min
[CV] END .................................................... total time= 1.1min
[CV] END .................................................... total time= 2.0min
[CV] END .................................................... total time= 9.7min
[CV] END .................................................... total time=26.2min
[CV] END .................................................... total time=  33.4s
[CV] END .................................................... total time= 1.5min
[CV] END .................................................... total time= 1.7min
[CV] END .................................................... total time= 2.5min
[CV] END .................................................... total time=15.0min
[CV] END .................................................... total time=   1.3s
[CV] END .................................................... total time=  11.5s
[CV] END .................................................... total time=  15.2s
[CV] END .................................................... total time=  33.9s
[CV] END .................................................... total time=  40.8s
[CV] END .................................................... total time= 1.2min
[CV] END .................................................... total time= 1.3min
[CV] END .................................................... total time= 1.9min
[CV] END .................................................... total time= 1.7min
[CV] END .................................................... total time=17.6min
[CV] END .................................................... total time= 6.0min
[CV] END .................................................... total time=15.6min
[CV] END .................................................... total time= 1.1min
[CV] END .................................................... total time=30.3min
[CV] END .................................................... total time=  40.6s
[CV] END .................................................... total time= 2.1min
[CV] END .................................................... total time= 1.5min
[CV] END .................................................... total time=16.4min
[CV] END .................................................... total time=27.3min
[CV] END .................................................... total time= 5.3min
[CV] END .................................................... total time=22.7min
[CV] END .................................................... total time=20.0min
[CV] END .................................................... total time=24.2min
[CV] END .................................................... total time=22.9min
[CV] END .................................................... total time=33.3min
[CV] END .................................................... total time= 2.0min
[CV] END .................................................... total time=23.6min
[CV] END .................................................... total time=11.8min
[CV] END .................................................... total time=19.8min
[CV] END .................................................... total time= 1.2min
[CV] END .................................................... total time= 1.6min
[CV] END .................................................... total time=10.8min
[CV] END .................................................... total time=31.7min
[CV] END .................................................... total time= 5.4min
[CV] END .................................................... total time=21.1min
[CV] END .................................................... total time=24.4min
[CV] END .................................................... total time=30.3min
[CV] END .................................................... total time= 3.4min
[CV] END .................................................... total time=22.4min
[CV] END .................................................... total time=  11.2s
[CV] END .................................................... total time=13.7min
[CV] END .................................................... total time= 6.9min
[CV] END .................................................... total time=19.6min
[CV] END .................................................... total time=23.9min
[CV] END .................................................... total time=30.1min
[CV] END .................................................... total time=23.1min
[CV] END .................................................... total time=  48.5s
[CV] END .................................................... total time= 1.0min
[CV] END .................................................... total time= 1.3min
[CV] END .................................................... total time=17.7min
[CV] END .................................................... total time=   1.2s
[CV] END .................................................... total time=  14.7s
[CV] END .................................................... total time=  26.4s
[CV] END .................................................... total time=  21.7s
[CV] END .................................................... total time= 1.0min
[CV] END .................................................... total time= 1.7min
[CV] END .................................................... total time= 4.8min
[CV] END .................................................... total time=21.6min
[CV] END .................................................... total time=24.6min
[CV] END .................................................... total time=23.0min
[CV] END .................................................... total time= 1.4min
[CV] END .................................................... total time=29.6min
[CV] END .................................................... total time=   1.3s
[CV] END .................................................... total time=  18.6s
[CV] END .................................................... total time=  14.7s
[CV] END .................................................... total time=  29.7s
[CV] END .................................................... total time= 1.2min
[CV] END .................................................... total time= 1.6min
[CV] END .................................................... total time=11.5min
[CV] END .................................................... total time=23.4min
[CV] END .................................................... total time=17.1min
[CV] END .................................................... total time=31.5min
[CV] END .................................................... total time=  58.9s
[CV] END .................................................... total time= 5.7min
[CV] END .................................................... total time=22.5min
[CV] END .................................................... total time=21.5min
[CV] END .................................................... total time=23.5min
[CV] END .................................................... total time=24.6min
[CV] END .................................................... total time=   5.3s
[CV] END .................................................... total time= 5.6min
[CV] END .................................................... total time=20.2min
[CV] END .................................................... total time=36.0min
[CV] END .................................................... total time=23.4min
[CV] END .................................................... total time=28.7min
[CV] END .................................................... total time=29.4min
[CV] END .................................................... total time=12.7min
[CV] END .................................................... total time=14.5min
[CV] END .................................................... total time=26.6min
[CV] END .................................................... total time=21.8min
[CV] END .................................................... total time=   7.8s
[CV] END .................................................... total time=12.6min
[CV] END .................................................... total time= 2.4min
[CV] END .................................................... total time=18.4min
[CV] END .................................................... total time= 1.2min
[CV] END .................................................... total time= 5.9min
[CV] END .................................................... total time=27.3min
[CV] END .................................................... total time=29.3min
[CV] END .................................................... total time=   4.8s
[CV] END .................................................... total time=  21.6s
[CV] END .................................................... total time=  36.8s
[CV] END .................................................... total time=  35.7s
[CV] END .................................................... total time= 1.3min
[CV] END .................................................... total time= 1.8min
[CV] END .................................................... total time= 1.5min
[CV] END .................................................... total time=12.6min
[CV] END .................................................... total time=19.2min
[CV] END .................................................... total time=16.0min
[CV] END .................................................... total time=28.3min
[CV] END .................................................... total time=16.5min
[CV] END .................................................... total time=24.0min
[CV] END .................................................... total time= 5.8min
[CV] END .................................................... total time=   1.4s
[CV] END .................................................... total time=  18.8s
[CV] END .................................................... total time=  22.2s
[CV] END .................................................... total time=  57.5s
[CV] END .................................................... total time=  56.0s
[CV] END .................................................... total time= 1.5min
[CV] END .................................................... total time= 1.2min
[CV] END .................................................... total time= 1.6min
[CV] END .................................................... total time= 2.4min
[CV] END .................................................... total time= 9.8min
[CV] END .................................................... total time=23.0min
[CV] END .................................................... total time=26.4min
[CV] END .................................................... total time=   4.2s
[CV] END .................................................... total time=   8.2s
[CV] END .................................................... total time=  23.1s
[CV] END .................................................... total time=  42.9s
[CV] END .................................................... total time=  30.0s
[CV] END .................................................... total time= 1.1min
[CV] END .................................................... total time= 1.2min
[CV] END .................................................... total time= 2.4min
[CV] END .................................................... total time= 9.9min
[CV] END .................................................... total time=24.8min
[CV] END .................................................... total time=16.3min
[CV] END .................................................... total time=35.6min
[CV] END .................................................... total time=13.9min
[CV] END .................................................... total time=   1.2s
[CV] END .................................................... total time=  18.2s
[CV] END .................................................... total time=  19.1s
[CV] END .................................................... total time=  52.2s
[CV] END .................................................... total time=  53.1s
[CV] END .................................................... total time= 1.1min
[CV] END .................................................... total time= 1.3min
[CV] END .................................................... total time=10.4min
[CV] END .................................................... total time=27.2min
[Parallel(n_jobs=10)]: Done 100 out of 200 | elapsed: 102.4min remaining: 102.4min
[Parallel(n_jobs=10)]: Done 200 out of 200 | elapsed: 224.7min finished
