JobId=8619479 JobName=parametrized_frozenlake_dataset.sbatch
   UserId=koner(565562) GroupId=domain users(100513) MCS_label=N/A
   Priority=22014925 Nice=0 Account=ewi-insy-ii-influence QOS=short
   JobState=RUNNING Reason=None Dependency=(null)
   Requeue=0 Restarts=0 BatchFlag=1 Reboot=0 ExitCode=0:0
   DerivedExitCode=0:0
   RunTime=00:00:01 TimeLimit=00:25:00 TimeMin=N/A
   SubmitTime=2023-08-06T01:17:24 EligibleTime=2023-08-06T01:17:24
   AccrueTime=2023-08-06T01:17:24
   StartTime=2023-08-06T01:17:24 EndTime=2023-08-06T01:42:24 Deadline=N/A
   SuspendTime=None SecsPreSuspend=0 LastSchedEval=2023-08-06T01:17:24 Scheduler=Backfill
   Partition=general AllocNode:Sid=login1:14939
   ReqNodeList=(null) ExcNodeList=(null)
   NodeList=grs4
   BatchHost=grs4
   NumNodes=1 NumCPUs=20 NumTasks=10 CPUs/Task=2 ReqB:S:C:T=0:0:*:*
   TRES=cpu=20,mem=1680M,node=1,billing=10
   Socks/Node=* NtasksPerN:B:S:C=0:0:*:* CoreSpec=*
   JOB_GRES=(null)
     Nodes=grs4 CPU_IDs=0-19 Mem=1680 GRES=
   MinCPUsNode=2 MinMemoryCPU=84M MinTmpDiskNode=0
   Features=(null) DelayBoot=00:00:00
   OverSubscribe=OK Contiguous=0 Licenses=(null) Network=(null)
   Command=/winhome/koner/Desktop/MCTS-Time-Management/jobscripts/parametrized_frozenlake_dataset.sbatch
   WorkDir=/winhome/koner/Desktop/MCTS-Time-Management/jobscripts
   StdErr=/winhome/koner/Desktop/MCTS-Time-Management/jobscripts/slurm-8619479.out
   StdIn=/dev/null
   StdOut=/winhome/koner/Desktop/MCTS-Time-Management/jobscripts/slurm-8619479.out
   Power=
   MailUser=koner MailType=END
   

Parametrized_Randomized_Cluster_5_10000_s1-100_t1_m4-4_FrozenLake-v1: 1000/10000
Parametrized_Randomized_Cluster_5_10000_s1-100_t1_m4-4_FrozenLake-v1: 2000/10000
Parametrized_Randomized_Cluster_5_10000_s1-100_t1_m4-4_FrozenLake-v1: 3000/10000
Parametrized_Randomized_Cluster_5_10000_s1-100_t1_m4-4_FrozenLake-v1: 4000/10000
Parametrized_Randomized_Cluster_5_10000_s1-100_t1_m4-4_FrozenLake-v1: 5000/10000
Parametrized_Randomized_Cluster_5_10000_s1-100_t1_m4-4_FrozenLake-v1: 6000/10000
Parametrized_Randomized_Cluster_5_10000_s1-100_t1_m4-4_FrozenLake-v1: 7000/10000
Parametrized_Randomized_Cluster_5_10000_s1-100_t1_m4-4_FrozenLake-v1: 8000/10000
Parametrized_Randomized_Cluster_5_10000_s1-100_t1_m4-4_FrozenLake-v1: 9000/10000
Parametrized_Randomized_Cluster_5_10000_s1-100_t1_m4-4_FrozenLake-v1: 10000/10000
Parametrized_Randomized_Cluster_9_10000_s1-100_t1_m4-4_FrozenLake-v1: 1000/10000
Parametrized_Randomized_Cluster_9_10000_s1-100_t1_m4-4_FrozenLake-v1: 2000/10000
Parametrized_Randomized_Cluster_9_10000_s1-100_t1_m4-4_FrozenLake-v1: 3000/10000
Parametrized_Randomized_Cluster_9_10000_s1-100_t1_m4-4_FrozenLake-v1: 4000/10000
Parametrized_Randomized_Cluster_9_10000_s1-100_t1_m4-4_FrozenLake-v1: 5000/10000
Parametrized_Randomized_Cluster_9_10000_s1-100_t1_m4-4_FrozenLake-v1: 6000/10000
Parametrized_Randomized_Cluster_9_10000_s1-100_t1_m4-4_FrozenLake-v1: 7000/10000
Parametrized_Randomized_Cluster_9_10000_s1-100_t1_m4-4_FrozenLake-v1: 8000/10000
Parametrized_Randomized_Cluster_9_10000_s1-100_t1_m4-4_FrozenLake-v1: 9000/10000
Parametrized_Randomized_Cluster_9_10000_s1-100_t1_m4-4_FrozenLake-v1: 10000/10000
Parametrized_Randomized_Cluster_4_10000_s1-100_t1_m4-4_FrozenLake-v1: 1000/10000
Parametrized_Randomized_Cluster_4_10000_s1-100_t1_m4-4_FrozenLake-v1: 2000/10000
Parametrized_Randomized_Cluster_4_10000_s1-100_t1_m4-4_FrozenLake-v1: 3000/10000
Parametrized_Randomized_Cluster_4_10000_s1-100_t1_m4-4_FrozenLake-v1: 4000/10000
Parametrized_Randomized_Cluster_4_10000_s1-100_t1_m4-4_FrozenLake-v1: 5000/10000
Parametrized_Randomized_Cluster_4_10000_s1-100_t1_m4-4_FrozenLake-v1: 6000/10000
Parametrized_Randomized_Cluster_4_10000_s1-100_t1_m4-4_FrozenLake-v1: 7000/10000
Parametrized_Randomized_Cluster_4_10000_s1-100_t1_m4-4_FrozenLake-v1: 8000/10000
Parametrized_Randomized_Cluster_4_10000_s1-100_t1_m4-4_FrozenLake-v1: 9000/10000
Parametrized_Randomized_Cluster_4_10000_s1-100_t1_m4-4_FrozenLake-v1: 10000/10000
Parametrized_Randomized_Cluster_2_10000_s1-100_t1_m4-4_FrozenLake-v1: 1000/10000
Parametrized_Randomized_Cluster_2_10000_s1-100_t1_m4-4_FrozenLake-v1: 2000/10000
Parametrized_Randomized_Cluster_2_10000_s1-100_t1_m4-4_FrozenLake-v1: 3000/10000
Parametrized_Randomized_Cluster_2_10000_s1-100_t1_m4-4_FrozenLake-v1: 4000/10000
Parametrized_Randomized_Cluster_2_10000_s1-100_t1_m4-4_FrozenLake-v1: 5000/10000
Parametrized_Randomized_Cluster_2_10000_s1-100_t1_m4-4_FrozenLake-v1: 6000/10000
Parametrized_Randomized_Cluster_2_10000_s1-100_t1_m4-4_FrozenLake-v1: 7000/10000
Parametrized_Randomized_Cluster_2_10000_s1-100_t1_m4-4_FrozenLake-v1: 8000/10000
Parametrized_Randomized_Cluster_2_10000_s1-100_t1_m4-4_FrozenLake-v1: 9000/10000
Parametrized_Randomized_Cluster_2_10000_s1-100_t1_m4-4_FrozenLake-v1: 10000/10000
Parametrized_Randomized_Cluster_8_10000_s1-100_t1_m4-4_FrozenLake-v1: 1000/10000
Parametrized_Randomized_Cluster_8_10000_s1-100_t1_m4-4_FrozenLake-v1: 2000/10000
Parametrized_Randomized_Cluster_8_10000_s1-100_t1_m4-4_FrozenLake-v1: 3000/10000
Parametrized_Randomized_Cluster_8_10000_s1-100_t1_m4-4_FrozenLake-v1: 4000/10000
Parametrized_Randomized_Cluster_8_10000_s1-100_t1_m4-4_FrozenLake-v1: 5000/10000
Parametrized_Randomized_Cluster_8_10000_s1-100_t1_m4-4_FrozenLake-v1: 6000/10000
Parametrized_Randomized_Cluster_8_10000_s1-100_t1_m4-4_FrozenLake-v1: 7000/10000
Parametrized_Randomized_Cluster_8_10000_s1-100_t1_m4-4_FrozenLake-v1: 8000/10000
Parametrized_Randomized_Cluster_8_10000_s1-100_t1_m4-4_FrozenLake-v1: 9000/10000
Parametrized_Randomized_Cluster_8_10000_s1-100_t1_m4-4_FrozenLake-v1: 10000/10000
Parametrized_Randomized_Cluster_6_10000_s1-100_t1_m4-4_FrozenLake-v1: 1000/10000
Parametrized_Randomized_Cluster_6_10000_s1-100_t1_m4-4_FrozenLake-v1: 2000/10000
Parametrized_Randomized_Cluster_6_10000_s1-100_t1_m4-4_FrozenLake-v1: 3000/10000
Parametrized_Randomized_Cluster_6_10000_s1-100_t1_m4-4_FrozenLake-v1: 4000/10000
Parametrized_Randomized_Cluster_6_10000_s1-100_t1_m4-4_FrozenLake-v1: 5000/10000
Parametrized_Randomized_Cluster_6_10000_s1-100_t1_m4-4_FrozenLake-v1: 6000/10000
Parametrized_Randomized_Cluster_6_10000_s1-100_t1_m4-4_FrozenLake-v1: 7000/10000
Parametrized_Randomized_Cluster_6_10000_s1-100_t1_m4-4_FrozenLake-v1: 8000/10000
Parametrized_Randomized_Cluster_6_10000_s1-100_t1_m4-4_FrozenLake-v1: 9000/10000
Parametrized_Randomized_Cluster_6_10000_s1-100_t1_m4-4_FrozenLake-v1: 10000/10000
Parametrized_Randomized_Cluster_3_10000_s1-100_t1_m4-4_FrozenLake-v1: 1000/10000
Parametrized_Randomized_Cluster_3_10000_s1-100_t1_m4-4_FrozenLake-v1: 2000/10000
Parametrized_Randomized_Cluster_3_10000_s1-100_t1_m4-4_FrozenLake-v1: 3000/10000
Parametrized_Randomized_Cluster_3_10000_s1-100_t1_m4-4_FrozenLake-v1: 4000/10000
Parametrized_Randomized_Cluster_3_10000_s1-100_t1_m4-4_FrozenLake-v1: 5000/10000
Parametrized_Randomized_Cluster_3_10000_s1-100_t1_m4-4_FrozenLake-v1: 6000/10000
Parametrized_Randomized_Cluster_3_10000_s1-100_t1_m4-4_FrozenLake-v1: 7000/10000
Parametrized_Randomized_Cluster_3_10000_s1-100_t1_m4-4_FrozenLake-v1: 8000/10000
Parametrized_Randomized_Cluster_3_10000_s1-100_t1_m4-4_FrozenLake-v1: 9000/10000
Parametrized_Randomized_Cluster_3_10000_s1-100_t1_m4-4_FrozenLake-v1: 10000/10000
Parametrized_Randomized_Cluster_1_10000_s1-100_t1_m4-4_FrozenLake-v1: 1000/10000
Parametrized_Randomized_Cluster_1_10000_s1-100_t1_m4-4_FrozenLake-v1: 2000/10000
Parametrized_Randomized_Cluster_1_10000_s1-100_t1_m4-4_FrozenLake-v1: 3000/10000
Parametrized_Randomized_Cluster_1_10000_s1-100_t1_m4-4_FrozenLake-v1: 4000/10000
Parametrized_Randomized_Cluster_1_10000_s1-100_t1_m4-4_FrozenLake-v1: 5000/10000
Parametrized_Randomized_Cluster_1_10000_s1-100_t1_m4-4_FrozenLake-v1: 6000/10000
Parametrized_Randomized_Cluster_1_10000_s1-100_t1_m4-4_FrozenLake-v1: 7000/10000
Parametrized_Randomized_Cluster_1_10000_s1-100_t1_m4-4_FrozenLake-v1: 8000/10000
Parametrized_Randomized_Cluster_1_10000_s1-100_t1_m4-4_FrozenLake-v1: 9000/10000
Parametrized_Randomized_Cluster_1_10000_s1-100_t1_m4-4_FrozenLake-v1: 10000/10000
Parametrized_Randomized_Cluster_10_10000_s1-100_t1_m4-4_FrozenLake-v1: 1000/10000
Parametrized_Randomized_Cluster_10_10000_s1-100_t1_m4-4_FrozenLake-v1: 2000/10000
Parametrized_Randomized_Cluster_10_10000_s1-100_t1_m4-4_FrozenLake-v1: 3000/10000
Parametrized_Randomized_Cluster_10_10000_s1-100_t1_m4-4_FrozenLake-v1: 4000/10000
Parametrized_Randomized_Cluster_10_10000_s1-100_t1_m4-4_FrozenLake-v1: 5000/10000
Parametrized_Randomized_Cluster_10_10000_s1-100_t1_m4-4_FrozenLake-v1: 6000/10000
Parametrized_Randomized_Cluster_10_10000_s1-100_t1_m4-4_FrozenLake-v1: 7000/10000
Parametrized_Randomized_Cluster_10_10000_s1-100_t1_m4-4_FrozenLake-v1: 8000/10000
Parametrized_Randomized_Cluster_10_10000_s1-100_t1_m4-4_FrozenLake-v1: 9000/10000
Parametrized_Randomized_Cluster_10_10000_s1-100_t1_m4-4_FrozenLake-v1: 10000/10000
Parametrized_Randomized_Cluster_7_10000_s1-100_t1_m4-4_FrozenLake-v1: 1000/10000
Parametrized_Randomized_Cluster_7_10000_s1-100_t1_m4-4_FrozenLake-v1: 2000/10000
Parametrized_Randomized_Cluster_7_10000_s1-100_t1_m4-4_FrozenLake-v1: 3000/10000
Parametrized_Randomized_Cluster_7_10000_s1-100_t1_m4-4_FrozenLake-v1: 4000/10000
Parametrized_Randomized_Cluster_7_10000_s1-100_t1_m4-4_FrozenLake-v1: 5000/10000
Parametrized_Randomized_Cluster_7_10000_s1-100_t1_m4-4_FrozenLake-v1: 6000/10000
Parametrized_Randomized_Cluster_7_10000_s1-100_t1_m4-4_FrozenLake-v1: 7000/10000
Parametrized_Randomized_Cluster_7_10000_s1-100_t1_m4-4_FrozenLake-v1: 8000/10000
Parametrized_Randomized_Cluster_7_10000_s1-100_t1_m4-4_FrozenLake-v1: 9000/10000
Parametrized_Randomized_Cluster_7_10000_s1-100_t1_m4-4_FrozenLake-v1: 10000/10000
