JobId=8616704 JobName=parametrized_frozenlake_dataset.sbatch
   UserId=koner(565562) GroupId=domain users(100513) MCS_label=N/A
   Priority=18543761 Nice=0 Account=ewi-insy-ii-influence QOS=medium
   JobState=RUNNING Reason=None Dependency=(null)
   Requeue=0 Restarts=0 BatchFlag=1 Reboot=0 ExitCode=0:0
   DerivedExitCode=0:0
   RunTime=00:00:00 TimeLimit=12:30:00 TimeMin=N/A
   SubmitTime=2023-08-03T03:29:54 EligibleTime=2023-08-03T03:29:54
   AccrueTime=2023-08-03T03:29:54
   StartTime=2023-08-03T03:30:08 EndTime=2023-08-03T16:00:08 Deadline=N/A
   SuspendTime=None SecsPreSuspend=0 LastSchedEval=2023-08-03T03:30:08 Scheduler=Backfill
   Partition=general AllocNode:Sid=login1:13930
   ReqNodeList=(null) ExcNodeList=(null)
   NodeList=awi[16-18]
   BatchHost=awi16
   NumNodes=3 NumCPUs=100 NumTasks=50 CPUs/Task=2 ReqB:S:C:T=0:0:*:*
   TRES=cpu=100,mem=8400M,node=3,billing=50
   Socks/Node=* NtasksPerN:B:S:C=0:0:*:* CoreSpec=*
   JOB_GRES=(null)
     Nodes=awi16 CPU_IDs=38-55 Mem=1512 GRES=
     Nodes=awi17 CPU_IDs=0-55 Mem=4704 GRES=
     Nodes=awi18 CPU_IDs=0-25 Mem=2184 GRES=
   MinCPUsNode=2 MinMemoryCPU=84M MinTmpDiskNode=0
   Features=(null) DelayBoot=00:00:00
   OverSubscribe=OK Contiguous=0 Licenses=(null) Network=(null)
   Command=/winhome/koner/Desktop/MCTS-Time-Management/jobscripts/parametrized_frozenlake_dataset.sbatch
   WorkDir=/winhome/koner/Desktop/MCTS-Time-Management/jobscripts
   StdErr=/winhome/koner/Desktop/MCTS-Time-Management/jobscripts/slurm-8616704.out
   StdIn=/dev/null
   StdOut=/winhome/koner/Desktop/MCTS-Time-Management/jobscripts/slurm-8616704.out
   Power=
   MailUser=koner MailType=END
   

srun: Warning: can't run 1 processes on 3 nodes, setting nnodes to 1
srun: Warning: can't run 1 processes on 3 nodes, setting nnodes to 1
srun: Warning: can't run 1 processes on 3 nodes, setting nnodes to 1
srun: Warning: can't run 1 processes on 3 nodes, setting nnodes to 1
srun: Warning: can't run 1 processes on 3 nodes, setting nnodes to 1
srun: Warning: can't run 1 processes on 3 nodes, setting nnodes to 1
srun: Warning: can't run 1 processes on 3 nodes, setting nnodes to 1
srun: Warning: can't run 1 processes on 3 nodes, setting nnodes to 1
srun: Warning: can't run 1 processes on 3 nodes, setting nnodes to 1
srun: Warning: can't run 1 processes on 3 nodes, setting nnodes to 1
srun: Warning: can't run 1 processes on 3 nodes, setting nnodes to 1
srun: Warning: can't run 1 processes on 3 nodes, setting nnodes to 1
srun: Warning: can't run 1 processes on 3 nodes, setting nnodes to 1
srun: Warning: can't run 1 processes on 3 nodes, setting nnodes to 1
srun: Warning: can't run 1 processes on 3 nodes, setting nnodes to 1
srun: Warning: can't run 1 processes on 3 nodes, setting nnodes to 1
srun: Warning: can't run 1 processes on 3 nodes, setting nnodes to 1
srun: Warning: can't run 1 processes on 3 nodes, setting nnodes to 1
srun: Warning: can't run 1 processes on 3 nodes, setting nnodes to 1
srun: Warning: can't run 1 processes on 3 nodes, setting nnodes to 1
srun: Warning: can't run 1 processes on 3 nodes, setting nnodes to 1
srun: Warning: can't run 1 processes on 3 nodes, setting nnodes to 1
srun: Warning: can't run 1 processes on 3 nodes, setting nnodes to 1
srun: Warning: can't run 1 processes on 3 nodes, setting nnodes to 1
srun: Warning: can't run 1 processes on 3 nodes, setting nnodes to 1
srun: Warning: can't run 1 processes on 3 nodes, setting nnodes to 1
srun: Warning: can't run 1 processes on 3 nodes, setting nnodes to 1
srun: Warning: can't run 1 processes on 3 nodes, setting nnodes to 1
srun: Warning: can't run 1 processes on 3 nodes, setting nnodes to 1
srun: Warning: can't run 1 processes on 3 nodes, setting nnodes to 1
srun: Warning: can't run 1 processes on 3 nodes, setting nnodes to 1
srun: Warning: can't run 1 processes on 3 nodes, setting nnodes to 1
srun: Warning: can't run 1 processes on 3 nodes, setting nnodes to 1
srun: Warning: can't run 1 processes on 3 nodes, setting nnodes to 1
srun: Warning: can't run 1 processes on 3 nodes, setting nnodes to 1
srun: Warning: can't run 1 processes on 3 nodes, setting nnodes to 1
srun: Warning: can't run 1 processes on 3 nodes, setting nnodes to 1
srun: Warning: can't run 1 processes on 3 nodes, setting nnodes to 1
srun: Warning: can't run 1 processes on 3 nodes, setting nnodes to 1
srun: Warning: can't run 1 processes on 3 nodes, setting nnodes to 1
srun: Warning: can't run 1 processes on 3 nodes, setting nnodes to 1
srun: Warning: can't run 1 processes on 3 nodes, setting nnodes to 1
srun: Warning: can't run 1 processes on 3 nodes, setting nnodes to 1
srun: Warning: can't run 1 processes on 3 nodes, setting nnodes to 1
srun: Warning: can't run 1 processes on 3 nodes, setting nnodes to 1
srun: Warning: can't run 1 processes on 3 nodes, setting nnodes to 1
srun: Warning: can't run 1 processes on 3 nodes, setting nnodes to 1
srun: Warning: can't run 1 processes on 3 nodes, setting nnodes to 1
srun: Warning: can't run 1 processes on 3 nodes, setting nnodes to 1
srun: Warning: can't run 1 processes on 3 nodes, setting nnodes to 1
Parametrized_Cluster_4_500_s100-400_t1_m6-6_FrozenLake-v1: 75/750
Parametrized_Cluster_4_500_s100-400_t1_m6-6_FrozenLake-v1: 150/750
Parametrized_Cluster_4_500_s100-400_t1_m6-6_FrozenLake-v1: 225/750
Parametrized_Cluster_4_500_s100-400_t1_m6-6_FrozenLake-v1: 300/750
Parametrized_Cluster_4_500_s100-400_t1_m6-6_FrozenLake-v1: 375/750
Parametrized_Cluster_4_500_s100-400_t1_m6-6_FrozenLake-v1: 450/750
Parametrized_Cluster_4_500_s100-400_t1_m6-6_FrozenLake-v1: 525/750
Parametrized_Cluster_4_500_s100-400_t1_m6-6_FrozenLake-v1: 600/750
Parametrized_Cluster_4_500_s100-400_t1_m6-6_FrozenLake-v1: 675/750
Parametrized_Cluster_4_500_s100-400_t1_m6-6_FrozenLake-v1: 750/750
Parametrized_Cluster_35_500_s100-400_t1_m6-6_FrozenLake-v1: 75/750
Parametrized_Cluster_35_500_s100-400_t1_m6-6_FrozenLake-v1: 150/750
Parametrized_Cluster_35_500_s100-400_t1_m6-6_FrozenLake-v1: 225/750
Parametrized_Cluster_35_500_s100-400_t1_m6-6_FrozenLake-v1: 300/750
Parametrized_Cluster_35_500_s100-400_t1_m6-6_FrozenLake-v1: 375/750
Parametrized_Cluster_35_500_s100-400_t1_m6-6_FrozenLake-v1: 450/750
Parametrized_Cluster_35_500_s100-400_t1_m6-6_FrozenLake-v1: 525/750
Parametrized_Cluster_35_500_s100-400_t1_m6-6_FrozenLake-v1: 600/750
Parametrized_Cluster_35_500_s100-400_t1_m6-6_FrozenLake-v1: 675/750
Parametrized_Cluster_35_500_s100-400_t1_m6-6_FrozenLake-v1: 750/750
Parametrized_Cluster_15_500_s100-400_t1_m6-6_FrozenLake-v1: 75/750
Parametrized_Cluster_15_500_s100-400_t1_m6-6_FrozenLake-v1: 150/750
Parametrized_Cluster_15_500_s100-400_t1_m6-6_FrozenLake-v1: 225/750
Parametrized_Cluster_15_500_s100-400_t1_m6-6_FrozenLake-v1: 300/750
Parametrized_Cluster_15_500_s100-400_t1_m6-6_FrozenLake-v1: 375/750
Parametrized_Cluster_15_500_s100-400_t1_m6-6_FrozenLake-v1: 450/750
Parametrized_Cluster_15_500_s100-400_t1_m6-6_FrozenLake-v1: 525/750
Parametrized_Cluster_15_500_s100-400_t1_m6-6_FrozenLake-v1: 600/750
Parametrized_Cluster_15_500_s100-400_t1_m6-6_FrozenLake-v1: 675/750
Parametrized_Cluster_15_500_s100-400_t1_m6-6_FrozenLake-v1: 750/750
Parametrized_Cluster_19_500_s100-400_t1_m6-6_FrozenLake-v1: 75/750
Parametrized_Cluster_19_500_s100-400_t1_m6-6_FrozenLake-v1: 150/750
Parametrized_Cluster_19_500_s100-400_t1_m6-6_FrozenLake-v1: 225/750
Parametrized_Cluster_19_500_s100-400_t1_m6-6_FrozenLake-v1: 300/750
Parametrized_Cluster_19_500_s100-400_t1_m6-6_FrozenLake-v1: 375/750
Parametrized_Cluster_19_500_s100-400_t1_m6-6_FrozenLake-v1: 450/750
Parametrized_Cluster_19_500_s100-400_t1_m6-6_FrozenLake-v1: 525/750
Parametrized_Cluster_19_500_s100-400_t1_m6-6_FrozenLake-v1: 600/750
Parametrized_Cluster_19_500_s100-400_t1_m6-6_FrozenLake-v1: 675/750
Parametrized_Cluster_19_500_s100-400_t1_m6-6_FrozenLake-v1: 750/750
Parametrized_Cluster_25_500_s100-400_t1_m6-6_FrozenLake-v1: 75/750
Parametrized_Cluster_25_500_s100-400_t1_m6-6_FrozenLake-v1: 150/750
Parametrized_Cluster_25_500_s100-400_t1_m6-6_FrozenLake-v1: 225/750
Parametrized_Cluster_25_500_s100-400_t1_m6-6_FrozenLake-v1: 300/750
Parametrized_Cluster_25_500_s100-400_t1_m6-6_FrozenLake-v1: 375/750
Parametrized_Cluster_25_500_s100-400_t1_m6-6_FrozenLake-v1: 450/750
Parametrized_Cluster_25_500_s100-400_t1_m6-6_FrozenLake-v1: 525/750
Parametrized_Cluster_25_500_s100-400_t1_m6-6_FrozenLake-v1: 600/750
Parametrized_Cluster_25_500_s100-400_t1_m6-6_FrozenLake-v1: 675/750
Parametrized_Cluster_25_500_s100-400_t1_m6-6_FrozenLake-v1: 750/750
Parametrized_Cluster_44_500_s100-400_t1_m6-6_FrozenLake-v1: 75/750
Parametrized_Cluster_44_500_s100-400_t1_m6-6_FrozenLake-v1: 150/750
Parametrized_Cluster_44_500_s100-400_t1_m6-6_FrozenLake-v1: 225/750
Parametrized_Cluster_44_500_s100-400_t1_m6-6_FrozenLake-v1: 300/750
Parametrized_Cluster_44_500_s100-400_t1_m6-6_FrozenLake-v1: 375/750
Parametrized_Cluster_44_500_s100-400_t1_m6-6_FrozenLake-v1: 450/750
Parametrized_Cluster_44_500_s100-400_t1_m6-6_FrozenLake-v1: 525/750
Parametrized_Cluster_44_500_s100-400_t1_m6-6_FrozenLake-v1: 600/750
Parametrized_Cluster_44_500_s100-400_t1_m6-6_FrozenLake-v1: 675/750
Parametrized_Cluster_44_500_s100-400_t1_m6-6_FrozenLake-v1: 750/750
Parametrized_Cluster_50_500_s100-400_t1_m6-6_FrozenLake-v1: 75/750
Parametrized_Cluster_50_500_s100-400_t1_m6-6_FrozenLake-v1: 150/750
Parametrized_Cluster_50_500_s100-400_t1_m6-6_FrozenLake-v1: 225/750
Parametrized_Cluster_50_500_s100-400_t1_m6-6_FrozenLake-v1: 300/750
Parametrized_Cluster_50_500_s100-400_t1_m6-6_FrozenLake-v1: 375/750
Parametrized_Cluster_50_500_s100-400_t1_m6-6_FrozenLake-v1: 450/750
Parametrized_Cluster_50_500_s100-400_t1_m6-6_FrozenLake-v1: 525/750
Parametrized_Cluster_50_500_s100-400_t1_m6-6_FrozenLake-v1: 600/750
Parametrized_Cluster_50_500_s100-400_t1_m6-6_FrozenLake-v1: 675/750
Parametrized_Cluster_50_500_s100-400_t1_m6-6_FrozenLake-v1: 750/750
Parametrized_Cluster_21_500_s100-400_t1_m6-6_FrozenLake-v1: 75/750
Parametrized_Cluster_21_500_s100-400_t1_m6-6_FrozenLake-v1: 150/750
Parametrized_Cluster_21_500_s100-400_t1_m6-6_FrozenLake-v1: 225/750
Parametrized_Cluster_21_500_s100-400_t1_m6-6_FrozenLake-v1: 300/750
Parametrized_Cluster_21_500_s100-400_t1_m6-6_FrozenLake-v1: 375/750
Parametrized_Cluster_21_500_s100-400_t1_m6-6_FrozenLake-v1: 450/750
Parametrized_Cluster_21_500_s100-400_t1_m6-6_FrozenLake-v1: 525/750
Parametrized_Cluster_21_500_s100-400_t1_m6-6_FrozenLake-v1: 600/750
Parametrized_Cluster_21_500_s100-400_t1_m6-6_FrozenLake-v1: 675/750
Parametrized_Cluster_21_500_s100-400_t1_m6-6_FrozenLake-v1: 750/750
Parametrized_Cluster_9_500_s100-400_t1_m6-6_FrozenLake-v1: 75/750
Parametrized_Cluster_9_500_s100-400_t1_m6-6_FrozenLake-v1: 150/750
Parametrized_Cluster_9_500_s100-400_t1_m6-6_FrozenLake-v1: 225/750
Parametrized_Cluster_9_500_s100-400_t1_m6-6_FrozenLake-v1: 300/750
Parametrized_Cluster_9_500_s100-400_t1_m6-6_FrozenLake-v1: 375/750
Parametrized_Cluster_9_500_s100-400_t1_m6-6_FrozenLake-v1: 450/750
Parametrized_Cluster_9_500_s100-400_t1_m6-6_FrozenLake-v1: 525/750
Parametrized_Cluster_9_500_s100-400_t1_m6-6_FrozenLake-v1: 600/750
Parametrized_Cluster_9_500_s100-400_t1_m6-6_FrozenLake-v1: 675/750
Parametrized_Cluster_9_500_s100-400_t1_m6-6_FrozenLake-v1: 750/750
Parametrized_Cluster_6_500_s100-400_t1_m6-6_FrozenLake-v1: 75/750
Parametrized_Cluster_6_500_s100-400_t1_m6-6_FrozenLake-v1: 150/750
Parametrized_Cluster_6_500_s100-400_t1_m6-6_FrozenLake-v1: 225/750
Parametrized_Cluster_6_500_s100-400_t1_m6-6_FrozenLake-v1: 300/750
Parametrized_Cluster_6_500_s100-400_t1_m6-6_FrozenLake-v1: 375/750
Parametrized_Cluster_6_500_s100-400_t1_m6-6_FrozenLake-v1: 450/750
Parametrized_Cluster_6_500_s100-400_t1_m6-6_FrozenLake-v1: 525/750
Parametrized_Cluster_6_500_s100-400_t1_m6-6_FrozenLake-v1: 600/750
Parametrized_Cluster_6_500_s100-400_t1_m6-6_FrozenLake-v1: 675/750
Parametrized_Cluster_6_500_s100-400_t1_m6-6_FrozenLake-v1: 750/750
Parametrized_Cluster_23_500_s100-400_t1_m6-6_FrozenLake-v1: 75/750
Parametrized_Cluster_23_500_s100-400_t1_m6-6_FrozenLake-v1: 150/750
Parametrized_Cluster_23_500_s100-400_t1_m6-6_FrozenLake-v1: 225/750
Parametrized_Cluster_23_500_s100-400_t1_m6-6_FrozenLake-v1: 300/750
Parametrized_Cluster_23_500_s100-400_t1_m6-6_FrozenLake-v1: 375/750
Parametrized_Cluster_23_500_s100-400_t1_m6-6_FrozenLake-v1: 450/750
Parametrized_Cluster_23_500_s100-400_t1_m6-6_FrozenLake-v1: 525/750
Parametrized_Cluster_23_500_s100-400_t1_m6-6_FrozenLake-v1: 600/750
Parametrized_Cluster_23_500_s100-400_t1_m6-6_FrozenLake-v1: 675/750
Parametrized_Cluster_23_500_s100-400_t1_m6-6_FrozenLake-v1: 750/750
Parametrized_Cluster_27_500_s100-400_t1_m6-6_FrozenLake-v1: 75/750
Parametrized_Cluster_27_500_s100-400_t1_m6-6_FrozenLake-v1: 150/750
Parametrized_Cluster_27_500_s100-400_t1_m6-6_FrozenLake-v1: 225/750
Parametrized_Cluster_27_500_s100-400_t1_m6-6_FrozenLake-v1: 300/750
Parametrized_Cluster_27_500_s100-400_t1_m6-6_FrozenLake-v1: 375/750
Parametrized_Cluster_27_500_s100-400_t1_m6-6_FrozenLake-v1: 450/750
Parametrized_Cluster_27_500_s100-400_t1_m6-6_FrozenLake-v1: 525/750
Parametrized_Cluster_27_500_s100-400_t1_m6-6_FrozenLake-v1: 600/750
Parametrized_Cluster_27_500_s100-400_t1_m6-6_FrozenLake-v1: 675/750
Parametrized_Cluster_27_500_s100-400_t1_m6-6_FrozenLake-v1: 750/750
Parametrized_Cluster_8_500_s100-400_t1_m6-6_FrozenLake-v1: 75/750
Parametrized_Cluster_8_500_s100-400_t1_m6-6_FrozenLake-v1: 150/750
Parametrized_Cluster_8_500_s100-400_t1_m6-6_FrozenLake-v1: 225/750
Parametrized_Cluster_8_500_s100-400_t1_m6-6_FrozenLake-v1: 300/750
Parametrized_Cluster_8_500_s100-400_t1_m6-6_FrozenLake-v1: 375/750
Parametrized_Cluster_8_500_s100-400_t1_m6-6_FrozenLake-v1: 450/750
Parametrized_Cluster_8_500_s100-400_t1_m6-6_FrozenLake-v1: 525/750
Parametrized_Cluster_8_500_s100-400_t1_m6-6_FrozenLake-v1: 600/750
Parametrized_Cluster_8_500_s100-400_t1_m6-6_FrozenLake-v1: 675/750
Parametrized_Cluster_8_500_s100-400_t1_m6-6_FrozenLake-v1: 750/750
Parametrized_Cluster_46_500_s100-400_t1_m6-6_FrozenLake-v1: 75/750
Parametrized_Cluster_46_500_s100-400_t1_m6-6_FrozenLake-v1: 150/750
Parametrized_Cluster_46_500_s100-400_t1_m6-6_FrozenLake-v1: 225/750
Parametrized_Cluster_46_500_s100-400_t1_m6-6_FrozenLake-v1: 300/750
Parametrized_Cluster_46_500_s100-400_t1_m6-6_FrozenLake-v1: 375/750
Parametrized_Cluster_46_500_s100-400_t1_m6-6_FrozenLake-v1: 450/750
Parametrized_Cluster_46_500_s100-400_t1_m6-6_FrozenLake-v1: 525/750
Parametrized_Cluster_46_500_s100-400_t1_m6-6_FrozenLake-v1: 600/750
Parametrized_Cluster_46_500_s100-400_t1_m6-6_FrozenLake-v1: 675/750
Parametrized_Cluster_46_500_s100-400_t1_m6-6_FrozenLake-v1: 750/750
Parametrized_Cluster_39_500_s100-400_t1_m6-6_FrozenLake-v1: 75/750
Parametrized_Cluster_39_500_s100-400_t1_m6-6_FrozenLake-v1: 150/750
Parametrized_Cluster_39_500_s100-400_t1_m6-6_FrozenLake-v1: 225/750
Parametrized_Cluster_39_500_s100-400_t1_m6-6_FrozenLake-v1: 300/750
Parametrized_Cluster_39_500_s100-400_t1_m6-6_FrozenLake-v1: 375/750
Parametrized_Cluster_39_500_s100-400_t1_m6-6_FrozenLake-v1: 450/750
Parametrized_Cluster_39_500_s100-400_t1_m6-6_FrozenLake-v1: 525/750
Parametrized_Cluster_39_500_s100-400_t1_m6-6_FrozenLake-v1: 600/750
Parametrized_Cluster_39_500_s100-400_t1_m6-6_FrozenLake-v1: 675/750
Parametrized_Cluster_39_500_s100-400_t1_m6-6_FrozenLake-v1: 750/750
Parametrized_Cluster_3_500_s100-400_t1_m6-6_FrozenLake-v1: 75/750
Parametrized_Cluster_3_500_s100-400_t1_m6-6_FrozenLake-v1: 150/750
Parametrized_Cluster_3_500_s100-400_t1_m6-6_FrozenLake-v1: 225/750
Parametrized_Cluster_3_500_s100-400_t1_m6-6_FrozenLake-v1: 300/750
Parametrized_Cluster_3_500_s100-400_t1_m6-6_FrozenLake-v1: 375/750
Parametrized_Cluster_3_500_s100-400_t1_m6-6_FrozenLake-v1: 450/750
Parametrized_Cluster_3_500_s100-400_t1_m6-6_FrozenLake-v1: 525/750
Parametrized_Cluster_3_500_s100-400_t1_m6-6_FrozenLake-v1: 600/750
Parametrized_Cluster_3_500_s100-400_t1_m6-6_FrozenLake-v1: 675/750
Parametrized_Cluster_3_500_s100-400_t1_m6-6_FrozenLake-v1: 750/750
Parametrized_Cluster_16_500_s100-400_t1_m6-6_FrozenLake-v1: 75/750
Parametrized_Cluster_16_500_s100-400_t1_m6-6_FrozenLake-v1: 150/750
Parametrized_Cluster_16_500_s100-400_t1_m6-6_FrozenLake-v1: 225/750
Parametrized_Cluster_16_500_s100-400_t1_m6-6_FrozenLake-v1: 300/750
Parametrized_Cluster_16_500_s100-400_t1_m6-6_FrozenLake-v1: 375/750
Parametrized_Cluster_16_500_s100-400_t1_m6-6_FrozenLake-v1: 450/750
Parametrized_Cluster_16_500_s100-400_t1_m6-6_FrozenLake-v1: 525/750
Parametrized_Cluster_16_500_s100-400_t1_m6-6_FrozenLake-v1: 600/750
Parametrized_Cluster_16_500_s100-400_t1_m6-6_FrozenLake-v1: 675/750
Parametrized_Cluster_16_500_s100-400_t1_m6-6_FrozenLake-v1: 750/750
Parametrized_Cluster_41_500_s100-400_t1_m6-6_FrozenLake-v1: 75/750
Parametrized_Cluster_41_500_s100-400_t1_m6-6_FrozenLake-v1: 150/750
Parametrized_Cluster_41_500_s100-400_t1_m6-6_FrozenLake-v1: 225/750
Parametrized_Cluster_41_500_s100-400_t1_m6-6_FrozenLake-v1: 300/750
Parametrized_Cluster_41_500_s100-400_t1_m6-6_FrozenLake-v1: 375/750
Parametrized_Cluster_41_500_s100-400_t1_m6-6_FrozenLake-v1: 450/750
Parametrized_Cluster_41_500_s100-400_t1_m6-6_FrozenLake-v1: 525/750
Parametrized_Cluster_41_500_s100-400_t1_m6-6_FrozenLake-v1: 600/750
Parametrized_Cluster_41_500_s100-400_t1_m6-6_FrozenLake-v1: 675/750
Parametrized_Cluster_41_500_s100-400_t1_m6-6_FrozenLake-v1: 750/750
Parametrized_Cluster_22_500_s100-400_t1_m6-6_FrozenLake-v1: 75/750
Parametrized_Cluster_22_500_s100-400_t1_m6-6_FrozenLake-v1: 150/750
Parametrized_Cluster_22_500_s100-400_t1_m6-6_FrozenLake-v1: 225/750
Parametrized_Cluster_22_500_s100-400_t1_m6-6_FrozenLake-v1: 300/750
Parametrized_Cluster_22_500_s100-400_t1_m6-6_FrozenLake-v1: 375/750
Parametrized_Cluster_22_500_s100-400_t1_m6-6_FrozenLake-v1: 450/750
Parametrized_Cluster_22_500_s100-400_t1_m6-6_FrozenLake-v1: 525/750
Parametrized_Cluster_22_500_s100-400_t1_m6-6_FrozenLake-v1: 600/750
Parametrized_Cluster_22_500_s100-400_t1_m6-6_FrozenLake-v1: 675/750
Parametrized_Cluster_22_500_s100-400_t1_m6-6_FrozenLake-v1: 750/750
Parametrized_Cluster_26_500_s100-400_t1_m6-6_FrozenLake-v1: 75/750
Parametrized_Cluster_26_500_s100-400_t1_m6-6_FrozenLake-v1: 150/750
Parametrized_Cluster_26_500_s100-400_t1_m6-6_FrozenLake-v1: 225/750
Parametrized_Cluster_26_500_s100-400_t1_m6-6_FrozenLake-v1: 300/750
Parametrized_Cluster_26_500_s100-400_t1_m6-6_FrozenLake-v1: 375/750
Parametrized_Cluster_26_500_s100-400_t1_m6-6_FrozenLake-v1: 450/750
Parametrized_Cluster_26_500_s100-400_t1_m6-6_FrozenLake-v1: 525/750
Parametrized_Cluster_26_500_s100-400_t1_m6-6_FrozenLake-v1: 600/750
Parametrized_Cluster_26_500_s100-400_t1_m6-6_FrozenLake-v1: 675/750
Parametrized_Cluster_26_500_s100-400_t1_m6-6_FrozenLake-v1: 750/750
Parametrized_Cluster_28_500_s100-400_t1_m6-6_FrozenLake-v1: 75/750
Parametrized_Cluster_28_500_s100-400_t1_m6-6_FrozenLake-v1: 150/750
Parametrized_Cluster_28_500_s100-400_t1_m6-6_FrozenLake-v1: 225/750
Parametrized_Cluster_28_500_s100-400_t1_m6-6_FrozenLake-v1: 300/750
Parametrized_Cluster_28_500_s100-400_t1_m6-6_FrozenLake-v1: 375/750
Parametrized_Cluster_28_500_s100-400_t1_m6-6_FrozenLake-v1: 450/750
Parametrized_Cluster_28_500_s100-400_t1_m6-6_FrozenLake-v1: 525/750
Parametrized_Cluster_28_500_s100-400_t1_m6-6_FrozenLake-v1: 600/750
Parametrized_Cluster_28_500_s100-400_t1_m6-6_FrozenLake-v1: 675/750
Parametrized_Cluster_28_500_s100-400_t1_m6-6_FrozenLake-v1: 750/750
Parametrized_Cluster_17_500_s100-400_t1_m6-6_FrozenLake-v1: 75/750
Parametrized_Cluster_17_500_s100-400_t1_m6-6_FrozenLake-v1: 150/750
Parametrized_Cluster_17_500_s100-400_t1_m6-6_FrozenLake-v1: 225/750
Parametrized_Cluster_17_500_s100-400_t1_m6-6_FrozenLake-v1: 300/750
Parametrized_Cluster_17_500_s100-400_t1_m6-6_FrozenLake-v1: 375/750
Parametrized_Cluster_17_500_s100-400_t1_m6-6_FrozenLake-v1: 450/750
Parametrized_Cluster_17_500_s100-400_t1_m6-6_FrozenLake-v1: 525/750
Parametrized_Cluster_17_500_s100-400_t1_m6-6_FrozenLake-v1: 600/750
Parametrized_Cluster_17_500_s100-400_t1_m6-6_FrozenLake-v1: 675/750
Parametrized_Cluster_17_500_s100-400_t1_m6-6_FrozenLake-v1: 750/750
Parametrized_Cluster_10_500_s100-400_t1_m6-6_FrozenLake-v1: 75/750
Parametrized_Cluster_10_500_s100-400_t1_m6-6_FrozenLake-v1: 150/750
Parametrized_Cluster_10_500_s100-400_t1_m6-6_FrozenLake-v1: 225/750
Parametrized_Cluster_10_500_s100-400_t1_m6-6_FrozenLake-v1: 300/750
Parametrized_Cluster_10_500_s100-400_t1_m6-6_FrozenLake-v1: 375/750
Parametrized_Cluster_10_500_s100-400_t1_m6-6_FrozenLake-v1: 450/750
Parametrized_Cluster_10_500_s100-400_t1_m6-6_FrozenLake-v1: 525/750
Parametrized_Cluster_10_500_s100-400_t1_m6-6_FrozenLake-v1: 600/750
Parametrized_Cluster_10_500_s100-400_t1_m6-6_FrozenLake-v1: 675/750
Parametrized_Cluster_10_500_s100-400_t1_m6-6_FrozenLake-v1: 750/750
Parametrized_Cluster_2_500_s100-400_t1_m6-6_FrozenLake-v1: 75/750
Parametrized_Cluster_2_500_s100-400_t1_m6-6_FrozenLake-v1: 150/750
Parametrized_Cluster_2_500_s100-400_t1_m6-6_FrozenLake-v1: 225/750
Parametrized_Cluster_2_500_s100-400_t1_m6-6_FrozenLake-v1: 300/750
Parametrized_Cluster_2_500_s100-400_t1_m6-6_FrozenLake-v1: 375/750
Parametrized_Cluster_2_500_s100-400_t1_m6-6_FrozenLake-v1: 450/750
Parametrized_Cluster_2_500_s100-400_t1_m6-6_FrozenLake-v1: 525/750
Parametrized_Cluster_2_500_s100-400_t1_m6-6_FrozenLake-v1: 600/750
Parametrized_Cluster_2_500_s100-400_t1_m6-6_FrozenLake-v1: 675/750
Parametrized_Cluster_2_500_s100-400_t1_m6-6_FrozenLake-v1: 750/750
Parametrized_Cluster_49_500_s100-400_t1_m6-6_FrozenLake-v1: 75/750
Parametrized_Cluster_49_500_s100-400_t1_m6-6_FrozenLake-v1: 150/750
Parametrized_Cluster_49_500_s100-400_t1_m6-6_FrozenLake-v1: 225/750
Parametrized_Cluster_49_500_s100-400_t1_m6-6_FrozenLake-v1: 300/750
Parametrized_Cluster_49_500_s100-400_t1_m6-6_FrozenLake-v1: 375/750
Parametrized_Cluster_49_500_s100-400_t1_m6-6_FrozenLake-v1: 450/750
Parametrized_Cluster_49_500_s100-400_t1_m6-6_FrozenLake-v1: 525/750
Parametrized_Cluster_49_500_s100-400_t1_m6-6_FrozenLake-v1: 600/750
Parametrized_Cluster_49_500_s100-400_t1_m6-6_FrozenLake-v1: 675/750
Parametrized_Cluster_49_500_s100-400_t1_m6-6_FrozenLake-v1: 750/750
Parametrized_Cluster_13_500_s100-400_t1_m6-6_FrozenLake-v1: 75/750
Parametrized_Cluster_13_500_s100-400_t1_m6-6_FrozenLake-v1: 150/750
Parametrized_Cluster_13_500_s100-400_t1_m6-6_FrozenLake-v1: 225/750
Parametrized_Cluster_13_500_s100-400_t1_m6-6_FrozenLake-v1: 300/750
Parametrized_Cluster_13_500_s100-400_t1_m6-6_FrozenLake-v1: 375/750
Parametrized_Cluster_13_500_s100-400_t1_m6-6_FrozenLake-v1: 450/750
Parametrized_Cluster_13_500_s100-400_t1_m6-6_FrozenLake-v1: 525/750
Parametrized_Cluster_13_500_s100-400_t1_m6-6_FrozenLake-v1: 600/750
Parametrized_Cluster_13_500_s100-400_t1_m6-6_FrozenLake-v1: 675/750
Parametrized_Cluster_13_500_s100-400_t1_m6-6_FrozenLake-v1: 750/750
Parametrized_Cluster_45_500_s100-400_t1_m6-6_FrozenLake-v1: 75/750
Parametrized_Cluster_45_500_s100-400_t1_m6-6_FrozenLake-v1: 150/750
Parametrized_Cluster_45_500_s100-400_t1_m6-6_FrozenLake-v1: 225/750
Parametrized_Cluster_45_500_s100-400_t1_m6-6_FrozenLake-v1: 300/750
Parametrized_Cluster_45_500_s100-400_t1_m6-6_FrozenLake-v1: 375/750
Parametrized_Cluster_45_500_s100-400_t1_m6-6_FrozenLake-v1: 450/750
Parametrized_Cluster_45_500_s100-400_t1_m6-6_FrozenLake-v1: 525/750
Parametrized_Cluster_45_500_s100-400_t1_m6-6_FrozenLake-v1: 600/750
Parametrized_Cluster_45_500_s100-400_t1_m6-6_FrozenLake-v1: 675/750
Parametrized_Cluster_45_500_s100-400_t1_m6-6_FrozenLake-v1: 750/750
Parametrized_Cluster_1_500_s100-400_t1_m6-6_FrozenLake-v1: 75/750
Parametrized_Cluster_1_500_s100-400_t1_m6-6_FrozenLake-v1: 150/750
Parametrized_Cluster_1_500_s100-400_t1_m6-6_FrozenLake-v1: 225/750
Parametrized_Cluster_1_500_s100-400_t1_m6-6_FrozenLake-v1: 300/750
Parametrized_Cluster_1_500_s100-400_t1_m6-6_FrozenLake-v1: 375/750
Parametrized_Cluster_1_500_s100-400_t1_m6-6_FrozenLake-v1: 450/750
Parametrized_Cluster_1_500_s100-400_t1_m6-6_FrozenLake-v1: 525/750
Parametrized_Cluster_1_500_s100-400_t1_m6-6_FrozenLake-v1: 600/750
Parametrized_Cluster_1_500_s100-400_t1_m6-6_FrozenLake-v1: 675/750
Parametrized_Cluster_1_500_s100-400_t1_m6-6_FrozenLake-v1: 750/750
Parametrized_Cluster_7_500_s100-400_t1_m6-6_FrozenLake-v1: 75/750
Parametrized_Cluster_7_500_s100-400_t1_m6-6_FrozenLake-v1: 150/750
Parametrized_Cluster_7_500_s100-400_t1_m6-6_FrozenLake-v1: 225/750
Parametrized_Cluster_7_500_s100-400_t1_m6-6_FrozenLake-v1: 300/750
Parametrized_Cluster_7_500_s100-400_t1_m6-6_FrozenLake-v1: 375/750
Parametrized_Cluster_7_500_s100-400_t1_m6-6_FrozenLake-v1: 450/750
Parametrized_Cluster_7_500_s100-400_t1_m6-6_FrozenLake-v1: 525/750
Parametrized_Cluster_7_500_s100-400_t1_m6-6_FrozenLake-v1: 600/750
Parametrized_Cluster_7_500_s100-400_t1_m6-6_FrozenLake-v1: 675/750
Parametrized_Cluster_7_500_s100-400_t1_m6-6_FrozenLake-v1: 750/750
Parametrized_Cluster_30_500_s100-400_t1_m6-6_FrozenLake-v1: 75/750
Parametrized_Cluster_30_500_s100-400_t1_m6-6_FrozenLake-v1: 150/750
Parametrized_Cluster_30_500_s100-400_t1_m6-6_FrozenLake-v1: 225/750
Parametrized_Cluster_30_500_s100-400_t1_m6-6_FrozenLake-v1: 300/750
Parametrized_Cluster_30_500_s100-400_t1_m6-6_FrozenLake-v1: 375/750
Parametrized_Cluster_30_500_s100-400_t1_m6-6_FrozenLake-v1: 450/750
Parametrized_Cluster_30_500_s100-400_t1_m6-6_FrozenLake-v1: 525/750
Parametrized_Cluster_30_500_s100-400_t1_m6-6_FrozenLake-v1: 600/750
Parametrized_Cluster_30_500_s100-400_t1_m6-6_FrozenLake-v1: 675/750
Parametrized_Cluster_30_500_s100-400_t1_m6-6_FrozenLake-v1: 750/750
Parametrized_Cluster_42_500_s100-400_t1_m6-6_FrozenLake-v1: 75/750
Parametrized_Cluster_42_500_s100-400_t1_m6-6_FrozenLake-v1: 150/750
Parametrized_Cluster_42_500_s100-400_t1_m6-6_FrozenLake-v1: 225/750
Parametrized_Cluster_42_500_s100-400_t1_m6-6_FrozenLake-v1: 300/750
Parametrized_Cluster_42_500_s100-400_t1_m6-6_FrozenLake-v1: 375/750
Parametrized_Cluster_42_500_s100-400_t1_m6-6_FrozenLake-v1: 450/750
Parametrized_Cluster_42_500_s100-400_t1_m6-6_FrozenLake-v1: 525/750
Parametrized_Cluster_42_500_s100-400_t1_m6-6_FrozenLake-v1: 600/750
Parametrized_Cluster_42_500_s100-400_t1_m6-6_FrozenLake-v1: 675/750
Parametrized_Cluster_42_500_s100-400_t1_m6-6_FrozenLake-v1: 750/750
Parametrized_Cluster_34_500_s100-400_t1_m6-6_FrozenLake-v1: 75/750
Parametrized_Cluster_34_500_s100-400_t1_m6-6_FrozenLake-v1: 150/750
Parametrized_Cluster_34_500_s100-400_t1_m6-6_FrozenLake-v1: 225/750
Parametrized_Cluster_34_500_s100-400_t1_m6-6_FrozenLake-v1: 300/750
Parametrized_Cluster_34_500_s100-400_t1_m6-6_FrozenLake-v1: 375/750
Parametrized_Cluster_34_500_s100-400_t1_m6-6_FrozenLake-v1: 450/750
Parametrized_Cluster_34_500_s100-400_t1_m6-6_FrozenLake-v1: 525/750
Parametrized_Cluster_34_500_s100-400_t1_m6-6_FrozenLake-v1: 600/750
Parametrized_Cluster_34_500_s100-400_t1_m6-6_FrozenLake-v1: 675/750
Parametrized_Cluster_34_500_s100-400_t1_m6-6_FrozenLake-v1: 750/750
Parametrized_Cluster_18_500_s100-400_t1_m6-6_FrozenLake-v1: 75/750
Parametrized_Cluster_18_500_s100-400_t1_m6-6_FrozenLake-v1: 150/750
Parametrized_Cluster_18_500_s100-400_t1_m6-6_FrozenLake-v1: 225/750
Parametrized_Cluster_18_500_s100-400_t1_m6-6_FrozenLake-v1: 300/750
Parametrized_Cluster_18_500_s100-400_t1_m6-6_FrozenLake-v1: 375/750
Parametrized_Cluster_18_500_s100-400_t1_m6-6_FrozenLake-v1: 450/750
Parametrized_Cluster_18_500_s100-400_t1_m6-6_FrozenLake-v1: 525/750
Parametrized_Cluster_18_500_s100-400_t1_m6-6_FrozenLake-v1: 600/750
Parametrized_Cluster_18_500_s100-400_t1_m6-6_FrozenLake-v1: 675/750
Parametrized_Cluster_18_500_s100-400_t1_m6-6_FrozenLake-v1: 750/750
Parametrized_Cluster_24_500_s100-400_t1_m6-6_FrozenLake-v1: 75/750
Parametrized_Cluster_24_500_s100-400_t1_m6-6_FrozenLake-v1: 150/750
Parametrized_Cluster_24_500_s100-400_t1_m6-6_FrozenLake-v1: 225/750
Parametrized_Cluster_24_500_s100-400_t1_m6-6_FrozenLake-v1: 300/750
Parametrized_Cluster_24_500_s100-400_t1_m6-6_FrozenLake-v1: 375/750
Parametrized_Cluster_24_500_s100-400_t1_m6-6_FrozenLake-v1: 450/750
Parametrized_Cluster_24_500_s100-400_t1_m6-6_FrozenLake-v1: 525/750
Parametrized_Cluster_24_500_s100-400_t1_m6-6_FrozenLake-v1: 600/750
Parametrized_Cluster_24_500_s100-400_t1_m6-6_FrozenLake-v1: 675/750
Parametrized_Cluster_24_500_s100-400_t1_m6-6_FrozenLake-v1: 750/750
Parametrized_Cluster_31_500_s100-400_t1_m6-6_FrozenLake-v1: 75/750
Parametrized_Cluster_31_500_s100-400_t1_m6-6_FrozenLake-v1: 150/750
Parametrized_Cluster_31_500_s100-400_t1_m6-6_FrozenLake-v1: 225/750
Parametrized_Cluster_31_500_s100-400_t1_m6-6_FrozenLake-v1: 300/750
Parametrized_Cluster_31_500_s100-400_t1_m6-6_FrozenLake-v1: 375/750
Parametrized_Cluster_31_500_s100-400_t1_m6-6_FrozenLake-v1: 450/750
Parametrized_Cluster_31_500_s100-400_t1_m6-6_FrozenLake-v1: 525/750
Parametrized_Cluster_31_500_s100-400_t1_m6-6_FrozenLake-v1: 600/750
Parametrized_Cluster_31_500_s100-400_t1_m6-6_FrozenLake-v1: 675/750
Parametrized_Cluster_31_500_s100-400_t1_m6-6_FrozenLake-v1: 750/750
Parametrized_Cluster_33_500_s100-400_t1_m6-6_FrozenLake-v1: 75/750
Parametrized_Cluster_33_500_s100-400_t1_m6-6_FrozenLake-v1: 150/750
Parametrized_Cluster_33_500_s100-400_t1_m6-6_FrozenLake-v1: 225/750
Parametrized_Cluster_33_500_s100-400_t1_m6-6_FrozenLake-v1: 300/750
Parametrized_Cluster_33_500_s100-400_t1_m6-6_FrozenLake-v1: 375/750
Parametrized_Cluster_33_500_s100-400_t1_m6-6_FrozenLake-v1: 450/750
Parametrized_Cluster_33_500_s100-400_t1_m6-6_FrozenLake-v1: 525/750
Parametrized_Cluster_33_500_s100-400_t1_m6-6_FrozenLake-v1: 600/750
Parametrized_Cluster_33_500_s100-400_t1_m6-6_FrozenLake-v1: 675/750
Parametrized_Cluster_33_500_s100-400_t1_m6-6_FrozenLake-v1: 750/750
Parametrized_Cluster_14_500_s100-400_t1_m6-6_FrozenLake-v1: 75/750
Parametrized_Cluster_14_500_s100-400_t1_m6-6_FrozenLake-v1: 150/750
Parametrized_Cluster_14_500_s100-400_t1_m6-6_FrozenLake-v1: 225/750
Parametrized_Cluster_14_500_s100-400_t1_m6-6_FrozenLake-v1: 300/750
Parametrized_Cluster_14_500_s100-400_t1_m6-6_FrozenLake-v1: 375/750
Parametrized_Cluster_14_500_s100-400_t1_m6-6_FrozenLake-v1: 450/750
Parametrized_Cluster_14_500_s100-400_t1_m6-6_FrozenLake-v1: 525/750
Parametrized_Cluster_14_500_s100-400_t1_m6-6_FrozenLake-v1: 600/750
Parametrized_Cluster_14_500_s100-400_t1_m6-6_FrozenLake-v1: 675/750
Parametrized_Cluster_14_500_s100-400_t1_m6-6_FrozenLake-v1: 750/750
Parametrized_Cluster_36_500_s100-400_t1_m6-6_FrozenLake-v1: 75/750
Parametrized_Cluster_36_500_s100-400_t1_m6-6_FrozenLake-v1: 150/750
Parametrized_Cluster_36_500_s100-400_t1_m6-6_FrozenLake-v1: 225/750
Parametrized_Cluster_36_500_s100-400_t1_m6-6_FrozenLake-v1: 300/750
Parametrized_Cluster_36_500_s100-400_t1_m6-6_FrozenLake-v1: 375/750
Parametrized_Cluster_36_500_s100-400_t1_m6-6_FrozenLake-v1: 450/750
Parametrized_Cluster_36_500_s100-400_t1_m6-6_FrozenLake-v1: 525/750
Parametrized_Cluster_36_500_s100-400_t1_m6-6_FrozenLake-v1: 600/750
Parametrized_Cluster_36_500_s100-400_t1_m6-6_FrozenLake-v1: 675/750
Parametrized_Cluster_36_500_s100-400_t1_m6-6_FrozenLake-v1: 750/750
Parametrized_Cluster_43_500_s100-400_t1_m6-6_FrozenLake-v1: 75/750
Parametrized_Cluster_43_500_s100-400_t1_m6-6_FrozenLake-v1: 150/750
Parametrized_Cluster_43_500_s100-400_t1_m6-6_FrozenLake-v1: 225/750
Parametrized_Cluster_43_500_s100-400_t1_m6-6_FrozenLake-v1: 300/750
Parametrized_Cluster_43_500_s100-400_t1_m6-6_FrozenLake-v1: 375/750
Parametrized_Cluster_43_500_s100-400_t1_m6-6_FrozenLake-v1: 450/750
Parametrized_Cluster_43_500_s100-400_t1_m6-6_FrozenLake-v1: 525/750
Parametrized_Cluster_43_500_s100-400_t1_m6-6_FrozenLake-v1: 600/750
Parametrized_Cluster_43_500_s100-400_t1_m6-6_FrozenLake-v1: 675/750
Parametrized_Cluster_43_500_s100-400_t1_m6-6_FrozenLake-v1: 750/750
Parametrized_Cluster_32_500_s100-400_t1_m6-6_FrozenLake-v1: 75/750
Parametrized_Cluster_32_500_s100-400_t1_m6-6_FrozenLake-v1: 150/750
Parametrized_Cluster_32_500_s100-400_t1_m6-6_FrozenLake-v1: 225/750
Parametrized_Cluster_32_500_s100-400_t1_m6-6_FrozenLake-v1: 300/750
Parametrized_Cluster_32_500_s100-400_t1_m6-6_FrozenLake-v1: 375/750
Parametrized_Cluster_32_500_s100-400_t1_m6-6_FrozenLake-v1: 450/750
Parametrized_Cluster_32_500_s100-400_t1_m6-6_FrozenLake-v1: 525/750
Parametrized_Cluster_32_500_s100-400_t1_m6-6_FrozenLake-v1: 600/750
Parametrized_Cluster_32_500_s100-400_t1_m6-6_FrozenLake-v1: 675/750
Parametrized_Cluster_32_500_s100-400_t1_m6-6_FrozenLake-v1: 750/750
Parametrized_Cluster_12_500_s100-400_t1_m6-6_FrozenLake-v1: 75/750
Parametrized_Cluster_12_500_s100-400_t1_m6-6_FrozenLake-v1: 150/750
Parametrized_Cluster_12_500_s100-400_t1_m6-6_FrozenLake-v1: 225/750
Parametrized_Cluster_12_500_s100-400_t1_m6-6_FrozenLake-v1: 300/750
Parametrized_Cluster_12_500_s100-400_t1_m6-6_FrozenLake-v1: 375/750
Parametrized_Cluster_12_500_s100-400_t1_m6-6_FrozenLake-v1: 450/750
Parametrized_Cluster_12_500_s100-400_t1_m6-6_FrozenLake-v1: 525/750
Parametrized_Cluster_12_500_s100-400_t1_m6-6_FrozenLake-v1: 600/750
Parametrized_Cluster_12_500_s100-400_t1_m6-6_FrozenLake-v1: 675/750
Parametrized_Cluster_12_500_s100-400_t1_m6-6_FrozenLake-v1: 750/750
Parametrized_Cluster_20_500_s100-400_t1_m6-6_FrozenLake-v1: 75/750
Parametrized_Cluster_20_500_s100-400_t1_m6-6_FrozenLake-v1: 150/750
Parametrized_Cluster_20_500_s100-400_t1_m6-6_FrozenLake-v1: 225/750
Parametrized_Cluster_20_500_s100-400_t1_m6-6_FrozenLake-v1: 300/750
Parametrized_Cluster_20_500_s100-400_t1_m6-6_FrozenLake-v1: 375/750
Parametrized_Cluster_20_500_s100-400_t1_m6-6_FrozenLake-v1: 450/750
Parametrized_Cluster_20_500_s100-400_t1_m6-6_FrozenLake-v1: 525/750
Parametrized_Cluster_20_500_s100-400_t1_m6-6_FrozenLake-v1: 600/750
Parametrized_Cluster_20_500_s100-400_t1_m6-6_FrozenLake-v1: 675/750
Parametrized_Cluster_20_500_s100-400_t1_m6-6_FrozenLake-v1: 750/750
Parametrized_Cluster_37_500_s100-400_t1_m6-6_FrozenLake-v1: 75/750
Parametrized_Cluster_37_500_s100-400_t1_m6-6_FrozenLake-v1: 150/750
Parametrized_Cluster_37_500_s100-400_t1_m6-6_FrozenLake-v1: 225/750
Parametrized_Cluster_37_500_s100-400_t1_m6-6_FrozenLake-v1: 300/750
Parametrized_Cluster_37_500_s100-400_t1_m6-6_FrozenLake-v1: 375/750
Parametrized_Cluster_37_500_s100-400_t1_m6-6_FrozenLake-v1: 450/750
Parametrized_Cluster_37_500_s100-400_t1_m6-6_FrozenLake-v1: 525/750
Parametrized_Cluster_37_500_s100-400_t1_m6-6_FrozenLake-v1: 600/750
Parametrized_Cluster_37_500_s100-400_t1_m6-6_FrozenLake-v1: 675/750
Parametrized_Cluster_37_500_s100-400_t1_m6-6_FrozenLake-v1: 750/750
Parametrized_Cluster_47_500_s100-400_t1_m6-6_FrozenLake-v1: 75/750
Parametrized_Cluster_47_500_s100-400_t1_m6-6_FrozenLake-v1: 150/750
Parametrized_Cluster_47_500_s100-400_t1_m6-6_FrozenLake-v1: 225/750
Parametrized_Cluster_47_500_s100-400_t1_m6-6_FrozenLake-v1: 300/750
Parametrized_Cluster_47_500_s100-400_t1_m6-6_FrozenLake-v1: 375/750
Parametrized_Cluster_47_500_s100-400_t1_m6-6_FrozenLake-v1: 450/750
Parametrized_Cluster_47_500_s100-400_t1_m6-6_FrozenLake-v1: 525/750
Parametrized_Cluster_47_500_s100-400_t1_m6-6_FrozenLake-v1: 600/750
Parametrized_Cluster_47_500_s100-400_t1_m6-6_FrozenLake-v1: 675/750
Parametrized_Cluster_47_500_s100-400_t1_m6-6_FrozenLake-v1: 750/750
Parametrized_Cluster_5_500_s100-400_t1_m6-6_FrozenLake-v1: 75/750
Parametrized_Cluster_5_500_s100-400_t1_m6-6_FrozenLake-v1: 150/750
Parametrized_Cluster_5_500_s100-400_t1_m6-6_FrozenLake-v1: 225/750
Parametrized_Cluster_5_500_s100-400_t1_m6-6_FrozenLake-v1: 300/750
Parametrized_Cluster_5_500_s100-400_t1_m6-6_FrozenLake-v1: 375/750
Parametrized_Cluster_5_500_s100-400_t1_m6-6_FrozenLake-v1: 450/750
Parametrized_Cluster_5_500_s100-400_t1_m6-6_FrozenLake-v1: 525/750
Parametrized_Cluster_5_500_s100-400_t1_m6-6_FrozenLake-v1: 600/750
Parametrized_Cluster_5_500_s100-400_t1_m6-6_FrozenLake-v1: 675/750
Parametrized_Cluster_5_500_s100-400_t1_m6-6_FrozenLake-v1: 750/750
Parametrized_Cluster_40_500_s100-400_t1_m6-6_FrozenLake-v1: 75/750
Parametrized_Cluster_40_500_s100-400_t1_m6-6_FrozenLake-v1: 150/750
Parametrized_Cluster_40_500_s100-400_t1_m6-6_FrozenLake-v1: 225/750
Parametrized_Cluster_40_500_s100-400_t1_m6-6_FrozenLake-v1: 300/750
Parametrized_Cluster_40_500_s100-400_t1_m6-6_FrozenLake-v1: 375/750
Parametrized_Cluster_40_500_s100-400_t1_m6-6_FrozenLake-v1: 450/750
Parametrized_Cluster_40_500_s100-400_t1_m6-6_FrozenLake-v1: 525/750
Parametrized_Cluster_40_500_s100-400_t1_m6-6_FrozenLake-v1: 600/750
Parametrized_Cluster_40_500_s100-400_t1_m6-6_FrozenLake-v1: 675/750
Parametrized_Cluster_40_500_s100-400_t1_m6-6_FrozenLake-v1: 750/750
Parametrized_Cluster_29_500_s100-400_t1_m6-6_FrozenLake-v1: 75/750
Parametrized_Cluster_29_500_s100-400_t1_m6-6_FrozenLake-v1: 150/750
Parametrized_Cluster_29_500_s100-400_t1_m6-6_FrozenLake-v1: 225/750
Parametrized_Cluster_29_500_s100-400_t1_m6-6_FrozenLake-v1: 300/750
Parametrized_Cluster_29_500_s100-400_t1_m6-6_FrozenLake-v1: 375/750
Parametrized_Cluster_29_500_s100-400_t1_m6-6_FrozenLake-v1: 450/750
Parametrized_Cluster_29_500_s100-400_t1_m6-6_FrozenLake-v1: 525/750
Parametrized_Cluster_29_500_s100-400_t1_m6-6_FrozenLake-v1: 600/750
Parametrized_Cluster_29_500_s100-400_t1_m6-6_FrozenLake-v1: 675/750
Parametrized_Cluster_29_500_s100-400_t1_m6-6_FrozenLake-v1: 750/750
Parametrized_Cluster_38_500_s100-400_t1_m6-6_FrozenLake-v1: 75/750
Parametrized_Cluster_38_500_s100-400_t1_m6-6_FrozenLake-v1: 150/750
Parametrized_Cluster_38_500_s100-400_t1_m6-6_FrozenLake-v1: 225/750
Parametrized_Cluster_38_500_s100-400_t1_m6-6_FrozenLake-v1: 300/750
Parametrized_Cluster_38_500_s100-400_t1_m6-6_FrozenLake-v1: 375/750
Parametrized_Cluster_38_500_s100-400_t1_m6-6_FrozenLake-v1: 450/750
Parametrized_Cluster_38_500_s100-400_t1_m6-6_FrozenLake-v1: 525/750
Parametrized_Cluster_38_500_s100-400_t1_m6-6_FrozenLake-v1: 600/750
Parametrized_Cluster_38_500_s100-400_t1_m6-6_FrozenLake-v1: 675/750
Parametrized_Cluster_38_500_s100-400_t1_m6-6_FrozenLake-v1: 750/750
Parametrized_Cluster_11_500_s100-400_t1_m6-6_FrozenLake-v1: 75/750
Parametrized_Cluster_11_500_s100-400_t1_m6-6_FrozenLake-v1: 150/750
Parametrized_Cluster_11_500_s100-400_t1_m6-6_FrozenLake-v1: 225/750
Parametrized_Cluster_11_500_s100-400_t1_m6-6_FrozenLake-v1: 300/750
Parametrized_Cluster_11_500_s100-400_t1_m6-6_FrozenLake-v1: 375/750
Parametrized_Cluster_11_500_s100-400_t1_m6-6_FrozenLake-v1: 450/750
Parametrized_Cluster_11_500_s100-400_t1_m6-6_FrozenLake-v1: 525/750
Parametrized_Cluster_11_500_s100-400_t1_m6-6_FrozenLake-v1: 600/750
Parametrized_Cluster_11_500_s100-400_t1_m6-6_FrozenLake-v1: 675/750
Parametrized_Cluster_11_500_s100-400_t1_m6-6_FrozenLake-v1: 750/750
Parametrized_Cluster_48_500_s100-400_t1_m6-6_FrozenLake-v1: 75/750
Parametrized_Cluster_48_500_s100-400_t1_m6-6_FrozenLake-v1: 150/750
Parametrized_Cluster_48_500_s100-400_t1_m6-6_FrozenLake-v1: 225/750
Parametrized_Cluster_48_500_s100-400_t1_m6-6_FrozenLake-v1: 300/750
Parametrized_Cluster_48_500_s100-400_t1_m6-6_FrozenLake-v1: 375/750
Parametrized_Cluster_48_500_s100-400_t1_m6-6_FrozenLake-v1: 450/750
Parametrized_Cluster_48_500_s100-400_t1_m6-6_FrozenLake-v1: 525/750
Parametrized_Cluster_48_500_s100-400_t1_m6-6_FrozenLake-v1: 600/750
Parametrized_Cluster_48_500_s100-400_t1_m6-6_FrozenLake-v1: 675/750
Parametrized_Cluster_48_500_s100-400_t1_m6-6_FrozenLake-v1: 750/750
