JobId=8601126 JobName=analysis.sbatch
   UserId=koner(565562) GroupId=domain users(100513) MCS_label=N/A
   Priority=24841713 Nice=0 Account=ewi-insy-ii-influence QOS=short
   JobState=RUNNING Reason=None Dependency=(null)
   Requeue=0 Restarts=0 BatchFlag=1 Reboot=0 ExitCode=0:0
   DerivedExitCode=0:0
   RunTime=00:00:00 TimeLimit=03:00:00 TimeMin=N/A
   SubmitTime=2023-07-23T12:23:33 EligibleTime=2023-07-23T12:23:33
   AccrueTime=2023-07-23T12:23:33
   StartTime=2023-07-23T12:23:34 EndTime=2023-07-23T15:23:34 Deadline=N/A
   SuspendTime=None SecsPreSuspend=0 LastSchedEval=2023-07-23T12:23:34 Scheduler=Main
   Partition=general AllocNode:Sid=login1:26429
   ReqNodeList=(null) ExcNodeList=(null)
   NodeList=grs4
   BatchHost=grs4
   NumNodes=1 NumCPUs=10 NumTasks=1 CPUs/Task=10 ReqB:S:C:T=0:0:*:*
   TRES=cpu=10,mem=4G,node=1,billing=5
   Socks/Node=* NtasksPerN:B:S:C=0:0:*:* CoreSpec=*
   JOB_GRES=(null)
     Nodes=grs4 CPU_IDs=2-3,14-21 Mem=4096 GRES=
   MinCPUsNode=10 MinMemoryNode=4G MinTmpDiskNode=0
   Features=(null) DelayBoot=00:00:00
   OverSubscribe=OK Contiguous=0 Licenses=(null) Network=(null)
   Command=/winhome/koner/Desktop/MCTS-Time-Management/jobscripts/analysis.sbatch
   WorkDir=/winhome/koner/Desktop/MCTS-Time-Management/jobscripts
   StdErr=/winhome/koner/Desktop/MCTS-Time-Management/jobscripts/slurm-8601126.out
   StdIn=/dev/null
   StdOut=/winhome/koner/Desktop/MCTS-Time-Management/jobscripts/slurm-8601126.out
   Power=
   MailUser=koner MailType=END
   

<class 'numpy.ndarray'>
[learning_curve] Training set sizes: [  1321   2510   3699   4888   6077   7266   8456   9645  10834  12023
  13212  26425  39637  52850  66062  79275  92487 105700 118912 132125]
[Parallel(n_jobs=10)]: Using backend LokyBackend with 10 concurrent workers.
[CV] END .................................................... total time=  46.2s
[CV] END .................................................... total time=17.5min
[CV] END .................................................... total time=  46.8s
[CV] END .................................................... total time=  51.9s
[CV] END .................................................... total time= 6.6min
[CV] END .................................................... total time=   8.4s
[CV] END .................................................... total time=   7.3s
[CV] END .................................................... total time=  25.5s
[CV] END .................................................... total time=  27.1s
[CV] END .................................................... total time=  26.5s
[CV] END .................................................... total time=  44.4s
[CV] END .................................................... total time= 2.3min
[CV] END .................................................... total time=11.2min
[CV] END .................................................... total time=12.1min
[CV] END .................................................... total time=14.3min
[CV] END .................................................... total time=14.2min
[CV] END .................................................... total time=   7.2s
[CV] END .................................................... total time= 3.6min
[CV] END .................................................... total time=   8.5s
[CV] END .................................................... total time=  11.2s
[CV] END .................................................... total time=  19.4s
[CV] END .................................................... total time=  27.8s
[CV] END .................................................... total time=  33.5s
[CV] END .................................................... total time=  42.7s
[CV] END .................................................... total time=  38.7s
[CV] END .................................................... total time= 2.3min
[CV] END .................................................... total time= 4.4min
[CV] END .................................................... total time= 9.1min
[CV] END .................................................... total time=13.3min
[CV] END .................................................... total time=12.1min
[CV] END .................................................... total time=15.7min
[CV] END .................................................... total time= 6.4min
[CV] END .................................................... total time=14.9min
[CV] END .................................................... total time=  15.9s
[CV] END .................................................... total time= 6.6min
[CV] END .................................................... total time=  47.6s
[CV] END .................................................... total time=  53.4s
[CV] END .................................................... total time=  36.5s
[CV] END .................................................... total time= 8.4min
[CV] END .................................................... total time=  14.5s
[CV] END .................................................... total time=  32.0s
[CV] END .................................................... total time= 1.0min
[CV] END .................................................... total time=  54.1s
[CV] END .................................................... total time= 8.8min
[CV] END .................................................... total time=  52.3s
[CV] END .................................................... total time= 3.3min
[CV] END .................................................... total time=13.0min
[CV] END .................................................... total time= 8.8min
[CV] END .................................................... total time=13.0min
[CV] END .................................................... total time=17.4min
[CV] END .................................................... total time= 2.7min
[CV] END .................................................... total time=14.7min
[CV] END .................................................... total time=   5.0s
[CV] END .................................................... total time=  13.4s
[CV] END .................................................... total time=  32.7s
[CV] END .................................................... total time=  37.0s
[CV] END .................................................... total time= 2.8min
[CV] END .................................................... total time= 9.0min
[CV] END .................................................... total time= 5.9min
[CV] END .................................................... total time=12.9min
[CV] END .................................................... total time=  32.0s
[CV] END .................................................... total time=  54.5s
[CV] END .................................................... total time= 1.1min
[CV] END .................................................... total time= 5.8min
[CV] END .................................................... total time=15.3min
[CV] END .................................................... total time=  27.4s
[CV] END .................................................... total time=  38.9s
[CV] END .................................................... total time=  36.5s
[CV] END .................................................... total time=10.5min
[CV] END .................................................... total time=  21.5s
[CV] END .................................................... total time=10.5min
[CV] END .................................................... total time=13.4min
[CV] END .................................................... total time=12.9min
[CV] END .................................................... total time=  22.0s
[CV] END .................................................... total time=  35.7s
[CV] END .................................................... total time=  45.6s
[CV] END .................................................... total time= 2.8min
[CV] END .................................................... total time= 6.1min
[CV] END .................................................... total time=14.0min
[CV] END .................................................... total time= 9.9min
[CV] END .................................................... total time= 7.9min
[CV] END .................................................... total time= 8.0min
[CV] END .................................................... total time=  29.1s
[CV] END .................................................... total time=14.4min
[CV] END .................................................... total time= 7.2min
[CV] END .................................................... total time=13.4min
[CV] END .................................................... total time=13.4min
[CV] END .................................................... total time=   5.5s
[CV] END .................................................... total time=   5.2s
[CV] END .................................................... total time=  11.3s
[CV] END .................................................... total time=  15.5s
[CV] END .................................................... total time=  28.8s
[CV] END .................................................... total time= 2.8min
[CV] END .................................................... total time=10.1min
[CV] END .................................................... total time=  46.3s
[CV] END .................................................... total time= 1.6min
[CV] END .................................................... total time=11.4min
[CV] END .................................................... total time=11.3min
[CV] END .................................................... total time=  18.1s
[CV] END .................................................... total time= 9.8min
[CV] END .................................................... total time=12.4min
[CV] END .................................................... total time=13.3min
[CV] END .................................................... total time=12.8min
[CV] END .................................................... total time=13.6min
[CV] END .................................................... total time=   4.9s
[CV] END .................................................... total time=   5.1s
[CV] END .................................................... total time=  10.0s
[CV] END .................................................... total time=  19.1s
[CV] END .................................................... total time=  31.6s
[CV] END .................................................... total time=  28.9s
[CV] END .................................................... total time= 9.1min
[CV] END .................................................... total time=  43.2s
[CV] END .................................................... total time= 2.3min
[CV] END .................................................... total time=12.5min
[CV] END .................................................... total time=  33.3s
[CV] END .................................................... total time=12.7min
[CV] END .................................................... total time= 9.1min
[CV] END .................................................... total time=11.5min
[CV] END .................................................... total time=12.0min
[CV] END .................................................... total time=10.2min
[CV] END .................................................... total time=15.8min
[CV] END .................................................... total time=   4.1s
[CV] END .................................................... total time=  16.2s
[CV] END .................................................... total time=  22.3s
[CV] END .................................................... total time=  36.6s
[CV] END .................................................... total time=  41.2s
[CV] END .................................................... total time=  42.2s
[CV] END .................................................... total time= 6.0min
[CV] END .................................................... total time= 9.4min
[CV] END .................................................... total time=  42.5s
[CV] END .................................................... total time=14.3min
[CV] END .................................................... total time=12.9min
[CV] END .................................................... total time=  32.8s
[CV] END .................................................... total time= 2.8min
[CV] END .................................................... total time= 8.6min
[CV] END .................................................... total time= 2.6min
[CV] END .................................................... total time=10.3min
[CV] END .................................................... total time=12.0min
[CV] END .................................................... total time=14.4min
[CV] END .................................................... total time=11.1min
[CV] END .................................................... total time=  49.1s
[CV] END .................................................... total time=13.6min
[CV] END .................................................... total time=11.0min
[CV] END .................................................... total time=11.5min
[CV] END .................................................... total time=   5.7s
[CV] END .................................................... total time=   8.7s
[CV] END .................................................... total time=  23.7s
[CV] END .................................................... total time=  42.4s
[CV] END .................................................... total time= 2.6min
[CV] END .................................................... total time= 1.2min
[CV] END .................................................... total time= 8.6min
[CV] END .................................................... total time=  59.9s
[CV] END .................................................... total time=  52.0s
[CV] END .................................................... total time= 9.9min
[CV] END .................................................... total time=  31.1s
[CV] END .................................................... total time=  33.1s
[CV] END .................................................... total time=  59.9s
[CV] END .................................................... total time=10.3min
[CV] END .................................................... total time= 7.4min
[CV] END .................................................... total time= 8.9min
[Parallel(n_jobs=10)]: Done  80 out of 160 | elapsed: 40.0min remaining: 40.0min
[Parallel(n_jobs=10)]: Done 160 out of 160 | elapsed: 91.5min finished
