JobId=8659740 JobName=cartpole_dataset.sbatch
   UserId=koner(565562) GroupId=domain users(100513) MCS_label=N/A
   Priority=17702290 Nice=0 Account=ewi-insy-ii-influence QOS=medium
   JobState=RUNNING Reason=None Dependency=(null)
   Requeue=0 Restarts=0 BatchFlag=1 Reboot=0 ExitCode=0:0
   DerivedExitCode=0:0
   RunTime=00:00:00 TimeLimit=06:00:00 TimeMin=N/A
   SubmitTime=2023-08-28T02:21:59 EligibleTime=2023-08-28T02:21:59
   AccrueTime=2023-08-28T02:21:59
   StartTime=2023-08-28T02:22:10 EndTime=2023-08-28T08:22:10 Deadline=N/A
   SuspendTime=None SecsPreSuspend=0 LastSchedEval=2023-08-28T02:22:10 Scheduler=Backfill
   Partition=general AllocNode:Sid=login1:18242
   ReqNodeList=(null) ExcNodeList=(null)
   NodeList=awi[15-17],grs[1-4]
   BatchHost=awi15
   NumNodes=7 NumCPUs=200 NumTasks=100 CPUs/Task=2 ReqB:S:C:T=0:0:*:*
   TRES=cpu=200,mem=20000M,node=7,billing=101
   Socks/Node=* NtasksPerN:B:S:C=0:0:*:* CoreSpec=*
   JOB_GRES=(null)
     Nodes=awi15 CPU_IDs=0-13,54-55 Mem=1600 GRES=
     Nodes=awi16 CPU_IDs=0-13,20-27,32-55 Mem=4600 GRES=
     Nodes=awi17 CPU_IDs=0-11 Mem=1200 GRES=
     Nodes=grs[1-2] CPU_IDs=0-31 Mem=3200 GRES=
     Nodes=grs3 CPU_IDs=0-9,12-31 Mem=3000 GRES=
     Nodes=grs4 CPU_IDs=0-31 Mem=3200 GRES=
   MinCPUsNode=2 MinMemoryCPU=100M MinTmpDiskNode=0
   Features=(null) DelayBoot=00:00:00
   OverSubscribe=OK Contiguous=0 Licenses=(null) Network=(null)
   Command=/winhome/koner/Desktop/MCTS-Time-Management/jobscripts/cartpole_dataset.sbatch
   WorkDir=/winhome/koner/Desktop/MCTS-Time-Management/jobscripts
   StdErr=/winhome/koner/Desktop/MCTS-Time-Management/jobscripts/slurm-8659740.out
   StdIn=/dev/null
   StdOut=/winhome/koner/Desktop/MCTS-Time-Management/jobscripts/slurm-8659740.out
   Power=
   MailUser=koner MailType=END
   

srun: Warning: can't run 1 processes on 7 nodes, setting nnodes to 1
srun: Warning: can't run 1 processes on 7 nodes, setting nnodes to 1
srun: Warning: can't run 1 processes on 7 nodes, setting nnodes to 1
srun: Warning: can't run 1 processes on 7 nodes, setting nnodes to 1
srun: Warning: can't run 1 processes on 7 nodes, setting nnodes to 1
srun: Warning: can't run 1 processes on 7 nodes, setting nnodes to 1
srun: Warning: can't run 1 processes on 7 nodes, setting nnodes to 1
srun: Warning: can't run 1 processes on 7 nodes, setting nnodes to 1
srun: Warning: can't run 1 processes on 7 nodes, setting nnodes to 1
srun: Warning: can't run 1 processes on 7 nodes, setting nnodes to 1
srun: Warning: can't run 1 processes on 7 nodes, setting nnodes to 1
srun: Warning: can't run 1 processes on 7 nodes, setting nnodes to 1
srun: Warning: can't run 1 processes on 7 nodes, setting nnodes to 1
srun: Warning: can't run 1 processes on 7 nodes, setting nnodes to 1
srun: Warning: can't run 1 processes on 7 nodes, setting nnodes to 1
srun: Warning: can't run 1 processes on 7 nodes, setting nnodes to 1
srun: Warning: can't run 1 processes on 7 nodes, setting nnodes to 1
srun: Warning: can't run 1 processes on 7 nodes, setting nnodes to 1
srun: Warning: can't run 1 processes on 7 nodes, setting nnodes to 1
srun: Warning: can't run 1 processes on 7 nodes, setting nnodes to 1
srun: Warning: can't run 1 processes on 7 nodes, setting nnodes to 1
srun: Warning: can't run 1 processes on 7 nodes, setting nnodes to 1
srun: Warning: can't run 1 processes on 7 nodes, setting nnodes to 1
srun: Warning: can't run 1 processes on 7 nodes, setting nnodes to 1
srun: Warning: can't run 1 processes on 7 nodes, setting nnodes to 1
srun: Warning: can't run 1 processes on 7 nodes, setting nnodes to 1
srun: Warning: can't run 1 processes on 7 nodes, setting nnodes to 1
srun: Warning: can't run 1 processes on 7 nodes, setting nnodes to 1
srun: Warning: can't run 1 processes on 7 nodes, setting nnodes to 1
srun: Warning: can't run 1 processes on 7 nodes, setting nnodes to 1
srun: Warning: can't run 1 processes on 7 nodes, setting nnodes to 1
srun: Warning: can't run 1 processes on 7 nodes, setting nnodes to 1
srun: Warning: can't run 1 processes on 7 nodes, setting nnodes to 1
srun: Warning: can't run 1 processes on 7 nodes, setting nnodes to 1
srun: Warning: can't run 1 processes on 7 nodes, setting nnodes to 1
srun: Warning: can't run 1 processes on 7 nodes, setting nnodes to 1
srun: Warning: can't run 1 processes on 7 nodes, setting nnodes to 1
srun: Warning: can't run 1 processes on 7 nodes, setting nnodes to 1
srun: Warning: can't run 1 processes on 7 nodes, setting nnodes to 1
srun: Warning: can't run 1 processes on 7 nodes, setting nnodes to 1
srun: Warning: can't run 1 processes on 7 nodes, setting nnodes to 1
srun: Warning: can't run 1 processes on 7 nodes, setting nnodes to 1
srun: Warning: can't run 1 processes on 7 nodes, setting nnodes to 1
srun: Warning: can't run 1 processes on 7 nodes, setting nnodes to 1
srun: Warning: can't run 1 processes on 7 nodes, setting nnodes to 1
srun: Warning: can't run 1 processes on 7 nodes, setting nnodes to 1
srun: Warning: can't run 1 processes on 7 nodes, setting nnodes to 1
srun: Warning: can't run 1 processes on 7 nodes, setting nnodes to 1
srun: Warning: can't run 1 processes on 7 nodes, setting nnodes to 1
srun: Warning: can't run 1 processes on 7 nodes, setting nnodes to 1
srun: Warning: can't run 1 processes on 7 nodes, setting nnodes to 1
srun: Warning: can't run 1 processes on 7 nodes, setting nnodes to 1
srun: Warning: can't run 1 processes on 7 nodes, setting nnodes to 1
srun: Warning: can't run 1 processes on 7 nodes, setting nnodes to 1
srun: Warning: can't run 1 processes on 7 nodes, setting nnodes to 1
srun: Warning: can't run 1 processes on 7 nodes, setting nnodes to 1
srun: Warning: can't run 1 processes on 7 nodes, setting nnodes to 1
srun: Warning: can't run 1 processes on 7 nodes, setting nnodes to 1
srun: Warning: can't run 1 processes on 7 nodes, setting nnodes to 1
srun: Warning: can't run 1 processes on 7 nodes, setting nnodes to 1
srun: Warning: can't run 1 processes on 7 nodes, setting nnodes to 1
srun: Warning: can't run 1 processes on 7 nodes, setting nnodes to 1
srun: Warning: can't run 1 processes on 7 nodes, setting nnodes to 1
srun: Warning: can't run 1 processes on 7 nodes, setting nnodes to 1
srun: Warning: can't run 1 processes on 7 nodes, setting nnodes to 1
srun: Warning: can't run 1 processes on 7 nodes, setting nnodes to 1
srun: Warning: can't run 1 processes on 7 nodes, setting nnodes to 1
srun: Warning: can't run 1 processes on 7 nodes, setting nnodes to 1
srun: Warning: can't run 1 processes on 7 nodes, setting nnodes to 1
srun: Warning: can't run 1 processes on 7 nodes, setting nnodes to 1
srun: Warning: can't run 1 processes on 7 nodes, setting nnodes to 1
srun: Warning: can't run 1 processes on 7 nodes, setting nnodes to 1
srun: Warning: can't run 1 processes on 7 nodes, setting nnodes to 1
srun: Warning: can't run 1 processes on 7 nodes, setting nnodes to 1
srun: Warning: can't run 1 processes on 7 nodes, setting nnodes to 1
srun: Warning: can't run 1 processes on 7 nodes, setting nnodes to 1
srun: Warning: can't run 1 processes on 7 nodes, setting nnodes to 1
srun: Warning: can't run 1 processes on 7 nodes, setting nnodes to 1
srun: Warning: can't run 1 processes on 7 nodes, setting nnodes to 1
srun: Warning: can't run 1 processes on 7 nodes, setting nnodes to 1
srun: Warning: can't run 1 processes on 7 nodes, setting nnodes to 1
srun: Warning: can't run 1 processes on 7 nodes, setting nnodes to 1
srun: Warning: can't run 1 processes on 7 nodes, setting nnodes to 1
srun: Warning: can't run 1 processes on 7 nodes, setting nnodes to 1
srun: Warning: can't run 1 processes on 7 nodes, setting nnodes to 1
srun: Warning: can't run 1 processes on 7 nodes, setting nnodes to 1
srun: Warning: can't run 1 processes on 7 nodes, setting nnodes to 1
srun: Warning: can't run 1 processes on 7 nodes, setting nnodes to 1
srun: Warning: can't run 1 processes on 7 nodes, setting nnodes to 1
srun: Warning: can't run 1 processes on 7 nodes, setting nnodes to 1
srun: Warning: can't run 1 processes on 7 nodes, setting nnodes to 1
srun: Warning: can't run 1 processes on 7 nodes, setting nnodes to 1
srun: Warning: can't run 1 processes on 7 nodes, setting nnodes to 1
srun: Warning: can't run 1 processes on 7 nodes, setting nnodes to 1
srun: Warning: can't run 1 processes on 7 nodes, setting nnodes to 1
srun: Warning: can't run 1 processes on 7 nodes, setting nnodes to 1
srun: Warning: can't run 1 processes on 7 nodes, setting nnodes to 1
srun: Warning: can't run 1 processes on 7 nodes, setting nnodes to 1
srun: Warning: can't run 1 processes on 7 nodes, setting nnodes to 1
srun: Warning: can't run 1 processes on 7 nodes, setting nnodes to 1
False -0.2 0.2 0.04
CartPole-v1_disc-0.2_2000_s1_100_t500_44: 200/2000
CartPole-v1_disc-0.2_2000_s1_100_t500_44: 400/2000
CartPole-v1_disc-0.2_2000_s1_100_t500_44: 600/2000
CartPole-v1_disc-0.2_2000_s1_100_t500_44: 800/2000
CartPole-v1_disc-0.2_2000_s1_100_t500_44: 1000/2000
CartPole-v1_disc-0.2_2000_s1_100_t500_44: 1200/2000
CartPole-v1_disc-0.2_2000_s1_100_t500_44: 1400/2000
CartPole-v1_disc-0.2_2000_s1_100_t500_44: 1600/2000
CartPole-v1_disc-0.2_2000_s1_100_t500_44: 1800/2000
CartPole-v1_disc-0.2_2000_s1_100_t500_44: 2000/2000
False -0.2 0.2 0.04
CartPole-v1_disc-0.2_2000_s1_100_t500_98: 200/2000
CartPole-v1_disc-0.2_2000_s1_100_t500_98: 400/2000
CartPole-v1_disc-0.2_2000_s1_100_t500_98: 600/2000
CartPole-v1_disc-0.2_2000_s1_100_t500_98: 800/2000
CartPole-v1_disc-0.2_2000_s1_100_t500_98: 1000/2000
CartPole-v1_disc-0.2_2000_s1_100_t500_98: 1200/2000
CartPole-v1_disc-0.2_2000_s1_100_t500_98: 1400/2000
CartPole-v1_disc-0.2_2000_s1_100_t500_98: 1600/2000
CartPole-v1_disc-0.2_2000_s1_100_t500_98: 1800/2000
CartPole-v1_disc-0.2_2000_s1_100_t500_98: 2000/2000
False -0.2 0.2 0.04
CartPole-v1_disc-0.2_2000_s1_100_t500_22: 200/2000
CartPole-v1_disc-0.2_2000_s1_100_t500_22: 400/2000
CartPole-v1_disc-0.2_2000_s1_100_t500_22: 600/2000
CartPole-v1_disc-0.2_2000_s1_100_t500_22: 800/2000
CartPole-v1_disc-0.2_2000_s1_100_t500_22: 1000/2000
CartPole-v1_disc-0.2_2000_s1_100_t500_22: 1200/2000
CartPole-v1_disc-0.2_2000_s1_100_t500_22: 1400/2000
CartPole-v1_disc-0.2_2000_s1_100_t500_22: 1600/2000
CartPole-v1_disc-0.2_2000_s1_100_t500_22: 1800/2000
CartPole-v1_disc-0.2_2000_s1_100_t500_22: 2000/2000
False -0.2 0.2 0.04
CartPole-v1_disc-0.2_2000_s1_100_t500_87: 200/2000
CartPole-v1_disc-0.2_2000_s1_100_t500_87: 400/2000
CartPole-v1_disc-0.2_2000_s1_100_t500_87: 600/2000
CartPole-v1_disc-0.2_2000_s1_100_t500_87: 800/2000
CartPole-v1_disc-0.2_2000_s1_100_t500_87: 1000/2000
CartPole-v1_disc-0.2_2000_s1_100_t500_87: 1200/2000
CartPole-v1_disc-0.2_2000_s1_100_t500_87: 1400/2000
CartPole-v1_disc-0.2_2000_s1_100_t500_87: 1600/2000
CartPole-v1_disc-0.2_2000_s1_100_t500_87: 1800/2000
CartPole-v1_disc-0.2_2000_s1_100_t500_87: 2000/2000
False -0.2 0.2 0.04
CartPole-v1_disc-0.2_2000_s1_100_t500_81: 200/2000
CartPole-v1_disc-0.2_2000_s1_100_t500_81: 400/2000
CartPole-v1_disc-0.2_2000_s1_100_t500_81: 600/2000
CartPole-v1_disc-0.2_2000_s1_100_t500_81: 800/2000
CartPole-v1_disc-0.2_2000_s1_100_t500_81: 1000/2000
CartPole-v1_disc-0.2_2000_s1_100_t500_81: 1200/2000
CartPole-v1_disc-0.2_2000_s1_100_t500_81: 1400/2000
CartPole-v1_disc-0.2_2000_s1_100_t500_81: 1600/2000
CartPole-v1_disc-0.2_2000_s1_100_t500_81: 1800/2000
CartPole-v1_disc-0.2_2000_s1_100_t500_81: 2000/2000
False -0.2 0.2 0.04
CartPole-v1_disc-0.2_2000_s1_100_t500_45: 200/2000
CartPole-v1_disc-0.2_2000_s1_100_t500_45: 400/2000
CartPole-v1_disc-0.2_2000_s1_100_t500_45: 600/2000
CartPole-v1_disc-0.2_2000_s1_100_t500_45: 800/2000
CartPole-v1_disc-0.2_2000_s1_100_t500_45: 1000/2000
CartPole-v1_disc-0.2_2000_s1_100_t500_45: 1200/2000
CartPole-v1_disc-0.2_2000_s1_100_t500_45: 1400/2000
CartPole-v1_disc-0.2_2000_s1_100_t500_45: 1600/2000
CartPole-v1_disc-0.2_2000_s1_100_t500_45: 1800/2000
CartPole-v1_disc-0.2_2000_s1_100_t500_45: 2000/2000
False -0.2 0.2 0.04
CartPole-v1_disc-0.2_2000_s1_100_t500_64: 200/2000
CartPole-v1_disc-0.2_2000_s1_100_t500_64: 400/2000
CartPole-v1_disc-0.2_2000_s1_100_t500_64: 600/2000
CartPole-v1_disc-0.2_2000_s1_100_t500_64: 800/2000
CartPole-v1_disc-0.2_2000_s1_100_t500_64: 1000/2000
CartPole-v1_disc-0.2_2000_s1_100_t500_64: 1200/2000
CartPole-v1_disc-0.2_2000_s1_100_t500_64: 1400/2000
CartPole-v1_disc-0.2_2000_s1_100_t500_64: 1600/2000
CartPole-v1_disc-0.2_2000_s1_100_t500_64: 1800/2000
CartPole-v1_disc-0.2_2000_s1_100_t500_64: 2000/2000
False -0.2 0.2 0.04
CartPole-v1_disc-0.2_2000_s1_100_t500_94: 200/2000
CartPole-v1_disc-0.2_2000_s1_100_t500_94: 400/2000
CartPole-v1_disc-0.2_2000_s1_100_t500_94: 600/2000
CartPole-v1_disc-0.2_2000_s1_100_t500_94: 800/2000
CartPole-v1_disc-0.2_2000_s1_100_t500_94: 1000/2000
CartPole-v1_disc-0.2_2000_s1_100_t500_94: 1200/2000
CartPole-v1_disc-0.2_2000_s1_100_t500_94: 1400/2000
CartPole-v1_disc-0.2_2000_s1_100_t500_94: 1600/2000
CartPole-v1_disc-0.2_2000_s1_100_t500_94: 1800/2000
CartPole-v1_disc-0.2_2000_s1_100_t500_94: 2000/2000
False -0.2 0.2 0.04
CartPole-v1_disc-0.2_2000_s1_100_t500_62: 200/2000
CartPole-v1_disc-0.2_2000_s1_100_t500_62: 400/2000
CartPole-v1_disc-0.2_2000_s1_100_t500_62: 600/2000
CartPole-v1_disc-0.2_2000_s1_100_t500_62: 800/2000
CartPole-v1_disc-0.2_2000_s1_100_t500_62: 1000/2000
CartPole-v1_disc-0.2_2000_s1_100_t500_62: 1200/2000
CartPole-v1_disc-0.2_2000_s1_100_t500_62: 1400/2000
CartPole-v1_disc-0.2_2000_s1_100_t500_62: 1600/2000
CartPole-v1_disc-0.2_2000_s1_100_t500_62: 1800/2000
CartPole-v1_disc-0.2_2000_s1_100_t500_62: 2000/2000
False -0.2 0.2 0.04
CartPole-v1_disc-0.2_2000_s1_100_t500_77: 200/2000
CartPole-v1_disc-0.2_2000_s1_100_t500_77: 400/2000
CartPole-v1_disc-0.2_2000_s1_100_t500_77: 600/2000
CartPole-v1_disc-0.2_2000_s1_100_t500_77: 800/2000
CartPole-v1_disc-0.2_2000_s1_100_t500_77: 1000/2000
CartPole-v1_disc-0.2_2000_s1_100_t500_77: 1200/2000
CartPole-v1_disc-0.2_2000_s1_100_t500_77: 1400/2000
CartPole-v1_disc-0.2_2000_s1_100_t500_77: 1600/2000
CartPole-v1_disc-0.2_2000_s1_100_t500_77: 1800/2000
CartPole-v1_disc-0.2_2000_s1_100_t500_77: 2000/2000
False -0.2 0.2 0.04
CartPole-v1_disc-0.2_2000_s1_100_t500_56: 200/2000
CartPole-v1_disc-0.2_2000_s1_100_t500_56: 400/2000
CartPole-v1_disc-0.2_2000_s1_100_t500_56: 600/2000
CartPole-v1_disc-0.2_2000_s1_100_t500_56: 800/2000
CartPole-v1_disc-0.2_2000_s1_100_t500_56: 1000/2000
CartPole-v1_disc-0.2_2000_s1_100_t500_56: 1200/2000
CartPole-v1_disc-0.2_2000_s1_100_t500_56: 1400/2000
CartPole-v1_disc-0.2_2000_s1_100_t500_56: 1600/2000
CartPole-v1_disc-0.2_2000_s1_100_t500_56: 1800/2000
CartPole-v1_disc-0.2_2000_s1_100_t500_56: 2000/2000
False -0.2 0.2 0.04
CartPole-v1_disc-0.2_2000_s1_100_t500_68: 200/2000
CartPole-v1_disc-0.2_2000_s1_100_t500_68: 400/2000
CartPole-v1_disc-0.2_2000_s1_100_t500_68: 600/2000
CartPole-v1_disc-0.2_2000_s1_100_t500_68: 800/2000
CartPole-v1_disc-0.2_2000_s1_100_t500_68: 1000/2000
CartPole-v1_disc-0.2_2000_s1_100_t500_68: 1200/2000
CartPole-v1_disc-0.2_2000_s1_100_t500_68: 1400/2000
CartPole-v1_disc-0.2_2000_s1_100_t500_68: 1600/2000
CartPole-v1_disc-0.2_2000_s1_100_t500_68: 1800/2000
CartPole-v1_disc-0.2_2000_s1_100_t500_68: 2000/2000
False -0.2 0.2 0.04
CartPole-v1_disc-0.2_2000_s1_100_t500_66: 200/2000
CartPole-v1_disc-0.2_2000_s1_100_t500_66: 400/2000
CartPole-v1_disc-0.2_2000_s1_100_t500_66: 600/2000
CartPole-v1_disc-0.2_2000_s1_100_t500_66: 800/2000
CartPole-v1_disc-0.2_2000_s1_100_t500_66: 1000/2000
CartPole-v1_disc-0.2_2000_s1_100_t500_66: 1200/2000
CartPole-v1_disc-0.2_2000_s1_100_t500_66: 1400/2000
CartPole-v1_disc-0.2_2000_s1_100_t500_66: 1600/2000
CartPole-v1_disc-0.2_2000_s1_100_t500_66: 1800/2000
CartPole-v1_disc-0.2_2000_s1_100_t500_66: 2000/2000
False -0.2 0.2 0.04
CartPole-v1_disc-0.2_2000_s1_100_t500_92: 200/2000
CartPole-v1_disc-0.2_2000_s1_100_t500_92: 400/2000
CartPole-v1_disc-0.2_2000_s1_100_t500_92: 600/2000
CartPole-v1_disc-0.2_2000_s1_100_t500_92: 800/2000
CartPole-v1_disc-0.2_2000_s1_100_t500_92: 1000/2000
CartPole-v1_disc-0.2_2000_s1_100_t500_92: 1200/2000
CartPole-v1_disc-0.2_2000_s1_100_t500_92: 1400/2000
CartPole-v1_disc-0.2_2000_s1_100_t500_92: 1600/2000
CartPole-v1_disc-0.2_2000_s1_100_t500_92: 1800/2000
CartPole-v1_disc-0.2_2000_s1_100_t500_92: 2000/2000
False -0.2 0.2 0.04
CartPole-v1_disc-0.2_2000_s1_100_t500_69: 200/2000
CartPole-v1_disc-0.2_2000_s1_100_t500_69: 400/2000
CartPole-v1_disc-0.2_2000_s1_100_t500_69: 600/2000
CartPole-v1_disc-0.2_2000_s1_100_t500_69: 800/2000
CartPole-v1_disc-0.2_2000_s1_100_t500_69: 1000/2000
CartPole-v1_disc-0.2_2000_s1_100_t500_69: 1200/2000
CartPole-v1_disc-0.2_2000_s1_100_t500_69: 1400/2000
CartPole-v1_disc-0.2_2000_s1_100_t500_69: 1600/2000
CartPole-v1_disc-0.2_2000_s1_100_t500_69: 1800/2000
CartPole-v1_disc-0.2_2000_s1_100_t500_69: 2000/2000
False -0.2 0.2 0.04
CartPole-v1_disc-0.2_2000_s1_100_t500_17: 200/2000
CartPole-v1_disc-0.2_2000_s1_100_t500_17: 400/2000
CartPole-v1_disc-0.2_2000_s1_100_t500_17: 600/2000
CartPole-v1_disc-0.2_2000_s1_100_t500_17: 800/2000
CartPole-v1_disc-0.2_2000_s1_100_t500_17: 1000/2000
CartPole-v1_disc-0.2_2000_s1_100_t500_17: 1200/2000
CartPole-v1_disc-0.2_2000_s1_100_t500_17: 1400/2000
CartPole-v1_disc-0.2_2000_s1_100_t500_17: 1600/2000
CartPole-v1_disc-0.2_2000_s1_100_t500_17: 1800/2000
CartPole-v1_disc-0.2_2000_s1_100_t500_17: 2000/2000
False -0.2 0.2 0.04
CartPole-v1_disc-0.2_2000_s1_100_t500_90: 200/2000
CartPole-v1_disc-0.2_2000_s1_100_t500_90: 400/2000
CartPole-v1_disc-0.2_2000_s1_100_t500_90: 600/2000
CartPole-v1_disc-0.2_2000_s1_100_t500_90: 800/2000
CartPole-v1_disc-0.2_2000_s1_100_t500_90: 1000/2000
CartPole-v1_disc-0.2_2000_s1_100_t500_90: 1200/2000
CartPole-v1_disc-0.2_2000_s1_100_t500_90: 1400/2000
CartPole-v1_disc-0.2_2000_s1_100_t500_90: 1600/2000
CartPole-v1_disc-0.2_2000_s1_100_t500_90: 1800/2000
CartPole-v1_disc-0.2_2000_s1_100_t500_90: 2000/2000
False -0.2 0.2 0.04
CartPole-v1_disc-0.2_2000_s1_100_t500_10: 200/2000
CartPole-v1_disc-0.2_2000_s1_100_t500_10: 400/2000
CartPole-v1_disc-0.2_2000_s1_100_t500_10: 600/2000
CartPole-v1_disc-0.2_2000_s1_100_t500_10: 800/2000
CartPole-v1_disc-0.2_2000_s1_100_t500_10: 1000/2000
CartPole-v1_disc-0.2_2000_s1_100_t500_10: 1200/2000
CartPole-v1_disc-0.2_2000_s1_100_t500_10: 1400/2000
CartPole-v1_disc-0.2_2000_s1_100_t500_10: 1600/2000
CartPole-v1_disc-0.2_2000_s1_100_t500_10: 1800/2000
CartPole-v1_disc-0.2_2000_s1_100_t500_10: 2000/2000
False -0.2 0.2 0.04
CartPole-v1_disc-0.2_2000_s1_100_t500_39: 200/2000
CartPole-v1_disc-0.2_2000_s1_100_t500_39: 400/2000
CartPole-v1_disc-0.2_2000_s1_100_t500_39: 600/2000
CartPole-v1_disc-0.2_2000_s1_100_t500_39: 800/2000
CartPole-v1_disc-0.2_2000_s1_100_t500_39: 1000/2000
CartPole-v1_disc-0.2_2000_s1_100_t500_39: 1200/2000
CartPole-v1_disc-0.2_2000_s1_100_t500_39: 1400/2000
CartPole-v1_disc-0.2_2000_s1_100_t500_39: 1600/2000
CartPole-v1_disc-0.2_2000_s1_100_t500_39: 1800/2000
CartPole-v1_disc-0.2_2000_s1_100_t500_39: 2000/2000
False -0.2 0.2 0.04
CartPole-v1_disc-0.2_2000_s1_100_t500_58: 200/2000
CartPole-v1_disc-0.2_2000_s1_100_t500_58: 400/2000
CartPole-v1_disc-0.2_2000_s1_100_t500_58: 600/2000
CartPole-v1_disc-0.2_2000_s1_100_t500_58: 800/2000
CartPole-v1_disc-0.2_2000_s1_100_t500_58: 1000/2000
CartPole-v1_disc-0.2_2000_s1_100_t500_58: 1200/2000
CartPole-v1_disc-0.2_2000_s1_100_t500_58: 1400/2000
CartPole-v1_disc-0.2_2000_s1_100_t500_58: 1600/2000
CartPole-v1_disc-0.2_2000_s1_100_t500_58: 1800/2000
CartPole-v1_disc-0.2_2000_s1_100_t500_58: 2000/2000
False -0.2 0.2 0.04
CartPole-v1_disc-0.2_2000_s1_100_t500_5: 200/2000
CartPole-v1_disc-0.2_2000_s1_100_t500_5: 400/2000
CartPole-v1_disc-0.2_2000_s1_100_t500_5: 600/2000
CartPole-v1_disc-0.2_2000_s1_100_t500_5: 800/2000
CartPole-v1_disc-0.2_2000_s1_100_t500_5: 1000/2000
CartPole-v1_disc-0.2_2000_s1_100_t500_5: 1200/2000
CartPole-v1_disc-0.2_2000_s1_100_t500_5: 1400/2000
CartPole-v1_disc-0.2_2000_s1_100_t500_5: 1600/2000
CartPole-v1_disc-0.2_2000_s1_100_t500_5: 1800/2000
CartPole-v1_disc-0.2_2000_s1_100_t500_5: 2000/2000
False -0.2 0.2 0.04
CartPole-v1_disc-0.2_2000_s1_100_t500_63: 200/2000
CartPole-v1_disc-0.2_2000_s1_100_t500_63: 400/2000
CartPole-v1_disc-0.2_2000_s1_100_t500_63: 600/2000
CartPole-v1_disc-0.2_2000_s1_100_t500_63: 800/2000
CartPole-v1_disc-0.2_2000_s1_100_t500_63: 1000/2000
CartPole-v1_disc-0.2_2000_s1_100_t500_63: 1200/2000
CartPole-v1_disc-0.2_2000_s1_100_t500_63: 1400/2000
CartPole-v1_disc-0.2_2000_s1_100_t500_63: 1600/2000
CartPole-v1_disc-0.2_2000_s1_100_t500_63: 1800/2000
CartPole-v1_disc-0.2_2000_s1_100_t500_63: 2000/2000
False -0.2 0.2 0.04
CartPole-v1_disc-0.2_2000_s1_100_t500_46: 200/2000
CartPole-v1_disc-0.2_2000_s1_100_t500_46: 400/2000
CartPole-v1_disc-0.2_2000_s1_100_t500_46: 600/2000
CartPole-v1_disc-0.2_2000_s1_100_t500_46: 800/2000
CartPole-v1_disc-0.2_2000_s1_100_t500_46: 1000/2000
CartPole-v1_disc-0.2_2000_s1_100_t500_46: 1200/2000
CartPole-v1_disc-0.2_2000_s1_100_t500_46: 1400/2000
CartPole-v1_disc-0.2_2000_s1_100_t500_46: 1600/2000
CartPole-v1_disc-0.2_2000_s1_100_t500_46: 1800/2000
CartPole-v1_disc-0.2_2000_s1_100_t500_46: 2000/2000
False -0.2 0.2 0.04
CartPole-v1_disc-0.2_2000_s1_100_t500_85: 200/2000
CartPole-v1_disc-0.2_2000_s1_100_t500_85: 400/2000
CartPole-v1_disc-0.2_2000_s1_100_t500_85: 600/2000
CartPole-v1_disc-0.2_2000_s1_100_t500_85: 800/2000
CartPole-v1_disc-0.2_2000_s1_100_t500_85: 1000/2000
CartPole-v1_disc-0.2_2000_s1_100_t500_85: 1200/2000
CartPole-v1_disc-0.2_2000_s1_100_t500_85: 1400/2000
CartPole-v1_disc-0.2_2000_s1_100_t500_85: 1600/2000
CartPole-v1_disc-0.2_2000_s1_100_t500_85: 1800/2000
CartPole-v1_disc-0.2_2000_s1_100_t500_85: 2000/2000
False -0.2 0.2 0.04
CartPole-v1_disc-0.2_2000_s1_100_t500_18: 200/2000
CartPole-v1_disc-0.2_2000_s1_100_t500_18: 400/2000
CartPole-v1_disc-0.2_2000_s1_100_t500_18: 600/2000
CartPole-v1_disc-0.2_2000_s1_100_t500_18: 800/2000
CartPole-v1_disc-0.2_2000_s1_100_t500_18: 1000/2000
CartPole-v1_disc-0.2_2000_s1_100_t500_18: 1200/2000
CartPole-v1_disc-0.2_2000_s1_100_t500_18: 1400/2000
CartPole-v1_disc-0.2_2000_s1_100_t500_18: 1600/2000
CartPole-v1_disc-0.2_2000_s1_100_t500_18: 1800/2000
CartPole-v1_disc-0.2_2000_s1_100_t500_18: 2000/2000
False -0.2 0.2 0.04
CartPole-v1_disc-0.2_2000_s1_100_t500_57: 200/2000
CartPole-v1_disc-0.2_2000_s1_100_t500_57: 400/2000
CartPole-v1_disc-0.2_2000_s1_100_t500_57: 600/2000
CartPole-v1_disc-0.2_2000_s1_100_t500_57: 800/2000
CartPole-v1_disc-0.2_2000_s1_100_t500_57: 1000/2000
CartPole-v1_disc-0.2_2000_s1_100_t500_57: 1200/2000
CartPole-v1_disc-0.2_2000_s1_100_t500_57: 1400/2000
CartPole-v1_disc-0.2_2000_s1_100_t500_57: 1600/2000
CartPole-v1_disc-0.2_2000_s1_100_t500_57: 1800/2000
CartPole-v1_disc-0.2_2000_s1_100_t500_57: 2000/2000
False -0.2 0.2 0.04
CartPole-v1_disc-0.2_2000_s1_100_t500_88: 200/2000
CartPole-v1_disc-0.2_2000_s1_100_t500_88: 400/2000
CartPole-v1_disc-0.2_2000_s1_100_t500_88: 600/2000
CartPole-v1_disc-0.2_2000_s1_100_t500_88: 800/2000
CartPole-v1_disc-0.2_2000_s1_100_t500_88: 1000/2000
CartPole-v1_disc-0.2_2000_s1_100_t500_88: 1200/2000
CartPole-v1_disc-0.2_2000_s1_100_t500_88: 1400/2000
CartPole-v1_disc-0.2_2000_s1_100_t500_88: 1600/2000
CartPole-v1_disc-0.2_2000_s1_100_t500_88: 1800/2000
CartPole-v1_disc-0.2_2000_s1_100_t500_88: 2000/2000
False -0.2 0.2 0.04
CartPole-v1_disc-0.2_2000_s1_100_t500_93: 200/2000
CartPole-v1_disc-0.2_2000_s1_100_t500_93: 400/2000
CartPole-v1_disc-0.2_2000_s1_100_t500_93: 600/2000
CartPole-v1_disc-0.2_2000_s1_100_t500_93: 800/2000
CartPole-v1_disc-0.2_2000_s1_100_t500_93: 1000/2000
CartPole-v1_disc-0.2_2000_s1_100_t500_93: 1200/2000
CartPole-v1_disc-0.2_2000_s1_100_t500_93: 1400/2000
CartPole-v1_disc-0.2_2000_s1_100_t500_93: 1600/2000
CartPole-v1_disc-0.2_2000_s1_100_t500_93: 1800/2000
CartPole-v1_disc-0.2_2000_s1_100_t500_93: 2000/2000
False -0.2 0.2 0.04
CartPole-v1_disc-0.2_2000_s1_100_t500_47: 200/2000
CartPole-v1_disc-0.2_2000_s1_100_t500_47: 400/2000
CartPole-v1_disc-0.2_2000_s1_100_t500_47: 600/2000
CartPole-v1_disc-0.2_2000_s1_100_t500_47: 800/2000
CartPole-v1_disc-0.2_2000_s1_100_t500_47: 1000/2000
CartPole-v1_disc-0.2_2000_s1_100_t500_47: 1200/2000
CartPole-v1_disc-0.2_2000_s1_100_t500_47: 1400/2000
CartPole-v1_disc-0.2_2000_s1_100_t500_47: 1600/2000
CartPole-v1_disc-0.2_2000_s1_100_t500_47: 1800/2000
CartPole-v1_disc-0.2_2000_s1_100_t500_47: 2000/2000
False -0.2 0.2 0.04
CartPole-v1_disc-0.2_2000_s1_100_t500_82: 200/2000
CartPole-v1_disc-0.2_2000_s1_100_t500_82: 400/2000
CartPole-v1_disc-0.2_2000_s1_100_t500_82: 600/2000
CartPole-v1_disc-0.2_2000_s1_100_t500_82: 800/2000
CartPole-v1_disc-0.2_2000_s1_100_t500_82: 1000/2000
CartPole-v1_disc-0.2_2000_s1_100_t500_82: 1200/2000
CartPole-v1_disc-0.2_2000_s1_100_t500_82: 1400/2000
CartPole-v1_disc-0.2_2000_s1_100_t500_82: 1600/2000
CartPole-v1_disc-0.2_2000_s1_100_t500_82: 1800/2000
CartPole-v1_disc-0.2_2000_s1_100_t500_82: 2000/2000
False -0.2 0.2 0.04
CartPole-v1_disc-0.2_2000_s1_100_t500_49: 200/2000
CartPole-v1_disc-0.2_2000_s1_100_t500_49: 400/2000
CartPole-v1_disc-0.2_2000_s1_100_t500_49: 600/2000
CartPole-v1_disc-0.2_2000_s1_100_t500_49: 800/2000
CartPole-v1_disc-0.2_2000_s1_100_t500_49: 1000/2000
CartPole-v1_disc-0.2_2000_s1_100_t500_49: 1200/2000
CartPole-v1_disc-0.2_2000_s1_100_t500_49: 1400/2000
CartPole-v1_disc-0.2_2000_s1_100_t500_49: 1600/2000
CartPole-v1_disc-0.2_2000_s1_100_t500_49: 1800/2000
CartPole-v1_disc-0.2_2000_s1_100_t500_49: 2000/2000
False -0.2 0.2 0.04
CartPole-v1_disc-0.2_2000_s1_100_t500_78: 200/2000
CartPole-v1_disc-0.2_2000_s1_100_t500_78: 400/2000
CartPole-v1_disc-0.2_2000_s1_100_t500_78: 600/2000
CartPole-v1_disc-0.2_2000_s1_100_t500_78: 800/2000
CartPole-v1_disc-0.2_2000_s1_100_t500_78: 1000/2000
CartPole-v1_disc-0.2_2000_s1_100_t500_78: 1200/2000
CartPole-v1_disc-0.2_2000_s1_100_t500_78: 1400/2000
CartPole-v1_disc-0.2_2000_s1_100_t500_78: 1600/2000
CartPole-v1_disc-0.2_2000_s1_100_t500_78: 1800/2000
CartPole-v1_disc-0.2_2000_s1_100_t500_78: 2000/2000
False -0.2 0.2 0.04
CartPole-v1_disc-0.2_2000_s1_100_t500_59: 200/2000
CartPole-v1_disc-0.2_2000_s1_100_t500_59: 400/2000
CartPole-v1_disc-0.2_2000_s1_100_t500_59: 600/2000
CartPole-v1_disc-0.2_2000_s1_100_t500_59: 800/2000
CartPole-v1_disc-0.2_2000_s1_100_t500_59: 1000/2000
CartPole-v1_disc-0.2_2000_s1_100_t500_59: 1200/2000
CartPole-v1_disc-0.2_2000_s1_100_t500_59: 1400/2000
CartPole-v1_disc-0.2_2000_s1_100_t500_59: 1600/2000
CartPole-v1_disc-0.2_2000_s1_100_t500_59: 1800/2000
CartPole-v1_disc-0.2_2000_s1_100_t500_59: 2000/2000
False -0.2 0.2 0.04
CartPole-v1_disc-0.2_2000_s1_100_t500_97: 200/2000
CartPole-v1_disc-0.2_2000_s1_100_t500_97: 400/2000
CartPole-v1_disc-0.2_2000_s1_100_t500_97: 600/2000
CartPole-v1_disc-0.2_2000_s1_100_t500_97: 800/2000
CartPole-v1_disc-0.2_2000_s1_100_t500_97: 1000/2000
CartPole-v1_disc-0.2_2000_s1_100_t500_97: 1200/2000
CartPole-v1_disc-0.2_2000_s1_100_t500_97: 1400/2000
CartPole-v1_disc-0.2_2000_s1_100_t500_97: 1600/2000
CartPole-v1_disc-0.2_2000_s1_100_t500_97: 1800/2000
CartPole-v1_disc-0.2_2000_s1_100_t500_97: 2000/2000
False -0.2 0.2 0.04
CartPole-v1_disc-0.2_2000_s1_100_t500_67: 200/2000
CartPole-v1_disc-0.2_2000_s1_100_t500_67: 400/2000
CartPole-v1_disc-0.2_2000_s1_100_t500_67: 600/2000
CartPole-v1_disc-0.2_2000_s1_100_t500_67: 800/2000
CartPole-v1_disc-0.2_2000_s1_100_t500_67: 1000/2000
CartPole-v1_disc-0.2_2000_s1_100_t500_67: 1200/2000
CartPole-v1_disc-0.2_2000_s1_100_t500_67: 1400/2000
CartPole-v1_disc-0.2_2000_s1_100_t500_67: 1600/2000
CartPole-v1_disc-0.2_2000_s1_100_t500_67: 1800/2000
CartPole-v1_disc-0.2_2000_s1_100_t500_67: 2000/2000
False -0.2 0.2 0.04
CartPole-v1_disc-0.2_2000_s1_100_t500_21: 200/2000
CartPole-v1_disc-0.2_2000_s1_100_t500_21: 400/2000
CartPole-v1_disc-0.2_2000_s1_100_t500_21: 600/2000
CartPole-v1_disc-0.2_2000_s1_100_t500_21: 800/2000
CartPole-v1_disc-0.2_2000_s1_100_t500_21: 1000/2000
CartPole-v1_disc-0.2_2000_s1_100_t500_21: 1200/2000
CartPole-v1_disc-0.2_2000_s1_100_t500_21: 1400/2000
CartPole-v1_disc-0.2_2000_s1_100_t500_21: 1600/2000
CartPole-v1_disc-0.2_2000_s1_100_t500_21: 1800/2000
CartPole-v1_disc-0.2_2000_s1_100_t500_21: 2000/2000
False -0.2 0.2 0.04
CartPole-v1_disc-0.2_2000_s1_100_t500_83: 200/2000
CartPole-v1_disc-0.2_2000_s1_100_t500_83: 400/2000
CartPole-v1_disc-0.2_2000_s1_100_t500_83: 600/2000
CartPole-v1_disc-0.2_2000_s1_100_t500_83: 800/2000
CartPole-v1_disc-0.2_2000_s1_100_t500_83: 1000/2000
CartPole-v1_disc-0.2_2000_s1_100_t500_83: 1200/2000
CartPole-v1_disc-0.2_2000_s1_100_t500_83: 1400/2000
CartPole-v1_disc-0.2_2000_s1_100_t500_83: 1600/2000
CartPole-v1_disc-0.2_2000_s1_100_t500_83: 1800/2000
CartPole-v1_disc-0.2_2000_s1_100_t500_83: 2000/2000
False -0.2 0.2 0.04
CartPole-v1_disc-0.2_2000_s1_100_t500_48: 200/2000
CartPole-v1_disc-0.2_2000_s1_100_t500_48: 400/2000
CartPole-v1_disc-0.2_2000_s1_100_t500_48: 600/2000
CartPole-v1_disc-0.2_2000_s1_100_t500_48: 800/2000
CartPole-v1_disc-0.2_2000_s1_100_t500_48: 1000/2000
CartPole-v1_disc-0.2_2000_s1_100_t500_48: 1200/2000
CartPole-v1_disc-0.2_2000_s1_100_t500_48: 1400/2000
CartPole-v1_disc-0.2_2000_s1_100_t500_48: 1600/2000
CartPole-v1_disc-0.2_2000_s1_100_t500_48: 1800/2000
CartPole-v1_disc-0.2_2000_s1_100_t500_48: 2000/2000
False -0.2 0.2 0.04
CartPole-v1_disc-0.2_2000_s1_100_t500_74: 200/2000
CartPole-v1_disc-0.2_2000_s1_100_t500_74: 400/2000
CartPole-v1_disc-0.2_2000_s1_100_t500_74: 600/2000
CartPole-v1_disc-0.2_2000_s1_100_t500_74: 800/2000
CartPole-v1_disc-0.2_2000_s1_100_t500_74: 1000/2000
CartPole-v1_disc-0.2_2000_s1_100_t500_74: 1200/2000
CartPole-v1_disc-0.2_2000_s1_100_t500_74: 1400/2000
CartPole-v1_disc-0.2_2000_s1_100_t500_74: 1600/2000
CartPole-v1_disc-0.2_2000_s1_100_t500_74: 1800/2000
CartPole-v1_disc-0.2_2000_s1_100_t500_74: 2000/2000
False -0.2 0.2 0.04
CartPole-v1_disc-0.2_2000_s1_100_t500_89: 200/2000
CartPole-v1_disc-0.2_2000_s1_100_t500_89: 400/2000
CartPole-v1_disc-0.2_2000_s1_100_t500_89: 600/2000
CartPole-v1_disc-0.2_2000_s1_100_t500_89: 800/2000
CartPole-v1_disc-0.2_2000_s1_100_t500_89: 1000/2000
CartPole-v1_disc-0.2_2000_s1_100_t500_89: 1200/2000
CartPole-v1_disc-0.2_2000_s1_100_t500_89: 1400/2000
CartPole-v1_disc-0.2_2000_s1_100_t500_89: 1600/2000
CartPole-v1_disc-0.2_2000_s1_100_t500_89: 1800/2000
CartPole-v1_disc-0.2_2000_s1_100_t500_89: 2000/2000
False -0.2 0.2 0.04
CartPole-v1_disc-0.2_2000_s1_100_t500_76: 200/2000
CartPole-v1_disc-0.2_2000_s1_100_t500_76: 400/2000
CartPole-v1_disc-0.2_2000_s1_100_t500_76: 600/2000
CartPole-v1_disc-0.2_2000_s1_100_t500_76: 800/2000
CartPole-v1_disc-0.2_2000_s1_100_t500_76: 1000/2000
CartPole-v1_disc-0.2_2000_s1_100_t500_76: 1200/2000
CartPole-v1_disc-0.2_2000_s1_100_t500_76: 1400/2000
CartPole-v1_disc-0.2_2000_s1_100_t500_76: 1600/2000
CartPole-v1_disc-0.2_2000_s1_100_t500_76: 1800/2000
CartPole-v1_disc-0.2_2000_s1_100_t500_76: 2000/2000
False -0.2 0.2 0.04
CartPole-v1_disc-0.2_2000_s1_100_t500_99: 200/2000
CartPole-v1_disc-0.2_2000_s1_100_t500_99: 400/2000
CartPole-v1_disc-0.2_2000_s1_100_t500_99: 600/2000
CartPole-v1_disc-0.2_2000_s1_100_t500_99: 800/2000
CartPole-v1_disc-0.2_2000_s1_100_t500_99: 1000/2000
CartPole-v1_disc-0.2_2000_s1_100_t500_99: 1200/2000
CartPole-v1_disc-0.2_2000_s1_100_t500_99: 1400/2000
CartPole-v1_disc-0.2_2000_s1_100_t500_99: 1600/2000
CartPole-v1_disc-0.2_2000_s1_100_t500_99: 1800/2000
CartPole-v1_disc-0.2_2000_s1_100_t500_99: 2000/2000
False -0.2 0.2 0.04
CartPole-v1_disc-0.2_2000_s1_100_t500_73: 200/2000
CartPole-v1_disc-0.2_2000_s1_100_t500_73: 400/2000
CartPole-v1_disc-0.2_2000_s1_100_t500_73: 600/2000
CartPole-v1_disc-0.2_2000_s1_100_t500_73: 800/2000
CartPole-v1_disc-0.2_2000_s1_100_t500_73: 1000/2000
CartPole-v1_disc-0.2_2000_s1_100_t500_73: 1200/2000
CartPole-v1_disc-0.2_2000_s1_100_t500_73: 1400/2000
CartPole-v1_disc-0.2_2000_s1_100_t500_73: 1600/2000
CartPole-v1_disc-0.2_2000_s1_100_t500_73: 1800/2000
CartPole-v1_disc-0.2_2000_s1_100_t500_73: 2000/2000
False -0.2 0.2 0.04
CartPole-v1_disc-0.2_2000_s1_100_t500_8: 200/2000
CartPole-v1_disc-0.2_2000_s1_100_t500_8: 400/2000
CartPole-v1_disc-0.2_2000_s1_100_t500_8: 600/2000
CartPole-v1_disc-0.2_2000_s1_100_t500_8: 800/2000
CartPole-v1_disc-0.2_2000_s1_100_t500_8: 1000/2000
CartPole-v1_disc-0.2_2000_s1_100_t500_8: 1200/2000
CartPole-v1_disc-0.2_2000_s1_100_t500_8: 1400/2000
CartPole-v1_disc-0.2_2000_s1_100_t500_8: 1600/2000
CartPole-v1_disc-0.2_2000_s1_100_t500_8: 1800/2000
CartPole-v1_disc-0.2_2000_s1_100_t500_8: 2000/2000
False -0.2 0.2 0.04
CartPole-v1_disc-0.2_2000_s1_100_t500_16: 200/2000
CartPole-v1_disc-0.2_2000_s1_100_t500_16: 400/2000
CartPole-v1_disc-0.2_2000_s1_100_t500_16: 600/2000
CartPole-v1_disc-0.2_2000_s1_100_t500_16: 800/2000
CartPole-v1_disc-0.2_2000_s1_100_t500_16: 1000/2000
CartPole-v1_disc-0.2_2000_s1_100_t500_16: 1200/2000
CartPole-v1_disc-0.2_2000_s1_100_t500_16: 1400/2000
CartPole-v1_disc-0.2_2000_s1_100_t500_16: 1600/2000
CartPole-v1_disc-0.2_2000_s1_100_t500_16: 1800/2000
CartPole-v1_disc-0.2_2000_s1_100_t500_16: 2000/2000
False -0.2 0.2 0.04
CartPole-v1_disc-0.2_2000_s1_100_t500_65: 200/2000
CartPole-v1_disc-0.2_2000_s1_100_t500_65: 400/2000
CartPole-v1_disc-0.2_2000_s1_100_t500_65: 600/2000
CartPole-v1_disc-0.2_2000_s1_100_t500_65: 800/2000
CartPole-v1_disc-0.2_2000_s1_100_t500_65: 1000/2000
CartPole-v1_disc-0.2_2000_s1_100_t500_65: 1200/2000
CartPole-v1_disc-0.2_2000_s1_100_t500_65: 1400/2000
CartPole-v1_disc-0.2_2000_s1_100_t500_65: 1600/2000
CartPole-v1_disc-0.2_2000_s1_100_t500_65: 1800/2000
CartPole-v1_disc-0.2_2000_s1_100_t500_65: 2000/2000
False -0.2 0.2 0.04
CartPole-v1_disc-0.2_2000_s1_100_t500_84: 200/2000
CartPole-v1_disc-0.2_2000_s1_100_t500_84: 400/2000
CartPole-v1_disc-0.2_2000_s1_100_t500_84: 600/2000
CartPole-v1_disc-0.2_2000_s1_100_t500_84: 800/2000
CartPole-v1_disc-0.2_2000_s1_100_t500_84: 1000/2000
CartPole-v1_disc-0.2_2000_s1_100_t500_84: 1200/2000
CartPole-v1_disc-0.2_2000_s1_100_t500_84: 1400/2000
CartPole-v1_disc-0.2_2000_s1_100_t500_84: 1600/2000
CartPole-v1_disc-0.2_2000_s1_100_t500_84: 1800/2000
CartPole-v1_disc-0.2_2000_s1_100_t500_84: 2000/2000
False -0.2 0.2 0.04
CartPole-v1_disc-0.2_2000_s1_100_t500_72: 200/2000
CartPole-v1_disc-0.2_2000_s1_100_t500_72: 400/2000
CartPole-v1_disc-0.2_2000_s1_100_t500_72: 600/2000
CartPole-v1_disc-0.2_2000_s1_100_t500_72: 800/2000
CartPole-v1_disc-0.2_2000_s1_100_t500_72: 1000/2000
CartPole-v1_disc-0.2_2000_s1_100_t500_72: 1200/2000
CartPole-v1_disc-0.2_2000_s1_100_t500_72: 1400/2000
CartPole-v1_disc-0.2_2000_s1_100_t500_72: 1600/2000
CartPole-v1_disc-0.2_2000_s1_100_t500_72: 1800/2000
CartPole-v1_disc-0.2_2000_s1_100_t500_72: 2000/2000
False -0.2 0.2 0.04
CartPole-v1_disc-0.2_2000_s1_100_t500_95: 200/2000
CartPole-v1_disc-0.2_2000_s1_100_t500_95: 400/2000
CartPole-v1_disc-0.2_2000_s1_100_t500_95: 600/2000
CartPole-v1_disc-0.2_2000_s1_100_t500_95: 800/2000
CartPole-v1_disc-0.2_2000_s1_100_t500_95: 1000/2000
CartPole-v1_disc-0.2_2000_s1_100_t500_95: 1200/2000
CartPole-v1_disc-0.2_2000_s1_100_t500_95: 1400/2000
CartPole-v1_disc-0.2_2000_s1_100_t500_95: 1600/2000
CartPole-v1_disc-0.2_2000_s1_100_t500_95: 1800/2000
CartPole-v1_disc-0.2_2000_s1_100_t500_95: 2000/2000
False -0.2 0.2 0.04
CartPole-v1_disc-0.2_2000_s1_100_t500_79: 200/2000
CartPole-v1_disc-0.2_2000_s1_100_t500_79: 400/2000
CartPole-v1_disc-0.2_2000_s1_100_t500_79: 600/2000
CartPole-v1_disc-0.2_2000_s1_100_t500_79: 800/2000
CartPole-v1_disc-0.2_2000_s1_100_t500_79: 1000/2000
CartPole-v1_disc-0.2_2000_s1_100_t500_79: 1200/2000
CartPole-v1_disc-0.2_2000_s1_100_t500_79: 1400/2000
CartPole-v1_disc-0.2_2000_s1_100_t500_79: 1600/2000
CartPole-v1_disc-0.2_2000_s1_100_t500_79: 1800/2000
CartPole-v1_disc-0.2_2000_s1_100_t500_79: 2000/2000
False -0.2 0.2 0.04
CartPole-v1_disc-0.2_2000_s1_100_t500_70: 200/2000
CartPole-v1_disc-0.2_2000_s1_100_t500_70: 400/2000
CartPole-v1_disc-0.2_2000_s1_100_t500_70: 600/2000
CartPole-v1_disc-0.2_2000_s1_100_t500_70: 800/2000
CartPole-v1_disc-0.2_2000_s1_100_t500_70: 1000/2000
CartPole-v1_disc-0.2_2000_s1_100_t500_70: 1200/2000
CartPole-v1_disc-0.2_2000_s1_100_t500_70: 1400/2000
CartPole-v1_disc-0.2_2000_s1_100_t500_70: 1600/2000
CartPole-v1_disc-0.2_2000_s1_100_t500_70: 1800/2000
CartPole-v1_disc-0.2_2000_s1_100_t500_70: 2000/2000
False -0.2 0.2 0.04
CartPole-v1_disc-0.2_2000_s1_100_t500_91: 200/2000
CartPole-v1_disc-0.2_2000_s1_100_t500_91: 400/2000
CartPole-v1_disc-0.2_2000_s1_100_t500_91: 600/2000
CartPole-v1_disc-0.2_2000_s1_100_t500_91: 800/2000
CartPole-v1_disc-0.2_2000_s1_100_t500_91: 1000/2000
CartPole-v1_disc-0.2_2000_s1_100_t500_91: 1200/2000
CartPole-v1_disc-0.2_2000_s1_100_t500_91: 1400/2000
CartPole-v1_disc-0.2_2000_s1_100_t500_91: 1600/2000
CartPole-v1_disc-0.2_2000_s1_100_t500_91: 1800/2000
CartPole-v1_disc-0.2_2000_s1_100_t500_91: 2000/2000
False -0.2 0.2 0.04
CartPole-v1_disc-0.2_2000_s1_100_t500_71: 200/2000
CartPole-v1_disc-0.2_2000_s1_100_t500_71: 400/2000
CartPole-v1_disc-0.2_2000_s1_100_t500_71: 600/2000
CartPole-v1_disc-0.2_2000_s1_100_t500_71: 800/2000
CartPole-v1_disc-0.2_2000_s1_100_t500_71: 1000/2000
CartPole-v1_disc-0.2_2000_s1_100_t500_71: 1200/2000
CartPole-v1_disc-0.2_2000_s1_100_t500_71: 1400/2000
CartPole-v1_disc-0.2_2000_s1_100_t500_71: 1600/2000
CartPole-v1_disc-0.2_2000_s1_100_t500_71: 1800/2000
CartPole-v1_disc-0.2_2000_s1_100_t500_71: 2000/2000
False -0.2 0.2 0.04
CartPole-v1_disc-0.2_2000_s1_100_t500_60: 200/2000
CartPole-v1_disc-0.2_2000_s1_100_t500_60: 400/2000
CartPole-v1_disc-0.2_2000_s1_100_t500_60: 600/2000
CartPole-v1_disc-0.2_2000_s1_100_t500_60: 800/2000
CartPole-v1_disc-0.2_2000_s1_100_t500_60: 1000/2000
CartPole-v1_disc-0.2_2000_s1_100_t500_60: 1200/2000
CartPole-v1_disc-0.2_2000_s1_100_t500_60: 1400/2000
CartPole-v1_disc-0.2_2000_s1_100_t500_60: 1600/2000
CartPole-v1_disc-0.2_2000_s1_100_t500_60: 1800/2000
CartPole-v1_disc-0.2_2000_s1_100_t500_60: 2000/2000
False -0.2 0.2 0.04
CartPole-v1_disc-0.2_2000_s1_100_t500_75: 200/2000
CartPole-v1_disc-0.2_2000_s1_100_t500_75: 400/2000
CartPole-v1_disc-0.2_2000_s1_100_t500_75: 600/2000
CartPole-v1_disc-0.2_2000_s1_100_t500_75: 800/2000
CartPole-v1_disc-0.2_2000_s1_100_t500_75: 1000/2000
CartPole-v1_disc-0.2_2000_s1_100_t500_75: 1200/2000
CartPole-v1_disc-0.2_2000_s1_100_t500_75: 1400/2000
CartPole-v1_disc-0.2_2000_s1_100_t500_75: 1600/2000
CartPole-v1_disc-0.2_2000_s1_100_t500_75: 1800/2000
CartPole-v1_disc-0.2_2000_s1_100_t500_75: 2000/2000
False -0.2 0.2 0.04
CartPole-v1_disc-0.2_2000_s1_100_t500_53: 200/2000
CartPole-v1_disc-0.2_2000_s1_100_t500_53: 400/2000
CartPole-v1_disc-0.2_2000_s1_100_t500_53: 600/2000
CartPole-v1_disc-0.2_2000_s1_100_t500_53: 800/2000
CartPole-v1_disc-0.2_2000_s1_100_t500_53: 1000/2000
CartPole-v1_disc-0.2_2000_s1_100_t500_53: 1200/2000
CartPole-v1_disc-0.2_2000_s1_100_t500_53: 1400/2000
CartPole-v1_disc-0.2_2000_s1_100_t500_53: 1600/2000
CartPole-v1_disc-0.2_2000_s1_100_t500_53: 1800/2000
CartPole-v1_disc-0.2_2000_s1_100_t500_53: 2000/2000
False -0.2 0.2 0.04
CartPole-v1_disc-0.2_2000_s1_100_t500_61: 200/2000
CartPole-v1_disc-0.2_2000_s1_100_t500_61: 400/2000
CartPole-v1_disc-0.2_2000_s1_100_t500_61: 600/2000
CartPole-v1_disc-0.2_2000_s1_100_t500_61: 800/2000
CartPole-v1_disc-0.2_2000_s1_100_t500_61: 1000/2000
CartPole-v1_disc-0.2_2000_s1_100_t500_61: 1200/2000
CartPole-v1_disc-0.2_2000_s1_100_t500_61: 1400/2000
CartPole-v1_disc-0.2_2000_s1_100_t500_61: 1600/2000
CartPole-v1_disc-0.2_2000_s1_100_t500_61: 1800/2000
CartPole-v1_disc-0.2_2000_s1_100_t500_61: 2000/2000
False -0.2 0.2 0.04
CartPole-v1_disc-0.2_2000_s1_100_t500_100: 200/2000
CartPole-v1_disc-0.2_2000_s1_100_t500_100: 400/2000
CartPole-v1_disc-0.2_2000_s1_100_t500_100: 600/2000
CartPole-v1_disc-0.2_2000_s1_100_t500_100: 800/2000
CartPole-v1_disc-0.2_2000_s1_100_t500_100: 1000/2000
CartPole-v1_disc-0.2_2000_s1_100_t500_100: 1200/2000
CartPole-v1_disc-0.2_2000_s1_100_t500_100: 1400/2000
CartPole-v1_disc-0.2_2000_s1_100_t500_100: 1600/2000
CartPole-v1_disc-0.2_2000_s1_100_t500_100: 1800/2000
CartPole-v1_disc-0.2_2000_s1_100_t500_100: 2000/2000
False -0.2 0.2 0.04
CartPole-v1_disc-0.2_2000_s1_100_t500_86: 200/2000
CartPole-v1_disc-0.2_2000_s1_100_t500_86: 400/2000
CartPole-v1_disc-0.2_2000_s1_100_t500_86: 600/2000
CartPole-v1_disc-0.2_2000_s1_100_t500_86: 800/2000
CartPole-v1_disc-0.2_2000_s1_100_t500_86: 1000/2000
CartPole-v1_disc-0.2_2000_s1_100_t500_86: 1200/2000
CartPole-v1_disc-0.2_2000_s1_100_t500_86: 1400/2000
CartPole-v1_disc-0.2_2000_s1_100_t500_86: 1600/2000
CartPole-v1_disc-0.2_2000_s1_100_t500_86: 1800/2000
CartPole-v1_disc-0.2_2000_s1_100_t500_86: 2000/2000
False -0.2 0.2 0.04
CartPole-v1_disc-0.2_2000_s1_100_t500_51: 200/2000
CartPole-v1_disc-0.2_2000_s1_100_t500_51: 400/2000
CartPole-v1_disc-0.2_2000_s1_100_t500_51: 600/2000
CartPole-v1_disc-0.2_2000_s1_100_t500_51: 800/2000
CartPole-v1_disc-0.2_2000_s1_100_t500_51: 1000/2000
CartPole-v1_disc-0.2_2000_s1_100_t500_51: 1200/2000
CartPole-v1_disc-0.2_2000_s1_100_t500_51: 1400/2000
CartPole-v1_disc-0.2_2000_s1_100_t500_51: 1600/2000
CartPole-v1_disc-0.2_2000_s1_100_t500_51: 1800/2000
CartPole-v1_disc-0.2_2000_s1_100_t500_51: 2000/2000
False -0.2 0.2 0.04
CartPole-v1_disc-0.2_2000_s1_100_t500_55: 200/2000
CartPole-v1_disc-0.2_2000_s1_100_t500_55: 400/2000
CartPole-v1_disc-0.2_2000_s1_100_t500_55: 600/2000
CartPole-v1_disc-0.2_2000_s1_100_t500_55: 800/2000
CartPole-v1_disc-0.2_2000_s1_100_t500_55: 1000/2000
CartPole-v1_disc-0.2_2000_s1_100_t500_55: 1200/2000
CartPole-v1_disc-0.2_2000_s1_100_t500_55: 1400/2000
CartPole-v1_disc-0.2_2000_s1_100_t500_55: 1600/2000
CartPole-v1_disc-0.2_2000_s1_100_t500_55: 1800/2000
CartPole-v1_disc-0.2_2000_s1_100_t500_55: 2000/2000
False -0.2 0.2 0.04
CartPole-v1_disc-0.2_2000_s1_100_t500_43: 200/2000
CartPole-v1_disc-0.2_2000_s1_100_t500_43: 400/2000
CartPole-v1_disc-0.2_2000_s1_100_t500_43: 600/2000
CartPole-v1_disc-0.2_2000_s1_100_t500_43: 800/2000
CartPole-v1_disc-0.2_2000_s1_100_t500_43: 1000/2000
CartPole-v1_disc-0.2_2000_s1_100_t500_43: 1200/2000
CartPole-v1_disc-0.2_2000_s1_100_t500_43: 1400/2000
CartPole-v1_disc-0.2_2000_s1_100_t500_43: 1600/2000
CartPole-v1_disc-0.2_2000_s1_100_t500_43: 1800/2000
CartPole-v1_disc-0.2_2000_s1_100_t500_43: 2000/2000
False -0.2 0.2 0.04
CartPole-v1_disc-0.2_2000_s1_100_t500_34: 200/2000
CartPole-v1_disc-0.2_2000_s1_100_t500_34: 400/2000
CartPole-v1_disc-0.2_2000_s1_100_t500_34: 600/2000
CartPole-v1_disc-0.2_2000_s1_100_t500_34: 800/2000
CartPole-v1_disc-0.2_2000_s1_100_t500_34: 1000/2000
CartPole-v1_disc-0.2_2000_s1_100_t500_34: 1200/2000
CartPole-v1_disc-0.2_2000_s1_100_t500_34: 1400/2000
CartPole-v1_disc-0.2_2000_s1_100_t500_34: 1600/2000
CartPole-v1_disc-0.2_2000_s1_100_t500_34: 1800/2000
CartPole-v1_disc-0.2_2000_s1_100_t500_34: 2000/2000
False -0.2 0.2 0.04
CartPole-v1_disc-0.2_2000_s1_100_t500_24: 200/2000
CartPole-v1_disc-0.2_2000_s1_100_t500_24: 400/2000
CartPole-v1_disc-0.2_2000_s1_100_t500_24: 600/2000
CartPole-v1_disc-0.2_2000_s1_100_t500_24: 800/2000
CartPole-v1_disc-0.2_2000_s1_100_t500_24: 1000/2000
CartPole-v1_disc-0.2_2000_s1_100_t500_24: 1200/2000
CartPole-v1_disc-0.2_2000_s1_100_t500_24: 1400/2000
CartPole-v1_disc-0.2_2000_s1_100_t500_24: 1600/2000
CartPole-v1_disc-0.2_2000_s1_100_t500_24: 1800/2000
CartPole-v1_disc-0.2_2000_s1_100_t500_24: 2000/2000
False -0.2 0.2 0.04
CartPole-v1_disc-0.2_2000_s1_100_t500_36: 200/2000
CartPole-v1_disc-0.2_2000_s1_100_t500_36: 400/2000
CartPole-v1_disc-0.2_2000_s1_100_t500_36: 600/2000
CartPole-v1_disc-0.2_2000_s1_100_t500_36: 800/2000
CartPole-v1_disc-0.2_2000_s1_100_t500_36: 1000/2000
CartPole-v1_disc-0.2_2000_s1_100_t500_36: 1200/2000
CartPole-v1_disc-0.2_2000_s1_100_t500_36: 1400/2000
CartPole-v1_disc-0.2_2000_s1_100_t500_36: 1600/2000
CartPole-v1_disc-0.2_2000_s1_100_t500_36: 1800/2000
CartPole-v1_disc-0.2_2000_s1_100_t500_36: 2000/2000
False -0.2 0.2 0.04
CartPole-v1_disc-0.2_2000_s1_100_t500_38: 200/2000
CartPole-v1_disc-0.2_2000_s1_100_t500_38: 400/2000
CartPole-v1_disc-0.2_2000_s1_100_t500_38: 600/2000
CartPole-v1_disc-0.2_2000_s1_100_t500_38: 800/2000
CartPole-v1_disc-0.2_2000_s1_100_t500_38: 1000/2000
CartPole-v1_disc-0.2_2000_s1_100_t500_38: 1200/2000
CartPole-v1_disc-0.2_2000_s1_100_t500_38: 1400/2000
CartPole-v1_disc-0.2_2000_s1_100_t500_38: 1600/2000
CartPole-v1_disc-0.2_2000_s1_100_t500_38: 1800/2000
CartPole-v1_disc-0.2_2000_s1_100_t500_38: 2000/2000
False -0.2 0.2 0.04
CartPole-v1_disc-0.2_2000_s1_100_t500_52: 200/2000
CartPole-v1_disc-0.2_2000_s1_100_t500_52: 400/2000
CartPole-v1_disc-0.2_2000_s1_100_t500_52: 600/2000
CartPole-v1_disc-0.2_2000_s1_100_t500_52: 800/2000
CartPole-v1_disc-0.2_2000_s1_100_t500_52: 1000/2000
CartPole-v1_disc-0.2_2000_s1_100_t500_52: 1200/2000
CartPole-v1_disc-0.2_2000_s1_100_t500_52: 1400/2000
CartPole-v1_disc-0.2_2000_s1_100_t500_52: 1600/2000
CartPole-v1_disc-0.2_2000_s1_100_t500_52: 1800/2000
CartPole-v1_disc-0.2_2000_s1_100_t500_52: 2000/2000
False -0.2 0.2 0.04
CartPole-v1_disc-0.2_2000_s1_100_t500_12: 200/2000
CartPole-v1_disc-0.2_2000_s1_100_t500_12: 400/2000
CartPole-v1_disc-0.2_2000_s1_100_t500_12: 600/2000
CartPole-v1_disc-0.2_2000_s1_100_t500_12: 800/2000
CartPole-v1_disc-0.2_2000_s1_100_t500_12: 1000/2000
CartPole-v1_disc-0.2_2000_s1_100_t500_12: 1200/2000
CartPole-v1_disc-0.2_2000_s1_100_t500_12: 1400/2000
CartPole-v1_disc-0.2_2000_s1_100_t500_12: 1600/2000
CartPole-v1_disc-0.2_2000_s1_100_t500_12: 1800/2000
CartPole-v1_disc-0.2_2000_s1_100_t500_12: 2000/2000
False -0.2 0.2 0.04
CartPole-v1_disc-0.2_2000_s1_100_t500_54: 200/2000
CartPole-v1_disc-0.2_2000_s1_100_t500_54: 400/2000
CartPole-v1_disc-0.2_2000_s1_100_t500_54: 600/2000
CartPole-v1_disc-0.2_2000_s1_100_t500_54: 800/2000
CartPole-v1_disc-0.2_2000_s1_100_t500_54: 1000/2000
CartPole-v1_disc-0.2_2000_s1_100_t500_54: 1200/2000
CartPole-v1_disc-0.2_2000_s1_100_t500_54: 1400/2000
CartPole-v1_disc-0.2_2000_s1_100_t500_54: 1600/2000
CartPole-v1_disc-0.2_2000_s1_100_t500_54: 1800/2000
CartPole-v1_disc-0.2_2000_s1_100_t500_54: 2000/2000
False -0.2 0.2 0.04
CartPole-v1_disc-0.2_2000_s1_100_t500_7: 200/2000
CartPole-v1_disc-0.2_2000_s1_100_t500_7: 400/2000
CartPole-v1_disc-0.2_2000_s1_100_t500_7: 600/2000
CartPole-v1_disc-0.2_2000_s1_100_t500_7: 800/2000
CartPole-v1_disc-0.2_2000_s1_100_t500_7: 1000/2000
CartPole-v1_disc-0.2_2000_s1_100_t500_7: 1200/2000
CartPole-v1_disc-0.2_2000_s1_100_t500_7: 1400/2000
CartPole-v1_disc-0.2_2000_s1_100_t500_7: 1600/2000
CartPole-v1_disc-0.2_2000_s1_100_t500_7: 1800/2000
CartPole-v1_disc-0.2_2000_s1_100_t500_7: 2000/2000
False -0.2 0.2 0.04
CartPole-v1_disc-0.2_2000_s1_100_t500_96: 200/2000
CartPole-v1_disc-0.2_2000_s1_100_t500_96: 400/2000
CartPole-v1_disc-0.2_2000_s1_100_t500_96: 600/2000
CartPole-v1_disc-0.2_2000_s1_100_t500_96: 800/2000
CartPole-v1_disc-0.2_2000_s1_100_t500_96: 1000/2000
CartPole-v1_disc-0.2_2000_s1_100_t500_96: 1200/2000
CartPole-v1_disc-0.2_2000_s1_100_t500_96: 1400/2000
CartPole-v1_disc-0.2_2000_s1_100_t500_96: 1600/2000
CartPole-v1_disc-0.2_2000_s1_100_t500_96: 1800/2000
CartPole-v1_disc-0.2_2000_s1_100_t500_96: 2000/2000
False -0.2 0.2 0.04
CartPole-v1_disc-0.2_2000_s1_100_t500_26: 200/2000
CartPole-v1_disc-0.2_2000_s1_100_t500_26: 400/2000
CartPole-v1_disc-0.2_2000_s1_100_t500_26: 600/2000
CartPole-v1_disc-0.2_2000_s1_100_t500_26: 800/2000
CartPole-v1_disc-0.2_2000_s1_100_t500_26: 1000/2000
CartPole-v1_disc-0.2_2000_s1_100_t500_26: 1200/2000
CartPole-v1_disc-0.2_2000_s1_100_t500_26: 1400/2000
CartPole-v1_disc-0.2_2000_s1_100_t500_26: 1600/2000
CartPole-v1_disc-0.2_2000_s1_100_t500_26: 1800/2000
CartPole-v1_disc-0.2_2000_s1_100_t500_26: 2000/2000
False -0.2 0.2 0.04
CartPole-v1_disc-0.2_2000_s1_100_t500_37: 200/2000
CartPole-v1_disc-0.2_2000_s1_100_t500_37: 400/2000
CartPole-v1_disc-0.2_2000_s1_100_t500_37: 600/2000
CartPole-v1_disc-0.2_2000_s1_100_t500_37: 800/2000
CartPole-v1_disc-0.2_2000_s1_100_t500_37: 1000/2000
CartPole-v1_disc-0.2_2000_s1_100_t500_37: 1200/2000
CartPole-v1_disc-0.2_2000_s1_100_t500_37: 1400/2000
CartPole-v1_disc-0.2_2000_s1_100_t500_37: 1600/2000
CartPole-v1_disc-0.2_2000_s1_100_t500_37: 1800/2000
CartPole-v1_disc-0.2_2000_s1_100_t500_37: 2000/2000
False -0.2 0.2 0.04
CartPole-v1_disc-0.2_2000_s1_100_t500_41: 200/2000
CartPole-v1_disc-0.2_2000_s1_100_t500_41: 400/2000
CartPole-v1_disc-0.2_2000_s1_100_t500_41: 600/2000
CartPole-v1_disc-0.2_2000_s1_100_t500_41: 800/2000
CartPole-v1_disc-0.2_2000_s1_100_t500_41: 1000/2000
CartPole-v1_disc-0.2_2000_s1_100_t500_41: 1200/2000
CartPole-v1_disc-0.2_2000_s1_100_t500_41: 1400/2000
CartPole-v1_disc-0.2_2000_s1_100_t500_41: 1600/2000
CartPole-v1_disc-0.2_2000_s1_100_t500_41: 1800/2000
CartPole-v1_disc-0.2_2000_s1_100_t500_41: 2000/2000
False -0.2 0.2 0.04
CartPole-v1_disc-0.2_2000_s1_100_t500_50: 200/2000
CartPole-v1_disc-0.2_2000_s1_100_t500_50: 400/2000
CartPole-v1_disc-0.2_2000_s1_100_t500_50: 600/2000
CartPole-v1_disc-0.2_2000_s1_100_t500_50: 800/2000
CartPole-v1_disc-0.2_2000_s1_100_t500_50: 1000/2000
CartPole-v1_disc-0.2_2000_s1_100_t500_50: 1200/2000
CartPole-v1_disc-0.2_2000_s1_100_t500_50: 1400/2000
CartPole-v1_disc-0.2_2000_s1_100_t500_50: 1600/2000
CartPole-v1_disc-0.2_2000_s1_100_t500_50: 1800/2000
CartPole-v1_disc-0.2_2000_s1_100_t500_50: 2000/2000
False -0.2 0.2 0.04
CartPole-v1_disc-0.2_2000_s1_100_t500_4: 200/2000
CartPole-v1_disc-0.2_2000_s1_100_t500_4: 400/2000
CartPole-v1_disc-0.2_2000_s1_100_t500_4: 600/2000
CartPole-v1_disc-0.2_2000_s1_100_t500_4: 800/2000
CartPole-v1_disc-0.2_2000_s1_100_t500_4: 1000/2000
CartPole-v1_disc-0.2_2000_s1_100_t500_4: 1200/2000
CartPole-v1_disc-0.2_2000_s1_100_t500_4: 1400/2000
CartPole-v1_disc-0.2_2000_s1_100_t500_4: 1600/2000
CartPole-v1_disc-0.2_2000_s1_100_t500_4: 1800/2000
CartPole-v1_disc-0.2_2000_s1_100_t500_4: 2000/2000
False -0.2 0.2 0.04
CartPole-v1_disc-0.2_2000_s1_100_t500_80: 200/2000
CartPole-v1_disc-0.2_2000_s1_100_t500_80: 400/2000
CartPole-v1_disc-0.2_2000_s1_100_t500_80: 600/2000
CartPole-v1_disc-0.2_2000_s1_100_t500_80: 800/2000
CartPole-v1_disc-0.2_2000_s1_100_t500_80: 1000/2000
CartPole-v1_disc-0.2_2000_s1_100_t500_80: 1200/2000
CartPole-v1_disc-0.2_2000_s1_100_t500_80: 1400/2000
CartPole-v1_disc-0.2_2000_s1_100_t500_80: 1600/2000
CartPole-v1_disc-0.2_2000_s1_100_t500_80: 1800/2000
CartPole-v1_disc-0.2_2000_s1_100_t500_80: 2000/2000
False -0.2 0.2 0.04
CartPole-v1_disc-0.2_2000_s1_100_t500_11: 200/2000
CartPole-v1_disc-0.2_2000_s1_100_t500_11: 400/2000
CartPole-v1_disc-0.2_2000_s1_100_t500_11: 600/2000
CartPole-v1_disc-0.2_2000_s1_100_t500_11: 800/2000
CartPole-v1_disc-0.2_2000_s1_100_t500_11: 1000/2000
CartPole-v1_disc-0.2_2000_s1_100_t500_11: 1200/2000
CartPole-v1_disc-0.2_2000_s1_100_t500_11: 1400/2000
CartPole-v1_disc-0.2_2000_s1_100_t500_11: 1600/2000
CartPole-v1_disc-0.2_2000_s1_100_t500_11: 1800/2000
CartPole-v1_disc-0.2_2000_s1_100_t500_11: 2000/2000
False -0.2 0.2 0.04
CartPole-v1_disc-0.2_2000_s1_100_t500_29: 200/2000
CartPole-v1_disc-0.2_2000_s1_100_t500_29: 400/2000
CartPole-v1_disc-0.2_2000_s1_100_t500_29: 600/2000
CartPole-v1_disc-0.2_2000_s1_100_t500_29: 800/2000
CartPole-v1_disc-0.2_2000_s1_100_t500_29: 1000/2000
CartPole-v1_disc-0.2_2000_s1_100_t500_29: 1200/2000
CartPole-v1_disc-0.2_2000_s1_100_t500_29: 1400/2000
CartPole-v1_disc-0.2_2000_s1_100_t500_29: 1600/2000
CartPole-v1_disc-0.2_2000_s1_100_t500_29: 1800/2000
CartPole-v1_disc-0.2_2000_s1_100_t500_29: 2000/2000
False -0.2 0.2 0.04
CartPole-v1_disc-0.2_2000_s1_100_t500_13: 200/2000
CartPole-v1_disc-0.2_2000_s1_100_t500_13: 400/2000
CartPole-v1_disc-0.2_2000_s1_100_t500_13: 600/2000
CartPole-v1_disc-0.2_2000_s1_100_t500_13: 800/2000
CartPole-v1_disc-0.2_2000_s1_100_t500_13: 1000/2000
CartPole-v1_disc-0.2_2000_s1_100_t500_13: 1200/2000
CartPole-v1_disc-0.2_2000_s1_100_t500_13: 1400/2000
CartPole-v1_disc-0.2_2000_s1_100_t500_13: 1600/2000
CartPole-v1_disc-0.2_2000_s1_100_t500_13: 1800/2000
CartPole-v1_disc-0.2_2000_s1_100_t500_13: 2000/2000
False -0.2 0.2 0.04
CartPole-v1_disc-0.2_2000_s1_100_t500_40: 200/2000
CartPole-v1_disc-0.2_2000_s1_100_t500_40: 400/2000
CartPole-v1_disc-0.2_2000_s1_100_t500_40: 600/2000
CartPole-v1_disc-0.2_2000_s1_100_t500_40: 800/2000
CartPole-v1_disc-0.2_2000_s1_100_t500_40: 1000/2000
CartPole-v1_disc-0.2_2000_s1_100_t500_40: 1200/2000
CartPole-v1_disc-0.2_2000_s1_100_t500_40: 1400/2000
CartPole-v1_disc-0.2_2000_s1_100_t500_40: 1600/2000
CartPole-v1_disc-0.2_2000_s1_100_t500_40: 1800/2000
CartPole-v1_disc-0.2_2000_s1_100_t500_40: 2000/2000
False -0.2 0.2 0.04
CartPole-v1_disc-0.2_2000_s1_100_t500_3: 200/2000
CartPole-v1_disc-0.2_2000_s1_100_t500_3: 400/2000
CartPole-v1_disc-0.2_2000_s1_100_t500_3: 600/2000
CartPole-v1_disc-0.2_2000_s1_100_t500_3: 800/2000
CartPole-v1_disc-0.2_2000_s1_100_t500_3: 1000/2000
CartPole-v1_disc-0.2_2000_s1_100_t500_3: 1200/2000
CartPole-v1_disc-0.2_2000_s1_100_t500_3: 1400/2000
CartPole-v1_disc-0.2_2000_s1_100_t500_3: 1600/2000
CartPole-v1_disc-0.2_2000_s1_100_t500_3: 1800/2000
CartPole-v1_disc-0.2_2000_s1_100_t500_3: 2000/2000
False -0.2 0.2 0.04
CartPole-v1_disc-0.2_2000_s1_100_t500_15: 200/2000
CartPole-v1_disc-0.2_2000_s1_100_t500_15: 400/2000
CartPole-v1_disc-0.2_2000_s1_100_t500_15: 600/2000
CartPole-v1_disc-0.2_2000_s1_100_t500_15: 800/2000
CartPole-v1_disc-0.2_2000_s1_100_t500_15: 1000/2000
CartPole-v1_disc-0.2_2000_s1_100_t500_15: 1200/2000
CartPole-v1_disc-0.2_2000_s1_100_t500_15: 1400/2000
CartPole-v1_disc-0.2_2000_s1_100_t500_15: 1600/2000
CartPole-v1_disc-0.2_2000_s1_100_t500_15: 1800/2000
CartPole-v1_disc-0.2_2000_s1_100_t500_15: 2000/2000
False -0.2 0.2 0.04
CartPole-v1_disc-0.2_2000_s1_100_t500_33: 200/2000
CartPole-v1_disc-0.2_2000_s1_100_t500_33: 400/2000
CartPole-v1_disc-0.2_2000_s1_100_t500_33: 600/2000
CartPole-v1_disc-0.2_2000_s1_100_t500_33: 800/2000
CartPole-v1_disc-0.2_2000_s1_100_t500_33: 1000/2000
CartPole-v1_disc-0.2_2000_s1_100_t500_33: 1200/2000
CartPole-v1_disc-0.2_2000_s1_100_t500_33: 1400/2000
CartPole-v1_disc-0.2_2000_s1_100_t500_33: 1600/2000
CartPole-v1_disc-0.2_2000_s1_100_t500_33: 1800/2000
CartPole-v1_disc-0.2_2000_s1_100_t500_33: 2000/2000
False -0.2 0.2 0.04
CartPole-v1_disc-0.2_2000_s1_100_t500_30: 200/2000
CartPole-v1_disc-0.2_2000_s1_100_t500_30: 400/2000
CartPole-v1_disc-0.2_2000_s1_100_t500_30: 600/2000
CartPole-v1_disc-0.2_2000_s1_100_t500_30: 800/2000
CartPole-v1_disc-0.2_2000_s1_100_t500_30: 1000/2000
CartPole-v1_disc-0.2_2000_s1_100_t500_30: 1200/2000
CartPole-v1_disc-0.2_2000_s1_100_t500_30: 1400/2000
CartPole-v1_disc-0.2_2000_s1_100_t500_30: 1600/2000
CartPole-v1_disc-0.2_2000_s1_100_t500_30: 1800/2000
CartPole-v1_disc-0.2_2000_s1_100_t500_30: 2000/2000
False -0.2 0.2 0.04
CartPole-v1_disc-0.2_2000_s1_100_t500_1: 200/2000
CartPole-v1_disc-0.2_2000_s1_100_t500_1: 400/2000
CartPole-v1_disc-0.2_2000_s1_100_t500_1: 600/2000
CartPole-v1_disc-0.2_2000_s1_100_t500_1: 800/2000
CartPole-v1_disc-0.2_2000_s1_100_t500_1: 1000/2000
CartPole-v1_disc-0.2_2000_s1_100_t500_1: 1200/2000
CartPole-v1_disc-0.2_2000_s1_100_t500_1: 1400/2000
CartPole-v1_disc-0.2_2000_s1_100_t500_1: 1600/2000
CartPole-v1_disc-0.2_2000_s1_100_t500_1: 1800/2000
CartPole-v1_disc-0.2_2000_s1_100_t500_1: 2000/2000
False -0.2 0.2 0.04
CartPole-v1_disc-0.2_2000_s1_100_t500_20: 200/2000
CartPole-v1_disc-0.2_2000_s1_100_t500_20: 400/2000
CartPole-v1_disc-0.2_2000_s1_100_t500_20: 600/2000
CartPole-v1_disc-0.2_2000_s1_100_t500_20: 800/2000
CartPole-v1_disc-0.2_2000_s1_100_t500_20: 1000/2000
CartPole-v1_disc-0.2_2000_s1_100_t500_20: 1200/2000
CartPole-v1_disc-0.2_2000_s1_100_t500_20: 1400/2000
CartPole-v1_disc-0.2_2000_s1_100_t500_20: 1600/2000
CartPole-v1_disc-0.2_2000_s1_100_t500_20: 1800/2000
CartPole-v1_disc-0.2_2000_s1_100_t500_20: 2000/2000
False -0.2 0.2 0.04
CartPole-v1_disc-0.2_2000_s1_100_t500_14: 200/2000
CartPole-v1_disc-0.2_2000_s1_100_t500_14: 400/2000
CartPole-v1_disc-0.2_2000_s1_100_t500_14: 600/2000
CartPole-v1_disc-0.2_2000_s1_100_t500_14: 800/2000
CartPole-v1_disc-0.2_2000_s1_100_t500_14: 1000/2000
CartPole-v1_disc-0.2_2000_s1_100_t500_14: 1200/2000
CartPole-v1_disc-0.2_2000_s1_100_t500_14: 1400/2000
CartPole-v1_disc-0.2_2000_s1_100_t500_14: 1600/2000
CartPole-v1_disc-0.2_2000_s1_100_t500_14: 1800/2000
CartPole-v1_disc-0.2_2000_s1_100_t500_14: 2000/2000
False -0.2 0.2 0.04
CartPole-v1_disc-0.2_2000_s1_100_t500_31: 200/2000
CartPole-v1_disc-0.2_2000_s1_100_t500_31: 400/2000
CartPole-v1_disc-0.2_2000_s1_100_t500_31: 600/2000
CartPole-v1_disc-0.2_2000_s1_100_t500_31: 800/2000
CartPole-v1_disc-0.2_2000_s1_100_t500_31: 1000/2000
CartPole-v1_disc-0.2_2000_s1_100_t500_31: 1200/2000
CartPole-v1_disc-0.2_2000_s1_100_t500_31: 1400/2000
CartPole-v1_disc-0.2_2000_s1_100_t500_31: 1600/2000
CartPole-v1_disc-0.2_2000_s1_100_t500_31: 1800/2000
CartPole-v1_disc-0.2_2000_s1_100_t500_31: 2000/2000
False -0.2 0.2 0.04
CartPole-v1_disc-0.2_2000_s1_100_t500_23: 200/2000
CartPole-v1_disc-0.2_2000_s1_100_t500_23: 400/2000
CartPole-v1_disc-0.2_2000_s1_100_t500_23: 600/2000
CartPole-v1_disc-0.2_2000_s1_100_t500_23: 800/2000
CartPole-v1_disc-0.2_2000_s1_100_t500_23: 1000/2000
CartPole-v1_disc-0.2_2000_s1_100_t500_23: 1200/2000
CartPole-v1_disc-0.2_2000_s1_100_t500_23: 1400/2000
CartPole-v1_disc-0.2_2000_s1_100_t500_23: 1600/2000
CartPole-v1_disc-0.2_2000_s1_100_t500_23: 1800/2000
CartPole-v1_disc-0.2_2000_s1_100_t500_23: 2000/2000
False -0.2 0.2 0.04
CartPole-v1_disc-0.2_2000_s1_100_t500_19: 200/2000
CartPole-v1_disc-0.2_2000_s1_100_t500_19: 400/2000
CartPole-v1_disc-0.2_2000_s1_100_t500_19: 600/2000
CartPole-v1_disc-0.2_2000_s1_100_t500_19: 800/2000
CartPole-v1_disc-0.2_2000_s1_100_t500_19: 1000/2000
CartPole-v1_disc-0.2_2000_s1_100_t500_19: 1200/2000
CartPole-v1_disc-0.2_2000_s1_100_t500_19: 1400/2000
CartPole-v1_disc-0.2_2000_s1_100_t500_19: 1600/2000
CartPole-v1_disc-0.2_2000_s1_100_t500_19: 1800/2000
CartPole-v1_disc-0.2_2000_s1_100_t500_19: 2000/2000
False -0.2 0.2 0.04
CartPole-v1_disc-0.2_2000_s1_100_t500_9: 200/2000
CartPole-v1_disc-0.2_2000_s1_100_t500_9: 400/2000
CartPole-v1_disc-0.2_2000_s1_100_t500_9: 600/2000
CartPole-v1_disc-0.2_2000_s1_100_t500_9: 800/2000
CartPole-v1_disc-0.2_2000_s1_100_t500_9: 1000/2000
CartPole-v1_disc-0.2_2000_s1_100_t500_9: 1200/2000
CartPole-v1_disc-0.2_2000_s1_100_t500_9: 1400/2000
CartPole-v1_disc-0.2_2000_s1_100_t500_9: 1600/2000
CartPole-v1_disc-0.2_2000_s1_100_t500_9: 1800/2000
CartPole-v1_disc-0.2_2000_s1_100_t500_9: 2000/2000
False -0.2 0.2 0.04
CartPole-v1_disc-0.2_2000_s1_100_t500_2: 200/2000
CartPole-v1_disc-0.2_2000_s1_100_t500_2: 400/2000
CartPole-v1_disc-0.2_2000_s1_100_t500_2: 600/2000
CartPole-v1_disc-0.2_2000_s1_100_t500_2: 800/2000
CartPole-v1_disc-0.2_2000_s1_100_t500_2: 1000/2000
CartPole-v1_disc-0.2_2000_s1_100_t500_2: 1200/2000
CartPole-v1_disc-0.2_2000_s1_100_t500_2: 1400/2000
CartPole-v1_disc-0.2_2000_s1_100_t500_2: 1600/2000
CartPole-v1_disc-0.2_2000_s1_100_t500_2: 1800/2000
CartPole-v1_disc-0.2_2000_s1_100_t500_2: 2000/2000
False -0.2 0.2 0.04
CartPole-v1_disc-0.2_2000_s1_100_t500_6: 200/2000
CartPole-v1_disc-0.2_2000_s1_100_t500_6: 400/2000
CartPole-v1_disc-0.2_2000_s1_100_t500_6: 600/2000
CartPole-v1_disc-0.2_2000_s1_100_t500_6: 800/2000
CartPole-v1_disc-0.2_2000_s1_100_t500_6: 1000/2000
CartPole-v1_disc-0.2_2000_s1_100_t500_6: 1200/2000
CartPole-v1_disc-0.2_2000_s1_100_t500_6: 1400/2000
CartPole-v1_disc-0.2_2000_s1_100_t500_6: 1600/2000
CartPole-v1_disc-0.2_2000_s1_100_t500_6: 1800/2000
CartPole-v1_disc-0.2_2000_s1_100_t500_6: 2000/2000
False -0.2 0.2 0.04
CartPole-v1_disc-0.2_2000_s1_100_t500_35: 200/2000
CartPole-v1_disc-0.2_2000_s1_100_t500_35: 400/2000
CartPole-v1_disc-0.2_2000_s1_100_t500_35: 600/2000
CartPole-v1_disc-0.2_2000_s1_100_t500_35: 800/2000
CartPole-v1_disc-0.2_2000_s1_100_t500_35: 1000/2000
CartPole-v1_disc-0.2_2000_s1_100_t500_35: 1200/2000
CartPole-v1_disc-0.2_2000_s1_100_t500_35: 1400/2000
CartPole-v1_disc-0.2_2000_s1_100_t500_35: 1600/2000
CartPole-v1_disc-0.2_2000_s1_100_t500_35: 1800/2000
CartPole-v1_disc-0.2_2000_s1_100_t500_35: 2000/2000
False -0.2 0.2 0.04
CartPole-v1_disc-0.2_2000_s1_100_t500_32: 200/2000
CartPole-v1_disc-0.2_2000_s1_100_t500_32: 400/2000
CartPole-v1_disc-0.2_2000_s1_100_t500_32: 600/2000
CartPole-v1_disc-0.2_2000_s1_100_t500_32: 800/2000
CartPole-v1_disc-0.2_2000_s1_100_t500_32: 1000/2000
CartPole-v1_disc-0.2_2000_s1_100_t500_32: 1200/2000
CartPole-v1_disc-0.2_2000_s1_100_t500_32: 1400/2000
CartPole-v1_disc-0.2_2000_s1_100_t500_32: 1600/2000
CartPole-v1_disc-0.2_2000_s1_100_t500_32: 1800/2000
CartPole-v1_disc-0.2_2000_s1_100_t500_32: 2000/2000
False -0.2 0.2 0.04
CartPole-v1_disc-0.2_2000_s1_100_t500_27: 200/2000
CartPole-v1_disc-0.2_2000_s1_100_t500_27: 400/2000
CartPole-v1_disc-0.2_2000_s1_100_t500_27: 600/2000
CartPole-v1_disc-0.2_2000_s1_100_t500_27: 800/2000
CartPole-v1_disc-0.2_2000_s1_100_t500_27: 1000/2000
CartPole-v1_disc-0.2_2000_s1_100_t500_27: 1200/2000
CartPole-v1_disc-0.2_2000_s1_100_t500_27: 1400/2000
CartPole-v1_disc-0.2_2000_s1_100_t500_27: 1600/2000
CartPole-v1_disc-0.2_2000_s1_100_t500_27: 1800/2000
CartPole-v1_disc-0.2_2000_s1_100_t500_27: 2000/2000
False -0.2 0.2 0.04
CartPole-v1_disc-0.2_2000_s1_100_t500_42: 200/2000
CartPole-v1_disc-0.2_2000_s1_100_t500_42: 400/2000
CartPole-v1_disc-0.2_2000_s1_100_t500_42: 600/2000
CartPole-v1_disc-0.2_2000_s1_100_t500_42: 800/2000
CartPole-v1_disc-0.2_2000_s1_100_t500_42: 1000/2000
CartPole-v1_disc-0.2_2000_s1_100_t500_42: 1200/2000
CartPole-v1_disc-0.2_2000_s1_100_t500_42: 1400/2000
CartPole-v1_disc-0.2_2000_s1_100_t500_42: 1600/2000
CartPole-v1_disc-0.2_2000_s1_100_t500_42: 1800/2000
CartPole-v1_disc-0.2_2000_s1_100_t500_42: 2000/2000
False -0.2 0.2 0.04
CartPole-v1_disc-0.2_2000_s1_100_t500_28: 200/2000
CartPole-v1_disc-0.2_2000_s1_100_t500_28: 400/2000
CartPole-v1_disc-0.2_2000_s1_100_t500_28: 600/2000
CartPole-v1_disc-0.2_2000_s1_100_t500_28: 800/2000
CartPole-v1_disc-0.2_2000_s1_100_t500_28: 1000/2000
CartPole-v1_disc-0.2_2000_s1_100_t500_28: 1200/2000
CartPole-v1_disc-0.2_2000_s1_100_t500_28: 1400/2000
CartPole-v1_disc-0.2_2000_s1_100_t500_28: 1600/2000
CartPole-v1_disc-0.2_2000_s1_100_t500_28: 1800/2000
CartPole-v1_disc-0.2_2000_s1_100_t500_28: 2000/2000
False -0.2 0.2 0.04
CartPole-v1_disc-0.2_2000_s1_100_t500_25: 200/2000
CartPole-v1_disc-0.2_2000_s1_100_t500_25: 400/2000
CartPole-v1_disc-0.2_2000_s1_100_t500_25: 600/2000
CartPole-v1_disc-0.2_2000_s1_100_t500_25: 800/2000
CartPole-v1_disc-0.2_2000_s1_100_t500_25: 1000/2000
CartPole-v1_disc-0.2_2000_s1_100_t500_25: 1200/2000
CartPole-v1_disc-0.2_2000_s1_100_t500_25: 1400/2000
CartPole-v1_disc-0.2_2000_s1_100_t500_25: 1600/2000
CartPole-v1_disc-0.2_2000_s1_100_t500_25: 1800/2000
CartPole-v1_disc-0.2_2000_s1_100_t500_25: 2000/2000
