JobId=8590108 JobName=parametrized_frozenlake_dataset.sbatch
   UserId=koner(565562) GroupId=domain users(100513) MCS_label=N/A
   Priority=27129455 Nice=0 Account=ewi-insy-ii-influence QOS=short
   JobState=RUNNING Reason=None Dependency=(null)
   Requeue=0 Restarts=0 BatchFlag=1 Reboot=0 ExitCode=0:0
   DerivedExitCode=0:0
   RunTime=00:00:00 TimeLimit=03:00:00 TimeMin=N/A
   SubmitTime=2023-07-15T18:12:56 EligibleTime=2023-07-15T18:12:56
   AccrueTime=2023-07-15T18:12:56
   StartTime=2023-07-15T18:12:57 EndTime=2023-07-15T21:12:57 Deadline=N/A
   SuspendTime=None SecsPreSuspend=0 LastSchedEval=2023-07-15T18:12:57 Scheduler=Main
   Partition=general AllocNode:Sid=login1:14476
   ReqNodeList=(null) ExcNodeList=(null)
   NodeList=grs3
   BatchHost=grs3
   NumNodes=1 NumCPUs=10 NumTasks=10 CPUs/Task=1 ReqB:S:C:T=0:0:*:*
   TRES=cpu=10,mem=850M,node=1,billing=5
   Socks/Node=* NtasksPerN:B:S:C=0:0:*:* CoreSpec=*
   JOB_GRES=(null)
     Nodes=grs3 CPU_IDs=4-5,8-11,16-17,20-21 Mem=850 GRES=
   MinCPUsNode=1 MinMemoryCPU=85M MinTmpDiskNode=0
   Features=(null) DelayBoot=00:00:00
   OverSubscribe=OK Contiguous=0 Licenses=(null) Network=(null)
   Command=/winhome/koner/Desktop/MCTS-Time-Management/jobscripts/parametrized_frozenlake_dataset.sbatch
   WorkDir=/winhome/koner/Desktop/MCTS-Time-Management/jobscripts
   StdErr=/winhome/koner/Desktop/MCTS-Time-Management/jobscripts/slurm-8590108.out
   StdIn=/dev/null
   StdOut=/winhome/koner/Desktop/MCTS-Time-Management/jobscripts/slurm-8590108.out
   Power=
   MailUser=koner MailType=END
   

srun: Job 8590108 step creation temporarily disabled, retrying (Requested nodes are busy)
srun: Job 8590108 step creation temporarily disabled, retrying (Requested nodes are busy)
srun: Job 8590108 step creation temporarily disabled, retrying (Requested nodes are busy)
srun: Job 8590108 step creation temporarily disabled, retrying (Requested nodes are busy)
srun: Job 8590108 step creation temporarily disabled, retrying (Requested nodes are busy)
srun: Job 8590108 step creation still disabled, retrying (Requested nodes are busy)
srun: Job 8590108 step creation still disabled, retrying (Requested nodes are busy)
srun: Job 8590108 step creation still disabled, retrying (Requested nodes are busy)
srun: Job 8590108 step creation still disabled, retrying (Requested nodes are busy)
srun: Job 8590108 step creation still disabled, retrying (Requested nodes are busy)
srun: Job 8590108 step creation still disabled, retrying (Requested nodes are busy)
srun: Job 8590108 step creation still disabled, retrying (Requested nodes are busy)
srun: Job 8590108 step creation still disabled, retrying (Requested nodes are busy)
srun: Job 8590108 step creation still disabled, retrying (Requested nodes are busy)
srun: Job 8590108 step creation still disabled, retrying (Requested nodes are busy)
srun: Job 8590108 step creation still disabled, retrying (Requested nodes are busy)
srun: Job 8590108 step creation still disabled, retrying (Requested nodes are busy)
srun: Job 8590108 step creation still disabled, retrying (Requested nodes are busy)
srun: Job 8590108 step creation still disabled, retrying (Requested nodes are busy)
srun: Job 8590108 step creation still disabled, retrying (Requested nodes are busy)
srun: Job 8590108 step creation still disabled, retrying (Requested nodes are busy)
srun: Job 8590108 step creation still disabled, retrying (Requested nodes are busy)
srun: Job 8590108 step creation still disabled, retrying (Requested nodes are busy)
srun: Job 8590108 step creation still disabled, retrying (Requested nodes are busy)
srun: Job 8590108 step creation still disabled, retrying (Requested nodes are busy)
srun: Job 8590108 step creation still disabled, retrying (Requested nodes are busy)
srun: Job 8590108 step creation still disabled, retrying (Requested nodes are busy)
srun: Job 8590108 step creation still disabled, retrying (Requested nodes are busy)
srun: Job 8590108 step creation still disabled, retrying (Requested nodes are busy)
srun: Job 8590108 step creation still disabled, retrying (Requested nodes are busy)
srun: Job 8590108 step creation still disabled, retrying (Requested nodes are busy)
srun: Job 8590108 step creation still disabled, retrying (Requested nodes are busy)
srun: Job 8590108 step creation still disabled, retrying (Requested nodes are busy)
srun: Job 8590108 step creation still disabled, retrying (Requested nodes are busy)
srun: Job 8590108 step creation still disabled, retrying (Requested nodes are busy)
srun: Job 8590108 step creation still disabled, retrying (Requested nodes are busy)
srun: Job 8590108 step creation still disabled, retrying (Requested nodes are busy)
srun: Job 8590108 step creation still disabled, retrying (Requested nodes are busy)
srun: Job 8590108 step creation still disabled, retrying (Requested nodes are busy)
srun: Job 8590108 step creation still disabled, retrying (Requested nodes are busy)
srun: Job 8590108 step creation still disabled, retrying (Requested nodes are busy)
srun: Job 8590108 step creation still disabled, retrying (Requested nodes are busy)
srun: Job 8590108 step creation still disabled, retrying (Requested nodes are busy)
srun: Job 8590108 step creation still disabled, retrying (Requested nodes are busy)
srun: Job 8590108 step creation still disabled, retrying (Requested nodes are busy)
srun: Job 8590108 step creation still disabled, retrying (Requested nodes are busy)
srun: Job 8590108 step creation still disabled, retrying (Requested nodes are busy)
srun: Job 8590108 step creation still disabled, retrying (Requested nodes are busy)
srun: Job 8590108 step creation still disabled, retrying (Requested nodes are busy)
srun: Job 8590108 step creation still disabled, retrying (Requested nodes are busy)
srun: Job 8590108 step creation still disabled, retrying (Requested nodes are busy)
srun: Job 8590108 step creation still disabled, retrying (Requested nodes are busy)
srun: Job 8590108 step creation still disabled, retrying (Requested nodes are busy)
srun: Job 8590108 step creation still disabled, retrying (Requested nodes are busy)
srun: Job 8590108 step creation still disabled, retrying (Requested nodes are busy)
srun: Job 8590108 step creation still disabled, retrying (Requested nodes are busy)
srun: Job 8590108 step creation still disabled, retrying (Requested nodes are busy)
srun: Job 8590108 step creation still disabled, retrying (Requested nodes are busy)
srun: Job 8590108 step creation still disabled, retrying (Requested nodes are busy)
srun: Job 8590108 step creation still disabled, retrying (Requested nodes are busy)
srun: Job 8590108 step creation still disabled, retrying (Requested nodes are busy)
srun: Job 8590108 step creation still disabled, retrying (Requested nodes are busy)
srun: Job 8590108 step creation still disabled, retrying (Requested nodes are busy)
srun: Job 8590108 step creation still disabled, retrying (Requested nodes are busy)
srun: Job 8590108 step creation still disabled, retrying (Requested nodes are busy)
srun: Job 8590108 step creation still disabled, retrying (Requested nodes are busy)
srun: Job 8590108 step creation still disabled, retrying (Requested nodes are busy)
srun: Job 8590108 step creation still disabled, retrying (Requested nodes are busy)
srun: Job 8590108 step creation still disabled, retrying (Requested nodes are busy)
srun: Job 8590108 step creation still disabled, retrying (Requested nodes are busy)
srun: Job 8590108 step creation still disabled, retrying (Requested nodes are busy)
srun: Job 8590108 step creation still disabled, retrying (Requested nodes are busy)
srun: Job 8590108 step creation still disabled, retrying (Requested nodes are busy)
srun: Job 8590108 step creation still disabled, retrying (Requested nodes are busy)
srun: Job 8590108 step creation still disabled, retrying (Requested nodes are busy)
srun: Job 8590108 step creation still disabled, retrying (Requested nodes are busy)
srun: Job 8590108 step creation still disabled, retrying (Requested nodes are busy)
srun: Job 8590108 step creation still disabled, retrying (Requested nodes are busy)
srun: Job 8590108 step creation still disabled, retrying (Requested nodes are busy)
srun: Job 8590108 step creation still disabled, retrying (Requested nodes are busy)
srun: Job 8590108 step creation still disabled, retrying (Requested nodes are busy)
srun: Job 8590108 step creation still disabled, retrying (Requested nodes are busy)
srun: Job 8590108 step creation still disabled, retrying (Requested nodes are busy)
srun: Job 8590108 step creation still disabled, retrying (Requested nodes are busy)
srun: Job 8590108 step creation still disabled, retrying (Requested nodes are busy)
srun: Job 8590108 step creation still disabled, retrying (Requested nodes are busy)
srun: Job 8590108 step creation still disabled, retrying (Requested nodes are busy)
srun: Job 8590108 step creation still disabled, retrying (Requested nodes are busy)
srun: Job 8590108 step creation still disabled, retrying (Requested nodes are busy)
srun: Job 8590108 step creation still disabled, retrying (Requested nodes are busy)
srun: Job 8590108 step creation still disabled, retrying (Requested nodes are busy)
srun: Job 8590108 step creation still disabled, retrying (Requested nodes are busy)
srun: Job 8590108 step creation still disabled, retrying (Requested nodes are busy)
srun: Job 8590108 step creation still disabled, retrying (Requested nodes are busy)
srun: Job 8590108 step creation still disabled, retrying (Requested nodes are busy)
srun: Job 8590108 step creation still disabled, retrying (Requested nodes are busy)
srun: Job 8590108 step creation still disabled, retrying (Requested nodes are busy)
srun: Job 8590108 step creation still disabled, retrying (Requested nodes are busy)
srun: Job 8590108 step creation still disabled, retrying (Requested nodes are busy)
srun: Job 8590108 step creation still disabled, retrying (Requested nodes are busy)
srun: Job 8590108 step creation still disabled, retrying (Requested nodes are busy)
srun: Job 8590108 step creation still disabled, retrying (Requested nodes are busy)
srun: Job 8590108 step creation still disabled, retrying (Requested nodes are busy)
srun: Job 8590108 step creation still disabled, retrying (Requested nodes are busy)
srun: Job 8590108 step creation still disabled, retrying (Requested nodes are busy)
srun: Job 8590108 step creation still disabled, retrying (Requested nodes are busy)
srun: Job 8590108 step creation still disabled, retrying (Requested nodes are busy)
srun: Job 8590108 step creation still disabled, retrying (Requested nodes are busy)
srun: Job 8590108 step creation still disabled, retrying (Requested nodes are busy)
srun: Job 8590108 step creation still disabled, retrying (Requested nodes are busy)
srun: Job 8590108 step creation still disabled, retrying (Requested nodes are busy)
srun: Job 8590108 step creation still disabled, retrying (Requested nodes are busy)
srun: Job 8590108 step creation still disabled, retrying (Requested nodes are busy)
srun: Job 8590108 step creation still disabled, retrying (Requested nodes are busy)
srun: Job 8590108 step creation still disabled, retrying (Requested nodes are busy)
srun: Job 8590108 step creation still disabled, retrying (Requested nodes are busy)
srun: Job 8590108 step creation still disabled, retrying (Requested nodes are busy)
srun: Job 8590108 step creation still disabled, retrying (Requested nodes are busy)
srun: Job 8590108 step creation still disabled, retrying (Requested nodes are busy)
srun: Job 8590108 step creation still disabled, retrying (Requested nodes are busy)
srun: Job 8590108 step creation still disabled, retrying (Requested nodes are busy)
srun: Job 8590108 step creation still disabled, retrying (Requested nodes are busy)
srun: Job 8590108 step creation still disabled, retrying (Requested nodes are busy)
srun: Job 8590108 step creation still disabled, retrying (Requested nodes are busy)
srun: Job 8590108 step creation still disabled, retrying (Requested nodes are busy)
srun: Job 8590108 step creation still disabled, retrying (Requested nodes are busy)
srun: Job 8590108 step creation still disabled, retrying (Requested nodes are busy)
srun: Job 8590108 step creation still disabled, retrying (Requested nodes are busy)
srun: Job 8590108 step creation still disabled, retrying (Requested nodes are busy)
srun: Job 8590108 step creation still disabled, retrying (Requested nodes are busy)
srun: Job 8590108 step creation still disabled, retrying (Requested nodes are busy)
srun: Job 8590108 step creation still disabled, retrying (Requested nodes are busy)
srun: Job 8590108 step creation still disabled, retrying (Requested nodes are busy)
srun: Job 8590108 step creation still disabled, retrying (Requested nodes are busy)
srun: Job 8590108 step creation still disabled, retrying (Requested nodes are busy)
srun: Job 8590108 step creation still disabled, retrying (Requested nodes are busy)
srun: Job 8590108 step creation still disabled, retrying (Requested nodes are busy)
srun: Job 8590108 step creation still disabled, retrying (Requested nodes are busy)
srun: Job 8590108 step creation still disabled, retrying (Requested nodes are busy)
srun: Job 8590108 step creation still disabled, retrying (Requested nodes are busy)
srun: Job 8590108 step creation still disabled, retrying (Requested nodes are busy)
srun: Job 8590108 step creation still disabled, retrying (Requested nodes are busy)
srun: Job 8590108 step creation still disabled, retrying (Requested nodes are busy)
srun: Job 8590108 step creation still disabled, retrying (Requested nodes are busy)
srun: Job 8590108 step creation still disabled, retrying (Requested nodes are busy)
srun: Job 8590108 step creation still disabled, retrying (Requested nodes are busy)
srun: Job 8590108 step creation still disabled, retrying (Requested nodes are busy)
srun: Job 8590108 step creation still disabled, retrying (Requested nodes are busy)
srun: Job 8590108 step creation still disabled, retrying (Requested nodes are busy)
srun: Job 8590108 step creation still disabled, retrying (Requested nodes are busy)
srun: Job 8590108 step creation still disabled, retrying (Requested nodes are busy)
srun: Job 8590108 step creation still disabled, retrying (Requested nodes are busy)
srun: Job 8590108 step creation still disabled, retrying (Requested nodes are busy)
srun: Job 8590108 step creation still disabled, retrying (Requested nodes are busy)
srun: Job 8590108 step creation still disabled, retrying (Requested nodes are busy)
srun: Job 8590108 step creation still disabled, retrying (Requested nodes are busy)
srun: Job 8590108 step creation still disabled, retrying (Requested nodes are busy)
srun: Job 8590108 step creation still disabled, retrying (Requested nodes are busy)
srun: Job 8590108 step creation still disabled, retrying (Requested nodes are busy)
srun: Job 8590108 step creation still disabled, retrying (Requested nodes are busy)
srun: Job 8590108 step creation still disabled, retrying (Requested nodes are busy)
srun: Job 8590108 step creation still disabled, retrying (Requested nodes are busy)
srun: Job 8590108 step creation still disabled, retrying (Requested nodes are busy)
srun: Job 8590108 step creation still disabled, retrying (Requested nodes are busy)
srun: Job 8590108 step creation still disabled, retrying (Requested nodes are busy)
srun: Job 8590108 step creation still disabled, retrying (Requested nodes are busy)
srun: Job 8590108 step creation still disabled, retrying (Requested nodes are busy)
srun: Job 8590108 step creation still disabled, retrying (Requested nodes are busy)
srun: Job 8590108 step creation still disabled, retrying (Requested nodes are busy)
srun: Job 8590108 step creation still disabled, retrying (Requested nodes are busy)
srun: Job 8590108 step creation still disabled, retrying (Requested nodes are busy)
srun: Job 8590108 step creation still disabled, retrying (Requested nodes are busy)
srun: Job 8590108 step creation still disabled, retrying (Requested nodes are busy)
srun: Job 8590108 step creation still disabled, retrying (Requested nodes are busy)
Parametrized_Cluster_2_4000_s1-100_t1_m4-4_FrozenLake-v1: 400/4000
Parametrized_Cluster_2_4000_s1-100_t1_m4-4_FrozenLake-v1: 800/4000
Parametrized_Cluster_2_4000_s1-100_t1_m4-4_FrozenLake-v1: 1200/4000
Parametrized_Cluster_2_4000_s1-100_t1_m4-4_FrozenLake-v1: 1600/4000
Parametrized_Cluster_2_4000_s1-100_t1_m4-4_FrozenLake-v1: 2000/4000
Parametrized_Cluster_2_4000_s1-100_t1_m4-4_FrozenLake-v1: 2400/4000
Parametrized_Cluster_2_4000_s1-100_t1_m4-4_FrozenLake-v1: 2800/4000
Parametrized_Cluster_2_4000_s1-100_t1_m4-4_FrozenLake-v1: 3200/4000
Parametrized_Cluster_2_4000_s1-100_t1_m4-4_FrozenLake-v1: 3600/4000
Parametrized_Cluster_2_4000_s1-100_t1_m4-4_FrozenLake-v1: 4000/4000
srun: Job 8590108 step creation still disabled, retrying (Requested nodes are busy)
srun: Step created for job 8590108
Parametrized_Cluster_6_4000_s1-100_t1_m4-4_FrozenLake-v1: 400/4000
Parametrized_Cluster_6_4000_s1-100_t1_m4-4_FrozenLake-v1: 800/4000
Parametrized_Cluster_6_4000_s1-100_t1_m4-4_FrozenLake-v1: 1200/4000
Parametrized_Cluster_6_4000_s1-100_t1_m4-4_FrozenLake-v1: 1600/4000
Parametrized_Cluster_6_4000_s1-100_t1_m4-4_FrozenLake-v1: 2000/4000
Parametrized_Cluster_6_4000_s1-100_t1_m4-4_FrozenLake-v1: 2400/4000
Parametrized_Cluster_6_4000_s1-100_t1_m4-4_FrozenLake-v1: 2800/4000
Parametrized_Cluster_6_4000_s1-100_t1_m4-4_FrozenLake-v1: 3200/4000
Parametrized_Cluster_6_4000_s1-100_t1_m4-4_FrozenLake-v1: 3600/4000
Parametrized_Cluster_6_4000_s1-100_t1_m4-4_FrozenLake-v1: 4000/4000
srun: Job 8590108 step creation still disabled, retrying (Requested nodes are busy)
srun: Step created for job 8590108
srun: Job 8590108 step creation still disabled, retrying (Requested nodes are busy)
srun: Job 8590108 step creation still disabled, retrying (Requested nodes are busy)
Parametrized_Cluster_5_4000_s1-100_t1_m4-4_FrozenLake-v1: 400/4000
Parametrized_Cluster_5_4000_s1-100_t1_m4-4_FrozenLake-v1: 800/4000
Parametrized_Cluster_5_4000_s1-100_t1_m4-4_FrozenLake-v1: 1200/4000
Parametrized_Cluster_5_4000_s1-100_t1_m4-4_FrozenLake-v1: 1600/4000
Parametrized_Cluster_5_4000_s1-100_t1_m4-4_FrozenLake-v1: 2000/4000
Parametrized_Cluster_5_4000_s1-100_t1_m4-4_FrozenLake-v1: 2400/4000
Parametrized_Cluster_5_4000_s1-100_t1_m4-4_FrozenLake-v1: 2800/4000
Parametrized_Cluster_5_4000_s1-100_t1_m4-4_FrozenLake-v1: 3200/4000
Parametrized_Cluster_5_4000_s1-100_t1_m4-4_FrozenLake-v1: 3600/4000
Parametrized_Cluster_5_4000_s1-100_t1_m4-4_FrozenLake-v1: 4000/4000
srun: Job 8590108 step creation still disabled, retrying (Requested nodes are busy)
srun: Step created for job 8590108
Parametrized_Cluster_7_4000_s1-100_t1_m4-4_FrozenLake-v1: 400/4000
Parametrized_Cluster_7_4000_s1-100_t1_m4-4_FrozenLake-v1: 800/4000
Parametrized_Cluster_7_4000_s1-100_t1_m4-4_FrozenLake-v1: 1200/4000
Parametrized_Cluster_7_4000_s1-100_t1_m4-4_FrozenLake-v1: 1600/4000
Parametrized_Cluster_7_4000_s1-100_t1_m4-4_FrozenLake-v1: 2000/4000
Parametrized_Cluster_7_4000_s1-100_t1_m4-4_FrozenLake-v1: 2400/4000
Parametrized_Cluster_7_4000_s1-100_t1_m4-4_FrozenLake-v1: 2800/4000
Parametrized_Cluster_7_4000_s1-100_t1_m4-4_FrozenLake-v1: 3200/4000
Parametrized_Cluster_7_4000_s1-100_t1_m4-4_FrozenLake-v1: 3600/4000
Parametrized_Cluster_7_4000_s1-100_t1_m4-4_FrozenLake-v1: 4000/4000
srun: Job 8590108 step creation still disabled, retrying (Requested nodes are busy)
srun: Step created for job 8590108
srun: Job 8590108 step creation still disabled, retrying (Requested nodes are busy)
Parametrized_Cluster_3_4000_s1-100_t1_m4-4_FrozenLake-v1: 400/4000
Parametrized_Cluster_3_4000_s1-100_t1_m4-4_FrozenLake-v1: 800/4000
Parametrized_Cluster_3_4000_s1-100_t1_m4-4_FrozenLake-v1: 1200/4000
Parametrized_Cluster_3_4000_s1-100_t1_m4-4_FrozenLake-v1: 1600/4000
Parametrized_Cluster_3_4000_s1-100_t1_m4-4_FrozenLake-v1: 2000/4000
Parametrized_Cluster_3_4000_s1-100_t1_m4-4_FrozenLake-v1: 2400/4000
Parametrized_Cluster_3_4000_s1-100_t1_m4-4_FrozenLake-v1: 2800/4000
Parametrized_Cluster_3_4000_s1-100_t1_m4-4_FrozenLake-v1: 3200/4000
Parametrized_Cluster_3_4000_s1-100_t1_m4-4_FrozenLake-v1: 3600/4000
Parametrized_Cluster_3_4000_s1-100_t1_m4-4_FrozenLake-v1: 4000/4000
srun: Job 8590108 step creation still disabled, retrying (Requested nodes are busy)
srun: Step created for job 8590108
Parametrized_Cluster_10_4000_s1-100_t1_m4-4_FrozenLake-v1: 400/4000
Parametrized_Cluster_10_4000_s1-100_t1_m4-4_FrozenLake-v1: 800/4000
Parametrized_Cluster_10_4000_s1-100_t1_m4-4_FrozenLake-v1: 1200/4000
Parametrized_Cluster_10_4000_s1-100_t1_m4-4_FrozenLake-v1: 1600/4000
Parametrized_Cluster_10_4000_s1-100_t1_m4-4_FrozenLake-v1: 2000/4000
Parametrized_Cluster_10_4000_s1-100_t1_m4-4_FrozenLake-v1: 2400/4000
Parametrized_Cluster_10_4000_s1-100_t1_m4-4_FrozenLake-v1: 2800/4000
Parametrized_Cluster_10_4000_s1-100_t1_m4-4_FrozenLake-v1: 3200/4000
Parametrized_Cluster_10_4000_s1-100_t1_m4-4_FrozenLake-v1: 3600/4000
Parametrized_Cluster_10_4000_s1-100_t1_m4-4_FrozenLake-v1: 4000/4000
Parametrized_Cluster_4_4000_s1-100_t1_m4-4_FrozenLake-v1: 400/4000
Parametrized_Cluster_4_4000_s1-100_t1_m4-4_FrozenLake-v1: 800/4000
Parametrized_Cluster_4_4000_s1-100_t1_m4-4_FrozenLake-v1: 1200/4000
Parametrized_Cluster_4_4000_s1-100_t1_m4-4_FrozenLake-v1: 1600/4000
Parametrized_Cluster_4_4000_s1-100_t1_m4-4_FrozenLake-v1: 2000/4000
Parametrized_Cluster_4_4000_s1-100_t1_m4-4_FrozenLake-v1: 2400/4000
Parametrized_Cluster_4_4000_s1-100_t1_m4-4_FrozenLake-v1: 2800/4000
Parametrized_Cluster_4_4000_s1-100_t1_m4-4_FrozenLake-v1: 3200/4000
Parametrized_Cluster_4_4000_s1-100_t1_m4-4_FrozenLake-v1: 3600/4000
Parametrized_Cluster_4_4000_s1-100_t1_m4-4_FrozenLake-v1: 4000/4000
Parametrized_Cluster_1_4000_s1-100_t1_m4-4_FrozenLake-v1: 400/4000
Parametrized_Cluster_1_4000_s1-100_t1_m4-4_FrozenLake-v1: 800/4000
Parametrized_Cluster_1_4000_s1-100_t1_m4-4_FrozenLake-v1: 1200/4000
Parametrized_Cluster_1_4000_s1-100_t1_m4-4_FrozenLake-v1: 1600/4000
Parametrized_Cluster_1_4000_s1-100_t1_m4-4_FrozenLake-v1: 2000/4000
Parametrized_Cluster_1_4000_s1-100_t1_m4-4_FrozenLake-v1: 2400/4000
Parametrized_Cluster_1_4000_s1-100_t1_m4-4_FrozenLake-v1: 2800/4000
Parametrized_Cluster_1_4000_s1-100_t1_m4-4_FrozenLake-v1: 3200/4000
Parametrized_Cluster_1_4000_s1-100_t1_m4-4_FrozenLake-v1: 3600/4000
Parametrized_Cluster_1_4000_s1-100_t1_m4-4_FrozenLake-v1: 4000/4000
Parametrized_Cluster_9_4000_s1-100_t1_m4-4_FrozenLake-v1: 400/4000
Parametrized_Cluster_9_4000_s1-100_t1_m4-4_FrozenLake-v1: 800/4000
Parametrized_Cluster_9_4000_s1-100_t1_m4-4_FrozenLake-v1: 1200/4000
Parametrized_Cluster_9_4000_s1-100_t1_m4-4_FrozenLake-v1: 1600/4000
Parametrized_Cluster_9_4000_s1-100_t1_m4-4_FrozenLake-v1: 2000/4000
Parametrized_Cluster_9_4000_s1-100_t1_m4-4_FrozenLake-v1: 2400/4000
Parametrized_Cluster_9_4000_s1-100_t1_m4-4_FrozenLake-v1: 2800/4000
Parametrized_Cluster_9_4000_s1-100_t1_m4-4_FrozenLake-v1: 3200/4000
Parametrized_Cluster_9_4000_s1-100_t1_m4-4_FrozenLake-v1: 3600/4000
Parametrized_Cluster_9_4000_s1-100_t1_m4-4_FrozenLake-v1: 4000/4000
Parametrized_Cluster_8_4000_s1-100_t1_m4-4_FrozenLake-v1: 400/4000
Parametrized_Cluster_8_4000_s1-100_t1_m4-4_FrozenLake-v1: 800/4000
Parametrized_Cluster_8_4000_s1-100_t1_m4-4_FrozenLake-v1: 1200/4000
Parametrized_Cluster_8_4000_s1-100_t1_m4-4_FrozenLake-v1: 1600/4000
Parametrized_Cluster_8_4000_s1-100_t1_m4-4_FrozenLake-v1: 2000/4000
Parametrized_Cluster_8_4000_s1-100_t1_m4-4_FrozenLake-v1: 2400/4000
Parametrized_Cluster_8_4000_s1-100_t1_m4-4_FrozenLake-v1: 2800/4000
Parametrized_Cluster_8_4000_s1-100_t1_m4-4_FrozenLake-v1: 3200/4000
Parametrized_Cluster_8_4000_s1-100_t1_m4-4_FrozenLake-v1: 3600/4000
Parametrized_Cluster_8_4000_s1-100_t1_m4-4_FrozenLake-v1: 4000/4000
