JobId=8612812 JobName=parametrized_frozenlake_dataset.sbatch
   UserId=koner(565562) GroupId=domain users(100513) MCS_label=N/A
   Priority=18869888 Nice=0 Account=ewi-insy-ii-influence QOS=medium
   JobState=RUNNING Reason=None Dependency=(null)
   Requeue=0 Restarts=0 BatchFlag=1 Reboot=0 ExitCode=0:0
   DerivedExitCode=0:0
   RunTime=00:00:00 TimeLimit=12:30:00 TimeMin=N/A
   SubmitTime=2023-07-30T02:35:03 EligibleTime=2023-07-30T02:35:03
   AccrueTime=2023-07-30T02:35:03
   StartTime=2023-07-30T02:35:03 EndTime=2023-07-30T15:05:03 Deadline=N/A
   SuspendTime=None SecsPreSuspend=0 LastSchedEval=2023-07-30T02:35:03 Scheduler=Main
   Partition=general AllocNode:Sid=login1:32401
   ReqNodeList=(null) ExcNodeList=(null)
   NodeList=grs2
   BatchHost=grs2
   NumNodes=1 NumCPUs=10 NumTasks=10 CPUs/Task=1 ReqB:S:C:T=0:0:*:*
   TRES=cpu=10,mem=840M,node=1,billing=5
   Socks/Node=* NtasksPerN:B:S:C=0:0:*:* CoreSpec=*
   JOB_GRES=(null)
     Nodes=grs2 CPU_IDs=10-11,20-27 Mem=840 GRES=
   MinCPUsNode=1 MinMemoryCPU=84M MinTmpDiskNode=0
   Features=(null) DelayBoot=00:00:00
   OverSubscribe=OK Contiguous=0 Licenses=(null) Network=(null)
   Command=/winhome/koner/Desktop/MCTS-Time-Management/jobscripts/parametrized_frozenlake_dataset.sbatch
   WorkDir=/winhome/koner/Desktop/MCTS-Time-Management/jobscripts
   StdErr=/winhome/koner/Desktop/MCTS-Time-Management/jobscripts/slurm-8612812.out
   StdIn=/dev/null
   StdOut=/winhome/koner/Desktop/MCTS-Time-Management/jobscripts/slurm-8612812.out
   Power=
   MailUser=koner MailType=END
   

srun: Job 8612812 step creation temporarily disabled, retrying (Requested nodes are busy)
srun: Job 8612812 step creation temporarily disabled, retrying (Requested nodes are busy)
srun: Job 8612812 step creation temporarily disabled, retrying (Requested nodes are busy)
srun: Job 8612812 step creation temporarily disabled, retrying (Requested nodes are busy)
srun: Job 8612812 step creation temporarily disabled, retrying (Requested nodes are busy)
srun: Job 8612812 step creation still disabled, retrying (Requested nodes are busy)
srun: Job 8612812 step creation still disabled, retrying (Requested nodes are busy)
srun: Job 8612812 step creation still disabled, retrying (Requested nodes are busy)
srun: Job 8612812 step creation still disabled, retrying (Requested nodes are busy)
srun: Job 8612812 step creation still disabled, retrying (Requested nodes are busy)
srun: Job 8612812 step creation still disabled, retrying (Requested nodes are busy)
srun: Job 8612812 step creation still disabled, retrying (Requested nodes are busy)
srun: Job 8612812 step creation still disabled, retrying (Requested nodes are busy)
srun: Job 8612812 step creation still disabled, retrying (Requested nodes are busy)
srun: Job 8612812 step creation still disabled, retrying (Requested nodes are busy)
srun: Job 8612812 step creation still disabled, retrying (Requested nodes are busy)
srun: Job 8612812 step creation still disabled, retrying (Requested nodes are busy)
srun: Job 8612812 step creation still disabled, retrying (Requested nodes are busy)
srun: Job 8612812 step creation still disabled, retrying (Requested nodes are busy)
srun: Job 8612812 step creation still disabled, retrying (Requested nodes are busy)
srun: Job 8612812 step creation still disabled, retrying (Requested nodes are busy)
srun: Job 8612812 step creation still disabled, retrying (Requested nodes are busy)
srun: Job 8612812 step creation still disabled, retrying (Requested nodes are busy)
srun: Job 8612812 step creation still disabled, retrying (Requested nodes are busy)
srun: Job 8612812 step creation still disabled, retrying (Requested nodes are busy)
srun: Job 8612812 step creation still disabled, retrying (Requested nodes are busy)
srun: Job 8612812 step creation still disabled, retrying (Requested nodes are busy)
srun: Job 8612812 step creation still disabled, retrying (Requested nodes are busy)
srun: Job 8612812 step creation still disabled, retrying (Requested nodes are busy)
srun: Job 8612812 step creation still disabled, retrying (Requested nodes are busy)
srun: Job 8612812 step creation still disabled, retrying (Requested nodes are busy)
srun: Job 8612812 step creation still disabled, retrying (Requested nodes are busy)
srun: Job 8612812 step creation still disabled, retrying (Requested nodes are busy)
srun: Job 8612812 step creation still disabled, retrying (Requested nodes are busy)
srun: Job 8612812 step creation still disabled, retrying (Requested nodes are busy)
srun: Job 8612812 step creation still disabled, retrying (Requested nodes are busy)
srun: Job 8612812 step creation still disabled, retrying (Requested nodes are busy)
srun: Job 8612812 step creation still disabled, retrying (Requested nodes are busy)
srun: Job 8612812 step creation still disabled, retrying (Requested nodes are busy)
srun: Job 8612812 step creation still disabled, retrying (Requested nodes are busy)
srun: Job 8612812 step creation still disabled, retrying (Requested nodes are busy)
srun: Job 8612812 step creation still disabled, retrying (Requested nodes are busy)
srun: Job 8612812 step creation still disabled, retrying (Requested nodes are busy)
srun: Job 8612812 step creation still disabled, retrying (Requested nodes are busy)
srun: Job 8612812 step creation still disabled, retrying (Requested nodes are busy)
srun: Job 8612812 step creation still disabled, retrying (Requested nodes are busy)
srun: Job 8612812 step creation still disabled, retrying (Requested nodes are busy)
srun: Job 8612812 step creation still disabled, retrying (Requested nodes are busy)
srun: Job 8612812 step creation still disabled, retrying (Requested nodes are busy)
srun: Job 8612812 step creation still disabled, retrying (Requested nodes are busy)
srun: Job 8612812 step creation still disabled, retrying (Requested nodes are busy)
srun: Job 8612812 step creation still disabled, retrying (Requested nodes are busy)
srun: Job 8612812 step creation still disabled, retrying (Requested nodes are busy)
srun: Job 8612812 step creation still disabled, retrying (Requested nodes are busy)
srun: Job 8612812 step creation still disabled, retrying (Requested nodes are busy)
srun: Job 8612812 step creation still disabled, retrying (Requested nodes are busy)
srun: Job 8612812 step creation still disabled, retrying (Requested nodes are busy)
srun: Job 8612812 step creation still disabled, retrying (Requested nodes are busy)
srun: Job 8612812 step creation still disabled, retrying (Requested nodes are busy)
srun: Job 8612812 step creation still disabled, retrying (Requested nodes are busy)
srun: Job 8612812 step creation still disabled, retrying (Requested nodes are busy)
srun: Job 8612812 step creation still disabled, retrying (Requested nodes are busy)
srun: Job 8612812 step creation still disabled, retrying (Requested nodes are busy)
srun: Job 8612812 step creation still disabled, retrying (Requested nodes are busy)
srun: Job 8612812 step creation still disabled, retrying (Requested nodes are busy)
srun: Job 8612812 step creation still disabled, retrying (Requested nodes are busy)
srun: Job 8612812 step creation still disabled, retrying (Requested nodes are busy)
srun: Job 8612812 step creation still disabled, retrying (Requested nodes are busy)
srun: Job 8612812 step creation still disabled, retrying (Requested nodes are busy)
srun: Job 8612812 step creation still disabled, retrying (Requested nodes are busy)
srun: Job 8612812 step creation still disabled, retrying (Requested nodes are busy)
srun: Job 8612812 step creation still disabled, retrying (Requested nodes are busy)
srun: Job 8612812 step creation still disabled, retrying (Requested nodes are busy)
srun: Job 8612812 step creation still disabled, retrying (Requested nodes are busy)
srun: Job 8612812 step creation still disabled, retrying (Requested nodes are busy)
srun: Job 8612812 step creation still disabled, retrying (Requested nodes are busy)
srun: Job 8612812 step creation still disabled, retrying (Requested nodes are busy)
srun: Job 8612812 step creation still disabled, retrying (Requested nodes are busy)
srun: Job 8612812 step creation still disabled, retrying (Requested nodes are busy)
srun: Job 8612812 step creation still disabled, retrying (Requested nodes are busy)
srun: Job 8612812 step creation still disabled, retrying (Requested nodes are busy)
srun: Job 8612812 step creation still disabled, retrying (Requested nodes are busy)
srun: Job 8612812 step creation still disabled, retrying (Requested nodes are busy)
srun: Job 8612812 step creation still disabled, retrying (Requested nodes are busy)
srun: Job 8612812 step creation still disabled, retrying (Requested nodes are busy)
srun: Job 8612812 step creation still disabled, retrying (Requested nodes are busy)
srun: Job 8612812 step creation still disabled, retrying (Requested nodes are busy)
srun: Job 8612812 step creation still disabled, retrying (Requested nodes are busy)
srun: Job 8612812 step creation still disabled, retrying (Requested nodes are busy)
srun: Job 8612812 step creation still disabled, retrying (Requested nodes are busy)
srun: Job 8612812 step creation still disabled, retrying (Requested nodes are busy)
srun: Job 8612812 step creation still disabled, retrying (Requested nodes are busy)
srun: Job 8612812 step creation still disabled, retrying (Requested nodes are busy)
srun: Job 8612812 step creation still disabled, retrying (Requested nodes are busy)
srun: Job 8612812 step creation still disabled, retrying (Requested nodes are busy)
srun: Job 8612812 step creation still disabled, retrying (Requested nodes are busy)
srun: Job 8612812 step creation still disabled, retrying (Requested nodes are busy)
srun: Job 8612812 step creation still disabled, retrying (Requested nodes are busy)
srun: Job 8612812 step creation still disabled, retrying (Requested nodes are busy)
srun: Job 8612812 step creation still disabled, retrying (Requested nodes are busy)
srun: Job 8612812 step creation still disabled, retrying (Requested nodes are busy)
srun: Job 8612812 step creation still disabled, retrying (Requested nodes are busy)
srun: Job 8612812 step creation still disabled, retrying (Requested nodes are busy)
srun: Job 8612812 step creation still disabled, retrying (Requested nodes are busy)
srun: Job 8612812 step creation still disabled, retrying (Requested nodes are busy)
srun: Job 8612812 step creation still disabled, retrying (Requested nodes are busy)
srun: Job 8612812 step creation still disabled, retrying (Requested nodes are busy)
srun: Job 8612812 step creation still disabled, retrying (Requested nodes are busy)
srun: Job 8612812 step creation still disabled, retrying (Requested nodes are busy)
srun: Job 8612812 step creation still disabled, retrying (Requested nodes are busy)
srun: Job 8612812 step creation still disabled, retrying (Requested nodes are busy)
srun: Job 8612812 step creation still disabled, retrying (Requested nodes are busy)
srun: Job 8612812 step creation still disabled, retrying (Requested nodes are busy)
srun: Job 8612812 step creation still disabled, retrying (Requested nodes are busy)
srun: Job 8612812 step creation still disabled, retrying (Requested nodes are busy)
srun: Job 8612812 step creation still disabled, retrying (Requested nodes are busy)
srun: Job 8612812 step creation still disabled, retrying (Requested nodes are busy)
srun: Job 8612812 step creation still disabled, retrying (Requested nodes are busy)
srun: Job 8612812 step creation still disabled, retrying (Requested nodes are busy)
srun: Job 8612812 step creation still disabled, retrying (Requested nodes are busy)
srun: Job 8612812 step creation still disabled, retrying (Requested nodes are busy)
srun: Job 8612812 step creation still disabled, retrying (Requested nodes are busy)
srun: Job 8612812 step creation still disabled, retrying (Requested nodes are busy)
srun: Job 8612812 step creation still disabled, retrying (Requested nodes are busy)
srun: Job 8612812 step creation still disabled, retrying (Requested nodes are busy)
srun: Job 8612812 step creation still disabled, retrying (Requested nodes are busy)
srun: Job 8612812 step creation still disabled, retrying (Requested nodes are busy)
srun: Job 8612812 step creation still disabled, retrying (Requested nodes are busy)
srun: Job 8612812 step creation still disabled, retrying (Requested nodes are busy)
srun: Job 8612812 step creation still disabled, retrying (Requested nodes are busy)
srun: Job 8612812 step creation still disabled, retrying (Requested nodes are busy)
srun: Job 8612812 step creation still disabled, retrying (Requested nodes are busy)
srun: Job 8612812 step creation still disabled, retrying (Requested nodes are busy)
srun: Job 8612812 step creation still disabled, retrying (Requested nodes are busy)
srun: Job 8612812 step creation still disabled, retrying (Requested nodes are busy)
srun: Job 8612812 step creation still disabled, retrying (Requested nodes are busy)
srun: Job 8612812 step creation still disabled, retrying (Requested nodes are busy)
srun: Job 8612812 step creation still disabled, retrying (Requested nodes are busy)
srun: Job 8612812 step creation still disabled, retrying (Requested nodes are busy)
srun: Job 8612812 step creation still disabled, retrying (Requested nodes are busy)
srun: Job 8612812 step creation still disabled, retrying (Requested nodes are busy)
srun: Job 8612812 step creation still disabled, retrying (Requested nodes are busy)
srun: Job 8612812 step creation still disabled, retrying (Requested nodes are busy)
srun: Job 8612812 step creation still disabled, retrying (Requested nodes are busy)
srun: Job 8612812 step creation still disabled, retrying (Requested nodes are busy)
srun: Job 8612812 step creation still disabled, retrying (Requested nodes are busy)
srun: Job 8612812 step creation still disabled, retrying (Requested nodes are busy)
srun: Job 8612812 step creation still disabled, retrying (Requested nodes are busy)
srun: Job 8612812 step creation still disabled, retrying (Requested nodes are busy)
srun: Job 8612812 step creation still disabled, retrying (Requested nodes are busy)
srun: Job 8612812 step creation still disabled, retrying (Requested nodes are busy)
srun: Job 8612812 step creation still disabled, retrying (Requested nodes are busy)
srun: Job 8612812 step creation still disabled, retrying (Requested nodes are busy)
srun: Job 8612812 step creation still disabled, retrying (Requested nodes are busy)
srun: Job 8612812 step creation still disabled, retrying (Requested nodes are busy)
srun: Job 8612812 step creation still disabled, retrying (Requested nodes are busy)
srun: Job 8612812 step creation still disabled, retrying (Requested nodes are busy)
srun: Job 8612812 step creation still disabled, retrying (Requested nodes are busy)
srun: Job 8612812 step creation still disabled, retrying (Requested nodes are busy)
srun: Job 8612812 step creation still disabled, retrying (Requested nodes are busy)
srun: Job 8612812 step creation still disabled, retrying (Requested nodes are busy)
srun: Job 8612812 step creation still disabled, retrying (Requested nodes are busy)
srun: Job 8612812 step creation still disabled, retrying (Requested nodes are busy)
srun: Job 8612812 step creation still disabled, retrying (Requested nodes are busy)
srun: Job 8612812 step creation still disabled, retrying (Requested nodes are busy)
srun: Job 8612812 step creation still disabled, retrying (Requested nodes are busy)
srun: Job 8612812 step creation still disabled, retrying (Requested nodes are busy)
srun: Job 8612812 step creation still disabled, retrying (Requested nodes are busy)
srun: Job 8612812 step creation still disabled, retrying (Requested nodes are busy)
srun: Job 8612812 step creation still disabled, retrying (Requested nodes are busy)
srun: Job 8612812 step creation still disabled, retrying (Requested nodes are busy)
srun: Job 8612812 step creation still disabled, retrying (Requested nodes are busy)
srun: Job 8612812 step creation still disabled, retrying (Requested nodes are busy)
srun: Job 8612812 step creation still disabled, retrying (Requested nodes are busy)
srun: Job 8612812 step creation still disabled, retrying (Requested nodes are busy)
srun: Job 8612812 step creation still disabled, retrying (Requested nodes are busy)
srun: Job 8612812 step creation still disabled, retrying (Requested nodes are busy)
srun: Job 8612812 step creation still disabled, retrying (Requested nodes are busy)
srun: Job 8612812 step creation still disabled, retrying (Requested nodes are busy)
srun: Job 8612812 step creation still disabled, retrying (Requested nodes are busy)
srun: Job 8612812 step creation still disabled, retrying (Requested nodes are busy)
srun: Job 8612812 step creation still disabled, retrying (Requested nodes are busy)
srun: Job 8612812 step creation still disabled, retrying (Requested nodes are busy)
srun: Job 8612812 step creation still disabled, retrying (Requested nodes are busy)
srun: Job 8612812 step creation still disabled, retrying (Requested nodes are busy)
srun: Job 8612812 step creation still disabled, retrying (Requested nodes are busy)
srun: Job 8612812 step creation still disabled, retrying (Requested nodes are busy)
srun: Job 8612812 step creation still disabled, retrying (Requested nodes are busy)
srun: Job 8612812 step creation still disabled, retrying (Requested nodes are busy)
srun: Job 8612812 step creation still disabled, retrying (Requested nodes are busy)
srun: Job 8612812 step creation still disabled, retrying (Requested nodes are busy)
srun: Job 8612812 step creation still disabled, retrying (Requested nodes are busy)
srun: Job 8612812 step creation still disabled, retrying (Requested nodes are busy)
srun: Job 8612812 step creation still disabled, retrying (Requested nodes are busy)
srun: Job 8612812 step creation still disabled, retrying (Requested nodes are busy)
srun: Job 8612812 step creation still disabled, retrying (Requested nodes are busy)
srun: Job 8612812 step creation still disabled, retrying (Requested nodes are busy)
srun: Job 8612812 step creation still disabled, retrying (Requested nodes are busy)
srun: Job 8612812 step creation still disabled, retrying (Requested nodes are busy)
srun: Job 8612812 step creation still disabled, retrying (Requested nodes are busy)
srun: Job 8612812 step creation still disabled, retrying (Requested nodes are busy)
srun: Job 8612812 step creation still disabled, retrying (Requested nodes are busy)
srun: Job 8612812 step creation still disabled, retrying (Requested nodes are busy)
srun: Job 8612812 step creation still disabled, retrying (Requested nodes are busy)
srun: Job 8612812 step creation still disabled, retrying (Requested nodes are busy)
srun: Job 8612812 step creation still disabled, retrying (Requested nodes are busy)
srun: Job 8612812 step creation still disabled, retrying (Requested nodes are busy)
srun: Job 8612812 step creation still disabled, retrying (Requested nodes are busy)
srun: Job 8612812 step creation still disabled, retrying (Requested nodes are busy)
srun: Job 8612812 step creation still disabled, retrying (Requested nodes are busy)
srun: Job 8612812 step creation still disabled, retrying (Requested nodes are busy)
srun: Job 8612812 step creation still disabled, retrying (Requested nodes are busy)
srun: Job 8612812 step creation still disabled, retrying (Requested nodes are busy)
srun: Job 8612812 step creation still disabled, retrying (Requested nodes are busy)
srun: Job 8612812 step creation still disabled, retrying (Requested nodes are busy)
srun: Job 8612812 step creation still disabled, retrying (Requested nodes are busy)
srun: Job 8612812 step creation still disabled, retrying (Requested nodes are busy)
srun: Job 8612812 step creation still disabled, retrying (Requested nodes are busy)
srun: Job 8612812 step creation still disabled, retrying (Requested nodes are busy)
srun: Job 8612812 step creation still disabled, retrying (Requested nodes are busy)
srun: Job 8612812 step creation still disabled, retrying (Requested nodes are busy)
srun: Job 8612812 step creation still disabled, retrying (Requested nodes are busy)
srun: Job 8612812 step creation still disabled, retrying (Requested nodes are busy)
srun: Job 8612812 step creation still disabled, retrying (Requested nodes are busy)
srun: Job 8612812 step creation still disabled, retrying (Requested nodes are busy)
srun: Job 8612812 step creation still disabled, retrying (Requested nodes are busy)
srun: Job 8612812 step creation still disabled, retrying (Requested nodes are busy)
srun: Job 8612812 step creation still disabled, retrying (Requested nodes are busy)
srun: Job 8612812 step creation still disabled, retrying (Requested nodes are busy)
srun: Job 8612812 step creation still disabled, retrying (Requested nodes are busy)
srun: Job 8612812 step creation still disabled, retrying (Requested nodes are busy)
srun: Job 8612812 step creation still disabled, retrying (Requested nodes are busy)
srun: Job 8612812 step creation still disabled, retrying (Requested nodes are busy)
srun: Job 8612812 step creation still disabled, retrying (Requested nodes are busy)
srun: Job 8612812 step creation still disabled, retrying (Requested nodes are busy)
srun: Job 8612812 step creation still disabled, retrying (Requested nodes are busy)
srun: Job 8612812 step creation still disabled, retrying (Requested nodes are busy)
srun: Job 8612812 step creation still disabled, retrying (Requested nodes are busy)
srun: Job 8612812 step creation still disabled, retrying (Requested nodes are busy)
srun: Job 8612812 step creation still disabled, retrying (Requested nodes are busy)
srun: Job 8612812 step creation still disabled, retrying (Requested nodes are busy)
srun: Job 8612812 step creation still disabled, retrying (Requested nodes are busy)
srun: Job 8612812 step creation still disabled, retrying (Requested nodes are busy)
srun: Job 8612812 step creation still disabled, retrying (Requested nodes are busy)
srun: Job 8612812 step creation still disabled, retrying (Requested nodes are busy)
srun: Job 8612812 step creation still disabled, retrying (Requested nodes are busy)
srun: Job 8612812 step creation still disabled, retrying (Requested nodes are busy)
srun: Job 8612812 step creation still disabled, retrying (Requested nodes are busy)
srun: Job 8612812 step creation still disabled, retrying (Requested nodes are busy)
srun: Job 8612812 step creation still disabled, retrying (Requested nodes are busy)
srun: Job 8612812 step creation still disabled, retrying (Requested nodes are busy)
srun: Job 8612812 step creation still disabled, retrying (Requested nodes are busy)
srun: Job 8612812 step creation still disabled, retrying (Requested nodes are busy)
srun: Job 8612812 step creation still disabled, retrying (Requested nodes are busy)
srun: Job 8612812 step creation still disabled, retrying (Requested nodes are busy)
srun: Job 8612812 step creation still disabled, retrying (Requested nodes are busy)
srun: Job 8612812 step creation still disabled, retrying (Requested nodes are busy)
srun: Job 8612812 step creation still disabled, retrying (Requested nodes are busy)
srun: Job 8612812 step creation still disabled, retrying (Requested nodes are busy)
srun: Job 8612812 step creation still disabled, retrying (Requested nodes are busy)
srun: Job 8612812 step creation still disabled, retrying (Requested nodes are busy)
srun: Job 8612812 step creation still disabled, retrying (Requested nodes are busy)
srun: Job 8612812 step creation still disabled, retrying (Requested nodes are busy)
srun: Job 8612812 step creation still disabled, retrying (Requested nodes are busy)
srun: Job 8612812 step creation still disabled, retrying (Requested nodes are busy)
srun: Job 8612812 step creation still disabled, retrying (Requested nodes are busy)
srun: Job 8612812 step creation still disabled, retrying (Requested nodes are busy)
srun: Job 8612812 step creation still disabled, retrying (Requested nodes are busy)
srun: Job 8612812 step creation still disabled, retrying (Requested nodes are busy)
Parametrized_Cluster_2_1000_s1-100_t1_m7-7_FrozenLake-v1: 100/1000
Parametrized_Cluster_2_1000_s1-100_t1_m7-7_FrozenLake-v1: 200/1000
Parametrized_Cluster_2_1000_s1-100_t1_m7-7_FrozenLake-v1: 300/1000
Parametrized_Cluster_2_1000_s1-100_t1_m7-7_FrozenLake-v1: 400/1000
Parametrized_Cluster_2_1000_s1-100_t1_m7-7_FrozenLake-v1: 500/1000
Parametrized_Cluster_2_1000_s1-100_t1_m7-7_FrozenLake-v1: 600/1000
Parametrized_Cluster_2_1000_s1-100_t1_m7-7_FrozenLake-v1: 700/1000
Parametrized_Cluster_2_1000_s1-100_t1_m7-7_FrozenLake-v1: 800/1000
Parametrized_Cluster_2_1000_s1-100_t1_m7-7_FrozenLake-v1: 900/1000
Parametrized_Cluster_2_1000_s1-100_t1_m7-7_FrozenLake-v1: 1000/1000
srun: Job 8612812 step creation still disabled, retrying (Requested nodes are busy)
srun: Step created for job 8612812
srun: Job 8612812 step creation still disabled, retrying (Requested nodes are busy)
srun: Job 8612812 step creation still disabled, retrying (Requested nodes are busy)
srun: Job 8612812 step creation still disabled, retrying (Requested nodes are busy)
srun: Job 8612812 step creation still disabled, retrying (Requested nodes are busy)
Parametrized_Cluster_4_1000_s1-100_t1_m7-7_FrozenLake-v1: 100/1000
Parametrized_Cluster_4_1000_s1-100_t1_m7-7_FrozenLake-v1: 200/1000
Parametrized_Cluster_4_1000_s1-100_t1_m7-7_FrozenLake-v1: 300/1000
Parametrized_Cluster_4_1000_s1-100_t1_m7-7_FrozenLake-v1: 400/1000
Parametrized_Cluster_4_1000_s1-100_t1_m7-7_FrozenLake-v1: 500/1000
Parametrized_Cluster_4_1000_s1-100_t1_m7-7_FrozenLake-v1: 600/1000
Parametrized_Cluster_4_1000_s1-100_t1_m7-7_FrozenLake-v1: 700/1000
Parametrized_Cluster_4_1000_s1-100_t1_m7-7_FrozenLake-v1: 800/1000
Parametrized_Cluster_4_1000_s1-100_t1_m7-7_FrozenLake-v1: 900/1000
Parametrized_Cluster_4_1000_s1-100_t1_m7-7_FrozenLake-v1: 1000/1000
srun: Job 8612812 step creation still disabled, retrying (Requested nodes are busy)
srun: Step created for job 8612812
srun: Job 8612812 step creation still disabled, retrying (Requested nodes are busy)
srun: Job 8612812 step creation still disabled, retrying (Requested nodes are busy)
srun: Job 8612812 step creation still disabled, retrying (Requested nodes are busy)
Parametrized_Cluster_9_1000_s1-100_t1_m7-7_FrozenLake-v1: 100/1000
Parametrized_Cluster_9_1000_s1-100_t1_m7-7_FrozenLake-v1: 200/1000
Parametrized_Cluster_9_1000_s1-100_t1_m7-7_FrozenLake-v1: 300/1000
Parametrized_Cluster_9_1000_s1-100_t1_m7-7_FrozenLake-v1: 400/1000
Parametrized_Cluster_9_1000_s1-100_t1_m7-7_FrozenLake-v1: 500/1000
Parametrized_Cluster_9_1000_s1-100_t1_m7-7_FrozenLake-v1: 600/1000
Parametrized_Cluster_9_1000_s1-100_t1_m7-7_FrozenLake-v1: 700/1000
Parametrized_Cluster_9_1000_s1-100_t1_m7-7_FrozenLake-v1: 800/1000
Parametrized_Cluster_9_1000_s1-100_t1_m7-7_FrozenLake-v1: 900/1000
Parametrized_Cluster_9_1000_s1-100_t1_m7-7_FrozenLake-v1: 1000/1000
srun: Job 8612812 step creation still disabled, retrying (Requested nodes are busy)
srun: Step created for job 8612812
srun: Job 8612812 step creation still disabled, retrying (Requested nodes are busy)
Parametrized_Cluster_3_1000_s1-100_t1_m7-7_FrozenLake-v1: 100/1000
Parametrized_Cluster_3_1000_s1-100_t1_m7-7_FrozenLake-v1: 200/1000
Parametrized_Cluster_3_1000_s1-100_t1_m7-7_FrozenLake-v1: 300/1000
Parametrized_Cluster_3_1000_s1-100_t1_m7-7_FrozenLake-v1: 400/1000
Parametrized_Cluster_3_1000_s1-100_t1_m7-7_FrozenLake-v1: 500/1000
Parametrized_Cluster_3_1000_s1-100_t1_m7-7_FrozenLake-v1: 600/1000
Parametrized_Cluster_3_1000_s1-100_t1_m7-7_FrozenLake-v1: 700/1000
Parametrized_Cluster_3_1000_s1-100_t1_m7-7_FrozenLake-v1: 800/1000
Parametrized_Cluster_3_1000_s1-100_t1_m7-7_FrozenLake-v1: 900/1000
Parametrized_Cluster_3_1000_s1-100_t1_m7-7_FrozenLake-v1: 1000/1000
srun: Job 8612812 step creation still disabled, retrying (Requested nodes are busy)
srun: Step created for job 8612812
srun: Job 8612812 step creation still disabled, retrying (Requested nodes are busy)
srun: Job 8612812 step creation still disabled, retrying (Requested nodes are busy)
Parametrized_Cluster_5_1000_s1-100_t1_m7-7_FrozenLake-v1: 100/1000
Parametrized_Cluster_5_1000_s1-100_t1_m7-7_FrozenLake-v1: 200/1000
Parametrized_Cluster_5_1000_s1-100_t1_m7-7_FrozenLake-v1: 300/1000
Parametrized_Cluster_5_1000_s1-100_t1_m7-7_FrozenLake-v1: 400/1000
Parametrized_Cluster_5_1000_s1-100_t1_m7-7_FrozenLake-v1: 500/1000
Parametrized_Cluster_5_1000_s1-100_t1_m7-7_FrozenLake-v1: 600/1000
Parametrized_Cluster_5_1000_s1-100_t1_m7-7_FrozenLake-v1: 700/1000
Parametrized_Cluster_5_1000_s1-100_t1_m7-7_FrozenLake-v1: 800/1000
Parametrized_Cluster_5_1000_s1-100_t1_m7-7_FrozenLake-v1: 900/1000
Parametrized_Cluster_5_1000_s1-100_t1_m7-7_FrozenLake-v1: 1000/1000
srun: Job 8612812 step creation still disabled, retrying (Requested nodes are busy)
srun: Step created for job 8612812
Parametrized_Cluster_7_1000_s1-100_t1_m7-7_FrozenLake-v1: 100/1000
Parametrized_Cluster_7_1000_s1-100_t1_m7-7_FrozenLake-v1: 200/1000
Parametrized_Cluster_7_1000_s1-100_t1_m7-7_FrozenLake-v1: 300/1000
Parametrized_Cluster_7_1000_s1-100_t1_m7-7_FrozenLake-v1: 400/1000
Parametrized_Cluster_7_1000_s1-100_t1_m7-7_FrozenLake-v1: 500/1000
Parametrized_Cluster_7_1000_s1-100_t1_m7-7_FrozenLake-v1: 600/1000
Parametrized_Cluster_7_1000_s1-100_t1_m7-7_FrozenLake-v1: 700/1000
Parametrized_Cluster_7_1000_s1-100_t1_m7-7_FrozenLake-v1: 800/1000
Parametrized_Cluster_7_1000_s1-100_t1_m7-7_FrozenLake-v1: 900/1000
Parametrized_Cluster_7_1000_s1-100_t1_m7-7_FrozenLake-v1: 1000/1000
Parametrized_Cluster_8_1000_s1-100_t1_m7-7_FrozenLake-v1: 100/1000
Parametrized_Cluster_8_1000_s1-100_t1_m7-7_FrozenLake-v1: 200/1000
Parametrized_Cluster_8_1000_s1-100_t1_m7-7_FrozenLake-v1: 300/1000
Parametrized_Cluster_8_1000_s1-100_t1_m7-7_FrozenLake-v1: 400/1000
Parametrized_Cluster_8_1000_s1-100_t1_m7-7_FrozenLake-v1: 500/1000
Parametrized_Cluster_8_1000_s1-100_t1_m7-7_FrozenLake-v1: 600/1000
Parametrized_Cluster_8_1000_s1-100_t1_m7-7_FrozenLake-v1: 700/1000
Parametrized_Cluster_8_1000_s1-100_t1_m7-7_FrozenLake-v1: 800/1000
Parametrized_Cluster_8_1000_s1-100_t1_m7-7_FrozenLake-v1: 900/1000
Parametrized_Cluster_8_1000_s1-100_t1_m7-7_FrozenLake-v1: 1000/1000
Parametrized_Cluster_10_1000_s1-100_t1_m7-7_FrozenLake-v1: 100/1000
Parametrized_Cluster_10_1000_s1-100_t1_m7-7_FrozenLake-v1: 200/1000
Parametrized_Cluster_10_1000_s1-100_t1_m7-7_FrozenLake-v1: 300/1000
Parametrized_Cluster_10_1000_s1-100_t1_m7-7_FrozenLake-v1: 400/1000
Parametrized_Cluster_10_1000_s1-100_t1_m7-7_FrozenLake-v1: 500/1000
Parametrized_Cluster_10_1000_s1-100_t1_m7-7_FrozenLake-v1: 600/1000
Parametrized_Cluster_10_1000_s1-100_t1_m7-7_FrozenLake-v1: 700/1000
Parametrized_Cluster_10_1000_s1-100_t1_m7-7_FrozenLake-v1: 800/1000
Parametrized_Cluster_10_1000_s1-100_t1_m7-7_FrozenLake-v1: 900/1000
Parametrized_Cluster_10_1000_s1-100_t1_m7-7_FrozenLake-v1: 1000/1000
Parametrized_Cluster_6_1000_s1-100_t1_m7-7_FrozenLake-v1: 100/1000
Parametrized_Cluster_6_1000_s1-100_t1_m7-7_FrozenLake-v1: 200/1000
Parametrized_Cluster_6_1000_s1-100_t1_m7-7_FrozenLake-v1: 300/1000
Parametrized_Cluster_6_1000_s1-100_t1_m7-7_FrozenLake-v1: 400/1000
Parametrized_Cluster_6_1000_s1-100_t1_m7-7_FrozenLake-v1: 500/1000
Parametrized_Cluster_6_1000_s1-100_t1_m7-7_FrozenLake-v1: 600/1000
Parametrized_Cluster_6_1000_s1-100_t1_m7-7_FrozenLake-v1: 700/1000
Parametrized_Cluster_6_1000_s1-100_t1_m7-7_FrozenLake-v1: 800/1000
Parametrized_Cluster_6_1000_s1-100_t1_m7-7_FrozenLake-v1: 900/1000
Parametrized_Cluster_6_1000_s1-100_t1_m7-7_FrozenLake-v1: 1000/1000
Parametrized_Cluster_1_1000_s1-100_t1_m7-7_FrozenLake-v1: 100/1000
Parametrized_Cluster_1_1000_s1-100_t1_m7-7_FrozenLake-v1: 200/1000
Parametrized_Cluster_1_1000_s1-100_t1_m7-7_FrozenLake-v1: 300/1000
Parametrized_Cluster_1_1000_s1-100_t1_m7-7_FrozenLake-v1: 400/1000
Parametrized_Cluster_1_1000_s1-100_t1_m7-7_FrozenLake-v1: 500/1000
Parametrized_Cluster_1_1000_s1-100_t1_m7-7_FrozenLake-v1: 600/1000
Parametrized_Cluster_1_1000_s1-100_t1_m7-7_FrozenLake-v1: 700/1000
Parametrized_Cluster_1_1000_s1-100_t1_m7-7_FrozenLake-v1: 800/1000
Parametrized_Cluster_1_1000_s1-100_t1_m7-7_FrozenLake-v1: 900/1000
Parametrized_Cluster_1_1000_s1-100_t1_m7-7_FrozenLake-v1: 1000/1000
