JobId=8612874 JobName=analysis.sbatch
   UserId=koner(565562) GroupId=domain users(100513) MCS_label=N/A
   Priority=18200743 Nice=0 Account=ewi-insy-ii-influence QOS=medium
   JobState=RUNNING Reason=None Dependency=(null)
   Requeue=0 Restarts=0 BatchFlag=1 Reboot=0 ExitCode=0:0
   DerivedExitCode=0:0
   RunTime=00:00:01 TimeLimit=05:00:00 TimeMin=N/A
   SubmitTime=2023-07-30T21:10:05 EligibleTime=2023-07-30T21:10:05
   AccrueTime=2023-07-30T21:10:05
   StartTime=2023-07-30T21:10:06 EndTime=2023-07-31T02:10:06 Deadline=N/A
   SuspendTime=None SecsPreSuspend=0 LastSchedEval=2023-07-30T21:10:06 Scheduler=Main
   Partition=general AllocNode:Sid=login1:23669
   ReqNodeList=(null) ExcNodeList=(null)
   NodeList=awi15
   BatchHost=awi15
   NumNodes=1 NumCPUs=20 NumTasks=1 CPUs/Task=20 ReqB:S:C:T=0:0:*:*
   TRES=cpu=20,mem=8G,node=1,billing=10
   Socks/Node=* NtasksPerN:B:S:C=0:0:*:* CoreSpec=*
   JOB_GRES=(null)
     Nodes=awi15 CPU_IDs=12-27,40-43 Mem=8192 GRES=
   MinCPUsNode=20 MinMemoryNode=8G MinTmpDiskNode=0
   Features=(null) DelayBoot=00:00:00
   OverSubscribe=OK Contiguous=0 Licenses=(null) Network=(null)
   Command=/winhome/koner/Desktop/MCTS-Time-Management/jobscripts/analysis.sbatch
   WorkDir=/winhome/koner/Desktop/MCTS-Time-Management/jobscripts
   StdErr=/winhome/koner/Desktop/MCTS-Time-Management/jobscripts/slurm-8612874.out
   StdIn=/dev/null
   StdOut=/winhome/koner/Desktop/MCTS-Time-Management/jobscripts/slurm-8612874.out
   Power=
   MailUser=koner MailType=END
   

<class 'numpy.ndarray'>
[learning_curve] Training set sizes: [  1986   3773   5561   7349   9136  10924  12712  14499  16287  18075
  19863  39726  59589  79452  99315 119178 139041 158904 178767 198630]
[Parallel(n_jobs=20)]: Using backend LokyBackend with 20 concurrent workers.
[CV] END .................................................... total time=  25.3s
[CV] END .................................................... total time=  22.2s
[CV] END .................................................... total time= 1.1min
[CV] END .................................................... total time= 9.5min
[CV] END .................................................... total time=11.8min
[CV] END .................................................... total time= 1.9min
[CV] END .................................................... total time=15.6min
[CV] END .................................................... total time= 3.1min
[CV] END .................................................... total time=24.4min
[CV] END .................................................... total time= 1.7min
[CV] END .................................................... total time= 4.0min
[CV] END .................................................... total time=  42.0s
[CV] END .................................................... total time= 1.2min
[CV] END .................................................... total time= 4.5min
[CV] END .................................................... total time= 1.2min
[CV] END .................................................... total time=  46.1s
[CV] END .................................................... total time=13.3min
[CV] END .................................................... total time=12.5min
[CV] END .................................................... total time=  29.7s
[CV] END .................................................... total time= 1.7min
[CV] END .................................................... total time= 2.1min
[CV] END .................................................... total time=13.7min
[CV] END .................................................... total time=24.5min
[CV] END .................................................... total time=10.7min
[CV] END .................................................... total time=22.4min
[CV] END .................................................... total time=  40.3s
[CV] END .................................................... total time= 1.6min
[CV] END .................................................... total time=16.5min
[CV] END .................................................... total time= 2.5min
[CV] END .................................................... total time=23.0min
[CV] END .................................................... total time=  18.1s
[CV] END .................................................... total time=  29.3s
[CV] END .................................................... total time= 1.3min
[CV] END .................................................... total time= 2.2min
[CV] END .................................................... total time=11.1min
[CV] END .................................................... total time=  59.6s
[CV] END .................................................... total time= 1.6min
[CV] END .................................................... total time=21.8min
[CV] END .................................................... total time= 8.6min
[CV] END .................................................... total time=16.5min
[CV] END .................................................... total time= 3.2min
[CV] END .................................................... total time=21.6min
[CV] END .................................................... total time=  49.3s
[CV] END .................................................... total time= 2.0min
[CV] END .................................................... total time= 6.2min
[CV] END .................................................... total time=24.3min
[CV] END .................................................... total time= 5.1min
[CV] END .................................................... total time=  41.3s
[CV] END .................................................... total time= 2.8min
[CV] END .................................................... total time=26.1min
[CV] END .................................................... total time=16.0min
[CV] END .................................................... total time= 2.4min
[CV] END .................................................... total time= 7.8min
[CV] END .................................................... total time= 1.2min
[CV] END .................................................... total time= 2.8min
[CV] END .................................................... total time=  24.1s
[CV] END .................................................... total time=  39.7s
[CV] END .................................................... total time= 1.8min
[CV] END .................................................... total time= 2.6min
[CV] END .................................................... total time=10.1min
[CV] END .................................................... total time=28.4min
[CV] END .................................................... total time=  26.7s
[CV] END .................................................... total time=  47.5s
[CV] END .................................................... total time= 1.8min
[CV] END .................................................... total time= 8.6min
[CV] END .................................................... total time=12.6min
[CV] END .................................................... total time=13.8min
[CV] END .................................................... total time=24.0min
[CV] END .................................................... total time= 3.2min
[CV] END .................................................... total time=  19.3s
[CV] END .................................................... total time=  17.2s
[CV] END .................................................... total time=  52.0s
[CV] END .................................................... total time= 1.1min
[CV] END .................................................... total time= 2.2min
[CV] END .................................................... total time=24.2min
[CV] END .................................................... total time= 1.0min
[CV] END .................................................... total time= 1.6min
[CV] END .................................................... total time=12.6min
[CV] END .................................................... total time=15.1min
[CV] END .................................................... total time= 3.4min
[CV] END .................................................... total time=20.2min
[CV] END .................................................... total time= 2.7min
[CV] END .................................................... total time=13.7min
[CV] END .................................................... total time= 1.0min
[CV] END .................................................... total time= 2.9min
[CV] END .................................................... total time=26.3min
[CV] END .................................................... total time=17.1min
[CV] END .................................................... total time= 1.3min
[CV] END .................................................... total time= 1.2min
[CV] END .................................................... total time=19.0min
[CV] END .................................................... total time=  19.8s
[CV] END .................................................... total time=  21.6s
[CV] END .................................................... total time=  44.7s
[CV] END .................................................... total time= 1.5min
[CV] END .................................................... total time=12.8min
[CV] END .................................................... total time=28.4min
[CV] END .................................................... total time=23.2min
[CV] END .................................................... total time=20.3min
[CV] END .................................................... total time=17.5min
[CV] END .................................................... total time=   7.9s
[CV] END .................................................... total time=  27.8s
[CV] END .................................................... total time=  31.1s
[CV] END .................................................... total time= 1.3min
[CV] END .................................................... total time= 2.0min
[CV] END .................................................... total time=11.6min
[CV] END .................................................... total time=  15.8s
[CV] END .................................................... total time=  32.0s
[CV] END .................................................... total time=  39.1s
[CV] END .................................................... total time=  57.8s
[CV] END .................................................... total time= 1.4min
[CV] END .................................................... total time= 2.2min
[CV] END .................................................... total time=13.5min
[CV] END .................................................... total time=16.8min
[CV] END .................................................... total time= 2.3min
[CV] END .................................................... total time=18.0min
[CV] END .................................................... total time=23.9min
[CV] END .................................................... total time=34.4min
[CV] END .................................................... total time=12.6min
[CV] END .................................................... total time=  23.3s
[CV] END .................................................... total time=  22.2s
[CV] END .................................................... total time=  34.8s
[CV] END .................................................... total time= 2.4min
[CV] END .................................................... total time=26.8min
[CV] END .................................................... total time= 8.4min
[CV] END .................................................... total time=  53.7s
[CV] END .................................................... total time= 2.4min
[CV] END .................................................... total time= 8.9min
[CV] END .................................................... total time=17.9min
[CV] END .................................................... total time= 3.2min
[CV] END .................................................... total time=19.2min
[CV] END .................................................... total time=23.5min
[CV] END .................................................... total time= 1.6min
[CV] END .................................................... total time=21.9min
[CV] END .................................................... total time=  15.9s
[CV] END .................................................... total time=  37.4s
[CV] END .................................................... total time=  38.8s
[CV] END .................................................... total time= 2.6min
[CV] END .................................................... total time=14.9min
[CV] END .................................................... total time=25.5min
[CV] END .................................................... total time= 1.2min
[CV] END .................................................... total time= 2.7min
[CV] END .................................................... total time=  18.3s
[CV] END .................................................... total time=  26.9s
[CV] END .................................................... total time=  28.8s
[CV] END .................................................... total time= 1.8min
[CV] END .................................................... total time= 2.8min
[CV] END .................................................... total time= 2.1min
[CV] END .................................................... total time=15.2min
[CV] END .................................................... total time=22.4min
[CV] END .................................................... total time= 3.3min
[CV] END .................................................... total time=20.8min
[CV] END .................................................... total time=  15.1s
[CV] END .................................................... total time=  36.3s
[CV] END .................................................... total time=  36.8s
[CV] END .................................................... total time= 2.3min
[CV] END .................................................... total time=15.5min
[CV] END .................................................... total time=17.2min
[CV] END .................................................... total time=15.3min
[CV] END .................................................... total time=26.1min
[CV] END .................................................... total time= 8.6min
[CV] END .................................................... total time=  22.2s
[CV] END .................................................... total time= 1.1min
[CV] END .................................................... total time= 1.4min
[CV] END .................................................... total time= 8.2min
[CV] END .................................................... total time=15.6min
[CV] END .................................................... total time=16.7min
[CV] END .................................................... total time=13.0min
[CV] END .................................................... total time= 2.7min
[CV] END .................................................... total time=19.6min
[CV] END .................................................... total time=27.1min
[CV] END .................................................... total time=14.8min
[CV] END .................................................... total time=25.9min
[CV] END .................................................... total time=22.1min
[CV] END .................................................... total time=  31.4s
[CV] END .................................................... total time= 2.0min
[CV] END .................................................... total time=25.2min
[CV] END .................................................... total time= 3.1min
[CV] END .................................................... total time=15.3min
[CV] END .................................................... total time=  52.4s
[CV] END .................................................... total time= 1.2min
[CV] END .................................................... total time=24.5min
[CV] END .................................................... total time=16.4min
[CV] END .................................................... total time=14.6min
[CV] END .................................................... total time= 3.4min
[CV] END .................................................... total time=18.3min
[CV] END .................................................... total time=15.1min
[CV] END .................................................... total time= 3.4min
[CV] END .................................................... total time=28.2min
[CV] END .................................................... total time=10.3min
[CV] END .................................................... total time= 7.6min
[CV] END .................................................... total time= 7.6min
[CV] END .................................................... total time= 1.5min
[CV] END .................................................... total time=10.9min
[CV] END .................................................... total time= 3.7min
[CV] END .................................................... total time=21.4min
[CV] END .................................................... total time=20.5min
[CV] END .................................................... total time=30.3min
[CV] END .................................................... total time=13.4min
[CV] END .................................................... total time=14.7min
[CV] END .................................................... total time=16.5min
[Parallel(n_jobs=20)]: Done 100 out of 200 | elapsed: 46.1min remaining: 46.1min
[Parallel(n_jobs=20)]: Done 200 out of 200 | elapsed: 96.2min finished
