JobId=8601242 JobName=analysis.sbatch
   UserId=koner(565562) GroupId=domain users(100513) MCS_label=N/A
   Priority=24767225 Nice=0 Account=ewi-insy-ii-influence QOS=short
   JobState=RUNNING Reason=None Dependency=(null)
   Requeue=0 Restarts=0 BatchFlag=1 Reboot=0 ExitCode=0:0
   DerivedExitCode=0:0
   RunTime=00:00:01 TimeLimit=03:00:00 TimeMin=N/A
   SubmitTime=2023-07-23T15:19:02 EligibleTime=2023-07-23T15:19:02
   AccrueTime=2023-07-23T15:19:02
   StartTime=2023-07-23T15:19:02 EndTime=2023-07-23T18:19:02 Deadline=N/A
   SuspendTime=None SecsPreSuspend=0 LastSchedEval=2023-07-23T15:19:02 Scheduler=Main
   Partition=general AllocNode:Sid=login1:7471
   ReqNodeList=(null) ExcNodeList=(null)
   NodeList=grs4
   BatchHost=grs4
   NumNodes=1 NumCPUs=10 NumTasks=1 CPUs/Task=10 ReqB:S:C:T=0:0:*:*
   TRES=cpu=10,mem=4G,node=1,billing=5
   Socks/Node=* NtasksPerN:B:S:C=0:0:*:* CoreSpec=*
   JOB_GRES=(null)
     Nodes=grs4 CPU_IDs=2-3,14-21 Mem=4096 GRES=
   MinCPUsNode=10 MinMemoryNode=4G MinTmpDiskNode=0
   Features=(null) DelayBoot=00:00:00
   OverSubscribe=OK Contiguous=0 Licenses=(null) Network=(null)
   Command=/winhome/koner/Desktop/MCTS-Time-Management/jobscripts/analysis.sbatch
   WorkDir=/winhome/koner/Desktop/MCTS-Time-Management/jobscripts
   StdErr=/winhome/koner/Desktop/MCTS-Time-Management/jobscripts/slurm-8601242.out
   StdIn=/dev/null
   StdOut=/winhome/koner/Desktop/MCTS-Time-Management/jobscripts/slurm-8601242.out
   Power=
   MailUser=koner MailType=END
   

<class 'numpy.ndarray'>
[learning_curve] Training set sizes: [   135   1481   2826   4172   5517   6862   8208   9553  10899  12244
  13590  27180  40770  54360  67950  81540  95130 108720 122310 135900]
[Parallel(n_jobs=10)]: Using backend LokyBackend with 10 concurrent workers.
[CV] END .................................................... total time=  39.8s
[CV] END .................................................... total time=13.2min
[CV] END .................................................... total time=   2.4s
[CV] END .................................................... total time=   3.9s
[CV] END .................................................... total time=  17.2s
[CV] END .................................................... total time=  28.8s
[CV] END .................................................... total time=  40.1s
[CV] END .................................................... total time= 1.2min
[CV] END .................................................... total time=  40.6s
[CV] END .................................................... total time= 7.1min
[CV] END .................................................... total time=15.6min
[CV] END .................................................... total time=  12.9s
[CV] END .................................................... total time=  35.8s
[CV] END .................................................... total time= 3.5min
[CV] END .................................................... total time=11.6min
[CV] END .................................................... total time=12.2min
[CV] END .................................................... total time=   2.3s
[CV] END .................................................... total time=   4.7s
[CV] END .................................................... total time=  13.7s
[CV] END .................................................... total time= 1.1min
[CV] END .................................................... total time=  31.4s
[CV] END .................................................... total time= 2.7min
[CV] END .................................................... total time=11.0min
[CV] END .................................................... total time=16.2min
[CV] END .................................................... total time= 3.0min
[CV] END .................................................... total time=   2.4s
[CV] END .................................................... total time=   4.6s
[CV] END .................................................... total time=  16.1s
[CV] END .................................................... total time=  15.1s
[CV] END .................................................... total time=  28.2s
[CV] END .................................................... total time=  34.4s
[CV] END .................................................... total time=  46.6s
[CV] END .................................................... total time= 2.8min
[CV] END .................................................... total time= 8.7min
[CV] END .................................................... total time=  42.3s
[CV] END .................................................... total time=10.2min
[CV] END .................................................... total time= 3.3min
[CV] END .................................................... total time=12.0min
[CV] END .................................................... total time=12.5min
[CV] END .................................................... total time=13.0min
[CV] END .................................................... total time=  20.7s
[CV] END .................................................... total time=  44.8s
[CV] END .................................................... total time= 2.5min
[CV] END .................................................... total time= 9.0min
[CV] END .................................................... total time= 2.2min
[CV] END .................................................... total time=10.5min
[CV] END .................................................... total time= 7.7min
[CV] END .................................................... total time=  44.9s
[CV] END .................................................... total time= 5.4min
[CV] END .................................................... total time=  59.6s
[CV] END .................................................... total time= 3.4min
[CV] END .................................................... total time=14.4min
[CV] END .................................................... total time=15.8min
[CV] END .................................................... total time=  32.7s
[CV] END .................................................... total time= 9.4min
[CV] END .................................................... total time=  58.4s
[CV] END .................................................... total time= 6.1min
[CV] END .................................................... total time= 9.6min
[CV] END .................................................... total time=12.0min
[CV] END .................................................... total time= 8.7min
[CV] END .................................................... total time=14.1min
[CV] END .................................................... total time=  32.3s
[CV] END .................................................... total time=10.8min
[CV] END .................................................... total time=15.5min
[CV] END .................................................... total time= 3.2min
[CV] END .................................................... total time= 9.8min
[CV] END .................................................... total time=   2.4s
[CV] END .................................................... total time=   6.6s
[CV] END .................................................... total time=  34.1s
[CV] END .................................................... total time=  35.9s
[CV] END .................................................... total time= 5.3min
[CV] END .................................................... total time=10.6min
[CV] END .................................................... total time= 7.2min
[CV] END .................................................... total time=13.3min
[CV] END .................................................... total time=11.5min
[CV] END .................................................... total time=   2.7s
[CV] END .................................................... total time=  10.8s
[CV] END .................................................... total time=  12.9s
[CV] END .................................................... total time=  23.2s
[CV] END .................................................... total time=  26.2s
[CV] END .................................................... total time=  25.7s
[CV] END .................................................... total time=  37.9s
[CV] END .................................................... total time= 1.0min
[CV] END .................................................... total time= 2.9min
[CV] END .................................................... total time= 9.1min
[CV] END .................................................... total time=  28.8s
[CV] END .................................................... total time=12.6min
[CV] END .................................................... total time=12.6min
[CV] END .................................................... total time=   2.9s
[CV] END .................................................... total time=   4.8s
[CV] END .................................................... total time=  14.9s
[CV] END .................................................... total time=  37.1s
[CV] END .................................................... total time=  41.8s
[CV] END .................................................... total time= 3.4min
[CV] END .................................................... total time=13.8min
[CV] END .................................................... total time=14.2min
[CV] END .................................................... total time=  38.7s
[CV] END .................................................... total time=  25.2s
[CV] END .................................................... total time= 3.1min
[CV] END .................................................... total time=10.1min
[CV] END .................................................... total time= 9.6min
[CV] END .................................................... total time= 9.8min
[CV] END .................................................... total time=  59.7s
[CV] END .................................................... total time= 5.9min
[CV] END .................................................... total time= 5.2min
[CV] END .................................................... total time=   2.6s
[CV] END .................................................... total time=  52.5s
[CV] END .................................................... total time=12.1min
[CV] END .................................................... total time=12.7min
[CV] END .................................................... total time=  25.8s
[CV] END .................................................... total time=  32.0s
[CV] END .................................................... total time= 2.2min
[CV] END .................................................... total time= 6.1min
[CV] END .................................................... total time=13.6min
[CV] END .................................................... total time=   2.1s
[CV] END .................................................... total time=   4.2s
[CV] END .................................................... total time=   9.7s
[CV] END .................................................... total time=  17.9s
[CV] END .................................................... total time= 1.7min
[CV] END .................................................... total time= 2.9min
[CV] END .................................................... total time=13.7min
[CV] END .................................................... total time= 9.3min
[CV] END .................................................... total time=14.4min
[CV] END .................................................... total time= 2.8min
[CV] END .................................................... total time=11.1min
[CV] END .................................................... total time=  24.2s
[CV] END .................................................... total time= 8.7min
[CV] END .................................................... total time=10.1min
[CV] END .................................................... total time=10.6min
[CV] END .................................................... total time= 8.0min
[CV] END .................................................... total time=11.7min
[CV] END .................................................... total time=  22.2s
[CV] END .................................................... total time=  36.3s
[CV] END .................................................... total time=  26.4s
[CV] END .................................................... total time= 1.2min
[CV] END .................................................... total time= 8.0min
[CV] END .................................................... total time= 3.4min
[CV] END .................................................... total time= 8.6min
[CV] END .................................................... total time= 6.4min
[CV] END .................................................... total time= 7.5min
[CV] END .................................................... total time= 9.7min
[CV] END .................................................... total time=10.8min
[CV] END .................................................... total time=   4.6s
[CV] END .................................................... total time= 5.0min
[CV] END .................................................... total time= 2.9min
[CV] END .................................................... total time= 5.2min
[CV] END .................................................... total time=10.3min
[CV] END .................................................... total time=16.5min
[CV] END .................................................... total time=  16.9s
[CV] END .................................................... total time=  30.4s
[CV] END .................................................... total time= 1.0min
[CV] END .................................................... total time=10.9min
[CV] END .................................................... total time= 9.3min
[CV] END .................................................... total time= 8.0min
[CV] END .................................................... total time=  50.3s
[CV] END .................................................... total time= 3.2min
[CV] END .................................................... total time=10.2min
[CV] END .................................................... total time=12.4min
[CV] END .................................................... total time=11.6min
[CV] END .................................................... total time=  20.8s
[CV] END .................................................... total time= 8.0min
[CV] END .................................................... total time=11.1min
[CV] END .................................................... total time=13.3min
[CV] END .................................................... total time=14.1min
[CV] END .................................................... total time= 7.0min
[CV] END .................................................... total time=11.7min
[CV] END .................................................... total time=13.9min
[CV] END .................................................... total time=   2.1s
[CV] END .................................................... total time=   7.6s
[CV] END .................................................... total time=  11.6s
[CV] END .................................................... total time=  20.1s
[CV] END .................................................... total time=  39.9s
[CV] END .................................................... total time=  37.6s
[CV] END .................................................... total time=  52.9s
[CV] END .................................................... total time= 3.3min
[CV] END .................................................... total time=13.2min
[CV] END .................................................... total time= 9.2min
[CV] END .................................................... total time=  40.5s
[CV] END .................................................... total time=13.7min
[CV] END .................................................... total time=  21.3s
[CV] END .................................................... total time=  29.0s
[CV] END .................................................... total time= 2.3min
[CV] END .................................................... total time= 6.6min
[CV] END .................................................... total time=11.5min
[CV] END .................................................... total time= 9.9min
[CV] END .................................................... total time=12.6min
[CV] END .................................................... total time=   2.2s
[CV] END .................................................... total time=  10.2s
[CV] END .................................................... total time=  14.2s
[CV] END .................................................... total time=  19.5s
[CV] END .................................................... total time=  30.9s
[CV] END .................................................... total time=  32.9s
[CV] END .................................................... total time= 1.1min
[CV] END .................................................... total time= 5.3min
[CV] END .................................................... total time=14.6min
[CV] END .................................................... total time=  34.4s
[CV] END .................................................... total time=  56.7s
[CV] END .................................................... total time= 5.7min
[CV] END .................................................... total time=10.5min
[CV] END .................................................... total time= 9.6min
[Parallel(n_jobs=10)]: Done 100 out of 200 | elapsed: 51.2min remaining: 51.2min
[Parallel(n_jobs=10)]: Done 200 out of 200 | elapsed: 109.0min finished
