JobId=8579796 JobName=datasetscript.sbatch
   UserId=koner(565562) GroupId=domain users(100513) MCS_label=N/A
   Priority=17308270 Nice=0 Account=ewi-insy-ii-influence QOS=medium
   JobState=RUNNING Reason=None Dependency=(null)
   Requeue=0 Restarts=0 BatchFlag=1 Reboot=0 ExitCode=0:0
   DerivedExitCode=0:0
   RunTime=00:00:00 TimeLimit=04:10:00 TimeMin=N/A
   SubmitTime=2023-07-08T01:34:27 EligibleTime=2023-07-08T01:34:27
   AccrueTime=2023-07-08T01:34:27
   StartTime=2023-07-08T01:34:27 EndTime=2023-07-08T05:44:27 Deadline=N/A
   SuspendTime=None SecsPreSuspend=0 LastSchedEval=2023-07-08T01:34:27 Scheduler=Main
   Partition=general AllocNode:Sid=login1:1412
   ReqNodeList=(null) ExcNodeList=(null)
   NodeList=grs4
   BatchHost=grs4
   NumNodes=1 NumCPUs=10 NumTasks=10 CPUs/Task=1 ReqB:S:C:T=0:0:*:*
   TRES=cpu=10,mem=1000M,node=1,billing=5
   Socks/Node=* NtasksPerN:B:S:C=0:0:*:* CoreSpec=*
   JOB_GRES=(null)
     Nodes=grs4 CPU_IDs=2-9,16-17 Mem=1000 GRES=
   MinCPUsNode=1 MinMemoryCPU=100M MinTmpDiskNode=0
   Features=(null) DelayBoot=00:00:00
   OverSubscribe=OK Contiguous=0 Licenses=(null) Network=(null)
   Command=/winhome/koner/Desktop/MCTS-Time-Management/jobscripts/datasetscript.sbatch
   WorkDir=/winhome/koner/Desktop/MCTS-Time-Management/jobscripts
   StdErr=/winhome/koner/Desktop/MCTS-Time-Management/jobscripts/slurm-8579796.out
   StdIn=/dev/null
   StdOut=/winhome/koner/Desktop/MCTS-Time-Management/jobscripts/slurm-8579796.out
   Power=
   MailUser=koner MailType=END
   

srun: Job 8579796 step creation temporarily disabled, retrying (Requested nodes are busy)
srun: Job 8579796 step creation temporarily disabled, retrying (Requested nodes are busy)
srun: Job 8579796 step creation temporarily disabled, retrying (Requested nodes are busy)
srun: Job 8579796 step creation temporarily disabled, retrying (Requested nodes are busy)
srun: Job 8579796 step creation temporarily disabled, retrying (Requested nodes are busy)
srun: Job 8579796 step creation still disabled, retrying (Requested nodes are busy)
srun: Job 8579796 step creation still disabled, retrying (Requested nodes are busy)
srun: Job 8579796 step creation still disabled, retrying (Requested nodes are busy)
srun: Job 8579796 step creation still disabled, retrying (Requested nodes are busy)
srun: Job 8579796 step creation still disabled, retrying (Requested nodes are busy)
srun: Job 8579796 step creation still disabled, retrying (Requested nodes are busy)
srun: Job 8579796 step creation still disabled, retrying (Requested nodes are busy)
srun: Job 8579796 step creation still disabled, retrying (Requested nodes are busy)
srun: Job 8579796 step creation still disabled, retrying (Requested nodes are busy)
srun: Job 8579796 step creation still disabled, retrying (Requested nodes are busy)
srun: Job 8579796 step creation still disabled, retrying (Requested nodes are busy)
srun: Job 8579796 step creation still disabled, retrying (Requested nodes are busy)
srun: Job 8579796 step creation still disabled, retrying (Requested nodes are busy)
srun: Job 8579796 step creation still disabled, retrying (Requested nodes are busy)
srun: Job 8579796 step creation still disabled, retrying (Requested nodes are busy)
srun: Job 8579796 step creation still disabled, retrying (Requested nodes are busy)
srun: Job 8579796 step creation still disabled, retrying (Requested nodes are busy)
srun: Job 8579796 step creation still disabled, retrying (Requested nodes are busy)
srun: Job 8579796 step creation still disabled, retrying (Requested nodes are busy)
srun: Job 8579796 step creation still disabled, retrying (Requested nodes are busy)
srun: Job 8579796 step creation still disabled, retrying (Requested nodes are busy)
srun: Job 8579796 step creation still disabled, retrying (Requested nodes are busy)
srun: Job 8579796 step creation still disabled, retrying (Requested nodes are busy)
srun: Job 8579796 step creation still disabled, retrying (Requested nodes are busy)
srun: Job 8579796 step creation still disabled, retrying (Requested nodes are busy)
srun: Job 8579796 step creation still disabled, retrying (Requested nodes are busy)
srun: Job 8579796 step creation still disabled, retrying (Requested nodes are busy)
srun: Job 8579796 step creation still disabled, retrying (Requested nodes are busy)
srun: Job 8579796 step creation still disabled, retrying (Requested nodes are busy)
srun: Job 8579796 step creation still disabled, retrying (Requested nodes are busy)
srun: Job 8579796 step creation still disabled, retrying (Requested nodes are busy)
srun: Job 8579796 step creation still disabled, retrying (Requested nodes are busy)
srun: Job 8579796 step creation still disabled, retrying (Requested nodes are busy)
srun: Job 8579796 step creation still disabled, retrying (Requested nodes are busy)
srun: Job 8579796 step creation still disabled, retrying (Requested nodes are busy)
srun: Job 8579796 step creation still disabled, retrying (Requested nodes are busy)
srun: Job 8579796 step creation still disabled, retrying (Requested nodes are busy)
srun: Job 8579796 step creation still disabled, retrying (Requested nodes are busy)
srun: Job 8579796 step creation still disabled, retrying (Requested nodes are busy)
srun: Job 8579796 step creation still disabled, retrying (Requested nodes are busy)
srun: Job 8579796 step creation still disabled, retrying (Requested nodes are busy)
srun: Job 8579796 step creation still disabled, retrying (Requested nodes are busy)
srun: Job 8579796 step creation still disabled, retrying (Requested nodes are busy)
srun: Job 8579796 step creation still disabled, retrying (Requested nodes are busy)
srun: Job 8579796 step creation still disabled, retrying (Requested nodes are busy)
srun: Job 8579796 step creation still disabled, retrying (Requested nodes are busy)
srun: Job 8579796 step creation still disabled, retrying (Requested nodes are busy)
srun: Job 8579796 step creation still disabled, retrying (Requested nodes are busy)
srun: Job 8579796 step creation still disabled, retrying (Requested nodes are busy)
srun: Job 8579796 step creation still disabled, retrying (Requested nodes are busy)
srun: Job 8579796 step creation still disabled, retrying (Requested nodes are busy)
srun: Job 8579796 step creation still disabled, retrying (Requested nodes are busy)
srun: Job 8579796 step creation still disabled, retrying (Requested nodes are busy)
srun: Job 8579796 step creation still disabled, retrying (Requested nodes are busy)
srun: Job 8579796 step creation still disabled, retrying (Requested nodes are busy)
srun: Job 8579796 step creation still disabled, retrying (Requested nodes are busy)
srun: Job 8579796 step creation still disabled, retrying (Requested nodes are busy)
srun: Job 8579796 step creation still disabled, retrying (Requested nodes are busy)
srun: Job 8579796 step creation still disabled, retrying (Requested nodes are busy)
srun: Job 8579796 step creation still disabled, retrying (Requested nodes are busy)
srun: Job 8579796 step creation still disabled, retrying (Requested nodes are busy)
srun: Job 8579796 step creation still disabled, retrying (Requested nodes are busy)
srun: Job 8579796 step creation still disabled, retrying (Requested nodes are busy)
srun: Job 8579796 step creation still disabled, retrying (Requested nodes are busy)
srun: Job 8579796 step creation still disabled, retrying (Requested nodes are busy)
srun: Job 8579796 step creation still disabled, retrying (Requested nodes are busy)
srun: Job 8579796 step creation still disabled, retrying (Requested nodes are busy)
srun: Job 8579796 step creation still disabled, retrying (Requested nodes are busy)
srun: Job 8579796 step creation still disabled, retrying (Requested nodes are busy)
srun: Job 8579796 step creation still disabled, retrying (Requested nodes are busy)
srun: Job 8579796 step creation still disabled, retrying (Requested nodes are busy)
srun: Job 8579796 step creation still disabled, retrying (Requested nodes are busy)
srun: Job 8579796 step creation still disabled, retrying (Requested nodes are busy)
srun: Job 8579796 step creation still disabled, retrying (Requested nodes are busy)
srun: Job 8579796 step creation still disabled, retrying (Requested nodes are busy)
srun: Job 8579796 step creation still disabled, retrying (Requested nodes are busy)
srun: Job 8579796 step creation still disabled, retrying (Requested nodes are busy)
srun: Job 8579796 step creation still disabled, retrying (Requested nodes are busy)
srun: Job 8579796 step creation still disabled, retrying (Requested nodes are busy)
srun: Job 8579796 step creation still disabled, retrying (Requested nodes are busy)
srun: Job 8579796 step creation still disabled, retrying (Requested nodes are busy)
srun: Job 8579796 step creation still disabled, retrying (Requested nodes are busy)
srun: Job 8579796 step creation still disabled, retrying (Requested nodes are busy)
srun: Job 8579796 step creation still disabled, retrying (Requested nodes are busy)
srun: Job 8579796 step creation still disabled, retrying (Requested nodes are busy)
srun: Job 8579796 step creation still disabled, retrying (Requested nodes are busy)
srun: Job 8579796 step creation still disabled, retrying (Requested nodes are busy)
srun: Job 8579796 step creation still disabled, retrying (Requested nodes are busy)
srun: Job 8579796 step creation still disabled, retrying (Requested nodes are busy)
srun: Job 8579796 step creation still disabled, retrying (Requested nodes are busy)
srun: Job 8579796 step creation still disabled, retrying (Requested nodes are busy)
srun: Job 8579796 step creation still disabled, retrying (Requested nodes are busy)
srun: Job 8579796 step creation still disabled, retrying (Requested nodes are busy)
srun: Job 8579796 step creation still disabled, retrying (Requested nodes are busy)
srun: Job 8579796 step creation still disabled, retrying (Requested nodes are busy)
srun: Job 8579796 step creation still disabled, retrying (Requested nodes are busy)
srun: Job 8579796 step creation still disabled, retrying (Requested nodes are busy)
srun: Job 8579796 step creation still disabled, retrying (Requested nodes are busy)
srun: Job 8579796 step creation still disabled, retrying (Requested nodes are busy)
srun: Job 8579796 step creation still disabled, retrying (Requested nodes are busy)
srun: Job 8579796 step creation still disabled, retrying (Requested nodes are busy)
srun: Job 8579796 step creation still disabled, retrying (Requested nodes are busy)
srun: Job 8579796 step creation still disabled, retrying (Requested nodes are busy)
srun: Job 8579796 step creation still disabled, retrying (Requested nodes are busy)
srun: Job 8579796 step creation still disabled, retrying (Requested nodes are busy)
srun: Job 8579796 step creation still disabled, retrying (Requested nodes are busy)
srun: Job 8579796 step creation still disabled, retrying (Requested nodes are busy)
srun: Job 8579796 step creation still disabled, retrying (Requested nodes are busy)
srun: Job 8579796 step creation still disabled, retrying (Requested nodes are busy)
srun: Job 8579796 step creation still disabled, retrying (Requested nodes are busy)
srun: Job 8579796 step creation still disabled, retrying (Requested nodes are busy)
srun: Job 8579796 step creation still disabled, retrying (Requested nodes are busy)
srun: Job 8579796 step creation still disabled, retrying (Requested nodes are busy)
srun: Job 8579796 step creation still disabled, retrying (Requested nodes are busy)
srun: Job 8579796 step creation still disabled, retrying (Requested nodes are busy)
srun: Job 8579796 step creation still disabled, retrying (Requested nodes are busy)
srun: Job 8579796 step creation still disabled, retrying (Requested nodes are busy)
srun: Job 8579796 step creation still disabled, retrying (Requested nodes are busy)
srun: Job 8579796 step creation still disabled, retrying (Requested nodes are busy)
srun: Job 8579796 step creation still disabled, retrying (Requested nodes are busy)
srun: Job 8579796 step creation still disabled, retrying (Requested nodes are busy)
srun: Job 8579796 step creation still disabled, retrying (Requested nodes are busy)
srun: Job 8579796 step creation still disabled, retrying (Requested nodes are busy)
srun: Job 8579796 step creation still disabled, retrying (Requested nodes are busy)
srun: Job 8579796 step creation still disabled, retrying (Requested nodes are busy)
srun: Job 8579796 step creation still disabled, retrying (Requested nodes are busy)
srun: Job 8579796 step creation still disabled, retrying (Requested nodes are busy)
srun: Job 8579796 step creation still disabled, retrying (Requested nodes are busy)
srun: Job 8579796 step creation still disabled, retrying (Requested nodes are busy)
srun: Job 8579796 step creation still disabled, retrying (Requested nodes are busy)
srun: Job 8579796 step creation still disabled, retrying (Requested nodes are busy)
srun: Job 8579796 step creation still disabled, retrying (Requested nodes are busy)
srun: Job 8579796 step creation still disabled, retrying (Requested nodes are busy)
srun: Job 8579796 step creation still disabled, retrying (Requested nodes are busy)
srun: Job 8579796 step creation still disabled, retrying (Requested nodes are busy)
srun: Job 8579796 step creation still disabled, retrying (Requested nodes are busy)
srun: Job 8579796 step creation still disabled, retrying (Requested nodes are busy)
srun: Job 8579796 step creation still disabled, retrying (Requested nodes are busy)
srun: Job 8579796 step creation still disabled, retrying (Requested nodes are busy)
srun: Job 8579796 step creation still disabled, retrying (Requested nodes are busy)
srun: Job 8579796 step creation still disabled, retrying (Requested nodes are busy)
srun: Job 8579796 step creation still disabled, retrying (Requested nodes are busy)
srun: Job 8579796 step creation still disabled, retrying (Requested nodes are busy)
srun: Job 8579796 step creation still disabled, retrying (Requested nodes are busy)
srun: Job 8579796 step creation still disabled, retrying (Requested nodes are busy)
srun: Job 8579796 step creation still disabled, retrying (Requested nodes are busy)
srun: Job 8579796 step creation still disabled, retrying (Requested nodes are busy)
srun: Job 8579796 step creation still disabled, retrying (Requested nodes are busy)
srun: Job 8579796 step creation still disabled, retrying (Requested nodes are busy)
srun: Job 8579796 step creation still disabled, retrying (Requested nodes are busy)
srun: Job 8579796 step creation still disabled, retrying (Requested nodes are busy)
srun: Job 8579796 step creation still disabled, retrying (Requested nodes are busy)
srun: Job 8579796 step creation still disabled, retrying (Requested nodes are busy)
srun: Job 8579796 step creation still disabled, retrying (Requested nodes are busy)
srun: Job 8579796 step creation still disabled, retrying (Requested nodes are busy)
srun: Job 8579796 step creation still disabled, retrying (Requested nodes are busy)
srun: Job 8579796 step creation still disabled, retrying (Requested nodes are busy)
srun: Job 8579796 step creation still disabled, retrying (Requested nodes are busy)
srun: Job 8579796 step creation still disabled, retrying (Requested nodes are busy)
srun: Job 8579796 step creation still disabled, retrying (Requested nodes are busy)
srun: Job 8579796 step creation still disabled, retrying (Requested nodes are busy)
srun: Job 8579796 step creation still disabled, retrying (Requested nodes are busy)
srun: Job 8579796 step creation still disabled, retrying (Requested nodes are busy)
srun: Job 8579796 step creation still disabled, retrying (Requested nodes are busy)
srun: Job 8579796 step creation still disabled, retrying (Requested nodes are busy)
srun: Job 8579796 step creation still disabled, retrying (Requested nodes are busy)
srun: Job 8579796 step creation still disabled, retrying (Requested nodes are busy)
srun: Job 8579796 step creation still disabled, retrying (Requested nodes are busy)
srun: Job 8579796 step creation still disabled, retrying (Requested nodes are busy)
srun: Job 8579796 step creation still disabled, retrying (Requested nodes are busy)
srun: Job 8579796 step creation still disabled, retrying (Requested nodes are busy)
srun: Job 8579796 step creation still disabled, retrying (Requested nodes are busy)
srun: Job 8579796 step creation still disabled, retrying (Requested nodes are busy)
srun: Job 8579796 step creation still disabled, retrying (Requested nodes are busy)
srun: Job 8579796 step creation still disabled, retrying (Requested nodes are busy)
srun: Job 8579796 step creation still disabled, retrying (Requested nodes are busy)
srun: Job 8579796 step creation still disabled, retrying (Requested nodes are busy)
srun: Job 8579796 step creation still disabled, retrying (Requested nodes are busy)
srun: Job 8579796 step creation still disabled, retrying (Requested nodes are busy)
srun: Step created for job 8579796
srun: Job 8579796 step creation still disabled, retrying (Requested nodes are busy)
srun: Job 8579796 step creation still disabled, retrying (Requested nodes are busy)
srun: Job 8579796 step creation still disabled, retrying (Requested nodes are busy)
srun: Step created for job 8579796
srun: Job 8579796 step creation still disabled, retrying (Requested nodes are busy)
srun: Job 8579796 step creation still disabled, retrying (Requested nodes are busy)
srun: Job 8579796 step creation still disabled, retrying (Requested nodes are busy)
srun: Step created for job 8579796
srun: Job 8579796 step creation still disabled, retrying (Requested nodes are busy)
srun: Step created for job 8579796
srun: Job 8579796 step creation still disabled, retrying (Requested nodes are busy)
srun: Job 8579796 step creation still disabled, retrying (Requested nodes are busy)
srun: Job 8579796 step creation still disabled, retrying (Requested nodes are busy)
srun: Job 8579796 step creation still disabled, retrying (Requested nodes are busy)
srun: Step created for job 8579796
