JobId=8619486 JobName=parametrized_frozenlake_dataset.sbatch
   UserId=koner(565562) GroupId=domain users(100513) MCS_label=N/A
   Priority=16014925 Nice=0 Account=ewi-insy-ii-influence QOS=medium
   JobState=RUNNING Reason=None Dependency=(null)
   Requeue=0 Restarts=0 BatchFlag=1 Reboot=0 ExitCode=0:0
   DerivedExitCode=0:0
   RunTime=00:00:00 TimeLimit=12:30:00 TimeMin=N/A
   SubmitTime=2023-08-06T02:21:14 EligibleTime=2023-08-06T02:21:14
   AccrueTime=2023-08-06T02:21:14
   StartTime=2023-08-06T02:21:15 EndTime=2023-08-06T14:51:15 Deadline=N/A
   SuspendTime=None SecsPreSuspend=0 LastSchedEval=2023-08-06T02:21:15 Scheduler=Main
   Partition=general AllocNode:Sid=login1:30227
   ReqNodeList=(null) ExcNodeList=(null)
   NodeList=awi[15-17],grs[1,3-4]
   BatchHost=awi15
   NumNodes=6 NumCPUs=100 NumTasks=50 CPUs/Task=2 ReqB:S:C:T=0:0:*:*
   TRES=cpu=100,mem=8400M,node=6,billing=50
   Socks/Node=* NtasksPerN:B:S:C=0:0:*:* CoreSpec=*
   JOB_GRES=(null)
     Nodes=awi15 CPU_IDs=12-27,40-55 Mem=2688 GRES=
     Nodes=awi16 CPU_IDs=28-31,38-55 Mem=1848 GRES=
     Nodes=awi17 CPU_IDs=34-35 Mem=168 GRES=
     Nodes=grs1 CPU_IDs=20-23 Mem=336 GRES=
     Nodes=grs3 CPU_IDs=24-31 Mem=672 GRES=
     Nodes=grs4 CPU_IDs=0-31 Mem=2688 GRES=
   MinCPUsNode=2 MinMemoryCPU=84M MinTmpDiskNode=0
   Features=(null) DelayBoot=00:00:00
   OverSubscribe=OK Contiguous=0 Licenses=(null) Network=(null)
   Command=/winhome/koner/Desktop/MCTS-Time-Management/jobscripts/parametrized_frozenlake_dataset.sbatch
   WorkDir=/winhome/koner/Desktop/MCTS-Time-Management/jobscripts
   StdErr=/winhome/koner/Desktop/MCTS-Time-Management/jobscripts/slurm-8619486.out
   StdIn=/dev/null
   StdOut=/winhome/koner/Desktop/MCTS-Time-Management/jobscripts/slurm-8619486.out
   Power=
   MailUser=koner MailType=END
   

srun: Warning: can't run 1 processes on 6 nodes, setting nnodes to 1
srun: Warning: can't run 1 processes on 6 nodes, setting nnodes to 1
srun: Warning: can't run 1 processes on 6 nodes, setting nnodes to 1
srun: Warning: can't run 1 processes on 6 nodes, setting nnodes to 1
srun: Warning: can't run 1 processes on 6 nodes, setting nnodes to 1
srun: Warning: can't run 1 processes on 6 nodes, setting nnodes to 1
srun: Warning: can't run 1 processes on 6 nodes, setting nnodes to 1
srun: Warning: can't run 1 processes on 6 nodes, setting nnodes to 1
srun: Warning: can't run 1 processes on 6 nodes, setting nnodes to 1
srun: Warning: can't run 1 processes on 6 nodes, setting nnodes to 1
srun: Warning: can't run 1 processes on 6 nodes, setting nnodes to 1
srun: Warning: can't run 1 processes on 6 nodes, setting nnodes to 1
srun: Warning: can't run 1 processes on 6 nodes, setting nnodes to 1
srun: Warning: can't run 1 processes on 6 nodes, setting nnodes to 1
srun: Warning: can't run 1 processes on 6 nodes, setting nnodes to 1
srun: Warning: can't run 1 processes on 6 nodes, setting nnodes to 1
srun: Warning: can't run 1 processes on 6 nodes, setting nnodes to 1
srun: Warning: can't run 1 processes on 6 nodes, setting nnodes to 1
srun: Warning: can't run 1 processes on 6 nodes, setting nnodes to 1
srun: Warning: can't run 1 processes on 6 nodes, setting nnodes to 1
srun: Warning: can't run 1 processes on 6 nodes, setting nnodes to 1
srun: Warning: can't run 1 processes on 6 nodes, setting nnodes to 1
srun: Warning: can't run 1 processes on 6 nodes, setting nnodes to 1
srun: Warning: can't run 1 processes on 6 nodes, setting nnodes to 1
srun: Warning: can't run 1 processes on 6 nodes, setting nnodes to 1
srun: Warning: can't run 1 processes on 6 nodes, setting nnodes to 1
srun: Warning: can't run 1 processes on 6 nodes, setting nnodes to 1
srun: Warning: can't run 1 processes on 6 nodes, setting nnodes to 1
srun: Warning: can't run 1 processes on 6 nodes, setting nnodes to 1
srun: Warning: can't run 1 processes on 6 nodes, setting nnodes to 1
srun: Warning: can't run 1 processes on 6 nodes, setting nnodes to 1
srun: Warning: can't run 1 processes on 6 nodes, setting nnodes to 1
srun: Warning: can't run 1 processes on 6 nodes, setting nnodes to 1
srun: Warning: can't run 1 processes on 6 nodes, setting nnodes to 1
srun: Warning: can't run 1 processes on 6 nodes, setting nnodes to 1
srun: Warning: can't run 1 processes on 6 nodes, setting nnodes to 1
srun: Warning: can't run 1 processes on 6 nodes, setting nnodes to 1
srun: Warning: can't run 1 processes on 6 nodes, setting nnodes to 1
srun: Warning: can't run 1 processes on 6 nodes, setting nnodes to 1
srun: Warning: can't run 1 processes on 6 nodes, setting nnodes to 1
srun: Warning: can't run 1 processes on 6 nodes, setting nnodes to 1
srun: Warning: can't run 1 processes on 6 nodes, setting nnodes to 1
srun: Warning: can't run 1 processes on 6 nodes, setting nnodes to 1
srun: Warning: can't run 1 processes on 6 nodes, setting nnodes to 1
srun: Warning: can't run 1 processes on 6 nodes, setting nnodes to 1
srun: Warning: can't run 1 processes on 6 nodes, setting nnodes to 1
srun: Warning: can't run 1 processes on 6 nodes, setting nnodes to 1
srun: Warning: can't run 1 processes on 6 nodes, setting nnodes to 1
srun: Warning: can't run 1 processes on 6 nodes, setting nnodes to 1
srun: Warning: can't run 1 processes on 6 nodes, setting nnodes to 1
Parametrized_Randomized_Cluster_35_300000_s1-100_t1_m4-4_FrozenLake-v1: 30000/300000
Parametrized_Randomized_Cluster_35_300000_s1-100_t1_m4-4_FrozenLake-v1: 60000/300000
Parametrized_Randomized_Cluster_35_300000_s1-100_t1_m4-4_FrozenLake-v1: 90000/300000
Parametrized_Randomized_Cluster_35_300000_s1-100_t1_m4-4_FrozenLake-v1: 120000/300000
Parametrized_Randomized_Cluster_35_300000_s1-100_t1_m4-4_FrozenLake-v1: 150000/300000
Parametrized_Randomized_Cluster_35_300000_s1-100_t1_m4-4_FrozenLake-v1: 180000/300000
Parametrized_Randomized_Cluster_35_300000_s1-100_t1_m4-4_FrozenLake-v1: 210000/300000
Parametrized_Randomized_Cluster_35_300000_s1-100_t1_m4-4_FrozenLake-v1: 240000/300000
Parametrized_Randomized_Cluster_35_300000_s1-100_t1_m4-4_FrozenLake-v1: 270000/300000
Parametrized_Randomized_Cluster_35_300000_s1-100_t1_m4-4_FrozenLake-v1: 300000/300000
Parametrized_Randomized_Cluster_42_300000_s1-100_t1_m4-4_FrozenLake-v1: 30000/300000
Parametrized_Randomized_Cluster_42_300000_s1-100_t1_m4-4_FrozenLake-v1: 60000/300000
Parametrized_Randomized_Cluster_42_300000_s1-100_t1_m4-4_FrozenLake-v1: 90000/300000
Parametrized_Randomized_Cluster_42_300000_s1-100_t1_m4-4_FrozenLake-v1: 120000/300000
Parametrized_Randomized_Cluster_42_300000_s1-100_t1_m4-4_FrozenLake-v1: 150000/300000
Parametrized_Randomized_Cluster_42_300000_s1-100_t1_m4-4_FrozenLake-v1: 180000/300000
Parametrized_Randomized_Cluster_42_300000_s1-100_t1_m4-4_FrozenLake-v1: 210000/300000
Parametrized_Randomized_Cluster_42_300000_s1-100_t1_m4-4_FrozenLake-v1: 240000/300000
Parametrized_Randomized_Cluster_42_300000_s1-100_t1_m4-4_FrozenLake-v1: 270000/300000
Parametrized_Randomized_Cluster_42_300000_s1-100_t1_m4-4_FrozenLake-v1: 300000/300000
Parametrized_Randomized_Cluster_13_300000_s1-100_t1_m4-4_FrozenLake-v1: 30000/300000
Parametrized_Randomized_Cluster_13_300000_s1-100_t1_m4-4_FrozenLake-v1: 60000/300000
Parametrized_Randomized_Cluster_13_300000_s1-100_t1_m4-4_FrozenLake-v1: 90000/300000
Parametrized_Randomized_Cluster_13_300000_s1-100_t1_m4-4_FrozenLake-v1: 120000/300000
Parametrized_Randomized_Cluster_13_300000_s1-100_t1_m4-4_FrozenLake-v1: 150000/300000
Parametrized_Randomized_Cluster_13_300000_s1-100_t1_m4-4_FrozenLake-v1: 180000/300000
Parametrized_Randomized_Cluster_13_300000_s1-100_t1_m4-4_FrozenLake-v1: 210000/300000
Parametrized_Randomized_Cluster_13_300000_s1-100_t1_m4-4_FrozenLake-v1: 240000/300000
Parametrized_Randomized_Cluster_13_300000_s1-100_t1_m4-4_FrozenLake-v1: 270000/300000
Parametrized_Randomized_Cluster_13_300000_s1-100_t1_m4-4_FrozenLake-v1: 300000/300000
Parametrized_Randomized_Cluster_50_300000_s1-100_t1_m4-4_FrozenLake-v1: 30000/300000
Parametrized_Randomized_Cluster_50_300000_s1-100_t1_m4-4_FrozenLake-v1: 60000/300000
Parametrized_Randomized_Cluster_50_300000_s1-100_t1_m4-4_FrozenLake-v1: 90000/300000
Parametrized_Randomized_Cluster_50_300000_s1-100_t1_m4-4_FrozenLake-v1: 120000/300000
Parametrized_Randomized_Cluster_50_300000_s1-100_t1_m4-4_FrozenLake-v1: 150000/300000
Parametrized_Randomized_Cluster_50_300000_s1-100_t1_m4-4_FrozenLake-v1: 180000/300000
Parametrized_Randomized_Cluster_50_300000_s1-100_t1_m4-4_FrozenLake-v1: 210000/300000
Parametrized_Randomized_Cluster_50_300000_s1-100_t1_m4-4_FrozenLake-v1: 240000/300000
Parametrized_Randomized_Cluster_50_300000_s1-100_t1_m4-4_FrozenLake-v1: 270000/300000
Parametrized_Randomized_Cluster_50_300000_s1-100_t1_m4-4_FrozenLake-v1: 300000/300000
Parametrized_Randomized_Cluster_37_300000_s1-100_t1_m4-4_FrozenLake-v1: 30000/300000
Parametrized_Randomized_Cluster_37_300000_s1-100_t1_m4-4_FrozenLake-v1: 60000/300000
Parametrized_Randomized_Cluster_37_300000_s1-100_t1_m4-4_FrozenLake-v1: 90000/300000
Parametrized_Randomized_Cluster_37_300000_s1-100_t1_m4-4_FrozenLake-v1: 120000/300000
Parametrized_Randomized_Cluster_37_300000_s1-100_t1_m4-4_FrozenLake-v1: 150000/300000
Parametrized_Randomized_Cluster_37_300000_s1-100_t1_m4-4_FrozenLake-v1: 180000/300000
Parametrized_Randomized_Cluster_37_300000_s1-100_t1_m4-4_FrozenLake-v1: 210000/300000
Parametrized_Randomized_Cluster_37_300000_s1-100_t1_m4-4_FrozenLake-v1: 240000/300000
Parametrized_Randomized_Cluster_37_300000_s1-100_t1_m4-4_FrozenLake-v1: 270000/300000
Parametrized_Randomized_Cluster_37_300000_s1-100_t1_m4-4_FrozenLake-v1: 300000/300000
Parametrized_Randomized_Cluster_47_300000_s1-100_t1_m4-4_FrozenLake-v1: 30000/300000
Parametrized_Randomized_Cluster_47_300000_s1-100_t1_m4-4_FrozenLake-v1: 60000/300000
Parametrized_Randomized_Cluster_47_300000_s1-100_t1_m4-4_FrozenLake-v1: 90000/300000
Parametrized_Randomized_Cluster_47_300000_s1-100_t1_m4-4_FrozenLake-v1: 120000/300000
Parametrized_Randomized_Cluster_47_300000_s1-100_t1_m4-4_FrozenLake-v1: 150000/300000
Parametrized_Randomized_Cluster_47_300000_s1-100_t1_m4-4_FrozenLake-v1: 180000/300000
Parametrized_Randomized_Cluster_47_300000_s1-100_t1_m4-4_FrozenLake-v1: 210000/300000
Parametrized_Randomized_Cluster_47_300000_s1-100_t1_m4-4_FrozenLake-v1: 240000/300000
Parametrized_Randomized_Cluster_47_300000_s1-100_t1_m4-4_FrozenLake-v1: 270000/300000
Parametrized_Randomized_Cluster_47_300000_s1-100_t1_m4-4_FrozenLake-v1: 300000/300000
Parametrized_Randomized_Cluster_49_300000_s1-100_t1_m4-4_FrozenLake-v1: 30000/300000
Parametrized_Randomized_Cluster_49_300000_s1-100_t1_m4-4_FrozenLake-v1: 60000/300000
Parametrized_Randomized_Cluster_49_300000_s1-100_t1_m4-4_FrozenLake-v1: 90000/300000
Parametrized_Randomized_Cluster_49_300000_s1-100_t1_m4-4_FrozenLake-v1: 120000/300000
Parametrized_Randomized_Cluster_49_300000_s1-100_t1_m4-4_FrozenLake-v1: 150000/300000
Parametrized_Randomized_Cluster_49_300000_s1-100_t1_m4-4_FrozenLake-v1: 180000/300000
Parametrized_Randomized_Cluster_49_300000_s1-100_t1_m4-4_FrozenLake-v1: 210000/300000
Parametrized_Randomized_Cluster_49_300000_s1-100_t1_m4-4_FrozenLake-v1: 240000/300000
Parametrized_Randomized_Cluster_49_300000_s1-100_t1_m4-4_FrozenLake-v1: 270000/300000
Parametrized_Randomized_Cluster_49_300000_s1-100_t1_m4-4_FrozenLake-v1: 300000/300000
Parametrized_Randomized_Cluster_8_300000_s1-100_t1_m4-4_FrozenLake-v1: 30000/300000
Parametrized_Randomized_Cluster_8_300000_s1-100_t1_m4-4_FrozenLake-v1: 60000/300000
Parametrized_Randomized_Cluster_8_300000_s1-100_t1_m4-4_FrozenLake-v1: 90000/300000
Parametrized_Randomized_Cluster_8_300000_s1-100_t1_m4-4_FrozenLake-v1: 120000/300000
Parametrized_Randomized_Cluster_8_300000_s1-100_t1_m4-4_FrozenLake-v1: 150000/300000
Parametrized_Randomized_Cluster_8_300000_s1-100_t1_m4-4_FrozenLake-v1: 180000/300000
Parametrized_Randomized_Cluster_8_300000_s1-100_t1_m4-4_FrozenLake-v1: 210000/300000
Parametrized_Randomized_Cluster_8_300000_s1-100_t1_m4-4_FrozenLake-v1: 240000/300000
Parametrized_Randomized_Cluster_8_300000_s1-100_t1_m4-4_FrozenLake-v1: 270000/300000
Parametrized_Randomized_Cluster_8_300000_s1-100_t1_m4-4_FrozenLake-v1: 300000/300000
Parametrized_Randomized_Cluster_40_300000_s1-100_t1_m4-4_FrozenLake-v1: 30000/300000
Parametrized_Randomized_Cluster_40_300000_s1-100_t1_m4-4_FrozenLake-v1: 60000/300000
Parametrized_Randomized_Cluster_40_300000_s1-100_t1_m4-4_FrozenLake-v1: 90000/300000
Parametrized_Randomized_Cluster_40_300000_s1-100_t1_m4-4_FrozenLake-v1: 120000/300000
Parametrized_Randomized_Cluster_40_300000_s1-100_t1_m4-4_FrozenLake-v1: 150000/300000
Parametrized_Randomized_Cluster_40_300000_s1-100_t1_m4-4_FrozenLake-v1: 180000/300000
Parametrized_Randomized_Cluster_40_300000_s1-100_t1_m4-4_FrozenLake-v1: 210000/300000
Parametrized_Randomized_Cluster_40_300000_s1-100_t1_m4-4_FrozenLake-v1: 240000/300000
Parametrized_Randomized_Cluster_40_300000_s1-100_t1_m4-4_FrozenLake-v1: 270000/300000
Parametrized_Randomized_Cluster_40_300000_s1-100_t1_m4-4_FrozenLake-v1: 300000/300000
Parametrized_Randomized_Cluster_45_300000_s1-100_t1_m4-4_FrozenLake-v1: 30000/300000
Parametrized_Randomized_Cluster_45_300000_s1-100_t1_m4-4_FrozenLake-v1: 60000/300000
Parametrized_Randomized_Cluster_45_300000_s1-100_t1_m4-4_FrozenLake-v1: 90000/300000
Parametrized_Randomized_Cluster_45_300000_s1-100_t1_m4-4_FrozenLake-v1: 120000/300000
Parametrized_Randomized_Cluster_45_300000_s1-100_t1_m4-4_FrozenLake-v1: 150000/300000
Parametrized_Randomized_Cluster_45_300000_s1-100_t1_m4-4_FrozenLake-v1: 180000/300000
Parametrized_Randomized_Cluster_45_300000_s1-100_t1_m4-4_FrozenLake-v1: 210000/300000
Parametrized_Randomized_Cluster_45_300000_s1-100_t1_m4-4_FrozenLake-v1: 240000/300000
Parametrized_Randomized_Cluster_45_300000_s1-100_t1_m4-4_FrozenLake-v1: 270000/300000
Parametrized_Randomized_Cluster_45_300000_s1-100_t1_m4-4_FrozenLake-v1: 300000/300000
Parametrized_Randomized_Cluster_7_300000_s1-100_t1_m4-4_FrozenLake-v1: 30000/300000
Parametrized_Randomized_Cluster_7_300000_s1-100_t1_m4-4_FrozenLake-v1: 60000/300000
Parametrized_Randomized_Cluster_7_300000_s1-100_t1_m4-4_FrozenLake-v1: 90000/300000
Parametrized_Randomized_Cluster_7_300000_s1-100_t1_m4-4_FrozenLake-v1: 120000/300000
Parametrized_Randomized_Cluster_7_300000_s1-100_t1_m4-4_FrozenLake-v1: 150000/300000
Parametrized_Randomized_Cluster_7_300000_s1-100_t1_m4-4_FrozenLake-v1: 180000/300000
Parametrized_Randomized_Cluster_7_300000_s1-100_t1_m4-4_FrozenLake-v1: 210000/300000
Parametrized_Randomized_Cluster_7_300000_s1-100_t1_m4-4_FrozenLake-v1: 240000/300000
Parametrized_Randomized_Cluster_7_300000_s1-100_t1_m4-4_FrozenLake-v1: 270000/300000
Parametrized_Randomized_Cluster_7_300000_s1-100_t1_m4-4_FrozenLake-v1: 300000/300000
Parametrized_Randomized_Cluster_48_300000_s1-100_t1_m4-4_FrozenLake-v1: 30000/300000
Parametrized_Randomized_Cluster_48_300000_s1-100_t1_m4-4_FrozenLake-v1: 60000/300000
Parametrized_Randomized_Cluster_48_300000_s1-100_t1_m4-4_FrozenLake-v1: 90000/300000
Parametrized_Randomized_Cluster_48_300000_s1-100_t1_m4-4_FrozenLake-v1: 120000/300000
Parametrized_Randomized_Cluster_48_300000_s1-100_t1_m4-4_FrozenLake-v1: 150000/300000
Parametrized_Randomized_Cluster_48_300000_s1-100_t1_m4-4_FrozenLake-v1: 180000/300000
Parametrized_Randomized_Cluster_48_300000_s1-100_t1_m4-4_FrozenLake-v1: 210000/300000
Parametrized_Randomized_Cluster_48_300000_s1-100_t1_m4-4_FrozenLake-v1: 240000/300000
Parametrized_Randomized_Cluster_48_300000_s1-100_t1_m4-4_FrozenLake-v1: 270000/300000
Parametrized_Randomized_Cluster_48_300000_s1-100_t1_m4-4_FrozenLake-v1: 300000/300000
Parametrized_Randomized_Cluster_44_300000_s1-100_t1_m4-4_FrozenLake-v1: 30000/300000
Parametrized_Randomized_Cluster_44_300000_s1-100_t1_m4-4_FrozenLake-v1: 60000/300000
Parametrized_Randomized_Cluster_44_300000_s1-100_t1_m4-4_FrozenLake-v1: 90000/300000
Parametrized_Randomized_Cluster_44_300000_s1-100_t1_m4-4_FrozenLake-v1: 120000/300000
Parametrized_Randomized_Cluster_44_300000_s1-100_t1_m4-4_FrozenLake-v1: 150000/300000
Parametrized_Randomized_Cluster_44_300000_s1-100_t1_m4-4_FrozenLake-v1: 180000/300000
Parametrized_Randomized_Cluster_44_300000_s1-100_t1_m4-4_FrozenLake-v1: 210000/300000
Parametrized_Randomized_Cluster_44_300000_s1-100_t1_m4-4_FrozenLake-v1: 240000/300000
Parametrized_Randomized_Cluster_44_300000_s1-100_t1_m4-4_FrozenLake-v1: 270000/300000
Parametrized_Randomized_Cluster_44_300000_s1-100_t1_m4-4_FrozenLake-v1: 300000/300000
Parametrized_Randomized_Cluster_14_300000_s1-100_t1_m4-4_FrozenLake-v1: 30000/300000
Parametrized_Randomized_Cluster_14_300000_s1-100_t1_m4-4_FrozenLake-v1: 60000/300000
Parametrized_Randomized_Cluster_14_300000_s1-100_t1_m4-4_FrozenLake-v1: 90000/300000
Parametrized_Randomized_Cluster_14_300000_s1-100_t1_m4-4_FrozenLake-v1: 120000/300000
Parametrized_Randomized_Cluster_14_300000_s1-100_t1_m4-4_FrozenLake-v1: 150000/300000
Parametrized_Randomized_Cluster_14_300000_s1-100_t1_m4-4_FrozenLake-v1: 180000/300000
Parametrized_Randomized_Cluster_14_300000_s1-100_t1_m4-4_FrozenLake-v1: 210000/300000
Parametrized_Randomized_Cluster_14_300000_s1-100_t1_m4-4_FrozenLake-v1: 240000/300000
Parametrized_Randomized_Cluster_14_300000_s1-100_t1_m4-4_FrozenLake-v1: 270000/300000
Parametrized_Randomized_Cluster_14_300000_s1-100_t1_m4-4_FrozenLake-v1: 300000/300000
Parametrized_Randomized_Cluster_43_300000_s1-100_t1_m4-4_FrozenLake-v1: 30000/300000
Parametrized_Randomized_Cluster_43_300000_s1-100_t1_m4-4_FrozenLake-v1: 60000/300000
Parametrized_Randomized_Cluster_43_300000_s1-100_t1_m4-4_FrozenLake-v1: 90000/300000
Parametrized_Randomized_Cluster_43_300000_s1-100_t1_m4-4_FrozenLake-v1: 120000/300000
Parametrized_Randomized_Cluster_43_300000_s1-100_t1_m4-4_FrozenLake-v1: 150000/300000
Parametrized_Randomized_Cluster_43_300000_s1-100_t1_m4-4_FrozenLake-v1: 180000/300000
Parametrized_Randomized_Cluster_43_300000_s1-100_t1_m4-4_FrozenLake-v1: 210000/300000
Parametrized_Randomized_Cluster_43_300000_s1-100_t1_m4-4_FrozenLake-v1: 240000/300000
Parametrized_Randomized_Cluster_43_300000_s1-100_t1_m4-4_FrozenLake-v1: 270000/300000
Parametrized_Randomized_Cluster_43_300000_s1-100_t1_m4-4_FrozenLake-v1: 300000/300000
Parametrized_Randomized_Cluster_38_300000_s1-100_t1_m4-4_FrozenLake-v1: 30000/300000
Parametrized_Randomized_Cluster_38_300000_s1-100_t1_m4-4_FrozenLake-v1: 60000/300000
Parametrized_Randomized_Cluster_38_300000_s1-100_t1_m4-4_FrozenLake-v1: 90000/300000
Parametrized_Randomized_Cluster_38_300000_s1-100_t1_m4-4_FrozenLake-v1: 120000/300000
Parametrized_Randomized_Cluster_38_300000_s1-100_t1_m4-4_FrozenLake-v1: 150000/300000
Parametrized_Randomized_Cluster_38_300000_s1-100_t1_m4-4_FrozenLake-v1: 180000/300000
Parametrized_Randomized_Cluster_38_300000_s1-100_t1_m4-4_FrozenLake-v1: 210000/300000
Parametrized_Randomized_Cluster_38_300000_s1-100_t1_m4-4_FrozenLake-v1: 240000/300000
Parametrized_Randomized_Cluster_38_300000_s1-100_t1_m4-4_FrozenLake-v1: 270000/300000
Parametrized_Randomized_Cluster_38_300000_s1-100_t1_m4-4_FrozenLake-v1: 300000/300000
Parametrized_Randomized_Cluster_12_300000_s1-100_t1_m4-4_FrozenLake-v1: 30000/300000
Parametrized_Randomized_Cluster_12_300000_s1-100_t1_m4-4_FrozenLake-v1: 60000/300000
Parametrized_Randomized_Cluster_12_300000_s1-100_t1_m4-4_FrozenLake-v1: 90000/300000
Parametrized_Randomized_Cluster_12_300000_s1-100_t1_m4-4_FrozenLake-v1: 120000/300000
Parametrized_Randomized_Cluster_12_300000_s1-100_t1_m4-4_FrozenLake-v1: 150000/300000
Parametrized_Randomized_Cluster_12_300000_s1-100_t1_m4-4_FrozenLake-v1: 180000/300000
Parametrized_Randomized_Cluster_12_300000_s1-100_t1_m4-4_FrozenLake-v1: 210000/300000
Parametrized_Randomized_Cluster_12_300000_s1-100_t1_m4-4_FrozenLake-v1: 240000/300000
Parametrized_Randomized_Cluster_12_300000_s1-100_t1_m4-4_FrozenLake-v1: 270000/300000
Parametrized_Randomized_Cluster_12_300000_s1-100_t1_m4-4_FrozenLake-v1: 300000/300000
Parametrized_Randomized_Cluster_41_300000_s1-100_t1_m4-4_FrozenLake-v1: 30000/300000
Parametrized_Randomized_Cluster_41_300000_s1-100_t1_m4-4_FrozenLake-v1: 60000/300000
Parametrized_Randomized_Cluster_41_300000_s1-100_t1_m4-4_FrozenLake-v1: 90000/300000
Parametrized_Randomized_Cluster_41_300000_s1-100_t1_m4-4_FrozenLake-v1: 120000/300000
Parametrized_Randomized_Cluster_41_300000_s1-100_t1_m4-4_FrozenLake-v1: 150000/300000
Parametrized_Randomized_Cluster_41_300000_s1-100_t1_m4-4_FrozenLake-v1: 180000/300000
Parametrized_Randomized_Cluster_41_300000_s1-100_t1_m4-4_FrozenLake-v1: 210000/300000
Parametrized_Randomized_Cluster_41_300000_s1-100_t1_m4-4_FrozenLake-v1: 240000/300000
Parametrized_Randomized_Cluster_41_300000_s1-100_t1_m4-4_FrozenLake-v1: 270000/300000
Parametrized_Randomized_Cluster_41_300000_s1-100_t1_m4-4_FrozenLake-v1: 300000/300000
Parametrized_Randomized_Cluster_36_300000_s1-100_t1_m4-4_FrozenLake-v1: 30000/300000
Parametrized_Randomized_Cluster_36_300000_s1-100_t1_m4-4_FrozenLake-v1: 60000/300000
Parametrized_Randomized_Cluster_36_300000_s1-100_t1_m4-4_FrozenLake-v1: 90000/300000
Parametrized_Randomized_Cluster_36_300000_s1-100_t1_m4-4_FrozenLake-v1: 120000/300000
Parametrized_Randomized_Cluster_36_300000_s1-100_t1_m4-4_FrozenLake-v1: 150000/300000
Parametrized_Randomized_Cluster_36_300000_s1-100_t1_m4-4_FrozenLake-v1: 180000/300000
Parametrized_Randomized_Cluster_36_300000_s1-100_t1_m4-4_FrozenLake-v1: 210000/300000
Parametrized_Randomized_Cluster_36_300000_s1-100_t1_m4-4_FrozenLake-v1: 240000/300000
Parametrized_Randomized_Cluster_36_300000_s1-100_t1_m4-4_FrozenLake-v1: 270000/300000
Parametrized_Randomized_Cluster_36_300000_s1-100_t1_m4-4_FrozenLake-v1: 300000/300000
Parametrized_Randomized_Cluster_18_300000_s1-100_t1_m4-4_FrozenLake-v1: 30000/300000
Parametrized_Randomized_Cluster_18_300000_s1-100_t1_m4-4_FrozenLake-v1: 60000/300000
Parametrized_Randomized_Cluster_18_300000_s1-100_t1_m4-4_FrozenLake-v1: 90000/300000
Parametrized_Randomized_Cluster_18_300000_s1-100_t1_m4-4_FrozenLake-v1: 120000/300000
Parametrized_Randomized_Cluster_18_300000_s1-100_t1_m4-4_FrozenLake-v1: 150000/300000
Parametrized_Randomized_Cluster_18_300000_s1-100_t1_m4-4_FrozenLake-v1: 180000/300000
Parametrized_Randomized_Cluster_18_300000_s1-100_t1_m4-4_FrozenLake-v1: 210000/300000
Parametrized_Randomized_Cluster_18_300000_s1-100_t1_m4-4_FrozenLake-v1: 240000/300000
Parametrized_Randomized_Cluster_18_300000_s1-100_t1_m4-4_FrozenLake-v1: 270000/300000
Parametrized_Randomized_Cluster_18_300000_s1-100_t1_m4-4_FrozenLake-v1: 300000/300000
Parametrized_Randomized_Cluster_46_300000_s1-100_t1_m4-4_FrozenLake-v1: 30000/300000
Parametrized_Randomized_Cluster_46_300000_s1-100_t1_m4-4_FrozenLake-v1: 60000/300000
Parametrized_Randomized_Cluster_46_300000_s1-100_t1_m4-4_FrozenLake-v1: 90000/300000
Parametrized_Randomized_Cluster_46_300000_s1-100_t1_m4-4_FrozenLake-v1: 120000/300000
Parametrized_Randomized_Cluster_46_300000_s1-100_t1_m4-4_FrozenLake-v1: 150000/300000
Parametrized_Randomized_Cluster_46_300000_s1-100_t1_m4-4_FrozenLake-v1: 180000/300000
Parametrized_Randomized_Cluster_46_300000_s1-100_t1_m4-4_FrozenLake-v1: 210000/300000
Parametrized_Randomized_Cluster_46_300000_s1-100_t1_m4-4_FrozenLake-v1: 240000/300000
Parametrized_Randomized_Cluster_46_300000_s1-100_t1_m4-4_FrozenLake-v1: 270000/300000
Parametrized_Randomized_Cluster_46_300000_s1-100_t1_m4-4_FrozenLake-v1: 300000/300000
Parametrized_Randomized_Cluster_39_300000_s1-100_t1_m4-4_FrozenLake-v1: 30000/300000
Parametrized_Randomized_Cluster_39_300000_s1-100_t1_m4-4_FrozenLake-v1: 60000/300000
Parametrized_Randomized_Cluster_39_300000_s1-100_t1_m4-4_FrozenLake-v1: 90000/300000
Parametrized_Randomized_Cluster_39_300000_s1-100_t1_m4-4_FrozenLake-v1: 120000/300000
Parametrized_Randomized_Cluster_39_300000_s1-100_t1_m4-4_FrozenLake-v1: 150000/300000
Parametrized_Randomized_Cluster_39_300000_s1-100_t1_m4-4_FrozenLake-v1: 180000/300000
Parametrized_Randomized_Cluster_39_300000_s1-100_t1_m4-4_FrozenLake-v1: 210000/300000
Parametrized_Randomized_Cluster_39_300000_s1-100_t1_m4-4_FrozenLake-v1: 240000/300000
Parametrized_Randomized_Cluster_39_300000_s1-100_t1_m4-4_FrozenLake-v1: 270000/300000
Parametrized_Randomized_Cluster_39_300000_s1-100_t1_m4-4_FrozenLake-v1: 300000/300000
Parametrized_Randomized_Cluster_11_300000_s1-100_t1_m4-4_FrozenLake-v1: 30000/300000
Parametrized_Randomized_Cluster_11_300000_s1-100_t1_m4-4_FrozenLake-v1: 60000/300000
Parametrized_Randomized_Cluster_11_300000_s1-100_t1_m4-4_FrozenLake-v1: 90000/300000
Parametrized_Randomized_Cluster_11_300000_s1-100_t1_m4-4_FrozenLake-v1: 120000/300000
Parametrized_Randomized_Cluster_11_300000_s1-100_t1_m4-4_FrozenLake-v1: 150000/300000
Parametrized_Randomized_Cluster_11_300000_s1-100_t1_m4-4_FrozenLake-v1: 180000/300000
Parametrized_Randomized_Cluster_11_300000_s1-100_t1_m4-4_FrozenLake-v1: 210000/300000
Parametrized_Randomized_Cluster_11_300000_s1-100_t1_m4-4_FrozenLake-v1: 240000/300000
Parametrized_Randomized_Cluster_11_300000_s1-100_t1_m4-4_FrozenLake-v1: 270000/300000
Parametrized_Randomized_Cluster_11_300000_s1-100_t1_m4-4_FrozenLake-v1: 300000/300000
Parametrized_Randomized_Cluster_3_300000_s1-100_t1_m4-4_FrozenLake-v1: 30000/300000
Parametrized_Randomized_Cluster_3_300000_s1-100_t1_m4-4_FrozenLake-v1: 60000/300000
Parametrized_Randomized_Cluster_3_300000_s1-100_t1_m4-4_FrozenLake-v1: 90000/300000
Parametrized_Randomized_Cluster_3_300000_s1-100_t1_m4-4_FrozenLake-v1: 120000/300000
Parametrized_Randomized_Cluster_3_300000_s1-100_t1_m4-4_FrozenLake-v1: 150000/300000
Parametrized_Randomized_Cluster_3_300000_s1-100_t1_m4-4_FrozenLake-v1: 180000/300000
Parametrized_Randomized_Cluster_3_300000_s1-100_t1_m4-4_FrozenLake-v1: 210000/300000
Parametrized_Randomized_Cluster_3_300000_s1-100_t1_m4-4_FrozenLake-v1: 240000/300000
Parametrized_Randomized_Cluster_3_300000_s1-100_t1_m4-4_FrozenLake-v1: 270000/300000
Parametrized_Randomized_Cluster_3_300000_s1-100_t1_m4-4_FrozenLake-v1: 300000/300000
Parametrized_Randomized_Cluster_9_300000_s1-100_t1_m4-4_FrozenLake-v1: 30000/300000
Parametrized_Randomized_Cluster_9_300000_s1-100_t1_m4-4_FrozenLake-v1: 60000/300000
Parametrized_Randomized_Cluster_9_300000_s1-100_t1_m4-4_FrozenLake-v1: 90000/300000
Parametrized_Randomized_Cluster_9_300000_s1-100_t1_m4-4_FrozenLake-v1: 120000/300000
Parametrized_Randomized_Cluster_9_300000_s1-100_t1_m4-4_FrozenLake-v1: 150000/300000
Parametrized_Randomized_Cluster_9_300000_s1-100_t1_m4-4_FrozenLake-v1: 180000/300000
Parametrized_Randomized_Cluster_9_300000_s1-100_t1_m4-4_FrozenLake-v1: 210000/300000
Parametrized_Randomized_Cluster_9_300000_s1-100_t1_m4-4_FrozenLake-v1: 240000/300000
Parametrized_Randomized_Cluster_9_300000_s1-100_t1_m4-4_FrozenLake-v1: 270000/300000
Parametrized_Randomized_Cluster_9_300000_s1-100_t1_m4-4_FrozenLake-v1: 300000/300000
Parametrized_Randomized_Cluster_6_300000_s1-100_t1_m4-4_FrozenLake-v1: 30000/300000
Parametrized_Randomized_Cluster_6_300000_s1-100_t1_m4-4_FrozenLake-v1: 60000/300000
Parametrized_Randomized_Cluster_6_300000_s1-100_t1_m4-4_FrozenLake-v1: 90000/300000
Parametrized_Randomized_Cluster_6_300000_s1-100_t1_m4-4_FrozenLake-v1: 120000/300000
Parametrized_Randomized_Cluster_6_300000_s1-100_t1_m4-4_FrozenLake-v1: 150000/300000
Parametrized_Randomized_Cluster_6_300000_s1-100_t1_m4-4_FrozenLake-v1: 180000/300000
Parametrized_Randomized_Cluster_6_300000_s1-100_t1_m4-4_FrozenLake-v1: 210000/300000
Parametrized_Randomized_Cluster_6_300000_s1-100_t1_m4-4_FrozenLake-v1: 240000/300000
Parametrized_Randomized_Cluster_6_300000_s1-100_t1_m4-4_FrozenLake-v1: 270000/300000
Parametrized_Randomized_Cluster_6_300000_s1-100_t1_m4-4_FrozenLake-v1: 300000/300000
Parametrized_Randomized_Cluster_24_300000_s1-100_t1_m4-4_FrozenLake-v1: 30000/300000
Parametrized_Randomized_Cluster_24_300000_s1-100_t1_m4-4_FrozenLake-v1: 60000/300000
Parametrized_Randomized_Cluster_24_300000_s1-100_t1_m4-4_FrozenLake-v1: 90000/300000
Parametrized_Randomized_Cluster_24_300000_s1-100_t1_m4-4_FrozenLake-v1: 120000/300000
Parametrized_Randomized_Cluster_24_300000_s1-100_t1_m4-4_FrozenLake-v1: 150000/300000
Parametrized_Randomized_Cluster_24_300000_s1-100_t1_m4-4_FrozenLake-v1: 180000/300000
Parametrized_Randomized_Cluster_24_300000_s1-100_t1_m4-4_FrozenLake-v1: 210000/300000
Parametrized_Randomized_Cluster_24_300000_s1-100_t1_m4-4_FrozenLake-v1: 240000/300000
Parametrized_Randomized_Cluster_24_300000_s1-100_t1_m4-4_FrozenLake-v1: 270000/300000
Parametrized_Randomized_Cluster_24_300000_s1-100_t1_m4-4_FrozenLake-v1: 300000/300000
Parametrized_Randomized_Cluster_22_300000_s1-100_t1_m4-4_FrozenLake-v1: 30000/300000
Parametrized_Randomized_Cluster_22_300000_s1-100_t1_m4-4_FrozenLake-v1: 60000/300000
Parametrized_Randomized_Cluster_22_300000_s1-100_t1_m4-4_FrozenLake-v1: 90000/300000
Parametrized_Randomized_Cluster_22_300000_s1-100_t1_m4-4_FrozenLake-v1: 120000/300000
Parametrized_Randomized_Cluster_22_300000_s1-100_t1_m4-4_FrozenLake-v1: 150000/300000
Parametrized_Randomized_Cluster_22_300000_s1-100_t1_m4-4_FrozenLake-v1: 180000/300000
Parametrized_Randomized_Cluster_22_300000_s1-100_t1_m4-4_FrozenLake-v1: 210000/300000
Parametrized_Randomized_Cluster_22_300000_s1-100_t1_m4-4_FrozenLake-v1: 240000/300000
Parametrized_Randomized_Cluster_22_300000_s1-100_t1_m4-4_FrozenLake-v1: 270000/300000
Parametrized_Randomized_Cluster_22_300000_s1-100_t1_m4-4_FrozenLake-v1: 300000/300000
Parametrized_Randomized_Cluster_23_300000_s1-100_t1_m4-4_FrozenLake-v1: 30000/300000
Parametrized_Randomized_Cluster_23_300000_s1-100_t1_m4-4_FrozenLake-v1: 60000/300000
Parametrized_Randomized_Cluster_23_300000_s1-100_t1_m4-4_FrozenLake-v1: 90000/300000
Parametrized_Randomized_Cluster_23_300000_s1-100_t1_m4-4_FrozenLake-v1: 120000/300000
Parametrized_Randomized_Cluster_23_300000_s1-100_t1_m4-4_FrozenLake-v1: 150000/300000
Parametrized_Randomized_Cluster_23_300000_s1-100_t1_m4-4_FrozenLake-v1: 180000/300000
Parametrized_Randomized_Cluster_23_300000_s1-100_t1_m4-4_FrozenLake-v1: 210000/300000
Parametrized_Randomized_Cluster_23_300000_s1-100_t1_m4-4_FrozenLake-v1: 240000/300000
Parametrized_Randomized_Cluster_23_300000_s1-100_t1_m4-4_FrozenLake-v1: 270000/300000
Parametrized_Randomized_Cluster_23_300000_s1-100_t1_m4-4_FrozenLake-v1: 300000/300000
Parametrized_Randomized_Cluster_31_300000_s1-100_t1_m4-4_FrozenLake-v1: 30000/300000
Parametrized_Randomized_Cluster_31_300000_s1-100_t1_m4-4_FrozenLake-v1: 60000/300000
Parametrized_Randomized_Cluster_31_300000_s1-100_t1_m4-4_FrozenLake-v1: 90000/300000
Parametrized_Randomized_Cluster_31_300000_s1-100_t1_m4-4_FrozenLake-v1: 120000/300000
Parametrized_Randomized_Cluster_31_300000_s1-100_t1_m4-4_FrozenLake-v1: 150000/300000
Parametrized_Randomized_Cluster_31_300000_s1-100_t1_m4-4_FrozenLake-v1: 180000/300000
Parametrized_Randomized_Cluster_31_300000_s1-100_t1_m4-4_FrozenLake-v1: 210000/300000
Parametrized_Randomized_Cluster_31_300000_s1-100_t1_m4-4_FrozenLake-v1: 240000/300000
Parametrized_Randomized_Cluster_31_300000_s1-100_t1_m4-4_FrozenLake-v1: 270000/300000
Parametrized_Randomized_Cluster_31_300000_s1-100_t1_m4-4_FrozenLake-v1: 300000/300000
Parametrized_Randomized_Cluster_17_300000_s1-100_t1_m4-4_FrozenLake-v1: 30000/300000
Parametrized_Randomized_Cluster_17_300000_s1-100_t1_m4-4_FrozenLake-v1: 60000/300000
Parametrized_Randomized_Cluster_17_300000_s1-100_t1_m4-4_FrozenLake-v1: 90000/300000
Parametrized_Randomized_Cluster_17_300000_s1-100_t1_m4-4_FrozenLake-v1: 120000/300000
Parametrized_Randomized_Cluster_17_300000_s1-100_t1_m4-4_FrozenLake-v1: 150000/300000
Parametrized_Randomized_Cluster_17_300000_s1-100_t1_m4-4_FrozenLake-v1: 180000/300000
Parametrized_Randomized_Cluster_17_300000_s1-100_t1_m4-4_FrozenLake-v1: 210000/300000
Parametrized_Randomized_Cluster_17_300000_s1-100_t1_m4-4_FrozenLake-v1: 240000/300000
Parametrized_Randomized_Cluster_17_300000_s1-100_t1_m4-4_FrozenLake-v1: 270000/300000
Parametrized_Randomized_Cluster_17_300000_s1-100_t1_m4-4_FrozenLake-v1: 300000/300000
Parametrized_Randomized_Cluster_29_300000_s1-100_t1_m4-4_FrozenLake-v1: 30000/300000
Parametrized_Randomized_Cluster_29_300000_s1-100_t1_m4-4_FrozenLake-v1: 60000/300000
Parametrized_Randomized_Cluster_29_300000_s1-100_t1_m4-4_FrozenLake-v1: 90000/300000
Parametrized_Randomized_Cluster_29_300000_s1-100_t1_m4-4_FrozenLake-v1: 120000/300000
Parametrized_Randomized_Cluster_29_300000_s1-100_t1_m4-4_FrozenLake-v1: 150000/300000
Parametrized_Randomized_Cluster_29_300000_s1-100_t1_m4-4_FrozenLake-v1: 180000/300000
Parametrized_Randomized_Cluster_29_300000_s1-100_t1_m4-4_FrozenLake-v1: 210000/300000
Parametrized_Randomized_Cluster_29_300000_s1-100_t1_m4-4_FrozenLake-v1: 240000/300000
Parametrized_Randomized_Cluster_29_300000_s1-100_t1_m4-4_FrozenLake-v1: 270000/300000
Parametrized_Randomized_Cluster_29_300000_s1-100_t1_m4-4_FrozenLake-v1: 300000/300000
Parametrized_Randomized_Cluster_25_300000_s1-100_t1_m4-4_FrozenLake-v1: 30000/300000
Parametrized_Randomized_Cluster_25_300000_s1-100_t1_m4-4_FrozenLake-v1: 60000/300000
Parametrized_Randomized_Cluster_25_300000_s1-100_t1_m4-4_FrozenLake-v1: 90000/300000
Parametrized_Randomized_Cluster_25_300000_s1-100_t1_m4-4_FrozenLake-v1: 120000/300000
Parametrized_Randomized_Cluster_25_300000_s1-100_t1_m4-4_FrozenLake-v1: 150000/300000
Parametrized_Randomized_Cluster_25_300000_s1-100_t1_m4-4_FrozenLake-v1: 180000/300000
Parametrized_Randomized_Cluster_25_300000_s1-100_t1_m4-4_FrozenLake-v1: 210000/300000
Parametrized_Randomized_Cluster_25_300000_s1-100_t1_m4-4_FrozenLake-v1: 240000/300000
Parametrized_Randomized_Cluster_25_300000_s1-100_t1_m4-4_FrozenLake-v1: 270000/300000
Parametrized_Randomized_Cluster_25_300000_s1-100_t1_m4-4_FrozenLake-v1: 300000/300000
Parametrized_Randomized_Cluster_16_300000_s1-100_t1_m4-4_FrozenLake-v1: 30000/300000
Parametrized_Randomized_Cluster_16_300000_s1-100_t1_m4-4_FrozenLake-v1: 60000/300000
Parametrized_Randomized_Cluster_16_300000_s1-100_t1_m4-4_FrozenLake-v1: 90000/300000
Parametrized_Randomized_Cluster_16_300000_s1-100_t1_m4-4_FrozenLake-v1: 120000/300000
Parametrized_Randomized_Cluster_16_300000_s1-100_t1_m4-4_FrozenLake-v1: 150000/300000
Parametrized_Randomized_Cluster_16_300000_s1-100_t1_m4-4_FrozenLake-v1: 180000/300000
Parametrized_Randomized_Cluster_16_300000_s1-100_t1_m4-4_FrozenLake-v1: 210000/300000
Parametrized_Randomized_Cluster_16_300000_s1-100_t1_m4-4_FrozenLake-v1: 240000/300000
Parametrized_Randomized_Cluster_16_300000_s1-100_t1_m4-4_FrozenLake-v1: 270000/300000
Parametrized_Randomized_Cluster_16_300000_s1-100_t1_m4-4_FrozenLake-v1: 300000/300000
Parametrized_Randomized_Cluster_15_300000_s1-100_t1_m4-4_FrozenLake-v1: 30000/300000
Parametrized_Randomized_Cluster_15_300000_s1-100_t1_m4-4_FrozenLake-v1: 60000/300000
Parametrized_Randomized_Cluster_15_300000_s1-100_t1_m4-4_FrozenLake-v1: 90000/300000
Parametrized_Randomized_Cluster_15_300000_s1-100_t1_m4-4_FrozenLake-v1: 120000/300000
Parametrized_Randomized_Cluster_15_300000_s1-100_t1_m4-4_FrozenLake-v1: 150000/300000
Parametrized_Randomized_Cluster_15_300000_s1-100_t1_m4-4_FrozenLake-v1: 180000/300000
Parametrized_Randomized_Cluster_15_300000_s1-100_t1_m4-4_FrozenLake-v1: 210000/300000
Parametrized_Randomized_Cluster_15_300000_s1-100_t1_m4-4_FrozenLake-v1: 240000/300000
Parametrized_Randomized_Cluster_15_300000_s1-100_t1_m4-4_FrozenLake-v1: 270000/300000
Parametrized_Randomized_Cluster_15_300000_s1-100_t1_m4-4_FrozenLake-v1: 300000/300000
Parametrized_Randomized_Cluster_32_300000_s1-100_t1_m4-4_FrozenLake-v1: 30000/300000
Parametrized_Randomized_Cluster_32_300000_s1-100_t1_m4-4_FrozenLake-v1: 60000/300000
Parametrized_Randomized_Cluster_32_300000_s1-100_t1_m4-4_FrozenLake-v1: 90000/300000
Parametrized_Randomized_Cluster_32_300000_s1-100_t1_m4-4_FrozenLake-v1: 120000/300000
Parametrized_Randomized_Cluster_32_300000_s1-100_t1_m4-4_FrozenLake-v1: 150000/300000
Parametrized_Randomized_Cluster_32_300000_s1-100_t1_m4-4_FrozenLake-v1: 180000/300000
Parametrized_Randomized_Cluster_32_300000_s1-100_t1_m4-4_FrozenLake-v1: 210000/300000
Parametrized_Randomized_Cluster_32_300000_s1-100_t1_m4-4_FrozenLake-v1: 240000/300000
Parametrized_Randomized_Cluster_32_300000_s1-100_t1_m4-4_FrozenLake-v1: 270000/300000
Parametrized_Randomized_Cluster_32_300000_s1-100_t1_m4-4_FrozenLake-v1: 300000/300000
Parametrized_Randomized_Cluster_30_300000_s1-100_t1_m4-4_FrozenLake-v1: 30000/300000
Parametrized_Randomized_Cluster_30_300000_s1-100_t1_m4-4_FrozenLake-v1: 60000/300000
Parametrized_Randomized_Cluster_30_300000_s1-100_t1_m4-4_FrozenLake-v1: 90000/300000
Parametrized_Randomized_Cluster_30_300000_s1-100_t1_m4-4_FrozenLake-v1: 120000/300000
Parametrized_Randomized_Cluster_30_300000_s1-100_t1_m4-4_FrozenLake-v1: 150000/300000
Parametrized_Randomized_Cluster_30_300000_s1-100_t1_m4-4_FrozenLake-v1: 180000/300000
Parametrized_Randomized_Cluster_30_300000_s1-100_t1_m4-4_FrozenLake-v1: 210000/300000
Parametrized_Randomized_Cluster_30_300000_s1-100_t1_m4-4_FrozenLake-v1: 240000/300000
Parametrized_Randomized_Cluster_30_300000_s1-100_t1_m4-4_FrozenLake-v1: 270000/300000
Parametrized_Randomized_Cluster_30_300000_s1-100_t1_m4-4_FrozenLake-v1: 300000/300000
Parametrized_Randomized_Cluster_2_300000_s1-100_t1_m4-4_FrozenLake-v1: 30000/300000
Parametrized_Randomized_Cluster_2_300000_s1-100_t1_m4-4_FrozenLake-v1: 60000/300000
Parametrized_Randomized_Cluster_2_300000_s1-100_t1_m4-4_FrozenLake-v1: 90000/300000
Parametrized_Randomized_Cluster_2_300000_s1-100_t1_m4-4_FrozenLake-v1: 120000/300000
Parametrized_Randomized_Cluster_2_300000_s1-100_t1_m4-4_FrozenLake-v1: 150000/300000
Parametrized_Randomized_Cluster_2_300000_s1-100_t1_m4-4_FrozenLake-v1: 180000/300000
Parametrized_Randomized_Cluster_2_300000_s1-100_t1_m4-4_FrozenLake-v1: 210000/300000
Parametrized_Randomized_Cluster_2_300000_s1-100_t1_m4-4_FrozenLake-v1: 240000/300000
Parametrized_Randomized_Cluster_2_300000_s1-100_t1_m4-4_FrozenLake-v1: 270000/300000
Parametrized_Randomized_Cluster_2_300000_s1-100_t1_m4-4_FrozenLake-v1: 300000/300000
Parametrized_Randomized_Cluster_10_300000_s1-100_t1_m4-4_FrozenLake-v1: 30000/300000
Parametrized_Randomized_Cluster_10_300000_s1-100_t1_m4-4_FrozenLake-v1: 60000/300000
Parametrized_Randomized_Cluster_10_300000_s1-100_t1_m4-4_FrozenLake-v1: 90000/300000
Parametrized_Randomized_Cluster_10_300000_s1-100_t1_m4-4_FrozenLake-v1: 120000/300000
Parametrized_Randomized_Cluster_10_300000_s1-100_t1_m4-4_FrozenLake-v1: 150000/300000
Parametrized_Randomized_Cluster_10_300000_s1-100_t1_m4-4_FrozenLake-v1: 180000/300000
Parametrized_Randomized_Cluster_10_300000_s1-100_t1_m4-4_FrozenLake-v1: 210000/300000
Parametrized_Randomized_Cluster_10_300000_s1-100_t1_m4-4_FrozenLake-v1: 240000/300000
Parametrized_Randomized_Cluster_10_300000_s1-100_t1_m4-4_FrozenLake-v1: 270000/300000
Parametrized_Randomized_Cluster_10_300000_s1-100_t1_m4-4_FrozenLake-v1: 300000/300000
Parametrized_Randomized_Cluster_20_300000_s1-100_t1_m4-4_FrozenLake-v1: 30000/300000
Parametrized_Randomized_Cluster_20_300000_s1-100_t1_m4-4_FrozenLake-v1: 60000/300000
Parametrized_Randomized_Cluster_20_300000_s1-100_t1_m4-4_FrozenLake-v1: 90000/300000
Parametrized_Randomized_Cluster_20_300000_s1-100_t1_m4-4_FrozenLake-v1: 120000/300000
Parametrized_Randomized_Cluster_20_300000_s1-100_t1_m4-4_FrozenLake-v1: 150000/300000
Parametrized_Randomized_Cluster_20_300000_s1-100_t1_m4-4_FrozenLake-v1: 180000/300000
Parametrized_Randomized_Cluster_20_300000_s1-100_t1_m4-4_FrozenLake-v1: 210000/300000
Parametrized_Randomized_Cluster_20_300000_s1-100_t1_m4-4_FrozenLake-v1: 240000/300000
Parametrized_Randomized_Cluster_20_300000_s1-100_t1_m4-4_FrozenLake-v1: 270000/300000
Parametrized_Randomized_Cluster_20_300000_s1-100_t1_m4-4_FrozenLake-v1: 300000/300000
Parametrized_Randomized_Cluster_34_300000_s1-100_t1_m4-4_FrozenLake-v1: 30000/300000
Parametrized_Randomized_Cluster_34_300000_s1-100_t1_m4-4_FrozenLake-v1: 60000/300000
Parametrized_Randomized_Cluster_34_300000_s1-100_t1_m4-4_FrozenLake-v1: 90000/300000
Parametrized_Randomized_Cluster_34_300000_s1-100_t1_m4-4_FrozenLake-v1: 120000/300000
Parametrized_Randomized_Cluster_34_300000_s1-100_t1_m4-4_FrozenLake-v1: 150000/300000
Parametrized_Randomized_Cluster_34_300000_s1-100_t1_m4-4_FrozenLake-v1: 180000/300000
Parametrized_Randomized_Cluster_34_300000_s1-100_t1_m4-4_FrozenLake-v1: 210000/300000
Parametrized_Randomized_Cluster_34_300000_s1-100_t1_m4-4_FrozenLake-v1: 240000/300000
Parametrized_Randomized_Cluster_34_300000_s1-100_t1_m4-4_FrozenLake-v1: 270000/300000
Parametrized_Randomized_Cluster_34_300000_s1-100_t1_m4-4_FrozenLake-v1: 300000/300000
Parametrized_Randomized_Cluster_4_300000_s1-100_t1_m4-4_FrozenLake-v1: 30000/300000
Parametrized_Randomized_Cluster_4_300000_s1-100_t1_m4-4_FrozenLake-v1: 60000/300000
Parametrized_Randomized_Cluster_4_300000_s1-100_t1_m4-4_FrozenLake-v1: 90000/300000
Parametrized_Randomized_Cluster_4_300000_s1-100_t1_m4-4_FrozenLake-v1: 120000/300000
Parametrized_Randomized_Cluster_4_300000_s1-100_t1_m4-4_FrozenLake-v1: 150000/300000
Parametrized_Randomized_Cluster_4_300000_s1-100_t1_m4-4_FrozenLake-v1: 180000/300000
Parametrized_Randomized_Cluster_4_300000_s1-100_t1_m4-4_FrozenLake-v1: 210000/300000
Parametrized_Randomized_Cluster_4_300000_s1-100_t1_m4-4_FrozenLake-v1: 240000/300000
Parametrized_Randomized_Cluster_4_300000_s1-100_t1_m4-4_FrozenLake-v1: 270000/300000
Parametrized_Randomized_Cluster_4_300000_s1-100_t1_m4-4_FrozenLake-v1: 300000/300000
Parametrized_Randomized_Cluster_27_300000_s1-100_t1_m4-4_FrozenLake-v1: 30000/300000
Parametrized_Randomized_Cluster_27_300000_s1-100_t1_m4-4_FrozenLake-v1: 60000/300000
Parametrized_Randomized_Cluster_27_300000_s1-100_t1_m4-4_FrozenLake-v1: 90000/300000
Parametrized_Randomized_Cluster_27_300000_s1-100_t1_m4-4_FrozenLake-v1: 120000/300000
Parametrized_Randomized_Cluster_27_300000_s1-100_t1_m4-4_FrozenLake-v1: 150000/300000
Parametrized_Randomized_Cluster_27_300000_s1-100_t1_m4-4_FrozenLake-v1: 180000/300000
Parametrized_Randomized_Cluster_27_300000_s1-100_t1_m4-4_FrozenLake-v1: 210000/300000
Parametrized_Randomized_Cluster_27_300000_s1-100_t1_m4-4_FrozenLake-v1: 240000/300000
Parametrized_Randomized_Cluster_27_300000_s1-100_t1_m4-4_FrozenLake-v1: 270000/300000
Parametrized_Randomized_Cluster_27_300000_s1-100_t1_m4-4_FrozenLake-v1: 300000/300000
Parametrized_Randomized_Cluster_21_300000_s1-100_t1_m4-4_FrozenLake-v1: 30000/300000
Parametrized_Randomized_Cluster_21_300000_s1-100_t1_m4-4_FrozenLake-v1: 60000/300000
Parametrized_Randomized_Cluster_21_300000_s1-100_t1_m4-4_FrozenLake-v1: 90000/300000
Parametrized_Randomized_Cluster_21_300000_s1-100_t1_m4-4_FrozenLake-v1: 120000/300000
Parametrized_Randomized_Cluster_21_300000_s1-100_t1_m4-4_FrozenLake-v1: 150000/300000
Parametrized_Randomized_Cluster_21_300000_s1-100_t1_m4-4_FrozenLake-v1: 180000/300000
Parametrized_Randomized_Cluster_21_300000_s1-100_t1_m4-4_FrozenLake-v1: 210000/300000
Parametrized_Randomized_Cluster_21_300000_s1-100_t1_m4-4_FrozenLake-v1: 240000/300000
Parametrized_Randomized_Cluster_21_300000_s1-100_t1_m4-4_FrozenLake-v1: 270000/300000
Parametrized_Randomized_Cluster_21_300000_s1-100_t1_m4-4_FrozenLake-v1: 300000/300000
Parametrized_Randomized_Cluster_28_300000_s1-100_t1_m4-4_FrozenLake-v1: 30000/300000
Parametrized_Randomized_Cluster_28_300000_s1-100_t1_m4-4_FrozenLake-v1: 60000/300000
Parametrized_Randomized_Cluster_28_300000_s1-100_t1_m4-4_FrozenLake-v1: 90000/300000
Parametrized_Randomized_Cluster_28_300000_s1-100_t1_m4-4_FrozenLake-v1: 120000/300000
Parametrized_Randomized_Cluster_28_300000_s1-100_t1_m4-4_FrozenLake-v1: 150000/300000
Parametrized_Randomized_Cluster_28_300000_s1-100_t1_m4-4_FrozenLake-v1: 180000/300000
Parametrized_Randomized_Cluster_28_300000_s1-100_t1_m4-4_FrozenLake-v1: 210000/300000
Parametrized_Randomized_Cluster_28_300000_s1-100_t1_m4-4_FrozenLake-v1: 240000/300000
Parametrized_Randomized_Cluster_28_300000_s1-100_t1_m4-4_FrozenLake-v1: 270000/300000
Parametrized_Randomized_Cluster_28_300000_s1-100_t1_m4-4_FrozenLake-v1: 300000/300000
Parametrized_Randomized_Cluster_19_300000_s1-100_t1_m4-4_FrozenLake-v1: 30000/300000
Parametrized_Randomized_Cluster_19_300000_s1-100_t1_m4-4_FrozenLake-v1: 60000/300000
Parametrized_Randomized_Cluster_19_300000_s1-100_t1_m4-4_FrozenLake-v1: 90000/300000
Parametrized_Randomized_Cluster_19_300000_s1-100_t1_m4-4_FrozenLake-v1: 120000/300000
Parametrized_Randomized_Cluster_19_300000_s1-100_t1_m4-4_FrozenLake-v1: 150000/300000
Parametrized_Randomized_Cluster_19_300000_s1-100_t1_m4-4_FrozenLake-v1: 180000/300000
Parametrized_Randomized_Cluster_19_300000_s1-100_t1_m4-4_FrozenLake-v1: 210000/300000
Parametrized_Randomized_Cluster_19_300000_s1-100_t1_m4-4_FrozenLake-v1: 240000/300000
Parametrized_Randomized_Cluster_19_300000_s1-100_t1_m4-4_FrozenLake-v1: 270000/300000
Parametrized_Randomized_Cluster_19_300000_s1-100_t1_m4-4_FrozenLake-v1: 300000/300000
Parametrized_Randomized_Cluster_33_300000_s1-100_t1_m4-4_FrozenLake-v1: 30000/300000
Parametrized_Randomized_Cluster_33_300000_s1-100_t1_m4-4_FrozenLake-v1: 60000/300000
Parametrized_Randomized_Cluster_33_300000_s1-100_t1_m4-4_FrozenLake-v1: 90000/300000
Parametrized_Randomized_Cluster_33_300000_s1-100_t1_m4-4_FrozenLake-v1: 120000/300000
Parametrized_Randomized_Cluster_33_300000_s1-100_t1_m4-4_FrozenLake-v1: 150000/300000
Parametrized_Randomized_Cluster_33_300000_s1-100_t1_m4-4_FrozenLake-v1: 180000/300000
Parametrized_Randomized_Cluster_33_300000_s1-100_t1_m4-4_FrozenLake-v1: 210000/300000
Parametrized_Randomized_Cluster_33_300000_s1-100_t1_m4-4_FrozenLake-v1: 240000/300000
Parametrized_Randomized_Cluster_33_300000_s1-100_t1_m4-4_FrozenLake-v1: 270000/300000
Parametrized_Randomized_Cluster_33_300000_s1-100_t1_m4-4_FrozenLake-v1: 300000/300000
Parametrized_Randomized_Cluster_26_300000_s1-100_t1_m4-4_FrozenLake-v1: 30000/300000
Parametrized_Randomized_Cluster_26_300000_s1-100_t1_m4-4_FrozenLake-v1: 60000/300000
Parametrized_Randomized_Cluster_26_300000_s1-100_t1_m4-4_FrozenLake-v1: 90000/300000
Parametrized_Randomized_Cluster_26_300000_s1-100_t1_m4-4_FrozenLake-v1: 120000/300000
Parametrized_Randomized_Cluster_26_300000_s1-100_t1_m4-4_FrozenLake-v1: 150000/300000
Parametrized_Randomized_Cluster_26_300000_s1-100_t1_m4-4_FrozenLake-v1: 180000/300000
Parametrized_Randomized_Cluster_26_300000_s1-100_t1_m4-4_FrozenLake-v1: 210000/300000
Parametrized_Randomized_Cluster_26_300000_s1-100_t1_m4-4_FrozenLake-v1: 240000/300000
Parametrized_Randomized_Cluster_26_300000_s1-100_t1_m4-4_FrozenLake-v1: 270000/300000
Parametrized_Randomized_Cluster_26_300000_s1-100_t1_m4-4_FrozenLake-v1: 300000/300000
Parametrized_Randomized_Cluster_5_300000_s1-100_t1_m4-4_FrozenLake-v1: 30000/300000
Parametrized_Randomized_Cluster_5_300000_s1-100_t1_m4-4_FrozenLake-v1: 60000/300000
Parametrized_Randomized_Cluster_5_300000_s1-100_t1_m4-4_FrozenLake-v1: 90000/300000
Parametrized_Randomized_Cluster_5_300000_s1-100_t1_m4-4_FrozenLake-v1: 120000/300000
Parametrized_Randomized_Cluster_5_300000_s1-100_t1_m4-4_FrozenLake-v1: 150000/300000
Parametrized_Randomized_Cluster_5_300000_s1-100_t1_m4-4_FrozenLake-v1: 180000/300000
Parametrized_Randomized_Cluster_5_300000_s1-100_t1_m4-4_FrozenLake-v1: 210000/300000
Parametrized_Randomized_Cluster_5_300000_s1-100_t1_m4-4_FrozenLake-v1: 240000/300000
Parametrized_Randomized_Cluster_5_300000_s1-100_t1_m4-4_FrozenLake-v1: 270000/300000
Parametrized_Randomized_Cluster_5_300000_s1-100_t1_m4-4_FrozenLake-v1: 300000/300000
Parametrized_Randomized_Cluster_1_300000_s1-100_t1_m4-4_FrozenLake-v1: 30000/300000
Parametrized_Randomized_Cluster_1_300000_s1-100_t1_m4-4_FrozenLake-v1: 60000/300000
Parametrized_Randomized_Cluster_1_300000_s1-100_t1_m4-4_FrozenLake-v1: 90000/300000
Parametrized_Randomized_Cluster_1_300000_s1-100_t1_m4-4_FrozenLake-v1: 120000/300000
Parametrized_Randomized_Cluster_1_300000_s1-100_t1_m4-4_FrozenLake-v1: 150000/300000
Parametrized_Randomized_Cluster_1_300000_s1-100_t1_m4-4_FrozenLake-v1: 180000/300000
Parametrized_Randomized_Cluster_1_300000_s1-100_t1_m4-4_FrozenLake-v1: 210000/300000
Parametrized_Randomized_Cluster_1_300000_s1-100_t1_m4-4_FrozenLake-v1: 240000/300000
Parametrized_Randomized_Cluster_1_300000_s1-100_t1_m4-4_FrozenLake-v1: 270000/300000
Parametrized_Randomized_Cluster_1_300000_s1-100_t1_m4-4_FrozenLake-v1: 300000/300000
