JobId=8658641 JobName=cartpole_dataset.sbatch
   UserId=koner(565562) GroupId=domain users(100513) MCS_label=N/A
   Priority=24694656 Nice=0 Account=ewi-insy-ii-influence QOS=short
   JobState=RUNNING Reason=None Dependency=(null)
   Requeue=0 Restarts=0 BatchFlag=1 Reboot=0 ExitCode=0:0
   DerivedExitCode=0:0
   RunTime=00:00:00 TimeLimit=00:30:00 TimeMin=N/A
   SubmitTime=2023-08-27T21:12:32 EligibleTime=2023-08-27T21:12:32
   AccrueTime=2023-08-27T21:12:32
   StartTime=2023-08-27T21:12:33 EndTime=2023-08-27T21:42:33 Deadline=N/A
   SuspendTime=None SecsPreSuspend=0 LastSchedEval=2023-08-27T21:12:33 Scheduler=Main
   Partition=general AllocNode:Sid=login1:1100
   ReqNodeList=(null) ExcNodeList=(null)
   NodeList=grs1
   BatchHost=grs1
   NumNodes=1 NumCPUs=20 NumTasks=10 CPUs/Task=2 ReqB:S:C:T=0:0:*:*
   TRES=cpu=20,mem=2000M,node=1,billing=10
   Socks/Node=* NtasksPerN:B:S:C=0:0:*:* CoreSpec=*
   JOB_GRES=(null)
     Nodes=grs1 CPU_IDs=0-19 Mem=2000 GRES=
   MinCPUsNode=2 MinMemoryCPU=100M MinTmpDiskNode=0
   Features=(null) DelayBoot=00:00:00
   OverSubscribe=OK Contiguous=0 Licenses=(null) Network=(null)
   Command=/winhome/koner/Desktop/MCTS-Time-Management/jobscripts/cartpole_dataset.sbatch
   WorkDir=/winhome/koner/Desktop/MCTS-Time-Management/jobscripts
   StdErr=/winhome/koner/Desktop/MCTS-Time-Management/jobscripts/slurm-8658641.out
   StdIn=/dev/null
   StdOut=/winhome/koner/Desktop/MCTS-Time-Management/jobscripts/slurm-8658641.out
   Power=
   MailUser=koner MailType=END
   

CartPole-v1_disc-0.20_100_s1_100_t500_8: 10/100
CartPole-v1_disc-0.20_100_s1_100_t500_8: 20/100
CartPole-v1_disc-0.20_100_s1_100_t500_8: 30/100
CartPole-v1_disc-0.20_100_s1_100_t500_8: 40/100
CartPole-v1_disc-0.20_100_s1_100_t500_8: 50/100
CartPole-v1_disc-0.20_100_s1_100_t500_8: 60/100
CartPole-v1_disc-0.20_100_s1_100_t500_8: 70/100
CartPole-v1_disc-0.20_100_s1_100_t500_8: 80/100
CartPole-v1_disc-0.20_100_s1_100_t500_8: 90/100
CartPole-v1_disc-0.20_100_s1_100_t500_8: 100/100
CartPole-v1_disc-0.20_100_s1_100_t500_2: 10/100
CartPole-v1_disc-0.20_100_s1_100_t500_2: 20/100
CartPole-v1_disc-0.20_100_s1_100_t500_2: 30/100
CartPole-v1_disc-0.20_100_s1_100_t500_2: 40/100
CartPole-v1_disc-0.20_100_s1_100_t500_2: 50/100
CartPole-v1_disc-0.20_100_s1_100_t500_2: 60/100
CartPole-v1_disc-0.20_100_s1_100_t500_2: 70/100
CartPole-v1_disc-0.20_100_s1_100_t500_2: 80/100
CartPole-v1_disc-0.20_100_s1_100_t500_2: 90/100
CartPole-v1_disc-0.20_100_s1_100_t500_2: 100/100
CartPole-v1_disc-0.20_100_s1_100_t500_4: 10/100
CartPole-v1_disc-0.20_100_s1_100_t500_4: 20/100
CartPole-v1_disc-0.20_100_s1_100_t500_4: 30/100
CartPole-v1_disc-0.20_100_s1_100_t500_4: 40/100
CartPole-v1_disc-0.20_100_s1_100_t500_4: 50/100
CartPole-v1_disc-0.20_100_s1_100_t500_4: 60/100
CartPole-v1_disc-0.20_100_s1_100_t500_4: 70/100
CartPole-v1_disc-0.20_100_s1_100_t500_4: 80/100
CartPole-v1_disc-0.20_100_s1_100_t500_4: 90/100
CartPole-v1_disc-0.20_100_s1_100_t500_4: 100/100
CartPole-v1_disc-0.20_100_s1_100_t500_10: 10/100
CartPole-v1_disc-0.20_100_s1_100_t500_10: 20/100
CartPole-v1_disc-0.20_100_s1_100_t500_10: 30/100
CartPole-v1_disc-0.20_100_s1_100_t500_10: 40/100
CartPole-v1_disc-0.20_100_s1_100_t500_10: 50/100
CartPole-v1_disc-0.20_100_s1_100_t500_10: 60/100
CartPole-v1_disc-0.20_100_s1_100_t500_10: 70/100
CartPole-v1_disc-0.20_100_s1_100_t500_10: 80/100
CartPole-v1_disc-0.20_100_s1_100_t500_10: 90/100
CartPole-v1_disc-0.20_100_s1_100_t500_10: 100/100
CartPole-v1_disc-0.20_100_s1_100_t500_6: 10/100
CartPole-v1_disc-0.20_100_s1_100_t500_6: 20/100
CartPole-v1_disc-0.20_100_s1_100_t500_6: 30/100
CartPole-v1_disc-0.20_100_s1_100_t500_6: 40/100
CartPole-v1_disc-0.20_100_s1_100_t500_6: 50/100
CartPole-v1_disc-0.20_100_s1_100_t500_6: 60/100
CartPole-v1_disc-0.20_100_s1_100_t500_6: 70/100
CartPole-v1_disc-0.20_100_s1_100_t500_6: 80/100
CartPole-v1_disc-0.20_100_s1_100_t500_6: 90/100
CartPole-v1_disc-0.20_100_s1_100_t500_6: 100/100
CartPole-v1_disc-0.20_100_s1_100_t500_1: 10/100
CartPole-v1_disc-0.20_100_s1_100_t500_1: 20/100
CartPole-v1_disc-0.20_100_s1_100_t500_1: 30/100
CartPole-v1_disc-0.20_100_s1_100_t500_1: 40/100
CartPole-v1_disc-0.20_100_s1_100_t500_1: 50/100
CartPole-v1_disc-0.20_100_s1_100_t500_1: 60/100
CartPole-v1_disc-0.20_100_s1_100_t500_1: 70/100
CartPole-v1_disc-0.20_100_s1_100_t500_1: 80/100
CartPole-v1_disc-0.20_100_s1_100_t500_1: 90/100
CartPole-v1_disc-0.20_100_s1_100_t500_1: 100/100
CartPole-v1_disc-0.20_100_s1_100_t500_9: 10/100
CartPole-v1_disc-0.20_100_s1_100_t500_9: 20/100
CartPole-v1_disc-0.20_100_s1_100_t500_9: 30/100
CartPole-v1_disc-0.20_100_s1_100_t500_9: 40/100
CartPole-v1_disc-0.20_100_s1_100_t500_9: 50/100
CartPole-v1_disc-0.20_100_s1_100_t500_9: 60/100
CartPole-v1_disc-0.20_100_s1_100_t500_9: 70/100
CartPole-v1_disc-0.20_100_s1_100_t500_9: 80/100
CartPole-v1_disc-0.20_100_s1_100_t500_9: 90/100
CartPole-v1_disc-0.20_100_s1_100_t500_9: 100/100
CartPole-v1_disc-0.20_100_s1_100_t500_5: 10/100
CartPole-v1_disc-0.20_100_s1_100_t500_5: 20/100
CartPole-v1_disc-0.20_100_s1_100_t500_5: 30/100
CartPole-v1_disc-0.20_100_s1_100_t500_5: 40/100
CartPole-v1_disc-0.20_100_s1_100_t500_5: 50/100
CartPole-v1_disc-0.20_100_s1_100_t500_5: 60/100
CartPole-v1_disc-0.20_100_s1_100_t500_5: 70/100
CartPole-v1_disc-0.20_100_s1_100_t500_5: 80/100
CartPole-v1_disc-0.20_100_s1_100_t500_5: 90/100
CartPole-v1_disc-0.20_100_s1_100_t500_5: 100/100
CartPole-v1_disc-0.20_100_s1_100_t500_3: 10/100
CartPole-v1_disc-0.20_100_s1_100_t500_3: 20/100
CartPole-v1_disc-0.20_100_s1_100_t500_3: 30/100
CartPole-v1_disc-0.20_100_s1_100_t500_3: 40/100
CartPole-v1_disc-0.20_100_s1_100_t500_3: 50/100
CartPole-v1_disc-0.20_100_s1_100_t500_3: 60/100
CartPole-v1_disc-0.20_100_s1_100_t500_3: 70/100
CartPole-v1_disc-0.20_100_s1_100_t500_3: 80/100
CartPole-v1_disc-0.20_100_s1_100_t500_3: 90/100
CartPole-v1_disc-0.20_100_s1_100_t500_3: 100/100
CartPole-v1_disc-0.20_100_s1_100_t500_7: 10/100
CartPole-v1_disc-0.20_100_s1_100_t500_7: 20/100
CartPole-v1_disc-0.20_100_s1_100_t500_7: 30/100
CartPole-v1_disc-0.20_100_s1_100_t500_7: 40/100
CartPole-v1_disc-0.20_100_s1_100_t500_7: 50/100
CartPole-v1_disc-0.20_100_s1_100_t500_7: 60/100
CartPole-v1_disc-0.20_100_s1_100_t500_7: 70/100
CartPole-v1_disc-0.20_100_s1_100_t500_7: 80/100
CartPole-v1_disc-0.20_100_s1_100_t500_7: 90/100
CartPole-v1_disc-0.20_100_s1_100_t500_7: 100/100
