JobId=8617456 JobName=boosting.sbatch
   UserId=koner(565562) GroupId=domain users(100513) MCS_label=N/A
   Priority=23880597 Nice=0 Account=ewi-insy-ii-influence QOS=short
   JobState=RUNNING Reason=None Dependency=(null)
   Requeue=0 Restarts=0 BatchFlag=1 Reboot=0 ExitCode=0:0
   DerivedExitCode=0:0
   RunTime=00:00:01 TimeLimit=00:45:00 TimeMin=N/A
   SubmitTime=2023-08-04T00:41:54 EligibleTime=2023-08-04T00:41:54
   AccrueTime=2023-08-04T00:41:54
   StartTime=2023-08-04T00:42:11 EndTime=2023-08-04T01:27:11 Deadline=N/A
   SuspendTime=None SecsPreSuspend=0 LastSchedEval=2023-08-04T00:42:11 Scheduler=Backfill
   Partition=general AllocNode:Sid=login1:15918
   ReqNodeList=(null) ExcNodeList=(null)
   NodeList=awi[16-20]
   BatchHost=awi16
   NumNodes=5 NumCPUs=80 NumTasks=40 CPUs/Task=2 ReqB:S:C:T=0:0:*:*
   TRES=cpu=80,mem=10G,node=5,billing=40
   Socks/Node=* NtasksPerN:B:S:C=0:0:*:* CoreSpec=*
   JOB_GRES=(null)
     Nodes=awi16 CPU_IDs=46-55 Mem=1280 GRES=
     Nodes=awi[17-19] CPU_IDs=34-55 Mem=2816 GRES=
     Nodes=awi20 CPU_IDs=34-37 Mem=512 GRES=
   MinCPUsNode=2 MinMemoryCPU=128M MinTmpDiskNode=0
   Features=(null) DelayBoot=00:00:00
   OverSubscribe=OK Contiguous=0 Licenses=(null) Network=(null)
   Command=/winhome/koner/Desktop/MCTS-Time-Management/jobscripts/boosting.sbatch
   WorkDir=/winhome/koner/Desktop/MCTS-Time-Management/jobscripts
   StdErr=/winhome/koner/Desktop/MCTS-Time-Management/jobscripts/slurm-8617456.out
   StdIn=/dev/null
   StdOut=/winhome/koner/Desktop/MCTS-Time-Management/jobscripts/slurm-8617456.out
   Power=
   MailUser=koner MailType=END
   

srun: Warning: can't run 1 processes on 5 nodes, setting nnodes to 1
srun: Warning: can't run 1 processes on 5 nodes, setting nnodes to 1
srun: Warning: can't run 1 processes on 5 nodes, setting nnodes to 1
srun: Warning: can't run 1 processes on 5 nodes, setting nnodes to 1
srun: Warning: can't run 1 processes on 5 nodes, setting nnodes to 1
srun: Warning: can't run 1 processes on 5 nodes, setting nnodes to 1
srun: Warning: can't run 1 processes on 5 nodes, setting nnodes to 1
srun: Warning: can't run 1 processes on 5 nodes, setting nnodes to 1
srun: Warning: can't run 1 processes on 5 nodes, setting nnodes to 1
srun: Warning: can't run 1 processes on 5 nodes, setting nnodes to 1
srun: Warning: can't run 1 processes on 5 nodes, setting nnodes to 1
srun: Warning: can't run 1 processes on 5 nodes, setting nnodes to 1
srun: Warning: can't run 1 processes on 5 nodes, setting nnodes to 1
srun: Warning: can't run 1 processes on 5 nodes, setting nnodes to 1
srun: Warning: can't run 1 processes on 5 nodes, setting nnodes to 1
srun: Warning: can't run 1 processes on 5 nodes, setting nnodes to 1
srun: Warning: can't run 1 processes on 5 nodes, setting nnodes to 1
srun: Warning: can't run 1 processes on 5 nodes, setting nnodes to 1
srun: Warning: can't run 1 processes on 5 nodes, setting nnodes to 1
srun: Warning: can't run 1 processes on 5 nodes, setting nnodes to 1
srun: Warning: can't run 1 processes on 5 nodes, setting nnodes to 1
srun: Warning: can't run 1 processes on 5 nodes, setting nnodes to 1
srun: Warning: can't run 1 processes on 5 nodes, setting nnodes to 1
srun: Warning: can't run 1 processes on 5 nodes, setting nnodes to 1
srun: Warning: can't run 1 processes on 5 nodes, setting nnodes to 1
srun: Warning: can't run 1 processes on 5 nodes, setting nnodes to 1
srun: Warning: can't run 1 processes on 5 nodes, setting nnodes to 1
srun: Warning: can't run 1 processes on 5 nodes, setting nnodes to 1
srun: Warning: can't run 1 processes on 5 nodes, setting nnodes to 1
srun: Warning: can't run 1 processes on 5 nodes, setting nnodes to 1
srun: Warning: can't run 1 processes on 5 nodes, setting nnodes to 1
srun: Warning: can't run 1 processes on 5 nodes, setting nnodes to 1
srun: Warning: can't run 1 processes on 5 nodes, setting nnodes to 1
srun: Warning: can't run 1 processes on 5 nodes, setting nnodes to 1
srun: Warning: can't run 1 processes on 5 nodes, setting nnodes to 1
srun: Warning: can't run 1 processes on 5 nodes, setting nnodes to 1
srun: Warning: can't run 1 processes on 5 nodes, setting nnodes to 1
srun: Warning: can't run 1 processes on 5 nodes, setting nnodes to 1
