JobId=9540673 JobName=d_cartpole.sbatch
   UserId=koner(565562) GroupId=domain users(100513) MCS_label=N/A
   Priority=19161290 Nice=0 Account=ewi-insy-ii-influence QOS=medium
   JobState=RUNNING Reason=None Dependency=(null)
   Requeue=0 Restarts=0 BatchFlag=1 Reboot=0 ExitCode=0:0
   DerivedExitCode=0:0
   RunTime=00:00:00 TimeLimit=12:00:00 TimeMin=N/A
   SubmitTime=2024-02-22T21:30:41 EligibleTime=2024-02-22T21:30:41
   AccrueTime=2024-02-22T21:30:41
   StartTime=2024-02-22T21:31:26 EndTime=2024-02-23T09:31:26 Deadline=N/A
   SuspendTime=None SecsPreSuspend=0 LastSchedEval=2024-02-22T21:31:26 Scheduler=Backfill
   Partition=general AllocNode:Sid=login1:5338
   ReqNodeList=(null) ExcNodeList=(null)
   NodeList=awi23
   BatchHost=awi23
   NumNodes=1 NumCPUs=64 NumTasks=1 CPUs/Task=64 ReqB:S:C:T=0:0:*:*
   TRES=cpu=64,mem=8G,node=1,billing=32
   Socks/Node=* NtasksPerN:B:S:C=0:0:*:* CoreSpec=*
   JOB_GRES=(null)
     Nodes=awi23 CPU_IDs=0-63 Mem=8192 GRES=
   MinCPUsNode=64 MinMemoryNode=8G MinTmpDiskNode=0
   Features=(null) DelayBoot=00:00:00
   OverSubscribe=OK Contiguous=0 Licenses=(null) Network=(null)
   Command=/winhome/koner/Desktop/MCTS-Time-Management/jobscripts/d_cartpole.sbatch
   WorkDir=/winhome/koner/Desktop/MCTS-Time-Management/jobscripts
   StdErr=/winhome/koner/Desktop/MCTS-Time-Management/jobscripts/slurm-9540673.out
   StdIn=/dev/null
   StdOut=/winhome/koner/Desktop/MCTS-Time-Management/jobscripts/slurm-9540673.out
   Power=
   MailUser=koner MailType=END
   

Experiment code:  CartPole-v1_0.20_pytorch_10
Dataset Loaded Successfully:  1053000
Finished epoch 1, latest loss 49357.078125
Finished epoch 1000, latest loss 3788.7890625
Finished epoch 2000, latest loss 2679.54150390625
Finished epoch 3000, latest loss 2012.5316162109375
Finished epoch 4000, latest loss 986.9716186523438
Finished epoch 5000, latest loss 942.3724975585938
Finished epoch 6000, latest loss 923.365234375
Finished epoch 7000, latest loss 803.5230712890625
Finished epoch 8000, latest loss 606.1453247070312
Finished epoch 9000, latest loss 481.98663330078125
Finished epoch 10000, latest loss 396.4046936035156
Finished epoch 11000, latest loss 340.322021484375
Finished epoch 12000, latest loss 311.9259338378906
Finished epoch 13000, latest loss 247.4606475830078
Finished epoch 14000, latest loss 217.80899047851562
Finished epoch 15000, latest loss 197.5765838623047
Finished epoch 16000, latest loss 178.46023559570312
Finished epoch 17000, latest loss 181.2357177734375
Finished epoch 18000, latest loss 185.0465087890625
Finished epoch 19000, latest loss 149.87774658203125
Finished epoch 20000, latest loss 126.05300903320312
Finished epoch 21000, latest loss 119.11930847167969
Finished epoch 22000, latest loss 107.88859558105469
Finished epoch 23000, latest loss 103.28954315185547
Finished epoch 24000, latest loss 98.36776733398438
Finished epoch 25000, latest loss 90.33685302734375
Finished epoch 26000, latest loss 85.20953369140625
Finished epoch 27000, latest loss 86.1570053100586
Finished epoch 28000, latest loss 78.50335693359375
Finished epoch 29000, latest loss 104.53480529785156
Finished epoch 30000, latest loss 73.5400390625
Finished epoch 31000, latest loss 66.6405258178711
Finished epoch 32000, latest loss 80.61373901367188
Finished epoch 33000, latest loss 68.24622344970703
Finished epoch 34000, latest loss 58.59603500366211
Finished epoch 35000, latest loss 57.795379638671875
Finished epoch 36000, latest loss 68.27381896972656
Finished epoch 37000, latest loss 52.88705062866211
Finished epoch 38000, latest loss 51.04127502441406
Finished epoch 39000, latest loss 49.56349563598633
Finished epoch 40000, latest loss 48.50619125366211
Finished epoch 41000, latest loss 51.370296478271484
Finished epoch 42000, latest loss 73.89177703857422
Finished epoch 43000, latest loss 59.1588020324707
Finished epoch 44000, latest loss 43.175331115722656
Finished epoch 45000, latest loss 78.43898010253906
Finished epoch 46000, latest loss 48.717918395996094
Finished epoch 47000, latest loss 41.07770538330078
Finished epoch 48000, latest loss 97.5041732788086
Finished epoch 49000, latest loss 38.051048278808594
Finished epoch 50000, latest loss 37.521278381347656
Finished epoch 51000, latest loss 63.7657470703125
Finished epoch 52000, latest loss 39.34736633300781
Finished epoch 53000, latest loss 35.70972442626953
Finished epoch 54000, latest loss 34.77607727050781
Finished epoch 55000, latest loss 40.366573333740234
Finished epoch 56000, latest loss 33.81080627441406
Finished epoch 57000, latest loss 39.84359359741211
Finished epoch 58000, latest loss 108.10977172851562
Finished epoch 59000, latest loss 34.176185607910156
Finished epoch 60000, latest loss 31.502878189086914
Finished epoch 61000, latest loss 80.10214233398438
Finished epoch 62000, latest loss 30.5921630859375
Finished epoch 63000, latest loss 76.1045150756836
Finished epoch 64000, latest loss 38.04061508178711
Finished epoch 65000, latest loss 29.503559112548828
Finished epoch 66000, latest loss 28.212543487548828
Finished epoch 67000, latest loss 39.59208679199219
Finished epoch 68000, latest loss 28.9899959564209
Finished epoch 69000, latest loss 27.12810707092285
Finished epoch 70000, latest loss 34.21695327758789
Finished epoch 71000, latest loss 30.059127807617188
Finished epoch 72000, latest loss 34.73258972167969
Finished epoch 73000, latest loss 29.180280685424805
Finished epoch 74000, latest loss 25.70252227783203
Finished epoch 75000, latest loss 65.1854476928711
Finished epoch 76000, latest loss 24.913990020751953
Finished epoch 77000, latest loss 24.790441513061523
Finished epoch 78000, latest loss 25.682443618774414
Finished epoch 79000, latest loss 24.323755264282227
Finished epoch 80000, latest loss 35.877498626708984
Finished epoch 81000, latest loss 26.504350662231445
Finished epoch 82000, latest loss 23.704500198364258
Finished epoch 83000, latest loss 23.425430297851562
Finished epoch 84000, latest loss 23.84463882446289
Finished epoch 85000, latest loss 24.54570960998535
Finished epoch 86000, latest loss 75.50282287597656
Finished epoch 87000, latest loss 25.331748962402344
Finished epoch 88000, latest loss 22.345701217651367
Finished epoch 89000, latest loss 22.59686851501465
Finished epoch 90000, latest loss 22.85385513305664
Finished epoch 91000, latest loss 23.228090286254883
Finished epoch 92000, latest loss 20.845420837402344
Finished epoch 93000, latest loss 27.631637573242188
Finished epoch 94000, latest loss 21.804908752441406
Finished epoch 95000, latest loss 36.2569694519043
Finished epoch 96000, latest loss 20.402217864990234
Finished epoch 97000, latest loss 20.14693832397461
Finished epoch 98000, latest loss 37.29301452636719
Finished epoch 99000, latest loss 19.977867126464844
Finished epoch 100000, latest loss 21.238933563232422


Saving model


Finished epoch 1, latest loss 49152.14453125
Finished epoch 1000, latest loss 3843.678466796875
Finished epoch 2000, latest loss 2739.7041015625
Finished epoch 3000, latest loss 1988.5606689453125
Finished epoch 4000, latest loss 1192.294189453125
Finished epoch 5000, latest loss 955.0474243164062
Finished epoch 6000, latest loss 947.2420043945312
Finished epoch 7000, latest loss 940.8109130859375
Finished epoch 8000, latest loss 928.3496704101562
Finished epoch 9000, latest loss 876.1621704101562
Finished epoch 10000, latest loss 829.2123413085938
Finished epoch 11000, latest loss 784.726806640625
Finished epoch 12000, latest loss 750.688232421875
Finished epoch 13000, latest loss 705.029296875
Finished epoch 14000, latest loss 666.0075073242188
Finished epoch 15000, latest loss 621.5822143554688
Finished epoch 16000, latest loss 571.8583374023438
Finished epoch 17000, latest loss 516.1439819335938
Finished epoch 18000, latest loss 472.779541015625
Finished epoch 19000, latest loss 435.93096923828125
Finished epoch 20000, latest loss 404.2668762207031
Finished epoch 21000, latest loss 359.7905578613281
Finished epoch 22000, latest loss 321.75067138671875
Finished epoch 23000, latest loss 300.89874267578125
Finished epoch 24000, latest loss 259.4661560058594
Finished epoch 25000, latest loss 244.92608642578125
Finished epoch 26000, latest loss 251.62132263183594
Finished epoch 27000, latest loss 201.20875549316406
Finished epoch 28000, latest loss 177.7472686767578
Finished epoch 29000, latest loss 169.98960876464844
Finished epoch 30000, latest loss 142.61026000976562
Finished epoch 31000, latest loss 149.9080352783203
Finished epoch 32000, latest loss 142.56956481933594
Finished epoch 33000, latest loss 107.6479263305664
Finished epoch 34000, latest loss 116.6054916381836
Finished epoch 35000, latest loss 101.29358673095703
Finished epoch 36000, latest loss 147.69566345214844
Finished epoch 37000, latest loss 78.71333312988281
Finished epoch 38000, latest loss 90.71815490722656
Finished epoch 39000, latest loss 70.14566040039062
Finished epoch 40000, latest loss 64.29985046386719
Finished epoch 41000, latest loss 61.63145065307617
Finished epoch 42000, latest loss 87.8466567993164
Finished epoch 43000, latest loss 57.60618209838867
Finished epoch 44000, latest loss 66.71485137939453
Finished epoch 45000, latest loss 54.64125061035156
Finished epoch 46000, latest loss 72.4719009399414
Finished epoch 47000, latest loss 45.50306701660156
Finished epoch 48000, latest loss 42.94304275512695
Finished epoch 49000, latest loss 45.3415412902832
Finished epoch 50000, latest loss 40.500404357910156
Finished epoch 51000, latest loss 49.299503326416016
Finished epoch 52000, latest loss 40.702674865722656
Finished epoch 53000, latest loss 35.718360900878906
Finished epoch 54000, latest loss 34.38438415527344
Finished epoch 55000, latest loss 33.78451919555664
Finished epoch 56000, latest loss 84.8924789428711
Finished epoch 57000, latest loss 32.44676971435547
Finished epoch 58000, latest loss 131.917236328125
Finished epoch 59000, latest loss 30.077444076538086
Finished epoch 60000, latest loss 30.565263748168945
Finished epoch 61000, latest loss 35.18089294433594
Finished epoch 62000, latest loss 28.11971664428711
Finished epoch 63000, latest loss 28.633928298950195
Finished epoch 64000, latest loss 37.092769622802734
Finished epoch 65000, latest loss 26.645668029785156
Finished epoch 66000, latest loss 26.189775466918945
Finished epoch 67000, latest loss 26.048742294311523
Finished epoch 68000, latest loss 25.308639526367188
Finished epoch 69000, latest loss 26.2396183013916
Finished epoch 70000, latest loss 24.705358505249023
Finished epoch 71000, latest loss 37.7581787109375
Finished epoch 72000, latest loss 42.333335876464844
Finished epoch 73000, latest loss 38.261722564697266
Finished epoch 74000, latest loss 24.5513973236084
Finished epoch 75000, latest loss 23.571489334106445
Finished epoch 76000, latest loss 116.19851684570312
Finished epoch 77000, latest loss 24.260211944580078
Finished epoch 78000, latest loss 208.07537841796875
Finished epoch 79000, latest loss 23.523195266723633
Finished epoch 80000, latest loss 21.928647994995117
Finished epoch 81000, latest loss 25.40283203125
Finished epoch 82000, latest loss 23.292530059814453
Finished epoch 83000, latest loss 22.108781814575195
Finished epoch 84000, latest loss 27.330642700195312
Finished epoch 85000, latest loss 23.0741024017334
Finished epoch 86000, latest loss 29.424476623535156
Finished epoch 87000, latest loss 23.462543487548828
Finished epoch 88000, latest loss 20.600332260131836
Finished epoch 89000, latest loss 20.900983810424805
Finished epoch 90000, latest loss 21.877094268798828
Finished epoch 91000, latest loss 95.84890747070312
Finished epoch 92000, latest loss 20.146482467651367
Finished epoch 93000, latest loss 19.98324966430664
Finished epoch 94000, latest loss 183.67910766601562
Finished epoch 95000, latest loss 23.734712600708008
Finished epoch 96000, latest loss 19.901689529418945
Finished epoch 97000, latest loss 19.80369758605957
Finished epoch 98000, latest loss 64.66775512695312
Finished epoch 99000, latest loss 20.357852935791016
Finished epoch 100000, latest loss 19.892480850219727


Saving model


Finished epoch 1, latest loss 48943.640625
Finished epoch 1000, latest loss 3827.7080078125
Finished epoch 2000, latest loss 2740.0146484375
Finished epoch 3000, latest loss 1995.231201171875
Finished epoch 4000, latest loss 1126.4202880859375
Finished epoch 5000, latest loss 944.2391357421875
Finished epoch 6000, latest loss 908.6707763671875
Finished epoch 7000, latest loss 804.78125
Finished epoch 8000, latest loss 616.787353515625
Finished epoch 9000, latest loss 486.7256774902344
Finished epoch 10000, latest loss 382.6092529296875
Finished epoch 11000, latest loss 309.101806640625
Finished epoch 12000, latest loss 264.0402526855469
Finished epoch 13000, latest loss 215.97348022460938
Finished epoch 14000, latest loss 185.45355224609375
Finished epoch 15000, latest loss 164.87994384765625
Finished epoch 16000, latest loss 143.55746459960938
Finished epoch 17000, latest loss 125.37954711914062
Finished epoch 18000, latest loss 106.6671371459961
Finished epoch 19000, latest loss 105.88847351074219
Finished epoch 20000, latest loss 89.96797180175781
Finished epoch 21000, latest loss 86.23968505859375
Finished epoch 22000, latest loss 86.8614273071289
Finished epoch 23000, latest loss 78.56599426269531
Finished epoch 24000, latest loss 89.19597625732422
Finished epoch 25000, latest loss 69.17315673828125
Finished epoch 26000, latest loss 56.22103500366211
Finished epoch 27000, latest loss 52.4697380065918
Finished epoch 28000, latest loss 49.65971755981445
Finished epoch 29000, latest loss 63.27666091918945
Finished epoch 30000, latest loss 48.50349044799805
Finished epoch 31000, latest loss 44.449485778808594
Finished epoch 32000, latest loss 56.77615737915039
Finished epoch 33000, latest loss 39.79302215576172
Finished epoch 34000, latest loss 38.858619689941406
Finished epoch 35000, latest loss 40.36387634277344
Finished epoch 36000, latest loss 36.000221252441406
Finished epoch 37000, latest loss 34.8552131652832
Finished epoch 38000, latest loss 34.95246505737305
Finished epoch 39000, latest loss 32.710384368896484
Finished epoch 40000, latest loss 32.98163604736328
Finished epoch 41000, latest loss 53.018089294433594
Finished epoch 42000, latest loss 39.519798278808594
Finished epoch 43000, latest loss 35.2757568359375
Finished epoch 44000, latest loss 31.914731979370117
Finished epoch 45000, latest loss 28.671884536743164
Finished epoch 46000, latest loss 160.8111114501953
Finished epoch 47000, latest loss 27.945964813232422
Finished epoch 48000, latest loss 26.904752731323242
Finished epoch 49000, latest loss 75.36529541015625
Finished epoch 50000, latest loss 25.983495712280273
Finished epoch 51000, latest loss 25.50118637084961
Finished epoch 52000, latest loss 26.053022384643555
Finished epoch 53000, latest loss 24.630239486694336
Finished epoch 54000, latest loss 24.299638748168945
Finished epoch 55000, latest loss 26.056901931762695
Finished epoch 56000, latest loss 23.570266723632812
Finished epoch 57000, latest loss 23.234760284423828
Finished epoch 58000, latest loss 32.55781555175781
Finished epoch 59000, latest loss 22.962993621826172
Finished epoch 60000, latest loss 25.11870574951172
Finished epoch 61000, latest loss 22.18929672241211
Finished epoch 62000, latest loss 26.12160873413086
Finished epoch 63000, latest loss 29.70858383178711
Finished epoch 64000, latest loss 46.132179260253906
Finished epoch 65000, latest loss 22.566944122314453
Finished epoch 66000, latest loss 29.674123764038086
Finished epoch 67000, latest loss 20.748092651367188
Finished epoch 68000, latest loss 61.659690856933594
Finished epoch 69000, latest loss 20.348894119262695
Finished epoch 70000, latest loss 20.768033981323242
Finished epoch 71000, latest loss 20.283714294433594
Finished epoch 72000, latest loss 19.774866104125977
Finished epoch 73000, latest loss 19.664356231689453
Finished epoch 74000, latest loss 19.74274253845215
Finished epoch 75000, latest loss 24.573503494262695
Finished epoch 76000, latest loss 27.097923278808594
Finished epoch 77000, latest loss 22.62525177001953
Finished epoch 78000, latest loss 18.87425994873047
Finished epoch 79000, latest loss 19.241289138793945
Finished epoch 80000, latest loss 19.16931915283203
Finished epoch 81000, latest loss 21.795860290527344
Finished epoch 82000, latest loss 18.418519973754883
Finished epoch 83000, latest loss 18.447851181030273
Finished epoch 84000, latest loss 18.45047950744629
Finished epoch 85000, latest loss 18.397417068481445
Finished epoch 86000, latest loss 18.206867218017578
Finished epoch 87000, latest loss 17.985145568847656
Finished epoch 88000, latest loss 17.947917938232422
Finished epoch 89000, latest loss 48.00306701660156
Finished epoch 90000, latest loss 19.72452735900879
Finished epoch 91000, latest loss 17.382793426513672
Finished epoch 92000, latest loss 17.93686866760254
Finished epoch 93000, latest loss 17.598222732543945
Finished epoch 94000, latest loss 18.760211944580078
Finished epoch 95000, latest loss 103.40460968017578
Finished epoch 96000, latest loss 17.730566024780273
Finished epoch 97000, latest loss 16.983478546142578
Finished epoch 98000, latest loss 17.165525436401367
Finished epoch 99000, latest loss 24.950136184692383
Finished epoch 100000, latest loss 16.792200088500977


Saving model


Finished epoch 1, latest loss 48912.8984375
Finished epoch 1000, latest loss 3775.790283203125
Finished epoch 2000, latest loss 2026.4794921875
Finished epoch 3000, latest loss 2032.3397216796875
Finished epoch 4000, latest loss 1652.2518310546875
Finished epoch 5000, latest loss 944.75732421875
Finished epoch 6000, latest loss 913.1666259765625
Finished epoch 7000, latest loss 839.145751953125
Finished epoch 8000, latest loss 749.8052978515625
Finished epoch 9000, latest loss 677.4254150390625
Finished epoch 10000, latest loss 616.2603759765625
Finished epoch 11000, latest loss 563.4537353515625
Finished epoch 12000, latest loss 515.3341674804688
Finished epoch 13000, latest loss 473.3282775878906
Finished epoch 14000, latest loss 433.90460205078125
Finished epoch 15000, latest loss 408.5733642578125
Finished epoch 16000, latest loss 371.0630798339844
Finished epoch 17000, latest loss 341.1822204589844
Finished epoch 18000, latest loss 319.85906982421875
Finished epoch 19000, latest loss 315.61639404296875
Finished epoch 20000, latest loss 277.4992370605469
Finished epoch 21000, latest loss 260.649169921875
Finished epoch 22000, latest loss 244.06314086914062
Finished epoch 23000, latest loss 229.71009826660156
Finished epoch 24000, latest loss 217.52066040039062
Finished epoch 25000, latest loss 205.25816345214844
Finished epoch 26000, latest loss 195.35325622558594
Finished epoch 27000, latest loss 188.34051513671875
Finished epoch 28000, latest loss 174.84783935546875
Finished epoch 29000, latest loss 173.72686767578125
Finished epoch 30000, latest loss 160.24644470214844
Finished epoch 31000, latest loss 152.01808166503906
Finished epoch 32000, latest loss 149.93826293945312
Finished epoch 33000, latest loss 142.85227966308594
Finished epoch 34000, latest loss 134.5678253173828
Finished epoch 35000, latest loss 128.06765747070312
Finished epoch 36000, latest loss 121.65430450439453
Finished epoch 37000, latest loss 118.41068267822266
Finished epoch 38000, latest loss 120.74150085449219
Finished epoch 39000, latest loss 112.06053924560547
Finished epoch 40000, latest loss 117.16394805908203
Finished epoch 41000, latest loss 105.83056640625
Finished epoch 42000, latest loss 98.31922912597656
Finished epoch 43000, latest loss 95.60990142822266
Finished epoch 44000, latest loss 101.52505493164062
Finished epoch 45000, latest loss 91.90538024902344
Finished epoch 46000, latest loss 90.5655746459961
Finished epoch 47000, latest loss 97.71684265136719
Finished epoch 48000, latest loss 83.80032348632812
Finished epoch 49000, latest loss 82.96906280517578
Finished epoch 50000, latest loss 81.2073974609375
Finished epoch 51000, latest loss 98.90969848632812
Finished epoch 52000, latest loss 72.4397964477539
Finished epoch 53000, latest loss 71.93785858154297
Finished epoch 54000, latest loss 70.4300537109375
Finished epoch 55000, latest loss 68.03977966308594
Finished epoch 56000, latest loss 66.43834686279297
Finished epoch 57000, latest loss 93.85137939453125
Finished epoch 58000, latest loss 61.58555603027344
Finished epoch 59000, latest loss 60.669586181640625
Finished epoch 60000, latest loss 59.52493667602539
Finished epoch 61000, latest loss 58.07074737548828
Finished epoch 62000, latest loss 73.05911254882812
Finished epoch 63000, latest loss 56.512691497802734
Finished epoch 64000, latest loss 55.20441436767578
Finished epoch 65000, latest loss 63.45888137817383
Finished epoch 66000, latest loss 66.2476577758789
Finished epoch 67000, latest loss 63.72114181518555
Finished epoch 68000, latest loss 54.59247589111328
Finished epoch 69000, latest loss 56.485076904296875
Finished epoch 70000, latest loss 50.880313873291016
Finished epoch 71000, latest loss 53.060699462890625
Finished epoch 72000, latest loss 46.34409713745117
Finished epoch 73000, latest loss 65.97171020507812
Finished epoch 74000, latest loss 48.38242721557617
Finished epoch 75000, latest loss 47.654361724853516
Finished epoch 76000, latest loss 43.716522216796875
Finished epoch 77000, latest loss 66.79407501220703
Finished epoch 78000, latest loss 42.32793045043945
Finished epoch 79000, latest loss 42.969482421875
Finished epoch 80000, latest loss 41.317413330078125
Finished epoch 81000, latest loss 43.962806701660156
Finished epoch 82000, latest loss 50.392127990722656
Finished epoch 83000, latest loss 63.632816314697266
Finished epoch 84000, latest loss 39.87699890136719
Finished epoch 85000, latest loss 38.06864929199219
Finished epoch 86000, latest loss 68.46086120605469
Finished epoch 87000, latest loss 39.848060607910156
Finished epoch 88000, latest loss 39.88270568847656
Finished epoch 89000, latest loss 88.70909118652344
Finished epoch 90000, latest loss 52.143402099609375
Finished epoch 91000, latest loss 36.99464416503906
Finished epoch 92000, latest loss 36.81389617919922
Finished epoch 93000, latest loss 48.837432861328125
Finished epoch 94000, latest loss 39.35967254638672
Finished epoch 95000, latest loss 34.436500549316406
Finished epoch 96000, latest loss 57.766300201416016
Finished epoch 97000, latest loss 35.0682487487793
Finished epoch 98000, latest loss 34.560306549072266
Finished epoch 99000, latest loss 33.968963623046875
Finished epoch 100000, latest loss 32.86554718017578


Saving model


Training set size: 25600
Training error 1: 9.790390 ± 3.292859
Training error 2: 2053.770627 ± 89.576406
Test error: 2245.369404 ± 126.844466

Finished epoch 1, latest loss 49167.64453125
Finished epoch 1000, latest loss 3797.092529296875
Finished epoch 2000, latest loss 2019.2752685546875
Finished epoch 3000, latest loss 1599.0986328125
Finished epoch 4000, latest loss 957.4989013671875
Finished epoch 5000, latest loss 956.3976440429688
Finished epoch 6000, latest loss 919.2329711914062
Finished epoch 7000, latest loss 822.9508666992188
Finished epoch 8000, latest loss 733.1542358398438
Finished epoch 9000, latest loss 650.9677734375
Finished epoch 10000, latest loss 595.6832885742188
Finished epoch 11000, latest loss 546.2542724609375
Finished epoch 12000, latest loss 512.3294677734375
Finished epoch 13000, latest loss 489.10211181640625
Finished epoch 14000, latest loss 463.2215881347656
Finished epoch 15000, latest loss 423.9769287109375
Finished epoch 16000, latest loss 400.9698181152344
Finished epoch 17000, latest loss 384.12054443359375
Finished epoch 18000, latest loss 366.6204833984375
Finished epoch 19000, latest loss 342.82391357421875
Finished epoch 20000, latest loss 334.31903076171875
Finished epoch 21000, latest loss 317.4019775390625
Finished epoch 22000, latest loss 317.3934631347656
Finished epoch 23000, latest loss 288.2226257324219
Finished epoch 24000, latest loss 276.1846008300781
Finished epoch 25000, latest loss 270.392578125
Finished epoch 26000, latest loss 257.2838134765625
Finished epoch 27000, latest loss 241.94691467285156
Finished epoch 28000, latest loss 229.7794189453125
Finished epoch 29000, latest loss 230.52296447753906
Finished epoch 30000, latest loss 220.76919555664062
Finished epoch 31000, latest loss 207.85630798339844
Finished epoch 32000, latest loss 206.64492797851562
Finished epoch 33000, latest loss 197.88197326660156
Finished epoch 34000, latest loss 183.2587890625
Finished epoch 35000, latest loss 184.9890594482422
Finished epoch 36000, latest loss 188.24160766601562
Finished epoch 37000, latest loss 175.0454559326172
Finished epoch 38000, latest loss 160.78285217285156
Finished epoch 39000, latest loss 157.2283477783203
Finished epoch 40000, latest loss 163.9254913330078
Finished epoch 41000, latest loss 150.14109802246094
Finished epoch 42000, latest loss 141.45361328125
Finished epoch 43000, latest loss 145.14500427246094
Finished epoch 44000, latest loss 146.1984100341797
Finished epoch 45000, latest loss 137.69415283203125
Finished epoch 46000, latest loss 126.95104217529297
Finished epoch 47000, latest loss 128.84471130371094
Finished epoch 48000, latest loss 133.20896911621094
Finished epoch 49000, latest loss 122.92179870605469
Finished epoch 50000, latest loss 116.18968963623047
Finished epoch 51000, latest loss 120.91571044921875
Finished epoch 52000, latest loss 114.29735565185547
Finished epoch 53000, latest loss 110.36466979980469
Finished epoch 54000, latest loss 105.68041229248047
Finished epoch 55000, latest loss 109.6509780883789
Finished epoch 56000, latest loss 103.10891723632812
Finished epoch 57000, latest loss 99.50275421142578
Finished epoch 58000, latest loss 99.55790710449219
Finished epoch 59000, latest loss 99.56179809570312
Finished epoch 60000, latest loss 97.34062194824219
Finished epoch 61000, latest loss 98.06433868408203
Finished epoch 62000, latest loss 88.74008178710938
Finished epoch 63000, latest loss 93.1288833618164
Finished epoch 64000, latest loss 88.43236541748047
Finished epoch 65000, latest loss 86.6817398071289
Finished epoch 66000, latest loss 84.10477447509766
Finished epoch 67000, latest loss 83.71070098876953
Finished epoch 68000, latest loss 88.79779052734375
Finished epoch 69000, latest loss 80.87361145019531
Finished epoch 70000, latest loss 84.13246154785156
Finished epoch 71000, latest loss 79.2940673828125
Finished epoch 72000, latest loss 79.35735321044922
Finished epoch 73000, latest loss 96.62666320800781
Finished epoch 74000, latest loss 73.22050476074219
Finished epoch 75000, latest loss 75.38457489013672
Finished epoch 76000, latest loss 74.63678741455078
Finished epoch 77000, latest loss 71.86689758300781
Finished epoch 78000, latest loss 73.8509292602539
Finished epoch 79000, latest loss 70.87584686279297
Finished epoch 80000, latest loss 67.80664825439453
Finished epoch 81000, latest loss 66.893310546875
Finished epoch 82000, latest loss 68.53856658935547
Finished epoch 83000, latest loss 90.7395248413086
Finished epoch 84000, latest loss 65.30490112304688
Finished epoch 85000, latest loss 64.22270965576172
Finished epoch 86000, latest loss 72.9168472290039
Finished epoch 87000, latest loss 62.87567901611328
Finished epoch 88000, latest loss 67.89630889892578
Finished epoch 89000, latest loss 61.949867248535156
Finished epoch 90000, latest loss 83.16573333740234
Finished epoch 91000, latest loss 62.68235397338867
Finished epoch 92000, latest loss 93.36601257324219
Finished epoch 93000, latest loss 64.99263763427734
Finished epoch 94000, latest loss 101.72952270507812
Finished epoch 95000, latest loss 61.78548812866211
Finished epoch 96000, latest loss 58.05207824707031
Finished epoch 97000, latest loss 57.887081146240234
Finished epoch 98000, latest loss 57.49761199951172
Finished epoch 99000, latest loss 65.43548583984375
Finished epoch 100000, latest loss 56.45640563964844


Saving model


Finished epoch 1, latest loss 49152.30078125
Finished epoch 1000, latest loss 3768.8232421875
Finished epoch 2000, latest loss 1994.05810546875
Finished epoch 3000, latest loss 1970.0628662109375
Finished epoch 4000, latest loss 2016.6422119140625
Finished epoch 5000, latest loss 2014.912841796875
Finished epoch 6000, latest loss 2014.2144775390625
Finished epoch 7000, latest loss 951.5028076171875
Finished epoch 8000, latest loss 944.4073486328125
Finished epoch 9000, latest loss 931.681396484375
Finished epoch 10000, latest loss 892.8326416015625
Finished epoch 11000, latest loss 850.971435546875
Finished epoch 12000, latest loss 810.26025390625
Finished epoch 13000, latest loss 779.9674072265625
Finished epoch 14000, latest loss 758.4840698242188
Finished epoch 15000, latest loss 738.6585693359375
Finished epoch 16000, latest loss 717.0326538085938
Finished epoch 17000, latest loss 705.0415649414062
Finished epoch 18000, latest loss 684.9060668945312
Finished epoch 19000, latest loss 667.4564208984375
Finished epoch 20000, latest loss 654.6046752929688
Finished epoch 21000, latest loss 638.1375122070312
Finished epoch 22000, latest loss 621.8696899414062
Finished epoch 23000, latest loss 606.4171752929688
Finished epoch 24000, latest loss 590.5480346679688
Finished epoch 25000, latest loss 576.7896118164062
Finished epoch 26000, latest loss 567.777587890625
Finished epoch 27000, latest loss 560.681884765625
Finished epoch 28000, latest loss 539.2182006835938
Finished epoch 29000, latest loss 535.7896728515625
Finished epoch 30000, latest loss 515.6897583007812
Finished epoch 31000, latest loss 504.1093444824219
Finished epoch 32000, latest loss 495.669677734375
Finished epoch 33000, latest loss 481.74041748046875
Finished epoch 34000, latest loss 472.8719482421875
Finished epoch 35000, latest loss 464.1011047363281
Finished epoch 36000, latest loss 453.5408935546875
Finished epoch 37000, latest loss 446.662109375
Finished epoch 38000, latest loss 438.408447265625
Finished epoch 39000, latest loss 434.85125732421875
Finished epoch 40000, latest loss 430.8254699707031
Finished epoch 41000, latest loss 413.6534423828125
Finished epoch 42000, latest loss 405.73492431640625
Finished epoch 43000, latest loss 402.1003112792969
Finished epoch 44000, latest loss 392.753662109375
Finished epoch 45000, latest loss 395.86749267578125
Finished epoch 46000, latest loss 383.50811767578125
Finished epoch 47000, latest loss 373.0185852050781
Finished epoch 48000, latest loss 372.0216369628906
Finished epoch 49000, latest loss 363.7035217285156
Finished epoch 50000, latest loss 358.7178955078125
Finished epoch 51000, latest loss 353.2020263671875
Finished epoch 52000, latest loss 345.3485107421875
Finished epoch 53000, latest loss 342.0994873046875
Finished epoch 54000, latest loss 335.7513427734375
Finished epoch 55000, latest loss 347.89288330078125
Finished epoch 56000, latest loss 344.59649658203125
Finished epoch 57000, latest loss 354.17022705078125
Finished epoch 58000, latest loss 315.9568786621094
Finished epoch 59000, latest loss 314.7129211425781
Finished epoch 60000, latest loss 306.5514831542969
Finished epoch 61000, latest loss 309.9820861816406
Finished epoch 62000, latest loss 301.71209716796875
Finished epoch 63000, latest loss 295.1214599609375
Finished epoch 64000, latest loss 294.693359375
Finished epoch 65000, latest loss 295.28662109375
Finished epoch 66000, latest loss 290.59063720703125
Finished epoch 67000, latest loss 279.974853515625
Finished epoch 68000, latest loss 276.7400817871094
Finished epoch 69000, latest loss 275.9007873535156
Finished epoch 70000, latest loss 274.989013671875
Finished epoch 71000, latest loss 268.0406494140625
Finished epoch 72000, latest loss 261.9461975097656
Finished epoch 73000, latest loss 263.59735107421875
Finished epoch 74000, latest loss 296.2121887207031
Finished epoch 75000, latest loss 255.15805053710938
Finished epoch 76000, latest loss 250.91526794433594
Finished epoch 77000, latest loss 256.862548828125
Finished epoch 78000, latest loss 250.29637145996094
Finished epoch 79000, latest loss 248.12940979003906
Finished epoch 80000, latest loss 247.98240661621094
Finished epoch 81000, latest loss 244.8272247314453
Finished epoch 82000, latest loss 236.68199157714844
Finished epoch 83000, latest loss 239.7251434326172
Finished epoch 84000, latest loss 228.96249389648438
Finished epoch 85000, latest loss 233.23858642578125
Finished epoch 86000, latest loss 227.5567626953125
Finished epoch 87000, latest loss 253.18179321289062
Finished epoch 88000, latest loss 222.89385986328125
Finished epoch 89000, latest loss 221.4970245361328
Finished epoch 90000, latest loss 222.6498565673828
Finished epoch 91000, latest loss 222.63018798828125
Finished epoch 92000, latest loss 218.22335815429688
Finished epoch 93000, latest loss 214.25921630859375
Finished epoch 94000, latest loss 216.20555114746094
Finished epoch 95000, latest loss 211.10830688476562
Finished epoch 96000, latest loss 203.4686737060547
Finished epoch 97000, latest loss 207.6209716796875
Finished epoch 98000, latest loss 210.67076110839844
Finished epoch 99000, latest loss 204.16030883789062
Finished epoch 100000, latest loss 202.22019958496094


Saving model


Finished epoch 1, latest loss 49173.98828125
Finished epoch 1000, latest loss 3786.43505859375
Finished epoch 2000, latest loss 2686.6650390625
Finished epoch 3000, latest loss 1971.39501953125
Finished epoch 4000, latest loss 949.446044921875
Finished epoch 5000, latest loss 930.299072265625
Finished epoch 6000, latest loss 919.971435546875
Finished epoch 7000, latest loss 852.2429809570312
Finished epoch 8000, latest loss 731.463134765625
Finished epoch 9000, latest loss 633.4368286132812
Finished epoch 10000, latest loss 560.77734375
Finished epoch 11000, latest loss 508.91192626953125
Finished epoch 12000, latest loss 461.162353515625
Finished epoch 13000, latest loss 409.5128173828125
Finished epoch 14000, latest loss 377.8543701171875
Finished epoch 15000, latest loss 343.92108154296875
Finished epoch 16000, latest loss 322.00213623046875
Finished epoch 17000, latest loss 302.4205017089844
Finished epoch 18000, latest loss 283.3565368652344
Finished epoch 19000, latest loss 269.379150390625
Finished epoch 20000, latest loss 255.24143981933594
Finished epoch 21000, latest loss 236.98568725585938
Finished epoch 22000, latest loss 232.42413330078125
Finished epoch 23000, latest loss 230.66078186035156
Finished epoch 24000, latest loss 207.96434020996094
Finished epoch 25000, latest loss 200.4141387939453
Finished epoch 26000, latest loss 189.26498413085938
Finished epoch 27000, latest loss 183.16908264160156
Finished epoch 28000, latest loss 174.22198486328125
Finished epoch 29000, latest loss 171.00650024414062
Finished epoch 30000, latest loss 180.45147705078125
Finished epoch 31000, latest loss 161.4390411376953
Finished epoch 32000, latest loss 157.09844970703125
Finished epoch 33000, latest loss 153.13217163085938
Finished epoch 34000, latest loss 153.82289123535156
Finished epoch 35000, latest loss 165.3760986328125
Finished epoch 36000, latest loss 135.5326385498047
Finished epoch 37000, latest loss 142.4068603515625
Finished epoch 38000, latest loss 128.45230102539062
Finished epoch 39000, latest loss 124.56683349609375
Finished epoch 40000, latest loss 120.67138671875
Finished epoch 41000, latest loss 132.23167419433594
Finished epoch 42000, latest loss 114.16630554199219
Finished epoch 43000, latest loss 137.8148651123047
Finished epoch 44000, latest loss 108.3482437133789
Finished epoch 45000, latest loss 108.50216674804688
Finished epoch 46000, latest loss 103.6043472290039
Finished epoch 47000, latest loss 102.95153045654297
Finished epoch 48000, latest loss 99.24832916259766
Finished epoch 49000, latest loss 98.06695556640625
Finished epoch 50000, latest loss 106.20178985595703
Finished epoch 51000, latest loss 94.19586181640625
Finished epoch 52000, latest loss 91.15032958984375
Finished epoch 53000, latest loss 112.12570190429688
Finished epoch 54000, latest loss 88.28469848632812
Finished epoch 55000, latest loss 87.08770751953125
Finished epoch 56000, latest loss 85.327392578125
Finished epoch 57000, latest loss 82.27622985839844
Finished epoch 58000, latest loss 97.35392761230469
Finished epoch 59000, latest loss 80.33457946777344
Finished epoch 60000, latest loss 93.33806610107422
Finished epoch 61000, latest loss 79.5002670288086
Finished epoch 62000, latest loss 101.18160247802734
Finished epoch 63000, latest loss 83.9754409790039
Finished epoch 64000, latest loss 75.39006805419922
Finished epoch 65000, latest loss 84.74642944335938
Finished epoch 66000, latest loss 72.51371002197266
Finished epoch 67000, latest loss 70.35216522216797
Finished epoch 68000, latest loss 82.9665756225586
Finished epoch 69000, latest loss 70.78707885742188
Finished epoch 70000, latest loss 73.99964904785156
Finished epoch 71000, latest loss 143.90599060058594
Finished epoch 72000, latest loss 69.48563385009766
Finished epoch 73000, latest loss 78.79623413085938
Finished epoch 74000, latest loss 70.44194793701172
Finished epoch 75000, latest loss 65.9713363647461
Finished epoch 76000, latest loss 80.9684066772461
Finished epoch 77000, latest loss 99.21720886230469
Finished epoch 78000, latest loss 86.13922119140625
Finished epoch 79000, latest loss 85.56964874267578
Finished epoch 80000, latest loss 73.59130096435547
Finished epoch 81000, latest loss 60.98418045043945
Finished epoch 82000, latest loss 70.83335876464844
Finished epoch 83000, latest loss 57.82204055786133
Finished epoch 84000, latest loss 70.295654296875
Finished epoch 85000, latest loss 57.19990158081055
Finished epoch 86000, latest loss 57.23934555053711
Finished epoch 87000, latest loss 59.148712158203125
Finished epoch 88000, latest loss 99.52947235107422
Finished epoch 89000, latest loss 55.26604461669922
Finished epoch 90000, latest loss 58.23448181152344
Finished epoch 91000, latest loss 54.327144622802734
Finished epoch 92000, latest loss 55.142364501953125
Finished epoch 93000, latest loss 54.678924560546875
Finished epoch 94000, latest loss 59.4106330871582
slurmstepd: error: *** STEP 9540673.0 ON awi23 CANCELLED AT 2024-02-23T09:31:28 DUE TO TIME LIMIT ***
srun: Job step aborted: Waiting up to 32 seconds for job step to finish.
slurmstepd: error: *** JOB 9540673 ON awi23 CANCELLED AT 2024-02-23T09:31:28 DUE TO TIME LIMIT ***
