JobId=8593451 JobName=parametrized_frozenlake_dataset.sbatch
   UserId=koner(565562) GroupId=domain users(100513) MCS_label=N/A
   Priority=18701492 Nice=0 Account=ewi-insy-ii-influence QOS=medium
   JobState=RUNNING Reason=None Dependency=(null)
   Requeue=0 Restarts=0 BatchFlag=1 Reboot=0 ExitCode=0:0
   DerivedExitCode=0:0
   RunTime=00:00:01 TimeLimit=06:00:00 TimeMin=N/A
   SubmitTime=2023-07-18T23:36:50 EligibleTime=2023-07-18T23:36:50
   AccrueTime=2023-07-18T23:36:50
   StartTime=2023-07-18T23:36:57 EndTime=2023-07-19T05:36:57 Deadline=N/A
   SuspendTime=None SecsPreSuspend=0 LastSchedEval=2023-07-18T23:36:57 Scheduler=Backfill
   Partition=general AllocNode:Sid=login1:8785
   ReqNodeList=(null) ExcNodeList=(null)
   NodeList=grs1
   BatchHost=grs1
   NumNodes=1 NumCPUs=10 NumTasks=10 CPUs/Task=1 ReqB:S:C:T=0:0:*:*
   TRES=cpu=10,mem=850M,node=1,billing=5
   Socks/Node=* NtasksPerN:B:S:C=0:0:*:* CoreSpec=*
   JOB_GRES=(null)
     Nodes=grs1 CPU_IDs=12-15,20-21,24-27 Mem=850 GRES=
   MinCPUsNode=1 MinMemoryCPU=85M MinTmpDiskNode=0
   Features=(null) DelayBoot=00:00:00
   OverSubscribe=OK Contiguous=0 Licenses=(null) Network=(null)
   Command=/winhome/koner/Desktop/MCTS-Time-Management/jobscripts/parametrized_frozenlake_dataset.sbatch
   WorkDir=/winhome/koner/Desktop/MCTS-Time-Management/jobscripts
   StdErr=/winhome/koner/Desktop/MCTS-Time-Management/jobscripts/slurm-8593451.out
   StdIn=/dev/null
   StdOut=/winhome/koner/Desktop/MCTS-Time-Management/jobscripts/slurm-8593451.out
   Power=
   MailUser=koner MailType=END
   

srun: Job 8593451 step creation temporarily disabled, retrying (Requested nodes are busy)
srun: Job 8593451 step creation temporarily disabled, retrying (Requested nodes are busy)
srun: Job 8593451 step creation temporarily disabled, retrying (Requested nodes are busy)
srun: Job 8593451 step creation temporarily disabled, retrying (Requested nodes are busy)
srun: Job 8593451 step creation temporarily disabled, retrying (Requested nodes are busy)
srun: Job 8593451 step creation still disabled, retrying (Requested nodes are busy)
srun: Job 8593451 step creation still disabled, retrying (Requested nodes are busy)
srun: Job 8593451 step creation still disabled, retrying (Requested nodes are busy)
srun: Job 8593451 step creation still disabled, retrying (Requested nodes are busy)
srun: Job 8593451 step creation still disabled, retrying (Requested nodes are busy)
srun: Job 8593451 step creation still disabled, retrying (Requested nodes are busy)
srun: Job 8593451 step creation still disabled, retrying (Requested nodes are busy)
srun: Job 8593451 step creation still disabled, retrying (Requested nodes are busy)
srun: Job 8593451 step creation still disabled, retrying (Requested nodes are busy)
srun: Job 8593451 step creation still disabled, retrying (Requested nodes are busy)
srun: Job 8593451 step creation still disabled, retrying (Requested nodes are busy)
srun: Job 8593451 step creation still disabled, retrying (Requested nodes are busy)
srun: Job 8593451 step creation still disabled, retrying (Requested nodes are busy)
srun: Job 8593451 step creation still disabled, retrying (Requested nodes are busy)
srun: Job 8593451 step creation still disabled, retrying (Requested nodes are busy)
srun: Job 8593451 step creation still disabled, retrying (Requested nodes are busy)
srun: Job 8593451 step creation still disabled, retrying (Requested nodes are busy)
srun: Job 8593451 step creation still disabled, retrying (Requested nodes are busy)
srun: Job 8593451 step creation still disabled, retrying (Requested nodes are busy)
srun: Job 8593451 step creation still disabled, retrying (Requested nodes are busy)
srun: Job 8593451 step creation still disabled, retrying (Requested nodes are busy)
srun: Job 8593451 step creation still disabled, retrying (Requested nodes are busy)
srun: Job 8593451 step creation still disabled, retrying (Requested nodes are busy)
srun: Job 8593451 step creation still disabled, retrying (Requested nodes are busy)
srun: Job 8593451 step creation still disabled, retrying (Requested nodes are busy)
srun: Job 8593451 step creation still disabled, retrying (Requested nodes are busy)
srun: Job 8593451 step creation still disabled, retrying (Requested nodes are busy)
srun: Job 8593451 step creation still disabled, retrying (Requested nodes are busy)
srun: Job 8593451 step creation still disabled, retrying (Requested nodes are busy)
srun: Job 8593451 step creation still disabled, retrying (Requested nodes are busy)
srun: Job 8593451 step creation still disabled, retrying (Requested nodes are busy)
srun: Job 8593451 step creation still disabled, retrying (Requested nodes are busy)
srun: Job 8593451 step creation still disabled, retrying (Requested nodes are busy)
srun: Job 8593451 step creation still disabled, retrying (Requested nodes are busy)
srun: Job 8593451 step creation still disabled, retrying (Requested nodes are busy)
srun: Job 8593451 step creation still disabled, retrying (Requested nodes are busy)
srun: Job 8593451 step creation still disabled, retrying (Requested nodes are busy)
srun: Job 8593451 step creation still disabled, retrying (Requested nodes are busy)
srun: Job 8593451 step creation still disabled, retrying (Requested nodes are busy)
srun: Job 8593451 step creation still disabled, retrying (Requested nodes are busy)
srun: Job 8593451 step creation still disabled, retrying (Requested nodes are busy)
srun: Job 8593451 step creation still disabled, retrying (Requested nodes are busy)
srun: Job 8593451 step creation still disabled, retrying (Requested nodes are busy)
srun: Job 8593451 step creation still disabled, retrying (Requested nodes are busy)
srun: Job 8593451 step creation still disabled, retrying (Requested nodes are busy)
srun: Job 8593451 step creation still disabled, retrying (Requested nodes are busy)
srun: Job 8593451 step creation still disabled, retrying (Requested nodes are busy)
srun: Job 8593451 step creation still disabled, retrying (Requested nodes are busy)
srun: Job 8593451 step creation still disabled, retrying (Requested nodes are busy)
srun: Job 8593451 step creation still disabled, retrying (Requested nodes are busy)
srun: Job 8593451 step creation still disabled, retrying (Requested nodes are busy)
srun: Job 8593451 step creation still disabled, retrying (Requested nodes are busy)
srun: Job 8593451 step creation still disabled, retrying (Requested nodes are busy)
srun: Job 8593451 step creation still disabled, retrying (Requested nodes are busy)
srun: Job 8593451 step creation still disabled, retrying (Requested nodes are busy)
srun: Job 8593451 step creation still disabled, retrying (Requested nodes are busy)
srun: Job 8593451 step creation still disabled, retrying (Requested nodes are busy)
srun: Job 8593451 step creation still disabled, retrying (Requested nodes are busy)
srun: Job 8593451 step creation still disabled, retrying (Requested nodes are busy)
srun: Job 8593451 step creation still disabled, retrying (Requested nodes are busy)
srun: Job 8593451 step creation still disabled, retrying (Requested nodes are busy)
srun: Job 8593451 step creation still disabled, retrying (Requested nodes are busy)
srun: Job 8593451 step creation still disabled, retrying (Requested nodes are busy)
srun: Job 8593451 step creation still disabled, retrying (Requested nodes are busy)
srun: Job 8593451 step creation still disabled, retrying (Requested nodes are busy)
srun: Job 8593451 step creation still disabled, retrying (Requested nodes are busy)
srun: Job 8593451 step creation still disabled, retrying (Requested nodes are busy)
srun: Job 8593451 step creation still disabled, retrying (Requested nodes are busy)
srun: Job 8593451 step creation still disabled, retrying (Requested nodes are busy)
srun: Job 8593451 step creation still disabled, retrying (Requested nodes are busy)
srun: Job 8593451 step creation still disabled, retrying (Requested nodes are busy)
srun: Job 8593451 step creation still disabled, retrying (Requested nodes are busy)
srun: Job 8593451 step creation still disabled, retrying (Requested nodes are busy)
srun: Job 8593451 step creation still disabled, retrying (Requested nodes are busy)
srun: Job 8593451 step creation still disabled, retrying (Requested nodes are busy)
srun: Job 8593451 step creation still disabled, retrying (Requested nodes are busy)
srun: Job 8593451 step creation still disabled, retrying (Requested nodes are busy)
srun: Job 8593451 step creation still disabled, retrying (Requested nodes are busy)
srun: Job 8593451 step creation still disabled, retrying (Requested nodes are busy)
srun: Job 8593451 step creation still disabled, retrying (Requested nodes are busy)
srun: Job 8593451 step creation still disabled, retrying (Requested nodes are busy)
srun: Job 8593451 step creation still disabled, retrying (Requested nodes are busy)
srun: Job 8593451 step creation still disabled, retrying (Requested nodes are busy)
srun: Job 8593451 step creation still disabled, retrying (Requested nodes are busy)
srun: Job 8593451 step creation still disabled, retrying (Requested nodes are busy)
srun: Job 8593451 step creation still disabled, retrying (Requested nodes are busy)
srun: Job 8593451 step creation still disabled, retrying (Requested nodes are busy)
srun: Job 8593451 step creation still disabled, retrying (Requested nodes are busy)
srun: Job 8593451 step creation still disabled, retrying (Requested nodes are busy)
srun: Job 8593451 step creation still disabled, retrying (Requested nodes are busy)
srun: Job 8593451 step creation still disabled, retrying (Requested nodes are busy)
srun: Job 8593451 step creation still disabled, retrying (Requested nodes are busy)
srun: Job 8593451 step creation still disabled, retrying (Requested nodes are busy)
srun: Job 8593451 step creation still disabled, retrying (Requested nodes are busy)
srun: Job 8593451 step creation still disabled, retrying (Requested nodes are busy)
srun: Job 8593451 step creation still disabled, retrying (Requested nodes are busy)
srun: Job 8593451 step creation still disabled, retrying (Requested nodes are busy)
srun: Job 8593451 step creation still disabled, retrying (Requested nodes are busy)
srun: Job 8593451 step creation still disabled, retrying (Requested nodes are busy)
srun: Job 8593451 step creation still disabled, retrying (Requested nodes are busy)
srun: Job 8593451 step creation still disabled, retrying (Requested nodes are busy)
srun: Job 8593451 step creation still disabled, retrying (Requested nodes are busy)
srun: Job 8593451 step creation still disabled, retrying (Requested nodes are busy)
srun: Job 8593451 step creation still disabled, retrying (Requested nodes are busy)
srun: Job 8593451 step creation still disabled, retrying (Requested nodes are busy)
srun: Job 8593451 step creation still disabled, retrying (Requested nodes are busy)
srun: Job 8593451 step creation still disabled, retrying (Requested nodes are busy)
srun: Job 8593451 step creation still disabled, retrying (Requested nodes are busy)
srun: Job 8593451 step creation still disabled, retrying (Requested nodes are busy)
srun: Job 8593451 step creation still disabled, retrying (Requested nodes are busy)
srun: Job 8593451 step creation still disabled, retrying (Requested nodes are busy)
srun: Job 8593451 step creation still disabled, retrying (Requested nodes are busy)
srun: Job 8593451 step creation still disabled, retrying (Requested nodes are busy)
srun: Job 8593451 step creation still disabled, retrying (Requested nodes are busy)
srun: Job 8593451 step creation still disabled, retrying (Requested nodes are busy)
srun: Job 8593451 step creation still disabled, retrying (Requested nodes are busy)
srun: Job 8593451 step creation still disabled, retrying (Requested nodes are busy)
srun: Job 8593451 step creation still disabled, retrying (Requested nodes are busy)
srun: Job 8593451 step creation still disabled, retrying (Requested nodes are busy)
srun: Job 8593451 step creation still disabled, retrying (Requested nodes are busy)
srun: Job 8593451 step creation still disabled, retrying (Requested nodes are busy)
srun: Job 8593451 step creation still disabled, retrying (Requested nodes are busy)
srun: Job 8593451 step creation still disabled, retrying (Requested nodes are busy)
srun: Job 8593451 step creation still disabled, retrying (Requested nodes are busy)
srun: Job 8593451 step creation still disabled, retrying (Requested nodes are busy)
srun: Job 8593451 step creation still disabled, retrying (Requested nodes are busy)
srun: Job 8593451 step creation still disabled, retrying (Requested nodes are busy)
srun: Job 8593451 step creation still disabled, retrying (Requested nodes are busy)
srun: Job 8593451 step creation still disabled, retrying (Requested nodes are busy)
srun: Job 8593451 step creation still disabled, retrying (Requested nodes are busy)
srun: Job 8593451 step creation still disabled, retrying (Requested nodes are busy)
srun: Job 8593451 step creation still disabled, retrying (Requested nodes are busy)
srun: Job 8593451 step creation still disabled, retrying (Requested nodes are busy)
srun: Job 8593451 step creation still disabled, retrying (Requested nodes are busy)
srun: Job 8593451 step creation still disabled, retrying (Requested nodes are busy)
srun: Job 8593451 step creation still disabled, retrying (Requested nodes are busy)
srun: Job 8593451 step creation still disabled, retrying (Requested nodes are busy)
srun: Job 8593451 step creation still disabled, retrying (Requested nodes are busy)
srun: Job 8593451 step creation still disabled, retrying (Requested nodes are busy)
srun: Job 8593451 step creation still disabled, retrying (Requested nodes are busy)
srun: Job 8593451 step creation still disabled, retrying (Requested nodes are busy)
srun: Job 8593451 step creation still disabled, retrying (Requested nodes are busy)
srun: Job 8593451 step creation still disabled, retrying (Requested nodes are busy)
srun: Job 8593451 step creation still disabled, retrying (Requested nodes are busy)
srun: Job 8593451 step creation still disabled, retrying (Requested nodes are busy)
srun: Job 8593451 step creation still disabled, retrying (Requested nodes are busy)
srun: Job 8593451 step creation still disabled, retrying (Requested nodes are busy)
srun: Job 8593451 step creation still disabled, retrying (Requested nodes are busy)
srun: Job 8593451 step creation still disabled, retrying (Requested nodes are busy)
srun: Job 8593451 step creation still disabled, retrying (Requested nodes are busy)
srun: Job 8593451 step creation still disabled, retrying (Requested nodes are busy)
srun: Job 8593451 step creation still disabled, retrying (Requested nodes are busy)
srun: Job 8593451 step creation still disabled, retrying (Requested nodes are busy)
srun: Job 8593451 step creation still disabled, retrying (Requested nodes are busy)
srun: Job 8593451 step creation still disabled, retrying (Requested nodes are busy)
srun: Job 8593451 step creation still disabled, retrying (Requested nodes are busy)
srun: Job 8593451 step creation still disabled, retrying (Requested nodes are busy)
srun: Job 8593451 step creation still disabled, retrying (Requested nodes are busy)
srun: Job 8593451 step creation still disabled, retrying (Requested nodes are busy)
srun: Job 8593451 step creation still disabled, retrying (Requested nodes are busy)
srun: Job 8593451 step creation still disabled, retrying (Requested nodes are busy)
srun: Job 8593451 step creation still disabled, retrying (Requested nodes are busy)
srun: Job 8593451 step creation still disabled, retrying (Requested nodes are busy)
srun: Job 8593451 step creation still disabled, retrying (Requested nodes are busy)
srun: Job 8593451 step creation still disabled, retrying (Requested nodes are busy)
srun: Job 8593451 step creation still disabled, retrying (Requested nodes are busy)
srun: Job 8593451 step creation still disabled, retrying (Requested nodes are busy)
srun: Job 8593451 step creation still disabled, retrying (Requested nodes are busy)
srun: Job 8593451 step creation still disabled, retrying (Requested nodes are busy)
srun: Job 8593451 step creation still disabled, retrying (Requested nodes are busy)
srun: Job 8593451 step creation still disabled, retrying (Requested nodes are busy)
srun: Job 8593451 step creation still disabled, retrying (Requested nodes are busy)
srun: Job 8593451 step creation still disabled, retrying (Requested nodes are busy)
srun: Job 8593451 step creation still disabled, retrying (Requested nodes are busy)
srun: Job 8593451 step creation still disabled, retrying (Requested nodes are busy)
srun: Job 8593451 step creation still disabled, retrying (Requested nodes are busy)
srun: Job 8593451 step creation still disabled, retrying (Requested nodes are busy)
srun: Job 8593451 step creation still disabled, retrying (Requested nodes are busy)
srun: Job 8593451 step creation still disabled, retrying (Requested nodes are busy)
srun: Job 8593451 step creation still disabled, retrying (Requested nodes are busy)
srun: Job 8593451 step creation still disabled, retrying (Requested nodes are busy)
srun: Job 8593451 step creation still disabled, retrying (Requested nodes are busy)
srun: Job 8593451 step creation still disabled, retrying (Requested nodes are busy)
srun: Job 8593451 step creation still disabled, retrying (Requested nodes are busy)
srun: Job 8593451 step creation still disabled, retrying (Requested nodes are busy)
srun: Job 8593451 step creation still disabled, retrying (Requested nodes are busy)
srun: Job 8593451 step creation still disabled, retrying (Requested nodes are busy)
srun: Job 8593451 step creation still disabled, retrying (Requested nodes are busy)
srun: Job 8593451 step creation still disabled, retrying (Requested nodes are busy)
srun: Job 8593451 step creation still disabled, retrying (Requested nodes are busy)
srun: Job 8593451 step creation still disabled, retrying (Requested nodes are busy)
srun: Job 8593451 step creation still disabled, retrying (Requested nodes are busy)
srun: Job 8593451 step creation still disabled, retrying (Requested nodes are busy)
srun: Job 8593451 step creation still disabled, retrying (Requested nodes are busy)
srun: Job 8593451 step creation still disabled, retrying (Requested nodes are busy)
srun: Job 8593451 step creation still disabled, retrying (Requested nodes are busy)
srun: Job 8593451 step creation still disabled, retrying (Requested nodes are busy)
srun: Job 8593451 step creation still disabled, retrying (Requested nodes are busy)
srun: Job 8593451 step creation still disabled, retrying (Requested nodes are busy)
srun: Job 8593451 step creation still disabled, retrying (Requested nodes are busy)
srun: Job 8593451 step creation still disabled, retrying (Requested nodes are busy)
srun: Job 8593451 step creation still disabled, retrying (Requested nodes are busy)
srun: Job 8593451 step creation still disabled, retrying (Requested nodes are busy)
srun: Job 8593451 step creation still disabled, retrying (Requested nodes are busy)
srun: Job 8593451 step creation still disabled, retrying (Requested nodes are busy)
srun: Job 8593451 step creation still disabled, retrying (Requested nodes are busy)
srun: Job 8593451 step creation still disabled, retrying (Requested nodes are busy)
srun: Job 8593451 step creation still disabled, retrying (Requested nodes are busy)
srun: Job 8593451 step creation still disabled, retrying (Requested nodes are busy)
srun: Job 8593451 step creation still disabled, retrying (Requested nodes are busy)
srun: Job 8593451 step creation still disabled, retrying (Requested nodes are busy)
srun: Job 8593451 step creation still disabled, retrying (Requested nodes are busy)
srun: Job 8593451 step creation still disabled, retrying (Requested nodes are busy)
srun: Job 8593451 step creation still disabled, retrying (Requested nodes are busy)
srun: Job 8593451 step creation still disabled, retrying (Requested nodes are busy)
srun: Job 8593451 step creation still disabled, retrying (Requested nodes are busy)
srun: Job 8593451 step creation still disabled, retrying (Requested nodes are busy)
srun: Job 8593451 step creation still disabled, retrying (Requested nodes are busy)
srun: Job 8593451 step creation still disabled, retrying (Requested nodes are busy)
srun: Job 8593451 step creation still disabled, retrying (Requested nodes are busy)
srun: Job 8593451 step creation still disabled, retrying (Requested nodes are busy)
srun: Job 8593451 step creation still disabled, retrying (Requested nodes are busy)
srun: Job 8593451 step creation still disabled, retrying (Requested nodes are busy)
srun: Job 8593451 step creation still disabled, retrying (Requested nodes are busy)
srun: Job 8593451 step creation still disabled, retrying (Requested nodes are busy)
srun: Job 8593451 step creation still disabled, retrying (Requested nodes are busy)
srun: Job 8593451 step creation still disabled, retrying (Requested nodes are busy)
srun: Job 8593451 step creation still disabled, retrying (Requested nodes are busy)
srun: Job 8593451 step creation still disabled, retrying (Requested nodes are busy)
srun: Job 8593451 step creation still disabled, retrying (Requested nodes are busy)
srun: Job 8593451 step creation still disabled, retrying (Requested nodes are busy)
srun: Job 8593451 step creation still disabled, retrying (Requested nodes are busy)
srun: Job 8593451 step creation still disabled, retrying (Requested nodes are busy)
srun: Job 8593451 step creation still disabled, retrying (Requested nodes are busy)
srun: Job 8593451 step creation still disabled, retrying (Requested nodes are busy)
srun: Job 8593451 step creation still disabled, retrying (Requested nodes are busy)
srun: Job 8593451 step creation still disabled, retrying (Requested nodes are busy)
srun: Job 8593451 step creation still disabled, retrying (Requested nodes are busy)
srun: Job 8593451 step creation still disabled, retrying (Requested nodes are busy)
srun: Job 8593451 step creation still disabled, retrying (Requested nodes are busy)
srun: Job 8593451 step creation still disabled, retrying (Requested nodes are busy)
srun: Job 8593451 step creation still disabled, retrying (Requested nodes are busy)
srun: Job 8593451 step creation still disabled, retrying (Requested nodes are busy)
srun: Job 8593451 step creation still disabled, retrying (Requested nodes are busy)
srun: Job 8593451 step creation still disabled, retrying (Requested nodes are busy)
srun: Job 8593451 step creation still disabled, retrying (Requested nodes are busy)
srun: Job 8593451 step creation still disabled, retrying (Requested nodes are busy)
srun: Job 8593451 step creation still disabled, retrying (Requested nodes are busy)
srun: Job 8593451 step creation still disabled, retrying (Requested nodes are busy)
srun: Job 8593451 step creation still disabled, retrying (Requested nodes are busy)
srun: Job 8593451 step creation still disabled, retrying (Requested nodes are busy)
srun: Job 8593451 step creation still disabled, retrying (Requested nodes are busy)
srun: Job 8593451 step creation still disabled, retrying (Requested nodes are busy)
srun: Job 8593451 step creation still disabled, retrying (Requested nodes are busy)
srun: Job 8593451 step creation still disabled, retrying (Requested nodes are busy)
srun: Job 8593451 step creation still disabled, retrying (Requested nodes are busy)
srun: Job 8593451 step creation still disabled, retrying (Requested nodes are busy)
srun: Job 8593451 step creation still disabled, retrying (Requested nodes are busy)
srun: Job 8593451 step creation still disabled, retrying (Requested nodes are busy)
srun: Job 8593451 step creation still disabled, retrying (Requested nodes are busy)
srun: Job 8593451 step creation still disabled, retrying (Requested nodes are busy)
srun: Job 8593451 step creation still disabled, retrying (Requested nodes are busy)
srun: Job 8593451 step creation still disabled, retrying (Requested nodes are busy)
srun: Job 8593451 step creation still disabled, retrying (Requested nodes are busy)
srun: Job 8593451 step creation still disabled, retrying (Requested nodes are busy)
srun: Job 8593451 step creation still disabled, retrying (Requested nodes are busy)
srun: Job 8593451 step creation still disabled, retrying (Requested nodes are busy)
srun: Job 8593451 step creation still disabled, retrying (Requested nodes are busy)
srun: Job 8593451 step creation still disabled, retrying (Requested nodes are busy)
srun: Job 8593451 step creation still disabled, retrying (Requested nodes are busy)
srun: Job 8593451 step creation still disabled, retrying (Requested nodes are busy)
srun: Job 8593451 step creation still disabled, retrying (Requested nodes are busy)
srun: Job 8593451 step creation still disabled, retrying (Requested nodes are busy)
srun: Job 8593451 step creation still disabled, retrying (Requested nodes are busy)
srun: Job 8593451 step creation still disabled, retrying (Requested nodes are busy)
srun: Job 8593451 step creation still disabled, retrying (Requested nodes are busy)
srun: Job 8593451 step creation still disabled, retrying (Requested nodes are busy)
srun: Job 8593451 step creation still disabled, retrying (Requested nodes are busy)
srun: Job 8593451 step creation still disabled, retrying (Requested nodes are busy)
srun: Job 8593451 step creation still disabled, retrying (Requested nodes are busy)
srun: Job 8593451 step creation still disabled, retrying (Requested nodes are busy)
srun: Job 8593451 step creation still disabled, retrying (Requested nodes are busy)
srun: Job 8593451 step creation still disabled, retrying (Requested nodes are busy)
srun: Job 8593451 step creation still disabled, retrying (Requested nodes are busy)
srun: Job 8593451 step creation still disabled, retrying (Requested nodes are busy)
srun: Job 8593451 step creation still disabled, retrying (Requested nodes are busy)
srun: Job 8593451 step creation still disabled, retrying (Requested nodes are busy)
srun: Job 8593451 step creation still disabled, retrying (Requested nodes are busy)
srun: Job 8593451 step creation still disabled, retrying (Requested nodes are busy)
srun: Job 8593451 step creation still disabled, retrying (Requested nodes are busy)
srun: Job 8593451 step creation still disabled, retrying (Requested nodes are busy)
srun: Job 8593451 step creation still disabled, retrying (Requested nodes are busy)
Parametrized_Cluster_7_1000_s1-100_t1_m6-6_FrozenLake-v1: 100/1000
Parametrized_Cluster_7_1000_s1-100_t1_m6-6_FrozenLake-v1: 200/1000
Parametrized_Cluster_7_1000_s1-100_t1_m6-6_FrozenLake-v1: 300/1000
Parametrized_Cluster_7_1000_s1-100_t1_m6-6_FrozenLake-v1: 400/1000
Parametrized_Cluster_7_1000_s1-100_t1_m6-6_FrozenLake-v1: 500/1000
Parametrized_Cluster_7_1000_s1-100_t1_m6-6_FrozenLake-v1: 600/1000
Parametrized_Cluster_7_1000_s1-100_t1_m6-6_FrozenLake-v1: 700/1000
Parametrized_Cluster_7_1000_s1-100_t1_m6-6_FrozenLake-v1: 800/1000
Parametrized_Cluster_7_1000_s1-100_t1_m6-6_FrozenLake-v1: 900/1000
Parametrized_Cluster_7_1000_s1-100_t1_m6-6_FrozenLake-v1: 1000/1000
srun: Job 8593451 step creation still disabled, retrying (Requested nodes are busy)
srun: Step created for job 8593451
srun: Job 8593451 step creation still disabled, retrying (Requested nodes are busy)
srun: Job 8593451 step creation still disabled, retrying (Requested nodes are busy)
srun: Job 8593451 step creation still disabled, retrying (Requested nodes are busy)
srun: Job 8593451 step creation still disabled, retrying (Requested nodes are busy)
srun: Job 8593451 step creation still disabled, retrying (Requested nodes are busy)
srun: Job 8593451 step creation still disabled, retrying (Requested nodes are busy)
srun: Job 8593451 step creation still disabled, retrying (Requested nodes are busy)
srun: Job 8593451 step creation still disabled, retrying (Requested nodes are busy)
srun: Job 8593451 step creation still disabled, retrying (Requested nodes are busy)
srun: Job 8593451 step creation still disabled, retrying (Requested nodes are busy)
srun: Job 8593451 step creation still disabled, retrying (Requested nodes are busy)
srun: Job 8593451 step creation still disabled, retrying (Requested nodes are busy)
srun: Job 8593451 step creation still disabled, retrying (Requested nodes are busy)
srun: Job 8593451 step creation still disabled, retrying (Requested nodes are busy)
srun: Job 8593451 step creation still disabled, retrying (Requested nodes are busy)
srun: Job 8593451 step creation still disabled, retrying (Requested nodes are busy)
srun: Job 8593451 step creation still disabled, retrying (Requested nodes are busy)
Parametrized_Cluster_4_1000_s1-100_t1_m6-6_FrozenLake-v1: 100/1000
Parametrized_Cluster_4_1000_s1-100_t1_m6-6_FrozenLake-v1: 200/1000
Parametrized_Cluster_4_1000_s1-100_t1_m6-6_FrozenLake-v1: 300/1000
Parametrized_Cluster_4_1000_s1-100_t1_m6-6_FrozenLake-v1: 400/1000
Parametrized_Cluster_4_1000_s1-100_t1_m6-6_FrozenLake-v1: 500/1000
Parametrized_Cluster_4_1000_s1-100_t1_m6-6_FrozenLake-v1: 600/1000
Parametrized_Cluster_4_1000_s1-100_t1_m6-6_FrozenLake-v1: 700/1000
Parametrized_Cluster_4_1000_s1-100_t1_m6-6_FrozenLake-v1: 800/1000
Parametrized_Cluster_4_1000_s1-100_t1_m6-6_FrozenLake-v1: 900/1000
Parametrized_Cluster_4_1000_s1-100_t1_m6-6_FrozenLake-v1: 1000/1000
srun: Job 8593451 step creation still disabled, retrying (Requested nodes are busy)
srun: Step created for job 8593451
srun: Job 8593451 step creation still disabled, retrying (Requested nodes are busy)
srun: Job 8593451 step creation still disabled, retrying (Requested nodes are busy)
srun: Job 8593451 step creation still disabled, retrying (Requested nodes are busy)
srun: Job 8593451 step creation still disabled, retrying (Requested nodes are busy)
srun: Job 8593451 step creation still disabled, retrying (Requested nodes are busy)
srun: Job 8593451 step creation still disabled, retrying (Requested nodes are busy)
srun: Job 8593451 step creation still disabled, retrying (Requested nodes are busy)
srun: Job 8593451 step creation still disabled, retrying (Requested nodes are busy)
srun: Job 8593451 step creation still disabled, retrying (Requested nodes are busy)
srun: Job 8593451 step creation still disabled, retrying (Requested nodes are busy)
srun: Job 8593451 step creation still disabled, retrying (Requested nodes are busy)
srun: Job 8593451 step creation still disabled, retrying (Requested nodes are busy)
srun: Job 8593451 step creation still disabled, retrying (Requested nodes are busy)
srun: Job 8593451 step creation still disabled, retrying (Requested nodes are busy)
srun: Job 8593451 step creation still disabled, retrying (Requested nodes are busy)
srun: Job 8593451 step creation still disabled, retrying (Requested nodes are busy)
srun: Job 8593451 step creation still disabled, retrying (Requested nodes are busy)
srun: Job 8593451 step creation still disabled, retrying (Requested nodes are busy)
srun: Job 8593451 step creation still disabled, retrying (Requested nodes are busy)
srun: Job 8593451 step creation still disabled, retrying (Requested nodes are busy)
srun: Job 8593451 step creation still disabled, retrying (Requested nodes are busy)
srun: Job 8593451 step creation still disabled, retrying (Requested nodes are busy)
srun: Job 8593451 step creation still disabled, retrying (Requested nodes are busy)
srun: Job 8593451 step creation still disabled, retrying (Requested nodes are busy)
srun: Job 8593451 step creation still disabled, retrying (Requested nodes are busy)
srun: Job 8593451 step creation still disabled, retrying (Requested nodes are busy)
srun: Job 8593451 step creation still disabled, retrying (Requested nodes are busy)
srun: Job 8593451 step creation still disabled, retrying (Requested nodes are busy)
srun: Job 8593451 step creation still disabled, retrying (Requested nodes are busy)
srun: Job 8593451 step creation still disabled, retrying (Requested nodes are busy)
srun: Job 8593451 step creation still disabled, retrying (Requested nodes are busy)
srun: Job 8593451 step creation still disabled, retrying (Requested nodes are busy)
srun: Job 8593451 step creation still disabled, retrying (Requested nodes are busy)
srun: Job 8593451 step creation still disabled, retrying (Requested nodes are busy)
srun: Job 8593451 step creation still disabled, retrying (Requested nodes are busy)
srun: Job 8593451 step creation still disabled, retrying (Requested nodes are busy)
Parametrized_Cluster_10_1000_s1-100_t1_m6-6_FrozenLake-v1: 100/1000
Parametrized_Cluster_10_1000_s1-100_t1_m6-6_FrozenLake-v1: 200/1000
Parametrized_Cluster_10_1000_s1-100_t1_m6-6_FrozenLake-v1: 300/1000
Parametrized_Cluster_10_1000_s1-100_t1_m6-6_FrozenLake-v1: 400/1000
Parametrized_Cluster_10_1000_s1-100_t1_m6-6_FrozenLake-v1: 500/1000
Parametrized_Cluster_10_1000_s1-100_t1_m6-6_FrozenLake-v1: 600/1000
Parametrized_Cluster_10_1000_s1-100_t1_m6-6_FrozenLake-v1: 700/1000
Parametrized_Cluster_10_1000_s1-100_t1_m6-6_FrozenLake-v1: 800/1000
Parametrized_Cluster_10_1000_s1-100_t1_m6-6_FrozenLake-v1: 900/1000
Parametrized_Cluster_10_1000_s1-100_t1_m6-6_FrozenLake-v1: 1000/1000
srun: Job 8593451 step creation still disabled, retrying (Requested nodes are busy)
srun: Step created for job 8593451
srun: Job 8593451 step creation still disabled, retrying (Requested nodes are busy)
srun: Job 8593451 step creation still disabled, retrying (Requested nodes are busy)
srun: Job 8593451 step creation still disabled, retrying (Requested nodes are busy)
srun: Job 8593451 step creation still disabled, retrying (Requested nodes are busy)
srun: Job 8593451 step creation still disabled, retrying (Requested nodes are busy)
srun: Job 8593451 step creation still disabled, retrying (Requested nodes are busy)
Parametrized_Cluster_9_1000_s1-100_t1_m6-6_FrozenLake-v1: 100/1000
Parametrized_Cluster_9_1000_s1-100_t1_m6-6_FrozenLake-v1: 200/1000
Parametrized_Cluster_9_1000_s1-100_t1_m6-6_FrozenLake-v1: 300/1000
Parametrized_Cluster_9_1000_s1-100_t1_m6-6_FrozenLake-v1: 400/1000
Parametrized_Cluster_9_1000_s1-100_t1_m6-6_FrozenLake-v1: 500/1000
Parametrized_Cluster_9_1000_s1-100_t1_m6-6_FrozenLake-v1: 600/1000
Parametrized_Cluster_9_1000_s1-100_t1_m6-6_FrozenLake-v1: 700/1000
Parametrized_Cluster_9_1000_s1-100_t1_m6-6_FrozenLake-v1: 800/1000
Parametrized_Cluster_9_1000_s1-100_t1_m6-6_FrozenLake-v1: 900/1000
Parametrized_Cluster_9_1000_s1-100_t1_m6-6_FrozenLake-v1: 1000/1000
srun: Job 8593451 step creation still disabled, retrying (Requested nodes are busy)
srun: Step created for job 8593451
srun: Job 8593451 step creation still disabled, retrying (Requested nodes are busy)
srun: Job 8593451 step creation still disabled, retrying (Requested nodes are busy)
srun: Job 8593451 step creation still disabled, retrying (Requested nodes are busy)
srun: Job 8593451 step creation still disabled, retrying (Requested nodes are busy)
srun: Job 8593451 step creation still disabled, retrying (Requested nodes are busy)
srun: Job 8593451 step creation still disabled, retrying (Requested nodes are busy)
Parametrized_Cluster_6_1000_s1-100_t1_m6-6_FrozenLake-v1: 100/1000
Parametrized_Cluster_6_1000_s1-100_t1_m6-6_FrozenLake-v1: 200/1000
Parametrized_Cluster_6_1000_s1-100_t1_m6-6_FrozenLake-v1: 300/1000
Parametrized_Cluster_6_1000_s1-100_t1_m6-6_FrozenLake-v1: 400/1000
Parametrized_Cluster_6_1000_s1-100_t1_m6-6_FrozenLake-v1: 500/1000
Parametrized_Cluster_6_1000_s1-100_t1_m6-6_FrozenLake-v1: 600/1000
Parametrized_Cluster_6_1000_s1-100_t1_m6-6_FrozenLake-v1: 700/1000
Parametrized_Cluster_6_1000_s1-100_t1_m6-6_FrozenLake-v1: 800/1000
Parametrized_Cluster_6_1000_s1-100_t1_m6-6_FrozenLake-v1: 900/1000
Parametrized_Cluster_6_1000_s1-100_t1_m6-6_FrozenLake-v1: 1000/1000
srun: Job 8593451 step creation still disabled, retrying (Requested nodes are busy)
srun: Step created for job 8593451
Parametrized_Cluster_5_1000_s1-100_t1_m6-6_FrozenLake-v1: 100/1000
Parametrized_Cluster_5_1000_s1-100_t1_m6-6_FrozenLake-v1: 200/1000
Parametrized_Cluster_5_1000_s1-100_t1_m6-6_FrozenLake-v1: 300/1000
Parametrized_Cluster_5_1000_s1-100_t1_m6-6_FrozenLake-v1: 400/1000
Parametrized_Cluster_5_1000_s1-100_t1_m6-6_FrozenLake-v1: 500/1000
Parametrized_Cluster_5_1000_s1-100_t1_m6-6_FrozenLake-v1: 600/1000
Parametrized_Cluster_5_1000_s1-100_t1_m6-6_FrozenLake-v1: 700/1000
Parametrized_Cluster_5_1000_s1-100_t1_m6-6_FrozenLake-v1: 800/1000
Parametrized_Cluster_5_1000_s1-100_t1_m6-6_FrozenLake-v1: 900/1000
Parametrized_Cluster_5_1000_s1-100_t1_m6-6_FrozenLake-v1: 1000/1000
Parametrized_Cluster_1_1000_s1-100_t1_m6-6_FrozenLake-v1: 100/1000
Parametrized_Cluster_1_1000_s1-100_t1_m6-6_FrozenLake-v1: 200/1000
Parametrized_Cluster_1_1000_s1-100_t1_m6-6_FrozenLake-v1: 300/1000
Parametrized_Cluster_1_1000_s1-100_t1_m6-6_FrozenLake-v1: 400/1000
Parametrized_Cluster_1_1000_s1-100_t1_m6-6_FrozenLake-v1: 500/1000
Parametrized_Cluster_1_1000_s1-100_t1_m6-6_FrozenLake-v1: 600/1000
Parametrized_Cluster_1_1000_s1-100_t1_m6-6_FrozenLake-v1: 700/1000
Parametrized_Cluster_1_1000_s1-100_t1_m6-6_FrozenLake-v1: 800/1000
Parametrized_Cluster_1_1000_s1-100_t1_m6-6_FrozenLake-v1: 900/1000
Parametrized_Cluster_1_1000_s1-100_t1_m6-6_FrozenLake-v1: 1000/1000
Parametrized_Cluster_2_1000_s1-100_t1_m6-6_FrozenLake-v1: 100/1000
Parametrized_Cluster_2_1000_s1-100_t1_m6-6_FrozenLake-v1: 200/1000
Parametrized_Cluster_2_1000_s1-100_t1_m6-6_FrozenLake-v1: 300/1000
Parametrized_Cluster_2_1000_s1-100_t1_m6-6_FrozenLake-v1: 400/1000
Parametrized_Cluster_2_1000_s1-100_t1_m6-6_FrozenLake-v1: 500/1000
Parametrized_Cluster_2_1000_s1-100_t1_m6-6_FrozenLake-v1: 600/1000
Parametrized_Cluster_2_1000_s1-100_t1_m6-6_FrozenLake-v1: 700/1000
Parametrized_Cluster_2_1000_s1-100_t1_m6-6_FrozenLake-v1: 800/1000
Parametrized_Cluster_2_1000_s1-100_t1_m6-6_FrozenLake-v1: 900/1000
Parametrized_Cluster_2_1000_s1-100_t1_m6-6_FrozenLake-v1: 1000/1000
Parametrized_Cluster_8_1000_s1-100_t1_m6-6_FrozenLake-v1: 100/1000
Parametrized_Cluster_8_1000_s1-100_t1_m6-6_FrozenLake-v1: 200/1000
Parametrized_Cluster_8_1000_s1-100_t1_m6-6_FrozenLake-v1: 300/1000
Parametrized_Cluster_8_1000_s1-100_t1_m6-6_FrozenLake-v1: 400/1000
Parametrized_Cluster_8_1000_s1-100_t1_m6-6_FrozenLake-v1: 500/1000
Parametrized_Cluster_8_1000_s1-100_t1_m6-6_FrozenLake-v1: 600/1000
Parametrized_Cluster_8_1000_s1-100_t1_m6-6_FrozenLake-v1: 700/1000
Parametrized_Cluster_8_1000_s1-100_t1_m6-6_FrozenLake-v1: 800/1000
Parametrized_Cluster_8_1000_s1-100_t1_m6-6_FrozenLake-v1: 900/1000
Parametrized_Cluster_8_1000_s1-100_t1_m6-6_FrozenLake-v1: 1000/1000
Parametrized_Cluster_3_1000_s1-100_t1_m6-6_FrozenLake-v1: 100/1000
Parametrized_Cluster_3_1000_s1-100_t1_m6-6_FrozenLake-v1: 200/1000
Parametrized_Cluster_3_1000_s1-100_t1_m6-6_FrozenLake-v1: 300/1000
Parametrized_Cluster_3_1000_s1-100_t1_m6-6_FrozenLake-v1: 400/1000
Parametrized_Cluster_3_1000_s1-100_t1_m6-6_FrozenLake-v1: 500/1000
Parametrized_Cluster_3_1000_s1-100_t1_m6-6_FrozenLake-v1: 600/1000
Parametrized_Cluster_3_1000_s1-100_t1_m6-6_FrozenLake-v1: 700/1000
Parametrized_Cluster_3_1000_s1-100_t1_m6-6_FrozenLake-v1: 800/1000
Parametrized_Cluster_3_1000_s1-100_t1_m6-6_FrozenLake-v1: 900/1000
Parametrized_Cluster_3_1000_s1-100_t1_m6-6_FrozenLake-v1: 1000/1000
