JobId=8579689 JobName=datasetscript.sbatch
   UserId=koner(565562) GroupId=domain users(100513) MCS_label=N/A
   Priority=23796992 Nice=0 Account=ewi-insy-ii-influence QOS=short
   JobState=RUNNING Reason=None Dependency=(null)
   Requeue=0 Restarts=0 BatchFlag=1 Reboot=0 ExitCode=0:0
   DerivedExitCode=0:0
   RunTime=00:00:00 TimeLimit=00:45:00 TimeMin=N/A
   SubmitTime=2023-07-07T18:11:35 EligibleTime=2023-07-07T18:11:35
   AccrueTime=2023-07-07T18:11:35
   StartTime=2023-07-07T18:11:54 EndTime=2023-07-07T18:56:54 Deadline=N/A
   SuspendTime=None SecsPreSuspend=0 LastSchedEval=2023-07-07T18:11:54 Scheduler=Backfill
   Partition=general AllocNode:Sid=login1:1412
   ReqNodeList=(null) ExcNodeList=(null)
   NodeList=awi17
   BatchHost=awi17
   NumNodes=1 NumCPUs=10 NumTasks=10 CPUs/Task=1 ReqB:S:C:T=0:0:*:*
   TRES=cpu=10,mem=800M,node=1,billing=5
   Socks/Node=* NtasksPerN:B:S:C=0:0:*:* CoreSpec=*
   JOB_GRES=(null)
     Nodes=awi17 CPU_IDs=32-37,40-41,54-55 Mem=800 GRES=
   MinCPUsNode=1 MinMemoryCPU=80M MinTmpDiskNode=0
   Features=(null) DelayBoot=00:00:00
   OverSubscribe=OK Contiguous=0 Licenses=(null) Network=(null)
   Command=/winhome/koner/Desktop/MCTS-Time-Management/jobscripts/datasetscript.sbatch
   WorkDir=/winhome/koner/Desktop/MCTS-Time-Management/jobscripts
   StdErr=/winhome/koner/Desktop/MCTS-Time-Management/jobscripts/slurm-8579689.out
   StdIn=/dev/null
   StdOut=/winhome/koner/Desktop/MCTS-Time-Management/jobscripts/slurm-8579689.out
   Power=
   MailUser=koner MailType=END
   

srun: Job 8579689 step creation temporarily disabled, retrying (Requested nodes are busy)
srun: Job 8579689 step creation temporarily disabled, retrying (Requested nodes are busy)
srun: Job 8579689 step creation temporarily disabled, retrying (Requested nodes are busy)
srun: Job 8579689 step creation temporarily disabled, retrying (Requested nodes are busy)
srun: Job 8579689 step creation temporarily disabled, retrying (Requested nodes are busy)
srun: Job 8579689 step creation still disabled, retrying (Requested nodes are busy)
srun: Job 8579689 step creation still disabled, retrying (Requested nodes are busy)
srun: Job 8579689 step creation still disabled, retrying (Requested nodes are busy)
srun: Job 8579689 step creation still disabled, retrying (Requested nodes are busy)
srun: Job 8579689 step creation still disabled, retrying (Requested nodes are busy)
srun: Job 8579689 step creation still disabled, retrying (Requested nodes are busy)
srun: Job 8579689 step creation still disabled, retrying (Requested nodes are busy)
srun: Job 8579689 step creation still disabled, retrying (Requested nodes are busy)
srun: Job 8579689 step creation still disabled, retrying (Requested nodes are busy)
srun: Job 8579689 step creation still disabled, retrying (Requested nodes are busy)
srun: Job 8579689 step creation still disabled, retrying (Requested nodes are busy)
srun: Job 8579689 step creation still disabled, retrying (Requested nodes are busy)
srun: Job 8579689 step creation still disabled, retrying (Requested nodes are busy)
srun: Job 8579689 step creation still disabled, retrying (Requested nodes are busy)
srun: Job 8579689 step creation still disabled, retrying (Requested nodes are busy)
srun: Job 8579689 step creation still disabled, retrying (Requested nodes are busy)
srun: Job 8579689 step creation still disabled, retrying (Requested nodes are busy)
srun: Job 8579689 step creation still disabled, retrying (Requested nodes are busy)
srun: Job 8579689 step creation still disabled, retrying (Requested nodes are busy)
srun: Job 8579689 step creation still disabled, retrying (Requested nodes are busy)
srun: Job 8579689 step creation still disabled, retrying (Requested nodes are busy)
srun: Job 8579689 step creation still disabled, retrying (Requested nodes are busy)
srun: Job 8579689 step creation still disabled, retrying (Requested nodes are busy)
srun: Job 8579689 step creation still disabled, retrying (Requested nodes are busy)
srun: Job 8579689 step creation still disabled, retrying (Requested nodes are busy)
srun: Job 8579689 step creation still disabled, retrying (Requested nodes are busy)
srun: Job 8579689 step creation still disabled, retrying (Requested nodes are busy)
srun: Job 8579689 step creation still disabled, retrying (Requested nodes are busy)
srun: Job 8579689 step creation still disabled, retrying (Requested nodes are busy)
srun: Job 8579689 step creation still disabled, retrying (Requested nodes are busy)
srun: Step created for job 8579689
srun: Job 8579689 step creation still disabled, retrying (Requested nodes are busy)
srun: Step created for job 8579689
srun: Job 8579689 step creation still disabled, retrying (Requested nodes are busy)
srun: Step created for job 8579689
srun: Job 8579689 step creation still disabled, retrying (Requested nodes are busy)
srun: Step created for job 8579689
srun: Job 8579689 step creation still disabled, retrying (Requested nodes are busy)
srun: Step created for job 8579689
