JobId=9530615 JobName=with_different_maps.sbatch
   UserId=koner(565562) GroupId=domain users(100513) MCS_label=N/A
   Priority=19275142 Nice=0 Account=ewi-insy-ii-influence QOS=medium
   JobState=RUNNING Reason=None Dependency=(null)
   Requeue=0 Restarts=0 BatchFlag=1 Reboot=0 ExitCode=0:0
   DerivedExitCode=0:0
   RunTime=00:00:01 TimeLimit=15:00:00 TimeMin=N/A
   SubmitTime=2024-02-22T12:00:04 EligibleTime=2024-02-22T12:00:04
   AccrueTime=2024-02-22T12:00:04
   StartTime=2024-02-22T12:00:33 EndTime=2024-02-23T03:00:33 Deadline=N/A
   SuspendTime=None SecsPreSuspend=0 LastSchedEval=2024-02-22T12:00:33 Scheduler=Backfill
   Partition=general AllocNode:Sid=login1:12461
   ReqNodeList=(null) ExcNodeList=(null)
   NodeList=gpu11
   BatchHost=gpu11
   NumNodes=1 NumCPUs=64 NumTasks=1 CPUs/Task=64 ReqB:S:C:T=0:0:*:*
   TRES=cpu=64,mem=16000M,node=1,billing=33
   Socks/Node=* NtasksPerN:B:S:C=0:0:*:* CoreSpec=*
   JOB_GRES=(null)
     Nodes=gpu11 CPU_IDs=18-81 Mem=16000 GRES=
   MinCPUsNode=64 MinMemoryNode=16000M MinTmpDiskNode=0
   Features=(null) DelayBoot=00:00:00
   OverSubscribe=OK Contiguous=0 Licenses=(null) Network=(null)
   Command=/winhome/koner/Desktop/MCTS-Time-Management/jobscripts/with_different_maps.sbatch
   WorkDir=/winhome/koner/Desktop/MCTS-Time-Management/jobscripts
   StdErr=/winhome/koner/Desktop/MCTS-Time-Management/jobscripts/slurm-9530615.out
   StdIn=/dev/null
   StdOut=/winhome/koner/Desktop/MCTS-Time-Management/jobscripts/slurm-9530615.out
   Power=
   MailUser=koner MailType=END
   

Data set loaded


Finished epoch 1, latest loss 0.6284364461898804
Finished epoch 1000, latest loss 0.08374287188053131
Finished epoch 2000, latest loss 0.06775836646556854
Finished epoch 3000, latest loss 0.10350741446018219
Finished epoch 4000, latest loss 0.14327333867549896
Finished epoch 5000, latest loss 0.07740440219640732
Finished epoch 6000, latest loss 0.06893886625766754
Finished epoch 7000, latest loss 0.08595860004425049
Finished epoch 8000, latest loss 0.05124446749687195
Finished epoch 9000, latest loss 0.04960709065198898
Finished epoch 10000, latest loss 0.06004714220762253
Finished epoch 11000, latest loss 0.11996965110301971
Finished epoch 12000, latest loss 0.06276459246873856
Finished epoch 13000, latest loss 0.08557918667793274
Finished epoch 14000, latest loss 0.02687261626124382
Finished epoch 15000, latest loss 0.04326031357049942
Finished epoch 16000, latest loss 0.037301257252693176
Finished epoch 17000, latest loss 0.0440995916724205
Finished epoch 18000, latest loss 0.09196806699037552
Finished epoch 19000, latest loss 0.06847964227199554
Finished epoch 20000, latest loss 0.07663407176733017
Finished epoch 21000, latest loss 0.09216853976249695
Finished epoch 22000, latest loss 0.049058858305215836
Finished epoch 23000, latest loss 0.0792575255036354
Finished epoch 24000, latest loss 0.04733522981405258
Finished epoch 25000, latest loss 0.07588928937911987
Finished epoch 26000, latest loss 0.027554018422961235
Finished epoch 27000, latest loss 0.10271082818508148
Finished epoch 28000, latest loss 0.08556251972913742
Finished epoch 29000, latest loss 0.08640892058610916
Finished epoch 30000, latest loss 0.08327019214630127
Finished epoch 31000, latest loss 0.0961446613073349
Finished epoch 32000, latest loss 0.03580011799931526
Finished epoch 33000, latest loss 0.037750937044620514
Finished epoch 34000, latest loss 0.07147589325904846
Finished epoch 35000, latest loss 0.08409769833087921
Finished epoch 36000, latest loss 0.03456006944179535
Finished epoch 37000, latest loss 0.05841245874762535
Finished epoch 38000, latest loss 0.07012777030467987
Finished epoch 39000, latest loss 0.05103800818324089
Finished epoch 40000, latest loss 0.08008972555398941
Finished epoch 41000, latest loss 0.03731044381856918
Finished epoch 42000, latest loss 0.11719940602779388
Finished epoch 43000, latest loss 0.0902191624045372
Finished epoch 44000, latest loss 0.011296238750219345
Finished epoch 45000, latest loss 0.03661644831299782
Finished epoch 46000, latest loss 0.11725272983312607
Finished epoch 47000, latest loss 0.11842186748981476
Finished epoch 48000, latest loss 0.06599342077970505
Finished epoch 49000, latest loss 0.051156166940927505
Finished epoch 50000, latest loss 0.07959060370922089
Finished epoch 51000, latest loss 0.045258790254592896
Finished epoch 52000, latest loss 0.060496985912323
Finished epoch 53000, latest loss 0.0944581925868988
Finished epoch 54000, latest loss 0.07218561321496964
Finished epoch 55000, latest loss 0.02928430214524269
Finished epoch 56000, latest loss 0.08524061739444733
Finished epoch 57000, latest loss 0.08117666095495224
Finished epoch 58000, latest loss 0.06259311735630035
Finished epoch 59000, latest loss 0.08803097903728485
Finished epoch 60000, latest loss 0.09385135769844055
Finished epoch 61000, latest loss 0.07656236737966537
Finished epoch 62000, latest loss 0.062067314982414246
Finished epoch 63000, latest loss 0.060213491320610046
Finished epoch 64000, latest loss 0.046414654701948166
Finished epoch 65000, latest loss 0.05728694796562195
Finished epoch 66000, latest loss 0.0971178263425827
Finished epoch 67000, latest loss 0.08015090227127075
Finished epoch 68000, latest loss 0.048977456986904144
Finished epoch 69000, latest loss 0.07996787875890732
Finished epoch 70000, latest loss 0.04465582221746445
Finished epoch 71000, latest loss 0.11825092881917953
Finished epoch 72000, latest loss 0.031859420239925385
Finished epoch 73000, latest loss 0.11513954401016235
Finished epoch 74000, latest loss 0.07413195818662643
Finished epoch 75000, latest loss 0.05847875028848648
Finished epoch 76000, latest loss 0.054298415780067444
Finished epoch 77000, latest loss 0.08633146435022354
Finished epoch 78000, latest loss 0.04731220752000809
Finished epoch 79000, latest loss 0.0835891142487526
Finished epoch 80000, latest loss 0.10451849550008774
Finished epoch 81000, latest loss 0.06219589710235596
Finished epoch 82000, latest loss 0.10684032738208771
Finished epoch 83000, latest loss 0.07104794681072235
Finished epoch 84000, latest loss 0.06615757942199707
Finished epoch 85000, latest loss 0.18381032347679138
Finished epoch 86000, latest loss 0.03441362828016281
Finished epoch 87000, latest loss 0.031577713787555695
Finished epoch 88000, latest loss 0.05943472310900688
Finished epoch 89000, latest loss 0.0470036081969738
Finished epoch 90000, latest loss 0.06443184614181519
Finished epoch 91000, latest loss 0.026928497478365898
Finished epoch 92000, latest loss 0.04526704549789429
Finished epoch 93000, latest loss 0.024883441627025604
Finished epoch 94000, latest loss 0.08142422139644623
Finished epoch 95000, latest loss 0.06834056228399277
Finished epoch 96000, latest loss 0.06870751827955246
Finished epoch 97000, latest loss 0.19441017508506775
Finished epoch 98000, latest loss 0.030591046437621117
Finished epoch 99000, latest loss 0.08238815516233444
Finished epoch 100000, latest loss 0.04122583568096161
Finished epoch 101000, latest loss 0.12239696085453033
Finished epoch 102000, latest loss 0.03560229763388634
Finished epoch 103000, latest loss 0.049928922206163406
Finished epoch 104000, latest loss 0.09512478113174438
Finished epoch 105000, latest loss 0.04423203319311142
Finished epoch 106000, latest loss 0.04806310310959816
Finished epoch 107000, latest loss 0.09811525791883469
Finished epoch 108000, latest loss 0.09566895663738251
Finished epoch 109000, latest loss 0.09721106290817261
Finished epoch 110000, latest loss 0.06665702909231186
Finished epoch 111000, latest loss 0.07499046623706818
Finished epoch 112000, latest loss 0.09193766117095947
Finished epoch 113000, latest loss 0.0825425311923027
Finished epoch 114000, latest loss 0.03919721767306328
Finished epoch 115000, latest loss 0.05069262161850929
Finished epoch 116000, latest loss 0.10420437157154083
Finished epoch 117000, latest loss 0.04756808280944824
Finished epoch 118000, latest loss 0.053994569927453995
Finished epoch 119000, latest loss 0.06772863119840622
Finished epoch 120000, latest loss 0.06952621787786484
Finished epoch 121000, latest loss 0.10156729817390442
Finished epoch 122000, latest loss 0.06836777180433273
Finished epoch 123000, latest loss 0.08230622112751007
Finished epoch 124000, latest loss 0.09957931935787201
Finished epoch 125000, latest loss 0.04056534543633461
Finished epoch 126000, latest loss 0.06142701208591461
Finished epoch 127000, latest loss 0.07341210544109344
Finished epoch 128000, latest loss 0.09650389850139618
Finished epoch 129000, latest loss 0.10887129604816437
Finished epoch 130000, latest loss 0.06440956890583038
Finished epoch 131000, latest loss 0.08819177746772766
Finished epoch 132000, latest loss 0.07682232558727264
Finished epoch 133000, latest loss 0.03786775842308998
Finished epoch 134000, latest loss 0.07709500193595886
Finished epoch 135000, latest loss 0.023092519491910934
Finished epoch 136000, latest loss 0.0682719349861145
Finished epoch 137000, latest loss 0.043901488184928894
Finished epoch 138000, latest loss 0.09300202876329422
Finished epoch 139000, latest loss 0.0682048574090004
Finished epoch 140000, latest loss 0.08394251018762589
Finished epoch 141000, latest loss 0.03552389517426491
Finished epoch 142000, latest loss 0.09120677411556244
Finished epoch 143000, latest loss 0.05555814132094383
Finished epoch 144000, latest loss 0.0465693362057209
Finished epoch 145000, latest loss 0.06632234156131744
Finished epoch 146000, latest loss 0.04781155288219452
Finished epoch 147000, latest loss 0.1245252937078476
Finished epoch 148000, latest loss 0.15549811720848083
Finished epoch 149000, latest loss 0.06553076207637787
Finished epoch 150000, latest loss 0.05992338806390762
Finished epoch 151000, latest loss 0.05518553406000137
Finished epoch 152000, latest loss 0.060073982924222946
Finished epoch 153000, latest loss 0.05283966660499573
Finished epoch 154000, latest loss 0.030870988965034485
Finished epoch 155000, latest loss 0.04269961640238762
Finished epoch 156000, latest loss 0.08632798492908478
Finished epoch 157000, latest loss 0.062229886651039124
Finished epoch 158000, latest loss 0.06735416501760483
Finished epoch 159000, latest loss 0.07381264865398407
Finished epoch 160000, latest loss 0.06115003675222397
Finished epoch 161000, latest loss 0.10293940454721451
Finished epoch 162000, latest loss 0.04364549741148949
Finished epoch 163000, latest loss 0.0653124675154686
Finished epoch 164000, latest loss 0.03153928369283676
Finished epoch 165000, latest loss 0.10175936669111252
Finished epoch 166000, latest loss 0.04970761761069298
Finished epoch 167000, latest loss 0.030565055087208748
Finished epoch 168000, latest loss 0.07072742283344269
Finished epoch 169000, latest loss 0.023376399651169777
Finished epoch 170000, latest loss 0.057162441313266754
Finished epoch 171000, latest loss 0.05176916345953941
Finished epoch 172000, latest loss 0.040079545229673386
Finished epoch 173000, latest loss 0.060178257524967194
Finished epoch 174000, latest loss 0.029800649732351303
Finished epoch 175000, latest loss 0.06630834937095642
Finished epoch 176000, latest loss 0.11507823318243027
Finished epoch 177000, latest loss 0.07663048058748245
Finished epoch 178000, latest loss 0.06835319846868515
Finished epoch 179000, latest loss 0.09382909536361694
Finished epoch 180000, latest loss 0.07787279039621353
Finished epoch 181000, latest loss 0.08448570966720581
Finished epoch 182000, latest loss 0.021153632551431656
Finished epoch 183000, latest loss 0.045325156301259995
Finished epoch 184000, latest loss 0.024961668998003006
Finished epoch 185000, latest loss 0.07516864687204361
Finished epoch 186000, latest loss 0.076768659055233
Finished epoch 187000, latest loss 0.03754891827702522
Finished epoch 188000, latest loss 0.08883067220449448
Finished epoch 189000, latest loss 0.06189282611012459
Finished epoch 190000, latest loss 0.046027954667806625
Finished epoch 191000, latest loss 0.0791611298918724
Finished epoch 192000, latest loss 0.039511002600193024
Finished epoch 193000, latest loss 0.09759828448295593
Finished epoch 194000, latest loss 0.06422247737646103
Finished epoch 195000, latest loss 0.08337311446666718
Finished epoch 196000, latest loss 0.04587569832801819
Finished epoch 197000, latest loss 0.08254124969244003
Finished epoch 198000, latest loss 0.06843363493680954
Finished epoch 199000, latest loss 0.09865505993366241
Finished epoch 200000, latest loss 0.06058027595281601
Finished epoch 201000, latest loss 0.056979794055223465
Finished epoch 202000, latest loss 0.0800272598862648
Finished epoch 203000, latest loss 0.015343921259045601
Finished epoch 204000, latest loss 0.12787818908691406
Finished epoch 205000, latest loss 0.13196642696857452
Finished epoch 206000, latest loss 0.09332573413848877
Finished epoch 207000, latest loss 0.015656763687729836
Finished epoch 208000, latest loss 0.09358611702919006
Finished epoch 209000, latest loss 0.03744588419795036
Finished epoch 210000, latest loss 0.07222594320774078
Finished epoch 211000, latest loss 0.008336341008543968
Finished epoch 212000, latest loss 0.09236432611942291
Finished epoch 213000, latest loss 0.0957375168800354
Finished epoch 214000, latest loss 0.020552415400743484
Finished epoch 215000, latest loss 0.0721607580780983
Finished epoch 216000, latest loss 0.16741038858890533
Finished epoch 217000, latest loss 0.03955990821123123
Finished epoch 218000, latest loss 0.051818110048770905
Finished epoch 219000, latest loss 0.06919720768928528
Finished epoch 220000, latest loss 0.02529890462756157
Finished epoch 221000, latest loss 0.05810346081852913
Finished epoch 222000, latest loss 0.12355610728263855
Finished epoch 223000, latest loss 0.05550927668809891
Finished epoch 224000, latest loss 0.02699146419763565
Finished epoch 225000, latest loss 0.022116972133517265
Finished epoch 226000, latest loss 0.13729195296764374
Finished epoch 227000, latest loss 0.03808889165520668
Finished epoch 228000, latest loss 0.10895460098981857
Finished epoch 229000, latest loss 0.09104201942682266
Finished epoch 230000, latest loss 0.02405937761068344
Finished epoch 231000, latest loss 0.042342446744441986
Finished epoch 232000, latest loss 0.0787847563624382
Finished epoch 233000, latest loss 0.045649901032447815
Finished epoch 234000, latest loss 0.08528050780296326
Finished epoch 235000, latest loss 0.07395035028457642
Finished epoch 236000, latest loss 0.07571287453174591
Finished epoch 237000, latest loss 0.08563855290412903
Finished epoch 238000, latest loss 0.10239172726869583
Finished epoch 239000, latest loss 0.11044663935899734
Finished epoch 240000, latest loss 0.04078846424818039
Finished epoch 241000, latest loss 0.019335472956299782
Finished epoch 242000, latest loss 0.06741081923246384
Finished epoch 243000, latest loss 0.0599638931453228
Finished epoch 244000, latest loss 0.046334415674209595
Finished epoch 245000, latest loss 0.05397139489650726
Finished epoch 246000, latest loss 0.03724703565239906
Finished epoch 247000, latest loss 0.09347440302371979
Finished epoch 248000, latest loss 0.10265504568815231
Finished epoch 249000, latest loss 0.05617232248187065
Finished epoch 250000, latest loss 0.16626302897930145
Finished epoch 251000, latest loss 0.026579083874821663
Finished epoch 252000, latest loss 0.08454450964927673
Finished epoch 253000, latest loss 0.06902879476547241
Finished epoch 254000, latest loss 0.058592215180397034
Finished epoch 255000, latest loss 0.04588457942008972
Finished epoch 256000, latest loss 0.022005829960107803
Finished epoch 257000, latest loss 0.05418749898672104
Finished epoch 258000, latest loss 0.10087360441684723
Finished epoch 259000, latest loss 0.07234149426221848
Finished epoch 260000, latest loss 0.036451295018196106
Finished epoch 261000, latest loss 0.06590882688760757
Finished epoch 262000, latest loss 0.06640925258398056
Finished epoch 263000, latest loss 0.058362096548080444
Finished epoch 264000, latest loss 0.12081684172153473
Finished epoch 265000, latest loss 0.026526188477873802
Finished epoch 266000, latest loss 0.06794054806232452
Finished epoch 267000, latest loss 0.02669670432806015
Finished epoch 268000, latest loss 0.04681339114904404
Finished epoch 269000, latest loss 0.09164523333311081
Finished epoch 270000, latest loss 0.051186658442020416
Finished epoch 271000, latest loss 0.060146745294332504
Finished epoch 272000, latest loss 0.06837040185928345
Finished epoch 273000, latest loss 0.07844671607017517
Finished epoch 274000, latest loss 0.06541433930397034
Finished epoch 275000, latest loss 0.07181441783905029
Finished epoch 276000, latest loss 0.08951891958713531
Finished epoch 277000, latest loss 0.06805320084095001
Finished epoch 278000, latest loss 0.048992253839969635
Finished epoch 279000, latest loss 0.06003148853778839
Finished epoch 280000, latest loss 0.08421976119279861
Finished epoch 281000, latest loss 0.04684191569685936
Finished epoch 282000, latest loss 0.0520547479391098
Finished epoch 283000, latest loss 0.06255849450826645
Finished epoch 284000, latest loss 0.06773141026496887
Finished epoch 285000, latest loss 0.03657079115509987
Finished epoch 286000, latest loss 0.1360877901315689
Finished epoch 287000, latest loss 0.06803645938634872
Finished epoch 288000, latest loss 0.03316543996334076
Finished epoch 289000, latest loss 0.08059363067150116
Finished epoch 290000, latest loss 0.05848541855812073
Finished epoch 291000, latest loss 0.0871581882238388
Finished epoch 292000, latest loss 0.05281207710504532
Finished epoch 293000, latest loss 0.0635976642370224
Finished epoch 294000, latest loss 0.05817932263016701
Finished epoch 295000, latest loss 0.07229452580213547
Finished epoch 296000, latest loss 0.06348404288291931
Finished epoch 297000, latest loss 0.04694593697786331
Finished epoch 298000, latest loss 0.0554131455719471
Finished epoch 299000, latest loss 0.0705534890294075
Finished epoch 300000, latest loss 0.05767269805073738
Finished epoch 301000, latest loss 0.06019173189997673
Finished epoch 302000, latest loss 0.0500025749206543
Finished epoch 303000, latest loss 0.07307534664869308
Finished epoch 304000, latest loss 0.04501308128237724
Finished epoch 305000, latest loss 0.06283445656299591
Finished epoch 306000, latest loss 0.15049991011619568
Finished epoch 307000, latest loss 0.04046432301402092
Finished epoch 308000, latest loss 0.05793054401874542
Finished epoch 309000, latest loss 0.12561988830566406
Finished epoch 310000, latest loss 0.06542671471834183
Finished epoch 311000, latest loss 0.060172323137521744
Finished epoch 312000, latest loss 0.04781243950128555
Finished epoch 313000, latest loss 0.07056937366724014
Finished epoch 314000, latest loss 0.08574283868074417
Finished epoch 315000, latest loss 0.03571648895740509
Finished epoch 316000, latest loss 0.11150241643190384
Finished epoch 317000, latest loss 0.07803144305944443
Finished epoch 318000, latest loss 0.06910368800163269
Finished epoch 319000, latest loss 0.05886271223425865
Finished epoch 320000, latest loss 0.06840063631534576
Finished epoch 321000, latest loss 0.11502388119697571
Finished epoch 322000, latest loss 0.04225411266088486
Finished epoch 323000, latest loss 0.08609916269779205
Finished epoch 324000, latest loss 0.06803498417139053
Finished epoch 325000, latest loss 0.12863965332508087
Finished epoch 326000, latest loss 0.028741011396050453
Finished epoch 327000, latest loss 0.034910477697849274
Finished epoch 328000, latest loss 0.03146078437566757
Finished epoch 329000, latest loss 0.05499712750315666
Finished epoch 330000, latest loss 0.07393045723438263
Finished epoch 331000, latest loss 0.052841994911432266
Finished epoch 332000, latest loss 0.06737696379423141
Finished epoch 333000, latest loss 0.053167082369327545
Finished epoch 334000, latest loss 0.07850434631109238
Finished epoch 335000, latest loss 0.11708863079547882
Finished epoch 336000, latest loss 0.12728996574878693
Finished epoch 337000, latest loss 0.09356904774904251
Finished epoch 338000, latest loss 0.04776269197463989
Finished epoch 339000, latest loss 0.07249704003334045
Finished epoch 340000, latest loss 0.05668295547366142
Finished epoch 341000, latest loss 0.07491956651210785
Finished epoch 342000, latest loss 0.08956842869520187
Finished epoch 343000, latest loss 0.10797286033630371
Finished epoch 344000, latest loss 0.07062356173992157
Finished epoch 345000, latest loss 0.1059967428445816
Finished epoch 346000, latest loss 0.07206938415765762
Finished epoch 347000, latest loss 0.09196031093597412
Finished epoch 348000, latest loss 0.10265558958053589
Finished epoch 349000, latest loss 0.11110082268714905
Finished epoch 350000, latest loss 0.018023239448666573
Finished epoch 351000, latest loss 0.13739341497421265
Finished epoch 352000, latest loss 0.07511025667190552
Finished epoch 353000, latest loss 0.06341616809368134
Finished epoch 354000, latest loss 0.03988027945160866
Finished epoch 355000, latest loss 0.07708156853914261
Finished epoch 356000, latest loss 0.11153947561979294
Finished epoch 357000, latest loss 0.09086848050355911
Finished epoch 358000, latest loss 0.10514518618583679
Finished epoch 359000, latest loss 0.037376873195171356
Finished epoch 360000, latest loss 0.0352536216378212
Finished epoch 361000, latest loss 0.08708500117063522
Finished epoch 362000, latest loss 0.12931251525878906
Finished epoch 363000, latest loss 0.06841463595628738
Finished epoch 364000, latest loss 0.033564794808626175
Finished epoch 365000, latest loss 0.06051493436098099
Finished epoch 366000, latest loss 0.12447892129421234
Finished epoch 367000, latest loss 0.07327128201723099
Finished epoch 368000, latest loss 0.06296363472938538
Finished epoch 369000, latest loss 0.04199095442891121
Finished epoch 370000, latest loss 0.05190528929233551
Finished epoch 371000, latest loss 0.07732996344566345
Finished epoch 372000, latest loss 0.1428501158952713
Finished epoch 373000, latest loss 0.05086073279380798
Finished epoch 374000, latest loss 0.06377863883972168
Finished epoch 375000, latest loss 0.05009481683373451
Finished epoch 376000, latest loss 0.042529646307229996
Finished epoch 377000, latest loss 0.047319911420345306
Finished epoch 378000, latest loss 0.1289454996585846
Finished epoch 379000, latest loss 0.0606500580906868
Finished epoch 380000, latest loss 0.1075463816523552
Finished epoch 381000, latest loss 0.0844104066491127
Finished epoch 382000, latest loss 0.07336484640836716
Finished epoch 383000, latest loss 0.038795001804828644
Finished epoch 384000, latest loss 0.030540920794010162
Finished epoch 385000, latest loss 0.10168664902448654
Finished epoch 386000, latest loss 0.07915597409009933
Finished epoch 387000, latest loss 0.06156215816736221
Finished epoch 388000, latest loss 0.04764990881085396
Finished epoch 389000, latest loss 0.06383118778467178
Finished epoch 390000, latest loss 0.050189677625894547
Finished epoch 391000, latest loss 0.03045867383480072
Finished epoch 392000, latest loss 0.10394759476184845
Finished epoch 393000, latest loss 0.08493619412183762
Finished epoch 394000, latest loss 0.06985615938901901
Finished epoch 395000, latest loss 0.12716974318027496
Finished epoch 396000, latest loss 0.03879775106906891
Finished epoch 397000, latest loss 0.10188287496566772
Finished epoch 398000, latest loss 0.01415879838168621
Finished epoch 399000, latest loss 0.06089678034186363
Finished epoch 400000, latest loss 0.09050114452838898
Finished epoch 401000, latest loss 0.05120619013905525
Finished epoch 402000, latest loss 0.034438639879226685
Finished epoch 403000, latest loss 0.10511033236980438
Finished epoch 404000, latest loss 0.05910063162446022
Finished epoch 405000, latest loss 0.07571105659008026
Finished epoch 406000, latest loss 0.10409824550151825
Finished epoch 407000, latest loss 0.06171763315796852
Finished epoch 408000, latest loss 0.035955507308244705
Finished epoch 409000, latest loss 0.09336243569850922
Finished epoch 410000, latest loss 0.04546871408820152
Finished epoch 411000, latest loss 0.05373583361506462
Finished epoch 412000, latest loss 0.10282252728939056
Finished epoch 413000, latest loss 0.03653950244188309
Finished epoch 414000, latest loss 0.09024836868047714
Finished epoch 415000, latest loss 0.08959197252988815
Finished epoch 416000, latest loss 0.05737326294183731
Finished epoch 417000, latest loss 0.05670733004808426
Finished epoch 418000, latest loss 0.056296899914741516
Finished epoch 419000, latest loss 0.07425610721111298
Finished epoch 420000, latest loss 0.019360370934009552
Finished epoch 421000, latest loss 0.062329113483428955
Finished epoch 422000, latest loss 0.08451564610004425
Finished epoch 423000, latest loss 0.08612192422151566
Finished epoch 424000, latest loss 0.07788968831300735
Finished epoch 425000, latest loss 0.09730590134859085
Finished epoch 426000, latest loss 0.05314137041568756
Finished epoch 427000, latest loss 0.09452227503061295
Finished epoch 428000, latest loss 0.039725691080093384
Finished epoch 429000, latest loss 0.07735077291727066
Finished epoch 430000, latest loss 0.06711943447589874
Finished epoch 431000, latest loss 0.04548732936382294
Finished epoch 432000, latest loss 0.07294859737157822
Finished epoch 433000, latest loss 0.07509257644414902
Finished epoch 434000, latest loss 0.046306416392326355
Finished epoch 435000, latest loss 0.036440327763557434
Finished epoch 436000, latest loss 0.09420146048069
Finished epoch 437000, latest loss 0.046636104583740234
Finished epoch 438000, latest loss 0.05022348463535309
Finished epoch 439000, latest loss 0.0920155867934227
Finished epoch 440000, latest loss 0.06470919400453568
Finished epoch 441000, latest loss 0.04976370558142662
Finished epoch 442000, latest loss 0.03239983692765236
Finished epoch 443000, latest loss 0.03112289495766163
Finished epoch 444000, latest loss 0.05794977396726608
Finished epoch 445000, latest loss 0.060654520988464355
Finished epoch 446000, latest loss 0.08343741297721863
Finished epoch 447000, latest loss 0.05192365124821663
Finished epoch 448000, latest loss 0.07921312749385834
Finished epoch 449000, latest loss 0.09351865947246552
Finished epoch 450000, latest loss 0.03768964856863022
Finished epoch 451000, latest loss 0.08990122377872467
Finished epoch 452000, latest loss 0.12673793733119965
Finished epoch 453000, latest loss 0.08785752952098846
Finished epoch 454000, latest loss 0.09277871996164322
Finished epoch 455000, latest loss 0.03789626061916351
Finished epoch 456000, latest loss 0.08796030282974243
Finished epoch 457000, latest loss 0.041252560913562775
Finished epoch 458000, latest loss 0.03268507122993469
Finished epoch 459000, latest loss 0.05000896751880646
Finished epoch 460000, latest loss 0.10081351548433304
Finished epoch 461000, latest loss 0.09521511942148209
Finished epoch 462000, latest loss 0.08861808478832245
Finished epoch 463000, latest loss 0.07845374196767807
Finished epoch 464000, latest loss 0.08840272575616837
Finished epoch 465000, latest loss 0.08349680155515671
Finished epoch 466000, latest loss 0.08598989248275757
Finished epoch 467000, latest loss 0.07435119152069092
Finished epoch 468000, latest loss 0.12479393184185028
Finished epoch 469000, latest loss 0.08324337750673294
Finished epoch 470000, latest loss 0.10655693709850311
Finished epoch 471000, latest loss 0.06824587285518646
Finished epoch 472000, latest loss 0.06600244343280792
Finished epoch 473000, latest loss 0.08554542064666748
Finished epoch 474000, latest loss 0.060895953327417374
Finished epoch 475000, latest loss 0.0702710673213005
Finished epoch 476000, latest loss 0.059144940227270126
Finished epoch 477000, latest loss 0.02924492210149765
Finished epoch 478000, latest loss 0.06858373433351517
Finished epoch 479000, latest loss 0.04669291526079178
Finished epoch 480000, latest loss 0.07553940266370773
Finished epoch 481000, latest loss 0.030187059193849564
Finished epoch 482000, latest loss 0.0415373221039772
Finished epoch 483000, latest loss 0.05401341989636421
Finished epoch 484000, latest loss 0.04117303714156151
Finished epoch 485000, latest loss 0.05286092311143875
Finished epoch 486000, latest loss 0.06488370895385742
Finished epoch 487000, latest loss 0.09742292761802673
Finished epoch 488000, latest loss 0.06605014204978943
Finished epoch 489000, latest loss 0.045155640691518784
Finished epoch 490000, latest loss 0.06092638894915581
Finished epoch 491000, latest loss 0.09930823743343353
Finished epoch 492000, latest loss 0.10085384547710419
Finished epoch 493000, latest loss 0.0586579293012619
Finished epoch 494000, latest loss 0.061698827892541885
Finished epoch 495000, latest loss 0.11288710683584213
Finished epoch 496000, latest loss 0.08020773530006409
Finished epoch 497000, latest loss 0.11761108040809631
Finished epoch 498000, latest loss 0.04146482050418854
Finished epoch 499000, latest loss 0.0822492316365242
Finished epoch 500000, latest loss 0.07506947219371796
Finished epoch 501000, latest loss 0.06458555161952972
Finished epoch 502000, latest loss 0.08050806820392609
Finished epoch 503000, latest loss 0.04477578401565552
Finished epoch 504000, latest loss 0.07544699311256409
Finished epoch 505000, latest loss 0.0617058165371418
Finished epoch 506000, latest loss 0.07120184600353241
Finished epoch 507000, latest loss 0.09583505988121033
Finished epoch 508000, latest loss 0.040916137397289276
Finished epoch 509000, latest loss 0.12896327674388885
Finished epoch 510000, latest loss 0.06766947358846664
Finished epoch 511000, latest loss 0.047779060900211334
Finished epoch 512000, latest loss 0.11781162023544312
Finished epoch 513000, latest loss 0.12686879932880402
Finished epoch 514000, latest loss 0.08784448355436325
Finished epoch 515000, latest loss 0.045306988060474396
Finished epoch 516000, latest loss 0.06361348927021027
Finished epoch 517000, latest loss 0.05502413213253021
Finished epoch 518000, latest loss 0.07725159078836441
Finished epoch 519000, latest loss 0.04968082904815674
Finished epoch 520000, latest loss 0.07840439677238464
Finished epoch 521000, latest loss 0.07397792488336563
Finished epoch 522000, latest loss 0.07708415389060974
Finished epoch 523000, latest loss 0.10152691602706909
Finished epoch 524000, latest loss 0.06473276019096375
Finished epoch 525000, latest loss 0.07072251290082932
Finished epoch 526000, latest loss 0.07857217639684677
Finished epoch 527000, latest loss 0.05603552609682083
Finished epoch 528000, latest loss 0.08846922218799591
Finished epoch 529000, latest loss 0.03181055188179016
Finished epoch 530000, latest loss 0.12237648665904999
Finished epoch 531000, latest loss 0.09795258194208145
Finished epoch 532000, latest loss 0.07535276561975479
Finished epoch 533000, latest loss 0.057139426469802856
Finished epoch 534000, latest loss 0.027629006654024124
Finished epoch 535000, latest loss 0.048514604568481445
Finished epoch 536000, latest loss 0.08859902620315552
Finished epoch 537000, latest loss 0.07880116999149323
Finished epoch 538000, latest loss 0.10218225419521332
Finished epoch 539000, latest loss 0.07509785145521164
Finished epoch 540000, latest loss 0.05587150901556015
Finished epoch 541000, latest loss 0.1320633739233017
Finished epoch 542000, latest loss 0.07985904067754745
Finished epoch 543000, latest loss 0.05657067522406578
Finished epoch 544000, latest loss 0.060694620013237
Finished epoch 545000, latest loss 0.030191589146852493
Finished epoch 546000, latest loss 0.059023045003414154
Finished epoch 547000, latest loss 0.06826842576265335
Finished epoch 548000, latest loss 0.033763252198696136
Finished epoch 549000, latest loss 0.08715164661407471
Finished epoch 550000, latest loss 0.0985274612903595
Finished epoch 551000, latest loss 0.03226763755083084
Finished epoch 552000, latest loss 0.08277396112680435
Finished epoch 553000, latest loss 0.08102560043334961
Finished epoch 554000, latest loss 0.11175870150327682
Finished epoch 555000, latest loss 0.0793779268860817
Finished epoch 556000, latest loss 0.06234442815184593
Finished epoch 557000, latest loss 0.0415765643119812
Finished epoch 558000, latest loss 0.03891494870185852
Finished epoch 559000, latest loss 0.03306484594941139
Finished epoch 560000, latest loss 0.08216997236013412
Finished epoch 561000, latest loss 0.13882428407669067
Finished epoch 562000, latest loss 0.03876303881406784
Finished epoch 563000, latest loss 0.06484547257423401
Finished epoch 564000, latest loss 0.040450725704431534
Finished epoch 565000, latest loss 0.0310305655002594
Finished epoch 566000, latest loss 0.04355676472187042
Finished epoch 567000, latest loss 0.08568786084651947
Finished epoch 568000, latest loss 0.11958452314138412
Finished epoch 569000, latest loss 0.07797110080718994
Finished epoch 570000, latest loss 0.052017293870449066
Finished epoch 571000, latest loss 0.04701019078493118
Finished epoch 572000, latest loss 0.032349176704883575
Finished epoch 573000, latest loss 0.09028921276330948
Finished epoch 574000, latest loss 0.054683052003383636
Finished epoch 575000, latest loss 0.08304570615291595
Finished epoch 576000, latest loss 0.024985283613204956
Finished epoch 577000, latest loss 0.05380363389849663
Finished epoch 578000, latest loss 0.04785031080245972
Finished epoch 579000, latest loss 0.09962496161460876
Finished epoch 580000, latest loss 0.12716791033744812
Finished epoch 581000, latest loss 0.041931916028261185
Finished epoch 582000, latest loss 0.08157521486282349
Finished epoch 583000, latest loss 0.0326116643846035
Finished epoch 584000, latest loss 0.07075440138578415
Finished epoch 585000, latest loss 0.02355649322271347
Finished epoch 586000, latest loss 0.09525129199028015
Finished epoch 587000, latest loss 0.13386008143424988
Finished epoch 588000, latest loss 0.05035938695073128
Finished epoch 589000, latest loss 0.08239947259426117
Finished epoch 590000, latest loss 0.06334223598241806
Finished epoch 591000, latest loss 0.08246912062168121
Finished epoch 592000, latest loss 0.07799508422613144
Finished epoch 593000, latest loss 0.029081732034683228
Finished epoch 594000, latest loss 0.08400345593690872
Finished epoch 595000, latest loss 0.034896690398454666
Finished epoch 596000, latest loss 0.0455959253013134
Finished epoch 597000, latest loss 0.042746301740407944
Finished epoch 598000, latest loss 0.1249757632613182
Finished epoch 599000, latest loss 0.027284014970064163
Finished epoch 600000, latest loss 0.037324581295251846
Finished epoch 601000, latest loss 0.0445430688560009
Finished epoch 602000, latest loss 0.13707223534584045
Finished epoch 603000, latest loss 0.0268901064991951
Finished epoch 604000, latest loss 0.12169644981622696
Finished epoch 605000, latest loss 0.04249374195933342
Finished epoch 606000, latest loss 0.04538857936859131
Finished epoch 607000, latest loss 0.06529667973518372
Finished epoch 608000, latest loss 0.08479340374469757
Finished epoch 609000, latest loss 0.06897830963134766
Finished epoch 610000, latest loss 0.08409327268600464
Finished epoch 611000, latest loss 0.07063561677932739
Finished epoch 612000, latest loss 0.031913068145513535
Finished epoch 613000, latest loss 0.04327377676963806
Finished epoch 614000, latest loss 0.05534161627292633
Finished epoch 615000, latest loss 0.041962865740060806
Finished epoch 616000, latest loss 0.031178586184978485
Finished epoch 617000, latest loss 0.03424333781003952
Finished epoch 618000, latest loss 0.053785473108291626
Finished epoch 619000, latest loss 0.06241074949502945
Finished epoch 620000, latest loss 0.09751295298337936
Finished epoch 621000, latest loss 0.1023469790816307
Finished epoch 622000, latest loss 0.07163189351558685
Finished epoch 623000, latest loss 0.06495361030101776
Finished epoch 624000, latest loss 0.11968697607517242
Finished epoch 625000, latest loss 0.05216032266616821
Finished epoch 626000, latest loss 0.12311261147260666
Finished epoch 627000, latest loss 0.06971989572048187
Finished epoch 628000, latest loss 0.11034315824508667
Finished epoch 629000, latest loss 0.07721816748380661
Finished epoch 630000, latest loss 0.09209012240171432
Finished epoch 631000, latest loss 0.06654371321201324
Finished epoch 632000, latest loss 0.06423351168632507
Finished epoch 633000, latest loss 0.08026286959648132
Finished epoch 634000, latest loss 0.0582369863986969
Finished epoch 635000, latest loss 0.09834993630647659
Finished epoch 636000, latest loss 0.0675092339515686
Finished epoch 637000, latest loss 0.09188634157180786
Finished epoch 638000, latest loss 0.05111314728856087
Finished epoch 639000, latest loss 0.045587897300720215
Finished epoch 640000, latest loss 0.049382906407117844
Finished epoch 641000, latest loss 0.06895773112773895
Finished epoch 642000, latest loss 0.08648882806301117
Finished epoch 643000, latest loss 0.06309136748313904
Finished epoch 644000, latest loss 0.06241308152675629
Finished epoch 645000, latest loss 0.08096300810575485
Finished epoch 646000, latest loss 0.05003931000828743
Finished epoch 647000, latest loss 0.028176143765449524
Finished epoch 648000, latest loss 0.047273509204387665
Finished epoch 649000, latest loss 0.025309912860393524
Finished epoch 650000, latest loss 0.03247547522187233
Finished epoch 651000, latest loss 0.0490257628262043
Finished epoch 652000, latest loss 0.03599027916789055
Finished epoch 653000, latest loss 0.09508586674928665
Finished epoch 654000, latest loss 0.07397262752056122
Finished epoch 655000, latest loss 0.09871368110179901
Finished epoch 656000, latest loss 0.0651853084564209
Finished epoch 657000, latest loss 0.14101330935955048
Finished epoch 658000, latest loss 0.06453837454319
Finished epoch 659000, latest loss 0.081619031727314
Finished epoch 660000, latest loss 0.10446864366531372
Finished epoch 661000, latest loss 0.05867002531886101
Finished epoch 662000, latest loss 0.0866660475730896
Finished epoch 663000, latest loss 0.0980590283870697
Finished epoch 664000, latest loss 0.05766472965478897
Finished epoch 665000, latest loss 0.0249332245439291
Finished epoch 666000, latest loss 0.06570149213075638
Finished epoch 667000, latest loss 0.030787862837314606
Finished epoch 668000, latest loss 0.049201130867004395
Finished epoch 669000, latest loss 0.05329573526978493
Finished epoch 670000, latest loss 0.04265379533171654
Finished epoch 671000, latest loss 0.04728798568248749
Finished epoch 672000, latest loss 0.06012658402323723
Finished epoch 673000, latest loss 0.06932714581489563
Finished epoch 674000, latest loss 0.07438918948173523
Finished epoch 675000, latest loss 0.11030487716197968
Finished epoch 676000, latest loss 0.0968129113316536
Finished epoch 677000, latest loss 0.06458085030317307
Finished epoch 678000, latest loss 0.03499990701675415
Finished epoch 679000, latest loss 0.099559485912323
Finished epoch 680000, latest loss 0.030365796759724617
Finished epoch 681000, latest loss 0.03076276183128357
Finished epoch 682000, latest loss 0.06211143732070923
Finished epoch 683000, latest loss 0.030093584209680557
Finished epoch 684000, latest loss 0.04277799651026726
Finished epoch 685000, latest loss 0.09488703310489655
Finished epoch 686000, latest loss 0.04023527354001999
Finished epoch 687000, latest loss 0.1366478055715561
Finished epoch 688000, latest loss 0.09403207153081894
Finished epoch 689000, latest loss 0.05689260736107826
Finished epoch 690000, latest loss 0.11000043153762817
Finished epoch 691000, latest loss 0.07659514248371124
Finished epoch 692000, latest loss 0.03897926211357117
Finished epoch 693000, latest loss 0.08972502499818802
Finished epoch 694000, latest loss 0.08124978095293045
Finished epoch 695000, latest loss 0.04459147900342941
Finished epoch 696000, latest loss 0.10447000712156296
Finished epoch 697000, latest loss 0.09145030379295349
Finished epoch 698000, latest loss 0.06872499734163284
Finished epoch 699000, latest loss 0.020904552191495895
Finished epoch 700000, latest loss 0.06440575420856476
Finished epoch 701000, latest loss 0.07039172202348709
Finished epoch 702000, latest loss 0.06912799179553986
Finished epoch 703000, latest loss 0.0758451372385025
Finished epoch 704000, latest loss 0.07413767278194427
Finished epoch 705000, latest loss 0.08087225258350372
Finished epoch 706000, latest loss 0.11158031970262527
Finished epoch 707000, latest loss 0.0256932582706213
Finished epoch 708000, latest loss 0.02175590768456459
Finished epoch 709000, latest loss 0.04398558288812637
Finished epoch 710000, latest loss 0.11696342378854752
Finished epoch 711000, latest loss 0.11755458265542984
Finished epoch 712000, latest loss 0.10632413625717163
Finished epoch 713000, latest loss 0.03762085735797882
Finished epoch 714000, latest loss 0.07391437888145447
Finished epoch 715000, latest loss 0.12716297805309296
Finished epoch 716000, latest loss 0.04687139019370079
Finished epoch 717000, latest loss 0.08774710446596146
Finished epoch 718000, latest loss 0.0964895561337471
Finished epoch 719000, latest loss 0.13278914988040924
Finished epoch 720000, latest loss 0.12809742987155914
Finished epoch 721000, latest loss 0.05229783430695534
Finished epoch 722000, latest loss 0.08413100987672806
Finished epoch 723000, latest loss 0.05152363330125809
Finished epoch 724000, latest loss 0.1063806489109993
Finished epoch 725000, latest loss 0.08324116468429565
Finished epoch 726000, latest loss 0.08683782815933228
Finished epoch 727000, latest loss 0.05326166749000549
Finished epoch 728000, latest loss 0.0728013888001442
Finished epoch 729000, latest loss 0.03596026450395584
Finished epoch 730000, latest loss 0.08427339047193527
Finished epoch 731000, latest loss 0.03915223106741905
Finished epoch 732000, latest loss 0.058032743632793427
Finished epoch 733000, latest loss 0.04320813715457916
Finished epoch 734000, latest loss 0.06091909855604172
Finished epoch 735000, latest loss 0.07709585875272751
Finished epoch 736000, latest loss 0.11762679368257523
Finished epoch 737000, latest loss 0.0669703334569931
Finished epoch 738000, latest loss 0.07015715539455414
Finished epoch 739000, latest loss 0.05006715655326843
Finished epoch 740000, latest loss 0.03225706145167351
Finished epoch 741000, latest loss 0.08888567239046097
Finished epoch 742000, latest loss 0.041714347898960114
Finished epoch 743000, latest loss 0.07033742964267731
Finished epoch 744000, latest loss 0.09914285689592361
Finished epoch 745000, latest loss 0.09021245688199997
Finished epoch 746000, latest loss 0.06791619211435318
Finished epoch 747000, latest loss 0.08653578907251358
Finished epoch 748000, latest loss 0.11669006198644638
Finished epoch 749000, latest loss 0.06097216159105301
Finished epoch 750000, latest loss 0.04035305231809616
Finished epoch 751000, latest loss 0.05292857438325882
Finished epoch 752000, latest loss 0.0766378715634346
Finished epoch 753000, latest loss 0.059667255729436874
Finished epoch 754000, latest loss 0.04514697194099426
Finished epoch 755000, latest loss 0.0677892342209816
Finished epoch 756000, latest loss 0.02904834970831871
Finished epoch 757000, latest loss 0.141324982047081
Finished epoch 758000, latest loss 0.0915883481502533
Finished epoch 759000, latest loss 0.0458395890891552
Finished epoch 760000, latest loss 0.17182274162769318
Finished epoch 761000, latest loss 0.06514739245176315
Finished epoch 762000, latest loss 0.06829939037561417
Finished epoch 763000, latest loss 0.07811272144317627
Finished epoch 764000, latest loss 0.05659738555550575
Finished epoch 765000, latest loss 0.09680542349815369
Finished epoch 766000, latest loss 0.061306409537792206
Finished epoch 767000, latest loss 0.07324706017971039
Finished epoch 768000, latest loss 0.04859578236937523
Finished epoch 769000, latest loss 0.07691039144992828
Finished epoch 770000, latest loss 0.03342233598232269
Finished epoch 771000, latest loss 0.05207157880067825
Finished epoch 772000, latest loss 0.06769192218780518
Finished epoch 773000, latest loss 0.09974126517772675
Finished epoch 774000, latest loss 0.09263276308774948
Finished epoch 775000, latest loss 0.027758371084928513
Finished epoch 776000, latest loss 0.08167222142219543
Finished epoch 777000, latest loss 0.050322651863098145
Finished epoch 778000, latest loss 0.05777917429804802
Finished epoch 779000, latest loss 0.1011086031794548
Finished epoch 780000, latest loss 0.06833881884813309
Finished epoch 781000, latest loss 0.07143014669418335
Finished epoch 782000, latest loss 0.06695511937141418
Finished epoch 783000, latest loss 0.05506807938218117
Finished epoch 784000, latest loss 0.0583336167037487
Finished epoch 785000, latest loss 0.06884312629699707
Finished epoch 786000, latest loss 0.09221067279577255
Finished epoch 787000, latest loss 0.07924451678991318
Finished epoch 788000, latest loss 0.05493823438882828
Finished epoch 789000, latest loss 0.01717638038098812
Finished epoch 790000, latest loss 0.06830037385225296
Finished epoch 791000, latest loss 0.09757228195667267
Finished epoch 792000, latest loss 0.04224083945155144
Finished epoch 793000, latest loss 0.0423370897769928
Finished epoch 794000, latest loss 0.0467349998652935
Finished epoch 795000, latest loss 0.08866292238235474
Finished epoch 796000, latest loss 0.08304446190595627
Finished epoch 797000, latest loss 0.08257363736629486
Finished epoch 798000, latest loss 0.07527082413434982
Finished epoch 799000, latest loss 0.07082713395357132
Finished epoch 800000, latest loss 0.06940454989671707
Finished epoch 801000, latest loss 0.07158997654914856
Finished epoch 802000, latest loss 0.04188059642910957
Finished epoch 803000, latest loss 0.1419285088777542
Finished epoch 804000, latest loss 0.07324762642383575
Finished epoch 805000, latest loss 0.16150487959384918
Finished epoch 806000, latest loss 0.15941406786441803
Finished epoch 807000, latest loss 0.07035713642835617
Finished epoch 808000, latest loss 0.08126755058765411
Finished epoch 809000, latest loss 0.054291099309921265
Finished epoch 810000, latest loss 0.08144771307706833
Finished epoch 811000, latest loss 0.0932551771402359
Finished epoch 812000, latest loss 0.07736742496490479
Finished epoch 813000, latest loss 0.05920412391424179
Finished epoch 814000, latest loss 0.07068350911140442
Finished epoch 815000, latest loss 0.0953853577375412
Finished epoch 816000, latest loss 0.11247434467077255
Finished epoch 817000, latest loss 0.06509463489055634
Finished epoch 818000, latest loss 0.03406759724020958
Finished epoch 819000, latest loss 0.05405137687921524
Finished epoch 820000, latest loss 0.07806166261434555
Finished epoch 821000, latest loss 0.05363065376877785
Finished epoch 822000, latest loss 0.052945978939533234
Finished epoch 823000, latest loss 0.10939957946538925
Finished epoch 824000, latest loss 0.020904213190078735
Finished epoch 825000, latest loss 0.04438866302371025
Finished epoch 826000, latest loss 0.0873723179101944
Finished epoch 827000, latest loss 0.10330420732498169
Finished epoch 828000, latest loss 0.13718624413013458
Finished epoch 829000, latest loss 0.09414711594581604
Finished epoch 830000, latest loss 0.060302361845970154
Finished epoch 831000, latest loss 0.09623794257640839
Finished epoch 832000, latest loss 0.05407698079943657
Finished epoch 833000, latest loss 0.07590483874082565
Finished epoch 834000, latest loss 0.09739682823419571
Finished epoch 835000, latest loss 0.05543481558561325
Finished epoch 836000, latest loss 0.05724027752876282
Finished epoch 837000, latest loss 0.07240058481693268
Finished epoch 838000, latest loss 0.08590633422136307
Finished epoch 839000, latest loss 0.08730771392583847
Finished epoch 840000, latest loss 0.048376183956861496
Finished epoch 841000, latest loss 0.1126784086227417
Finished epoch 842000, latest loss 0.11325503885746002
Finished epoch 843000, latest loss 0.05474744737148285
Finished epoch 844000, latest loss 0.022556021809577942
Finished epoch 845000, latest loss 0.08547309041023254
Finished epoch 846000, latest loss 0.0698825865983963
Finished epoch 847000, latest loss 0.05053085461258888
Finished epoch 848000, latest loss 0.09567390382289886
Finished epoch 849000, latest loss 0.09038896858692169
Finished epoch 850000, latest loss 0.07292047142982483
Finished epoch 851000, latest loss 0.053923532366752625
Finished epoch 852000, latest loss 0.06853778660297394
Finished epoch 853000, latest loss 0.0382641963660717
Finished epoch 854000, latest loss 0.15592513978481293
Finished epoch 855000, latest loss 0.026320433244109154
Finished epoch 856000, latest loss 0.06091751903295517
Finished epoch 857000, latest loss 0.1077241525053978
Finished epoch 858000, latest loss 0.04258681833744049
Finished epoch 859000, latest loss 0.1338472217321396
Finished epoch 860000, latest loss 0.09614243358373642
Finished epoch 861000, latest loss 0.04257006570696831
Finished epoch 862000, latest loss 0.07466062903404236
Finished epoch 863000, latest loss 0.04618026688694954
Finished epoch 864000, latest loss 0.08531470596790314
Finished epoch 865000, latest loss 0.055583659559488297
Finished epoch 866000, latest loss 0.07025470584630966
Finished epoch 867000, latest loss 0.06360864639282227
Finished epoch 868000, latest loss 0.06034830957651138
Finished epoch 869000, latest loss 0.07715064287185669
Finished epoch 870000, latest loss 0.023807154968380928
Finished epoch 871000, latest loss 0.06809031218290329
Finished epoch 872000, latest loss 0.049700599163770676
Finished epoch 873000, latest loss 0.07678788900375366
Finished epoch 874000, latest loss 0.041994333267211914
Finished epoch 875000, latest loss 0.09229698032140732
Finished epoch 876000, latest loss 0.13045772910118103
Finished epoch 877000, latest loss 0.1274966299533844
Finished epoch 878000, latest loss 0.04490457847714424
Finished epoch 879000, latest loss 0.11174152791500092
Finished epoch 880000, latest loss 0.07628437876701355
Finished epoch 881000, latest loss 0.03328443318605423
Finished epoch 882000, latest loss 0.09315025061368942
Finished epoch 883000, latest loss 0.04510590806603432
Finished epoch 884000, latest loss 0.17651581764221191
Finished epoch 885000, latest loss 0.06272421032190323
Finished epoch 886000, latest loss 0.11705616861581802
Finished epoch 887000, latest loss 0.0632847398519516
Finished epoch 888000, latest loss 0.11830978095531464
Finished epoch 889000, latest loss 0.10339322686195374
Finished epoch 890000, latest loss 0.06841490417718887
Finished epoch 891000, latest loss 0.06968781352043152
Finished epoch 892000, latest loss 0.045023322105407715
Finished epoch 893000, latest loss 0.033333856612443924
Finished epoch 894000, latest loss 0.04661939665675163
Finished epoch 895000, latest loss 0.11614206433296204
Finished epoch 896000, latest loss 0.06147276610136032
Finished epoch 897000, latest loss 0.048978324979543686
Finished epoch 898000, latest loss 0.08002904057502747
Finished epoch 899000, latest loss 0.08157693594694138
Finished epoch 900000, latest loss 0.06700421869754791
Finished epoch 901000, latest loss 0.090863436460495
Finished epoch 902000, latest loss 0.05649074167013168
Finished epoch 903000, latest loss 0.05801072344183922
Finished epoch 904000, latest loss 0.10074596107006073
Finished epoch 905000, latest loss 0.07481977343559265
Finished epoch 906000, latest loss 0.10108950734138489
Finished epoch 907000, latest loss 0.06393302977085114
Finished epoch 908000, latest loss 0.1080293208360672
Finished epoch 909000, latest loss 0.039318397641181946
Finished epoch 910000, latest loss 0.08436441421508789
Finished epoch 911000, latest loss 0.03233473375439644
Finished epoch 912000, latest loss 0.09163428097963333
Finished epoch 913000, latest loss 0.0790959894657135
Finished epoch 914000, latest loss 0.055920932441949844
Finished epoch 915000, latest loss 0.14388532936573029
Finished epoch 916000, latest loss 0.07404768466949463
Finished epoch 917000, latest loss 0.1273178607225418
Finished epoch 918000, latest loss 0.1716153919696808
Finished epoch 919000, latest loss 0.059685517102479935
Finished epoch 920000, latest loss 0.07354708760976791
Finished epoch 921000, latest loss 0.0728074386715889
Finished epoch 922000, latest loss 0.06614556163549423
Finished epoch 923000, latest loss 0.0747775211930275
Finished epoch 924000, latest loss 0.13261282444000244
Finished epoch 925000, latest loss 0.05359095335006714
Finished epoch 926000, latest loss 0.06861039251089096
Finished epoch 927000, latest loss 0.0759468525648117
Finished epoch 928000, latest loss 0.04704839736223221
Finished epoch 929000, latest loss 0.09045456349849701
Finished epoch 930000, latest loss 0.03123318776488304
Finished epoch 931000, latest loss 0.06681585311889648
Finished epoch 932000, latest loss 0.06267649680376053
Finished epoch 933000, latest loss 0.025408856570720673
Finished epoch 934000, latest loss 0.11368965357542038
Finished epoch 935000, latest loss 0.008151467889547348
Finished epoch 936000, latest loss 0.022005198523402214
Finished epoch 937000, latest loss 0.02888304740190506
Finished epoch 938000, latest loss 0.10703501105308533
Finished epoch 939000, latest loss 0.07365185022354126
Finished epoch 940000, latest loss 0.0466066412627697
Finished epoch 941000, latest loss 0.04724367707967758
Finished epoch 942000, latest loss 0.055995114147663116
Finished epoch 943000, latest loss 0.06223243847489357
Finished epoch 944000, latest loss 0.05429483577609062
Finished epoch 945000, latest loss 0.09143533557653427
Finished epoch 946000, latest loss 0.10080040991306305
Finished epoch 947000, latest loss 0.08277585357427597
Finished epoch 948000, latest loss 0.07854294031858444
Finished epoch 949000, latest loss 0.07165423035621643
Finished epoch 950000, latest loss 0.08448780328035355
Finished epoch 951000, latest loss 0.0748358815908432
Finished epoch 952000, latest loss 0.0582757331430912
Finished epoch 953000, latest loss 0.09304402023553848
Finished epoch 954000, latest loss 0.03861406818032265
Finished epoch 955000, latest loss 0.04665132611989975
Finished epoch 956000, latest loss 0.08786538243293762
Finished epoch 957000, latest loss 0.08865037560462952
Finished epoch 958000, latest loss 0.058629803359508514
Finished epoch 959000, latest loss 0.056621916592121124
Finished epoch 960000, latest loss 0.03622295707464218
Finished epoch 961000, latest loss 0.028620725497603416
Finished epoch 962000, latest loss 0.10402258485555649
Finished epoch 963000, latest loss 0.09057199209928513
Finished epoch 964000, latest loss 0.02422899194061756
Finished epoch 965000, latest loss 0.04893766716122627
Finished epoch 966000, latest loss 0.049356408417224884
Finished epoch 967000, latest loss 0.09004230797290802
Finished epoch 968000, latest loss 0.0618005096912384
Finished epoch 969000, latest loss 0.09463246166706085
Finished epoch 970000, latest loss 0.09216588735580444
Finished epoch 971000, latest loss 0.056629881262779236
Finished epoch 972000, latest loss 0.08463738113641739
Finished epoch 973000, latest loss 0.09148647636175156
Finished epoch 974000, latest loss 0.08382134139537811
Finished epoch 975000, latest loss 0.0978112667798996
Finished epoch 976000, latest loss 0.05737845227122307
Finished epoch 977000, latest loss 0.036839503794908524
Finished epoch 978000, latest loss 0.07199496030807495
Finished epoch 979000, latest loss 0.05825149640440941
Finished epoch 980000, latest loss 0.09384807199239731
Finished epoch 981000, latest loss 0.10454875975847244
Finished epoch 982000, latest loss 0.08019579946994781
Finished epoch 983000, latest loss 0.0746508315205574
Finished epoch 984000, latest loss 0.1064131110906601
Finished epoch 985000, latest loss 0.06779393553733826
Finished epoch 986000, latest loss 0.07598529756069183
Finished epoch 987000, latest loss 0.047547727823257446
Finished epoch 988000, latest loss 0.09134373813867569
Finished epoch 989000, latest loss 0.03329438343644142
Finished epoch 990000, latest loss 0.11614018678665161
Finished epoch 991000, latest loss 0.08157597482204437
Finished epoch 992000, latest loss 0.0710640400648117
Finished epoch 993000, latest loss 0.07692602276802063
Finished epoch 994000, latest loss 0.04356205835938454
Finished epoch 995000, latest loss 0.03678201138973236
Finished epoch 996000, latest loss 0.09407270699739456
Finished epoch 997000, latest loss 0.09573426842689514
Finished epoch 998000, latest loss 0.11509306728839874
Finished epoch 999000, latest loss 0.057301755994558334
Finished epoch 1000000, latest loss 0.06494656950235367
Finished epoch 1001000, latest loss 0.10463651269674301
Finished epoch 1002000, latest loss 0.04664134234189987
Finished epoch 1003000, latest loss 0.046145353466272354
Finished epoch 1004000, latest loss 0.1207173615694046
Finished epoch 1005000, latest loss 0.08763522654771805
Finished epoch 1006000, latest loss 0.048990845680236816
Finished epoch 1007000, latest loss 0.04482206702232361
Finished epoch 1008000, latest loss 0.07726974040269852
Finished epoch 1009000, latest loss 0.08296491205692291
Finished epoch 1010000, latest loss 0.07923703640699387
Finished epoch 1011000, latest loss 0.15074792504310608
Finished epoch 1012000, latest loss 0.06468904763460159
Finished epoch 1013000, latest loss 0.07848933339118958
Finished epoch 1014000, latest loss 0.05793401971459389
Finished epoch 1015000, latest loss 0.062415361404418945
Finished epoch 1016000, latest loss 0.07824782282114029
Finished epoch 1017000, latest loss 0.0692782998085022
Finished epoch 1018000, latest loss 0.05581919103860855
Finished epoch 1019000, latest loss 0.08893202245235443
Finished epoch 1020000, latest loss 0.09459679573774338
Finished epoch 1021000, latest loss 0.10573303699493408
Finished epoch 1022000, latest loss 0.035455308854579926
Finished epoch 1023000, latest loss 0.10716373473405838
Finished epoch 1024000, latest loss 0.07877305895090103
Finished epoch 1025000, latest loss 0.13605740666389465
Finished epoch 1026000, latest loss 0.10561138391494751
Finished epoch 1027000, latest loss 0.053698018193244934
Finished epoch 1028000, latest loss 0.05163334310054779
Finished epoch 1029000, latest loss 0.0747344046831131
Finished epoch 1030000, latest loss 0.1315763294696808
Finished epoch 1031000, latest loss 0.0993601456284523
Finished epoch 1032000, latest loss 0.09434827417135239
Finished epoch 1033000, latest loss 0.0549258291721344
Finished epoch 1034000, latest loss 0.110989049077034
Finished epoch 1035000, latest loss 0.09121467173099518
Finished epoch 1036000, latest loss 0.05471351370215416
Finished epoch 1037000, latest loss 0.09940201044082642
Finished epoch 1038000, latest loss 0.07856527715921402
Finished epoch 1039000, latest loss 0.035657793283462524
Finished epoch 1040000, latest loss 0.10590134561061859
Finished epoch 1041000, latest loss 0.045680779963731766
Finished epoch 1042000, latest loss 0.07569310069084167
Finished epoch 1043000, latest loss 0.05038495361804962
Finished epoch 1044000, latest loss 0.048622917383909225
Finished epoch 1045000, latest loss 0.03554472327232361
Finished epoch 1046000, latest loss 0.0731949582695961
Finished epoch 1047000, latest loss 0.07406815886497498
Finished epoch 1048000, latest loss 0.06522481143474579
Finished epoch 1049000, latest loss 0.08851343393325806
Finished epoch 1050000, latest loss 0.06021365895867348
Finished epoch 1051000, latest loss 0.038735877722501755
Finished epoch 1052000, latest loss 0.08186054229736328
Finished epoch 1053000, latest loss 0.11405783146619797
Finished epoch 1054000, latest loss 0.08539295941591263
Finished epoch 1055000, latest loss 0.056103095412254333
Finished epoch 1056000, latest loss 0.09152571111917496
Finished epoch 1057000, latest loss 0.07179660350084305
Finished epoch 1058000, latest loss 0.04200511798262596
Finished epoch 1059000, latest loss 0.10675893723964691
Finished epoch 1060000, latest loss 0.11579884588718414
Finished epoch 1061000, latest loss 0.03193777799606323
Finished epoch 1062000, latest loss 0.012006156146526337
Finished epoch 1063000, latest loss 0.07704587280750275
Finished epoch 1064000, latest loss 0.04162336885929108
Finished epoch 1065000, latest loss 0.12684163451194763
Finished epoch 1066000, latest loss 0.0964253693819046
Finished epoch 1067000, latest loss 0.06496980786323547
Finished epoch 1068000, latest loss 0.04542284831404686
Finished epoch 1069000, latest loss 0.07125687599182129
Finished epoch 1070000, latest loss 0.041288767009973526
Finished epoch 1071000, latest loss 0.08637087792158127
Finished epoch 1072000, latest loss 0.0712752416729927
Finished epoch 1073000, latest loss 0.08538717031478882
Finished epoch 1074000, latest loss 0.04572220519185066
Finished epoch 1075000, latest loss 0.0963820219039917
Finished epoch 1076000, latest loss 0.0722489207983017
Finished epoch 1077000, latest loss 0.09489250183105469
Finished epoch 1078000, latest loss 0.07394584268331528
Finished epoch 1079000, latest loss 0.05399569123983383
Finished epoch 1080000, latest loss 0.1126042827963829
Finished epoch 1081000, latest loss 0.08700788021087646
Finished epoch 1082000, latest loss 0.10266923904418945
Finished epoch 1083000, latest loss 0.08574790507555008
Finished epoch 1084000, latest loss 0.04955127090215683
Finished epoch 1085000, latest loss 0.12299773097038269
Finished epoch 1086000, latest loss 0.06858192384243011
Finished epoch 1087000, latest loss 0.06275075674057007
Finished epoch 1088000, latest loss 0.06203114241361618
Finished epoch 1089000, latest loss 0.06546954810619354
Finished epoch 1090000, latest loss 0.06638223677873611
Finished epoch 1091000, latest loss 0.07996484637260437
Finished epoch 1092000, latest loss 0.08955423533916473
Finished epoch 1093000, latest loss 0.12199750542640686
Finished epoch 1094000, latest loss 0.04496634379029274
Finished epoch 1095000, latest loss 0.025764930993318558
Finished epoch 1096000, latest loss 0.12270714342594147
Finished epoch 1097000, latest loss 0.052948422729969025
Finished epoch 1098000, latest loss 0.07344923168420792
Finished epoch 1099000, latest loss 0.06649089604616165
Finished epoch 1100000, latest loss 0.07353250682353973
Finished epoch 1101000, latest loss 0.05097091197967529
Finished epoch 1102000, latest loss 0.07154860347509384
Finished epoch 1103000, latest loss 0.08987762778997421
Finished epoch 1104000, latest loss 0.03144196793437004
Finished epoch 1105000, latest loss 0.016332879662513733
Finished epoch 1106000, latest loss 0.08132162690162659
Finished epoch 1107000, latest loss 0.048779211938381195
Finished epoch 1108000, latest loss 0.06353788822889328
Finished epoch 1109000, latest loss 0.043591372668743134
Finished epoch 1110000, latest loss 0.04939606413245201
Finished epoch 1111000, latest loss 0.1216154545545578
Finished epoch 1112000, latest loss 0.09382745623588562
Finished epoch 1113000, latest loss 0.09666510671377182
Finished epoch 1114000, latest loss 0.05140930041670799
Finished epoch 1115000, latest loss 0.10416000336408615
Finished epoch 1116000, latest loss 0.11867306381464005
Finished epoch 1117000, latest loss 0.07041485607624054
Finished epoch 1118000, latest loss 0.08234471827745438
Finished epoch 1119000, latest loss 0.11447914689779282
Finished epoch 1120000, latest loss 0.10810061544179916
Finished epoch 1121000, latest loss 0.17108973860740662
Finished epoch 1122000, latest loss 0.08397822827100754
Finished epoch 1123000, latest loss 0.052961599081754684
Finished epoch 1124000, latest loss 0.020571483299136162
Finished epoch 1125000, latest loss 0.07832485437393188
Finished epoch 1126000, latest loss 0.06802760809659958
Finished epoch 1127000, latest loss 0.19250789284706116
Finished epoch 1128000, latest loss 0.06731048226356506
Finished epoch 1129000, latest loss 0.0384807363152504
Finished epoch 1130000, latest loss 0.05206795409321785
Finished epoch 1131000, latest loss 0.06988324224948883
Finished epoch 1132000, latest loss 0.07401211559772491
Finished epoch 1133000, latest loss 0.08001784980297089
Finished epoch 1134000, latest loss 0.060891322791576385
Finished epoch 1135000, latest loss 0.10576086491346359
Finished epoch 1136000, latest loss 0.12030082941055298
Finished epoch 1137000, latest loss 0.07877174019813538
Finished epoch 1138000, latest loss 0.07843157649040222
Finished epoch 1139000, latest loss 0.11768665909767151
Finished epoch 1140000, latest loss 0.04424921050667763
Finished epoch 1141000, latest loss 0.03644348680973053
Finished epoch 1142000, latest loss 0.05212537944316864
Finished epoch 1143000, latest loss 0.06230134516954422
Finished epoch 1144000, latest loss 0.04616151005029678
Finished epoch 1145000, latest loss 0.0634116381406784
Finished epoch 1146000, latest loss 0.043569132685661316
Finished epoch 1147000, latest loss 0.13229158520698547
Finished epoch 1148000, latest loss 0.0867408737540245
Finished epoch 1149000, latest loss 0.10356270521879196
Finished epoch 1150000, latest loss 0.04014921188354492
Finished epoch 1151000, latest loss 0.09789548814296722
Finished epoch 1152000, latest loss 0.09998852014541626
Finished epoch 1153000, latest loss 0.06472388654947281
Finished epoch 1154000, latest loss 0.06038361415266991
Finished epoch 1155000, latest loss 0.09475963562726974
Finished epoch 1156000, latest loss 0.0809725821018219
Finished epoch 1157000, latest loss 0.06836500018835068
Finished epoch 1158000, latest loss 0.12365469336509705
Finished epoch 1159000, latest loss 0.07791323959827423
Finished epoch 1160000, latest loss 0.09295141696929932
Finished epoch 1161000, latest loss 0.1003306657075882
Finished epoch 1162000, latest loss 0.06993424147367477
Finished epoch 1163000, latest loss 0.06003456935286522
Finished epoch 1164000, latest loss 0.0739753320813179
Finished epoch 1165000, latest loss 0.07442449033260345
Finished epoch 1166000, latest loss 0.03174176812171936
Finished epoch 1167000, latest loss 0.08722416311502457
Finished epoch 1168000, latest loss 0.06654050946235657
Finished epoch 1169000, latest loss 0.0596025288105011
Finished epoch 1170000, latest loss 0.05599809065461159
Finished epoch 1171000, latest loss 0.0605328232049942
Finished epoch 1172000, latest loss 0.05994332954287529
Finished epoch 1173000, latest loss 0.04332130402326584
Finished epoch 1174000, latest loss 0.07015353441238403
Finished epoch 1175000, latest loss 0.08337260782718658
Finished epoch 1176000, latest loss 0.05848464369773865
Finished epoch 1177000, latest loss 0.09771350026130676
Finished epoch 1178000, latest loss 0.03214056044816971
Finished epoch 1179000, latest loss 0.08132022619247437
Finished epoch 1180000, latest loss 0.06122617796063423
Finished epoch 1181000, latest loss 0.11828668415546417
Finished epoch 1182000, latest loss 0.07420272380113602
Finished epoch 1183000, latest loss 0.07685080170631409
Finished epoch 1184000, latest loss 0.03786185383796692
Finished epoch 1185000, latest loss 0.0662771686911583
Finished epoch 1186000, latest loss 0.05080180615186691
Finished epoch 1187000, latest loss 0.0395718477666378
Finished epoch 1188000, latest loss 0.03393027186393738
Finished epoch 1189000, latest loss 0.0978783592581749
Finished epoch 1190000, latest loss 0.08860822021961212
Finished epoch 1191000, latest loss 0.03805802762508392
Finished epoch 1192000, latest loss 0.0739472284913063
Finished epoch 1193000, latest loss 0.09524566680192947
Finished epoch 1194000, latest loss 0.049774546176195145
Finished epoch 1195000, latest loss 0.08978760242462158
Finished epoch 1196000, latest loss 0.125684916973114
Finished epoch 1197000, latest loss 0.02351422980427742
Finished epoch 1198000, latest loss 0.11741381138563156
Finished epoch 1199000, latest loss 0.13227587938308716
Finished epoch 1200000, latest loss 0.03322229161858559
Finished epoch 1201000, latest loss 0.10659247636795044
Finished epoch 1202000, latest loss 0.07395149767398834
Finished epoch 1203000, latest loss 0.0335041843354702
Finished epoch 1204000, latest loss 0.04893624410033226
Finished epoch 1205000, latest loss 0.08390700072050095
Finished epoch 1206000, latest loss 0.029767023399472237
Finished epoch 1207000, latest loss 0.07389076054096222
Finished epoch 1208000, latest loss 0.1204613596200943
Finished epoch 1209000, latest loss 0.053044646978378296
Finished epoch 1210000, latest loss 0.053315646946430206
Finished epoch 1211000, latest loss 0.0772763043642044
Finished epoch 1212000, latest loss 0.09330804646015167
Finished epoch 1213000, latest loss 0.04595499858260155
Finished epoch 1214000, latest loss 0.09231866896152496
Finished epoch 1215000, latest loss 0.14636944234371185
Finished epoch 1216000, latest loss 0.05402893200516701
Finished epoch 1217000, latest loss 0.06987623125314713
Finished epoch 1218000, latest loss 0.10616816580295563
Finished epoch 1219000, latest loss 0.023220939561724663
Finished epoch 1220000, latest loss 0.06556486338376999
Finished epoch 1221000, latest loss 0.047355178743600845
Finished epoch 1222000, latest loss 0.0703449621796608
Finished epoch 1223000, latest loss 0.07467594742774963
Finished epoch 1224000, latest loss 0.09750758111476898
Finished epoch 1225000, latest loss 0.11702319979667664
Finished epoch 1226000, latest loss 0.09602458029985428
Finished epoch 1227000, latest loss 0.07017754018306732
Finished epoch 1228000, latest loss 0.11266553401947021
Finished epoch 1229000, latest loss 0.07330524176359177
Finished epoch 1230000, latest loss 0.07575485110282898
Finished epoch 1231000, latest loss 0.06535977870225906
Finished epoch 1232000, latest loss 0.08161351084709167
Finished epoch 1233000, latest loss 0.06341445446014404
Finished epoch 1234000, latest loss 0.08943284302949905
Finished epoch 1235000, latest loss 0.09136699140071869
Finished epoch 1236000, latest loss 0.06827831268310547
Finished epoch 1237000, latest loss 0.07755077630281448
Finished epoch 1238000, latest loss 0.0488177128136158
Finished epoch 1239000, latest loss 0.013289402239024639
Finished epoch 1240000, latest loss 0.0873241275548935
Finished epoch 1241000, latest loss 0.07182405143976212
Finished epoch 1242000, latest loss 0.05611523985862732
Finished epoch 1243000, latest loss 0.06446907669305801
Finished epoch 1244000, latest loss 0.14564254879951477
Finished epoch 1245000, latest loss 0.05204932764172554
Finished epoch 1246000, latest loss 0.1254148781299591
Finished epoch 1247000, latest loss 0.08746135979890823
Finished epoch 1248000, latest loss 0.039980411529541016
Finished epoch 1249000, latest loss 0.10056836903095245
Finished epoch 1250000, latest loss 0.1432504951953888
Finished epoch 1251000, latest loss 0.08980961889028549
Finished epoch 1252000, latest loss 0.12717707455158234
Finished epoch 1253000, latest loss 0.06005227193236351
Finished epoch 1254000, latest loss 0.09051539748907089
Finished epoch 1255000, latest loss 0.054677169770002365
Finished epoch 1256000, latest loss 0.05253900587558746
Finished epoch 1257000, latest loss 0.062372226268053055
Finished epoch 1258000, latest loss 0.0603535957634449
Finished epoch 1259000, latest loss 0.06333347409963608
Finished epoch 1260000, latest loss 0.1272086799144745
Finished epoch 1261000, latest loss 0.09197571128606796
Finished epoch 1262000, latest loss 0.0603117011487484
Finished epoch 1263000, latest loss 0.05318782106041908
Finished epoch 1264000, latest loss 0.1167718693614006
Finished epoch 1265000, latest loss 0.07196971029043198
Finished epoch 1266000, latest loss 0.08146585524082184
Finished epoch 1267000, latest loss 0.12344270199537277
Finished epoch 1268000, latest loss 0.09456391632556915
Finished epoch 1269000, latest loss 0.04695923253893852
Finished epoch 1270000, latest loss 0.04119672253727913
Finished epoch 1271000, latest loss 0.052231598645448685
Finished epoch 1272000, latest loss 0.0723506286740303
Finished epoch 1273000, latest loss 0.12260512262582779
Finished epoch 1274000, latest loss 0.06320393085479736
Finished epoch 1275000, latest loss 0.047767553478479385
Finished epoch 1276000, latest loss 0.1214967891573906
Finished epoch 1277000, latest loss 0.0840112715959549
Finished epoch 1278000, latest loss 0.11528538912534714
Finished epoch 1279000, latest loss 0.07403482496738434
Finished epoch 1280000, latest loss 0.05582601577043533


Saving model


Traceback (most recent call last):
  File "../scripts/WithDifferentMaps.py", line 283, in <module>
    torch.save(model.state_dict(), '../results/' + args.experiment_code + '_model_' + current_fold + '.pt')
TypeError: can only concatenate str (not "int") to str
srun: error: gpu11: task 0: Exited with exit code 1
srun: launch/slurm: _step_signal: Terminating StepId=9530615.0
