JobId=8579800 JobName=datasetscript.sbatch
   UserId=koner(565562) GroupId=domain users(100513) MCS_label=N/A
   Priority=17270676 Nice=0 Account=ewi-insy-ii-influence QOS=medium
   JobState=RUNNING Reason=None Dependency=(null)
   Requeue=0 Restarts=0 BatchFlag=1 Reboot=0 ExitCode=0:0
   DerivedExitCode=0:0
   RunTime=00:00:00 TimeLimit=05:00:00 TimeMin=N/A
   SubmitTime=2023-07-08T01:45:30 EligibleTime=2023-07-08T01:45:30
   AccrueTime=2023-07-08T01:45:30
   StartTime=2023-07-08T01:45:31 EndTime=2023-07-08T06:45:31 Deadline=N/A
   SuspendTime=None SecsPreSuspend=0 LastSchedEval=2023-07-08T01:45:31 Scheduler=Main
   Partition=general AllocNode:Sid=login1:1412
   ReqNodeList=(null) ExcNodeList=(null)
   NodeList=awi17,grs[1,3]
   BatchHost=awi17
   NumNodes=3 NumCPUs=10 NumTasks=10 CPUs/Task=1 ReqB:S:C:T=0:0:*:*
   TRES=cpu=10,mem=1000M,node=3,billing=5
   Socks/Node=* NtasksPerN:B:S:C=0:0:*:* CoreSpec=*
   JOB_GRES=(null)
     Nodes=awi17 CPU_IDs=10-13,32-33 Mem=600 GRES=
     Nodes=grs1 CPU_IDs=24-25 Mem=200 GRES=
     Nodes=grs3 CPU_IDs=14-15 Mem=200 GRES=
   MinCPUsNode=1 MinMemoryCPU=100M MinTmpDiskNode=0
   Features=(null) DelayBoot=00:00:00
   OverSubscribe=OK Contiguous=0 Licenses=(null) Network=(null)
   Command=/winhome/koner/Desktop/MCTS-Time-Management/jobscripts/datasetscript.sbatch
   WorkDir=/winhome/koner/Desktop/MCTS-Time-Management/jobscripts
   StdErr=/winhome/koner/Desktop/MCTS-Time-Management/jobscripts/slurm-8579800.out
   StdIn=/dev/null
   StdOut=/winhome/koner/Desktop/MCTS-Time-Management/jobscripts/slurm-8579800.out
   Power=
   MailUser=koner MailType=END
   

srun: Warning: can't run 1 processes on 3 nodes, setting nnodes to 1
srun: Warning: can't run 1 processes on 3 nodes, setting nnodes to 1
srun: Warning: can't run 1 processes on 3 nodes, setting nnodes to 1
srun: Warning: can't run 1 processes on 3 nodes, setting nnodes to 1
srun: Warning: can't run 1 processes on 3 nodes, setting nnodes to 1
srun: Warning: can't run 1 processes on 3 nodes, setting nnodes to 1
srun: Warning: can't run 1 processes on 3 nodes, setting nnodes to 1
srun: Warning: can't run 1 processes on 3 nodes, setting nnodes to 1
srun: Warning: can't run 1 processes on 3 nodes, setting nnodes to 1
srun: Warning: can't run 1 processes on 3 nodes, setting nnodes to 1
srun: Job 8579800 step creation temporarily disabled, retrying (Requested nodes are busy)
srun: Job 8579800 step creation temporarily disabled, retrying (Requested nodes are busy)
srun: Job 8579800 step creation temporarily disabled, retrying (Requested nodes are busy)
srun: Job 8579800 step creation temporarily disabled, retrying (Requested nodes are busy)
srun: Job 8579800 step creation temporarily disabled, retrying (Requested nodes are busy)
srun: Job 8579800 step creation still disabled, retrying (Requested nodes are busy)
srun: Job 8579800 step creation still disabled, retrying (Requested nodes are busy)
srun: Job 8579800 step creation still disabled, retrying (Requested nodes are busy)
srun: Job 8579800 step creation still disabled, retrying (Requested nodes are busy)
srun: Job 8579800 step creation still disabled, retrying (Requested nodes are busy)
srun: Job 8579800 step creation still disabled, retrying (Requested nodes are busy)
srun: Job 8579800 step creation still disabled, retrying (Requested nodes are busy)
srun: Job 8579800 step creation still disabled, retrying (Requested nodes are busy)
srun: Job 8579800 step creation still disabled, retrying (Requested nodes are busy)
srun: Job 8579800 step creation still disabled, retrying (Requested nodes are busy)
srun: Job 8579800 step creation still disabled, retrying (Requested nodes are busy)
srun: Job 8579800 step creation still disabled, retrying (Requested nodes are busy)
srun: Job 8579800 step creation still disabled, retrying (Requested nodes are busy)
srun: Job 8579800 step creation still disabled, retrying (Requested nodes are busy)
srun: Job 8579800 step creation still disabled, retrying (Requested nodes are busy)
srun: Job 8579800 step creation still disabled, retrying (Requested nodes are busy)
srun: Job 8579800 step creation still disabled, retrying (Requested nodes are busy)
srun: Job 8579800 step creation still disabled, retrying (Requested nodes are busy)
srun: Job 8579800 step creation still disabled, retrying (Requested nodes are busy)
srun: Job 8579800 step creation still disabled, retrying (Requested nodes are busy)
srun: Job 8579800 step creation still disabled, retrying (Requested nodes are busy)
srun: Job 8579800 step creation still disabled, retrying (Requested nodes are busy)
srun: Job 8579800 step creation still disabled, retrying (Requested nodes are busy)
srun: Job 8579800 step creation still disabled, retrying (Requested nodes are busy)
srun: Job 8579800 step creation still disabled, retrying (Requested nodes are busy)
srun: Job 8579800 step creation still disabled, retrying (Requested nodes are busy)
srun: Job 8579800 step creation still disabled, retrying (Requested nodes are busy)
srun: Job 8579800 step creation still disabled, retrying (Requested nodes are busy)
srun: Job 8579800 step creation still disabled, retrying (Requested nodes are busy)
srun: Job 8579800 step creation still disabled, retrying (Requested nodes are busy)
srun: Job 8579800 step creation still disabled, retrying (Requested nodes are busy)
srun: Job 8579800 step creation still disabled, retrying (Requested nodes are busy)
srun: Job 8579800 step creation still disabled, retrying (Requested nodes are busy)
srun: Job 8579800 step creation still disabled, retrying (Requested nodes are busy)
srun: Job 8579800 step creation still disabled, retrying (Requested nodes are busy)
srun: Job 8579800 step creation still disabled, retrying (Requested nodes are busy)
srun: Job 8579800 step creation still disabled, retrying (Requested nodes are busy)
srun: Job 8579800 step creation still disabled, retrying (Requested nodes are busy)
srun: Job 8579800 step creation still disabled, retrying (Requested nodes are busy)
srun: Job 8579800 step creation still disabled, retrying (Requested nodes are busy)
srun: Job 8579800 step creation still disabled, retrying (Requested nodes are busy)
srun: Job 8579800 step creation still disabled, retrying (Requested nodes are busy)
srun: Job 8579800 step creation still disabled, retrying (Requested nodes are busy)
srun: Job 8579800 step creation still disabled, retrying (Requested nodes are busy)
srun: Job 8579800 step creation still disabled, retrying (Requested nodes are busy)
srun: Job 8579800 step creation still disabled, retrying (Requested nodes are busy)
srun: Job 8579800 step creation still disabled, retrying (Requested nodes are busy)
srun: Job 8579800 step creation still disabled, retrying (Requested nodes are busy)
srun: Job 8579800 step creation still disabled, retrying (Requested nodes are busy)
srun: Job 8579800 step creation still disabled, retrying (Requested nodes are busy)
srun: Job 8579800 step creation still disabled, retrying (Requested nodes are busy)
srun: Job 8579800 step creation still disabled, retrying (Requested nodes are busy)
srun: Job 8579800 step creation still disabled, retrying (Requested nodes are busy)
srun: Job 8579800 step creation still disabled, retrying (Requested nodes are busy)
srun: Job 8579800 step creation still disabled, retrying (Requested nodes are busy)
srun: Job 8579800 step creation still disabled, retrying (Requested nodes are busy)
srun: Job 8579800 step creation still disabled, retrying (Requested nodes are busy)
srun: Job 8579800 step creation still disabled, retrying (Requested nodes are busy)
srun: Job 8579800 step creation still disabled, retrying (Requested nodes are busy)
srun: Job 8579800 step creation still disabled, retrying (Requested nodes are busy)
srun: Job 8579800 step creation still disabled, retrying (Requested nodes are busy)
srun: Job 8579800 step creation still disabled, retrying (Requested nodes are busy)
srun: Job 8579800 step creation still disabled, retrying (Requested nodes are busy)
srun: Job 8579800 step creation still disabled, retrying (Requested nodes are busy)
srun: Job 8579800 step creation still disabled, retrying (Requested nodes are busy)
srun: Job 8579800 step creation still disabled, retrying (Requested nodes are busy)
srun: Job 8579800 step creation still disabled, retrying (Requested nodes are busy)
srun: Job 8579800 step creation still disabled, retrying (Requested nodes are busy)
srun: Job 8579800 step creation still disabled, retrying (Requested nodes are busy)
srun: Job 8579800 step creation still disabled, retrying (Requested nodes are busy)
srun: Job 8579800 step creation still disabled, retrying (Requested nodes are busy)
srun: Job 8579800 step creation still disabled, retrying (Requested nodes are busy)
srun: Job 8579800 step creation still disabled, retrying (Requested nodes are busy)
srun: Job 8579800 step creation still disabled, retrying (Requested nodes are busy)
srun: Job 8579800 step creation still disabled, retrying (Requested nodes are busy)
srun: Job 8579800 step creation still disabled, retrying (Requested nodes are busy)
srun: Job 8579800 step creation still disabled, retrying (Requested nodes are busy)
srun: Job 8579800 step creation still disabled, retrying (Requested nodes are busy)
srun: Job 8579800 step creation still disabled, retrying (Requested nodes are busy)
srun: Job 8579800 step creation still disabled, retrying (Requested nodes are busy)
srun: Job 8579800 step creation still disabled, retrying (Requested nodes are busy)
srun: Job 8579800 step creation still disabled, retrying (Requested nodes are busy)
srun: Job 8579800 step creation still disabled, retrying (Requested nodes are busy)
srun: Job 8579800 step creation still disabled, retrying (Requested nodes are busy)
srun: Job 8579800 step creation still disabled, retrying (Requested nodes are busy)
srun: Job 8579800 step creation still disabled, retrying (Requested nodes are busy)
srun: Job 8579800 step creation still disabled, retrying (Requested nodes are busy)
srun: Job 8579800 step creation still disabled, retrying (Requested nodes are busy)
srun: Job 8579800 step creation still disabled, retrying (Requested nodes are busy)
srun: Job 8579800 step creation still disabled, retrying (Requested nodes are busy)
srun: Job 8579800 step creation still disabled, retrying (Requested nodes are busy)
srun: Job 8579800 step creation still disabled, retrying (Requested nodes are busy)
srun: Job 8579800 step creation still disabled, retrying (Requested nodes are busy)
srun: Job 8579800 step creation still disabled, retrying (Requested nodes are busy)
srun: Job 8579800 step creation still disabled, retrying (Requested nodes are busy)
srun: Job 8579800 step creation still disabled, retrying (Requested nodes are busy)
srun: Job 8579800 step creation still disabled, retrying (Requested nodes are busy)
srun: Job 8579800 step creation still disabled, retrying (Requested nodes are busy)
srun: Job 8579800 step creation still disabled, retrying (Requested nodes are busy)
srun: Job 8579800 step creation still disabled, retrying (Requested nodes are busy)
srun: Job 8579800 step creation still disabled, retrying (Requested nodes are busy)
srun: Job 8579800 step creation still disabled, retrying (Requested nodes are busy)
srun: Job 8579800 step creation still disabled, retrying (Requested nodes are busy)
srun: Job 8579800 step creation still disabled, retrying (Requested nodes are busy)
srun: Job 8579800 step creation still disabled, retrying (Requested nodes are busy)
srun: Job 8579800 step creation still disabled, retrying (Requested nodes are busy)
srun: Job 8579800 step creation still disabled, retrying (Requested nodes are busy)
srun: Job 8579800 step creation still disabled, retrying (Requested nodes are busy)
srun: Job 8579800 step creation still disabled, retrying (Requested nodes are busy)
srun: Job 8579800 step creation still disabled, retrying (Requested nodes are busy)
srun: Job 8579800 step creation still disabled, retrying (Requested nodes are busy)
srun: Job 8579800 step creation still disabled, retrying (Requested nodes are busy)
srun: Job 8579800 step creation still disabled, retrying (Requested nodes are busy)
srun: Job 8579800 step creation still disabled, retrying (Requested nodes are busy)
srun: Job 8579800 step creation still disabled, retrying (Requested nodes are busy)
srun: Job 8579800 step creation still disabled, retrying (Requested nodes are busy)
srun: Job 8579800 step creation still disabled, retrying (Requested nodes are busy)
srun: Job 8579800 step creation still disabled, retrying (Requested nodes are busy)
srun: Job 8579800 step creation still disabled, retrying (Requested nodes are busy)
srun: Job 8579800 step creation still disabled, retrying (Requested nodes are busy)
srun: Job 8579800 step creation still disabled, retrying (Requested nodes are busy)
srun: Job 8579800 step creation still disabled, retrying (Requested nodes are busy)
srun: Job 8579800 step creation still disabled, retrying (Requested nodes are busy)
srun: Job 8579800 step creation still disabled, retrying (Requested nodes are busy)
srun: Job 8579800 step creation still disabled, retrying (Requested nodes are busy)
srun: Job 8579800 step creation still disabled, retrying (Requested nodes are busy)
srun: Job 8579800 step creation still disabled, retrying (Requested nodes are busy)
srun: Job 8579800 step creation still disabled, retrying (Requested nodes are busy)
srun: Job 8579800 step creation still disabled, retrying (Requested nodes are busy)
srun: Job 8579800 step creation still disabled, retrying (Requested nodes are busy)
srun: Job 8579800 step creation still disabled, retrying (Requested nodes are busy)
srun: Job 8579800 step creation still disabled, retrying (Requested nodes are busy)
srun: Job 8579800 step creation still disabled, retrying (Requested nodes are busy)
srun: Job 8579800 step creation still disabled, retrying (Requested nodes are busy)
srun: Job 8579800 step creation still disabled, retrying (Requested nodes are busy)
srun: Job 8579800 step creation still disabled, retrying (Requested nodes are busy)
srun: Job 8579800 step creation still disabled, retrying (Requested nodes are busy)
srun: Job 8579800 step creation still disabled, retrying (Requested nodes are busy)
srun: Job 8579800 step creation still disabled, retrying (Requested nodes are busy)
srun: Job 8579800 step creation still disabled, retrying (Requested nodes are busy)
srun: Job 8579800 step creation still disabled, retrying (Requested nodes are busy)
srun: Job 8579800 step creation still disabled, retrying (Requested nodes are busy)
srun: Job 8579800 step creation still disabled, retrying (Requested nodes are busy)
srun: Job 8579800 step creation still disabled, retrying (Requested nodes are busy)
srun: Job 8579800 step creation still disabled, retrying (Requested nodes are busy)
srun: Job 8579800 step creation still disabled, retrying (Requested nodes are busy)
srun: Job 8579800 step creation still disabled, retrying (Requested nodes are busy)
srun: Job 8579800 step creation still disabled, retrying (Requested nodes are busy)
srun: Job 8579800 step creation still disabled, retrying (Requested nodes are busy)
srun: Job 8579800 step creation still disabled, retrying (Requested nodes are busy)
srun: Job 8579800 step creation still disabled, retrying (Requested nodes are busy)
srun: Job 8579800 step creation still disabled, retrying (Requested nodes are busy)
srun: Job 8579800 step creation still disabled, retrying (Requested nodes are busy)
srun: Job 8579800 step creation still disabled, retrying (Requested nodes are busy)
srun: Job 8579800 step creation still disabled, retrying (Requested nodes are busy)
srun: Job 8579800 step creation still disabled, retrying (Requested nodes are busy)
srun: Job 8579800 step creation still disabled, retrying (Requested nodes are busy)
srun: Job 8579800 step creation still disabled, retrying (Requested nodes are busy)
srun: Job 8579800 step creation still disabled, retrying (Requested nodes are busy)
srun: Job 8579800 step creation still disabled, retrying (Requested nodes are busy)
srun: Job 8579800 step creation still disabled, retrying (Requested nodes are busy)
srun: Job 8579800 step creation still disabled, retrying (Requested nodes are busy)
srun: Job 8579800 step creation still disabled, retrying (Requested nodes are busy)
srun: Job 8579800 step creation still disabled, retrying (Requested nodes are busy)
srun: Job 8579800 step creation still disabled, retrying (Requested nodes are busy)
srun: Job 8579800 step creation still disabled, retrying (Requested nodes are busy)
srun: Job 8579800 step creation still disabled, retrying (Requested nodes are busy)
srun: Job 8579800 step creation still disabled, retrying (Requested nodes are busy)
srun: Job 8579800 step creation still disabled, retrying (Requested nodes are busy)
srun: Job 8579800 step creation still disabled, retrying (Requested nodes are busy)
srun: Job 8579800 step creation still disabled, retrying (Requested nodes are busy)
srun: Job 8579800 step creation still disabled, retrying (Requested nodes are busy)
srun: Job 8579800 step creation still disabled, retrying (Requested nodes are busy)
srun: Job 8579800 step creation still disabled, retrying (Requested nodes are busy)
srun: Job 8579800 step creation still disabled, retrying (Requested nodes are busy)
srun: Job 8579800 step creation still disabled, retrying (Requested nodes are busy)
srun: Job 8579800 step creation still disabled, retrying (Requested nodes are busy)
srun: Job 8579800 step creation still disabled, retrying (Requested nodes are busy)
srun: Job 8579800 step creation still disabled, retrying (Requested nodes are busy)
srun: Job 8579800 step creation still disabled, retrying (Requested nodes are busy)
srun: Job 8579800 step creation still disabled, retrying (Requested nodes are busy)
srun: Job 8579800 step creation still disabled, retrying (Requested nodes are busy)
srun: Job 8579800 step creation still disabled, retrying (Requested nodes are busy)
srun: Job 8579800 step creation still disabled, retrying (Requested nodes are busy)
srun: Job 8579800 step creation still disabled, retrying (Requested nodes are busy)
srun: Job 8579800 step creation still disabled, retrying (Requested nodes are busy)
srun: Job 8579800 step creation still disabled, retrying (Requested nodes are busy)
srun: Job 8579800 step creation still disabled, retrying (Requested nodes are busy)
srun: Job 8579800 step creation still disabled, retrying (Requested nodes are busy)
srun: Job 8579800 step creation still disabled, retrying (Requested nodes are busy)
srun: Job 8579800 step creation still disabled, retrying (Requested nodes are busy)
srun: Job 8579800 step creation still disabled, retrying (Requested nodes are busy)
srun: Job 8579800 step creation still disabled, retrying (Requested nodes are busy)
srun: Job 8579800 step creation still disabled, retrying (Requested nodes are busy)
srun: Job 8579800 step creation still disabled, retrying (Requested nodes are busy)
srun: Job 8579800 step creation still disabled, retrying (Requested nodes are busy)
srun: Job 8579800 step creation still disabled, retrying (Requested nodes are busy)
srun: Job 8579800 step creation still disabled, retrying (Requested nodes are busy)
srun: Job 8579800 step creation still disabled, retrying (Requested nodes are busy)
srun: Job 8579800 step creation still disabled, retrying (Requested nodes are busy)
srun: Job 8579800 step creation still disabled, retrying (Requested nodes are busy)
srun: Job 8579800 step creation still disabled, retrying (Requested nodes are busy)
srun: Job 8579800 step creation still disabled, retrying (Requested nodes are busy)
srun: Job 8579800 step creation still disabled, retrying (Requested nodes are busy)
srun: Job 8579800 step creation still disabled, retrying (Requested nodes are busy)
srun: Job 8579800 step creation still disabled, retrying (Requested nodes are busy)
srun: Job 8579800 step creation still disabled, retrying (Requested nodes are busy)
srun: Job 8579800 step creation still disabled, retrying (Requested nodes are busy)
srun: Job 8579800 step creation still disabled, retrying (Requested nodes are busy)
srun: Job 8579800 step creation still disabled, retrying (Requested nodes are busy)
srun: Job 8579800 step creation still disabled, retrying (Requested nodes are busy)
srun: Job 8579800 step creation still disabled, retrying (Requested nodes are busy)
srun: Job 8579800 step creation still disabled, retrying (Requested nodes are busy)
srun: Job 8579800 step creation still disabled, retrying (Requested nodes are busy)
srun: Job 8579800 step creation still disabled, retrying (Requested nodes are busy)
srun: Job 8579800 step creation still disabled, retrying (Requested nodes are busy)
srun: Job 8579800 step creation still disabled, retrying (Requested nodes are busy)
srun: Job 8579800 step creation still disabled, retrying (Requested nodes are busy)
srun: Job 8579800 step creation still disabled, retrying (Requested nodes are busy)
srun: Job 8579800 step creation still disabled, retrying (Requested nodes are busy)
srun: Job 8579800 step creation still disabled, retrying (Requested nodes are busy)
srun: Job 8579800 step creation still disabled, retrying (Requested nodes are busy)
srun: Job 8579800 step creation still disabled, retrying (Requested nodes are busy)
srun: Job 8579800 step creation still disabled, retrying (Requested nodes are busy)
srun: Job 8579800 step creation still disabled, retrying (Requested nodes are busy)
srun: Job 8579800 step creation still disabled, retrying (Requested nodes are busy)
srun: Job 8579800 step creation still disabled, retrying (Requested nodes are busy)
srun: Job 8579800 step creation still disabled, retrying (Requested nodes are busy)
srun: Job 8579800 step creation still disabled, retrying (Requested nodes are busy)
srun: Job 8579800 step creation still disabled, retrying (Requested nodes are busy)
srun: Job 8579800 step creation still disabled, retrying (Requested nodes are busy)
srun: Job 8579800 step creation still disabled, retrying (Requested nodes are busy)
srun: Job 8579800 step creation still disabled, retrying (Requested nodes are busy)
srun: Job 8579800 step creation still disabled, retrying (Requested nodes are busy)
srun: Job 8579800 step creation still disabled, retrying (Requested nodes are busy)
srun: Job 8579800 step creation still disabled, retrying (Requested nodes are busy)
srun: Job 8579800 step creation still disabled, retrying (Requested nodes are busy)
srun: Job 8579800 step creation still disabled, retrying (Requested nodes are busy)
srun: Job 8579800 step creation still disabled, retrying (Requested nodes are busy)
srun: Job 8579800 step creation still disabled, retrying (Requested nodes are busy)
srun: Job 8579800 step creation still disabled, retrying (Requested nodes are busy)
srun: Job 8579800 step creation still disabled, retrying (Requested nodes are busy)
srun: Job 8579800 step creation still disabled, retrying (Requested nodes are busy)
srun: Job 8579800 step creation still disabled, retrying (Requested nodes are busy)
srun: Job 8579800 step creation still disabled, retrying (Requested nodes are busy)
srun: Job 8579800 step creation still disabled, retrying (Requested nodes are busy)
srun: Job 8579800 step creation still disabled, retrying (Requested nodes are busy)
srun: Job 8579800 step creation still disabled, retrying (Requested nodes are busy)
srun: Job 8579800 step creation still disabled, retrying (Requested nodes are busy)
srun: Job 8579800 step creation still disabled, retrying (Requested nodes are busy)
srun: Job 8579800 step creation still disabled, retrying (Requested nodes are busy)
srun: Job 8579800 step creation still disabled, retrying (Requested nodes are busy)
srun: Job 8579800 step creation still disabled, retrying (Requested nodes are busy)
srun: Job 8579800 step creation still disabled, retrying (Requested nodes are busy)
srun: Job 8579800 step creation still disabled, retrying (Requested nodes are busy)
srun: Job 8579800 step creation still disabled, retrying (Requested nodes are busy)
srun: Job 8579800 step creation still disabled, retrying (Requested nodes are busy)
srun: Job 8579800 step creation still disabled, retrying (Requested nodes are busy)
srun: Job 8579800 step creation still disabled, retrying (Requested nodes are busy)
srun: Job 8579800 step creation still disabled, retrying (Requested nodes are busy)
srun: Job 8579800 step creation still disabled, retrying (Requested nodes are busy)
srun: Job 8579800 step creation still disabled, retrying (Requested nodes are busy)
srun: Job 8579800 step creation still disabled, retrying (Requested nodes are busy)
srun: Job 8579800 step creation still disabled, retrying (Requested nodes are busy)
srun: Job 8579800 step creation still disabled, retrying (Requested nodes are busy)
srun: Job 8579800 step creation still disabled, retrying (Requested nodes are busy)
srun: Job 8579800 step creation still disabled, retrying (Requested nodes are busy)
srun: Job 8579800 step creation still disabled, retrying (Requested nodes are busy)
srun: Job 8579800 step creation still disabled, retrying (Requested nodes are busy)
srun: Job 8579800 step creation still disabled, retrying (Requested nodes are busy)
srun: Job 8579800 step creation still disabled, retrying (Requested nodes are busy)
srun: Job 8579800 step creation still disabled, retrying (Requested nodes are busy)
srun: Job 8579800 step creation still disabled, retrying (Requested nodes are busy)
srun: Step created for job 8579800
srun: Job 8579800 step creation still disabled, retrying (Requested nodes are busy)
srun: Job 8579800 step creation still disabled, retrying (Requested nodes are busy)
srun: Job 8579800 step creation still disabled, retrying (Requested nodes are busy)
srun: Job 8579800 step creation still disabled, retrying (Requested nodes are busy)
srun: Job 8579800 step creation still disabled, retrying (Requested nodes are busy)
srun: Step created for job 8579800
srun: Job 8579800 step creation still disabled, retrying (Requested nodes are busy)
srun: Job 8579800 step creation still disabled, retrying (Requested nodes are busy)
srun: Job 8579800 step creation still disabled, retrying (Requested nodes are busy)
srun: Job 8579800 step creation still disabled, retrying (Requested nodes are busy)
srun: Job 8579800 step creation still disabled, retrying (Requested nodes are busy)
srun: Job 8579800 step creation still disabled, retrying (Requested nodes are busy)
srun: Job 8579800 step creation still disabled, retrying (Requested nodes are busy)
srun: Job 8579800 step creation still disabled, retrying (Requested nodes are busy)
srun: Job 8579800 step creation still disabled, retrying (Requested nodes are busy)
srun: Job 8579800 step creation still disabled, retrying (Requested nodes are busy)
srun: Job 8579800 step creation still disabled, retrying (Requested nodes are busy)
srun: Job 8579800 step creation still disabled, retrying (Requested nodes are busy)
srun: Job 8579800 step creation still disabled, retrying (Requested nodes are busy)
srun: Job 8579800 step creation still disabled, retrying (Requested nodes are busy)
srun: Job 8579800 step creation still disabled, retrying (Requested nodes are busy)
srun: Job 8579800 step creation still disabled, retrying (Requested nodes are busy)
srun: Job 8579800 step creation still disabled, retrying (Requested nodes are busy)
srun: Job 8579800 step creation still disabled, retrying (Requested nodes are busy)
srun: Job 8579800 step creation still disabled, retrying (Requested nodes are busy)
srun: Job 8579800 step creation still disabled, retrying (Requested nodes are busy)
srun: Job 8579800 step creation still disabled, retrying (Requested nodes are busy)
srun: Job 8579800 step creation still disabled, retrying (Requested nodes are busy)
srun: Job 8579800 step creation still disabled, retrying (Requested nodes are busy)
srun: Job 8579800 step creation still disabled, retrying (Requested nodes are busy)
srun: Job 8579800 step creation still disabled, retrying (Requested nodes are busy)
srun: Job 8579800 step creation still disabled, retrying (Requested nodes are busy)
srun: Job 8579800 step creation still disabled, retrying (Requested nodes are busy)
srun: Job 8579800 step creation still disabled, retrying (Requested nodes are busy)
srun: Job 8579800 step creation still disabled, retrying (Requested nodes are busy)
srun: Job 8579800 step creation still disabled, retrying (Requested nodes are busy)
srun: Step created for job 8579800
srun: Job 8579800 step creation still disabled, retrying (Requested nodes are busy)
srun: Job 8579800 step creation still disabled, retrying (Requested nodes are busy)
srun: Job 8579800 step creation still disabled, retrying (Requested nodes are busy)
srun: Step created for job 8579800
srun: Job 8579800 step creation still disabled, retrying (Requested nodes are busy)
srun: Job 8579800 step creation still disabled, retrying (Requested nodes are busy)
srun: Step created for job 8579800
