JobId=8579782 JobName=datasetscript.sbatch
   UserId=koner(565562) GroupId=domain users(100513) MCS_label=N/A
   Priority=23345864 Nice=0 Account=ewi-insy-ii-influence QOS=short
   JobState=RUNNING Reason=None Dependency=(null)
   Requeue=0 Restarts=0 BatchFlag=1 Reboot=0 ExitCode=0:0
   DerivedExitCode=0:0
   RunTime=00:00:00 TimeLimit=00:15:00 TimeMin=N/A
   SubmitTime=2023-07-08T00:33:20 EligibleTime=2023-07-08T00:33:20
   AccrueTime=2023-07-08T00:33:20
   StartTime=2023-07-08T00:33:21 EndTime=2023-07-08T00:48:21 Deadline=N/A
   SuspendTime=None SecsPreSuspend=0 LastSchedEval=2023-07-08T00:33:21 Scheduler=Main
   Partition=general AllocNode:Sid=login1:1412
   ReqNodeList=(null) ExcNodeList=(null)
   NodeList=grs1
   BatchHost=grs1
   NumNodes=1 NumCPUs=2 NumTasks=1 CPUs/Task=1 ReqB:S:C:T=0:0:*:*
   TRES=cpu=2,mem=160M,node=1,billing=1
   Socks/Node=* NtasksPerN:B:S:C=0:0:*:* CoreSpec=*
   JOB_GRES=(null)
     Nodes=grs1 CPU_IDs=24-25 Mem=160 GRES=
   MinCPUsNode=1 MinMemoryCPU=80M MinTmpDiskNode=0
   Features=(null) DelayBoot=00:00:00
   OverSubscribe=OK Contiguous=0 Licenses=(null) Network=(null)
   Command=/winhome/koner/Desktop/MCTS-Time-Management/jobscripts/datasetscript.sbatch
   WorkDir=/winhome/koner/Desktop/MCTS-Time-Management/jobscripts
   StdErr=/winhome/koner/Desktop/MCTS-Time-Management/jobscripts/slurm-8579782.out
   StdIn=/dev/null
   StdOut=/winhome/koner/Desktop/MCTS-Time-Management/jobscripts/slurm-8579782.out
   Power=
   MailUser=koner MailType=END
   

