JobId=8612814 JobName=parametrized_frozenlake_dataset.sbatch
   UserId=koner(565562) GroupId=domain users(100513) MCS_label=N/A
   Priority=18869888 Nice=0 Account=ewi-insy-ii-influence QOS=medium
   JobState=RUNNING Reason=None Dependency=(null)
   Requeue=0 Restarts=0 BatchFlag=1 Reboot=0 ExitCode=0:0
   DerivedExitCode=0:0
   RunTime=00:00:00 TimeLimit=12:30:00 TimeMin=N/A
   SubmitTime=2023-07-30T02:38:39 EligibleTime=2023-07-30T02:38:39
   AccrueTime=2023-07-30T02:38:39
   StartTime=2023-07-30T02:38:40 EndTime=2023-07-30T15:08:40 Deadline=N/A
   SuspendTime=None SecsPreSuspend=0 LastSchedEval=2023-07-30T02:38:40 Scheduler=Main
   Partition=general AllocNode:Sid=login1:32401
   ReqNodeList=(null) ExcNodeList=(null)
   NodeList=grs[1-3]
   BatchHost=grs1
   NumNodes=3 NumCPUs=10 NumTasks=10 CPUs/Task=1 ReqB:S:C:T=0:0:*:*
   TRES=cpu=10,mem=840M,node=3,billing=5
   Socks/Node=* NtasksPerN:B:S:C=0:0:*:* CoreSpec=*
   JOB_GRES=(null)
     Nodes=grs1 CPU_IDs=14-15,26-27 Mem=336 GRES=
     Nodes=grs2 CPU_IDs=28-31 Mem=336 GRES=
     Nodes=grs3 CPU_IDs=10-11 Mem=168 GRES=
   MinCPUsNode=1 MinMemoryCPU=84M MinTmpDiskNode=0
   Features=(null) DelayBoot=00:00:00
   OverSubscribe=OK Contiguous=0 Licenses=(null) Network=(null)
   Command=/winhome/koner/Desktop/MCTS-Time-Management/jobscripts/parametrized_frozenlake_dataset.sbatch
   WorkDir=/winhome/koner/Desktop/MCTS-Time-Management/jobscripts
   StdErr=/winhome/koner/Desktop/MCTS-Time-Management/jobscripts/slurm-8612814.out
   StdIn=/dev/null
   StdOut=/winhome/koner/Desktop/MCTS-Time-Management/jobscripts/slurm-8612814.out
   Power=
   MailUser=koner MailType=END
   

srun: Warning: can't run 1 processes on 3 nodes, setting nnodes to 1
srun: Warning: can't run 1 processes on 3 nodes, setting nnodes to 1
srun: Warning: can't run 1 processes on 3 nodes, setting nnodes to 1
srun: Warning: can't run 1 processes on 3 nodes, setting nnodes to 1
srun: Warning: can't run 1 processes on 3 nodes, setting nnodes to 1
srun: Warning: can't run 1 processes on 3 nodes, setting nnodes to 1
srun: Warning: can't run 1 processes on 3 nodes, setting nnodes to 1
srun: Warning: can't run 1 processes on 3 nodes, setting nnodes to 1
srun: Warning: can't run 1 processes on 3 nodes, setting nnodes to 1
srun: Warning: can't run 1 processes on 3 nodes, setting nnodes to 1
srun: Job 8612814 step creation temporarily disabled, retrying (Requested nodes are busy)
srun: Job 8612814 step creation temporarily disabled, retrying (Requested nodes are busy)
srun: Job 8612814 step creation temporarily disabled, retrying (Requested nodes are busy)
srun: Job 8612814 step creation temporarily disabled, retrying (Requested nodes are busy)
srun: Job 8612814 step creation temporarily disabled, retrying (Requested nodes are busy)
srun: Job 8612814 step creation temporarily disabled, retrying (Requested nodes are busy)
srun: Job 8612814 step creation still disabled, retrying (Requested nodes are busy)
srun: Job 8612814 step creation still disabled, retrying (Requested nodes are busy)
srun: Job 8612814 step creation still disabled, retrying (Requested nodes are busy)
srun: Job 8612814 step creation still disabled, retrying (Requested nodes are busy)
srun: Job 8612814 step creation still disabled, retrying (Requested nodes are busy)
srun: Job 8612814 step creation still disabled, retrying (Requested nodes are busy)
srun: Job 8612814 step creation still disabled, retrying (Requested nodes are busy)
srun: Job 8612814 step creation still disabled, retrying (Requested nodes are busy)
srun: Job 8612814 step creation still disabled, retrying (Requested nodes are busy)
srun: Job 8612814 step creation still disabled, retrying (Requested nodes are busy)
srun: Job 8612814 step creation still disabled, retrying (Requested nodes are busy)
srun: Job 8612814 step creation still disabled, retrying (Requested nodes are busy)
srun: Job 8612814 step creation still disabled, retrying (Requested nodes are busy)
srun: Job 8612814 step creation still disabled, retrying (Requested nodes are busy)
srun: Job 8612814 step creation still disabled, retrying (Requested nodes are busy)
srun: Job 8612814 step creation still disabled, retrying (Requested nodes are busy)
srun: Job 8612814 step creation still disabled, retrying (Requested nodes are busy)
srun: Job 8612814 step creation still disabled, retrying (Requested nodes are busy)
srun: Job 8612814 step creation still disabled, retrying (Requested nodes are busy)
srun: Job 8612814 step creation still disabled, retrying (Requested nodes are busy)
srun: Job 8612814 step creation still disabled, retrying (Requested nodes are busy)
srun: Job 8612814 step creation still disabled, retrying (Requested nodes are busy)
srun: Job 8612814 step creation still disabled, retrying (Requested nodes are busy)
srun: Job 8612814 step creation still disabled, retrying (Requested nodes are busy)
srun: Job 8612814 step creation still disabled, retrying (Requested nodes are busy)
srun: Job 8612814 step creation still disabled, retrying (Requested nodes are busy)
srun: Job 8612814 step creation still disabled, retrying (Requested nodes are busy)
srun: Job 8612814 step creation still disabled, retrying (Requested nodes are busy)
srun: Job 8612814 step creation still disabled, retrying (Requested nodes are busy)
srun: Job 8612814 step creation still disabled, retrying (Requested nodes are busy)
srun: Job 8612814 step creation still disabled, retrying (Requested nodes are busy)
srun: Job 8612814 step creation still disabled, retrying (Requested nodes are busy)
srun: Job 8612814 step creation still disabled, retrying (Requested nodes are busy)
srun: Job 8612814 step creation still disabled, retrying (Requested nodes are busy)
srun: Job 8612814 step creation still disabled, retrying (Requested nodes are busy)
srun: Job 8612814 step creation still disabled, retrying (Requested nodes are busy)
srun: Job 8612814 step creation still disabled, retrying (Requested nodes are busy)
srun: Job 8612814 step creation still disabled, retrying (Requested nodes are busy)
srun: Job 8612814 step creation still disabled, retrying (Requested nodes are busy)
srun: Job 8612814 step creation still disabled, retrying (Requested nodes are busy)
srun: Job 8612814 step creation still disabled, retrying (Requested nodes are busy)
srun: Job 8612814 step creation still disabled, retrying (Requested nodes are busy)
srun: Job 8612814 step creation still disabled, retrying (Requested nodes are busy)
srun: Job 8612814 step creation still disabled, retrying (Requested nodes are busy)
srun: Job 8612814 step creation still disabled, retrying (Requested nodes are busy)
srun: Job 8612814 step creation still disabled, retrying (Requested nodes are busy)
srun: Job 8612814 step creation still disabled, retrying (Requested nodes are busy)
srun: Job 8612814 step creation still disabled, retrying (Requested nodes are busy)
srun: Job 8612814 step creation still disabled, retrying (Requested nodes are busy)
srun: Job 8612814 step creation still disabled, retrying (Requested nodes are busy)
srun: Job 8612814 step creation still disabled, retrying (Requested nodes are busy)
srun: Job 8612814 step creation still disabled, retrying (Requested nodes are busy)
srun: Job 8612814 step creation still disabled, retrying (Requested nodes are busy)
srun: Job 8612814 step creation still disabled, retrying (Requested nodes are busy)
srun: Job 8612814 step creation still disabled, retrying (Requested nodes are busy)
srun: Job 8612814 step creation still disabled, retrying (Requested nodes are busy)
srun: Job 8612814 step creation still disabled, retrying (Requested nodes are busy)
srun: Job 8612814 step creation still disabled, retrying (Requested nodes are busy)
srun: Job 8612814 step creation still disabled, retrying (Requested nodes are busy)
srun: Job 8612814 step creation still disabled, retrying (Requested nodes are busy)
srun: Job 8612814 step creation still disabled, retrying (Requested nodes are busy)
srun: Job 8612814 step creation still disabled, retrying (Requested nodes are busy)
srun: Job 8612814 step creation still disabled, retrying (Requested nodes are busy)
srun: Job 8612814 step creation still disabled, retrying (Requested nodes are busy)
srun: Job 8612814 step creation still disabled, retrying (Requested nodes are busy)
srun: Job 8612814 step creation still disabled, retrying (Requested nodes are busy)
srun: Job 8612814 step creation still disabled, retrying (Requested nodes are busy)
srun: Job 8612814 step creation still disabled, retrying (Requested nodes are busy)
srun: Job 8612814 step creation still disabled, retrying (Requested nodes are busy)
srun: Job 8612814 step creation still disabled, retrying (Requested nodes are busy)
srun: Job 8612814 step creation still disabled, retrying (Requested nodes are busy)
srun: Job 8612814 step creation still disabled, retrying (Requested nodes are busy)
srun: Job 8612814 step creation still disabled, retrying (Requested nodes are busy)
srun: Job 8612814 step creation still disabled, retrying (Requested nodes are busy)
srun: Job 8612814 step creation still disabled, retrying (Requested nodes are busy)
srun: Job 8612814 step creation still disabled, retrying (Requested nodes are busy)
srun: Job 8612814 step creation still disabled, retrying (Requested nodes are busy)
srun: Job 8612814 step creation still disabled, retrying (Requested nodes are busy)
srun: Job 8612814 step creation still disabled, retrying (Requested nodes are busy)
srun: Job 8612814 step creation still disabled, retrying (Requested nodes are busy)
srun: Job 8612814 step creation still disabled, retrying (Requested nodes are busy)
srun: Job 8612814 step creation still disabled, retrying (Requested nodes are busy)
srun: Job 8612814 step creation still disabled, retrying (Requested nodes are busy)
srun: Job 8612814 step creation still disabled, retrying (Requested nodes are busy)
srun: Job 8612814 step creation still disabled, retrying (Requested nodes are busy)
srun: Job 8612814 step creation still disabled, retrying (Requested nodes are busy)
srun: Job 8612814 step creation still disabled, retrying (Requested nodes are busy)
srun: Job 8612814 step creation still disabled, retrying (Requested nodes are busy)
srun: Job 8612814 step creation still disabled, retrying (Requested nodes are busy)
srun: Job 8612814 step creation still disabled, retrying (Requested nodes are busy)
srun: Job 8612814 step creation still disabled, retrying (Requested nodes are busy)
srun: Job 8612814 step creation still disabled, retrying (Requested nodes are busy)
srun: Job 8612814 step creation still disabled, retrying (Requested nodes are busy)
srun: Job 8612814 step creation still disabled, retrying (Requested nodes are busy)
srun: Job 8612814 step creation still disabled, retrying (Requested nodes are busy)
srun: Job 8612814 step creation still disabled, retrying (Requested nodes are busy)
srun: Job 8612814 step creation still disabled, retrying (Requested nodes are busy)
srun: Job 8612814 step creation still disabled, retrying (Requested nodes are busy)
srun: Job 8612814 step creation still disabled, retrying (Requested nodes are busy)
srun: Job 8612814 step creation still disabled, retrying (Requested nodes are busy)
srun: Job 8612814 step creation still disabled, retrying (Requested nodes are busy)
srun: Job 8612814 step creation still disabled, retrying (Requested nodes are busy)
srun: Job 8612814 step creation still disabled, retrying (Requested nodes are busy)
srun: Job 8612814 step creation still disabled, retrying (Requested nodes are busy)
srun: Job 8612814 step creation still disabled, retrying (Requested nodes are busy)
srun: Job 8612814 step creation still disabled, retrying (Requested nodes are busy)
srun: Job 8612814 step creation still disabled, retrying (Requested nodes are busy)
srun: Job 8612814 step creation still disabled, retrying (Requested nodes are busy)
srun: Job 8612814 step creation still disabled, retrying (Requested nodes are busy)
srun: Job 8612814 step creation still disabled, retrying (Requested nodes are busy)
srun: Job 8612814 step creation still disabled, retrying (Requested nodes are busy)
srun: Job 8612814 step creation still disabled, retrying (Requested nodes are busy)
srun: Job 8612814 step creation still disabled, retrying (Requested nodes are busy)
srun: Job 8612814 step creation still disabled, retrying (Requested nodes are busy)
srun: Job 8612814 step creation still disabled, retrying (Requested nodes are busy)
srun: Job 8612814 step creation still disabled, retrying (Requested nodes are busy)
srun: Job 8612814 step creation still disabled, retrying (Requested nodes are busy)
srun: Job 8612814 step creation still disabled, retrying (Requested nodes are busy)
srun: Job 8612814 step creation still disabled, retrying (Requested nodes are busy)
srun: Job 8612814 step creation still disabled, retrying (Requested nodes are busy)
srun: Job 8612814 step creation still disabled, retrying (Requested nodes are busy)
srun: Job 8612814 step creation still disabled, retrying (Requested nodes are busy)
srun: Job 8612814 step creation still disabled, retrying (Requested nodes are busy)
srun: Job 8612814 step creation still disabled, retrying (Requested nodes are busy)
srun: Job 8612814 step creation still disabled, retrying (Requested nodes are busy)
srun: Job 8612814 step creation still disabled, retrying (Requested nodes are busy)
srun: Job 8612814 step creation still disabled, retrying (Requested nodes are busy)
srun: Job 8612814 step creation still disabled, retrying (Requested nodes are busy)
srun: Job 8612814 step creation still disabled, retrying (Requested nodes are busy)
srun: Job 8612814 step creation still disabled, retrying (Requested nodes are busy)
srun: Job 8612814 step creation still disabled, retrying (Requested nodes are busy)
srun: Job 8612814 step creation still disabled, retrying (Requested nodes are busy)
srun: Job 8612814 step creation still disabled, retrying (Requested nodes are busy)
srun: Job 8612814 step creation still disabled, retrying (Requested nodes are busy)
srun: Job 8612814 step creation still disabled, retrying (Requested nodes are busy)
srun: Job 8612814 step creation still disabled, retrying (Requested nodes are busy)
srun: Job 8612814 step creation still disabled, retrying (Requested nodes are busy)
srun: Job 8612814 step creation still disabled, retrying (Requested nodes are busy)
srun: Job 8612814 step creation still disabled, retrying (Requested nodes are busy)
srun: Job 8612814 step creation still disabled, retrying (Requested nodes are busy)
srun: Job 8612814 step creation still disabled, retrying (Requested nodes are busy)
srun: Job 8612814 step creation still disabled, retrying (Requested nodes are busy)
srun: Job 8612814 step creation still disabled, retrying (Requested nodes are busy)
srun: Job 8612814 step creation still disabled, retrying (Requested nodes are busy)
srun: Job 8612814 step creation still disabled, retrying (Requested nodes are busy)
srun: Job 8612814 step creation still disabled, retrying (Requested nodes are busy)
srun: Job 8612814 step creation still disabled, retrying (Requested nodes are busy)
srun: Job 8612814 step creation still disabled, retrying (Requested nodes are busy)
srun: Job 8612814 step creation still disabled, retrying (Requested nodes are busy)
srun: Job 8612814 step creation still disabled, retrying (Requested nodes are busy)
srun: Job 8612814 step creation still disabled, retrying (Requested nodes are busy)
srun: Job 8612814 step creation still disabled, retrying (Requested nodes are busy)
srun: Job 8612814 step creation still disabled, retrying (Requested nodes are busy)
srun: Job 8612814 step creation still disabled, retrying (Requested nodes are busy)
srun: Job 8612814 step creation still disabled, retrying (Requested nodes are busy)
srun: Job 8612814 step creation still disabled, retrying (Requested nodes are busy)
srun: Job 8612814 step creation still disabled, retrying (Requested nodes are busy)
srun: Job 8612814 step creation still disabled, retrying (Requested nodes are busy)
srun: Job 8612814 step creation still disabled, retrying (Requested nodes are busy)
srun: Job 8612814 step creation still disabled, retrying (Requested nodes are busy)
srun: Job 8612814 step creation still disabled, retrying (Requested nodes are busy)
srun: Job 8612814 step creation still disabled, retrying (Requested nodes are busy)
srun: Job 8612814 step creation still disabled, retrying (Requested nodes are busy)
srun: Job 8612814 step creation still disabled, retrying (Requested nodes are busy)
srun: Job 8612814 step creation still disabled, retrying (Requested nodes are busy)
srun: Job 8612814 step creation still disabled, retrying (Requested nodes are busy)
srun: Job 8612814 step creation still disabled, retrying (Requested nodes are busy)
srun: Job 8612814 step creation still disabled, retrying (Requested nodes are busy)
srun: Job 8612814 step creation still disabled, retrying (Requested nodes are busy)
srun: Job 8612814 step creation still disabled, retrying (Requested nodes are busy)
srun: Job 8612814 step creation still disabled, retrying (Requested nodes are busy)
srun: Job 8612814 step creation still disabled, retrying (Requested nodes are busy)
srun: Job 8612814 step creation still disabled, retrying (Requested nodes are busy)
srun: Job 8612814 step creation still disabled, retrying (Requested nodes are busy)
srun: Job 8612814 step creation still disabled, retrying (Requested nodes are busy)
srun: Job 8612814 step creation still disabled, retrying (Requested nodes are busy)
srun: Job 8612814 step creation still disabled, retrying (Requested nodes are busy)
srun: Job 8612814 step creation still disabled, retrying (Requested nodes are busy)
srun: Job 8612814 step creation still disabled, retrying (Requested nodes are busy)
srun: Job 8612814 step creation still disabled, retrying (Requested nodes are busy)
srun: Job 8612814 step creation still disabled, retrying (Requested nodes are busy)
srun: Job 8612814 step creation still disabled, retrying (Requested nodes are busy)
srun: Job 8612814 step creation still disabled, retrying (Requested nodes are busy)
srun: Job 8612814 step creation still disabled, retrying (Requested nodes are busy)
srun: Job 8612814 step creation still disabled, retrying (Requested nodes are busy)
srun: Job 8612814 step creation still disabled, retrying (Requested nodes are busy)
srun: Job 8612814 step creation still disabled, retrying (Requested nodes are busy)
srun: Job 8612814 step creation still disabled, retrying (Requested nodes are busy)
srun: Job 8612814 step creation still disabled, retrying (Requested nodes are busy)
srun: Job 8612814 step creation still disabled, retrying (Requested nodes are busy)
srun: Job 8612814 step creation still disabled, retrying (Requested nodes are busy)
srun: Job 8612814 step creation still disabled, retrying (Requested nodes are busy)
srun: Job 8612814 step creation still disabled, retrying (Requested nodes are busy)
srun: Job 8612814 step creation still disabled, retrying (Requested nodes are busy)
srun: Job 8612814 step creation still disabled, retrying (Requested nodes are busy)
srun: Job 8612814 step creation still disabled, retrying (Requested nodes are busy)
srun: Job 8612814 step creation still disabled, retrying (Requested nodes are busy)
srun: Job 8612814 step creation still disabled, retrying (Requested nodes are busy)
srun: Job 8612814 step creation still disabled, retrying (Requested nodes are busy)
srun: Job 8612814 step creation still disabled, retrying (Requested nodes are busy)
srun: Job 8612814 step creation still disabled, retrying (Requested nodes are busy)
srun: Job 8612814 step creation still disabled, retrying (Requested nodes are busy)
srun: Job 8612814 step creation still disabled, retrying (Requested nodes are busy)
srun: Job 8612814 step creation still disabled, retrying (Requested nodes are busy)
srun: Job 8612814 step creation still disabled, retrying (Requested nodes are busy)
srun: Job 8612814 step creation still disabled, retrying (Requested nodes are busy)
srun: Job 8612814 step creation still disabled, retrying (Requested nodes are busy)
srun: Job 8612814 step creation still disabled, retrying (Requested nodes are busy)
srun: Job 8612814 step creation still disabled, retrying (Requested nodes are busy)
srun: Job 8612814 step creation still disabled, retrying (Requested nodes are busy)
srun: Job 8612814 step creation still disabled, retrying (Requested nodes are busy)
srun: Job 8612814 step creation still disabled, retrying (Requested nodes are busy)
srun: Job 8612814 step creation still disabled, retrying (Requested nodes are busy)
srun: Job 8612814 step creation still disabled, retrying (Requested nodes are busy)
srun: Job 8612814 step creation still disabled, retrying (Requested nodes are busy)
srun: Job 8612814 step creation still disabled, retrying (Requested nodes are busy)
srun: Job 8612814 step creation still disabled, retrying (Requested nodes are busy)
srun: Job 8612814 step creation still disabled, retrying (Requested nodes are busy)
srun: Job 8612814 step creation still disabled, retrying (Requested nodes are busy)
srun: Job 8612814 step creation still disabled, retrying (Requested nodes are busy)
srun: Job 8612814 step creation still disabled, retrying (Requested nodes are busy)
srun: Job 8612814 step creation still disabled, retrying (Requested nodes are busy)
srun: Job 8612814 step creation still disabled, retrying (Requested nodes are busy)
srun: Job 8612814 step creation still disabled, retrying (Requested nodes are busy)
srun: Job 8612814 step creation still disabled, retrying (Requested nodes are busy)
srun: Job 8612814 step creation still disabled, retrying (Requested nodes are busy)
srun: Job 8612814 step creation still disabled, retrying (Requested nodes are busy)
srun: Job 8612814 step creation still disabled, retrying (Requested nodes are busy)
srun: Job 8612814 step creation still disabled, retrying (Requested nodes are busy)
srun: Job 8612814 step creation still disabled, retrying (Requested nodes are busy)
srun: Job 8612814 step creation still disabled, retrying (Requested nodes are busy)
srun: Job 8612814 step creation still disabled, retrying (Requested nodes are busy)
srun: Job 8612814 step creation still disabled, retrying (Requested nodes are busy)
srun: Job 8612814 step creation still disabled, retrying (Requested nodes are busy)
srun: Job 8612814 step creation still disabled, retrying (Requested nodes are busy)
srun: Job 8612814 step creation still disabled, retrying (Requested nodes are busy)
srun: Job 8612814 step creation still disabled, retrying (Requested nodes are busy)
srun: Job 8612814 step creation still disabled, retrying (Requested nodes are busy)
srun: Job 8612814 step creation still disabled, retrying (Requested nodes are busy)
srun: Job 8612814 step creation still disabled, retrying (Requested nodes are busy)
srun: Job 8612814 step creation still disabled, retrying (Requested nodes are busy)
srun: Job 8612814 step creation still disabled, retrying (Requested nodes are busy)
srun: Job 8612814 step creation still disabled, retrying (Requested nodes are busy)
srun: Job 8612814 step creation still disabled, retrying (Requested nodes are busy)
srun: Job 8612814 step creation still disabled, retrying (Requested nodes are busy)
srun: Job 8612814 step creation still disabled, retrying (Requested nodes are busy)
srun: Job 8612814 step creation still disabled, retrying (Requested nodes are busy)
srun: Job 8612814 step creation still disabled, retrying (Requested nodes are busy)
srun: Job 8612814 step creation still disabled, retrying (Requested nodes are busy)
srun: Job 8612814 step creation still disabled, retrying (Requested nodes are busy)
srun: Job 8612814 step creation still disabled, retrying (Requested nodes are busy)
srun: Job 8612814 step creation still disabled, retrying (Requested nodes are busy)
srun: Job 8612814 step creation still disabled, retrying (Requested nodes are busy)
srun: Job 8612814 step creation still disabled, retrying (Requested nodes are busy)
srun: Job 8612814 step creation still disabled, retrying (Requested nodes are busy)
srun: Job 8612814 step creation still disabled, retrying (Requested nodes are busy)
srun: Job 8612814 step creation still disabled, retrying (Requested nodes are busy)
srun: Job 8612814 step creation still disabled, retrying (Requested nodes are busy)
srun: Job 8612814 step creation still disabled, retrying (Requested nodes are busy)
srun: Job 8612814 step creation still disabled, retrying (Requested nodes are busy)
srun: Job 8612814 step creation still disabled, retrying (Requested nodes are busy)
srun: Job 8612814 step creation still disabled, retrying (Requested nodes are busy)
srun: Job 8612814 step creation still disabled, retrying (Requested nodes are busy)
srun: Job 8612814 step creation still disabled, retrying (Requested nodes are busy)
srun: Job 8612814 step creation still disabled, retrying (Requested nodes are busy)
srun: Job 8612814 step creation still disabled, retrying (Requested nodes are busy)
srun: Job 8612814 step creation still disabled, retrying (Requested nodes are busy)
srun: Job 8612814 step creation still disabled, retrying (Requested nodes are busy)
srun: Job 8612814 step creation still disabled, retrying (Requested nodes are busy)
srun: Job 8612814 step creation still disabled, retrying (Requested nodes are busy)
srun: Job 8612814 step creation still disabled, retrying (Requested nodes are busy)
srun: Job 8612814 step creation still disabled, retrying (Requested nodes are busy)
srun: Job 8612814 step creation still disabled, retrying (Requested nodes are busy)
srun: Job 8612814 step creation still disabled, retrying (Requested nodes are busy)
srun: Job 8612814 step creation still disabled, retrying (Requested nodes are busy)
srun: Job 8612814 step creation still disabled, retrying (Requested nodes are busy)
srun: Job 8612814 step creation still disabled, retrying (Requested nodes are busy)
srun: Job 8612814 step creation still disabled, retrying (Requested nodes are busy)
srun: Job 8612814 step creation still disabled, retrying (Requested nodes are busy)
srun: Job 8612814 step creation still disabled, retrying (Requested nodes are busy)
srun: Job 8612814 step creation still disabled, retrying (Requested nodes are busy)
srun: Job 8612814 step creation still disabled, retrying (Requested nodes are busy)
srun: Job 8612814 step creation still disabled, retrying (Requested nodes are busy)
srun: Job 8612814 step creation still disabled, retrying (Requested nodes are busy)
srun: Job 8612814 step creation still disabled, retrying (Requested nodes are busy)
srun: Job 8612814 step creation still disabled, retrying (Requested nodes are busy)
srun: Job 8612814 step creation still disabled, retrying (Requested nodes are busy)
srun: Job 8612814 step creation still disabled, retrying (Requested nodes are busy)
srun: Job 8612814 step creation still disabled, retrying (Requested nodes are busy)
srun: Job 8612814 step creation still disabled, retrying (Requested nodes are busy)
srun: Job 8612814 step creation still disabled, retrying (Requested nodes are busy)
srun: Job 8612814 step creation still disabled, retrying (Requested nodes are busy)
srun: Job 8612814 step creation still disabled, retrying (Requested nodes are busy)
srun: Job 8612814 step creation still disabled, retrying (Requested nodes are busy)
srun: Job 8612814 step creation still disabled, retrying (Requested nodes are busy)
srun: Job 8612814 step creation still disabled, retrying (Requested nodes are busy)
srun: Job 8612814 step creation still disabled, retrying (Requested nodes are busy)
srun: Job 8612814 step creation still disabled, retrying (Requested nodes are busy)
srun: Job 8612814 step creation still disabled, retrying (Requested nodes are busy)
srun: Job 8612814 step creation still disabled, retrying (Requested nodes are busy)
srun: Job 8612814 step creation still disabled, retrying (Requested nodes are busy)
srun: Job 8612814 step creation still disabled, retrying (Requested nodes are busy)
srun: Job 8612814 step creation still disabled, retrying (Requested nodes are busy)
srun: Job 8612814 step creation still disabled, retrying (Requested nodes are busy)
srun: Job 8612814 step creation still disabled, retrying (Requested nodes are busy)
srun: Job 8612814 step creation still disabled, retrying (Requested nodes are busy)
srun: Job 8612814 step creation still disabled, retrying (Requested nodes are busy)
srun: Job 8612814 step creation still disabled, retrying (Requested nodes are busy)
srun: Job 8612814 step creation still disabled, retrying (Requested nodes are busy)
srun: Job 8612814 step creation still disabled, retrying (Requested nodes are busy)
srun: Job 8612814 step creation still disabled, retrying (Requested nodes are busy)
srun: Job 8612814 step creation still disabled, retrying (Requested nodes are busy)
srun: Job 8612814 step creation still disabled, retrying (Requested nodes are busy)
srun: Job 8612814 step creation still disabled, retrying (Requested nodes are busy)
srun: Job 8612814 step creation still disabled, retrying (Requested nodes are busy)
srun: Job 8612814 step creation still disabled, retrying (Requested nodes are busy)
srun: Job 8612814 step creation still disabled, retrying (Requested nodes are busy)
srun: Job 8612814 step creation still disabled, retrying (Requested nodes are busy)
srun: Job 8612814 step creation still disabled, retrying (Requested nodes are busy)
srun: Job 8612814 step creation still disabled, retrying (Requested nodes are busy)
srun: Job 8612814 step creation still disabled, retrying (Requested nodes are busy)
srun: Job 8612814 step creation still disabled, retrying (Requested nodes are busy)
srun: Job 8612814 step creation still disabled, retrying (Requested nodes are busy)
srun: Job 8612814 step creation still disabled, retrying (Requested nodes are busy)
srun: Job 8612814 step creation still disabled, retrying (Requested nodes are busy)
srun: Job 8612814 step creation still disabled, retrying (Requested nodes are busy)
srun: Job 8612814 step creation still disabled, retrying (Requested nodes are busy)
srun: Job 8612814 step creation still disabled, retrying (Requested nodes are busy)
srun: Job 8612814 step creation still disabled, retrying (Requested nodes are busy)
srun: Job 8612814 step creation still disabled, retrying (Requested nodes are busy)
srun: Job 8612814 step creation still disabled, retrying (Requested nodes are busy)
srun: Job 8612814 step creation still disabled, retrying (Requested nodes are busy)
srun: Job 8612814 step creation still disabled, retrying (Requested nodes are busy)
srun: Job 8612814 step creation still disabled, retrying (Requested nodes are busy)
srun: Job 8612814 step creation still disabled, retrying (Requested nodes are busy)
srun: Job 8612814 step creation still disabled, retrying (Requested nodes are busy)
srun: Job 8612814 step creation still disabled, retrying (Requested nodes are busy)
srun: Job 8612814 step creation still disabled, retrying (Requested nodes are busy)
srun: Job 8612814 step creation still disabled, retrying (Requested nodes are busy)
srun: Job 8612814 step creation still disabled, retrying (Requested nodes are busy)
srun: Job 8612814 step creation still disabled, retrying (Requested nodes are busy)
srun: Job 8612814 step creation still disabled, retrying (Requested nodes are busy)
Parametrized_Cluster_2_375_s100-200_t1_m7-7_FrozenLake-v1: 37/375
Parametrized_Cluster_2_375_s100-200_t1_m7-7_FrozenLake-v1: 74/375
Parametrized_Cluster_2_375_s100-200_t1_m7-7_FrozenLake-v1: 111/375
Parametrized_Cluster_2_375_s100-200_t1_m7-7_FrozenLake-v1: 148/375
Parametrized_Cluster_2_375_s100-200_t1_m7-7_FrozenLake-v1: 185/375
Parametrized_Cluster_2_375_s100-200_t1_m7-7_FrozenLake-v1: 222/375
Parametrized_Cluster_2_375_s100-200_t1_m7-7_FrozenLake-v1: 259/375
Parametrized_Cluster_2_375_s100-200_t1_m7-7_FrozenLake-v1: 296/375
Parametrized_Cluster_2_375_s100-200_t1_m7-7_FrozenLake-v1: 333/375
Parametrized_Cluster_2_375_s100-200_t1_m7-7_FrozenLake-v1: 370/375
srun: Job 8612814 step creation still disabled, retrying (Requested nodes are busy)
srun: Step created for job 8612814
srun: Job 8612814 step creation still disabled, retrying (Requested nodes are busy)
srun: Job 8612814 step creation still disabled, retrying (Requested nodes are busy)
Parametrized_Cluster_5_375_s100-200_t1_m7-7_FrozenLake-v1: 37/375
Parametrized_Cluster_5_375_s100-200_t1_m7-7_FrozenLake-v1: 74/375
Parametrized_Cluster_5_375_s100-200_t1_m7-7_FrozenLake-v1: 111/375
Parametrized_Cluster_5_375_s100-200_t1_m7-7_FrozenLake-v1: 148/375
Parametrized_Cluster_5_375_s100-200_t1_m7-7_FrozenLake-v1: 185/375
Parametrized_Cluster_5_375_s100-200_t1_m7-7_FrozenLake-v1: 222/375
Parametrized_Cluster_5_375_s100-200_t1_m7-7_FrozenLake-v1: 259/375
Parametrized_Cluster_5_375_s100-200_t1_m7-7_FrozenLake-v1: 296/375
Parametrized_Cluster_5_375_s100-200_t1_m7-7_FrozenLake-v1: 333/375
Parametrized_Cluster_5_375_s100-200_t1_m7-7_FrozenLake-v1: 370/375
srun: Job 8612814 step creation still disabled, retrying (Requested nodes are busy)
srun: Step created for job 8612814
srun: Job 8612814 step creation still disabled, retrying (Requested nodes are busy)
srun: Job 8612814 step creation still disabled, retrying (Requested nodes are busy)
Parametrized_Cluster_3_375_s100-200_t1_m7-7_FrozenLake-v1: 37/375
Parametrized_Cluster_3_375_s100-200_t1_m7-7_FrozenLake-v1: 74/375
Parametrized_Cluster_3_375_s100-200_t1_m7-7_FrozenLake-v1: 111/375
Parametrized_Cluster_3_375_s100-200_t1_m7-7_FrozenLake-v1: 148/375
Parametrized_Cluster_3_375_s100-200_t1_m7-7_FrozenLake-v1: 185/375
Parametrized_Cluster_3_375_s100-200_t1_m7-7_FrozenLake-v1: 222/375
Parametrized_Cluster_3_375_s100-200_t1_m7-7_FrozenLake-v1: 259/375
Parametrized_Cluster_3_375_s100-200_t1_m7-7_FrozenLake-v1: 296/375
Parametrized_Cluster_3_375_s100-200_t1_m7-7_FrozenLake-v1: 333/375
Parametrized_Cluster_3_375_s100-200_t1_m7-7_FrozenLake-v1: 370/375
srun: Job 8612814 step creation still disabled, retrying (Requested nodes are busy)
srun: Step created for job 8612814
srun: Job 8612814 step creation still disabled, retrying (Requested nodes are busy)
srun: Job 8612814 step creation still disabled, retrying (Requested nodes are busy)
srun: Job 8612814 step creation still disabled, retrying (Requested nodes are busy)
Parametrized_Cluster_6_375_s100-200_t1_m7-7_FrozenLake-v1: 37/375
Parametrized_Cluster_6_375_s100-200_t1_m7-7_FrozenLake-v1: 74/375
Parametrized_Cluster_6_375_s100-200_t1_m7-7_FrozenLake-v1: 111/375
Parametrized_Cluster_6_375_s100-200_t1_m7-7_FrozenLake-v1: 148/375
Parametrized_Cluster_6_375_s100-200_t1_m7-7_FrozenLake-v1: 185/375
Parametrized_Cluster_6_375_s100-200_t1_m7-7_FrozenLake-v1: 222/375
Parametrized_Cluster_6_375_s100-200_t1_m7-7_FrozenLake-v1: 259/375
Parametrized_Cluster_6_375_s100-200_t1_m7-7_FrozenLake-v1: 296/375
Parametrized_Cluster_6_375_s100-200_t1_m7-7_FrozenLake-v1: 333/375
Parametrized_Cluster_6_375_s100-200_t1_m7-7_FrozenLake-v1: 370/375
srun: Job 8612814 step creation still disabled, retrying (Requested nodes are busy)
srun: Step created for job 8612814
srun: Job 8612814 step creation still disabled, retrying (Requested nodes are busy)
srun: Job 8612814 step creation still disabled, retrying (Requested nodes are busy)
srun: Job 8612814 step creation still disabled, retrying (Requested nodes are busy)
srun: Job 8612814 step creation still disabled, retrying (Requested nodes are busy)
srun: Job 8612814 step creation still disabled, retrying (Requested nodes are busy)
srun: Job 8612814 step creation still disabled, retrying (Requested nodes are busy)
srun: Job 8612814 step creation still disabled, retrying (Requested nodes are busy)
srun: Job 8612814 step creation still disabled, retrying (Requested nodes are busy)
srun: Job 8612814 step creation still disabled, retrying (Requested nodes are busy)
srun: Job 8612814 step creation still disabled, retrying (Requested nodes are busy)
srun: Job 8612814 step creation still disabled, retrying (Requested nodes are busy)
srun: Job 8612814 step creation still disabled, retrying (Requested nodes are busy)
srun: Job 8612814 step creation still disabled, retrying (Requested nodes are busy)
srun: Job 8612814 step creation still disabled, retrying (Requested nodes are busy)
srun: Job 8612814 step creation still disabled, retrying (Requested nodes are busy)
srun: Job 8612814 step creation still disabled, retrying (Requested nodes are busy)
srun: Job 8612814 step creation still disabled, retrying (Requested nodes are busy)
srun: Job 8612814 step creation still disabled, retrying (Requested nodes are busy)
srun: Job 8612814 step creation still disabled, retrying (Requested nodes are busy)
srun: Job 8612814 step creation still disabled, retrying (Requested nodes are busy)
srun: Job 8612814 step creation still disabled, retrying (Requested nodes are busy)
srun: Job 8612814 step creation still disabled, retrying (Requested nodes are busy)
srun: Job 8612814 step creation still disabled, retrying (Requested nodes are busy)
srun: Job 8612814 step creation still disabled, retrying (Requested nodes are busy)
srun: Job 8612814 step creation still disabled, retrying (Requested nodes are busy)
srun: Job 8612814 step creation still disabled, retrying (Requested nodes are busy)
srun: Job 8612814 step creation still disabled, retrying (Requested nodes are busy)
srun: Job 8612814 step creation still disabled, retrying (Requested nodes are busy)
srun: Job 8612814 step creation still disabled, retrying (Requested nodes are busy)
srun: Job 8612814 step creation still disabled, retrying (Requested nodes are busy)
srun: Job 8612814 step creation still disabled, retrying (Requested nodes are busy)
srun: Job 8612814 step creation still disabled, retrying (Requested nodes are busy)
srun: Job 8612814 step creation still disabled, retrying (Requested nodes are busy)
srun: Job 8612814 step creation still disabled, retrying (Requested nodes are busy)
srun: Job 8612814 step creation still disabled, retrying (Requested nodes are busy)
srun: Job 8612814 step creation still disabled, retrying (Requested nodes are busy)
srun: Job 8612814 step creation still disabled, retrying (Requested nodes are busy)
srun: Job 8612814 step creation still disabled, retrying (Requested nodes are busy)
srun: Job 8612814 step creation still disabled, retrying (Requested nodes are busy)
srun: Job 8612814 step creation still disabled, retrying (Requested nodes are busy)
srun: Job 8612814 step creation still disabled, retrying (Requested nodes are busy)
srun: Job 8612814 step creation still disabled, retrying (Requested nodes are busy)
srun: Job 8612814 step creation still disabled, retrying (Requested nodes are busy)
srun: Job 8612814 step creation still disabled, retrying (Requested nodes are busy)
srun: Job 8612814 step creation still disabled, retrying (Requested nodes are busy)
srun: Job 8612814 step creation still disabled, retrying (Requested nodes are busy)
srun: Job 8612814 step creation still disabled, retrying (Requested nodes are busy)
srun: Job 8612814 step creation still disabled, retrying (Requested nodes are busy)
srun: Job 8612814 step creation still disabled, retrying (Requested nodes are busy)
srun: Job 8612814 step creation still disabled, retrying (Requested nodes are busy)
srun: Job 8612814 step creation still disabled, retrying (Requested nodes are busy)
srun: Job 8612814 step creation still disabled, retrying (Requested nodes are busy)
srun: Job 8612814 step creation still disabled, retrying (Requested nodes are busy)
srun: Job 8612814 step creation still disabled, retrying (Requested nodes are busy)
srun: Job 8612814 step creation still disabled, retrying (Requested nodes are busy)
srun: Job 8612814 step creation still disabled, retrying (Requested nodes are busy)
srun: Job 8612814 step creation still disabled, retrying (Requested nodes are busy)
srun: Job 8612814 step creation still disabled, retrying (Requested nodes are busy)
srun: Job 8612814 step creation still disabled, retrying (Requested nodes are busy)
srun: Job 8612814 step creation still disabled, retrying (Requested nodes are busy)
srun: Job 8612814 step creation still disabled, retrying (Requested nodes are busy)
srun: Job 8612814 step creation still disabled, retrying (Requested nodes are busy)
srun: Job 8612814 step creation still disabled, retrying (Requested nodes are busy)
srun: Job 8612814 step creation still disabled, retrying (Requested nodes are busy)
srun: Job 8612814 step creation still disabled, retrying (Requested nodes are busy)
srun: Job 8612814 step creation still disabled, retrying (Requested nodes are busy)
srun: Job 8612814 step creation still disabled, retrying (Requested nodes are busy)
srun: Job 8612814 step creation still disabled, retrying (Requested nodes are busy)
srun: Job 8612814 step creation still disabled, retrying (Requested nodes are busy)
srun: Job 8612814 step creation still disabled, retrying (Requested nodes are busy)
srun: Job 8612814 step creation still disabled, retrying (Requested nodes are busy)
srun: Job 8612814 step creation still disabled, retrying (Requested nodes are busy)
srun: Job 8612814 step creation still disabled, retrying (Requested nodes are busy)
srun: Job 8612814 step creation still disabled, retrying (Requested nodes are busy)
srun: Job 8612814 step creation still disabled, retrying (Requested nodes are busy)
srun: Job 8612814 step creation still disabled, retrying (Requested nodes are busy)
srun: Job 8612814 step creation still disabled, retrying (Requested nodes are busy)
srun: Job 8612814 step creation still disabled, retrying (Requested nodes are busy)
srun: Job 8612814 step creation still disabled, retrying (Requested nodes are busy)
srun: Job 8612814 step creation still disabled, retrying (Requested nodes are busy)
srun: Job 8612814 step creation still disabled, retrying (Requested nodes are busy)
srun: Job 8612814 step creation still disabled, retrying (Requested nodes are busy)
srun: Job 8612814 step creation still disabled, retrying (Requested nodes are busy)
srun: Job 8612814 step creation still disabled, retrying (Requested nodes are busy)
srun: Job 8612814 step creation still disabled, retrying (Requested nodes are busy)
srun: Job 8612814 step creation still disabled, retrying (Requested nodes are busy)
srun: Job 8612814 step creation still disabled, retrying (Requested nodes are busy)
srun: Job 8612814 step creation still disabled, retrying (Requested nodes are busy)
srun: Job 8612814 step creation still disabled, retrying (Requested nodes are busy)
srun: Job 8612814 step creation still disabled, retrying (Requested nodes are busy)
srun: Job 8612814 step creation still disabled, retrying (Requested nodes are busy)
srun: Job 8612814 step creation still disabled, retrying (Requested nodes are busy)
srun: Job 8612814 step creation still disabled, retrying (Requested nodes are busy)
srun: Job 8612814 step creation still disabled, retrying (Requested nodes are busy)
srun: Job 8612814 step creation still disabled, retrying (Requested nodes are busy)
srun: Job 8612814 step creation still disabled, retrying (Requested nodes are busy)
srun: Job 8612814 step creation still disabled, retrying (Requested nodes are busy)
srun: Job 8612814 step creation still disabled, retrying (Requested nodes are busy)
srun: Job 8612814 step creation still disabled, retrying (Requested nodes are busy)
srun: Job 8612814 step creation still disabled, retrying (Requested nodes are busy)
srun: Job 8612814 step creation still disabled, retrying (Requested nodes are busy)
srun: Job 8612814 step creation still disabled, retrying (Requested nodes are busy)
srun: Job 8612814 step creation still disabled, retrying (Requested nodes are busy)
srun: Job 8612814 step creation still disabled, retrying (Requested nodes are busy)
srun: Job 8612814 step creation still disabled, retrying (Requested nodes are busy)
srun: Job 8612814 step creation still disabled, retrying (Requested nodes are busy)
srun: Job 8612814 step creation still disabled, retrying (Requested nodes are busy)
srun: Job 8612814 step creation still disabled, retrying (Requested nodes are busy)
srun: Job 8612814 step creation still disabled, retrying (Requested nodes are busy)
srun: Job 8612814 step creation still disabled, retrying (Requested nodes are busy)
srun: Job 8612814 step creation still disabled, retrying (Requested nodes are busy)
srun: Job 8612814 step creation still disabled, retrying (Requested nodes are busy)
srun: Job 8612814 step creation still disabled, retrying (Requested nodes are busy)
srun: Job 8612814 step creation still disabled, retrying (Requested nodes are busy)
srun: Job 8612814 step creation still disabled, retrying (Requested nodes are busy)
Parametrized_Cluster_7_375_s100-200_t1_m7-7_FrozenLake-v1: 37/375
Parametrized_Cluster_7_375_s100-200_t1_m7-7_FrozenLake-v1: 74/375
Parametrized_Cluster_7_375_s100-200_t1_m7-7_FrozenLake-v1: 111/375
Parametrized_Cluster_7_375_s100-200_t1_m7-7_FrozenLake-v1: 148/375
Parametrized_Cluster_7_375_s100-200_t1_m7-7_FrozenLake-v1: 185/375
Parametrized_Cluster_7_375_s100-200_t1_m7-7_FrozenLake-v1: 222/375
Parametrized_Cluster_7_375_s100-200_t1_m7-7_FrozenLake-v1: 259/375
Parametrized_Cluster_7_375_s100-200_t1_m7-7_FrozenLake-v1: 296/375
Parametrized_Cluster_7_375_s100-200_t1_m7-7_FrozenLake-v1: 333/375
Parametrized_Cluster_7_375_s100-200_t1_m7-7_FrozenLake-v1: 370/375
srun: Job 8612814 step creation still disabled, retrying (Requested nodes are busy)
srun: Step created for job 8612814
srun: Job 8612814 step creation still disabled, retrying (Requested nodes are busy)
Parametrized_Cluster_4_375_s100-200_t1_m7-7_FrozenLake-v1: 37/375
Parametrized_Cluster_4_375_s100-200_t1_m7-7_FrozenLake-v1: 74/375
Parametrized_Cluster_4_375_s100-200_t1_m7-7_FrozenLake-v1: 111/375
Parametrized_Cluster_4_375_s100-200_t1_m7-7_FrozenLake-v1: 148/375
Parametrized_Cluster_4_375_s100-200_t1_m7-7_FrozenLake-v1: 185/375
Parametrized_Cluster_4_375_s100-200_t1_m7-7_FrozenLake-v1: 222/375
Parametrized_Cluster_4_375_s100-200_t1_m7-7_FrozenLake-v1: 259/375
Parametrized_Cluster_4_375_s100-200_t1_m7-7_FrozenLake-v1: 296/375
Parametrized_Cluster_4_375_s100-200_t1_m7-7_FrozenLake-v1: 333/375
Parametrized_Cluster_4_375_s100-200_t1_m7-7_FrozenLake-v1: 370/375
srun: Job 8612814 step creation still disabled, retrying (Requested nodes are busy)
srun: Step created for job 8612814
Parametrized_Cluster_1_375_s100-200_t1_m7-7_FrozenLake-v1: 37/375
Parametrized_Cluster_1_375_s100-200_t1_m7-7_FrozenLake-v1: 74/375
Parametrized_Cluster_1_375_s100-200_t1_m7-7_FrozenLake-v1: 111/375
Parametrized_Cluster_1_375_s100-200_t1_m7-7_FrozenLake-v1: 148/375
Parametrized_Cluster_1_375_s100-200_t1_m7-7_FrozenLake-v1: 185/375
Parametrized_Cluster_1_375_s100-200_t1_m7-7_FrozenLake-v1: 222/375
Parametrized_Cluster_1_375_s100-200_t1_m7-7_FrozenLake-v1: 259/375
Parametrized_Cluster_1_375_s100-200_t1_m7-7_FrozenLake-v1: 296/375
Parametrized_Cluster_1_375_s100-200_t1_m7-7_FrozenLake-v1: 333/375
Parametrized_Cluster_1_375_s100-200_t1_m7-7_FrozenLake-v1: 370/375
Parametrized_Cluster_9_375_s100-200_t1_m7-7_FrozenLake-v1: 37/375
Parametrized_Cluster_9_375_s100-200_t1_m7-7_FrozenLake-v1: 74/375
Parametrized_Cluster_9_375_s100-200_t1_m7-7_FrozenLake-v1: 111/375
Parametrized_Cluster_9_375_s100-200_t1_m7-7_FrozenLake-v1: 148/375
Parametrized_Cluster_9_375_s100-200_t1_m7-7_FrozenLake-v1: 185/375
Parametrized_Cluster_9_375_s100-200_t1_m7-7_FrozenLake-v1: 222/375
Parametrized_Cluster_9_375_s100-200_t1_m7-7_FrozenLake-v1: 259/375
Parametrized_Cluster_9_375_s100-200_t1_m7-7_FrozenLake-v1: 296/375
Parametrized_Cluster_9_375_s100-200_t1_m7-7_FrozenLake-v1: 333/375
Parametrized_Cluster_9_375_s100-200_t1_m7-7_FrozenLake-v1: 370/375
Parametrized_Cluster_8_375_s100-200_t1_m7-7_FrozenLake-v1: 37/375
Parametrized_Cluster_8_375_s100-200_t1_m7-7_FrozenLake-v1: 74/375
Parametrized_Cluster_8_375_s100-200_t1_m7-7_FrozenLake-v1: 111/375
Parametrized_Cluster_8_375_s100-200_t1_m7-7_FrozenLake-v1: 148/375
Parametrized_Cluster_8_375_s100-200_t1_m7-7_FrozenLake-v1: 185/375
Parametrized_Cluster_8_375_s100-200_t1_m7-7_FrozenLake-v1: 222/375
Parametrized_Cluster_8_375_s100-200_t1_m7-7_FrozenLake-v1: 259/375
Parametrized_Cluster_8_375_s100-200_t1_m7-7_FrozenLake-v1: 296/375
Parametrized_Cluster_8_375_s100-200_t1_m7-7_FrozenLake-v1: 333/375
Parametrized_Cluster_8_375_s100-200_t1_m7-7_FrozenLake-v1: 370/375
Parametrized_Cluster_10_375_s100-200_t1_m7-7_FrozenLake-v1: 37/375
Parametrized_Cluster_10_375_s100-200_t1_m7-7_FrozenLake-v1: 74/375
Parametrized_Cluster_10_375_s100-200_t1_m7-7_FrozenLake-v1: 111/375
Parametrized_Cluster_10_375_s100-200_t1_m7-7_FrozenLake-v1: 148/375
Parametrized_Cluster_10_375_s100-200_t1_m7-7_FrozenLake-v1: 185/375
Parametrized_Cluster_10_375_s100-200_t1_m7-7_FrozenLake-v1: 222/375
Parametrized_Cluster_10_375_s100-200_t1_m7-7_FrozenLake-v1: 259/375
Parametrized_Cluster_10_375_s100-200_t1_m7-7_FrozenLake-v1: 296/375
Parametrized_Cluster_10_375_s100-200_t1_m7-7_FrozenLake-v1: 333/375
Parametrized_Cluster_10_375_s100-200_t1_m7-7_FrozenLake-v1: 370/375
