JobId=8659706 JobName=cartpole_dataset.sbatch
   UserId=koner(565562) GroupId=domain users(100513) MCS_label=N/A
   Priority=24465648 Nice=0 Account=ewi-insy-ii-influence QOS=short
   JobState=RUNNING Reason=None Dependency=(null)
   Requeue=0 Restarts=0 BatchFlag=1 Reboot=0 ExitCode=0:0
   DerivedExitCode=0:0
   RunTime=00:00:01 TimeLimit=02:30:00 TimeMin=N/A
   SubmitTime=2023-08-27T22:42:05 EligibleTime=2023-08-27T22:42:05
   AccrueTime=2023-08-27T22:42:05
   StartTime=2023-08-27T22:42:05 EndTime=2023-08-28T01:12:05 Deadline=N/A
   SuspendTime=None SecsPreSuspend=0 LastSchedEval=2023-08-27T22:42:05 Scheduler=Main
   Partition=general AllocNode:Sid=login1:1100
   ReqNodeList=(null) ExcNodeList=(null)
   NodeList=awi[15-17],grs[1-4]
   BatchHost=awi15
   NumNodes=7 NumCPUs=200 NumTasks=100 CPUs/Task=2 ReqB:S:C:T=0:0:*:*
   TRES=cpu=200,mem=20000M,node=7,billing=101
   Socks/Node=* NtasksPerN:B:S:C=0:0:*:* CoreSpec=*
   JOB_GRES=(null)
     Nodes=awi15 CPU_IDs=0-13,54-55 Mem=1600 GRES=
     Nodes=awi16 CPU_IDs=0-13,20-27,32-55 Mem=4600 GRES=
     Nodes=awi17 CPU_IDs=0-11 Mem=1200 GRES=
     Nodes=grs[1-2] CPU_IDs=0-31 Mem=3200 GRES=
     Nodes=grs3 CPU_IDs=0-9,12-31 Mem=3000 GRES=
     Nodes=grs4 CPU_IDs=0-31 Mem=3200 GRES=
   MinCPUsNode=2 MinMemoryCPU=100M MinTmpDiskNode=0
   Features=(null) DelayBoot=00:00:00
   OverSubscribe=OK Contiguous=0 Licenses=(null) Network=(null)
   Command=/winhome/koner/Desktop/MCTS-Time-Management/jobscripts/cartpole_dataset.sbatch
   WorkDir=/winhome/koner/Desktop/MCTS-Time-Management/jobscripts
   StdErr=/winhome/koner/Desktop/MCTS-Time-Management/jobscripts/slurm-8659706.out
   StdIn=/dev/null
   StdOut=/winhome/koner/Desktop/MCTS-Time-Management/jobscripts/slurm-8659706.out
   Power=
   MailUser=koner MailType=END
   

srun: Warning: can't run 1 processes on 7 nodes, setting nnodes to 1
srun: Warning: can't run 1 processes on 7 nodes, setting nnodes to 1
srun: Warning: can't run 1 processes on 7 nodes, setting nnodes to 1
srun: Warning: can't run 1 processes on 7 nodes, setting nnodes to 1
srun: Warning: can't run 1 processes on 7 nodes, setting nnodes to 1
srun: Warning: can't run 1 processes on 7 nodes, setting nnodes to 1
srun: Warning: can't run 1 processes on 7 nodes, setting nnodes to 1
srun: Warning: can't run 1 processes on 7 nodes, setting nnodes to 1
srun: Warning: can't run 1 processes on 7 nodes, setting nnodes to 1
srun: Warning: can't run 1 processes on 7 nodes, setting nnodes to 1
srun: Warning: can't run 1 processes on 7 nodes, setting nnodes to 1
srun: Warning: can't run 1 processes on 7 nodes, setting nnodes to 1
srun: Warning: can't run 1 processes on 7 nodes, setting nnodes to 1
srun: Warning: can't run 1 processes on 7 nodes, setting nnodes to 1
srun: Warning: can't run 1 processes on 7 nodes, setting nnodes to 1
srun: Warning: can't run 1 processes on 7 nodes, setting nnodes to 1
srun: Warning: can't run 1 processes on 7 nodes, setting nnodes to 1
srun: Warning: can't run 1 processes on 7 nodes, setting nnodes to 1
srun: Warning: can't run 1 processes on 7 nodes, setting nnodes to 1
srun: Warning: can't run 1 processes on 7 nodes, setting nnodes to 1
srun: Warning: can't run 1 processes on 7 nodes, setting nnodes to 1
srun: Warning: can't run 1 processes on 7 nodes, setting nnodes to 1
srun: Warning: can't run 1 processes on 7 nodes, setting nnodes to 1
srun: Warning: can't run 1 processes on 7 nodes, setting nnodes to 1
srun: Warning: can't run 1 processes on 7 nodes, setting nnodes to 1
srun: Warning: can't run 1 processes on 7 nodes, setting nnodes to 1
srun: Warning: can't run 1 processes on 7 nodes, setting nnodes to 1
srun: Warning: can't run 1 processes on 7 nodes, setting nnodes to 1
srun: Warning: can't run 1 processes on 7 nodes, setting nnodes to 1
srun: Warning: can't run 1 processes on 7 nodes, setting nnodes to 1
srun: Warning: can't run 1 processes on 7 nodes, setting nnodes to 1
srun: Warning: can't run 1 processes on 7 nodes, setting nnodes to 1
srun: Warning: can't run 1 processes on 7 nodes, setting nnodes to 1
srun: Warning: can't run 1 processes on 7 nodes, setting nnodes to 1
srun: Warning: can't run 1 processes on 7 nodes, setting nnodes to 1
srun: Warning: can't run 1 processes on 7 nodes, setting nnodes to 1
srun: Warning: can't run 1 processes on 7 nodes, setting nnodes to 1
srun: Warning: can't run 1 processes on 7 nodes, setting nnodes to 1
srun: Warning: can't run 1 processes on 7 nodes, setting nnodes to 1
srun: Warning: can't run 1 processes on 7 nodes, setting nnodes to 1
srun: Warning: can't run 1 processes on 7 nodes, setting nnodes to 1
srun: Warning: can't run 1 processes on 7 nodes, setting nnodes to 1
srun: Warning: can't run 1 processes on 7 nodes, setting nnodes to 1
srun: Warning: can't run 1 processes on 7 nodes, setting nnodes to 1
srun: Warning: can't run 1 processes on 7 nodes, setting nnodes to 1
srun: Warning: can't run 1 processes on 7 nodes, setting nnodes to 1
srun: Warning: can't run 1 processes on 7 nodes, setting nnodes to 1
srun: Warning: can't run 1 processes on 7 nodes, setting nnodes to 1
srun: Warning: can't run 1 processes on 7 nodes, setting nnodes to 1
srun: Warning: can't run 1 processes on 7 nodes, setting nnodes to 1
srun: Warning: can't run 1 processes on 7 nodes, setting nnodes to 1
srun: Warning: can't run 1 processes on 7 nodes, setting nnodes to 1
srun: Warning: can't run 1 processes on 7 nodes, setting nnodes to 1
srun: Warning: can't run 1 processes on 7 nodes, setting nnodes to 1
srun: Warning: can't run 1 processes on 7 nodes, setting nnodes to 1
srun: Warning: can't run 1 processes on 7 nodes, setting nnodes to 1
srun: Warning: can't run 1 processes on 7 nodes, setting nnodes to 1
srun: Warning: can't run 1 processes on 7 nodes, setting nnodes to 1
srun: Warning: can't run 1 processes on 7 nodes, setting nnodes to 1
srun: Warning: can't run 1 processes on 7 nodes, setting nnodes to 1
srun: Warning: can't run 1 processes on 7 nodes, setting nnodes to 1
srun: Warning: can't run 1 processes on 7 nodes, setting nnodes to 1
srun: Warning: can't run 1 processes on 7 nodes, setting nnodes to 1
srun: Warning: can't run 1 processes on 7 nodes, setting nnodes to 1
srun: Warning: can't run 1 processes on 7 nodes, setting nnodes to 1
srun: Warning: can't run 1 processes on 7 nodes, setting nnodes to 1
srun: Warning: can't run 1 processes on 7 nodes, setting nnodes to 1
srun: Warning: can't run 1 processes on 7 nodes, setting nnodes to 1
srun: Warning: can't run 1 processes on 7 nodes, setting nnodes to 1
srun: Warning: can't run 1 processes on 7 nodes, setting nnodes to 1
srun: Warning: can't run 1 processes on 7 nodes, setting nnodes to 1
srun: Warning: can't run 1 processes on 7 nodes, setting nnodes to 1
srun: Warning: can't run 1 processes on 7 nodes, setting nnodes to 1
srun: Warning: can't run 1 processes on 7 nodes, setting nnodes to 1
srun: Warning: can't run 1 processes on 7 nodes, setting nnodes to 1
srun: Warning: can't run 1 processes on 7 nodes, setting nnodes to 1
srun: Warning: can't run 1 processes on 7 nodes, setting nnodes to 1
srun: Warning: can't run 1 processes on 7 nodes, setting nnodes to 1
srun: Warning: can't run 1 processes on 7 nodes, setting nnodes to 1
srun: Warning: can't run 1 processes on 7 nodes, setting nnodes to 1
srun: Warning: can't run 1 processes on 7 nodes, setting nnodes to 1
srun: Warning: can't run 1 processes on 7 nodes, setting nnodes to 1
srun: Warning: can't run 1 processes on 7 nodes, setting nnodes to 1
srun: Warning: can't run 1 processes on 7 nodes, setting nnodes to 1
srun: Warning: can't run 1 processes on 7 nodes, setting nnodes to 1
srun: Warning: can't run 1 processes on 7 nodes, setting nnodes to 1
srun: Warning: can't run 1 processes on 7 nodes, setting nnodes to 1
srun: Warning: can't run 1 processes on 7 nodes, setting nnodes to 1
srun: Warning: can't run 1 processes on 7 nodes, setting nnodes to 1
srun: Warning: can't run 1 processes on 7 nodes, setting nnodes to 1
srun: Warning: can't run 1 processes on 7 nodes, setting nnodes to 1
srun: Warning: can't run 1 processes on 7 nodes, setting nnodes to 1
srun: Warning: can't run 1 processes on 7 nodes, setting nnodes to 1
srun: Warning: can't run 1 processes on 7 nodes, setting nnodes to 1
srun: Warning: can't run 1 processes on 7 nodes, setting nnodes to 1
srun: Warning: can't run 1 processes on 7 nodes, setting nnodes to 1
srun: Warning: can't run 1 processes on 7 nodes, setting nnodes to 1
srun: Warning: can't run 1 processes on 7 nodes, setting nnodes to 1
srun: Warning: can't run 1 processes on 7 nodes, setting nnodes to 1
srun: Warning: can't run 1 processes on 7 nodes, setting nnodes to 1
False -0.05 0.05 0.01
CartPole-v1_disc-default_1000_s1_100_t500_22: 100/1000
CartPole-v1_disc-default_1000_s1_100_t500_22: 200/1000
CartPole-v1_disc-default_1000_s1_100_t500_22: 300/1000
CartPole-v1_disc-default_1000_s1_100_t500_22: 400/1000
CartPole-v1_disc-default_1000_s1_100_t500_22: 500/1000
CartPole-v1_disc-default_1000_s1_100_t500_22: 600/1000
CartPole-v1_disc-default_1000_s1_100_t500_22: 700/1000
CartPole-v1_disc-default_1000_s1_100_t500_22: 800/1000
CartPole-v1_disc-default_1000_s1_100_t500_22: 900/1000
CartPole-v1_disc-default_1000_s1_100_t500_22: 1000/1000
False -0.05 0.05 0.01
CartPole-v1_disc-default_1000_s1_100_t500_92: 100/1000
CartPole-v1_disc-default_1000_s1_100_t500_92: 200/1000
CartPole-v1_disc-default_1000_s1_100_t500_92: 300/1000
CartPole-v1_disc-default_1000_s1_100_t500_92: 400/1000
CartPole-v1_disc-default_1000_s1_100_t500_92: 500/1000
CartPole-v1_disc-default_1000_s1_100_t500_92: 600/1000
CartPole-v1_disc-default_1000_s1_100_t500_92: 700/1000
CartPole-v1_disc-default_1000_s1_100_t500_92: 800/1000
CartPole-v1_disc-default_1000_s1_100_t500_92: 900/1000
CartPole-v1_disc-default_1000_s1_100_t500_92: 1000/1000
False -0.05 0.05 0.01
CartPole-v1_disc-default_1000_s1_100_t500_77: 100/1000
CartPole-v1_disc-default_1000_s1_100_t500_77: 200/1000
CartPole-v1_disc-default_1000_s1_100_t500_77: 300/1000
CartPole-v1_disc-default_1000_s1_100_t500_77: 400/1000
CartPole-v1_disc-default_1000_s1_100_t500_77: 500/1000
CartPole-v1_disc-default_1000_s1_100_t500_77: 600/1000
CartPole-v1_disc-default_1000_s1_100_t500_77: 700/1000
CartPole-v1_disc-default_1000_s1_100_t500_77: 800/1000
CartPole-v1_disc-default_1000_s1_100_t500_77: 900/1000
CartPole-v1_disc-default_1000_s1_100_t500_77: 1000/1000
False -0.05 0.05 0.01
CartPole-v1_disc-default_1000_s1_100_t500_3: 100/1000
CartPole-v1_disc-default_1000_s1_100_t500_3: 200/1000
CartPole-v1_disc-default_1000_s1_100_t500_3: 300/1000
CartPole-v1_disc-default_1000_s1_100_t500_3: 400/1000
CartPole-v1_disc-default_1000_s1_100_t500_3: 500/1000
CartPole-v1_disc-default_1000_s1_100_t500_3: 600/1000
CartPole-v1_disc-default_1000_s1_100_t500_3: 700/1000
CartPole-v1_disc-default_1000_s1_100_t500_3: 800/1000
CartPole-v1_disc-default_1000_s1_100_t500_3: 900/1000
CartPole-v1_disc-default_1000_s1_100_t500_3: 1000/1000
False -0.05 0.05 0.01
CartPole-v1_disc-default_1000_s1_100_t500_100: 100/1000
CartPole-v1_disc-default_1000_s1_100_t500_100: 200/1000
CartPole-v1_disc-default_1000_s1_100_t500_100: 300/1000
CartPole-v1_disc-default_1000_s1_100_t500_100: 400/1000
CartPole-v1_disc-default_1000_s1_100_t500_100: 500/1000
CartPole-v1_disc-default_1000_s1_100_t500_100: 600/1000
CartPole-v1_disc-default_1000_s1_100_t500_100: 700/1000
CartPole-v1_disc-default_1000_s1_100_t500_100: 800/1000
CartPole-v1_disc-default_1000_s1_100_t500_100: 900/1000
CartPole-v1_disc-default_1000_s1_100_t500_100: 1000/1000
False -0.05 0.05 0.01
CartPole-v1_disc-default_1000_s1_100_t500_96: 100/1000
CartPole-v1_disc-default_1000_s1_100_t500_96: 200/1000
CartPole-v1_disc-default_1000_s1_100_t500_96: 300/1000
CartPole-v1_disc-default_1000_s1_100_t500_96: 400/1000
CartPole-v1_disc-default_1000_s1_100_t500_96: 500/1000
CartPole-v1_disc-default_1000_s1_100_t500_96: 600/1000
CartPole-v1_disc-default_1000_s1_100_t500_96: 700/1000
CartPole-v1_disc-default_1000_s1_100_t500_96: 800/1000
CartPole-v1_disc-default_1000_s1_100_t500_96: 900/1000
CartPole-v1_disc-default_1000_s1_100_t500_96: 1000/1000
False -0.05 0.05 0.01
CartPole-v1_disc-default_1000_s1_100_t500_91: 100/1000
CartPole-v1_disc-default_1000_s1_100_t500_91: 200/1000
CartPole-v1_disc-default_1000_s1_100_t500_91: 300/1000
CartPole-v1_disc-default_1000_s1_100_t500_91: 400/1000
CartPole-v1_disc-default_1000_s1_100_t500_91: 500/1000
CartPole-v1_disc-default_1000_s1_100_t500_91: 600/1000
CartPole-v1_disc-default_1000_s1_100_t500_91: 700/1000
CartPole-v1_disc-default_1000_s1_100_t500_91: 800/1000
CartPole-v1_disc-default_1000_s1_100_t500_91: 900/1000
CartPole-v1_disc-default_1000_s1_100_t500_91: 1000/1000
False -0.05 0.05 0.01
CartPole-v1_disc-default_1000_s1_100_t500_60: 100/1000
CartPole-v1_disc-default_1000_s1_100_t500_60: 200/1000
CartPole-v1_disc-default_1000_s1_100_t500_60: 300/1000
CartPole-v1_disc-default_1000_s1_100_t500_60: 400/1000
CartPole-v1_disc-default_1000_s1_100_t500_60: 500/1000
CartPole-v1_disc-default_1000_s1_100_t500_60: 600/1000
CartPole-v1_disc-default_1000_s1_100_t500_60: 700/1000
CartPole-v1_disc-default_1000_s1_100_t500_60: 800/1000
CartPole-v1_disc-default_1000_s1_100_t500_60: 900/1000
CartPole-v1_disc-default_1000_s1_100_t500_60: 1000/1000
False -0.05 0.05 0.01
CartPole-v1_disc-default_1000_s1_100_t500_61: 100/1000
CartPole-v1_disc-default_1000_s1_100_t500_61: 200/1000
CartPole-v1_disc-default_1000_s1_100_t500_61: 300/1000
CartPole-v1_disc-default_1000_s1_100_t500_61: 400/1000
CartPole-v1_disc-default_1000_s1_100_t500_61: 500/1000
CartPole-v1_disc-default_1000_s1_100_t500_61: 600/1000
CartPole-v1_disc-default_1000_s1_100_t500_61: 700/1000
CartPole-v1_disc-default_1000_s1_100_t500_61: 800/1000
CartPole-v1_disc-default_1000_s1_100_t500_61: 900/1000
CartPole-v1_disc-default_1000_s1_100_t500_61: 1000/1000
False -0.05 0.05 0.01
CartPole-v1_disc-default_1000_s1_100_t500_75: 100/1000
CartPole-v1_disc-default_1000_s1_100_t500_75: 200/1000
CartPole-v1_disc-default_1000_s1_100_t500_75: 300/1000
CartPole-v1_disc-default_1000_s1_100_t500_75: 400/1000
CartPole-v1_disc-default_1000_s1_100_t500_75: 500/1000
CartPole-v1_disc-default_1000_s1_100_t500_75: 600/1000
CartPole-v1_disc-default_1000_s1_100_t500_75: 700/1000
CartPole-v1_disc-default_1000_s1_100_t500_75: 800/1000
CartPole-v1_disc-default_1000_s1_100_t500_75: 900/1000
CartPole-v1_disc-default_1000_s1_100_t500_75: 1000/1000
False -0.05 0.05 0.01
CartPole-v1_disc-default_1000_s1_100_t500_11: 100/1000
CartPole-v1_disc-default_1000_s1_100_t500_11: 200/1000
CartPole-v1_disc-default_1000_s1_100_t500_11: 300/1000
CartPole-v1_disc-default_1000_s1_100_t500_11: 400/1000
CartPole-v1_disc-default_1000_s1_100_t500_11: 500/1000
CartPole-v1_disc-default_1000_s1_100_t500_11: 600/1000
CartPole-v1_disc-default_1000_s1_100_t500_11: 700/1000
CartPole-v1_disc-default_1000_s1_100_t500_11: 800/1000
CartPole-v1_disc-default_1000_s1_100_t500_11: 900/1000
CartPole-v1_disc-default_1000_s1_100_t500_11: 1000/1000
False -0.05 0.05 0.01
CartPole-v1_disc-default_1000_s1_100_t500_78: 100/1000
CartPole-v1_disc-default_1000_s1_100_t500_78: 200/1000
CartPole-v1_disc-default_1000_s1_100_t500_78: 300/1000
CartPole-v1_disc-default_1000_s1_100_t500_78: 400/1000
CartPole-v1_disc-default_1000_s1_100_t500_78: 500/1000
CartPole-v1_disc-default_1000_s1_100_t500_78: 600/1000
CartPole-v1_disc-default_1000_s1_100_t500_78: 700/1000
CartPole-v1_disc-default_1000_s1_100_t500_78: 800/1000
CartPole-v1_disc-default_1000_s1_100_t500_78: 900/1000
CartPole-v1_disc-default_1000_s1_100_t500_78: 1000/1000
False -0.05 0.05 0.01
CartPole-v1_disc-default_1000_s1_100_t500_57: 100/1000
CartPole-v1_disc-default_1000_s1_100_t500_57: 200/1000
CartPole-v1_disc-default_1000_s1_100_t500_57: 300/1000
CartPole-v1_disc-default_1000_s1_100_t500_57: 400/1000
CartPole-v1_disc-default_1000_s1_100_t500_57: 500/1000
CartPole-v1_disc-default_1000_s1_100_t500_57: 600/1000
CartPole-v1_disc-default_1000_s1_100_t500_57: 700/1000
CartPole-v1_disc-default_1000_s1_100_t500_57: 800/1000
CartPole-v1_disc-default_1000_s1_100_t500_57: 900/1000
CartPole-v1_disc-default_1000_s1_100_t500_57: 1000/1000
False -0.05 0.05 0.01
CartPole-v1_disc-default_1000_s1_100_t500_41: 100/1000
CartPole-v1_disc-default_1000_s1_100_t500_41: 200/1000
CartPole-v1_disc-default_1000_s1_100_t500_41: 300/1000
CartPole-v1_disc-default_1000_s1_100_t500_41: 400/1000
CartPole-v1_disc-default_1000_s1_100_t500_41: 500/1000
CartPole-v1_disc-default_1000_s1_100_t500_41: 600/1000
CartPole-v1_disc-default_1000_s1_100_t500_41: 700/1000
CartPole-v1_disc-default_1000_s1_100_t500_41: 800/1000
CartPole-v1_disc-default_1000_s1_100_t500_41: 900/1000
CartPole-v1_disc-default_1000_s1_100_t500_41: 1000/1000
False -0.05 0.05 0.01
CartPole-v1_disc-default_1000_s1_100_t500_90: 100/1000
CartPole-v1_disc-default_1000_s1_100_t500_90: 200/1000
CartPole-v1_disc-default_1000_s1_100_t500_90: 300/1000
CartPole-v1_disc-default_1000_s1_100_t500_90: 400/1000
CartPole-v1_disc-default_1000_s1_100_t500_90: 500/1000
CartPole-v1_disc-default_1000_s1_100_t500_90: 600/1000
CartPole-v1_disc-default_1000_s1_100_t500_90: 700/1000
CartPole-v1_disc-default_1000_s1_100_t500_90: 800/1000
CartPole-v1_disc-default_1000_s1_100_t500_90: 900/1000
CartPole-v1_disc-default_1000_s1_100_t500_90: 1000/1000
False -0.05 0.05 0.01
CartPole-v1_disc-default_1000_s1_100_t500_72: 100/1000
CartPole-v1_disc-default_1000_s1_100_t500_72: 200/1000
CartPole-v1_disc-default_1000_s1_100_t500_72: 300/1000
CartPole-v1_disc-default_1000_s1_100_t500_72: 400/1000
CartPole-v1_disc-default_1000_s1_100_t500_72: 500/1000
CartPole-v1_disc-default_1000_s1_100_t500_72: 600/1000
CartPole-v1_disc-default_1000_s1_100_t500_72: 700/1000
CartPole-v1_disc-default_1000_s1_100_t500_72: 800/1000
CartPole-v1_disc-default_1000_s1_100_t500_72: 900/1000
CartPole-v1_disc-default_1000_s1_100_t500_72: 1000/1000
False -0.05 0.05 0.01
CartPole-v1_disc-default_1000_s1_100_t500_99: 100/1000
CartPole-v1_disc-default_1000_s1_100_t500_99: 200/1000
CartPole-v1_disc-default_1000_s1_100_t500_99: 300/1000
CartPole-v1_disc-default_1000_s1_100_t500_99: 400/1000
CartPole-v1_disc-default_1000_s1_100_t500_99: 500/1000
CartPole-v1_disc-default_1000_s1_100_t500_99: 600/1000
CartPole-v1_disc-default_1000_s1_100_t500_99: 700/1000
CartPole-v1_disc-default_1000_s1_100_t500_99: 800/1000
CartPole-v1_disc-default_1000_s1_100_t500_99: 900/1000
CartPole-v1_disc-default_1000_s1_100_t500_99: 1000/1000
False -0.05 0.05 0.01
CartPole-v1_disc-default_1000_s1_100_t500_73: 100/1000
CartPole-v1_disc-default_1000_s1_100_t500_73: 200/1000
CartPole-v1_disc-default_1000_s1_100_t500_73: 300/1000
CartPole-v1_disc-default_1000_s1_100_t500_73: 400/1000
CartPole-v1_disc-default_1000_s1_100_t500_73: 500/1000
CartPole-v1_disc-default_1000_s1_100_t500_73: 600/1000
CartPole-v1_disc-default_1000_s1_100_t500_73: 700/1000
CartPole-v1_disc-default_1000_s1_100_t500_73: 800/1000
CartPole-v1_disc-default_1000_s1_100_t500_73: 900/1000
CartPole-v1_disc-default_1000_s1_100_t500_73: 1000/1000
False -0.05 0.05 0.01
CartPole-v1_disc-default_1000_s1_100_t500_19: 100/1000
CartPole-v1_disc-default_1000_s1_100_t500_19: 200/1000
CartPole-v1_disc-default_1000_s1_100_t500_19: 300/1000
CartPole-v1_disc-default_1000_s1_100_t500_19: 400/1000
CartPole-v1_disc-default_1000_s1_100_t500_19: 500/1000
CartPole-v1_disc-default_1000_s1_100_t500_19: 600/1000
CartPole-v1_disc-default_1000_s1_100_t500_19: 700/1000
CartPole-v1_disc-default_1000_s1_100_t500_19: 800/1000
CartPole-v1_disc-default_1000_s1_100_t500_19: 900/1000
CartPole-v1_disc-default_1000_s1_100_t500_19: 1000/1000
False -0.05 0.05 0.01
CartPole-v1_disc-default_1000_s1_100_t500_59: 100/1000
CartPole-v1_disc-default_1000_s1_100_t500_59: 200/1000
CartPole-v1_disc-default_1000_s1_100_t500_59: 300/1000
CartPole-v1_disc-default_1000_s1_100_t500_59: 400/1000
CartPole-v1_disc-default_1000_s1_100_t500_59: 500/1000
CartPole-v1_disc-default_1000_s1_100_t500_59: 600/1000
CartPole-v1_disc-default_1000_s1_100_t500_59: 700/1000
CartPole-v1_disc-default_1000_s1_100_t500_59: 800/1000
CartPole-v1_disc-default_1000_s1_100_t500_59: 900/1000
CartPole-v1_disc-default_1000_s1_100_t500_59: 1000/1000
False -0.05 0.05 0.01
CartPole-v1_disc-default_1000_s1_100_t500_97: 100/1000
CartPole-v1_disc-default_1000_s1_100_t500_97: 200/1000
CartPole-v1_disc-default_1000_s1_100_t500_97: 300/1000
CartPole-v1_disc-default_1000_s1_100_t500_97: 400/1000
CartPole-v1_disc-default_1000_s1_100_t500_97: 500/1000
CartPole-v1_disc-default_1000_s1_100_t500_97: 600/1000
CartPole-v1_disc-default_1000_s1_100_t500_97: 700/1000
CartPole-v1_disc-default_1000_s1_100_t500_97: 800/1000
CartPole-v1_disc-default_1000_s1_100_t500_97: 900/1000
CartPole-v1_disc-default_1000_s1_100_t500_97: 1000/1000
False -0.05 0.05 0.01
CartPole-v1_disc-default_1000_s1_100_t500_70: 100/1000
CartPole-v1_disc-default_1000_s1_100_t500_70: 200/1000
CartPole-v1_disc-default_1000_s1_100_t500_70: 300/1000
CartPole-v1_disc-default_1000_s1_100_t500_70: 400/1000
CartPole-v1_disc-default_1000_s1_100_t500_70: 500/1000
CartPole-v1_disc-default_1000_s1_100_t500_70: 600/1000
CartPole-v1_disc-default_1000_s1_100_t500_70: 700/1000
CartPole-v1_disc-default_1000_s1_100_t500_70: 800/1000
CartPole-v1_disc-default_1000_s1_100_t500_70: 900/1000
CartPole-v1_disc-default_1000_s1_100_t500_70: 1000/1000
False -0.05 0.05 0.01
CartPole-v1_disc-default_1000_s1_100_t500_56: 100/1000
CartPole-v1_disc-default_1000_s1_100_t500_56: 200/1000
CartPole-v1_disc-default_1000_s1_100_t500_56: 300/1000
CartPole-v1_disc-default_1000_s1_100_t500_56: 400/1000
CartPole-v1_disc-default_1000_s1_100_t500_56: 500/1000
CartPole-v1_disc-default_1000_s1_100_t500_56: 600/1000
CartPole-v1_disc-default_1000_s1_100_t500_56: 700/1000
CartPole-v1_disc-default_1000_s1_100_t500_56: 800/1000
CartPole-v1_disc-default_1000_s1_100_t500_56: 900/1000
CartPole-v1_disc-default_1000_s1_100_t500_56: 1000/1000
False -0.05 0.05 0.01
CartPole-v1_disc-default_1000_s1_100_t500_93: 100/1000
CartPole-v1_disc-default_1000_s1_100_t500_93: 200/1000
CartPole-v1_disc-default_1000_s1_100_t500_93: 300/1000
CartPole-v1_disc-default_1000_s1_100_t500_93: 400/1000
CartPole-v1_disc-default_1000_s1_100_t500_93: 500/1000
CartPole-v1_disc-default_1000_s1_100_t500_93: 600/1000
CartPole-v1_disc-default_1000_s1_100_t500_93: 700/1000
CartPole-v1_disc-default_1000_s1_100_t500_93: 800/1000
CartPole-v1_disc-default_1000_s1_100_t500_93: 900/1000
CartPole-v1_disc-default_1000_s1_100_t500_93: 1000/1000
False -0.05 0.05 0.01
CartPole-v1_disc-default_1000_s1_100_t500_66: 100/1000
CartPole-v1_disc-default_1000_s1_100_t500_66: 200/1000
CartPole-v1_disc-default_1000_s1_100_t500_66: 300/1000
CartPole-v1_disc-default_1000_s1_100_t500_66: 400/1000
CartPole-v1_disc-default_1000_s1_100_t500_66: 500/1000
CartPole-v1_disc-default_1000_s1_100_t500_66: 600/1000
CartPole-v1_disc-default_1000_s1_100_t500_66: 700/1000
CartPole-v1_disc-default_1000_s1_100_t500_66: 800/1000
CartPole-v1_disc-default_1000_s1_100_t500_66: 900/1000
CartPole-v1_disc-default_1000_s1_100_t500_66: 1000/1000
False -0.05 0.05 0.01
CartPole-v1_disc-default_1000_s1_100_t500_65: 100/1000
CartPole-v1_disc-default_1000_s1_100_t500_65: 200/1000
CartPole-v1_disc-default_1000_s1_100_t500_65: 300/1000
CartPole-v1_disc-default_1000_s1_100_t500_65: 400/1000
CartPole-v1_disc-default_1000_s1_100_t500_65: 500/1000
CartPole-v1_disc-default_1000_s1_100_t500_65: 600/1000
CartPole-v1_disc-default_1000_s1_100_t500_65: 700/1000
CartPole-v1_disc-default_1000_s1_100_t500_65: 800/1000
CartPole-v1_disc-default_1000_s1_100_t500_65: 900/1000
CartPole-v1_disc-default_1000_s1_100_t500_65: 1000/1000
False -0.05 0.05 0.01
CartPole-v1_disc-default_1000_s1_100_t500_84: 100/1000
CartPole-v1_disc-default_1000_s1_100_t500_84: 200/1000
CartPole-v1_disc-default_1000_s1_100_t500_84: 300/1000
CartPole-v1_disc-default_1000_s1_100_t500_84: 400/1000
CartPole-v1_disc-default_1000_s1_100_t500_84: 500/1000
CartPole-v1_disc-default_1000_s1_100_t500_84: 600/1000
CartPole-v1_disc-default_1000_s1_100_t500_84: 700/1000
CartPole-v1_disc-default_1000_s1_100_t500_84: 800/1000
CartPole-v1_disc-default_1000_s1_100_t500_84: 900/1000
CartPole-v1_disc-default_1000_s1_100_t500_84: 1000/1000
False -0.05 0.05 0.01
CartPole-v1_disc-default_1000_s1_100_t500_53: 100/1000
CartPole-v1_disc-default_1000_s1_100_t500_53: 200/1000
CartPole-v1_disc-default_1000_s1_100_t500_53: 300/1000
CartPole-v1_disc-default_1000_s1_100_t500_53: 400/1000
CartPole-v1_disc-default_1000_s1_100_t500_53: 500/1000
CartPole-v1_disc-default_1000_s1_100_t500_53: 600/1000
CartPole-v1_disc-default_1000_s1_100_t500_53: 700/1000
CartPole-v1_disc-default_1000_s1_100_t500_53: 800/1000
CartPole-v1_disc-default_1000_s1_100_t500_53: 900/1000
CartPole-v1_disc-default_1000_s1_100_t500_53: 1000/1000
False -0.05 0.05 0.01
CartPole-v1_disc-default_1000_s1_100_t500_83: 100/1000
CartPole-v1_disc-default_1000_s1_100_t500_83: 200/1000
CartPole-v1_disc-default_1000_s1_100_t500_83: 300/1000
CartPole-v1_disc-default_1000_s1_100_t500_83: 400/1000
CartPole-v1_disc-default_1000_s1_100_t500_83: 500/1000
CartPole-v1_disc-default_1000_s1_100_t500_83: 600/1000
CartPole-v1_disc-default_1000_s1_100_t500_83: 700/1000
CartPole-v1_disc-default_1000_s1_100_t500_83: 800/1000
CartPole-v1_disc-default_1000_s1_100_t500_83: 900/1000
CartPole-v1_disc-default_1000_s1_100_t500_83: 1000/1000
False -0.05 0.05 0.01
CartPole-v1_disc-default_1000_s1_100_t500_74: 100/1000
CartPole-v1_disc-default_1000_s1_100_t500_74: 200/1000
CartPole-v1_disc-default_1000_s1_100_t500_74: 300/1000
CartPole-v1_disc-default_1000_s1_100_t500_74: 400/1000
CartPole-v1_disc-default_1000_s1_100_t500_74: 500/1000
CartPole-v1_disc-default_1000_s1_100_t500_74: 600/1000
CartPole-v1_disc-default_1000_s1_100_t500_74: 700/1000
CartPole-v1_disc-default_1000_s1_100_t500_74: 800/1000
CartPole-v1_disc-default_1000_s1_100_t500_74: 900/1000
CartPole-v1_disc-default_1000_s1_100_t500_74: 1000/1000
False -0.05 0.05 0.01
CartPole-v1_disc-default_1000_s1_100_t500_81: 100/1000
CartPole-v1_disc-default_1000_s1_100_t500_81: 200/1000
CartPole-v1_disc-default_1000_s1_100_t500_81: 300/1000
CartPole-v1_disc-default_1000_s1_100_t500_81: 400/1000
CartPole-v1_disc-default_1000_s1_100_t500_81: 500/1000
CartPole-v1_disc-default_1000_s1_100_t500_81: 600/1000
CartPole-v1_disc-default_1000_s1_100_t500_81: 700/1000
CartPole-v1_disc-default_1000_s1_100_t500_81: 800/1000
CartPole-v1_disc-default_1000_s1_100_t500_81: 900/1000
CartPole-v1_disc-default_1000_s1_100_t500_81: 1000/1000
False -0.05 0.05 0.01
CartPole-v1_disc-default_1000_s1_100_t500_45: 100/1000
CartPole-v1_disc-default_1000_s1_100_t500_45: 200/1000
CartPole-v1_disc-default_1000_s1_100_t500_45: 300/1000
CartPole-v1_disc-default_1000_s1_100_t500_45: 400/1000
CartPole-v1_disc-default_1000_s1_100_t500_45: 500/1000
CartPole-v1_disc-default_1000_s1_100_t500_45: 600/1000
CartPole-v1_disc-default_1000_s1_100_t500_45: 700/1000
CartPole-v1_disc-default_1000_s1_100_t500_45: 800/1000
CartPole-v1_disc-default_1000_s1_100_t500_45: 900/1000
CartPole-v1_disc-default_1000_s1_100_t500_45: 1000/1000
False -0.05 0.05 0.01
CartPole-v1_disc-default_1000_s1_100_t500_37: 100/1000
CartPole-v1_disc-default_1000_s1_100_t500_37: 200/1000
CartPole-v1_disc-default_1000_s1_100_t500_37: 300/1000
CartPole-v1_disc-default_1000_s1_100_t500_37: 400/1000
CartPole-v1_disc-default_1000_s1_100_t500_37: 500/1000
CartPole-v1_disc-default_1000_s1_100_t500_37: 600/1000
CartPole-v1_disc-default_1000_s1_100_t500_37: 700/1000
CartPole-v1_disc-default_1000_s1_100_t500_37: 800/1000
CartPole-v1_disc-default_1000_s1_100_t500_37: 900/1000
CartPole-v1_disc-default_1000_s1_100_t500_37: 1000/1000
False -0.05 0.05 0.01
CartPole-v1_disc-default_1000_s1_100_t500_82: 100/1000
CartPole-v1_disc-default_1000_s1_100_t500_82: 200/1000
CartPole-v1_disc-default_1000_s1_100_t500_82: 300/1000
CartPole-v1_disc-default_1000_s1_100_t500_82: 400/1000
CartPole-v1_disc-default_1000_s1_100_t500_82: 500/1000
CartPole-v1_disc-default_1000_s1_100_t500_82: 600/1000
CartPole-v1_disc-default_1000_s1_100_t500_82: 700/1000
CartPole-v1_disc-default_1000_s1_100_t500_82: 800/1000
CartPole-v1_disc-default_1000_s1_100_t500_82: 900/1000
CartPole-v1_disc-default_1000_s1_100_t500_82: 1000/1000
False -0.05 0.05 0.01
CartPole-v1_disc-default_1000_s1_100_t500_55: 100/1000
CartPole-v1_disc-default_1000_s1_100_t500_55: 200/1000
CartPole-v1_disc-default_1000_s1_100_t500_55: 300/1000
CartPole-v1_disc-default_1000_s1_100_t500_55: 400/1000
CartPole-v1_disc-default_1000_s1_100_t500_55: 500/1000
CartPole-v1_disc-default_1000_s1_100_t500_55: 600/1000
CartPole-v1_disc-default_1000_s1_100_t500_55: 700/1000
CartPole-v1_disc-default_1000_s1_100_t500_55: 800/1000
CartPole-v1_disc-default_1000_s1_100_t500_55: 900/1000
CartPole-v1_disc-default_1000_s1_100_t500_55: 1000/1000
False -0.05 0.05 0.01
CartPole-v1_disc-default_1000_s1_100_t500_6: 100/1000
CartPole-v1_disc-default_1000_s1_100_t500_6: 200/1000
CartPole-v1_disc-default_1000_s1_100_t500_6: 300/1000
CartPole-v1_disc-default_1000_s1_100_t500_6: 400/1000
CartPole-v1_disc-default_1000_s1_100_t500_6: 500/1000
CartPole-v1_disc-default_1000_s1_100_t500_6: 600/1000
CartPole-v1_disc-default_1000_s1_100_t500_6: 700/1000
CartPole-v1_disc-default_1000_s1_100_t500_6: 800/1000
CartPole-v1_disc-default_1000_s1_100_t500_6: 900/1000
CartPole-v1_disc-default_1000_s1_100_t500_6: 1000/1000
False -0.05 0.05 0.01
CartPole-v1_disc-default_1000_s1_100_t500_1: 100/1000
CartPole-v1_disc-default_1000_s1_100_t500_1: 200/1000
CartPole-v1_disc-default_1000_s1_100_t500_1: 300/1000
CartPole-v1_disc-default_1000_s1_100_t500_1: 400/1000
CartPole-v1_disc-default_1000_s1_100_t500_1: 500/1000
CartPole-v1_disc-default_1000_s1_100_t500_1: 600/1000
CartPole-v1_disc-default_1000_s1_100_t500_1: 700/1000
CartPole-v1_disc-default_1000_s1_100_t500_1: 800/1000
CartPole-v1_disc-default_1000_s1_100_t500_1: 900/1000
CartPole-v1_disc-default_1000_s1_100_t500_1: 1000/1000
False -0.05 0.05 0.01
CartPole-v1_disc-default_1000_s1_100_t500_27: 100/1000
CartPole-v1_disc-default_1000_s1_100_t500_27: 200/1000
CartPole-v1_disc-default_1000_s1_100_t500_27: 300/1000
CartPole-v1_disc-default_1000_s1_100_t500_27: 400/1000
CartPole-v1_disc-default_1000_s1_100_t500_27: 500/1000
CartPole-v1_disc-default_1000_s1_100_t500_27: 600/1000
CartPole-v1_disc-default_1000_s1_100_t500_27: 700/1000
CartPole-v1_disc-default_1000_s1_100_t500_27: 800/1000
CartPole-v1_disc-default_1000_s1_100_t500_27: 900/1000
CartPole-v1_disc-default_1000_s1_100_t500_27: 1000/1000
False -0.05 0.05 0.01
CartPole-v1_disc-default_1000_s1_100_t500_87: 100/1000
CartPole-v1_disc-default_1000_s1_100_t500_87: 200/1000
CartPole-v1_disc-default_1000_s1_100_t500_87: 300/1000
CartPole-v1_disc-default_1000_s1_100_t500_87: 400/1000
CartPole-v1_disc-default_1000_s1_100_t500_87: 500/1000
CartPole-v1_disc-default_1000_s1_100_t500_87: 600/1000
CartPole-v1_disc-default_1000_s1_100_t500_87: 700/1000
CartPole-v1_disc-default_1000_s1_100_t500_87: 800/1000
CartPole-v1_disc-default_1000_s1_100_t500_87: 900/1000
CartPole-v1_disc-default_1000_s1_100_t500_87: 1000/1000
False -0.05 0.05 0.01
CartPole-v1_disc-default_1000_s1_100_t500_86: 100/1000
CartPole-v1_disc-default_1000_s1_100_t500_86: 200/1000
CartPole-v1_disc-default_1000_s1_100_t500_86: 300/1000
CartPole-v1_disc-default_1000_s1_100_t500_86: 400/1000
CartPole-v1_disc-default_1000_s1_100_t500_86: 500/1000
CartPole-v1_disc-default_1000_s1_100_t500_86: 600/1000
CartPole-v1_disc-default_1000_s1_100_t500_86: 700/1000
CartPole-v1_disc-default_1000_s1_100_t500_86: 800/1000
CartPole-v1_disc-default_1000_s1_100_t500_86: 900/1000
CartPole-v1_disc-default_1000_s1_100_t500_86: 1000/1000
False -0.05 0.05 0.01
CartPole-v1_disc-default_1000_s1_100_t500_52: 100/1000
CartPole-v1_disc-default_1000_s1_100_t500_52: 200/1000
CartPole-v1_disc-default_1000_s1_100_t500_52: 300/1000
CartPole-v1_disc-default_1000_s1_100_t500_52: 400/1000
CartPole-v1_disc-default_1000_s1_100_t500_52: 500/1000
CartPole-v1_disc-default_1000_s1_100_t500_52: 600/1000
CartPole-v1_disc-default_1000_s1_100_t500_52: 700/1000
CartPole-v1_disc-default_1000_s1_100_t500_52: 800/1000
CartPole-v1_disc-default_1000_s1_100_t500_52: 900/1000
CartPole-v1_disc-default_1000_s1_100_t500_52: 1000/1000
False -0.05 0.05 0.01
CartPole-v1_disc-default_1000_s1_100_t500_68: 100/1000
CartPole-v1_disc-default_1000_s1_100_t500_68: 200/1000
CartPole-v1_disc-default_1000_s1_100_t500_68: 300/1000
CartPole-v1_disc-default_1000_s1_100_t500_68: 400/1000
CartPole-v1_disc-default_1000_s1_100_t500_68: 500/1000
CartPole-v1_disc-default_1000_s1_100_t500_68: 600/1000
CartPole-v1_disc-default_1000_s1_100_t500_68: 700/1000
CartPole-v1_disc-default_1000_s1_100_t500_68: 800/1000
CartPole-v1_disc-default_1000_s1_100_t500_68: 900/1000
CartPole-v1_disc-default_1000_s1_100_t500_68: 1000/1000
False -0.05 0.05 0.01
CartPole-v1_disc-default_1000_s1_100_t500_15: 100/1000
CartPole-v1_disc-default_1000_s1_100_t500_15: 200/1000
CartPole-v1_disc-default_1000_s1_100_t500_15: 300/1000
CartPole-v1_disc-default_1000_s1_100_t500_15: 400/1000
CartPole-v1_disc-default_1000_s1_100_t500_15: 500/1000
CartPole-v1_disc-default_1000_s1_100_t500_15: 600/1000
CartPole-v1_disc-default_1000_s1_100_t500_15: 700/1000
CartPole-v1_disc-default_1000_s1_100_t500_15: 800/1000
CartPole-v1_disc-default_1000_s1_100_t500_15: 900/1000
CartPole-v1_disc-default_1000_s1_100_t500_15: 1000/1000
False -0.05 0.05 0.01
CartPole-v1_disc-default_1000_s1_100_t500_89: 100/1000
CartPole-v1_disc-default_1000_s1_100_t500_89: 200/1000
CartPole-v1_disc-default_1000_s1_100_t500_89: 300/1000
CartPole-v1_disc-default_1000_s1_100_t500_89: 400/1000
CartPole-v1_disc-default_1000_s1_100_t500_89: 500/1000
CartPole-v1_disc-default_1000_s1_100_t500_89: 600/1000
CartPole-v1_disc-default_1000_s1_100_t500_89: 700/1000
CartPole-v1_disc-default_1000_s1_100_t500_89: 800/1000
CartPole-v1_disc-default_1000_s1_100_t500_89: 900/1000
CartPole-v1_disc-default_1000_s1_100_t500_89: 1000/1000
False -0.05 0.05 0.01
CartPole-v1_disc-default_1000_s1_100_t500_24: 100/1000
CartPole-v1_disc-default_1000_s1_100_t500_24: 200/1000
CartPole-v1_disc-default_1000_s1_100_t500_24: 300/1000
CartPole-v1_disc-default_1000_s1_100_t500_24: 400/1000
CartPole-v1_disc-default_1000_s1_100_t500_24: 500/1000
CartPole-v1_disc-default_1000_s1_100_t500_24: 600/1000
CartPole-v1_disc-default_1000_s1_100_t500_24: 700/1000
CartPole-v1_disc-default_1000_s1_100_t500_24: 800/1000
CartPole-v1_disc-default_1000_s1_100_t500_24: 900/1000
CartPole-v1_disc-default_1000_s1_100_t500_24: 1000/1000
False -0.05 0.05 0.01
CartPole-v1_disc-default_1000_s1_100_t500_76: 100/1000
CartPole-v1_disc-default_1000_s1_100_t500_76: 200/1000
CartPole-v1_disc-default_1000_s1_100_t500_76: 300/1000
CartPole-v1_disc-default_1000_s1_100_t500_76: 400/1000
CartPole-v1_disc-default_1000_s1_100_t500_76: 500/1000
CartPole-v1_disc-default_1000_s1_100_t500_76: 600/1000
CartPole-v1_disc-default_1000_s1_100_t500_76: 700/1000
CartPole-v1_disc-default_1000_s1_100_t500_76: 800/1000
CartPole-v1_disc-default_1000_s1_100_t500_76: 900/1000
CartPole-v1_disc-default_1000_s1_100_t500_76: 1000/1000
False -0.05 0.05 0.01
CartPole-v1_disc-default_1000_s1_100_t500_71: 100/1000
CartPole-v1_disc-default_1000_s1_100_t500_71: 200/1000
CartPole-v1_disc-default_1000_s1_100_t500_71: 300/1000
CartPole-v1_disc-default_1000_s1_100_t500_71: 400/1000
CartPole-v1_disc-default_1000_s1_100_t500_71: 500/1000
CartPole-v1_disc-default_1000_s1_100_t500_71: 600/1000
CartPole-v1_disc-default_1000_s1_100_t500_71: 700/1000
CartPole-v1_disc-default_1000_s1_100_t500_71: 800/1000
CartPole-v1_disc-default_1000_s1_100_t500_71: 900/1000
CartPole-v1_disc-default_1000_s1_100_t500_71: 1000/1000
False -0.05 0.05 0.01
CartPole-v1_disc-default_1000_s1_100_t500_18: 100/1000
CartPole-v1_disc-default_1000_s1_100_t500_18: 200/1000
CartPole-v1_disc-default_1000_s1_100_t500_18: 300/1000
CartPole-v1_disc-default_1000_s1_100_t500_18: 400/1000
CartPole-v1_disc-default_1000_s1_100_t500_18: 500/1000
CartPole-v1_disc-default_1000_s1_100_t500_18: 600/1000
CartPole-v1_disc-default_1000_s1_100_t500_18: 700/1000
CartPole-v1_disc-default_1000_s1_100_t500_18: 800/1000
CartPole-v1_disc-default_1000_s1_100_t500_18: 900/1000
CartPole-v1_disc-default_1000_s1_100_t500_18: 1000/1000
False -0.05 0.05 0.01
CartPole-v1_disc-default_1000_s1_100_t500_67: 100/1000
CartPole-v1_disc-default_1000_s1_100_t500_67: 200/1000
CartPole-v1_disc-default_1000_s1_100_t500_67: 300/1000
CartPole-v1_disc-default_1000_s1_100_t500_67: 400/1000
CartPole-v1_disc-default_1000_s1_100_t500_67: 500/1000
CartPole-v1_disc-default_1000_s1_100_t500_67: 600/1000
CartPole-v1_disc-default_1000_s1_100_t500_67: 700/1000
CartPole-v1_disc-default_1000_s1_100_t500_67: 800/1000
CartPole-v1_disc-default_1000_s1_100_t500_67: 900/1000
CartPole-v1_disc-default_1000_s1_100_t500_67: 1000/1000
False -0.05 0.05 0.01
CartPole-v1_disc-default_1000_s1_100_t500_64: 100/1000
CartPole-v1_disc-default_1000_s1_100_t500_64: 200/1000
CartPole-v1_disc-default_1000_s1_100_t500_64: 300/1000
CartPole-v1_disc-default_1000_s1_100_t500_64: 400/1000
CartPole-v1_disc-default_1000_s1_100_t500_64: 500/1000
CartPole-v1_disc-default_1000_s1_100_t500_64: 600/1000
CartPole-v1_disc-default_1000_s1_100_t500_64: 700/1000
CartPole-v1_disc-default_1000_s1_100_t500_64: 800/1000
CartPole-v1_disc-default_1000_s1_100_t500_64: 900/1000
CartPole-v1_disc-default_1000_s1_100_t500_64: 1000/1000
False -0.05 0.05 0.01
CartPole-v1_disc-default_1000_s1_100_t500_88: 100/1000
CartPole-v1_disc-default_1000_s1_100_t500_88: 200/1000
CartPole-v1_disc-default_1000_s1_100_t500_88: 300/1000
CartPole-v1_disc-default_1000_s1_100_t500_88: 400/1000
CartPole-v1_disc-default_1000_s1_100_t500_88: 500/1000
CartPole-v1_disc-default_1000_s1_100_t500_88: 600/1000
CartPole-v1_disc-default_1000_s1_100_t500_88: 700/1000
CartPole-v1_disc-default_1000_s1_100_t500_88: 800/1000
CartPole-v1_disc-default_1000_s1_100_t500_88: 900/1000
CartPole-v1_disc-default_1000_s1_100_t500_88: 1000/1000
False -0.05 0.05 0.01
CartPole-v1_disc-default_1000_s1_100_t500_94: 100/1000
CartPole-v1_disc-default_1000_s1_100_t500_94: 200/1000
CartPole-v1_disc-default_1000_s1_100_t500_94: 300/1000
CartPole-v1_disc-default_1000_s1_100_t500_94: 400/1000
CartPole-v1_disc-default_1000_s1_100_t500_94: 500/1000
CartPole-v1_disc-default_1000_s1_100_t500_94: 600/1000
CartPole-v1_disc-default_1000_s1_100_t500_94: 700/1000
CartPole-v1_disc-default_1000_s1_100_t500_94: 800/1000
CartPole-v1_disc-default_1000_s1_100_t500_94: 900/1000
CartPole-v1_disc-default_1000_s1_100_t500_94: 1000/1000
False -0.05 0.05 0.01
CartPole-v1_disc-default_1000_s1_100_t500_95: 100/1000
CartPole-v1_disc-default_1000_s1_100_t500_95: 200/1000
CartPole-v1_disc-default_1000_s1_100_t500_95: 300/1000
CartPole-v1_disc-default_1000_s1_100_t500_95: 400/1000
CartPole-v1_disc-default_1000_s1_100_t500_95: 500/1000
CartPole-v1_disc-default_1000_s1_100_t500_95: 600/1000
CartPole-v1_disc-default_1000_s1_100_t500_95: 700/1000
CartPole-v1_disc-default_1000_s1_100_t500_95: 800/1000
CartPole-v1_disc-default_1000_s1_100_t500_95: 900/1000
CartPole-v1_disc-default_1000_s1_100_t500_95: 1000/1000
False -0.05 0.05 0.01
CartPole-v1_disc-default_1000_s1_100_t500_98: 100/1000
CartPole-v1_disc-default_1000_s1_100_t500_98: 200/1000
CartPole-v1_disc-default_1000_s1_100_t500_98: 300/1000
CartPole-v1_disc-default_1000_s1_100_t500_98: 400/1000
CartPole-v1_disc-default_1000_s1_100_t500_98: 500/1000
CartPole-v1_disc-default_1000_s1_100_t500_98: 600/1000
CartPole-v1_disc-default_1000_s1_100_t500_98: 700/1000
CartPole-v1_disc-default_1000_s1_100_t500_98: 800/1000
CartPole-v1_disc-default_1000_s1_100_t500_98: 900/1000
CartPole-v1_disc-default_1000_s1_100_t500_98: 1000/1000
False -0.05 0.05 0.01
CartPole-v1_disc-default_1000_s1_100_t500_85: 100/1000
CartPole-v1_disc-default_1000_s1_100_t500_85: 200/1000
CartPole-v1_disc-default_1000_s1_100_t500_85: 300/1000
CartPole-v1_disc-default_1000_s1_100_t500_85: 400/1000
CartPole-v1_disc-default_1000_s1_100_t500_85: 500/1000
CartPole-v1_disc-default_1000_s1_100_t500_85: 600/1000
CartPole-v1_disc-default_1000_s1_100_t500_85: 700/1000
CartPole-v1_disc-default_1000_s1_100_t500_85: 800/1000
CartPole-v1_disc-default_1000_s1_100_t500_85: 900/1000
CartPole-v1_disc-default_1000_s1_100_t500_85: 1000/1000
False -0.05 0.05 0.01
CartPole-v1_disc-default_1000_s1_100_t500_80: 100/1000
CartPole-v1_disc-default_1000_s1_100_t500_80: 200/1000
CartPole-v1_disc-default_1000_s1_100_t500_80: 300/1000
CartPole-v1_disc-default_1000_s1_100_t500_80: 400/1000
CartPole-v1_disc-default_1000_s1_100_t500_80: 500/1000
CartPole-v1_disc-default_1000_s1_100_t500_80: 600/1000
CartPole-v1_disc-default_1000_s1_100_t500_80: 700/1000
CartPole-v1_disc-default_1000_s1_100_t500_80: 800/1000
CartPole-v1_disc-default_1000_s1_100_t500_80: 900/1000
CartPole-v1_disc-default_1000_s1_100_t500_80: 1000/1000
False -0.05 0.05 0.01
CartPole-v1_disc-default_1000_s1_100_t500_12: 100/1000
CartPole-v1_disc-default_1000_s1_100_t500_12: 200/1000
CartPole-v1_disc-default_1000_s1_100_t500_12: 300/1000
CartPole-v1_disc-default_1000_s1_100_t500_12: 400/1000
CartPole-v1_disc-default_1000_s1_100_t500_12: 500/1000
CartPole-v1_disc-default_1000_s1_100_t500_12: 600/1000
CartPole-v1_disc-default_1000_s1_100_t500_12: 700/1000
CartPole-v1_disc-default_1000_s1_100_t500_12: 800/1000
CartPole-v1_disc-default_1000_s1_100_t500_12: 900/1000
CartPole-v1_disc-default_1000_s1_100_t500_12: 1000/1000
False -0.05 0.05 0.01
CartPole-v1_disc-default_1000_s1_100_t500_62: 100/1000
CartPole-v1_disc-default_1000_s1_100_t500_62: 200/1000
CartPole-v1_disc-default_1000_s1_100_t500_62: 300/1000
CartPole-v1_disc-default_1000_s1_100_t500_62: 400/1000
CartPole-v1_disc-default_1000_s1_100_t500_62: 500/1000
CartPole-v1_disc-default_1000_s1_100_t500_62: 600/1000
CartPole-v1_disc-default_1000_s1_100_t500_62: 700/1000
CartPole-v1_disc-default_1000_s1_100_t500_62: 800/1000
CartPole-v1_disc-default_1000_s1_100_t500_62: 900/1000
CartPole-v1_disc-default_1000_s1_100_t500_62: 1000/1000
False -0.05 0.05 0.01
CartPole-v1_disc-default_1000_s1_100_t500_63: 100/1000
CartPole-v1_disc-default_1000_s1_100_t500_63: 200/1000
CartPole-v1_disc-default_1000_s1_100_t500_63: 300/1000
CartPole-v1_disc-default_1000_s1_100_t500_63: 400/1000
CartPole-v1_disc-default_1000_s1_100_t500_63: 500/1000
CartPole-v1_disc-default_1000_s1_100_t500_63: 600/1000
CartPole-v1_disc-default_1000_s1_100_t500_63: 700/1000
CartPole-v1_disc-default_1000_s1_100_t500_63: 800/1000
CartPole-v1_disc-default_1000_s1_100_t500_63: 900/1000
CartPole-v1_disc-default_1000_s1_100_t500_63: 1000/1000
False -0.05 0.05 0.01
CartPole-v1_disc-default_1000_s1_100_t500_79: 100/1000
CartPole-v1_disc-default_1000_s1_100_t500_79: 200/1000
CartPole-v1_disc-default_1000_s1_100_t500_79: 300/1000
CartPole-v1_disc-default_1000_s1_100_t500_79: 400/1000
CartPole-v1_disc-default_1000_s1_100_t500_79: 500/1000
CartPole-v1_disc-default_1000_s1_100_t500_79: 600/1000
CartPole-v1_disc-default_1000_s1_100_t500_79: 700/1000
CartPole-v1_disc-default_1000_s1_100_t500_79: 800/1000
CartPole-v1_disc-default_1000_s1_100_t500_79: 900/1000
CartPole-v1_disc-default_1000_s1_100_t500_79: 1000/1000
False -0.05 0.05 0.01
CartPole-v1_disc-default_1000_s1_100_t500_5: 100/1000
CartPole-v1_disc-default_1000_s1_100_t500_5: 200/1000
CartPole-v1_disc-default_1000_s1_100_t500_5: 300/1000
CartPole-v1_disc-default_1000_s1_100_t500_5: 400/1000
CartPole-v1_disc-default_1000_s1_100_t500_5: 500/1000
CartPole-v1_disc-default_1000_s1_100_t500_5: 600/1000
CartPole-v1_disc-default_1000_s1_100_t500_5: 700/1000
CartPole-v1_disc-default_1000_s1_100_t500_5: 800/1000
CartPole-v1_disc-default_1000_s1_100_t500_5: 900/1000
CartPole-v1_disc-default_1000_s1_100_t500_5: 1000/1000
False -0.05 0.05 0.01
CartPole-v1_disc-default_1000_s1_100_t500_69: 100/1000
CartPole-v1_disc-default_1000_s1_100_t500_69: 200/1000
CartPole-v1_disc-default_1000_s1_100_t500_69: 300/1000
CartPole-v1_disc-default_1000_s1_100_t500_69: 400/1000
CartPole-v1_disc-default_1000_s1_100_t500_69: 500/1000
CartPole-v1_disc-default_1000_s1_100_t500_69: 600/1000
CartPole-v1_disc-default_1000_s1_100_t500_69: 700/1000
CartPole-v1_disc-default_1000_s1_100_t500_69: 800/1000
CartPole-v1_disc-default_1000_s1_100_t500_69: 900/1000
CartPole-v1_disc-default_1000_s1_100_t500_69: 1000/1000
False -0.05 0.05 0.01
CartPole-v1_disc-default_1000_s1_100_t500_35: 100/1000
CartPole-v1_disc-default_1000_s1_100_t500_35: 200/1000
CartPole-v1_disc-default_1000_s1_100_t500_35: 300/1000
CartPole-v1_disc-default_1000_s1_100_t500_35: 400/1000
CartPole-v1_disc-default_1000_s1_100_t500_35: 500/1000
CartPole-v1_disc-default_1000_s1_100_t500_35: 600/1000
CartPole-v1_disc-default_1000_s1_100_t500_35: 700/1000
CartPole-v1_disc-default_1000_s1_100_t500_35: 800/1000
CartPole-v1_disc-default_1000_s1_100_t500_35: 900/1000
CartPole-v1_disc-default_1000_s1_100_t500_35: 1000/1000
False -0.05 0.05 0.01
CartPole-v1_disc-default_1000_s1_100_t500_29: 100/1000
CartPole-v1_disc-default_1000_s1_100_t500_29: 200/1000
CartPole-v1_disc-default_1000_s1_100_t500_29: 300/1000
CartPole-v1_disc-default_1000_s1_100_t500_29: 400/1000
CartPole-v1_disc-default_1000_s1_100_t500_29: 500/1000
CartPole-v1_disc-default_1000_s1_100_t500_29: 600/1000
CartPole-v1_disc-default_1000_s1_100_t500_29: 700/1000
CartPole-v1_disc-default_1000_s1_100_t500_29: 800/1000
CartPole-v1_disc-default_1000_s1_100_t500_29: 900/1000
CartPole-v1_disc-default_1000_s1_100_t500_29: 1000/1000
False -0.05 0.05 0.01
CartPole-v1_disc-default_1000_s1_100_t500_34: 100/1000
CartPole-v1_disc-default_1000_s1_100_t500_34: 200/1000
CartPole-v1_disc-default_1000_s1_100_t500_34: 300/1000
CartPole-v1_disc-default_1000_s1_100_t500_34: 400/1000
CartPole-v1_disc-default_1000_s1_100_t500_34: 500/1000
CartPole-v1_disc-default_1000_s1_100_t500_34: 600/1000
CartPole-v1_disc-default_1000_s1_100_t500_34: 700/1000
CartPole-v1_disc-default_1000_s1_100_t500_34: 800/1000
CartPole-v1_disc-default_1000_s1_100_t500_34: 900/1000
CartPole-v1_disc-default_1000_s1_100_t500_34: 1000/1000
False -0.05 0.05 0.01
CartPole-v1_disc-default_1000_s1_100_t500_44: 100/1000
CartPole-v1_disc-default_1000_s1_100_t500_44: 200/1000
CartPole-v1_disc-default_1000_s1_100_t500_44: 300/1000
CartPole-v1_disc-default_1000_s1_100_t500_44: 400/1000
CartPole-v1_disc-default_1000_s1_100_t500_44: 500/1000
CartPole-v1_disc-default_1000_s1_100_t500_44: 600/1000
CartPole-v1_disc-default_1000_s1_100_t500_44: 700/1000
CartPole-v1_disc-default_1000_s1_100_t500_44: 800/1000
CartPole-v1_disc-default_1000_s1_100_t500_44: 900/1000
CartPole-v1_disc-default_1000_s1_100_t500_44: 1000/1000
False -0.05 0.05 0.01
CartPole-v1_disc-default_1000_s1_100_t500_31: 100/1000
CartPole-v1_disc-default_1000_s1_100_t500_31: 200/1000
CartPole-v1_disc-default_1000_s1_100_t500_31: 300/1000
CartPole-v1_disc-default_1000_s1_100_t500_31: 400/1000
CartPole-v1_disc-default_1000_s1_100_t500_31: 500/1000
CartPole-v1_disc-default_1000_s1_100_t500_31: 600/1000
CartPole-v1_disc-default_1000_s1_100_t500_31: 700/1000
CartPole-v1_disc-default_1000_s1_100_t500_31: 800/1000
CartPole-v1_disc-default_1000_s1_100_t500_31: 900/1000
CartPole-v1_disc-default_1000_s1_100_t500_31: 1000/1000
False -0.05 0.05 0.01
CartPole-v1_disc-default_1000_s1_100_t500_14: 100/1000
CartPole-v1_disc-default_1000_s1_100_t500_14: 200/1000
CartPole-v1_disc-default_1000_s1_100_t500_14: 300/1000
CartPole-v1_disc-default_1000_s1_100_t500_14: 400/1000
CartPole-v1_disc-default_1000_s1_100_t500_14: 500/1000
CartPole-v1_disc-default_1000_s1_100_t500_14: 600/1000
CartPole-v1_disc-default_1000_s1_100_t500_14: 700/1000
CartPole-v1_disc-default_1000_s1_100_t500_14: 800/1000
CartPole-v1_disc-default_1000_s1_100_t500_14: 900/1000
CartPole-v1_disc-default_1000_s1_100_t500_14: 1000/1000
False -0.05 0.05 0.01
CartPole-v1_disc-default_1000_s1_100_t500_36: 100/1000
CartPole-v1_disc-default_1000_s1_100_t500_36: 200/1000
CartPole-v1_disc-default_1000_s1_100_t500_36: 300/1000
CartPole-v1_disc-default_1000_s1_100_t500_36: 400/1000
CartPole-v1_disc-default_1000_s1_100_t500_36: 500/1000
CartPole-v1_disc-default_1000_s1_100_t500_36: 600/1000
CartPole-v1_disc-default_1000_s1_100_t500_36: 700/1000
CartPole-v1_disc-default_1000_s1_100_t500_36: 800/1000
CartPole-v1_disc-default_1000_s1_100_t500_36: 900/1000
CartPole-v1_disc-default_1000_s1_100_t500_36: 1000/1000
False -0.05 0.05 0.01
CartPole-v1_disc-default_1000_s1_100_t500_40: 100/1000
CartPole-v1_disc-default_1000_s1_100_t500_40: 200/1000
CartPole-v1_disc-default_1000_s1_100_t500_40: 300/1000
CartPole-v1_disc-default_1000_s1_100_t500_40: 400/1000
CartPole-v1_disc-default_1000_s1_100_t500_40: 500/1000
CartPole-v1_disc-default_1000_s1_100_t500_40: 600/1000
CartPole-v1_disc-default_1000_s1_100_t500_40: 700/1000
CartPole-v1_disc-default_1000_s1_100_t500_40: 800/1000
CartPole-v1_disc-default_1000_s1_100_t500_40: 900/1000
CartPole-v1_disc-default_1000_s1_100_t500_40: 1000/1000
False -0.05 0.05 0.01
CartPole-v1_disc-default_1000_s1_100_t500_54: 100/1000
CartPole-v1_disc-default_1000_s1_100_t500_54: 200/1000
CartPole-v1_disc-default_1000_s1_100_t500_54: 300/1000
CartPole-v1_disc-default_1000_s1_100_t500_54: 400/1000
CartPole-v1_disc-default_1000_s1_100_t500_54: 500/1000
CartPole-v1_disc-default_1000_s1_100_t500_54: 600/1000
CartPole-v1_disc-default_1000_s1_100_t500_54: 700/1000
CartPole-v1_disc-default_1000_s1_100_t500_54: 800/1000
CartPole-v1_disc-default_1000_s1_100_t500_54: 900/1000
CartPole-v1_disc-default_1000_s1_100_t500_54: 1000/1000
False -0.05 0.05 0.01
CartPole-v1_disc-default_1000_s1_100_t500_47: 100/1000
CartPole-v1_disc-default_1000_s1_100_t500_47: 200/1000
CartPole-v1_disc-default_1000_s1_100_t500_47: 300/1000
CartPole-v1_disc-default_1000_s1_100_t500_47: 400/1000
CartPole-v1_disc-default_1000_s1_100_t500_47: 500/1000
CartPole-v1_disc-default_1000_s1_100_t500_47: 600/1000
CartPole-v1_disc-default_1000_s1_100_t500_47: 700/1000
CartPole-v1_disc-default_1000_s1_100_t500_47: 800/1000
CartPole-v1_disc-default_1000_s1_100_t500_47: 900/1000
CartPole-v1_disc-default_1000_s1_100_t500_47: 1000/1000
False -0.05 0.05 0.01
CartPole-v1_disc-default_1000_s1_100_t500_26: 100/1000
CartPole-v1_disc-default_1000_s1_100_t500_26: 200/1000
CartPole-v1_disc-default_1000_s1_100_t500_26: 300/1000
CartPole-v1_disc-default_1000_s1_100_t500_26: 400/1000
CartPole-v1_disc-default_1000_s1_100_t500_26: 500/1000
CartPole-v1_disc-default_1000_s1_100_t500_26: 600/1000
CartPole-v1_disc-default_1000_s1_100_t500_26: 700/1000
CartPole-v1_disc-default_1000_s1_100_t500_26: 800/1000
CartPole-v1_disc-default_1000_s1_100_t500_26: 900/1000
CartPole-v1_disc-default_1000_s1_100_t500_26: 1000/1000
False -0.05 0.05 0.01
CartPole-v1_disc-default_1000_s1_100_t500_20: 100/1000
CartPole-v1_disc-default_1000_s1_100_t500_20: 200/1000
CartPole-v1_disc-default_1000_s1_100_t500_20: 300/1000
CartPole-v1_disc-default_1000_s1_100_t500_20: 400/1000
CartPole-v1_disc-default_1000_s1_100_t500_20: 500/1000
CartPole-v1_disc-default_1000_s1_100_t500_20: 600/1000
CartPole-v1_disc-default_1000_s1_100_t500_20: 700/1000
CartPole-v1_disc-default_1000_s1_100_t500_20: 800/1000
CartPole-v1_disc-default_1000_s1_100_t500_20: 900/1000
CartPole-v1_disc-default_1000_s1_100_t500_20: 1000/1000
False -0.05 0.05 0.01
CartPole-v1_disc-default_1000_s1_100_t500_46: 100/1000
CartPole-v1_disc-default_1000_s1_100_t500_46: 200/1000
CartPole-v1_disc-default_1000_s1_100_t500_46: 300/1000
CartPole-v1_disc-default_1000_s1_100_t500_46: 400/1000
CartPole-v1_disc-default_1000_s1_100_t500_46: 500/1000
CartPole-v1_disc-default_1000_s1_100_t500_46: 600/1000
CartPole-v1_disc-default_1000_s1_100_t500_46: 700/1000
CartPole-v1_disc-default_1000_s1_100_t500_46: 800/1000
CartPole-v1_disc-default_1000_s1_100_t500_46: 900/1000
CartPole-v1_disc-default_1000_s1_100_t500_46: 1000/1000
False -0.05 0.05 0.01
CartPole-v1_disc-default_1000_s1_100_t500_43: 100/1000
CartPole-v1_disc-default_1000_s1_100_t500_43: 200/1000
CartPole-v1_disc-default_1000_s1_100_t500_43: 300/1000
CartPole-v1_disc-default_1000_s1_100_t500_43: 400/1000
CartPole-v1_disc-default_1000_s1_100_t500_43: 500/1000
CartPole-v1_disc-default_1000_s1_100_t500_43: 600/1000
CartPole-v1_disc-default_1000_s1_100_t500_43: 700/1000
CartPole-v1_disc-default_1000_s1_100_t500_43: 800/1000
CartPole-v1_disc-default_1000_s1_100_t500_43: 900/1000
CartPole-v1_disc-default_1000_s1_100_t500_43: 1000/1000
False -0.05 0.05 0.01
CartPole-v1_disc-default_1000_s1_100_t500_7: 100/1000
CartPole-v1_disc-default_1000_s1_100_t500_7: 200/1000
CartPole-v1_disc-default_1000_s1_100_t500_7: 300/1000
CartPole-v1_disc-default_1000_s1_100_t500_7: 400/1000
CartPole-v1_disc-default_1000_s1_100_t500_7: 500/1000
CartPole-v1_disc-default_1000_s1_100_t500_7: 600/1000
CartPole-v1_disc-default_1000_s1_100_t500_7: 700/1000
CartPole-v1_disc-default_1000_s1_100_t500_7: 800/1000
CartPole-v1_disc-default_1000_s1_100_t500_7: 900/1000
CartPole-v1_disc-default_1000_s1_100_t500_7: 1000/1000
False -0.05 0.05 0.01
CartPole-v1_disc-default_1000_s1_100_t500_10: 100/1000
CartPole-v1_disc-default_1000_s1_100_t500_10: 200/1000
CartPole-v1_disc-default_1000_s1_100_t500_10: 300/1000
CartPole-v1_disc-default_1000_s1_100_t500_10: 400/1000
CartPole-v1_disc-default_1000_s1_100_t500_10: 500/1000
CartPole-v1_disc-default_1000_s1_100_t500_10: 600/1000
CartPole-v1_disc-default_1000_s1_100_t500_10: 700/1000
CartPole-v1_disc-default_1000_s1_100_t500_10: 800/1000
CartPole-v1_disc-default_1000_s1_100_t500_10: 900/1000
CartPole-v1_disc-default_1000_s1_100_t500_10: 1000/1000
False -0.05 0.05 0.01
CartPole-v1_disc-default_1000_s1_100_t500_32: 100/1000
CartPole-v1_disc-default_1000_s1_100_t500_32: 200/1000
CartPole-v1_disc-default_1000_s1_100_t500_32: 300/1000
CartPole-v1_disc-default_1000_s1_100_t500_32: 400/1000
CartPole-v1_disc-default_1000_s1_100_t500_32: 500/1000
CartPole-v1_disc-default_1000_s1_100_t500_32: 600/1000
CartPole-v1_disc-default_1000_s1_100_t500_32: 700/1000
CartPole-v1_disc-default_1000_s1_100_t500_32: 800/1000
CartPole-v1_disc-default_1000_s1_100_t500_32: 900/1000
CartPole-v1_disc-default_1000_s1_100_t500_32: 1000/1000
False -0.05 0.05 0.01
CartPole-v1_disc-default_1000_s1_100_t500_49: 100/1000
CartPole-v1_disc-default_1000_s1_100_t500_49: 200/1000
CartPole-v1_disc-default_1000_s1_100_t500_49: 300/1000
CartPole-v1_disc-default_1000_s1_100_t500_49: 400/1000
CartPole-v1_disc-default_1000_s1_100_t500_49: 500/1000
CartPole-v1_disc-default_1000_s1_100_t500_49: 600/1000
CartPole-v1_disc-default_1000_s1_100_t500_49: 700/1000
CartPole-v1_disc-default_1000_s1_100_t500_49: 800/1000
CartPole-v1_disc-default_1000_s1_100_t500_49: 900/1000
CartPole-v1_disc-default_1000_s1_100_t500_49: 1000/1000
False -0.05 0.05 0.01
CartPole-v1_disc-default_1000_s1_100_t500_38: 100/1000
CartPole-v1_disc-default_1000_s1_100_t500_38: 200/1000
CartPole-v1_disc-default_1000_s1_100_t500_38: 300/1000
CartPole-v1_disc-default_1000_s1_100_t500_38: 400/1000
CartPole-v1_disc-default_1000_s1_100_t500_38: 500/1000
CartPole-v1_disc-default_1000_s1_100_t500_38: 600/1000
CartPole-v1_disc-default_1000_s1_100_t500_38: 700/1000
CartPole-v1_disc-default_1000_s1_100_t500_38: 800/1000
CartPole-v1_disc-default_1000_s1_100_t500_38: 900/1000
CartPole-v1_disc-default_1000_s1_100_t500_38: 1000/1000
False -0.05 0.05 0.01
CartPole-v1_disc-default_1000_s1_100_t500_28: 100/1000
CartPole-v1_disc-default_1000_s1_100_t500_28: 200/1000
CartPole-v1_disc-default_1000_s1_100_t500_28: 300/1000
CartPole-v1_disc-default_1000_s1_100_t500_28: 400/1000
CartPole-v1_disc-default_1000_s1_100_t500_28: 500/1000
CartPole-v1_disc-default_1000_s1_100_t500_28: 600/1000
CartPole-v1_disc-default_1000_s1_100_t500_28: 700/1000
CartPole-v1_disc-default_1000_s1_100_t500_28: 800/1000
CartPole-v1_disc-default_1000_s1_100_t500_28: 900/1000
CartPole-v1_disc-default_1000_s1_100_t500_28: 1000/1000
False -0.05 0.05 0.01
CartPole-v1_disc-default_1000_s1_100_t500_42: 100/1000
CartPole-v1_disc-default_1000_s1_100_t500_42: 200/1000
CartPole-v1_disc-default_1000_s1_100_t500_42: 300/1000
CartPole-v1_disc-default_1000_s1_100_t500_42: 400/1000
CartPole-v1_disc-default_1000_s1_100_t500_42: 500/1000
CartPole-v1_disc-default_1000_s1_100_t500_42: 600/1000
CartPole-v1_disc-default_1000_s1_100_t500_42: 700/1000
CartPole-v1_disc-default_1000_s1_100_t500_42: 800/1000
CartPole-v1_disc-default_1000_s1_100_t500_42: 900/1000
CartPole-v1_disc-default_1000_s1_100_t500_42: 1000/1000
False -0.05 0.05 0.01
CartPole-v1_disc-default_1000_s1_100_t500_48: 100/1000
CartPole-v1_disc-default_1000_s1_100_t500_48: 200/1000
CartPole-v1_disc-default_1000_s1_100_t500_48: 300/1000
CartPole-v1_disc-default_1000_s1_100_t500_48: 400/1000
CartPole-v1_disc-default_1000_s1_100_t500_48: 500/1000
CartPole-v1_disc-default_1000_s1_100_t500_48: 600/1000
CartPole-v1_disc-default_1000_s1_100_t500_48: 700/1000
CartPole-v1_disc-default_1000_s1_100_t500_48: 800/1000
CartPole-v1_disc-default_1000_s1_100_t500_48: 900/1000
CartPole-v1_disc-default_1000_s1_100_t500_48: 1000/1000
False -0.05 0.05 0.01
CartPole-v1_disc-default_1000_s1_100_t500_13: 100/1000
CartPole-v1_disc-default_1000_s1_100_t500_13: 200/1000
CartPole-v1_disc-default_1000_s1_100_t500_13: 300/1000
CartPole-v1_disc-default_1000_s1_100_t500_13: 400/1000
CartPole-v1_disc-default_1000_s1_100_t500_13: 500/1000
CartPole-v1_disc-default_1000_s1_100_t500_13: 600/1000
CartPole-v1_disc-default_1000_s1_100_t500_13: 700/1000
CartPole-v1_disc-default_1000_s1_100_t500_13: 800/1000
CartPole-v1_disc-default_1000_s1_100_t500_13: 900/1000
CartPole-v1_disc-default_1000_s1_100_t500_13: 1000/1000
False -0.05 0.05 0.01
CartPole-v1_disc-default_1000_s1_100_t500_51: 100/1000
CartPole-v1_disc-default_1000_s1_100_t500_51: 200/1000
CartPole-v1_disc-default_1000_s1_100_t500_51: 300/1000
CartPole-v1_disc-default_1000_s1_100_t500_51: 400/1000
CartPole-v1_disc-default_1000_s1_100_t500_51: 500/1000
CartPole-v1_disc-default_1000_s1_100_t500_51: 600/1000
CartPole-v1_disc-default_1000_s1_100_t500_51: 700/1000
CartPole-v1_disc-default_1000_s1_100_t500_51: 800/1000
CartPole-v1_disc-default_1000_s1_100_t500_51: 900/1000
CartPole-v1_disc-default_1000_s1_100_t500_51: 1000/1000
False -0.05 0.05 0.01
CartPole-v1_disc-default_1000_s1_100_t500_25: 100/1000
CartPole-v1_disc-default_1000_s1_100_t500_25: 200/1000
CartPole-v1_disc-default_1000_s1_100_t500_25: 300/1000
CartPole-v1_disc-default_1000_s1_100_t500_25: 400/1000
CartPole-v1_disc-default_1000_s1_100_t500_25: 500/1000
CartPole-v1_disc-default_1000_s1_100_t500_25: 600/1000
CartPole-v1_disc-default_1000_s1_100_t500_25: 700/1000
CartPole-v1_disc-default_1000_s1_100_t500_25: 800/1000
CartPole-v1_disc-default_1000_s1_100_t500_25: 900/1000
CartPole-v1_disc-default_1000_s1_100_t500_25: 1000/1000
False -0.05 0.05 0.01
CartPole-v1_disc-default_1000_s1_100_t500_50: 100/1000
CartPole-v1_disc-default_1000_s1_100_t500_50: 200/1000
CartPole-v1_disc-default_1000_s1_100_t500_50: 300/1000
CartPole-v1_disc-default_1000_s1_100_t500_50: 400/1000
CartPole-v1_disc-default_1000_s1_100_t500_50: 500/1000
CartPole-v1_disc-default_1000_s1_100_t500_50: 600/1000
CartPole-v1_disc-default_1000_s1_100_t500_50: 700/1000
CartPole-v1_disc-default_1000_s1_100_t500_50: 800/1000
CartPole-v1_disc-default_1000_s1_100_t500_50: 900/1000
CartPole-v1_disc-default_1000_s1_100_t500_50: 1000/1000
False -0.05 0.05 0.01
CartPole-v1_disc-default_1000_s1_100_t500_17: 100/1000
CartPole-v1_disc-default_1000_s1_100_t500_17: 200/1000
CartPole-v1_disc-default_1000_s1_100_t500_17: 300/1000
CartPole-v1_disc-default_1000_s1_100_t500_17: 400/1000
CartPole-v1_disc-default_1000_s1_100_t500_17: 500/1000
CartPole-v1_disc-default_1000_s1_100_t500_17: 600/1000
CartPole-v1_disc-default_1000_s1_100_t500_17: 700/1000
CartPole-v1_disc-default_1000_s1_100_t500_17: 800/1000
CartPole-v1_disc-default_1000_s1_100_t500_17: 900/1000
CartPole-v1_disc-default_1000_s1_100_t500_17: 1000/1000
False -0.05 0.05 0.01
CartPole-v1_disc-default_1000_s1_100_t500_21: 100/1000
CartPole-v1_disc-default_1000_s1_100_t500_21: 200/1000
CartPole-v1_disc-default_1000_s1_100_t500_21: 300/1000
CartPole-v1_disc-default_1000_s1_100_t500_21: 400/1000
CartPole-v1_disc-default_1000_s1_100_t500_21: 500/1000
CartPole-v1_disc-default_1000_s1_100_t500_21: 600/1000
CartPole-v1_disc-default_1000_s1_100_t500_21: 700/1000
CartPole-v1_disc-default_1000_s1_100_t500_21: 800/1000
CartPole-v1_disc-default_1000_s1_100_t500_21: 900/1000
CartPole-v1_disc-default_1000_s1_100_t500_21: 1000/1000
False -0.05 0.05 0.01
CartPole-v1_disc-default_1000_s1_100_t500_4: 100/1000
CartPole-v1_disc-default_1000_s1_100_t500_4: 200/1000
CartPole-v1_disc-default_1000_s1_100_t500_4: 300/1000
CartPole-v1_disc-default_1000_s1_100_t500_4: 400/1000
CartPole-v1_disc-default_1000_s1_100_t500_4: 500/1000
CartPole-v1_disc-default_1000_s1_100_t500_4: 600/1000
CartPole-v1_disc-default_1000_s1_100_t500_4: 700/1000
CartPole-v1_disc-default_1000_s1_100_t500_4: 800/1000
CartPole-v1_disc-default_1000_s1_100_t500_4: 900/1000
CartPole-v1_disc-default_1000_s1_100_t500_4: 1000/1000
False -0.05 0.05 0.01
CartPole-v1_disc-default_1000_s1_100_t500_58: 100/1000
CartPole-v1_disc-default_1000_s1_100_t500_58: 200/1000
CartPole-v1_disc-default_1000_s1_100_t500_58: 300/1000
CartPole-v1_disc-default_1000_s1_100_t500_58: 400/1000
CartPole-v1_disc-default_1000_s1_100_t500_58: 500/1000
CartPole-v1_disc-default_1000_s1_100_t500_58: 600/1000
CartPole-v1_disc-default_1000_s1_100_t500_58: 700/1000
CartPole-v1_disc-default_1000_s1_100_t500_58: 800/1000
CartPole-v1_disc-default_1000_s1_100_t500_58: 900/1000
CartPole-v1_disc-default_1000_s1_100_t500_58: 1000/1000
False -0.05 0.05 0.01
CartPole-v1_disc-default_1000_s1_100_t500_23: 100/1000
CartPole-v1_disc-default_1000_s1_100_t500_23: 200/1000
CartPole-v1_disc-default_1000_s1_100_t500_23: 300/1000
CartPole-v1_disc-default_1000_s1_100_t500_23: 400/1000
CartPole-v1_disc-default_1000_s1_100_t500_23: 500/1000
CartPole-v1_disc-default_1000_s1_100_t500_23: 600/1000
CartPole-v1_disc-default_1000_s1_100_t500_23: 700/1000
CartPole-v1_disc-default_1000_s1_100_t500_23: 800/1000
CartPole-v1_disc-default_1000_s1_100_t500_23: 900/1000
CartPole-v1_disc-default_1000_s1_100_t500_23: 1000/1000
False -0.05 0.05 0.01
CartPole-v1_disc-default_1000_s1_100_t500_16: 100/1000
CartPole-v1_disc-default_1000_s1_100_t500_16: 200/1000
CartPole-v1_disc-default_1000_s1_100_t500_16: 300/1000
CartPole-v1_disc-default_1000_s1_100_t500_16: 400/1000
CartPole-v1_disc-default_1000_s1_100_t500_16: 500/1000
CartPole-v1_disc-default_1000_s1_100_t500_16: 600/1000
CartPole-v1_disc-default_1000_s1_100_t500_16: 700/1000
CartPole-v1_disc-default_1000_s1_100_t500_16: 800/1000
CartPole-v1_disc-default_1000_s1_100_t500_16: 900/1000
CartPole-v1_disc-default_1000_s1_100_t500_16: 1000/1000
False -0.05 0.05 0.01
CartPole-v1_disc-default_1000_s1_100_t500_33: 100/1000
CartPole-v1_disc-default_1000_s1_100_t500_33: 200/1000
CartPole-v1_disc-default_1000_s1_100_t500_33: 300/1000
CartPole-v1_disc-default_1000_s1_100_t500_33: 400/1000
CartPole-v1_disc-default_1000_s1_100_t500_33: 500/1000
CartPole-v1_disc-default_1000_s1_100_t500_33: 600/1000
CartPole-v1_disc-default_1000_s1_100_t500_33: 700/1000
CartPole-v1_disc-default_1000_s1_100_t500_33: 800/1000
CartPole-v1_disc-default_1000_s1_100_t500_33: 900/1000
CartPole-v1_disc-default_1000_s1_100_t500_33: 1000/1000
False -0.05 0.05 0.01
CartPole-v1_disc-default_1000_s1_100_t500_2: 100/1000
CartPole-v1_disc-default_1000_s1_100_t500_2: 200/1000
CartPole-v1_disc-default_1000_s1_100_t500_2: 300/1000
CartPole-v1_disc-default_1000_s1_100_t500_2: 400/1000
CartPole-v1_disc-default_1000_s1_100_t500_2: 500/1000
CartPole-v1_disc-default_1000_s1_100_t500_2: 600/1000
CartPole-v1_disc-default_1000_s1_100_t500_2: 700/1000
CartPole-v1_disc-default_1000_s1_100_t500_2: 800/1000
CartPole-v1_disc-default_1000_s1_100_t500_2: 900/1000
CartPole-v1_disc-default_1000_s1_100_t500_2: 1000/1000
False -0.05 0.05 0.01
CartPole-v1_disc-default_1000_s1_100_t500_30: 100/1000
CartPole-v1_disc-default_1000_s1_100_t500_30: 200/1000
CartPole-v1_disc-default_1000_s1_100_t500_30: 300/1000
CartPole-v1_disc-default_1000_s1_100_t500_30: 400/1000
CartPole-v1_disc-default_1000_s1_100_t500_30: 500/1000
CartPole-v1_disc-default_1000_s1_100_t500_30: 600/1000
CartPole-v1_disc-default_1000_s1_100_t500_30: 700/1000
CartPole-v1_disc-default_1000_s1_100_t500_30: 800/1000
CartPole-v1_disc-default_1000_s1_100_t500_30: 900/1000
CartPole-v1_disc-default_1000_s1_100_t500_30: 1000/1000
False -0.05 0.05 0.01
CartPole-v1_disc-default_1000_s1_100_t500_9: 100/1000
CartPole-v1_disc-default_1000_s1_100_t500_9: 200/1000
CartPole-v1_disc-default_1000_s1_100_t500_9: 300/1000
CartPole-v1_disc-default_1000_s1_100_t500_9: 400/1000
CartPole-v1_disc-default_1000_s1_100_t500_9: 500/1000
CartPole-v1_disc-default_1000_s1_100_t500_9: 600/1000
CartPole-v1_disc-default_1000_s1_100_t500_9: 700/1000
CartPole-v1_disc-default_1000_s1_100_t500_9: 800/1000
CartPole-v1_disc-default_1000_s1_100_t500_9: 900/1000
CartPole-v1_disc-default_1000_s1_100_t500_9: 1000/1000
False -0.05 0.05 0.01
CartPole-v1_disc-default_1000_s1_100_t500_39: 100/1000
CartPole-v1_disc-default_1000_s1_100_t500_39: 200/1000
CartPole-v1_disc-default_1000_s1_100_t500_39: 300/1000
CartPole-v1_disc-default_1000_s1_100_t500_39: 400/1000
CartPole-v1_disc-default_1000_s1_100_t500_39: 500/1000
CartPole-v1_disc-default_1000_s1_100_t500_39: 600/1000
CartPole-v1_disc-default_1000_s1_100_t500_39: 700/1000
CartPole-v1_disc-default_1000_s1_100_t500_39: 800/1000
CartPole-v1_disc-default_1000_s1_100_t500_39: 900/1000
CartPole-v1_disc-default_1000_s1_100_t500_39: 1000/1000
False -0.05 0.05 0.01
CartPole-v1_disc-default_1000_s1_100_t500_8: 100/1000
CartPole-v1_disc-default_1000_s1_100_t500_8: 200/1000
CartPole-v1_disc-default_1000_s1_100_t500_8: 300/1000
CartPole-v1_disc-default_1000_s1_100_t500_8: 400/1000
CartPole-v1_disc-default_1000_s1_100_t500_8: 500/1000
CartPole-v1_disc-default_1000_s1_100_t500_8: 600/1000
CartPole-v1_disc-default_1000_s1_100_t500_8: 700/1000
CartPole-v1_disc-default_1000_s1_100_t500_8: 800/1000
CartPole-v1_disc-default_1000_s1_100_t500_8: 900/1000
CartPole-v1_disc-default_1000_s1_100_t500_8: 1000/1000
